#
# There is insufficient memory for the Java Runtime Environment to continue.
# Native memory allocation (mmap) failed to map 325058560 bytes for G1 virtual space
# Possible reasons:
#   The system is out of physical RAM or swap space
#   The process is running with CompressedOops enabled, and the Java Heap may be blocking the growth of the native heap
# Possible solutions:
#   Reduce memory load on the system
#   Increase physical memory or swap space
#   Check if swap backing store is full
#   Decrease Java heap size (-Xmx/-Xms)
#   Decrease number of Java threads
#   Decrease Java thread stack sizes (-Xss)
#   Set larger code cache with -XX:ReservedCodeCacheSize=
#   JVM is running with Unscaled Compressed Oops mode in which the Java heap is
#     placed in the first 4GB address space. The Java Heap base address is the
#     maximum limit for the native heap growth. Please use -XX:HeapBaseMinAddress
#     to set the Java Heap base and to place the Java Heap above 4GB virtual address.
# This output file may be truncated or incomplete.
#
#  Out of Memory Error (os_windows.cpp:3769), pid=1464, tid=2676
#
# JRE version: OpenJDK Runtime Environment (17.0.6) (build 17.0.6+0-b2043.56-10027231)
# Java VM: OpenJDK 64-Bit Server VM (17.0.6+0-b2043.56-10027231, mixed mode, tiered, compressed oops, compressed class ptrs, g1 gc, windows-amd64)
# No core dump will be written. Minidumps are not enabled by default on client versions of Windows
#

---------------  S U M M A R Y ------------

Command Line: --add-opens=java.base/java.util=ALL-UNNAMED --add-opens=java.base/java.lang=ALL-UNNAMED --add-opens=java.base/java.lang.invoke=ALL-UNNAMED --add-opens=java.prefs/java.util.prefs=ALL-UNNAMED --add-opens=java.base/java.nio.charset=ALL-UNNAMED --add-opens=java.base/java.net=ALL-UNNAMED --add-opens=java.base/java.util.concurrent.atomic=ALL-UNNAMED -Xmx2048m -Dfile.encoding=UTF-8 -Duser.country=US -Duser.language=en -Duser.variant -javaagent:C:\Program Files\Android\Android Studio\jbr\wrapper\dists\gradle-8.1.1-all\bs1rrjki8hh9bujwbsqnxtuzr\gradle-8.1.1\lib\agents\gradle-instrumentation-agent-8.1.1.jar org.gradle.launcher.daemon.bootstrap.GradleDaemon 8.1.1

Host: Intel(R) Celeron(R) N4020 CPU @ 1.10GHz, 2 cores, 3G,  Windows 11 , 64 bit Build 22621 (10.0.22621.5124)
Time: Sat Apr 26 23:46:15 2025 SE Asia Standard Time elapsed time: 1686.598008 seconds (0d 0h 28m 6s)

---------------  T H R E A D  ---------------

Current thread (0x000000001c126a20):  VMThread "VM Thread" [stack: 0x000000001c180000,0x000000001c280000] [id=2676]

Stack: [0x000000001c180000,0x000000001c280000]
Native frames: (J=compiled Java code, j=interpreted, Vv=VM code, C=native code)
V  [jvm.dll+0x683c9a]
V  [jvm.dll+0x8427a4]
V  [jvm.dll+0x843f9e]
V  [jvm.dll+0x844603]
V  [jvm.dll+0x249b75]
V  [jvm.dll+0x680b69]
V  [jvm.dll+0x67505a]
V  [jvm.dll+0x309acb]
V  [jvm.dll+0x310f86]
V  [jvm.dll+0x3608ee]
V  [jvm.dll+0x360b1f]
V  [jvm.dll+0x2dfbf8]
V  [jvm.dll+0x2ddec4]
V  [jvm.dll+0x2dd4cc]
V  [jvm.dll+0x321f3b]
V  [jvm.dll+0x848ccb]
V  [jvm.dll+0x849a04]
V  [jvm.dll+0x849f1d]
V  [jvm.dll+0x84a2f4]
V  [jvm.dll+0x84a3c0]
V  [jvm.dll+0x7f274a]
V  [jvm.dll+0x682ad5]
C  [ucrtbase.dll+0x29333]
C  [KERNEL32.DLL+0x1259d]
C  [ntdll.dll+0x5af38]

VM_Operation (0x0000000026ff92a0): G1CollectForAllocation, mode: safepoint, requested by thread 0x000000001ef566e0


---------------  P R O C E S S  ---------------

Threads class SMR info:
_java_thread_list=0x00000000290cf630, length=51, elements={
0x0000000002aaa3f0, 0x000000001c14a420, 0x000000001c14d520, 0x000000001c1363a0,
0x000000001c16f000, 0x000000001c171070, 0x000000001c171930, 0x000000001c172e60,
0x000000001c173900, 0x000000001c17be00, 0x000000001c0b6020, 0x000000001d03a1a0,
0x000000001ea4c040, 0x000000001ea04ed0, 0x00000000200008e0, 0x000000001f0a0060,
0x000000001f0a26e0, 0x000000001f0a2bb0, 0x000000001f0a1d40, 0x000000001f0a3080,
0x000000001f0a13a0, 0x0000000020654060, 0x0000000020654530, 0x0000000020657550,
0x00000000206566e0, 0x000000001e636550, 0x00000000237ffbf0, 0x00000000237fbd60,
0x00000000237fc230, 0x00000000237faef0, 0x00000000237fdf10, 0x0000000023800f30,
0x00000000237fe8b0, 0x00000000237fed80, 0x00000000237f9bb0, 0x00000000237fd0a0,
0x00000000237ff250, 0x00000000237fa080, 0x00000000237fc700, 0x00000000238000c0,
0x000000001ef51eb0, 0x000000001ef56210, 0x000000001ef52d20, 0x000000001ef54530,
0x000000001ef553a0, 0x000000001ef54ed0, 0x000000001ef566e0, 0x000000001ef51040,
0x000000001ef55870, 0x000000001ef57080, 0x000000001ef506a0
}

Java Threads: ( => current thread )
  0x0000000002aaa3f0 JavaThread "main" [_thread_blocked, id=10476, stack(0x0000000002160000,0x0000000002260000)]
  0x000000001c14a420 JavaThread "Reference Handler" daemon [_thread_blocked, id=8252, stack(0x000000001c280000,0x000000001c380000)]
  0x000000001c14d520 JavaThread "Finalizer" daemon [_thread_blocked, id=9276, stack(0x000000001cc00000,0x000000001cd00000)]
  0x000000001c1363a0 JavaThread "Signal Dispatcher" daemon [_thread_blocked, id=10116, stack(0x000000001d210000,0x000000001d310000)]
  0x000000001c16f000 JavaThread "Attach Listener" daemon [_thread_blocked, id=2564, stack(0x000000001d310000,0x000000001d410000)]
  0x000000001c171070 JavaThread "Service Thread" daemon [_thread_blocked, id=10304, stack(0x000000001d410000,0x000000001d510000)]
  0x000000001c171930 JavaThread "Monitor Deflation Thread" daemon [_thread_blocked, id=10768, stack(0x000000001d510000,0x000000001d610000)]
  0x000000001c172e60 JavaThread "C2 CompilerThread0" daemon [_thread_blocked, id=5696, stack(0x000000001d610000,0x000000001d710000)]
  0x000000001c173900 JavaThread "C1 CompilerThread0" daemon [_thread_blocked, id=3536, stack(0x000000001d710000,0x000000001d810000)]
  0x000000001c17be00 JavaThread "Sweeper thread" daemon [_thread_blocked, id=5528, stack(0x000000001d810000,0x000000001d910000)]
  0x000000001c0b6020 JavaThread "Common-Cleaner" daemon [_thread_blocked, id=10448, stack(0x000000001d910000,0x000000001da10000)]
  0x000000001d03a1a0 JavaThread "Notification Thread" daemon [_thread_blocked, id=3732, stack(0x000000001da10000,0x000000001db10000)]
  0x000000001ea4c040 JavaThread "Daemon health stats" [_thread_blocked, id=8372, stack(0x000000001f4e0000,0x000000001f5e0000)]
  0x000000001ea04ed0 JavaThread "Incoming local TCP Connector on port 52075" [_thread_in_native, id=5772, stack(0x000000001f5e0000,0x000000001f6e0000)]
  0x00000000200008e0 JavaThread "Daemon periodic checks" [_thread_blocked, id=6808, stack(0x000000001f6e0000,0x000000001f7e0000)]
  0x000000001f0a0060 JavaThread "Cache worker for journal cache (C:\Program Files\Android\Android Studio\jbr\caches\journal-1)" [_thread_blocked, id=11016, stack(0x00000000227c0000,0x00000000228c0000)]
  0x000000001f0a26e0 JavaThread "File lock request listener" [_thread_in_native, id=760, stack(0x00000000228c0000,0x00000000229c0000)]
  0x000000001f0a2bb0 JavaThread "Cache worker for file hash cache (C:\Program Files\Android\Android Studio\jbr\caches\8.1.1\fileHashes)" [_thread_blocked, id=8408, stack(0x0000000022500000,0x0000000022600000)]
  0x000000001f0a1d40 JavaThread "File watcher server" daemon [_thread_blocked, id=8704, stack(0x0000000022600000,0x0000000022700000)]
  0x000000001f0a3080 JavaThread "File watcher consumer" daemon [_thread_blocked, id=8564, stack(0x0000000023990000,0x0000000023a90000)]
  0x000000001f0a13a0 JavaThread "Cache worker for file content cache (C:\Program Files\Android\Android Studio\jbr\caches\8.1.1\fileContent)" [_thread_blocked, id=2164, stack(0x0000000024500000,0x0000000024600000)]
  0x0000000020654060 JavaThread "Cache worker for execution history cache (C:\Program Files\Android\Android Studio\jbr\caches\8.1.1\executionHistory)" [_thread_blocked, id=4548, stack(0x0000000024800000,0x0000000024900000)]
  0x0000000020654530 JavaThread "jar transforms" [_thread_blocked, id=9340, stack(0x0000000024900000,0x0000000024a00000)]
  0x0000000020657550 JavaThread "jar transforms Thread 2" [_thread_blocked, id=9164, stack(0x0000000024a00000,0x0000000024b00000)]
  0x00000000206566e0 JavaThread "Cache worker for kotlin-dsl (C:\Program Files\Android\Android Studio\jbr\caches\8.1.1\kotlin-dsl)" [_thread_blocked, id=572, stack(0x0000000024b00000,0x0000000024c00000)]
  0x000000001e636550 JavaThread "Memory manager" [_thread_blocked, id=2112, stack(0x0000000027800000,0x0000000027900000)]
  0x00000000237ffbf0 JavaThread "RMI Scheduler(0)" daemon [_thread_blocked, id=11184, stack(0x000000002ce00000,0x000000002cf00000)]
  0x00000000237fbd60 JavaThread "RMI GC Daemon" daemon [_thread_blocked, id=7548, stack(0x000000002d000000,0x000000002d100000)]
  0x00000000237fc230 JavaThread "RMI TCP Accept-0" daemon [_thread_in_native, id=9952, stack(0x000000002d200000,0x000000002d300000)]
  0x00000000237faef0 JavaThread "RMI Reaper" [_thread_blocked, id=8716, stack(0x000000002d300000,0x000000002d400000)]
  0x00000000237fdf10 JavaThread "Cache worker for Java compile cache (C:\Program Files\Android\Android Studio\jbr\caches\8.1.1\javaCompile)" [_thread_blocked, id=1216, stack(0x00000000006e0000,0x00000000007e0000)]
  0x0000000023800f30 JavaThread "Daemon Thread 4" [_thread_blocked, id=3740, stack(0x00000000007e0000,0x00000000008e0000)]
  0x00000000237fe8b0 JavaThread "Handler for socket connection from /127.0.0.1:52075 to /127.0.0.1:52445" [_thread_in_native, id=8108, stack(0x0000000021460000,0x0000000021560000)]
  0x00000000237fed80 JavaThread "Cancel handler" [_thread_blocked, id=3156, stack(0x0000000021560000,0x0000000021660000)]
  0x00000000237f9bb0 JavaThread "Daemon worker Thread 4" [_thread_blocked, id=2304, stack(0x0000000021660000,0x0000000021760000)]
  0x00000000237fd0a0 JavaThread "Asynchronous log dispatcher for DefaultDaemonConnection: socket connection from /127.0.0.1:52075 to /127.0.0.1:52445" [_thread_blocked, id=8352, stack(0x0000000022000000,0x0000000022100000)]
  0x00000000237ff250 JavaThread "Stdin handler" [_thread_blocked, id=1928, stack(0x0000000022200000,0x0000000022300000)]
  0x00000000237fa080 JavaThread "Daemon client event forwarder" [_thread_blocked, id=10700, stack(0x0000000022300000,0x0000000022400000)]
  0x00000000237fc700 JavaThread "Cache worker for checksums cache (C:\Users\Admin\AndroidStudioProjects\kurirkilat\.gradle\8.1.1\checksums)" [_thread_blocked, id=6128, stack(0x0000000022400000,0x0000000022500000)]
  0x00000000238000c0 JavaThread "Cache worker for cache directory md-rule (C:\Program Files\Android\Android Studio\jbr\caches\8.1.1\md-rule)" [_thread_blocked, id=5712, stack(0x0000000023a90000,0x0000000023b90000)]
  0x000000001ef51eb0 JavaThread "Cache worker for file hash cache (C:\Users\Admin\AndroidStudioProjects\kurirkilat\.gradle\8.1.1\fileHashes)" [_thread_blocked, id=8592, stack(0x0000000024400000,0x0000000024500000)]
  0x000000001ef56210 JavaThread "Cache worker for cache directory md-supplier (C:\Program Files\Android\Android Studio\jbr\caches\8.1.1\md-supplier)" [_thread_blocked, id=2316, stack(0x0000000024600000,0x0000000024700000)]
  0x000000001ef52d20 JavaThread "Cache worker for dependencies-accessors (C:\Users\Admin\AndroidStudioProjects\kurirkilat\.gradle\8.1.1\dependencies-accessors)" [_thread_blocked, id=7644, stack(0x0000000024700000,0x0000000024800000)]
  0x000000001ef54530 JavaThread "Cache worker for Build Output Cleanup Cache (C:\Users\Admin\AndroidStudioProjects\kurirkilat\.gradle\buildOutputCleanup)" [_thread_blocked, id=10548, stack(0x0000000026c00000,0x0000000026d00000)]
  0x000000001ef553a0 JavaThread "Unconstrained build operations" [_thread_blocked, id=6272, stack(0x0000000026d00000,0x0000000026e00000)]
  0x000000001ef54ed0 JavaThread "build event listener" [_thread_blocked, id=8440, stack(0x0000000026e00000,0x0000000026f00000)]
  0x000000001ef566e0 JavaThread "included builds" [_thread_blocked, id=7696, stack(0x0000000026f00000,0x0000000027000000)]
  0x000000001ef51040 JavaThread "Execution worker" [_thread_blocked, id=9856, stack(0x0000000027900000,0x0000000027a00000)]
  0x000000001ef55870 JavaThread "Cache worker for execution history cache (C:\Users\Admin\AndroidStudioProjects\kurirkilat\.gradle\8.1.1\executionHistory)" [_thread_blocked, id=1168, stack(0x000000002b5d0000,0x000000002b6d0000)]
  0x000000001ef57080 JavaThread "Unconstrained build operations Thread 2" [_thread_blocked, id=10052, stack(0x0000000027a00000,0x0000000027b00000)]
  0x000000001ef506a0 JavaThread "Unconstrained build operations Thread 3" [_thread_blocked, id=5960, stack(0x0000000027b00000,0x0000000027c00000)]

Other Threads:
=>0x000000001c126a20 VMThread "VM Thread" [stack: 0x000000001c180000,0x000000001c280000] [id=2676]
  0x000000001d14ad00 WatcherThread [stack: 0x000000001db10000,0x000000001dc10000] [id=9996]
  0x0000000002b06260 GCTaskThread "GC Thread#0" [stack: 0x0000000002670000,0x0000000002770000] [id=9396]
  0x000000001d03a670 GCTaskThread "GC Thread#1" [stack: 0x000000001e410000,0x000000001e510000] [id=10920]
  0x0000000002b17940 ConcurrentGCThread "G1 Main Marker" [stack: 0x0000000002770000,0x0000000002870000] [id=10884]
  0x0000000002b18350 ConcurrentGCThread "G1 Conc#0" [stack: 0x0000000002870000,0x0000000002970000] [id=10000]
  0x0000000002b4e4b0 ConcurrentGCThread "G1 Refine#0" [stack: 0x000000001bd80000,0x000000001be80000] [id=1684]
  0x0000000002b4eed0 ConcurrentGCThread "G1 Service" [stack: 0x000000001be80000,0x000000001bf80000] [id=9792]

Threads with active compile tasks:
C2 CompilerThread0  1686679 20994       4       com.google.gson.stream.JsonReader::nextQuotedValue (271 bytes)

VM state: at safepoint (normal execution)

VM Mutex/Monitor currently owned by a thread:  ([mutex/lock_event])
[0x0000000002aa4ff0] Threads_lock - owner thread: 0x000000001c126a20
[0x0000000002aa6820] Heap_lock - owner thread: 0x000000001ef566e0

Heap address: 0x0000000080000000, size: 2048 MB, Compressed Oops mode: 32-bit

CDS archive(s) not mapped
Compressed class space mapped at: 0x0000000100000000-0x0000000140000000, reserved size: 1073741824
Narrow klass base: 0x0000000000000000, Narrow klass shift: 3, Narrow klass range: 0x140000000

GC Precious Log:
 CPUs: 2 total, 2 available
 Memory: 3737M
 Large Page Support: Disabled
 NUMA Support: Disabled
 Compressed Oops: Enabled (32-bit)
 Heap Region Size: 1M
 Heap Min Capacity: 8M
 Heap Initial Capacity: 60M
 Heap Max Capacity: 2G
 Pre-touch: Disabled
 Parallel Workers: 2
 Concurrent Workers: 1
 Concurrent Refinement Workers: 2
 Periodic GC: Disabled

Heap:
 garbage-first heap   total 317440K, used 194560K [0x0000000080000000, 0x0000000100000000)
  region size 1024K, 5 young (5120K), 5 survivors (5120K)
 Metaspace       used 130442K, committed 131520K, reserved 1163264K
  class space    used 17762K, committed 18304K, reserved 1048576K

Heap Regions: E=young(eden), S=young(survivor), O=old, HS=humongous(starts), HC=humongous(continues), CS=collection set, F=free, OA=open archive, CA=closed archive, TAMS=top-at-mark-start (previous, next)
|   0|0x0000000080000000, 0x0000000080100000, 0x0000000080100000|100%| O|  |TAMS 0x0000000080100000, 0x0000000080000000| Untracked 
|   1|0x0000000080100000, 0x0000000080200000, 0x0000000080200000|100%| O|  |TAMS 0x0000000080200000, 0x0000000080100000| Untracked 
|   2|0x0000000080200000, 0x0000000080300000, 0x0000000080300000|100%|HS|  |TAMS 0x0000000080300000, 0x0000000080200000| Complete 
|   3|0x0000000080300000, 0x0000000080400000, 0x0000000080400000|100%|HC|  |TAMS 0x0000000080400000, 0x0000000080300000| Complete 
|   4|0x0000000080400000, 0x0000000080500000, 0x0000000080500000|100%|HC|  |TAMS 0x0000000080500000, 0x0000000080400000| Complete 
|   5|0x0000000080500000, 0x0000000080600000, 0x0000000080600000|100%|HC|  |TAMS 0x0000000080600000, 0x0000000080500000| Complete 
|   6|0x0000000080600000, 0x0000000080700000, 0x0000000080700000|100%| O|  |TAMS 0x0000000080700000, 0x0000000080600000| Untracked 
|   7|0x0000000080700000, 0x0000000080800000, 0x0000000080800000|100%| O|  |TAMS 0x0000000080800000, 0x0000000080700000| Untracked 
|   8|0x0000000080800000, 0x0000000080900000, 0x0000000080900000|100%| O|  |TAMS 0x0000000080900000, 0x0000000080800000| Untracked 
|   9|0x0000000080900000, 0x0000000080a00000, 0x0000000080a00000|100%| O|  |TAMS 0x0000000080a00000, 0x0000000080900000| Untracked 
|  10|0x0000000080a00000, 0x0000000080b00000, 0x0000000080b00000|100%| O|  |TAMS 0x0000000080b00000, 0x0000000080a00000| Untracked 
|  11|0x0000000080b00000, 0x0000000080c00000, 0x0000000080c00000|100%| O|  |TAMS 0x0000000080c00000, 0x0000000080b00000| Untracked 
|  12|0x0000000080c00000, 0x0000000080d00000, 0x0000000080d00000|100%| O|  |TAMS 0x0000000080d00000, 0x0000000080c00000| Untracked 
|  13|0x0000000080d00000, 0x0000000080e00000, 0x0000000080e00000|100%| O|  |TAMS 0x0000000080e00000, 0x0000000080d00000| Untracked 
|  14|0x0000000080e00000, 0x0000000080f00000, 0x0000000080f00000|100%| O|  |TAMS 0x0000000080f00000, 0x0000000080e00000| Untracked 
|  15|0x0000000080f00000, 0x0000000081000000, 0x0000000081000000|100%| O|  |TAMS 0x0000000081000000, 0x0000000080f00000| Untracked 
|  16|0x0000000081000000, 0x0000000081100000, 0x0000000081100000|100%| O|  |TAMS 0x0000000081100000, 0x0000000081000000| Untracked 
|  17|0x0000000081100000, 0x0000000081200000, 0x0000000081200000|100%| O|  |TAMS 0x0000000081200000, 0x0000000081100000| Untracked 
|  18|0x0000000081200000, 0x0000000081300000, 0x0000000081300000|100%| O|  |TAMS 0x0000000081300000, 0x0000000081200000| Untracked 
|  19|0x0000000081300000, 0x0000000081400000, 0x0000000081400000|100%| O|  |TAMS 0x0000000081400000, 0x0000000081300000| Untracked 
|  20|0x0000000081400000, 0x0000000081500000, 0x0000000081500000|100%| O|  |TAMS 0x0000000081500000, 0x0000000081400000| Untracked 
|  21|0x0000000081500000, 0x0000000081600000, 0x0000000081600000|100%| O|  |TAMS 0x0000000081600000, 0x0000000081500000| Untracked 
|  22|0x0000000081600000, 0x0000000081700000, 0x0000000081700000|100%| O|  |TAMS 0x0000000081700000, 0x0000000081600000| Untracked 
|  23|0x0000000081700000, 0x0000000081800000, 0x0000000081800000|100%| O|  |TAMS 0x0000000081800000, 0x0000000081700000| Untracked 
|  24|0x0000000081800000, 0x0000000081900000, 0x0000000081900000|100%| O|  |TAMS 0x0000000081900000, 0x0000000081800000| Untracked 
|  25|0x0000000081900000, 0x0000000081a00000, 0x0000000081a00000|100%| O|  |TAMS 0x0000000081a00000, 0x0000000081900000| Untracked 
|  26|0x0000000081a00000, 0x0000000081b00000, 0x0000000081b00000|100%| O|  |TAMS 0x0000000081b00000, 0x0000000081a00000| Untracked 
|  27|0x0000000081b00000, 0x0000000081c00000, 0x0000000081c00000|100%| O|  |TAMS 0x0000000081c00000, 0x0000000081b00000| Untracked 
|  28|0x0000000081c00000, 0x0000000081d00000, 0x0000000081d00000|100%| O|  |TAMS 0x0000000081d00000, 0x0000000081c00000| Untracked 
|  29|0x0000000081d00000, 0x0000000081e00000, 0x0000000081e00000|100%| O|  |TAMS 0x0000000081e00000, 0x0000000081d00000| Untracked 
|  30|0x0000000081e00000, 0x0000000081f00000, 0x0000000081f00000|100%| O|  |TAMS 0x0000000081f00000, 0x0000000081e00000| Untracked 
|  31|0x0000000081f00000, 0x0000000082000000, 0x0000000082000000|100%| O|  |TAMS 0x0000000082000000, 0x0000000081f00000| Untracked 
|  32|0x0000000082000000, 0x0000000082100000, 0x0000000082100000|100%|HS|  |TAMS 0x0000000082100000, 0x0000000082000000| Complete 
|  33|0x0000000082100000, 0x0000000082200000, 0x0000000082200000|100%|HS|  |TAMS 0x0000000082200000, 0x0000000082100000| Complete 
|  34|0x0000000082200000, 0x0000000082300000, 0x0000000082300000|100%| O|  |TAMS 0x0000000082300000, 0x0000000082200000| Untracked 
|  35|0x0000000082300000, 0x0000000082400000, 0x0000000082400000|100%| O|  |TAMS 0x0000000082400000, 0x0000000082300000| Untracked 
|  36|0x0000000082400000, 0x0000000082500000, 0x0000000082500000|100%| O|  |TAMS 0x0000000082500000, 0x0000000082400000| Untracked 
|  37|0x0000000082500000, 0x0000000082600000, 0x0000000082600000|100%| O|  |TAMS 0x0000000082600000, 0x0000000082500000| Untracked 
|  38|0x0000000082600000, 0x0000000082700000, 0x0000000082700000|100%|HS|  |TAMS 0x0000000082700000, 0x0000000082600000| Complete 
|  39|0x0000000082700000, 0x0000000082800000, 0x0000000082800000|100%|HS|  |TAMS 0x0000000082800000, 0x0000000082700000| Complete 
|  40|0x0000000082800000, 0x0000000082900000, 0x0000000082900000|100%|HC|  |TAMS 0x0000000082900000, 0x0000000082800000| Complete 
|  41|0x0000000082900000, 0x0000000082a00000, 0x0000000082a00000|100%| O|  |TAMS 0x0000000082a00000, 0x0000000082900000| Untracked 
|  42|0x0000000082a00000, 0x0000000082b00000, 0x0000000082b00000|100%|HS|  |TAMS 0x0000000082b00000, 0x0000000082a00000| Complete 
|  43|0x0000000082b00000, 0x0000000082c00000, 0x0000000082c00000|100%|HC|  |TAMS 0x0000000082c00000, 0x0000000082b00000| Complete 
|  44|0x0000000082c00000, 0x0000000082d00000, 0x0000000082d00000|100%| O|  |TAMS 0x0000000082d00000, 0x0000000082c00000| Untracked 
|  45|0x0000000082d00000, 0x0000000082e00000, 0x0000000082e00000|100%|HS|  |TAMS 0x0000000082e00000, 0x0000000082d00000| Complete 
|  46|0x0000000082e00000, 0x0000000082f00000, 0x0000000082f00000|100%|HC|  |TAMS 0x0000000082f00000, 0x0000000082e00000| Complete 
|  47|0x0000000082f00000, 0x0000000083000000, 0x0000000083000000|100%|HC|  |TAMS 0x0000000083000000, 0x0000000082f00000| Complete 
|  48|0x0000000083000000, 0x0000000083100000, 0x0000000083100000|100%|HC|  |TAMS 0x0000000083100000, 0x0000000083000000| Complete 
|  49|0x0000000083100000, 0x0000000083200000, 0x0000000083200000|100%| O|  |TAMS 0x0000000083200000, 0x0000000083100000| Untracked 
|  50|0x0000000083200000, 0x0000000083300000, 0x0000000083300000|100%| O|  |TAMS 0x0000000083200000, 0x0000000083200000| Untracked 
|  51|0x0000000083300000, 0x0000000083400000, 0x0000000083400000|100%|HS|  |TAMS 0x0000000083400000, 0x0000000083300000| Complete 
|  52|0x0000000083400000, 0x0000000083500000, 0x0000000083500000|100%| O|  |TAMS 0x0000000083500000, 0x0000000083400000| Untracked 
|  53|0x0000000083500000, 0x0000000083600000, 0x0000000083600000|100%| O|  |TAMS 0x0000000083600000, 0x0000000083500000| Untracked 
|  54|0x0000000083600000, 0x0000000083700000, 0x0000000083700000|100%| O|  |TAMS 0x0000000083700000, 0x0000000083600000| Untracked 
|  55|0x0000000083700000, 0x0000000083800000, 0x0000000083800000|100%| O|  |TAMS 0x0000000083800000, 0x0000000083700000| Untracked 
|  56|0x0000000083800000, 0x0000000083900000, 0x0000000083900000|100%| O|  |TAMS 0x0000000083900000, 0x0000000083800000| Untracked 
|  57|0x0000000083900000, 0x0000000083a00000, 0x0000000083a00000|100%| O|  |TAMS 0x0000000083a00000, 0x0000000083900000| Untracked 
|  58|0x0000000083a00000, 0x0000000083b00000, 0x0000000083b00000|100%| O|  |TAMS 0x0000000083b00000, 0x0000000083a00000| Untracked 
|  59|0x0000000083b00000, 0x0000000083c00000, 0x0000000083c00000|100%| O|  |TAMS 0x0000000083c00000, 0x0000000083b00000| Untracked 
|  60|0x0000000083c00000, 0x0000000083d00000, 0x0000000083d00000|100%| O|  |TAMS 0x0000000083d00000, 0x0000000083c00000| Untracked 
|  61|0x0000000083d00000, 0x0000000083e00000, 0x0000000083e00000|100%| O|  |TAMS 0x0000000083e00000, 0x0000000083d00000| Untracked 
|  62|0x0000000083e00000, 0x0000000083f00000, 0x0000000083f00000|100%| O|  |TAMS 0x0000000083f00000, 0x0000000083e00000| Untracked 
|  63|0x0000000083f00000, 0x0000000084000000, 0x0000000084000000|100%| O|  |TAMS 0x0000000084000000, 0x0000000083f00000| Untracked 
|  64|0x0000000084000000, 0x0000000084100000, 0x0000000084100000|100%|HS|  |TAMS 0x0000000084100000, 0x0000000084000000| Complete 
|  65|0x0000000084100000, 0x0000000084200000, 0x0000000084200000|100%|HC|  |TAMS 0x0000000084200000, 0x0000000084100000| Complete 
|  66|0x0000000084200000, 0x0000000084300000, 0x0000000084300000|100%|HC|  |TAMS 0x0000000084300000, 0x0000000084200000| Complete 
|  67|0x0000000084300000, 0x0000000084400000, 0x0000000084400000|100%|HC|  |TAMS 0x0000000084400000, 0x0000000084300000| Complete 
|  68|0x0000000084400000, 0x0000000084500000, 0x0000000084500000|100%| O|  |TAMS 0x0000000084500000, 0x0000000084400000| Untracked 
|  69|0x0000000084500000, 0x0000000084600000, 0x0000000084600000|100%| O|  |TAMS 0x0000000084600000, 0x0000000084500000| Untracked 
|  70|0x0000000084600000, 0x0000000084700000, 0x0000000084700000|100%| O|  |TAMS 0x0000000084700000, 0x0000000084600000| Untracked 
|  71|0x0000000084700000, 0x0000000084800000, 0x0000000084800000|100%| O|  |TAMS 0x0000000084800000, 0x0000000084700000| Untracked 
|  72|0x0000000084800000, 0x0000000084900000, 0x0000000084900000|100%| O|  |TAMS 0x0000000084900000, 0x0000000084800000| Untracked 
|  73|0x0000000084900000, 0x0000000084a00000, 0x0000000084a00000|100%| O|  |TAMS 0x0000000084a00000, 0x0000000084900000| Untracked 
|  74|0x0000000084a00000, 0x0000000084b00000, 0x0000000084b00000|100%| O|  |TAMS 0x0000000084b00000, 0x0000000084a00000| Untracked 
|  75|0x0000000084b00000, 0x0000000084c00000, 0x0000000084c00000|100%| O|  |TAMS 0x0000000084c00000, 0x0000000084b00000| Untracked 
|  76|0x0000000084c00000, 0x0000000084d00000, 0x0000000084d00000|100%| O|  |TAMS 0x0000000084d00000, 0x0000000084c00000| Untracked 
|  77|0x0000000084d00000, 0x0000000084e00000, 0x0000000084e00000|100%| O|  |TAMS 0x0000000084e00000, 0x0000000084d00000| Untracked 
|  78|0x0000000084e00000, 0x0000000084f00000, 0x0000000084f00000|100%| O|  |TAMS 0x0000000084f00000, 0x0000000084e00000| Untracked 
|  79|0x0000000084f00000, 0x0000000085000000, 0x0000000085000000|100%| O|  |TAMS 0x0000000085000000, 0x0000000084f00000| Untracked 
|  80|0x0000000085000000, 0x0000000085100000, 0x0000000085100000|100%| O|  |TAMS 0x0000000085100000, 0x0000000085000000| Untracked 
|  81|0x0000000085100000, 0x0000000085200000, 0x0000000085200000|100%| O|  |TAMS 0x0000000085200000, 0x0000000085100000| Untracked 
|  82|0x0000000085200000, 0x0000000085300000, 0x0000000085300000|100%| O|  |TAMS 0x00000000852a1000, 0x0000000085200000| Untracked 
|  83|0x0000000085300000, 0x0000000085400000, 0x0000000085400000|100%| O|  |TAMS 0x0000000085300000, 0x0000000085300000| Untracked 
|  84|0x0000000085400000, 0x0000000085500000, 0x0000000085500000|100%| O|  |TAMS 0x0000000085400000, 0x0000000085400000| Untracked 
|  85|0x0000000085500000, 0x0000000085600000, 0x0000000085600000|100%| O|  |TAMS 0x0000000085500000, 0x0000000085500000| Untracked 
|  86|0x0000000085600000, 0x0000000085700000, 0x0000000085700000|100%| O|  |TAMS 0x0000000085600000, 0x0000000085600000| Untracked 
|  87|0x0000000085700000, 0x0000000085800000, 0x0000000085800000|100%| O|  |TAMS 0x0000000085700000, 0x0000000085700000| Untracked 
|  88|0x0000000085800000, 0x0000000085900000, 0x0000000085900000|100%| O|  |TAMS 0x0000000085800000, 0x0000000085800000| Untracked 
|  89|0x0000000085900000, 0x0000000085a00000, 0x0000000085a00000|100%| O|  |TAMS 0x0000000085900000, 0x0000000085900000| Untracked 
|  90|0x0000000085a00000, 0x0000000085b00000, 0x0000000085b00000|100%| O|  |TAMS 0x0000000085a00000, 0x0000000085a00000| Untracked 
|  91|0x0000000085b00000, 0x0000000085c00000, 0x0000000085c00000|100%| O|  |TAMS 0x0000000085b00000, 0x0000000085b00000| Untracked 
|  92|0x0000000085c00000, 0x0000000085d00000, 0x0000000085d00000|100%| O|  |TAMS 0x0000000085c00000, 0x0000000085c00000| Untracked 
|  93|0x0000000085d00000, 0x0000000085e00000, 0x0000000085e00000|100%| O|  |TAMS 0x0000000085d00000, 0x0000000085d00000| Untracked 
|  94|0x0000000085e00000, 0x0000000085f00000, 0x0000000085f00000|100%| O|  |TAMS 0x0000000085e00000, 0x0000000085e00000| Untracked 
|  95|0x0000000085f00000, 0x0000000086000000, 0x0000000086000000|100%| O|  |TAMS 0x0000000085f00000, 0x0000000085f00000| Untracked 
|  96|0x0000000086000000, 0x0000000086100000, 0x0000000086100000|100%| O|  |TAMS 0x0000000086000000, 0x0000000086000000| Untracked 
|  97|0x0000000086100000, 0x0000000086200000, 0x0000000086200000|100%| O|  |TAMS 0x0000000086100000, 0x0000000086100000| Untracked 
|  98|0x0000000086200000, 0x0000000086300000, 0x0000000086300000|100%| O|  |TAMS 0x0000000086200000, 0x0000000086200000| Untracked 
|  99|0x0000000086300000, 0x0000000086400000, 0x0000000086400000|100%| O|  |TAMS 0x0000000086300000, 0x0000000086300000| Untracked 
| 100|0x0000000086400000, 0x0000000086500000, 0x0000000086500000|100%| O|  |TAMS 0x0000000086400000, 0x0000000086400000| Untracked 
| 101|0x0000000086500000, 0x0000000086600000, 0x0000000086600000|100%| O|  |TAMS 0x0000000086500000, 0x0000000086500000| Untracked 
| 102|0x0000000086600000, 0x0000000086700000, 0x0000000086700000|100%| O|  |TAMS 0x0000000086600000, 0x0000000086600000| Untracked 
| 103|0x0000000086700000, 0x0000000086800000, 0x0000000086800000|100%| O|  |TAMS 0x0000000086700000, 0x0000000086700000| Untracked 
| 104|0x0000000086800000, 0x0000000086900000, 0x0000000086900000|100%| O|  |TAMS 0x0000000086800000, 0x0000000086800000| Untracked 
| 105|0x0000000086900000, 0x0000000086a00000, 0x0000000086a00000|100%| O|  |TAMS 0x0000000086900000, 0x0000000086900000| Untracked 
| 106|0x0000000086a00000, 0x0000000086b00000, 0x0000000086b00000|100%| O|  |TAMS 0x0000000086a00000, 0x0000000086a00000| Untracked 
| 107|0x0000000086b00000, 0x0000000086c00000, 0x0000000086c00000|100%| O|  |TAMS 0x0000000086b00000, 0x0000000086b00000| Untracked 
| 108|0x0000000086c00000, 0x0000000086d00000, 0x0000000086d00000|100%| O|  |TAMS 0x0000000086c00000, 0x0000000086c00000| Untracked 
| 109|0x0000000086d00000, 0x0000000086e00000, 0x0000000086e00000|100%| O|  |TAMS 0x0000000086d00000, 0x0000000086d00000| Untracked 
| 110|0x0000000086e00000, 0x0000000086f00000, 0x0000000086f00000|100%| O|  |TAMS 0x0000000086e00000, 0x0000000086e00000| Untracked 
| 111|0x0000000086f00000, 0x0000000087000000, 0x0000000087000000|100%| O|  |TAMS 0x0000000086f00000, 0x0000000086f00000| Untracked 
| 112|0x0000000087000000, 0x0000000087100000, 0x0000000087100000|100%| O|  |TAMS 0x0000000087000000, 0x0000000087000000| Untracked 
| 113|0x0000000087100000, 0x0000000087200000, 0x0000000087200000|100%| O|  |TAMS 0x0000000087100000, 0x0000000087100000| Untracked 
| 114|0x0000000087200000, 0x0000000087300000, 0x0000000087300000|100%| O|  |TAMS 0x0000000087200000, 0x0000000087200000| Untracked 
| 115|0x0000000087300000, 0x0000000087400000, 0x0000000087400000|100%| O|  |TAMS 0x0000000087300000, 0x0000000087300000| Untracked 
| 116|0x0000000087400000, 0x0000000087500000, 0x0000000087500000|100%| O|  |TAMS 0x0000000087400000, 0x0000000087400000| Untracked 
| 117|0x0000000087500000, 0x0000000087600000, 0x0000000087600000|100%| O|  |TAMS 0x0000000087500000, 0x0000000087500000| Untracked 
| 118|0x0000000087600000, 0x0000000087700000, 0x0000000087700000|100%| O|  |TAMS 0x0000000087600000, 0x0000000087600000| Untracked 
| 119|0x0000000087700000, 0x0000000087800000, 0x0000000087800000|100%| O|  |TAMS 0x0000000087700000, 0x0000000087700000| Untracked 
| 120|0x0000000087800000, 0x0000000087900000, 0x0000000087900000|100%| O|  |TAMS 0x0000000087800000, 0x0000000087800000| Untracked 
| 121|0x0000000087900000, 0x0000000087a00000, 0x0000000087a00000|100%| O|  |TAMS 0x0000000087900000, 0x0000000087900000| Untracked 
| 122|0x0000000087a00000, 0x0000000087b00000, 0x0000000087b00000|100%| O|  |TAMS 0x0000000087a00000, 0x0000000087a00000| Untracked 
| 123|0x0000000087b00000, 0x0000000087c00000, 0x0000000087c00000|100%| O|  |TAMS 0x0000000087b00000, 0x0000000087b00000| Untracked 
| 124|0x0000000087c00000, 0x0000000087d00000, 0x0000000087d00000|100%| O|  |TAMS 0x0000000087c00000, 0x0000000087c00000| Untracked 
| 125|0x0000000087d00000, 0x0000000087e00000, 0x0000000087e00000|100%| O|  |TAMS 0x0000000087d00000, 0x0000000087d00000| Untracked 
| 126|0x0000000087e00000, 0x0000000087f00000, 0x0000000087f00000|100%| O|  |TAMS 0x0000000087e00000, 0x0000000087e00000| Untracked 
| 127|0x0000000087f00000, 0x0000000088000000, 0x0000000088000000|100%| O|  |TAMS 0x0000000087f00000, 0x0000000087f00000| Untracked 
| 128|0x0000000088000000, 0x0000000088100000, 0x0000000088100000|100%| O|  |TAMS 0x0000000088000000, 0x0000000088000000| Untracked 
| 129|0x0000000088100000, 0x0000000088200000, 0x0000000088200000|100%| O|  |TAMS 0x0000000088100000, 0x0000000088100000| Untracked 
| 130|0x0000000088200000, 0x0000000088300000, 0x0000000088300000|100%| O|  |TAMS 0x0000000088200000, 0x0000000088200000| Untracked 
| 131|0x0000000088300000, 0x0000000088400000, 0x0000000088400000|100%| O|  |TAMS 0x0000000088300000, 0x0000000088300000| Untracked 
| 132|0x0000000088400000, 0x0000000088500000, 0x0000000088500000|100%| O|  |TAMS 0x0000000088400000, 0x0000000088400000| Untracked 
| 133|0x0000000088500000, 0x0000000088600000, 0x0000000088600000|100%| O|  |TAMS 0x0000000088500000, 0x0000000088500000| Untracked 
| 134|0x0000000088600000, 0x0000000088700000, 0x0000000088700000|100%| O|  |TAMS 0x0000000088600000, 0x0000000088600000| Untracked 
| 135|0x0000000088700000, 0x0000000088800000, 0x0000000088800000|100%| O|  |TAMS 0x0000000088700000, 0x0000000088700000| Untracked 
| 136|0x0000000088800000, 0x0000000088900000, 0x0000000088900000|100%| O|  |TAMS 0x0000000088800000, 0x0000000088800000| Untracked 
| 137|0x0000000088900000, 0x0000000088a00000, 0x0000000088a00000|100%| O|  |TAMS 0x0000000088900000, 0x0000000088900000| Untracked 
| 138|0x0000000088a00000, 0x0000000088b00000, 0x0000000088b00000|100%| O|  |TAMS 0x0000000088a00000, 0x0000000088a00000| Untracked 
| 139|0x0000000088b00000, 0x0000000088c00000, 0x0000000088c00000|100%| O|  |TAMS 0x0000000088b00000, 0x0000000088b00000| Untracked 
| 140|0x0000000088c00000, 0x0000000088d00000, 0x0000000088d00000|100%| O|  |TAMS 0x0000000088c00000, 0x0000000088c00000| Untracked 
| 141|0x0000000088d00000, 0x0000000088e00000, 0x0000000088e00000|100%| O|  |TAMS 0x0000000088d00000, 0x0000000088d00000| Untracked 
| 142|0x0000000088e00000, 0x0000000088f00000, 0x0000000088f00000|100%| O|  |TAMS 0x0000000088e00000, 0x0000000088e00000| Untracked 
| 143|0x0000000088f00000, 0x0000000089000000, 0x0000000089000000|100%| O|  |TAMS 0x0000000088f00000, 0x0000000088f00000| Untracked 
| 144|0x0000000089000000, 0x0000000089100000, 0x0000000089100000|100%| O|  |TAMS 0x0000000089000000, 0x0000000089000000| Untracked 
| 145|0x0000000089100000, 0x0000000089200000, 0x0000000089200000|100%| O|  |TAMS 0x0000000089100000, 0x0000000089100000| Untracked 
| 146|0x0000000089200000, 0x0000000089300000, 0x0000000089300000|100%| O|  |TAMS 0x0000000089200000, 0x0000000089200000| Untracked 
| 147|0x0000000089300000, 0x0000000089400000, 0x0000000089400000|100%| O|  |TAMS 0x0000000089300000, 0x0000000089300000| Untracked 
| 148|0x0000000089400000, 0x0000000089500000, 0x0000000089500000|100%| O|  |TAMS 0x0000000089400000, 0x0000000089400000| Untracked 
| 149|0x0000000089500000, 0x0000000089600000, 0x0000000089600000|100%| O|  |TAMS 0x0000000089500000, 0x0000000089500000| Untracked 
| 150|0x0000000089600000, 0x0000000089700000, 0x0000000089700000|100%| O|  |TAMS 0x0000000089600000, 0x0000000089600000| Untracked 
| 151|0x0000000089700000, 0x0000000089800000, 0x0000000089800000|100%| O|  |TAMS 0x0000000089700000, 0x0000000089700000| Untracked 
| 152|0x0000000089800000, 0x0000000089900000, 0x0000000089900000|100%| O|  |TAMS 0x0000000089800000, 0x0000000089800000| Untracked 
| 153|0x0000000089900000, 0x0000000089a00000, 0x0000000089a00000|100%| O|  |TAMS 0x0000000089900000, 0x0000000089900000| Untracked 
| 154|0x0000000089a00000, 0x0000000089b00000, 0x0000000089b00000|100%| O|  |TAMS 0x0000000089a00000, 0x0000000089a00000| Untracked 
| 155|0x0000000089b00000, 0x0000000089c00000, 0x0000000089c00000|100%|HS|  |TAMS 0x0000000089b00000, 0x0000000089b00000| Complete 
| 156|0x0000000089c00000, 0x0000000089d00000, 0x0000000089d00000|100%|HC|  |TAMS 0x0000000089c00000, 0x0000000089c00000| Complete 
| 157|0x0000000089d00000, 0x0000000089e00000, 0x0000000089e00000|100%|HC|  |TAMS 0x0000000089d00000, 0x0000000089d00000| Complete 
| 158|0x0000000089e00000, 0x0000000089f00000, 0x0000000089f00000|100%| O|  |TAMS 0x0000000089e00000, 0x0000000089e00000| Untracked 
| 159|0x0000000089f00000, 0x000000008a000000, 0x000000008a000000|100%| O|  |TAMS 0x0000000089f00000, 0x0000000089f00000| Untracked 
| 160|0x000000008a000000, 0x000000008a100000, 0x000000008a100000|100%| O|  |TAMS 0x000000008a000000, 0x000000008a000000| Untracked 
| 161|0x000000008a100000, 0x000000008a200000, 0x000000008a200000|100%| O|  |TAMS 0x000000008a100000, 0x000000008a100000| Untracked 
| 162|0x000000008a200000, 0x000000008a300000, 0x000000008a300000|100%| O|  |TAMS 0x000000008a200000, 0x000000008a200000| Untracked 
| 163|0x000000008a300000, 0x000000008a400000, 0x000000008a400000|100%| O|  |TAMS 0x000000008a300000, 0x000000008a300000| Untracked 
| 164|0x000000008a400000, 0x000000008a500000, 0x000000008a500000|100%| O|  |TAMS 0x000000008a400000, 0x000000008a400000| Untracked 
| 165|0x000000008a500000, 0x000000008a600000, 0x000000008a600000|100%| O|  |TAMS 0x000000008a500000, 0x000000008a500000| Untracked 
| 166|0x000000008a600000, 0x000000008a700000, 0x000000008a700000|100%| O|  |TAMS 0x000000008a600000, 0x000000008a600000| Untracked 
| 167|0x000000008a700000, 0x000000008a800000, 0x000000008a800000|100%| O|  |TAMS 0x000000008a700000, 0x000000008a700000| Untracked 
| 168|0x000000008a800000, 0x000000008a900000, 0x000000008a900000|100%| O|  |TAMS 0x000000008a800000, 0x000000008a800000| Untracked 
| 169|0x000000008a900000, 0x000000008aa00000, 0x000000008aa00000|100%| O|  |TAMS 0x000000008a900000, 0x000000008a900000| Untracked 
| 170|0x000000008aa00000, 0x000000008ab00000, 0x000000008ab00000|100%| O|  |TAMS 0x000000008aa00000, 0x000000008aa00000| Untracked 
| 171|0x000000008ab00000, 0x000000008ac00000, 0x000000008ac00000|100%| O|  |TAMS 0x000000008ab00000, 0x000000008ab00000| Untracked 
| 172|0x000000008ac00000, 0x000000008ad00000, 0x000000008ad00000|100%| O|  |TAMS 0x000000008ac00000, 0x000000008ac00000| Untracked 
| 173|0x000000008ad00000, 0x000000008ae00000, 0x000000008ae00000|100%| O|  |TAMS 0x000000008ad00000, 0x000000008ad00000| Untracked 
| 174|0x000000008ae00000, 0x000000008af00000, 0x000000008af00000|100%| O|  |TAMS 0x000000008ae00000, 0x000000008ae00000| Untracked 
| 175|0x000000008af00000, 0x000000008b000000, 0x000000008b000000|100%| O|  |TAMS 0x000000008af00000, 0x000000008af00000| Untracked 
| 176|0x000000008b000000, 0x000000008b100000, 0x000000008b100000|100%| O|  |TAMS 0x000000008b000000, 0x000000008b000000| Untracked 
| 177|0x000000008b100000, 0x000000008b200000, 0x000000008b200000|100%| O|  |TAMS 0x000000008b100000, 0x000000008b100000| Untracked 
| 178|0x000000008b200000, 0x000000008b300000, 0x000000008b300000|100%| O|  |TAMS 0x000000008b200000, 0x000000008b200000| Untracked 
| 179|0x000000008b300000, 0x000000008b400000, 0x000000008b400000|100%| O|  |TAMS 0x000000008b300000, 0x000000008b300000| Untracked 
| 180|0x000000008b400000, 0x000000008b500000, 0x000000008b500000|100%| O|  |TAMS 0x000000008b400000, 0x000000008b400000| Untracked 
| 181|0x000000008b500000, 0x000000008b600000, 0x000000008b600000|100%| O|  |TAMS 0x000000008b500000, 0x000000008b500000| Untracked 
| 182|0x000000008b600000, 0x000000008b600000, 0x000000008b700000|  0%| F|  |TAMS 0x000000008b600000, 0x000000008b600000| Untracked 
| 183|0x000000008b700000, 0x000000008b700000, 0x000000008b800000|  0%| F|  |TAMS 0x000000008b700000, 0x000000008b700000| Untracked 
| 184|0x000000008b800000, 0x000000008b800000, 0x000000008b900000|  0%| F|  |TAMS 0x000000008b800000, 0x000000008b800000| Untracked 
| 185|0x000000008b900000, 0x000000008b900000, 0x000000008ba00000|  0%| F|  |TAMS 0x000000008b900000, 0x000000008b900000| Untracked 
| 186|0x000000008ba00000, 0x000000008bb00000, 0x000000008bb00000|100%|HS|  |TAMS 0x000000008ba00000, 0x000000008ba00000| Complete 
| 187|0x000000008bb00000, 0x000000008bc00000, 0x000000008bc00000|100%|HC|  |TAMS 0x000000008bb00000, 0x000000008bb00000| Complete 
| 188|0x000000008bc00000, 0x000000008bc00000, 0x000000008bd00000|  0%| F|  |TAMS 0x000000008bc00000, 0x000000008bc00000| Untracked 
| 189|0x000000008bd00000, 0x000000008bd00000, 0x000000008be00000|  0%| F|  |TAMS 0x000000008bd00000, 0x000000008bd00000| Untracked 
| 190|0x000000008be00000, 0x000000008bf00000, 0x000000008bf00000|100%| O|  |TAMS 0x000000008be00000, 0x000000008be00000| Untracked 
| 191|0x000000008bf00000, 0x000000008bf00000, 0x000000008c000000|  0%| F|  |TAMS 0x000000008bf00000, 0x000000008bf00000| Untracked 
| 192|0x000000008c000000, 0x000000008c000000, 0x000000008c100000|  0%| F|  |TAMS 0x000000008c000000, 0x000000008c000000| Untracked 
| 193|0x000000008c100000, 0x000000008c100000, 0x000000008c200000|  0%| F|  |TAMS 0x000000008c100000, 0x000000008c100000| Untracked 
| 194|0x000000008c200000, 0x000000008c200000, 0x000000008c300000|  0%| F|  |TAMS 0x000000008c200000, 0x000000008c200000| Untracked 
| 195|0x000000008c300000, 0x000000008c300000, 0x000000008c400000|  0%| F|  |TAMS 0x000000008c300000, 0x000000008c300000| Untracked 
| 196|0x000000008c400000, 0x000000008c400000, 0x000000008c500000|  0%| F|  |TAMS 0x000000008c400000, 0x000000008c400000| Untracked 
| 197|0x000000008c500000, 0x000000008c500000, 0x000000008c600000|  0%| F|  |TAMS 0x000000008c500000, 0x000000008c500000| Untracked 
| 198|0x000000008c600000, 0x000000008c600000, 0x000000008c700000|  0%| F|  |TAMS 0x000000008c600000, 0x000000008c600000| Untracked 
| 199|0x000000008c700000, 0x000000008c700000, 0x000000008c800000|  0%| F|  |TAMS 0x000000008c700000, 0x000000008c700000| Untracked 
| 200|0x000000008c800000, 0x000000008c800000, 0x000000008c900000|  0%| F|  |TAMS 0x000000008c800000, 0x000000008c800000| Untracked 
| 201|0x000000008c900000, 0x000000008c900000, 0x000000008ca00000|  0%| F|  |TAMS 0x000000008c900000, 0x000000008c900000| Untracked 
| 202|0x000000008ca00000, 0x000000008ca00000, 0x000000008cb00000|  0%| F|  |TAMS 0x000000008ca00000, 0x000000008ca00000| Untracked 
| 203|0x000000008cb00000, 0x000000008cb00000, 0x000000008cc00000|  0%| F|  |TAMS 0x000000008cb00000, 0x000000008cb00000| Untracked 
| 204|0x000000008cc00000, 0x000000008cc00000, 0x000000008cd00000|  0%| F|  |TAMS 0x000000008cc00000, 0x000000008cc00000| Untracked 
| 205|0x000000008cd00000, 0x000000008cd00000, 0x000000008ce00000|  0%| F|  |TAMS 0x000000008cd00000, 0x000000008cd00000| Untracked 
| 206|0x000000008ce00000, 0x000000008ce00000, 0x000000008cf00000|  0%| F|  |TAMS 0x000000008ce00000, 0x000000008ce00000| Untracked 
| 207|0x000000008cf00000, 0x000000008cf00000, 0x000000008d000000|  0%| F|  |TAMS 0x000000008cf00000, 0x000000008cf00000| Untracked 
| 208|0x000000008d000000, 0x000000008d000000, 0x000000008d100000|  0%| F|  |TAMS 0x000000008d000000, 0x000000008d000000| Untracked 
| 209|0x000000008d100000, 0x000000008d100000, 0x000000008d200000|  0%| F|  |TAMS 0x000000008d100000, 0x000000008d100000| Untracked 
| 210|0x000000008d200000, 0x000000008d200000, 0x000000008d300000|  0%| F|  |TAMS 0x000000008d200000, 0x000000008d200000| Untracked 
| 211|0x000000008d300000, 0x000000008d300000, 0x000000008d400000|  0%| F|  |TAMS 0x000000008d300000, 0x000000008d300000| Untracked 
| 212|0x000000008d400000, 0x000000008d400000, 0x000000008d500000|  0%| F|  |TAMS 0x000000008d400000, 0x000000008d400000| Untracked 
| 213|0x000000008d500000, 0x000000008d500000, 0x000000008d600000|  0%| F|  |TAMS 0x000000008d500000, 0x000000008d500000| Untracked 
| 214|0x000000008d600000, 0x000000008d600000, 0x000000008d700000|  0%| F|  |TAMS 0x000000008d600000, 0x000000008d600000| Untracked 
| 215|0x000000008d700000, 0x000000008d700000, 0x000000008d800000|  0%| F|  |TAMS 0x000000008d700000, 0x000000008d700000| Untracked 
| 216|0x000000008d800000, 0x000000008d800000, 0x000000008d900000|  0%| F|  |TAMS 0x000000008d800000, 0x000000008d800000| Untracked 
| 217|0x000000008d900000, 0x000000008d900000, 0x000000008da00000|  0%| F|  |TAMS 0x000000008d900000, 0x000000008d900000| Untracked 
| 218|0x000000008da00000, 0x000000008da00000, 0x000000008db00000|  0%| F|  |TAMS 0x000000008da00000, 0x000000008da00000| Untracked 
| 219|0x000000008db00000, 0x000000008db00000, 0x000000008dc00000|  0%| F|  |TAMS 0x000000008db00000, 0x000000008db00000| Untracked 
| 220|0x000000008dc00000, 0x000000008dc00000, 0x000000008dd00000|  0%| F|  |TAMS 0x000000008dc00000, 0x000000008dc00000| Untracked 
| 221|0x000000008dd00000, 0x000000008dd00000, 0x000000008de00000|  0%| F|  |TAMS 0x000000008dd00000, 0x000000008dd00000| Untracked 
| 222|0x000000008de00000, 0x000000008de00000, 0x000000008df00000|  0%| F|  |TAMS 0x000000008de00000, 0x000000008de00000| Untracked 
| 223|0x000000008df00000, 0x000000008df00000, 0x000000008e000000|  0%| F|  |TAMS 0x000000008df00000, 0x000000008df00000| Untracked 
| 224|0x000000008e000000, 0x000000008e000000, 0x000000008e100000|  0%| F|  |TAMS 0x000000008e000000, 0x000000008e000000| Untracked 
| 225|0x000000008e100000, 0x000000008e100000, 0x000000008e200000|  0%| F|  |TAMS 0x000000008e100000, 0x000000008e100000| Untracked 
| 226|0x000000008e200000, 0x000000008e200000, 0x000000008e300000|  0%| F|  |TAMS 0x000000008e200000, 0x000000008e200000| Untracked 
| 227|0x000000008e300000, 0x000000008e300000, 0x000000008e400000|  0%| F|  |TAMS 0x000000008e300000, 0x000000008e300000| Untracked 
| 228|0x000000008e400000, 0x000000008e400000, 0x000000008e500000|  0%| F|  |TAMS 0x000000008e400000, 0x000000008e400000| Untracked 
| 229|0x000000008e500000, 0x000000008e500000, 0x000000008e600000|  0%| F|  |TAMS 0x000000008e500000, 0x000000008e500000| Untracked 
| 230|0x000000008e600000, 0x000000008e600000, 0x000000008e700000|  0%| F|  |TAMS 0x000000008e600000, 0x000000008e600000| Untracked 
| 231|0x000000008e700000, 0x000000008e700000, 0x000000008e800000|  0%| F|  |TAMS 0x000000008e700000, 0x000000008e700000| Untracked 
| 232|0x000000008e800000, 0x000000008e800000, 0x000000008e900000|  0%| F|  |TAMS 0x000000008e800000, 0x000000008e800000| Untracked 
| 233|0x000000008e900000, 0x000000008e900000, 0x000000008ea00000|  0%| F|  |TAMS 0x000000008e900000, 0x000000008e900000| Untracked 
| 234|0x000000008ea00000, 0x000000008ea00000, 0x000000008eb00000|  0%| F|  |TAMS 0x000000008ea00000, 0x000000008ea00000| Untracked 
| 235|0x000000008eb00000, 0x000000008eb00000, 0x000000008ec00000|  0%| F|  |TAMS 0x000000008eb00000, 0x000000008eb00000| Untracked 
| 236|0x000000008ec00000, 0x000000008ec00000, 0x000000008ed00000|  0%| F|  |TAMS 0x000000008ec00000, 0x000000008ec00000| Untracked 
| 237|0x000000008ed00000, 0x000000008ed00000, 0x000000008ee00000|  0%| F|  |TAMS 0x000000008ed00000, 0x000000008ed00000| Untracked 
| 238|0x000000008ee00000, 0x000000008ee00000, 0x000000008ef00000|  0%| F|  |TAMS 0x000000008ee00000, 0x000000008ee00000| Untracked 
| 239|0x000000008ef00000, 0x000000008ef00000, 0x000000008f000000|  0%| F|  |TAMS 0x000000008ef00000, 0x000000008ef00000| Untracked 
| 240|0x000000008f000000, 0x000000008f000000, 0x000000008f100000|  0%| F|  |TAMS 0x000000008f000000, 0x000000008f000000| Untracked 
| 241|0x000000008f100000, 0x000000008f100000, 0x000000008f200000|  0%| F|  |TAMS 0x000000008f100000, 0x000000008f100000| Untracked 
| 242|0x000000008f200000, 0x000000008f200000, 0x000000008f300000|  0%| F|  |TAMS 0x000000008f200000, 0x000000008f200000| Untracked 
| 243|0x000000008f300000, 0x000000008f300000, 0x000000008f400000|  0%| F|  |TAMS 0x000000008f300000, 0x000000008f300000| Untracked 
| 244|0x000000008f400000, 0x000000008f400000, 0x000000008f500000|  0%| F|  |TAMS 0x000000008f400000, 0x000000008f400000| Untracked 
| 245|0x000000008f500000, 0x000000008f500000, 0x000000008f600000|  0%| F|  |TAMS 0x000000008f500000, 0x000000008f500000| Untracked 
| 246|0x000000008f600000, 0x000000008f600000, 0x000000008f700000|  0%| F|  |TAMS 0x000000008f600000, 0x000000008f600000| Untracked 
| 247|0x000000008f700000, 0x000000008f700000, 0x000000008f800000|  0%| F|  |TAMS 0x000000008f700000, 0x000000008f700000| Untracked 
| 248|0x000000008f800000, 0x000000008f800000, 0x000000008f900000|  0%| F|  |TAMS 0x000000008f800000, 0x000000008f800000| Untracked 
| 249|0x000000008f900000, 0x000000008f900000, 0x000000008fa00000|  0%| F|  |TAMS 0x000000008f900000, 0x000000008f900000| Untracked 
| 250|0x000000008fa00000, 0x000000008fa00000, 0x000000008fb00000|  0%| F|  |TAMS 0x000000008fa00000, 0x000000008fa00000| Untracked 
| 251|0x000000008fb00000, 0x000000008fb00000, 0x000000008fc00000|  0%| F|  |TAMS 0x000000008fb00000, 0x000000008fb00000| Untracked 
| 252|0x000000008fc00000, 0x000000008fc00000, 0x000000008fd00000|  0%| F|  |TAMS 0x000000008fc00000, 0x000000008fc00000| Untracked 
| 253|0x000000008fd00000, 0x000000008fd00000, 0x000000008fe00000|  0%| F|  |TAMS 0x000000008fd00000, 0x000000008fd00000| Untracked 
| 254|0x000000008fe00000, 0x000000008fe00000, 0x000000008ff00000|  0%| F|  |TAMS 0x000000008fe00000, 0x000000008fe00000| Untracked 
| 255|0x000000008ff00000, 0x000000008ff00000, 0x0000000090000000|  0%| F|  |TAMS 0x000000008ff00000, 0x000000008ff00000| Untracked 
| 256|0x0000000090000000, 0x0000000090000000, 0x0000000090100000|  0%| F|  |TAMS 0x0000000090000000, 0x0000000090000000| Untracked 
| 257|0x0000000090100000, 0x0000000090100000, 0x0000000090200000|  0%| F|  |TAMS 0x0000000090100000, 0x0000000090100000| Untracked 
| 258|0x0000000090200000, 0x0000000090200000, 0x0000000090300000|  0%| F|  |TAMS 0x0000000090200000, 0x0000000090200000| Untracked 
| 259|0x0000000090300000, 0x0000000090300000, 0x0000000090400000|  0%| F|  |TAMS 0x0000000090300000, 0x0000000090300000| Untracked 
| 260|0x0000000090400000, 0x0000000090400000, 0x0000000090500000|  0%| F|  |TAMS 0x0000000090400000, 0x0000000090400000| Untracked 
| 261|0x0000000090500000, 0x0000000090500000, 0x0000000090600000|  0%| F|  |TAMS 0x0000000090500000, 0x0000000090500000| Untracked 
| 262|0x0000000090600000, 0x0000000090600000, 0x0000000090700000|  0%| F|  |TAMS 0x0000000090600000, 0x0000000090600000| Untracked 
| 263|0x0000000090700000, 0x0000000090700000, 0x0000000090800000|  0%| F|  |TAMS 0x0000000090700000, 0x0000000090700000| Untracked 
| 264|0x0000000090800000, 0x0000000090800000, 0x0000000090900000|  0%| F|  |TAMS 0x0000000090800000, 0x0000000090800000| Untracked 
| 265|0x0000000090900000, 0x0000000090900000, 0x0000000090a00000|  0%| F|  |TAMS 0x0000000090900000, 0x0000000090900000| Untracked 
| 266|0x0000000090a00000, 0x0000000090a00000, 0x0000000090b00000|  0%| F|  |TAMS 0x0000000090a00000, 0x0000000090a00000| Untracked 
| 267|0x0000000090b00000, 0x0000000090b00000, 0x0000000090c00000|  0%| F|  |TAMS 0x0000000090b00000, 0x0000000090b00000| Untracked 
| 268|0x0000000090c00000, 0x0000000090c00000, 0x0000000090d00000|  0%| F|  |TAMS 0x0000000090c00000, 0x0000000090c00000| Untracked 
| 269|0x0000000090d00000, 0x0000000090d00000, 0x0000000090e00000|  0%| F|  |TAMS 0x0000000090d00000, 0x0000000090d00000| Untracked 
| 270|0x0000000090e00000, 0x0000000090e00000, 0x0000000090f00000|  0%| F|  |TAMS 0x0000000090e00000, 0x0000000090e00000| Untracked 
| 271|0x0000000090f00000, 0x0000000090f00000, 0x0000000091000000|  0%| F|  |TAMS 0x0000000090f00000, 0x0000000090f00000| Untracked 
| 272|0x0000000091000000, 0x0000000091100000, 0x0000000091100000|100%| S|CS|TAMS 0x0000000091000000, 0x0000000091000000| Complete 
| 273|0x0000000091100000, 0x0000000091200000, 0x0000000091200000|100%| S|CS|TAMS 0x0000000091100000, 0x0000000091100000| Complete 
| 274|0x0000000091200000, 0x0000000091300000, 0x0000000091300000|100%| S|CS|TAMS 0x0000000091200000, 0x0000000091200000| Complete 
| 275|0x0000000091300000, 0x0000000091400000, 0x0000000091400000|100%| S|CS|TAMS 0x0000000091300000, 0x0000000091300000| Complete 
| 276|0x0000000091400000, 0x0000000091500000, 0x0000000091500000|100%| S|CS|TAMS 0x0000000091400000, 0x0000000091400000| Complete 
| 277|0x0000000091500000, 0x0000000091500000, 0x0000000091600000|  0%| F|  |TAMS 0x0000000091500000, 0x0000000091500000| Untracked 
| 278|0x0000000091600000, 0x0000000091600000, 0x0000000091700000|  0%| F|  |TAMS 0x0000000091600000, 0x0000000091600000| Untracked 
| 279|0x0000000091700000, 0x0000000091700000, 0x0000000091800000|  0%| F|  |TAMS 0x0000000091700000, 0x0000000091700000| Untracked 
| 280|0x0000000091800000, 0x0000000091800000, 0x0000000091900000|  0%| F|  |TAMS 0x0000000091800000, 0x0000000091800000| Untracked 
| 281|0x0000000091900000, 0x0000000091900000, 0x0000000091a00000|  0%| F|  |TAMS 0x0000000091900000, 0x0000000091900000| Untracked 
| 282|0x0000000091a00000, 0x0000000091a00000, 0x0000000091b00000|  0%| F|  |TAMS 0x0000000091a00000, 0x0000000091a00000| Untracked 
| 283|0x0000000091b00000, 0x0000000091b00000, 0x0000000091c00000|  0%| F|  |TAMS 0x0000000091b00000, 0x0000000091b00000| Untracked 
| 284|0x0000000091c00000, 0x0000000091c00000, 0x0000000091d00000|  0%| F|  |TAMS 0x0000000091c00000, 0x0000000091c00000| Untracked 
| 285|0x0000000091d00000, 0x0000000091d00000, 0x0000000091e00000|  0%| F|  |TAMS 0x0000000091d00000, 0x0000000091d00000| Untracked 
| 286|0x0000000091e00000, 0x0000000091e00000, 0x0000000091f00000|  0%| F|  |TAMS 0x0000000091e00000, 0x0000000091e00000| Untracked 
| 287|0x0000000091f00000, 0x0000000091f00000, 0x0000000092000000|  0%| F|  |TAMS 0x0000000091f00000, 0x0000000091f00000| Untracked 
| 288|0x0000000092000000, 0x0000000092000000, 0x0000000092100000|  0%| F|  |TAMS 0x0000000092000000, 0x0000000092000000| Untracked 
| 289|0x0000000092100000, 0x0000000092100000, 0x0000000092200000|  0%| F|  |TAMS 0x0000000092100000, 0x0000000092100000| Untracked 
| 290|0x0000000092200000, 0x0000000092200000, 0x0000000092300000|  0%| F|  |TAMS 0x0000000092200000, 0x0000000092200000| Untracked 
| 291|0x0000000092300000, 0x0000000092300000, 0x0000000092400000|  0%| F|  |TAMS 0x0000000092300000, 0x0000000092300000| Untracked 
| 292|0x0000000092400000, 0x0000000092400000, 0x0000000092500000|  0%| F|  |TAMS 0x0000000092400000, 0x0000000092400000| Untracked 
| 293|0x0000000092500000, 0x0000000092500000, 0x0000000092600000|  0%| F|  |TAMS 0x0000000092500000, 0x0000000092500000| Untracked 
| 294|0x0000000092600000, 0x0000000092600000, 0x0000000092700000|  0%| F|  |TAMS 0x0000000092600000, 0x0000000092600000| Untracked 
| 295|0x0000000092700000, 0x0000000092700000, 0x0000000092800000|  0%| F|  |TAMS 0x0000000092700000, 0x0000000092700000| Untracked 
| 296|0x0000000092800000, 0x0000000092800000, 0x0000000092900000|  0%| F|  |TAMS 0x0000000092800000, 0x0000000092800000| Untracked 
| 297|0x0000000092900000, 0x0000000092900000, 0x0000000092a00000|  0%| F|  |TAMS 0x0000000092900000, 0x0000000092900000| Untracked 
| 298|0x0000000092a00000, 0x0000000092a00000, 0x0000000092b00000|  0%| F|  |TAMS 0x0000000092a00000, 0x0000000092a00000| Untracked 
| 299|0x0000000092b00000, 0x0000000092b00000, 0x0000000092c00000|  0%| F|  |TAMS 0x0000000092b00000, 0x0000000092b00000| Untracked 
| 300|0x0000000092c00000, 0x0000000092c00000, 0x0000000092d00000|  0%| F|  |TAMS 0x0000000092c00000, 0x0000000092c00000| Untracked 
| 301|0x0000000092d00000, 0x0000000092d00000, 0x0000000092e00000|  0%| F|  |TAMS 0x0000000092d00000, 0x0000000092d00000| Untracked 
| 302|0x0000000092e00000, 0x0000000092e00000, 0x0000000092f00000|  0%| F|  |TAMS 0x0000000092e00000, 0x0000000092e00000| Untracked 
| 303|0x0000000092f00000, 0x0000000092f00000, 0x0000000093000000|  0%| F|  |TAMS 0x0000000092f00000, 0x0000000092f00000| Untracked 
| 304|0x0000000093000000, 0x0000000093000000, 0x0000000093100000|  0%| F|  |TAMS 0x0000000093000000, 0x0000000093000000| Untracked 
| 305|0x0000000093100000, 0x0000000093100000, 0x0000000093200000|  0%| F|  |TAMS 0x0000000093100000, 0x0000000093100000| Untracked 
| 306|0x0000000093200000, 0x0000000093200000, 0x0000000093300000|  0%| F|  |TAMS 0x0000000093200000, 0x0000000093200000| Untracked 
| 307|0x0000000093300000, 0x0000000093300000, 0x0000000093400000|  0%| F|  |TAMS 0x0000000093300000, 0x0000000093300000| Untracked 
| 308|0x0000000093400000, 0x0000000093400000, 0x0000000093500000|  0%| F|  |TAMS 0x0000000093400000, 0x0000000093400000| Untracked 
| 309|0x0000000093500000, 0x0000000093500000, 0x0000000093600000|  0%| F|  |TAMS 0x0000000093500000, 0x0000000093500000| Untracked 

Card table byte_map: [0x0000000015360000,0x0000000015760000] _byte_map_base: 0x0000000014f60000

Marking Bits (Prev, Next): (CMBitMap*) 0x0000000002b06870, (CMBitMap*) 0x0000000002b068b0
 Prev Bits: [0x0000000015b60000, 0x0000000017b60000)
 Next Bits: [0x0000000017b60000, 0x0000000019b60000)

Polling page: 0x0000000000560000

Metaspace:

Usage:
  Non-class:    110.04 MB used.
      Class:     17.35 MB used.
       Both:    127.39 MB used.

Virtual space:
  Non-class space:      112.00 MB reserved,     110.56 MB ( 99%) committed,  14 nodes.
      Class space:        1.00 GB reserved,      17.88 MB (  2%) committed,  1 nodes.
             Both:        1.11 GB reserved,     128.44 MB ( 11%) committed. 

Chunk freelists:
   Non-Class:  1.23 MB
       Class:  2.16 MB
        Both:  3.40 MB

MaxMetaspaceSize: unlimited
CompressedClassSpaceSize: 1.00 GB
Initial GC threshold: 21.00 MB
Current GC threshold: 157.00 MB
CDS: off
MetaspaceReclaimPolicy: balanced
 - commit_granule_bytes: 65536.
 - commit_granule_words: 8192.
 - virtual_space_node_default_size: 1048576.
 - enlarge_chunks_in_place: 1.
 - new_chunks_are_fully_committed: 0.
 - uncommit_free_chunks: 1.
 - use_allocation_guard: 0.
 - handle_deallocations: 1.


Internal statistics:

num_allocs_failed_limit: 6.
num_arena_births: 1726.
num_arena_deaths: 0.
num_vsnodes_births: 15.
num_vsnodes_deaths: 0.
num_space_committed: 2054.
num_space_uncommitted: 0.
num_chunks_returned_to_freelist: 6.
num_chunks_taken_from_freelist: 6862.
num_chunk_merges: 6.
num_chunk_splits: 4494.
num_chunks_enlarged: 2920.
num_purges: 0.
num_inconsistent_stats: 0.

CodeHeap 'non-profiled nmethods': size=120064Kb used=11317Kb max_used=11317Kb free=108746Kb
 bounds [0x000000000da20000, 0x000000000e530000, 0x0000000014f60000]
CodeHeap 'profiled nmethods': size=120000Kb used=33744Kb max_used=33744Kb free=86255Kb
 bounds [0x0000000005f60000, 0x0000000008060000, 0x000000000d490000]
CodeHeap 'non-nmethods': size=5696Kb used=2457Kb max_used=2509Kb free=3238Kb
 bounds [0x000000000d490000, 0x000000000d720000, 0x000000000da20000]
 total_blobs=18427 nmethods=17415 adapters=925
 compilation: enabled
              stopped_count=0, restarted_count=0
 full_count=0

Compilation events (20 events):
Event: 1686.446 Thread 0x000000001c173900 20982       2       com.google.common.base.Splitter::access$000 (6 bytes)
Event: 1686.446 Thread 0x000000001c173900 nmethod 20982 0x000000000804c010 code [0x000000000804c1c0, 0x000000000804c308]
Event: 1686.447 Thread 0x000000001c173900 20983 %     3       com.google.gson.stream.JsonReader::nextQuotedValue @ 23 (271 bytes)
Event: 1686.449 Thread 0x000000001c173900 nmethod 20983% 0x000000000804c490 code [0x000000000804c800, 0x000000000804dc68]
Event: 1686.450 Thread 0x000000001c173900 20984       2       com.google.gson.stream.JsonReader::readEscapeCharacter (392 bytes)
Event: 1686.452 Thread 0x000000001c173900 nmethod 20984 0x000000000804e590 code [0x000000000804e8e0, 0x000000000804f568]
Event: 1686.454 Thread 0x000000001c173900 20985       3       com.google.gson.stream.JsonReader::nextQuotedValue (271 bytes)
Event: 1686.456 Thread 0x000000001c173900 nmethod 20985 0x000000000804fc10 code [0x000000000804ff80, 0x00000000080512a8]
Event: 1686.469 Thread 0x000000001c173900 20988       2       com.android.ide.common.blame.MergingLogPersistUtil::readCondensedPositions (79 bytes)
Event: 1686.470 Thread 0x000000001c173900 nmethod 20988 0x0000000008051b10 code [0x0000000008051da0, 0x0000000008052548]
Event: 1686.472 Thread 0x000000001c173900 20989       2       java.util.Spliterators$IteratorSpliterator::<init> (31 bytes)
Event: 1686.472 Thread 0x000000001c173900 nmethod 20989 0x0000000008052a90 code [0x0000000008052c20, 0x0000000008052dd8]
Event: 1686.483 Thread 0x000000001c173900 20993   !   2       java.io.BufferedReader::read (112 bytes)
Event: 1686.484 Thread 0x000000001c173900 nmethod 20993 0x0000000008052e90 code [0x00000000080530a0, 0x0000000008053628]
Event: 1686.485 Thread 0x000000001c172e60 nmethod 20815% 0x000000000e527c90 code [0x000000000e528000, 0x000000000e52a7c0]
Event: 1686.485 Thread 0x000000001c172e60 20987       4       com.google.common.base.CharMatcher::indexIn (48 bytes)
Event: 1686.492 Thread 0x000000001c172e60 nmethod 20987 0x000000000e52d010 code [0x000000000e52d1a0, 0x000000000e52d498]
Event: 1686.492 Thread 0x000000001c172e60 20994       4       com.google.gson.stream.JsonReader::nextQuotedValue (271 bytes)
Event: 1686.498 Thread 0x000000001c173900 20995       2       java.io.BufferedReader::read1 (171 bytes)
Event: 1686.498 Thread 0x000000001c173900 nmethod 20995 0x0000000008053a10 code [0x0000000008053c00, 0x0000000008053fb8]

GC Heap History (20 events):
Event: 1428.096 GC heap after
{Heap after GC invocations=84 (full 0):
 garbage-first heap   total 317440K, used 141158K [0x0000000080000000, 0x0000000100000000)
  region size 1024K, 2 young (2048K), 2 survivors (2048K)
 Metaspace       used 126289K, committed 127232K, reserved 1163264K
  class space    used 17290K, committed 17728K, reserved 1048576K
}
Event: 1451.697 GC heap before
{Heap before GC invocations=84 (full 0):
 garbage-first heap   total 317440K, used 180070K [0x0000000080000000, 0x0000000100000000)
  region size 1024K, 41 young (41984K), 2 survivors (2048K)
 Metaspace       used 126426K, committed 127296K, reserved 1163264K
  class space    used 17304K, committed 17728K, reserved 1048576K
}
Event: 1451.789 GC heap after
{Heap after GC invocations=85 (full 0):
 garbage-first heap   total 317440K, used 144553K [0x0000000080000000, 0x0000000100000000)
  region size 1024K, 5 young (5120K), 5 survivors (5120K)
 Metaspace       used 126426K, committed 127296K, reserved 1163264K
  class space    used 17304K, committed 17728K, reserved 1048576K
}
Event: 1459.444 GC heap before
{Heap before GC invocations=85 (full 0):
 garbage-first heap   total 317440K, used 164009K [0x0000000080000000, 0x0000000100000000)
  region size 1024K, 24 young (24576K), 5 survivors (5120K)
 Metaspace       used 126580K, committed 127488K, reserved 1163264K
  class space    used 17306K, committed 17792K, reserved 1048576K
}
Event: 1459.545 GC heap after
{Heap after GC invocations=86 (full 0):
 garbage-first heap   total 317440K, used 148002K [0x0000000080000000, 0x0000000100000000)
  region size 1024K, 3 young (3072K), 3 survivors (3072K)
 Metaspace       used 126580K, committed 127488K, reserved 1163264K
  class space    used 17306K, committed 17792K, reserved 1048576K
}
Event: 1465.098 GC heap before
{Heap before GC invocations=86 (full 0):
 garbage-first heap   total 317440K, used 187938K [0x0000000080000000, 0x0000000100000000)
  region size 1024K, 42 young (43008K), 3 survivors (3072K)
 Metaspace       used 126700K, committed 127680K, reserved 1163264K
  class space    used 17314K, committed 17792K, reserved 1048576K
}
Event: 1465.224 GC heap after
{Heap after GC invocations=87 (full 0):
 garbage-first heap   total 317440K, used 152576K [0x0000000080000000, 0x0000000100000000)
  region size 1024K, 6 young (6144K), 6 survivors (6144K)
 Metaspace       used 126700K, committed 127680K, reserved 1163264K
  class space    used 17314K, committed 17792K, reserved 1048576K
}
Event: 1465.502 GC heap before
{Heap before GC invocations=87 (full 0):
 garbage-first heap   total 317440K, used 160768K [0x0000000080000000, 0x0000000100000000)
  region size 1024K, 15 young (15360K), 6 survivors (6144K)
 Metaspace       used 126743K, committed 127680K, reserved 1163264K
  class space    used 17323K, committed 17792K, reserved 1048576K
}
Event: 1465.570 GC heap after
{Heap after GC invocations=88 (full 0):
 garbage-first heap   total 317440K, used 153793K [0x0000000080000000, 0x0000000100000000)
  region size 1024K, 1 young (1024K), 1 survivors (1024K)
 Metaspace       used 126743K, committed 127680K, reserved 1163264K
  class space    used 17323K, committed 17792K, reserved 1048576K
}
Event: 1676.478 GC heap before
{Heap before GC invocations=88 (full 0):
 garbage-first heap   total 317440K, used 206017K [0x0000000080000000, 0x0000000100000000)
  region size 1024K, 53 young (54272K), 1 survivors (1024K)
 Metaspace       used 127131K, committed 128128K, reserved 1163264K
  class space    used 17382K, committed 17856K, reserved 1048576K
}
Event: 1676.820 GC heap after
{Heap after GC invocations=89 (full 0):
 garbage-first heap   total 317440K, used 156618K [0x0000000080000000, 0x0000000100000000)
  region size 1024K, 4 young (4096K), 4 survivors (4096K)
 Metaspace       used 127131K, committed 128128K, reserved 1163264K
  class space    used 17382K, committed 17856K, reserved 1048576K
}
Event: 1681.323 GC heap before
{Heap before GC invocations=89 (full 0):
 garbage-first heap   total 317440K, used 183242K [0x0000000080000000, 0x0000000100000000)
  region size 1024K, 30 young (30720K), 4 survivors (4096K)
 Metaspace       used 127293K, committed 128256K, reserved 1163264K
  class space    used 17389K, committed 17856K, reserved 1048576K
}
Event: 1681.372 GC heap after
{Heap after GC invocations=90 (full 0):
 garbage-first heap   total 317440K, used 160268K [0x0000000080000000, 0x0000000100000000)
  region size 1024K, 4 young (4096K), 4 survivors (4096K)
 Metaspace       used 127293K, committed 128256K, reserved 1163264K
  class space    used 17389K, committed 17856K, reserved 1048576K
}
Event: 1684.593 GC heap before
{Heap before GC invocations=90 (full 0):
 garbage-first heap   total 317440K, used 202252K [0x0000000080000000, 0x0000000100000000)
  region size 1024K, 43 young (44032K), 4 survivors (4096K)
 Metaspace       used 128756K, committed 129728K, reserved 1163264K
  class space    used 17581K, committed 18048K, reserved 1048576K
}
Event: 1684.676 GC heap after
{Heap after GC invocations=91 (full 0):
 garbage-first heap   total 317440K, used 173332K [0x0000000080000000, 0x0000000100000000)
  region size 1024K, 6 young (6144K), 6 survivors (6144K)
 Metaspace       used 128756K, committed 129728K, reserved 1163264K
  class space    used 17581K, committed 18048K, reserved 1048576K
}
Event: 1685.309 GC heap before
{Heap before GC invocations=91 (full 0):
 garbage-first heap   total 317440K, used 192788K [0x0000000080000000, 0x0000000100000000)
  region size 1024K, 25 young (25600K), 6 survivors (6144K)
 Metaspace       used 129706K, committed 130688K, reserved 1163264K
  class space    used 17688K, committed 18176K, reserved 1048576K
}
Event: 1685.417 GC heap after
{Heap after GC invocations=92 (full 0):
 garbage-first heap   total 317440K, used 185344K [0x0000000080000000, 0x0000000100000000)
  region size 1024K, 4 young (4096K), 4 survivors (4096K)
 Metaspace       used 129706K, committed 130688K, reserved 1163264K
  class space    used 17688K, committed 18176K, reserved 1048576K
}
Event: 1685.773 GC heap before
{Heap before GC invocations=92 (full 0):
 garbage-first heap   total 317440K, used 195584K [0x0000000080000000, 0x0000000100000000)
  region size 1024K, 15 young (15360K), 4 survivors (4096K)
 Metaspace       used 130083K, committed 131136K, reserved 1163264K
  class space    used 17734K, committed 18304K, reserved 1048576K
}
Event: 1685.830 GC heap after
{Heap after GC invocations=93 (full 0):
 garbage-first heap   total 317440K, used 186746K [0x0000000080000000, 0x0000000100000000)
  region size 1024K, 1 young (1024K), 1 survivors (1024K)
 Metaspace       used 130083K, committed 131136K, reserved 1163264K
  class space    used 17734K, committed 18304K, reserved 1048576K
}
Event: 1686.565 GC heap before
{Heap before GC invocations=93 (full 0):
 garbage-first heap   total 317440K, used 226682K [0x0000000080000000, 0x0000000100000000)
  region size 1024K, 33 young (33792K), 1 survivors (1024K)
 Metaspace       used 130442K, committed 131520K, reserved 1163264K
  class space    used 17762K, committed 18304K, reserved 1048576K
}

Dll operation events (3 events):
Event: 0.076 Loaded shared library C:\Program Files\Android\Android Studio\jbr\bin\java.dll
Event: 0.541 Loaded shared library C:\Program Files\Android\Android Studio\jbr\bin\zip.dll
Event: 1.737 Loaded shared library C:\Program Files\Android\Android Studio\jbr\bin\verify.dll

Deoptimization events (20 events):
Event: 1686.210 Thread 0x000000001ef566e0 DEOPT PACKING pc=0x0000000008027be8 sp=0x0000000026ff9b50
Event: 1686.210 Thread 0x000000001ef566e0 DEOPT UNPACKING pc=0x000000000d4e7124 sp=0x0000000026ff9060 mode 0
Event: 1686.216 Thread 0x000000001ef566e0 DEOPT PACKING pc=0x000000000802c5c8 sp=0x0000000026ff9a20
Event: 1686.216 Thread 0x000000001ef566e0 DEOPT UNPACKING pc=0x000000000d4e7124 sp=0x0000000026ff8f30 mode 0
Event: 1686.232 Thread 0x000000001ef566e0 DEOPT PACKING pc=0x000000000802be27 sp=0x0000000026ff99e0
Event: 1686.232 Thread 0x000000001ef566e0 DEOPT UNPACKING pc=0x000000000d4e7124 sp=0x0000000026ff8e78 mode 0
Event: 1686.329 Thread 0x000000001ef566e0 Uncommon trap: trap_request=0xffffff45 fr.pc=0x000000000daa7e50 relative=0x0000000000000330
Event: 1686.329 Thread 0x000000001ef566e0 Uncommon trap: reason=unstable_if action=reinterpret pc=0x000000000daa7e50 method=java.lang.AbstractStringBuilder.isLatin1()Z @ 10 c2
Event: 1686.329 Thread 0x000000001ef566e0 DEOPT PACKING pc=0x000000000daa7e50 sp=0x0000000026ff9e40
Event: 1686.329 Thread 0x000000001ef566e0 DEOPT UNPACKING pc=0x000000000d4e699d sp=0x0000000026ff9dc0 mode 2
Event: 1686.391 Thread 0x000000001ef566e0 Uncommon trap: trap_request=0xffffff45 fr.pc=0x000000000da3d538 relative=0x0000000000000218
Event: 1686.391 Thread 0x000000001ef566e0 Uncommon trap: reason=unstable_if action=reinterpret pc=0x000000000da3d538 method=java.lang.String.getChars(II[CI)V @ 23 c2
Event: 1686.391 Thread 0x000000001ef566e0 DEOPT PACKING pc=0x000000000da3d538 sp=0x0000000026ff9d10
Event: 1686.391 Thread 0x000000001ef566e0 DEOPT UNPACKING pc=0x000000000d4e699d sp=0x0000000026ff9cd0 mode 2
Event: 1686.437 Thread 0x000000001ef566e0 Uncommon trap: trap_request=0xffffff45 fr.pc=0x000000000dddbab0 relative=0x0000000000001370
Event: 1686.437 Thread 0x000000001ef566e0 Uncommon trap: reason=unstable_if action=reinterpret pc=0x000000000dddbab0 method=com.google.gson.stream.JsonReader.nextQuotedValue(C)Ljava/lang/String; @ 96 c2
Event: 1686.437 Thread 0x000000001ef566e0 DEOPT PACKING pc=0x000000000dddbab0 sp=0x0000000026ff9750
Event: 1686.437 Thread 0x000000001ef566e0 DEOPT UNPACKING pc=0x000000000d4e699d sp=0x0000000026ff9768 mode 2
Event: 1686.456 Thread 0x000000001ef566e0 DEOPT PACKING pc=0x0000000008048140 sp=0x0000000026ff96d0
Event: 1686.456 Thread 0x000000001ef566e0 DEOPT UNPACKING pc=0x000000000d4e7124 sp=0x0000000026ff8bd8 mode 0

Classes unloaded (0 events):
No events

Classes redefined (0 events):
No events

Internal exceptions (20 events):
Event: 1502.037 Thread 0x000000001e633060 Exception <a 'java/lang/NoSuchMethodError'{0x00000000923fde30}: static Lorg/gradle/tooling/internal/provider/serialization/WellKnownClassLoaderRegistry$KnownClassLoaderSpec;.<clinit>()V> (0x00000000923fde30) 
thrown [s\src\hotspot\share\prims\jni.cpp, line 1108]
Event: 1502.037 Thread 0x000000001e633060 Exception <a 'java/lang/NoSuchMethodError'{0x00000000923ff358}: static Lorg/gradle/internal/classloader/ClassLoaderSpec;.<clinit>()V> (0x00000000923ff358) 
thrown [s\src\hotspot\share\prims\jni.cpp, line 1108]
Event: 1502.043 Thread 0x000000001e633060 Exception <a 'java/lang/NoSuchMethodError'{0x00000000922127b0}: static Lorg/gradle/internal/classloader/ClassLoaderSpec;.<clinit>()V> (0x00000000922127b0) 
thrown [s\src\hotspot\share\prims\jni.cpp, line 1108]
Event: 1502.048 Thread 0x000000001e633060 Exception <a 'java/lang/NoSuchMethodError'{0x000000009221ee70}: static Lorg/gradle/internal/classloader/VisitableURLClassLoader$Spec;.<clinit>()V> (0x000000009221ee70) 
thrown [s\src\hotspot\share\prims\jni.cpp, line 1108]
Event: 1502.080 Thread 0x000000001e633060 Exception <a 'java/lang/NoSuchMethodError'{0x0000000092232ab8}: static [Ljava/net/URL;.<clinit>()V> (0x0000000092232ab8) 
thrown [s\src\hotspot\share\prims\jni.cpp, line 1108]
Event: 1502.104 Thread 0x000000001e633060 Exception <a 'java/lang/NoSuchMethodError'{0x0000000092247b70}: static Lorg/gradle/internal/classloader/FilteringClassLoader$Spec;.<clinit>()V> (0x0000000092247b70) 
thrown [s\src\hotspot\share\prims\jni.cpp, line 1108]
Event: 1502.110 Thread 0x000000001e633060 Exception <a 'java/lang/NoSuchMethodError'{0x00000000922564c0}: static Lorg/gradle/internal/classloader/CachingClassLoader$Spec;.<clinit>()V> (0x00000000922564c0) 
thrown [s\src\hotspot\share\prims\jni.cpp, line 1108]
Event: 1672.538 Thread 0x00000000237f9bb0 Exception <a 'sun/nio/fs/WindowsException'{0x0000000091b7e630}> (0x0000000091b7e630) 
thrown [s\src\hotspot\share\prims\jni.cpp, line 517]
Event: 1672.550 Thread 0x00000000237f9bb0 Exception <a 'sun/nio/fs/WindowsException'{0x0000000091b7fca8}> (0x0000000091b7fca8) 
thrown [s\src\hotspot\share\prims\jni.cpp, line 517]
Event: 1672.551 Thread 0x00000000237f9bb0 Exception <a 'sun/nio/fs/WindowsException'{0x0000000091b81320}> (0x0000000091b81320) 
thrown [s\src\hotspot\share\prims\jni.cpp, line 517]
Event: 1672.553 Thread 0x00000000237f9bb0 Exception <a 'sun/nio/fs/WindowsException'{0x0000000091b84fc0}> (0x0000000091b84fc0) 
thrown [s\src\hotspot\share\prims\jni.cpp, line 517]
Event: 1678.068 Thread 0x00000000237f9bb0 Exception <a 'sun/nio/fs/WindowsException'{0x0000000092f14a48}> (0x0000000092f14a48) 
thrown [s\src\hotspot\share\prims\jni.cpp, line 517]
Event: 1678.458 Thread 0x00000000237f9bb0 Exception <a 'java/lang/NoSuchMethodError'{0x0000000092e12c10}: 'org.gradle.internal.buildoption.BuildOption$Value org.gradle.api.internal.StartParameterInternal.getIsolatedProjects()'> (0x0000000092e12c10) 
thrown [s\src\hotspot\share\interpreter\linkResolver.cpp, line 771]
Event: 1680.504 Thread 0x00000000237f9bb0 Exception <a 'sun/nio/fs/WindowsException'{0x00000000921ff2e8}> (0x00000000921ff2e8) 
thrown [s\src\hotspot\share\prims\jni.cpp, line 517]
Event: 1680.684 Thread 0x00000000237f9bb0 Exception <a 'sun/nio/fs/WindowsException'{0x00000000920a3330}> (0x00000000920a3330) 
thrown [s\src\hotspot\share\prims\jni.cpp, line 517]
Event: 1680.686 Thread 0x00000000237f9bb0 Exception <a 'sun/nio/fs/WindowsException'{0x00000000920a46c8}> (0x00000000920a46c8) 
thrown [s\src\hotspot\share\prims\jni.cpp, line 517]
Event: 1680.686 Thread 0x00000000237f9bb0 Exception <a 'sun/nio/fs/WindowsException'{0x00000000920a5ab0}> (0x00000000920a5ab0) 
thrown [s\src\hotspot\share\prims\jni.cpp, line 517]
Event: 1680.686 Thread 0x00000000237f9bb0 Exception <a 'sun/nio/fs/WindowsException'{0x00000000920a6e98}> (0x00000000920a6e98) 
thrown [s\src\hotspot\share\prims\jni.cpp, line 517]
Event: 1681.514 Thread 0x000000001ef566e0 Exception <a 'sun/nio/fs/WindowsException'{0x0000000093553d08}> (0x0000000093553d08) 
thrown [s\src\hotspot\share\prims\jni.cpp, line 517]
Event: 1686.112 Thread 0x000000001ef566e0 Implicit null exception at 0x000000000e50a967 to 0x000000000e50b3fc

VM Operations (20 events):
Event: 1681.372 Executing VM operation: G1CollectForAllocation done
Event: 1682.373 Executing VM operation: Cleanup
Event: 1682.373 Executing VM operation: Cleanup done
Event: 1684.374 Executing VM operation: Cleanup
Event: 1684.375 Executing VM operation: Cleanup done
Event: 1684.593 Executing VM operation: G1CollectForAllocation
Event: 1684.679 Executing VM operation: G1CollectForAllocation done
Event: 1684.696 Executing VM operation: HandshakeAllThreads
Event: 1684.696 Executing VM operation: HandshakeAllThreads done
Event: 1685.267 Executing VM operation: HandshakeAllThreads
Event: 1685.268 Executing VM operation: HandshakeAllThreads done
Event: 1685.309 Executing VM operation: G1CollectForAllocation
Event: 1685.418 Executing VM operation: G1CollectForAllocation done
Event: 1685.688 Executing VM operation: HandshakeAllThreads
Event: 1685.688 Executing VM operation: HandshakeAllThreads done
Event: 1685.772 Executing VM operation: G1CollectForAllocation
Event: 1685.830 Executing VM operation: G1CollectForAllocation done
Event: 1685.991 Executing VM operation: HandshakeAllThreads
Event: 1685.991 Executing VM operation: HandshakeAllThreads done
Event: 1686.565 Executing VM operation: G1CollectForAllocation

Events (20 events):
Event: 1685.543 loading class org/xml/sax/ext/DeclHandler done
Event: 1685.543 loading class org/xml/sax/ext/DefaultHandler2 done
Event: 1685.562 loading class org/xml/sax/DocumentHandler
Event: 1685.563 loading class org/xml/sax/DocumentHandler done
Event: 1685.735 loading class java/util/concurrent/ConcurrentLinkedDeque
Event: 1685.739 loading class java/util/concurrent/ConcurrentLinkedDeque done
Event: 1685.739 loading class java/util/concurrent/ConcurrentLinkedDeque$Node
Event: 1685.740 loading class java/util/concurrent/ConcurrentLinkedDeque$Node done
Event: 1685.997 loading class org/w3c/dom/DOMImplementation
Event: 1685.997 loading class org/w3c/dom/DOMImplementation done
Event: 1685.999 loading class org/w3c/dom/ls/DOMImplementationLS
Event: 1686.000 loading class org/w3c/dom/ls/DOMImplementationLS done
Event: 1686.002 loading class org/w3c/dom/ls/LSInput
Event: 1686.003 loading class org/w3c/dom/ls/LSInput done
Event: 1686.003 loading class org/w3c/dom/ls/LSParser
Event: 1686.004 loading class org/w3c/dom/ls/LSParser done
Event: 1686.004 loading class org/w3c/dom/ls/LSOutput
Event: 1686.005 loading class org/w3c/dom/ls/LSOutput done
Event: 1686.006 loading class org/w3c/dom/ls/LSSerializer
Event: 1686.006 loading class org/w3c/dom/ls/LSSerializer done


Dynamic libraries:
0x00007ff7e2880000 - 0x00007ff7e288a000 	C:\Program Files\Android\Android Studio\jbr\bin\java.exe
0x00007ff8a5610000 - 0x00007ff8a5827000 	C:\Windows\SYSTEM32\ntdll.dll
0x00007ff8a4c80000 - 0x00007ff8a4d44000 	C:\Windows\System32\KERNEL32.DLL
0x00007ff8a2ea0000 - 0x00007ff8a3273000 	C:\Windows\System32\KERNELBASE.dll
0x00007ff89f460000 - 0x00007ff89f4f7000 	C:\Windows\SYSTEM32\apphelp.dll
0x00007ff8a2d50000 - 0x00007ff8a2e61000 	C:\Windows\System32\ucrtbase.dll
0x00007ff892760000 - 0x00007ff89277b000 	C:\Program Files\Android\Android Studio\jbr\bin\VCRUNTIME140.dll
0x00007ff892530000 - 0x00007ff892547000 	C:\Program Files\Android\Android Studio\jbr\bin\jli.dll
0x00007ff8a4da0000 - 0x00007ff8a4f51000 	C:\Windows\System32\USER32.dll
0x00007ff8a2e70000 - 0x00007ff8a2e96000 	C:\Windows\System32\win32u.dll
0x00007ff8a3980000 - 0x00007ff8a39a9000 	C:\Windows\System32\GDI32.dll
0x00007ff88de70000 - 0x00007ff88e108000 	C:\Windows\WinSxS\amd64_microsoft.windows.common-controls_6595b64144ccf1df_6.0.22621.5124_none_270e8f4f7386d69d\COMCTL32.dll
0x00007ff8a2930000 - 0x00007ff8a2a4b000 	C:\Windows\System32\gdi32full.dll
0x00007ff8a2720000 - 0x00007ff8a27ba000 	C:\Windows\System32\msvcp_win.dll
0x00007ff8a32f0000 - 0x00007ff8a3397000 	C:\Windows\System32\msvcrt.dll
0x00007ff8a32b0000 - 0x00007ff8a32e1000 	C:\Windows\System32\IMM32.DLL
0x00007ff892750000 - 0x00007ff89275c000 	C:\Program Files\Android\Android Studio\jbr\bin\vcruntime140_1.dll
0x00007ff888ff0000 - 0x00007ff88907d000 	C:\Program Files\Android\Android Studio\jbr\bin\msvcp140.dll
0x00007ff85f280000 - 0x00007ff85feee000 	C:\Program Files\Android\Android Studio\jbr\bin\server\jvm.dll
0x00007ff8a39b0000 - 0x00007ff8a3a61000 	C:\Windows\System32\ADVAPI32.dll
0x00007ff8a4310000 - 0x00007ff8a43b7000 	C:\Windows\System32\sechost.dll
0x00007ff8a3280000 - 0x00007ff8a32a8000 	C:\Windows\System32\bcrypt.dll
0x00007ff8a33a0000 - 0x00007ff8a34b4000 	C:\Windows\System32\RPCRT4.dll
0x00007ff89c3c0000 - 0x00007ff89c3f4000 	C:\Windows\SYSTEM32\WINMM.dll
0x00007ff871570000 - 0x00007ff871579000 	C:\Windows\SYSTEM32\WSOCK32.dll
0x00007ff8a51b0000 - 0x00007ff8a5221000 	C:\Windows\System32\WS2_32.dll
0x00007ff891240000 - 0x00007ff89124a000 	C:\Windows\SYSTEM32\VERSION.dll
0x00007ff8a1720000 - 0x00007ff8a1738000 	C:\Windows\SYSTEM32\kernel.appcore.dll
0x00007ff89f320000 - 0x00007ff89f32a000 	C:\Program Files\Android\Android Studio\jbr\bin\jimage.dll
0x00007ff8a0060000 - 0x00007ff8a0292000 	C:\Windows\SYSTEM32\DBGHELP.DLL
0x00007ff8a5230000 - 0x00007ff8a55c2000 	C:\Windows\System32\combase.dll
0x00007ff8a3740000 - 0x00007ff8a3817000 	C:\Windows\System32\OLEAUT32.dll
0x00007ff88db20000 - 0x00007ff88db52000 	C:\Windows\SYSTEM32\dbgcore.DLL
0x00007ff8a2a50000 - 0x00007ff8a2acb000 	C:\Windows\System32\bcryptPrimitives.dll
0x00007ff8927a0000 - 0x00007ff8927ae000 	C:\Program Files\Android\Android Studio\jbr\bin\instrument.dll
0x00007ff89cbb0000 - 0x00007ff89cbd5000 	C:\Program Files\Android\Android Studio\jbr\bin\java.dll
0x00007ff892800000 - 0x00007ff892818000 	C:\Program Files\Android\Android Studio\jbr\bin\zip.dll
0x00007ff8a43e0000 - 0x00007ff8a4c76000 	C:\Windows\System32\SHELL32.dll
0x00007ff8a2c10000 - 0x00007ff8a2d4f000 	C:\Windows\System32\wintypes.dll
0x00007ff8a0600000 - 0x00007ff8a0f1a000 	C:\Windows\SYSTEM32\windows.storage.dll
0x00007ff8a3d70000 - 0x00007ff8a3e7a000 	C:\Windows\System32\SHCORE.dll
0x00007ff8a5140000 - 0x00007ff8a51a3000 	C:\Windows\System32\shlwapi.dll
0x00007ff8a2650000 - 0x00007ff8a267b000 	C:\Windows\SYSTEM32\profapi.dll
0x00007ff8926b0000 - 0x00007ff8926c9000 	C:\Program Files\Android\Android Studio\jbr\bin\net.dll
0x00007ff89b150000 - 0x00007ff89b27c000 	C:\Windows\SYSTEM32\WINHTTP.dll
0x00007ff8a1ba0000 - 0x00007ff8a1c0a000 	C:\Windows\system32\mswsock.dll
0x00007ff892690000 - 0x00007ff8926a6000 	C:\Program Files\Android\Android Studio\jbr\bin\nio.dll
0x00007ff89d7c0000 - 0x00007ff89d7d0000 	C:\Program Files\Android\Android Studio\jbr\bin\verify.dll
0x00007ff88cd00000 - 0x00007ff88cd27000 	C:\Program Files\Android\Android Studio\jbr\native\68d5fa5c4cc2d200863cafc0d521ce42e7d3e7ee720ec0a83991735586a16f82\windows-amd64\native-platform.dll
0x00007ff860b20000 - 0x00007ff860c64000 	C:\Program Files\Android\Android Studio\jbr\native\e376f236ea51e6404a007f0833ffe2c6e607c4080706a723a18a27aeea778392\windows-amd64\native-platform-file-events.dll
0x00007ff89cba0000 - 0x00007ff89cba9000 	C:\Program Files\Android\Android Studio\jbr\bin\management.dll
0x00007ff8927f0000 - 0x00007ff8927fb000 	C:\Program Files\Android\Android Studio\jbr\bin\management_ext.dll
0x00007ff8a43c0000 - 0x00007ff8a43c8000 	C:\Windows\System32\PSAPI.DLL
0x00007ff8a1dc0000 - 0x00007ff8a1ddb000 	C:\Windows\SYSTEM32\CRYPTSP.dll
0x00007ff8a1680000 - 0x00007ff8a16b7000 	C:\Windows\system32\rsaenh.dll
0x00007ff8a1c60000 - 0x00007ff8a1c88000 	C:\Windows\SYSTEM32\USERENV.dll
0x00007ff8a1de0000 - 0x00007ff8a1dec000 	C:\Windows\SYSTEM32\CRYPTBASE.dll
0x00007ff8a11c0000 - 0x00007ff8a11ed000 	C:\Windows\SYSTEM32\IPHLPAPI.DLL
0x00007ff8a3e80000 - 0x00007ff8a3e89000 	C:\Windows\System32\NSI.dll
0x00007ff89af90000 - 0x00007ff89afa9000 	C:\Windows\SYSTEM32\dhcpcsvc6.DLL
0x00007ff89af20000 - 0x00007ff89af3f000 	C:\Windows\SYSTEM32\dhcpcsvc.DLL
0x00007ff8a1240000 - 0x00007ff8a1342000 	C:\Windows\SYSTEM32\DNSAPI.dll
0x00007ff873ad0000 - 0x00007ff873ad8000 	C:\Windows\system32\wshunix.dll
0x00007ff868ca0000 - 0x00007ff868cb7000 	C:\Windows\system32\napinsp.dll
0x00007ff862b70000 - 0x00007ff862b8b000 	C:\Windows\system32\pnrpnsp.dll
0x00007ff861850000 - 0x00007ff861861000 	C:\Windows\System32\winrnr.dll
0x00007ff86c840000 - 0x00007ff86c855000 	C:\Windows\system32\wshbth.dll
0x00007ff86b170000 - 0x00007ff86b197000 	C:\Windows\system32\nlansp_c.dll
0x00007ff892be0000 - 0x00007ff892bea000 	C:\Windows\System32\rasadhlp.dll
0x00007ff898fe0000 - 0x00007ff899063000 	C:\Windows\System32\fwpuclnt.dll
0x00007ff888ef0000 - 0x00007ff888ef7000 	C:\Program Files\Android\Android Studio\jbr\bin\rmi.dll

dbghelp: loaded successfully - version: 4.0.5 - missing functions: none
symbol engine: initialized successfully - sym options: 0x614 - pdb path: .;C:\Program Files\Android\Android Studio\jbr\bin;C:\Windows\SYSTEM32;C:\Windows\WinSxS\amd64_microsoft.windows.common-controls_6595b64144ccf1df_6.0.22621.5124_none_270e8f4f7386d69d;C:\Program Files\Android\Android Studio\jbr\bin\server;C:\Program Files\Android\Android Studio\jbr\native\68d5fa5c4cc2d200863cafc0d521ce42e7d3e7ee720ec0a83991735586a16f82\windows-amd64;C:\Program Files\Android\Android Studio\jbr\native\e376f236ea51e6404a007f0833ffe2c6e607c4080706a723a18a27aeea778392\windows-amd64

VM Arguments:
jvm_args: --add-opens=java.base/java.util=ALL-UNNAMED --add-opens=java.base/java.lang=ALL-UNNAMED --add-opens=java.base/java.lang.invoke=ALL-UNNAMED --add-opens=java.prefs/java.util.prefs=ALL-UNNAMED --add-opens=java.base/java.nio.charset=ALL-UNNAMED --add-opens=java.base/java.net=ALL-UNNAMED --add-opens=java.base/java.util.concurrent.atomic=ALL-UNNAMED -Xmx2048m -Dfile.encoding=UTF-8 -Duser.country=US -Duser.language=en -Duser.variant -javaagent:C:\Program Files\Android\Android Studio\jbr\wrapper\dists\gradle-8.1.1-all\bs1rrjki8hh9bujwbsqnxtuzr\gradle-8.1.1\lib\agents\gradle-instrumentation-agent-8.1.1.jar 
java_command: org.gradle.launcher.daemon.bootstrap.GradleDaemon 8.1.1
java_class_path (initial): C:\Program Files\Android\Android Studio\jbr\wrapper\dists\gradle-8.1.1-all\bs1rrjki8hh9bujwbsqnxtuzr\gradle-8.1.1\lib\gradle-launcher-8.1.1.jar
Launcher Type: SUN_STANDARD

[Global flags]
     intx CICompilerCount                          = 2                                         {product} {ergonomic}
     uint ConcGCThreads                            = 1                                         {product} {ergonomic}
     uint G1ConcRefinementThreads                  = 2                                         {product} {ergonomic}
   size_t G1HeapRegionSize                         = 1048576                                   {product} {ergonomic}
    uintx GCDrainStackTargetSize                   = 64                                        {product} {ergonomic}
   size_t InitialHeapSize                          = 62914560                                  {product} {ergonomic}
   size_t MarkStackSize                            = 4194304                                   {product} {ergonomic}
   size_t MaxHeapSize                              = 2147483648                                {product} {command line}
   size_t MaxNewSize                               = 1287651328                                {product} {ergonomic}
   size_t MinHeapDeltaBytes                        = 1048576                                   {product} {ergonomic}
   size_t MinHeapSize                              = 8388608                                   {product} {ergonomic}
    uintx NonNMethodCodeHeapSize                   = 5826188                                {pd product} {ergonomic}
    uintx NonProfiledCodeHeapSize                  = 122916026                              {pd product} {ergonomic}
    uintx ProfiledCodeHeapSize                     = 122916026                              {pd product} {ergonomic}
    uintx ReservedCodeCacheSize                    = 251658240                              {pd product} {ergonomic}
     bool SegmentedCodeCache                       = true                                      {product} {ergonomic}
   size_t SoftMaxHeapSize                          = 2147483648                             {manageable} {ergonomic}
     bool UseCompressedClassPointers               = true                           {product lp64_product} {ergonomic}
     bool UseCompressedOops                        = true                           {product lp64_product} {ergonomic}
     bool UseG1GC                                  = true                                      {product} {ergonomic}
     bool UseLargePagesIndividualAllocation        = false                                  {pd product} {ergonomic}

Logging:
Log output configuration:
 #0: stdout all=warning uptime,level,tags
 #1: stderr all=off uptime,level,tags

Environment Variables:
JAVA_HOME=C:\Program Files\Android\Android Studio\jbr

PATH=C:\Program Files (x86)\Common Files\Oracle\Java\java8path;C:\Program Files (x86)\Common Files\Oracle\Java\javapath;C:\Python312\Scripts\;C:\Python312\;C:\Windows\system32;C:\Windows;C:\Windows\System32\Wbem;C:\Windows\System32\WindowsPowerShell\v1.0\;C:\Windows\System32\OpenSSH\;C:\Program Files\dotnet\;C:\Program Files\Microsoft VS Code\bin;C:\Program Files\Git\cmd;C:\ProgramData\chocolatey\bin;C:\Program Files\Android\Android Studio\jbr\bin;C:\Program Files\Java\jdk-23\bin;C:\cygwin64\bin;C:\Program Files\usbipd-win\;C:\xampp\php;C:\ProgramData\ComposerSetup\bin;C:\Users\Admin\AppData\Local\Microsoft\WindowsApps;C:\Users\Admin\AppData\Local\Programs\Microsoft VS Code\bin;C:\Users\Admin\AppData\Local\spicetify;C:\Users\Admin\AppData\Roaming\npm;C:\Program Files\PostgreSQL\17\bin;C:\Users\Admin\AppData\Roaming\Composer\vendor\bin;C:\adb;C:\xampp\mysql\bin;;c:\Users\Admin\AppData\Local\Programs\cursor\resources\app\bin;C:\Program Files\nodejs\;C:\Users\Admin\AppData\Roaming\Python\Python312\Scripts
USERNAME=Admin
OS=Windows_NT
PROCESSOR_IDENTIFIER=Intel64 Family 6 Model 122 Stepping 8, GenuineIntel
TMP=C:\Users\Admin\AppData\Local\Temp
TEMP=C:\Users\Admin\AppData\Local\Temp


JNI global refs:
JNI global refs: 26, weak refs: 13

JNI global refs memory usage: 843, weak refs: 841


---------------  S Y S T E M  ---------------

OS:
 Windows 11 , 64 bit Build 22621 (10.0.22621.5124)
OS uptime: 0 days 10:03 hours
Hyper-V role detected

CPU: total 2 (initial active 2) (2 cores per cpu, 1 threads per core) family 6 model 122 stepping 8 microcode 0x20, cx8, cmov, fxsr, mmx, 3dnowpref, sse, sse2, sse3, ssse3, sse4.1, sse4.2, popcnt, tsc, tscinvbit, aes, erms, clmul, sha, clflush, clflushopt, hv

Memory: 4k page, system-wide physical 3737M (61M free)
TotalPageFile size 9881M (AvailPageFile size 60M)
current process WorkingSet (physical memory assigned to process): 329M, peak: 487M
current process commit charge ("private bytes"): 646M, peak: 956M

vm_info: OpenJDK 64-Bit Server VM (17.0.6+0-b2043.56-10027231) for windows-amd64 JRE (17.0.6+0-b2043.56-10027231), built on Apr 28 2023 00:43:19 by "androidbuild" with MS VC++ 16.10 / 16.11 (VS2019)

END.
