#
# There is insufficient memory for the Java Runtime Environment to continue.
# Native memory allocation (mmap) failed to map 174063616 bytes for G1 virtual space
# Possible reasons:
#   The system is out of physical RAM or swap space
#   The process is running with CompressedOops enabled, and the Java Heap may be blocking the growth of the native heap
# Possible solutions:
#   Reduce memory load on the system
#   Increase physical memory or swap space
#   Check if swap backing store is full
#   Decrease Java heap size (-Xmx/-Xms)
#   Decrease number of Java threads
#   Decrease Java thread stack sizes (-Xss)
#   Set larger code cache with -XX:ReservedCodeCacheSize=
#   JVM is running with Unscaled Compressed Oops mode in which the Java heap is
#     placed in the first 4GB address space. The Java Heap base address is the
#     maximum limit for the native heap growth. Please use -XX:HeapBaseMinAddress
#     to set the Java Heap base and to place the Java Heap above 4GB virtual address.
# This output file may be truncated or incomplete.
#
#  Out of Memory Error (os_windows.cpp:3769), pid=7316, tid=6164
#
# JRE version: OpenJDK Runtime Environment (17.0.6) (build 17.0.6+0-b2043.56-10027231)
# Java VM: OpenJDK 64-Bit Server VM (17.0.6+0-b2043.56-10027231, mixed mode, tiered, compressed oops, compressed class ptrs, g1 gc, windows-amd64)
# No core dump will be written. Minidumps are not enabled by default on client versions of Windows
#

---------------  S U M M A R Y ------------

Command Line: --add-opens=java.base/java.util=ALL-UNNAMED --add-opens=java.base/java.lang=ALL-UNNAMED --add-opens=java.base/java.lang.invoke=ALL-UNNAMED --add-opens=java.prefs/java.util.prefs=ALL-UNNAMED --add-opens=java.base/java.nio.charset=ALL-UNNAMED --add-opens=java.base/java.net=ALL-UNNAMED --add-opens=java.base/java.util.concurrent.atomic=ALL-UNNAMED -Xmx2048m -Dfile.encoding=UTF-8 -Duser.country=US -Duser.language=en -Duser.variant -javaagent:C:\Program Files\Android\Android Studio\jbr\wrapper\dists\gradle-8.1.1-all\bs1rrjki8hh9bujwbsqnxtuzr\gradle-8.1.1\lib\agents\gradle-instrumentation-agent-8.1.1.jar org.gradle.launcher.daemon.bootstrap.GradleDaemon 8.1.1

Host: Intel(R) Celeron(R) N4020 CPU @ 1.10GHz, 2 cores, 3G,  Windows 11 , 64 bit Build 22621 (10.0.22621.5124)
Time: Tue Apr 22 00:31:23 2025 SE Asia Standard Time elapsed time: 86.792490 seconds (0d 0h 1m 26s)

---------------  T H R E A D  ---------------

Current thread (0x000000001c08d410):  VMThread "VM Thread" [stack: 0x000000001c0d0000,0x000000001c1d0000] [id=6164]

Stack: [0x000000001c0d0000,0x000000001c1d0000]
Native frames: (J=compiled Java code, j=interpreted, Vv=VM code, C=native code)
V  [jvm.dll+0x683c9a]
V  [jvm.dll+0x8427a4]
V  [jvm.dll+0x843f9e]
V  [jvm.dll+0x844603]
V  [jvm.dll+0x249b75]
V  [jvm.dll+0x680b69]
V  [jvm.dll+0x67505a]
V  [jvm.dll+0x309acb]
V  [jvm.dll+0x310f86]
V  [jvm.dll+0x3608ee]
V  [jvm.dll+0x360b1f]
V  [jvm.dll+0x2dfbf8]
V  [jvm.dll+0x2ddec4]
V  [jvm.dll+0x2dd4cc]
V  [jvm.dll+0x321f3b]
V  [jvm.dll+0x848ccb]
V  [jvm.dll+0x849a04]
V  [jvm.dll+0x849f1d]
V  [jvm.dll+0x84a2f4]
V  [jvm.dll+0x84a3c0]
V  [jvm.dll+0x7f274a]
V  [jvm.dll+0x682ad5]
C  [ucrtbase.dll+0x29333]
C  [KERNEL32.DLL+0x1259d]
C  [ntdll.dll+0x5af38]

VM_Operation (0x000000001e50d630): G1CollectForAllocation, mode: safepoint, requested by thread 0x000000001f8c5ae0


---------------  P R O C E S S  ---------------

Threads class SMR info:
_java_thread_list=0x0000000026d34000, length=52, elements={
0x0000000002ab14b0, 0x000000001c05d1f0, 0x000000001c05e800, 0x000000001cd2b410,
0x000000001cd2c280, 0x000000001cd2dda0, 0x000000001cd2e750, 0x000000001cd2fbd0,
0x000000001cd30670, 0x000000001cd6aaa0, 0x000000001cdd2e00, 0x000000001d004880,
0x000000001f8c5ae0, 0x000000001fcdc9d0, 0x000000001f817470, 0x000000001fd1f660,
0x000000002023fef0, 0x000000001fc66ec0, 0x000000001fc669f0, 0x000000001fc66050,
0x000000001fc66520, 0x000000001fc67860, 0x000000001d0a4750, 0x000000001d0aa790,
0x000000001d0a55c0, 0x000000001d0a9920, 0x000000001d0a4c20, 0x000000001d0a7c40,
0x000000001d0a72a0, 0x000000001d0a4280, 0x000000001d0a9df0, 0x000000001d0a50f0,
0x000000001d0a5a90, 0x000000001d0a3db0, 0x000000001d0a5f60, 0x000000001d0a6430,
0x000000001d0a6900, 0x000000001d0aa2c0, 0x000000001d0aac60, 0x000000001d0ab130,
0x0000000022b16670, 0x0000000022b15330, 0x0000000022b11e40, 0x0000000022b11970,
0x0000000022b12310, 0x0000000022b0f2f0, 0x0000000022b16b40, 0x0000000022b0f7c0,
0x0000000022b10160, 0x0000000022b127e0, 0x0000000022b10630, 0x0000000022b13650
}

Java Threads: ( => current thread )
  0x0000000002ab14b0 JavaThread "main" [_thread_blocked, id=9016, stack(0x0000000002160000,0x0000000002260000)]
  0x000000001c05d1f0 JavaThread "Reference Handler" daemon [_thread_blocked, id=3480, stack(0x000000001c1d0000,0x000000001c2d0000)]
  0x000000001c05e800 JavaThread "Finalizer" daemon [_thread_blocked, id=7472, stack(0x000000001c2d0000,0x000000001c3d0000)]
  0x000000001cd2b410 JavaThread "Signal Dispatcher" daemon [_thread_blocked, id=4560, stack(0x000000001d110000,0x000000001d210000)]
  0x000000001cd2c280 JavaThread "Attach Listener" daemon [_thread_blocked, id=1428, stack(0x000000001d210000,0x000000001d310000)]
  0x000000001cd2dda0 JavaThread "Service Thread" daemon [_thread_blocked, id=9952, stack(0x000000001d310000,0x000000001d410000)]
  0x000000001cd2e750 JavaThread "Monitor Deflation Thread" daemon [_thread_blocked, id=7360, stack(0x000000001d410000,0x000000001d510000)]
  0x000000001cd2fbd0 JavaThread "C2 CompilerThread0" daemon [_thread_blocked, id=8584, stack(0x000000001d510000,0x000000001d610000)]
  0x000000001cd30670 JavaThread "C1 CompilerThread0" daemon [_thread_blocked, id=8724, stack(0x000000001d610000,0x000000001d710000)]
  0x000000001cd6aaa0 JavaThread "Sweeper thread" daemon [_thread_blocked, id=3500, stack(0x000000001d710000,0x000000001d810000)]
  0x000000001cdd2e00 JavaThread "Common-Cleaner" daemon [_thread_blocked, id=1952, stack(0x000000001d810000,0x000000001d910000)]
  0x000000001d004880 JavaThread "Notification Thread" daemon [_thread_blocked, id=4076, stack(0x000000001d910000,0x000000001da10000)]
  0x000000001f8c5ae0 JavaThread "Daemon health stats" [_thread_blocked, id=4976, stack(0x000000001e410000,0x000000001e510000)]
  0x000000001fcdc9d0 JavaThread "Incoming local TCP Connector on port 49904" [_thread_in_native, id=9396, stack(0x000000001e510000,0x000000001e610000)]
  0x000000001f817470 JavaThread "Daemon periodic checks" [_thread_blocked, id=10612, stack(0x00000000212e0000,0x00000000213e0000)]
  0x000000001fd1f660 JavaThread "Daemon" [_thread_blocked, id=11224, stack(0x00000000213e0000,0x00000000214e0000)]
  0x000000002023fef0 JavaThread "Handler for socket connection from /127.0.0.1:49904 to /127.0.0.1:49905" [_thread_in_native, id=10600, stack(0x00000000214e0000,0x00000000215e0000)]
  0x000000001fc66ec0 JavaThread "Cancel handler" [_thread_blocked, id=10540, stack(0x00000000215e0000,0x00000000216e0000)]
  0x000000001fc669f0 JavaThread "Daemon worker" [_thread_blocked, id=11096, stack(0x00000000216e0000,0x00000000217e0000)]
  0x000000001fc66050 JavaThread "Asynchronous log dispatcher for DefaultDaemonConnection: socket connection from /127.0.0.1:49904 to /127.0.0.1:49905" [_thread_blocked, id=9008, stack(0x0000000022100000,0x0000000022200000)]
  0x000000001fc66520 JavaThread "Daemon client event forwarder" [_thread_blocked, id=1060, stack(0x0000000022300000,0x0000000022400000)]
  0x000000001fc67860 JavaThread "Cache worker for journal cache (C:\Program Files\Android\Android Studio\jbr\caches\journal-1)" [_thread_blocked, id=9664, stack(0x00000000233d0000,0x00000000234d0000)]
  0x000000001d0a4750 JavaThread "File lock request listener" [_thread_in_native, id=10604, stack(0x0000000023740000,0x0000000023840000)]
  0x000000001d0aa790 JavaThread "Cache worker for file hash cache (C:\Program Files\Android\Android Studio\jbr\caches\8.1.1\fileHashes)" [_thread_blocked, id=2296, stack(0x0000000023a10000,0x0000000023b10000)]
  0x000000001d0a55c0 JavaThread "File watcher server" daemon [_thread_blocked, id=10360, stack(0x00000000234d0000,0x00000000235d0000)]
  0x000000001d0a9920 JavaThread "File watcher consumer" daemon [_thread_blocked, id=2888, stack(0x00000000235d0000,0x00000000236d0000)]
  0x000000001d0a4c20 JavaThread "Cache worker for checksums cache (C:\Users\Admin\AndroidStudioProjects\kurirkilat\.gradle\8.1.1\checksums)" [_thread_blocked, id=8984, stack(0x0000000023840000,0x0000000023940000)]
  0x000000001d0a7c40 JavaThread "Cache worker for cache directory md-rule (C:\Program Files\Android\Android Studio\jbr\caches\8.1.1\md-rule)" [_thread_blocked, id=624, stack(0x0000000024400000,0x0000000024500000)]
  0x000000001d0a72a0 JavaThread "Cache worker for file content cache (C:\Program Files\Android\Android Studio\jbr\caches\8.1.1\fileContent)" [_thread_blocked, id=10344, stack(0x0000000024500000,0x0000000024600000)]
  0x000000001d0a4280 JavaThread "Cache worker for file hash cache (C:\Users\Admin\AndroidStudioProjects\kurirkilat\.gradle\8.1.1\fileHashes)" [_thread_blocked, id=11236, stack(0x0000000024600000,0x0000000024700000)]
  0x000000001d0a9df0 JavaThread "Cache worker for cache directory md-supplier (C:\Program Files\Android\Android Studio\jbr\caches\8.1.1\md-supplier)" [_thread_blocked, id=6340, stack(0x0000000024700000,0x0000000024800000)]
  0x000000001d0a50f0 JavaThread "Cache worker for execution history cache (C:\Program Files\Android\Android Studio\jbr\caches\8.1.1\executionHistory)" [_thread_blocked, id=9208, stack(0x0000000024800000,0x0000000024900000)]
  0x000000001d0a5a90 JavaThread "jar transforms" [_thread_blocked, id=10916, stack(0x0000000024900000,0x0000000024a00000)]
  0x000000001d0a3db0 JavaThread "jar transforms Thread 2" [_thread_blocked, id=4064, stack(0x0000000024a00000,0x0000000024b00000)]
  0x000000001d0a5f60 JavaThread "Cache worker for kotlin-dsl (C:\Program Files\Android\Android Studio\jbr\caches\8.1.1\kotlin-dsl)" [_thread_blocked, id=8304, stack(0x0000000024b00000,0x0000000024c00000)]
  0x000000001d0a6430 JavaThread "Cache worker for dependencies-accessors (C:\Users\Admin\AndroidStudioProjects\kurirkilat\.gradle\8.1.1\dependencies-accessors)" [_thread_blocked, id=7668, stack(0x0000000025c00000,0x0000000025d00000)]
  0x000000001d0a6900 JavaThread "Cache worker for Build Output Cleanup Cache (C:\Users\Admin\AndroidStudioProjects\kurirkilat\.gradle\buildOutputCleanup)" [_thread_blocked, id=8740, stack(0x0000000025d00000,0x0000000025e00000)]
  0x000000001d0aa2c0 JavaThread "Unconstrained build operations" [_thread_blocked, id=10376, stack(0x0000000026dd0000,0x0000000026ed0000)]
  0x000000001d0aac60 JavaThread "build event listener" [_thread_blocked, id=10096, stack(0x0000000026ed0000,0x0000000026fd0000)]
  0x000000001d0ab130 JavaThread "Memory manager" [_thread_blocked, id=8460, stack(0x0000000027300000,0x0000000027400000)]
  0x0000000022b16670 JavaThread "included builds" [_thread_blocked, id=10256, stack(0x00000000271d0000,0x00000000272d0000)]
  0x0000000022b15330 JavaThread "Execution worker" [_thread_blocked, id=8500, stack(0x00000000284b0000,0x00000000285b0000)]
  0x0000000022b11e40 JavaThread "Cache worker for execution history cache (C:\Users\Admin\AndroidStudioProjects\kurirkilat\.gradle\8.1.1\executionHistory)" [_thread_blocked, id=6848, stack(0x00000000285b0000,0x00000000286b0000)]
  0x0000000022b11970 JavaThread "Unconstrained build operations Thread 2" [_thread_blocked, id=8396, stack(0x00000000286b0000,0x00000000287b0000)]
  0x0000000022b12310 JavaThread "Unconstrained build operations Thread 3" [_thread_blocked, id=8744, stack(0x000000002b000000,0x000000002b100000)]
  0x0000000022b0f2f0 JavaThread "Unconstrained build operations Thread 4" [_thread_blocked, id=10720, stack(0x000000002b100000,0x000000002b200000)]
  0x0000000022b16b40 JavaThread "Unconstrained build operations Thread 5" [_thread_blocked, id=2932, stack(0x000000002b200000,0x000000002b300000)]
  0x0000000022b0f7c0 JavaThread "Unconstrained build operations Thread 6" [_thread_blocked, id=9768, stack(0x000000002b590000,0x000000002b690000)]
  0x0000000022b10160 JavaThread "Unconstrained build operations Thread 7" [_thread_blocked, id=8704, stack(0x000000002b690000,0x000000002b790000)]
  0x0000000022b127e0 JavaThread "WorkerExecutor Queue" [_thread_blocked, id=8924, stack(0x0000000000670000,0x0000000000770000)]
  0x0000000022b10630 JavaThread "Unconstrained build operations Thread 8" [_thread_blocked, id=1300, stack(0x0000000000770000,0x0000000000870000)]
  0x0000000022b13650 JavaThread "Unconstrained build operations Thread 9" [_thread_blocked, id=904, stack(0x0000000000870000,0x0000000000970000)]

Other Threads:
=>0x000000001c08d410 VMThread "VM Thread" [stack: 0x000000001c0d0000,0x000000001c1d0000] [id=6164]
  0x000000001c0739f0 WatcherThread [stack: 0x000000001da10000,0x000000001db10000] [id=9044]
  0x000000000059e7e0 GCTaskThread "GC Thread#0" [stack: 0x00000000197b0000,0x00000000198b0000] [id=8948]
  0x000000001d109ac0 GCTaskThread "GC Thread#1" [stack: 0x000000001e310000,0x000000001e410000] [id=5432]
  0x0000000002b1b9a0 ConcurrentGCThread "G1 Main Marker" [stack: 0x00000000198b0000,0x00000000199b0000] [id=9164]
  0x0000000002b1c1c0 ConcurrentGCThread "G1 Conc#0" [stack: 0x00000000199b0000,0x0000000019ab0000] [id=6616]
  0x0000000002b4fcb0 ConcurrentGCThread "G1 Refine#0" [stack: 0x000000001bcd0000,0x000000001bdd0000] [id=8]
  0x0000000002b506d0 ConcurrentGCThread "G1 Service" [stack: 0x000000001bdd0000,0x000000001bed0000] [id=4800]

Threads with active compile tasks:
C2 CompilerThread0    86863 19695 %     4       com.android.tools.r8.internal.hl::a @ 1685 (2961 bytes)

VM state: at safepoint (normal execution)

VM Mutex/Monitor currently owned by a thread:  ([mutex/lock_event])
[0x0000000002aadd90] Threads_lock - owner thread: 0x000000001c08d410
[0x0000000002aad640] Heap_lock - owner thread: 0x000000001f8c5ae0

Heap address: 0x0000000080000000, size: 2048 MB, Compressed Oops mode: 32-bit

CDS archive(s) not mapped
Compressed class space mapped at: 0x0000000100000000-0x0000000140000000, reserved size: 1073741824
Narrow klass base: 0x0000000000000000, Narrow klass shift: 3, Narrow klass range: 0x140000000

GC Precious Log:
 CPUs: 2 total, 2 available
 Memory: 3737M
 Large Page Support: Disabled
 NUMA Support: Disabled
 Compressed Oops: Enabled (32-bit)
 Heap Region Size: 1M
 Heap Min Capacity: 8M
 Heap Initial Capacity: 60M
 Heap Max Capacity: 2G
 Pre-touch: Disabled
 Parallel Workers: 2
 Concurrent Workers: 1
 Concurrent Refinement Workers: 2
 Periodic GC: Disabled

Heap:
 garbage-first heap   total 329728K, used 147103K [0x0000000080000000, 0x0000000100000000)
  region size 1024K, 2 young (2048K), 2 survivors (2048K)
 Metaspace       used 122537K, committed 123264K, reserved 1163264K
  class space    used 16524K, committed 16896K, reserved 1048576K

Heap Regions: E=young(eden), S=young(survivor), O=old, HS=humongous(starts), HC=humongous(continues), CS=collection set, F=free, OA=open archive, CA=closed archive, TAMS=top-at-mark-start (previous, next)
|   0|0x0000000080000000, 0x0000000080100000, 0x0000000080100000|100%| O|  |TAMS 0x0000000080100000, 0x0000000080000000| Untracked 
|   1|0x0000000080100000, 0x0000000080200000, 0x0000000080200000|100%| O|  |TAMS 0x0000000080200000, 0x0000000080100000| Untracked 
|   2|0x0000000080200000, 0x0000000080300000, 0x0000000080300000|100%|HS|  |TAMS 0x0000000080300000, 0x0000000080200000| Complete 
|   3|0x0000000080300000, 0x0000000080400000, 0x0000000080400000|100%|HC|  |TAMS 0x0000000080400000, 0x0000000080300000| Complete 
|   4|0x0000000080400000, 0x0000000080500000, 0x0000000080500000|100%|HC|  |TAMS 0x0000000080500000, 0x0000000080400000| Complete 
|   5|0x0000000080500000, 0x0000000080600000, 0x0000000080600000|100%|HC|  |TAMS 0x0000000080600000, 0x0000000080500000| Complete 
|   6|0x0000000080600000, 0x0000000080700000, 0x0000000080700000|100%| O|  |TAMS 0x0000000080700000, 0x0000000080600000| Untracked 
|   7|0x0000000080700000, 0x0000000080800000, 0x0000000080800000|100%| O|  |TAMS 0x0000000080800000, 0x0000000080700000| Untracked 
|   8|0x0000000080800000, 0x0000000080900000, 0x0000000080900000|100%| O|  |TAMS 0x0000000080900000, 0x0000000080800000| Untracked 
|   9|0x0000000080900000, 0x0000000080a00000, 0x0000000080a00000|100%| O|  |TAMS 0x0000000080a00000, 0x0000000080900000| Untracked 
|  10|0x0000000080a00000, 0x0000000080b00000, 0x0000000080b00000|100%| O|  |TAMS 0x0000000080b00000, 0x0000000080a00000| Untracked 
|  11|0x0000000080b00000, 0x0000000080c00000, 0x0000000080c00000|100%| O|  |TAMS 0x0000000080c00000, 0x0000000080b00000| Untracked 
|  12|0x0000000080c00000, 0x0000000080d00000, 0x0000000080d00000|100%| O|  |TAMS 0x0000000080d00000, 0x0000000080c00000| Untracked 
|  13|0x0000000080d00000, 0x0000000080e00000, 0x0000000080e00000|100%| O|  |TAMS 0x0000000080e00000, 0x0000000080d00000| Untracked 
|  14|0x0000000080e00000, 0x0000000080f00000, 0x0000000080f00000|100%| O|  |TAMS 0x0000000080f00000, 0x0000000080e00000| Untracked 
|  15|0x0000000080f00000, 0x0000000081000000, 0x0000000081000000|100%| O|  |TAMS 0x0000000081000000, 0x0000000080f00000| Untracked 
|  16|0x0000000081000000, 0x0000000081100000, 0x0000000081100000|100%| O|  |TAMS 0x0000000081100000, 0x0000000081000000| Untracked 
|  17|0x0000000081100000, 0x0000000081200000, 0x0000000081200000|100%| O|  |TAMS 0x0000000081200000, 0x0000000081100000| Untracked 
|  18|0x0000000081200000, 0x0000000081300000, 0x0000000081300000|100%| O|  |TAMS 0x0000000081300000, 0x0000000081200000| Untracked 
|  19|0x0000000081300000, 0x0000000081400000, 0x0000000081400000|100%| O|  |TAMS 0x0000000081400000, 0x0000000081300000| Untracked 
|  20|0x0000000081400000, 0x0000000081500000, 0x0000000081500000|100%| O|  |TAMS 0x0000000081500000, 0x0000000081400000| Untracked 
|  21|0x0000000081500000, 0x0000000081600000, 0x0000000081600000|100%| O|  |TAMS 0x0000000081600000, 0x0000000081500000| Untracked 
|  22|0x0000000081600000, 0x0000000081700000, 0x0000000081700000|100%| O|  |TAMS 0x0000000081700000, 0x0000000081600000| Untracked 
|  23|0x0000000081700000, 0x0000000081800000, 0x0000000081800000|100%| O|  |TAMS 0x0000000081800000, 0x0000000081700000| Untracked 
|  24|0x0000000081800000, 0x0000000081900000, 0x0000000081900000|100%|HS|  |TAMS 0x0000000081900000, 0x0000000081800000| Complete 
|  25|0x0000000081900000, 0x0000000081a00000, 0x0000000081a00000|100%| O|  |TAMS 0x0000000081a00000, 0x0000000081900000| Untracked 
|  26|0x0000000081a00000, 0x0000000081b00000, 0x0000000081b00000|100%| O|  |TAMS 0x0000000081b00000, 0x0000000081a00000| Untracked 
|  27|0x0000000081b00000, 0x0000000081c00000, 0x0000000081c00000|100%| O|  |TAMS 0x0000000081c00000, 0x0000000081b00000| Untracked 
|  28|0x0000000081c00000, 0x0000000081d00000, 0x0000000081d00000|100%| O|  |TAMS 0x0000000081d00000, 0x0000000081c00000| Untracked 
|  29|0x0000000081d00000, 0x0000000081e00000, 0x0000000081e00000|100%| O|  |TAMS 0x0000000081e00000, 0x0000000081d00000| Untracked 
|  30|0x0000000081e00000, 0x0000000081f00000, 0x0000000081f00000|100%| O|  |TAMS 0x0000000081f00000, 0x0000000081e00000| Untracked 
|  31|0x0000000081f00000, 0x0000000082000000, 0x0000000082000000|100%| O|  |TAMS 0x0000000082000000, 0x0000000081f00000| Untracked 
|  32|0x0000000082000000, 0x0000000082100000, 0x0000000082100000|100%|HS|  |TAMS 0x0000000082100000, 0x0000000082000000| Complete 
|  33|0x0000000082100000, 0x0000000082200000, 0x0000000082200000|100%|HS|  |TAMS 0x0000000082200000, 0x0000000082100000| Complete 
|  34|0x0000000082200000, 0x0000000082300000, 0x0000000082300000|100%|HS|  |TAMS 0x0000000082300000, 0x0000000082200000| Complete 
|  35|0x0000000082300000, 0x0000000082400000, 0x0000000082400000|100%|HC|  |TAMS 0x0000000082400000, 0x0000000082300000| Complete 
|  36|0x0000000082400000, 0x0000000082500000, 0x0000000082500000|100%|HS|  |TAMS 0x0000000082500000, 0x0000000082400000| Complete 
|  37|0x0000000082500000, 0x0000000082600000, 0x0000000082600000|100%|HC|  |TAMS 0x0000000082600000, 0x0000000082500000| Complete 
|  38|0x0000000082600000, 0x0000000082700000, 0x0000000082700000|100%| O|  |TAMS 0x0000000082700000, 0x0000000082600000| Untracked 
|  39|0x0000000082700000, 0x0000000082800000, 0x0000000082800000|100%| O|  |TAMS 0x0000000082800000, 0x0000000082700000| Untracked 
|  40|0x0000000082800000, 0x0000000082900000, 0x0000000082900000|100%| O|  |TAMS 0x0000000082900000, 0x0000000082800000| Untracked 
|  41|0x0000000082900000, 0x0000000082a00000, 0x0000000082a00000|100%|HS|  |TAMS 0x0000000082a00000, 0x0000000082900000| Complete 
|  42|0x0000000082a00000, 0x0000000082b00000, 0x0000000082b00000|100%|HC|  |TAMS 0x0000000082b00000, 0x0000000082a00000| Complete 
|  43|0x0000000082b00000, 0x0000000082c00000, 0x0000000082c00000|100%|HC|  |TAMS 0x0000000082c00000, 0x0000000082b00000| Complete 
|  44|0x0000000082c00000, 0x0000000082d00000, 0x0000000082d00000|100%|HC|  |TAMS 0x0000000082d00000, 0x0000000082c00000| Complete 
|  45|0x0000000082d00000, 0x0000000082e00000, 0x0000000082e00000|100%| O|  |TAMS 0x0000000082e00000, 0x0000000082d00000| Untracked 
|  46|0x0000000082e00000, 0x0000000082f00000, 0x0000000082f00000|100%| O|  |TAMS 0x0000000082f00000, 0x0000000082e00000| Untracked 
|  47|0x0000000082f00000, 0x0000000083000000, 0x0000000083000000|100%| O|  |TAMS 0x0000000083000000, 0x0000000082f00000| Untracked 
|  48|0x0000000083000000, 0x0000000083100000, 0x0000000083100000|100%| O|  |TAMS 0x0000000083100000, 0x0000000083000000| Untracked 
|  49|0x0000000083100000, 0x0000000083200000, 0x0000000083200000|100%| O|  |TAMS 0x0000000083200000, 0x0000000083100000| Untracked 
|  50|0x0000000083200000, 0x0000000083300000, 0x0000000083300000|100%|HS|  |TAMS 0x0000000083300000, 0x0000000083200000| Complete 
|  51|0x0000000083300000, 0x0000000083400000, 0x0000000083400000|100%| O|  |TAMS 0x0000000083400000, 0x0000000083300000| Untracked 
|  52|0x0000000083400000, 0x0000000083500000, 0x0000000083500000|100%| O|  |TAMS 0x0000000083500000, 0x0000000083400000| Untracked 
|  53|0x0000000083500000, 0x0000000083600000, 0x0000000083600000|100%| O|  |TAMS 0x0000000083600000, 0x0000000083500000| Untracked 
|  54|0x0000000083600000, 0x0000000083700000, 0x0000000083700000|100%| O|  |TAMS 0x0000000083700000, 0x0000000083600000| Untracked 
|  55|0x0000000083700000, 0x0000000083800000, 0x0000000083800000|100%| O|  |TAMS 0x0000000083800000, 0x0000000083700000| Untracked 
|  56|0x0000000083800000, 0x0000000083900000, 0x0000000083900000|100%| O|  |TAMS 0x0000000083900000, 0x0000000083800000| Untracked 
|  57|0x0000000083900000, 0x0000000083a00000, 0x0000000083a00000|100%| O|  |TAMS 0x0000000083a00000, 0x0000000083900000| Untracked 
|  58|0x0000000083a00000, 0x0000000083b00000, 0x0000000083b00000|100%| O|  |TAMS 0x0000000083b00000, 0x0000000083a00000| Untracked 
|  59|0x0000000083b00000, 0x0000000083c00000, 0x0000000083c00000|100%| O|  |TAMS 0x0000000083c00000, 0x0000000083b00000| Untracked 
|  60|0x0000000083c00000, 0x0000000083d00000, 0x0000000083d00000|100%| O|  |TAMS 0x0000000083d00000, 0x0000000083c00000| Untracked 
|  61|0x0000000083d00000, 0x0000000083e00000, 0x0000000083e00000|100%| O|  |TAMS 0x0000000083e00000, 0x0000000083d00000| Untracked 
|  62|0x0000000083e00000, 0x0000000083f00000, 0x0000000083f00000|100%| O|  |TAMS 0x0000000083f00000, 0x0000000083e00000| Untracked 
|  63|0x0000000083f00000, 0x0000000084000000, 0x0000000084000000|100%| O|  |TAMS 0x0000000084000000, 0x0000000083f00000| Untracked 
|  64|0x0000000084000000, 0x0000000084100000, 0x0000000084100000|100%| O|  |TAMS 0x0000000084100000, 0x0000000084000000| Untracked 
|  65|0x0000000084100000, 0x0000000084200000, 0x0000000084200000|100%|HS|  |TAMS 0x0000000084200000, 0x0000000084100000| Complete 
|  66|0x0000000084200000, 0x0000000084300000, 0x0000000084300000|100%|HC|  |TAMS 0x0000000084300000, 0x0000000084200000| Complete 
|  67|0x0000000084300000, 0x0000000084400000, 0x0000000084400000|100%|HC|  |TAMS 0x0000000084400000, 0x0000000084300000| Complete 
|  68|0x0000000084400000, 0x0000000084500000, 0x0000000084500000|100%|HC|  |TAMS 0x0000000084500000, 0x0000000084400000| Complete 
|  69|0x0000000084500000, 0x0000000084600000, 0x0000000084600000|100%| O|  |TAMS 0x0000000084600000, 0x0000000084500000| Untracked 
|  70|0x0000000084600000, 0x0000000084700000, 0x0000000084700000|100%| O|  |TAMS 0x0000000084700000, 0x0000000084600000| Untracked 
|  71|0x0000000084700000, 0x0000000084800000, 0x0000000084800000|100%| O|  |TAMS 0x0000000084800000, 0x0000000084700000| Untracked 
|  72|0x0000000084800000, 0x0000000084900000, 0x0000000084900000|100%| O|  |TAMS 0x0000000084900000, 0x0000000084800000| Untracked 
|  73|0x0000000084900000, 0x0000000084a00000, 0x0000000084a00000|100%| O|  |TAMS 0x0000000084a00000, 0x0000000084900000| Untracked 
|  74|0x0000000084a00000, 0x0000000084b00000, 0x0000000084b00000|100%| O|  |TAMS 0x0000000084b00000, 0x0000000084a00000| Untracked 
|  75|0x0000000084b00000, 0x0000000084c00000, 0x0000000084c00000|100%| O|  |TAMS 0x0000000084c00000, 0x0000000084b00000| Untracked 
|  76|0x0000000084c00000, 0x0000000084d00000, 0x0000000084d00000|100%| O|  |TAMS 0x0000000084d00000, 0x0000000084c00000| Untracked 
|  77|0x0000000084d00000, 0x0000000084e00000, 0x0000000084e00000|100%| O|  |TAMS 0x0000000084e00000, 0x0000000084d00000| Untracked 
|  78|0x0000000084e00000, 0x0000000084f00000, 0x0000000084f00000|100%| O|  |TAMS 0x0000000084f00000, 0x0000000084e00000| Untracked 
|  79|0x0000000084f00000, 0x0000000085000000, 0x0000000085000000|100%| O|  |TAMS 0x0000000085000000, 0x0000000084f00000| Untracked 
|  80|0x0000000085000000, 0x0000000085100000, 0x0000000085100000|100%| O|  |TAMS 0x0000000085100000, 0x0000000085000000| Untracked 
|  81|0x0000000085100000, 0x0000000085200000, 0x0000000085200000|100%| O|  |TAMS 0x0000000085200000, 0x0000000085100000| Untracked 
|  82|0x0000000085200000, 0x0000000085300000, 0x0000000085300000|100%| O|  |TAMS 0x0000000085300000, 0x0000000085200000| Untracked 
|  83|0x0000000085300000, 0x0000000085400000, 0x0000000085400000|100%| O|  |TAMS 0x0000000085400000, 0x0000000085300000| Untracked 
|  84|0x0000000085400000, 0x0000000085500000, 0x0000000085500000|100%| O|  |TAMS 0x0000000085500000, 0x0000000085400000| Untracked 
|  85|0x0000000085500000, 0x0000000085600000, 0x0000000085600000|100%| O|  |TAMS 0x0000000085600000, 0x0000000085500000| Untracked 
|  86|0x0000000085600000, 0x0000000085700000, 0x0000000085700000|100%| O|  |TAMS 0x0000000085700000, 0x0000000085600000| Untracked 
|  87|0x0000000085700000, 0x0000000085800000, 0x0000000085800000|100%| O|  |TAMS 0x0000000085800000, 0x0000000085700000| Untracked 
|  88|0x0000000085800000, 0x0000000085900000, 0x0000000085900000|100%| O|  |TAMS 0x0000000085900000, 0x0000000085800000| Untracked 
|  89|0x0000000085900000, 0x0000000085a00000, 0x0000000085a00000|100%| O|  |TAMS 0x0000000085a00000, 0x0000000085900000| Untracked 
|  90|0x0000000085a00000, 0x0000000085b00000, 0x0000000085b00000|100%| O|  |TAMS 0x0000000085b00000, 0x0000000085a00000| Untracked 
|  91|0x0000000085b00000, 0x0000000085c00000, 0x0000000085c00000|100%| O|  |TAMS 0x0000000085c00000, 0x0000000085b00000| Untracked 
|  92|0x0000000085c00000, 0x0000000085d00000, 0x0000000085d00000|100%| O|  |TAMS 0x0000000085d00000, 0x0000000085c00000| Untracked 
|  93|0x0000000085d00000, 0x0000000085e00000, 0x0000000085e00000|100%| O|  |TAMS 0x0000000085e00000, 0x0000000085d00000| Untracked 
|  94|0x0000000085e00000, 0x0000000085f00000, 0x0000000085f00000|100%| O|  |TAMS 0x0000000085f00000, 0x0000000085e00000| Untracked 
|  95|0x0000000085f00000, 0x0000000086000000, 0x0000000086000000|100%| O|  |TAMS 0x0000000086000000, 0x0000000085f00000| Untracked 
|  96|0x0000000086000000, 0x0000000086100000, 0x0000000086100000|100%| O|  |TAMS 0x0000000086100000, 0x0000000086000000| Untracked 
|  97|0x0000000086100000, 0x0000000086200000, 0x0000000086200000|100%| O|  |TAMS 0x0000000086200000, 0x0000000086100000| Untracked 
|  98|0x0000000086200000, 0x0000000086300000, 0x0000000086300000|100%| O|  |TAMS 0x0000000086300000, 0x0000000086200000| Untracked 
|  99|0x0000000086300000, 0x0000000086400000, 0x0000000086400000|100%| O|  |TAMS 0x0000000086400000, 0x0000000086300000| Untracked 
| 100|0x0000000086400000, 0x0000000086500000, 0x0000000086500000|100%| O|  |TAMS 0x0000000086500000, 0x0000000086400000| Untracked 
| 101|0x0000000086500000, 0x0000000086600000, 0x0000000086600000|100%| O|  |TAMS 0x0000000086600000, 0x0000000086500000| Untracked 
| 102|0x0000000086600000, 0x0000000086700000, 0x0000000086700000|100%| O|  |TAMS 0x0000000086700000, 0x0000000086600000| Untracked 
| 103|0x0000000086700000, 0x0000000086800000, 0x0000000086800000|100%| O|  |TAMS 0x0000000086800000, 0x0000000086700000| Untracked 
| 104|0x0000000086800000, 0x0000000086900000, 0x0000000086900000|100%| O|  |TAMS 0x0000000086900000, 0x0000000086800000| Untracked 
| 105|0x0000000086900000, 0x0000000086a00000, 0x0000000086a00000|100%| O|  |TAMS 0x0000000086a00000, 0x0000000086900000| Untracked 
| 106|0x0000000086a00000, 0x0000000086b00000, 0x0000000086b00000|100%| O|  |TAMS 0x0000000086b00000, 0x0000000086a00000| Untracked 
| 107|0x0000000086b00000, 0x0000000086c00000, 0x0000000086c00000|100%| O|  |TAMS 0x0000000086b00000, 0x0000000086b00000| Untracked 
| 108|0x0000000086c00000, 0x0000000086d00000, 0x0000000086d00000|100%| O|  |TAMS 0x0000000086d00000, 0x0000000086c00000| Untracked 
| 109|0x0000000086d00000, 0x0000000086e00000, 0x0000000086e00000|100%| O|  |TAMS 0x0000000086e00000, 0x0000000086d00000| Untracked 
| 110|0x0000000086e00000, 0x0000000086f00000, 0x0000000086f00000|100%| O|  |TAMS 0x0000000086f00000, 0x0000000086e00000| Untracked 
| 111|0x0000000086f00000, 0x0000000087000000, 0x0000000087000000|100%| O|  |TAMS 0x0000000087000000, 0x0000000086f00000| Untracked 
| 112|0x0000000087000000, 0x0000000087100000, 0x0000000087100000|100%| O|  |TAMS 0x0000000087100000, 0x0000000087000000| Untracked 
| 113|0x0000000087100000, 0x0000000087200000, 0x0000000087200000|100%| O|  |TAMS 0x0000000087200000, 0x0000000087100000| Untracked 
| 114|0x0000000087200000, 0x0000000087300000, 0x0000000087300000|100%| O|  |TAMS 0x0000000087300000, 0x0000000087200000| Untracked 
| 115|0x0000000087300000, 0x0000000087400000, 0x0000000087400000|100%| O|  |TAMS 0x000000008736e000, 0x0000000087300000| Untracked 
| 116|0x0000000087400000, 0x0000000087500000, 0x0000000087500000|100%| O|  |TAMS 0x0000000087400000, 0x0000000087400000| Untracked 
| 117|0x0000000087500000, 0x0000000087600000, 0x0000000087600000|100%| O|  |TAMS 0x0000000087500000, 0x0000000087500000| Untracked 
| 118|0x0000000087600000, 0x0000000087700000, 0x0000000087700000|100%| O|  |TAMS 0x0000000087700000, 0x0000000087600000| Untracked 
| 119|0x0000000087700000, 0x0000000087800000, 0x0000000087800000|100%| O|  |TAMS 0x0000000087800000, 0x0000000087700000| Untracked 
| 120|0x0000000087800000, 0x0000000087900000, 0x0000000087900000|100%| O|  |TAMS 0x0000000087800000, 0x0000000087800000| Untracked 
| 121|0x0000000087900000, 0x0000000087a00000, 0x0000000087a00000|100%| O|  |TAMS 0x0000000087a00000, 0x0000000087900000| Untracked 
| 122|0x0000000087a00000, 0x0000000087b00000, 0x0000000087b00000|100%| O|  |TAMS 0x0000000087a00000, 0x0000000087a00000| Untracked 
| 123|0x0000000087b00000, 0x0000000087c00000, 0x0000000087c00000|100%| O|  |TAMS 0x0000000087b00000, 0x0000000087b00000| Untracked 
| 124|0x0000000087c00000, 0x0000000087d00000, 0x0000000087d00000|100%| O|  |TAMS 0x0000000087c00000, 0x0000000087c00000| Untracked 
| 125|0x0000000087d00000, 0x0000000087e00000, 0x0000000087e00000|100%| O|  |TAMS 0x0000000087d00000, 0x0000000087d00000| Untracked 
| 126|0x0000000087e00000, 0x0000000087f00000, 0x0000000087f00000|100%| O|  |TAMS 0x0000000087e00000, 0x0000000087e00000| Untracked 
| 127|0x0000000087f00000, 0x0000000088000000, 0x0000000088000000|100%| O|  |TAMS 0x0000000087f00000, 0x0000000087f00000| Untracked 
| 128|0x0000000088000000, 0x0000000088100000, 0x0000000088100000|100%| O|  |TAMS 0x0000000088000000, 0x0000000088000000| Untracked 
| 129|0x0000000088100000, 0x0000000088200000, 0x0000000088200000|100%| O|  |TAMS 0x0000000088100000, 0x0000000088100000| Untracked 
| 130|0x0000000088200000, 0x0000000088300000, 0x0000000088300000|100%| O|  |TAMS 0x0000000088200000, 0x0000000088200000| Untracked 
| 131|0x0000000088300000, 0x0000000088400000, 0x0000000088400000|100%| O|  |TAMS 0x0000000088300000, 0x0000000088300000| Untracked 
| 132|0x0000000088400000, 0x0000000088500000, 0x0000000088500000|100%| O|  |TAMS 0x0000000088400000, 0x0000000088400000| Untracked 
| 133|0x0000000088500000, 0x0000000088600000, 0x0000000088600000|100%| O|  |TAMS 0x0000000088500000, 0x0000000088500000| Untracked 
| 134|0x0000000088600000, 0x0000000088700000, 0x0000000088700000|100%| O|  |TAMS 0x0000000088600000, 0x0000000088600000| Untracked 
| 135|0x0000000088700000, 0x0000000088800000, 0x0000000088800000|100%| O|  |TAMS 0x0000000088700000, 0x0000000088700000| Untracked 
| 136|0x0000000088800000, 0x0000000088900000, 0x0000000088900000|100%| O|  |TAMS 0x0000000088800000, 0x0000000088800000| Untracked 
| 137|0x0000000088900000, 0x0000000088a00000, 0x0000000088a00000|100%| O|  |TAMS 0x0000000088900000, 0x0000000088900000| Untracked 
| 138|0x0000000088a00000, 0x0000000088a27e00, 0x0000000088b00000| 15%| O|  |TAMS 0x0000000088a00000, 0x0000000088a00000| Untracked 
| 139|0x0000000088b00000, 0x0000000088b00000, 0x0000000088c00000|  0%| F|  |TAMS 0x0000000088b00000, 0x0000000088b00000| Untracked 
| 140|0x0000000088c00000, 0x0000000088c00000, 0x0000000088d00000|  0%| F|  |TAMS 0x0000000088c00000, 0x0000000088c00000| Untracked 
| 141|0x0000000088d00000, 0x0000000088d00000, 0x0000000088e00000|  0%| F|  |TAMS 0x0000000088d00000, 0x0000000088d00000| Untracked 
| 142|0x0000000088e00000, 0x0000000088e00000, 0x0000000088f00000|  0%| F|  |TAMS 0x0000000088e00000, 0x0000000088e00000| Untracked 
| 143|0x0000000088f00000, 0x0000000088f00000, 0x0000000089000000|  0%| F|  |TAMS 0x0000000088f00000, 0x0000000088f00000| Untracked 
| 144|0x0000000089000000, 0x0000000089000000, 0x0000000089100000|  0%| F|  |TAMS 0x0000000089000000, 0x0000000089000000| Untracked 
| 145|0x0000000089100000, 0x0000000089100000, 0x0000000089200000|  0%| F|  |TAMS 0x0000000089100000, 0x0000000089100000| Untracked 
| 146|0x0000000089200000, 0x0000000089200000, 0x0000000089300000|  0%| F|  |TAMS 0x0000000089200000, 0x0000000089200000| Untracked 
| 147|0x0000000089300000, 0x0000000089300000, 0x0000000089400000|  0%| F|  |TAMS 0x0000000089300000, 0x0000000089300000| Untracked 
| 148|0x0000000089400000, 0x0000000089500000, 0x0000000089500000|100%| O|  |TAMS 0x0000000089500000, 0x0000000089400000| Untracked 
| 149|0x0000000089500000, 0x0000000089500000, 0x0000000089600000|  0%| F|  |TAMS 0x0000000089500000, 0x0000000089500000| Untracked 
| 150|0x0000000089600000, 0x0000000089600000, 0x0000000089700000|  0%| F|  |TAMS 0x0000000089600000, 0x0000000089600000| Untracked 
| 151|0x0000000089700000, 0x0000000089800000, 0x0000000089800000|100%| O|  |TAMS 0x0000000089800000, 0x0000000089700000| Untracked 
| 152|0x0000000089800000, 0x0000000089900000, 0x0000000089900000|100%| O|  |TAMS 0x0000000089900000, 0x0000000089800000| Untracked 
| 153|0x0000000089900000, 0x0000000089a00000, 0x0000000089a00000|100%| O|  |TAMS 0x0000000089a00000, 0x0000000089900000| Untracked 
| 154|0x0000000089a00000, 0x0000000089a00000, 0x0000000089b00000|  0%| F|  |TAMS 0x0000000089a00000, 0x0000000089a00000| Untracked 
| 155|0x0000000089b00000, 0x0000000089b00000, 0x0000000089c00000|  0%| F|  |TAMS 0x0000000089b00000, 0x0000000089b00000| Untracked 
| 156|0x0000000089c00000, 0x0000000089c00000, 0x0000000089d00000|  0%| F|  |TAMS 0x0000000089c00000, 0x0000000089c00000| Untracked 
| 157|0x0000000089d00000, 0x0000000089d00000, 0x0000000089e00000|  0%| F|  |TAMS 0x0000000089d00000, 0x0000000089d00000| Untracked 
| 158|0x0000000089e00000, 0x0000000089e00000, 0x0000000089f00000|  0%| F|  |TAMS 0x0000000089e00000, 0x0000000089e00000| Untracked 
| 159|0x0000000089f00000, 0x0000000089f00000, 0x000000008a000000|  0%| F|  |TAMS 0x0000000089f00000, 0x0000000089f00000| Untracked 
| 160|0x000000008a000000, 0x000000008a000000, 0x000000008a100000|  0%| F|  |TAMS 0x000000008a000000, 0x000000008a000000| Untracked 
| 161|0x000000008a100000, 0x000000008a100000, 0x000000008a200000|  0%| F|  |TAMS 0x000000008a100000, 0x000000008a100000| Untracked 
| 162|0x000000008a200000, 0x000000008a200000, 0x000000008a300000|  0%| F|  |TAMS 0x000000008a200000, 0x000000008a200000| Untracked 
| 163|0x000000008a300000, 0x000000008a300000, 0x000000008a400000|  0%| F|  |TAMS 0x000000008a300000, 0x000000008a300000| Untracked 
| 164|0x000000008a400000, 0x000000008a400000, 0x000000008a500000|  0%| F|  |TAMS 0x000000008a400000, 0x000000008a400000| Untracked 
| 165|0x000000008a500000, 0x000000008a500000, 0x000000008a600000|  0%| F|  |TAMS 0x000000008a500000, 0x000000008a500000| Untracked 
| 166|0x000000008a600000, 0x000000008a600000, 0x000000008a700000|  0%| F|  |TAMS 0x000000008a600000, 0x000000008a600000| Untracked 
| 167|0x000000008a700000, 0x000000008a700000, 0x000000008a800000|  0%| F|  |TAMS 0x000000008a700000, 0x000000008a700000| Untracked 
| 168|0x000000008a800000, 0x000000008a800000, 0x000000008a900000|  0%| F|  |TAMS 0x000000008a800000, 0x000000008a800000| Untracked 
| 169|0x000000008a900000, 0x000000008a900000, 0x000000008aa00000|  0%| F|  |TAMS 0x000000008a900000, 0x000000008a900000| Untracked 
| 170|0x000000008aa00000, 0x000000008aa00000, 0x000000008ab00000|  0%| F|  |TAMS 0x000000008aa00000, 0x000000008aa00000| Untracked 
| 171|0x000000008ab00000, 0x000000008ab00000, 0x000000008ac00000|  0%| F|  |TAMS 0x000000008ab00000, 0x000000008ab00000| Untracked 
| 172|0x000000008ac00000, 0x000000008ac00000, 0x000000008ad00000|  0%| F|  |TAMS 0x000000008ac00000, 0x000000008ac00000| Untracked 
| 173|0x000000008ad00000, 0x000000008ad00000, 0x000000008ae00000|  0%| F|  |TAMS 0x000000008ad00000, 0x000000008ad00000| Untracked 
| 174|0x000000008ae00000, 0x000000008ae00000, 0x000000008af00000|  0%| F|  |TAMS 0x000000008ae00000, 0x000000008ae00000| Untracked 
| 175|0x000000008af00000, 0x000000008af00000, 0x000000008b000000|  0%| F|  |TAMS 0x000000008af00000, 0x000000008af00000| Untracked 
| 176|0x000000008b000000, 0x000000008b000000, 0x000000008b100000|  0%| F|  |TAMS 0x000000008b000000, 0x000000008b000000| Untracked 
| 177|0x000000008b100000, 0x000000008b100000, 0x000000008b200000|  0%| F|  |TAMS 0x000000008b100000, 0x000000008b100000| Untracked 
| 178|0x000000008b200000, 0x000000008b200000, 0x000000008b300000|  0%| F|  |TAMS 0x000000008b200000, 0x000000008b200000| Untracked 
| 179|0x000000008b300000, 0x000000008b300000, 0x000000008b400000|  0%| F|  |TAMS 0x000000008b300000, 0x000000008b300000| Untracked 
| 180|0x000000008b400000, 0x000000008b400000, 0x000000008b500000|  0%| F|  |TAMS 0x000000008b400000, 0x000000008b400000| Untracked 
| 181|0x000000008b500000, 0x000000008b500000, 0x000000008b600000|  0%| F|  |TAMS 0x000000008b500000, 0x000000008b500000| Untracked 
| 182|0x000000008b600000, 0x000000008b600000, 0x000000008b700000|  0%| F|  |TAMS 0x000000008b600000, 0x000000008b600000| Untracked 
| 183|0x000000008b700000, 0x000000008b700000, 0x000000008b800000|  0%| F|  |TAMS 0x000000008b700000, 0x000000008b700000| Untracked 
| 184|0x000000008b800000, 0x000000008b800000, 0x000000008b900000|  0%| F|  |TAMS 0x000000008b800000, 0x000000008b800000| Untracked 
| 185|0x000000008b900000, 0x000000008b900000, 0x000000008ba00000|  0%| F|  |TAMS 0x000000008b900000, 0x000000008b900000| Untracked 
| 186|0x000000008ba00000, 0x000000008ba00000, 0x000000008bb00000|  0%| F|  |TAMS 0x000000008ba00000, 0x000000008ba00000| Untracked 
| 187|0x000000008bb00000, 0x000000008bb00000, 0x000000008bc00000|  0%| F|  |TAMS 0x000000008bb00000, 0x000000008bb00000| Untracked 
| 188|0x000000008bc00000, 0x000000008bc00000, 0x000000008bd00000|  0%| F|  |TAMS 0x000000008bc00000, 0x000000008bc00000| Untracked 
| 189|0x000000008bd00000, 0x000000008bd00000, 0x000000008be00000|  0%| F|  |TAMS 0x000000008bd00000, 0x000000008bd00000| Untracked 
| 190|0x000000008be00000, 0x000000008be00000, 0x000000008bf00000|  0%| F|  |TAMS 0x000000008be00000, 0x000000008be00000| Untracked 
| 191|0x000000008bf00000, 0x000000008bf00000, 0x000000008c000000|  0%| F|  |TAMS 0x000000008bf00000, 0x000000008bf00000| Untracked 
| 192|0x000000008c000000, 0x000000008c000000, 0x000000008c100000|  0%| F|  |TAMS 0x000000008c000000, 0x000000008c000000| Untracked 
| 193|0x000000008c100000, 0x000000008c100000, 0x000000008c200000|  0%| F|  |TAMS 0x000000008c100000, 0x000000008c100000| Untracked 
| 194|0x000000008c200000, 0x000000008c200000, 0x000000008c300000|  0%| F|  |TAMS 0x000000008c200000, 0x000000008c200000| Untracked 
| 195|0x000000008c300000, 0x000000008c300000, 0x000000008c400000|  0%| F|  |TAMS 0x000000008c300000, 0x000000008c300000| Untracked 
| 196|0x000000008c400000, 0x000000008c400000, 0x000000008c500000|  0%| F|  |TAMS 0x000000008c400000, 0x000000008c400000| Untracked 
| 197|0x000000008c500000, 0x000000008c500000, 0x000000008c600000|  0%| F|  |TAMS 0x000000008c500000, 0x000000008c500000| Untracked 
| 198|0x000000008c600000, 0x000000008c680000, 0x000000008c700000| 50%| S|CS|TAMS 0x000000008c600000, 0x000000008c600000| Complete 
| 199|0x000000008c700000, 0x000000008c800000, 0x000000008c800000|100%| S|CS|TAMS 0x000000008c700000, 0x000000008c700000| Complete 
| 200|0x000000008c800000, 0x000000008c800000, 0x000000008c900000|  0%| F|  |TAMS 0x000000008c800000, 0x000000008c800000| Untracked 
| 201|0x000000008c900000, 0x000000008c900000, 0x000000008ca00000|  0%| F|  |TAMS 0x000000008c900000, 0x000000008c900000| Untracked 
| 202|0x000000008ca00000, 0x000000008ca00000, 0x000000008cb00000|  0%| F|  |TAMS 0x000000008ca00000, 0x000000008ca00000| Untracked 
| 203|0x000000008cb00000, 0x000000008cb00000, 0x000000008cc00000|  0%| F|  |TAMS 0x000000008cb00000, 0x000000008cb00000| Untracked 
| 204|0x000000008cc00000, 0x000000008cc00000, 0x000000008cd00000|  0%| F|  |TAMS 0x000000008cc00000, 0x000000008cc00000| Untracked 
| 205|0x000000008cd00000, 0x000000008cd00000, 0x000000008ce00000|  0%| F|  |TAMS 0x000000008cd00000, 0x000000008cd00000| Untracked 
| 206|0x000000008ce00000, 0x000000008ce00000, 0x000000008cf00000|  0%| F|  |TAMS 0x000000008ce00000, 0x000000008ce00000| Untracked 
| 207|0x000000008cf00000, 0x000000008cf00000, 0x000000008d000000|  0%| F|  |TAMS 0x000000008cf00000, 0x000000008cf00000| Untracked 
| 208|0x000000008d000000, 0x000000008d000000, 0x000000008d100000|  0%| F|  |TAMS 0x000000008d000000, 0x000000008d000000| Untracked 
| 209|0x000000008d100000, 0x000000008d100000, 0x000000008d200000|  0%| F|  |TAMS 0x000000008d100000, 0x000000008d100000| Untracked 
| 210|0x000000008d200000, 0x000000008d200000, 0x000000008d300000|  0%| F|  |TAMS 0x000000008d200000, 0x000000008d200000| Untracked 
| 211|0x000000008d300000, 0x000000008d300000, 0x000000008d400000|  0%| F|  |TAMS 0x000000008d300000, 0x000000008d300000| Untracked 
| 212|0x000000008d400000, 0x000000008d400000, 0x000000008d500000|  0%| F|  |TAMS 0x000000008d400000, 0x000000008d400000| Untracked 
| 213|0x000000008d500000, 0x000000008d500000, 0x000000008d600000|  0%| F|  |TAMS 0x000000008d500000, 0x000000008d500000| Untracked 
| 214|0x000000008d600000, 0x000000008d600000, 0x000000008d700000|  0%| F|  |TAMS 0x000000008d600000, 0x000000008d600000| Untracked 
| 215|0x000000008d700000, 0x000000008d700000, 0x000000008d800000|  0%| F|  |TAMS 0x000000008d700000, 0x000000008d700000| Untracked 
| 216|0x000000008d800000, 0x000000008d800000, 0x000000008d900000|  0%| F|  |TAMS 0x000000008d800000, 0x000000008d800000| Untracked 
| 217|0x000000008d900000, 0x000000008d900000, 0x000000008da00000|  0%| F|  |TAMS 0x000000008d900000, 0x000000008d900000| Untracked 
| 218|0x000000008da00000, 0x000000008da00000, 0x000000008db00000|  0%| F|  |TAMS 0x000000008da00000, 0x000000008da00000| Untracked 
| 219|0x000000008db00000, 0x000000008db00000, 0x000000008dc00000|  0%| F|  |TAMS 0x000000008db00000, 0x000000008db00000| Untracked 
| 220|0x000000008dc00000, 0x000000008dc00000, 0x000000008dd00000|  0%| F|  |TAMS 0x000000008dc00000, 0x000000008dc00000| Untracked 
| 221|0x000000008dd00000, 0x000000008dd00000, 0x000000008de00000|  0%| F|  |TAMS 0x000000008dd00000, 0x000000008dd00000| Untracked 
| 222|0x000000008de00000, 0x000000008de00000, 0x000000008df00000|  0%| F|  |TAMS 0x000000008de00000, 0x000000008de00000| Untracked 
| 223|0x000000008df00000, 0x000000008df00000, 0x000000008e000000|  0%| F|  |TAMS 0x000000008df00000, 0x000000008df00000| Untracked 
| 224|0x000000008e000000, 0x000000008e000000, 0x000000008e100000|  0%| F|  |TAMS 0x000000008e000000, 0x000000008e000000| Untracked 
| 225|0x000000008e100000, 0x000000008e100000, 0x000000008e200000|  0%| F|  |TAMS 0x000000008e100000, 0x000000008e100000| Untracked 
| 226|0x000000008e200000, 0x000000008e200000, 0x000000008e300000|  0%| F|  |TAMS 0x000000008e200000, 0x000000008e200000| Untracked 
| 227|0x000000008e300000, 0x000000008e300000, 0x000000008e400000|  0%| F|  |TAMS 0x000000008e300000, 0x000000008e300000| Untracked 
| 228|0x000000008e400000, 0x000000008e400000, 0x000000008e500000|  0%| F|  |TAMS 0x000000008e400000, 0x000000008e400000| Untracked 
| 229|0x000000008e500000, 0x000000008e500000, 0x000000008e600000|  0%| F|  |TAMS 0x000000008e500000, 0x000000008e500000| Untracked 
| 230|0x000000008e600000, 0x000000008e600000, 0x000000008e700000|  0%| F|  |TAMS 0x000000008e600000, 0x000000008e600000| Untracked 
| 231|0x000000008e700000, 0x000000008e700000, 0x000000008e800000|  0%| F|  |TAMS 0x000000008e700000, 0x000000008e700000| Untracked 
| 232|0x000000008e800000, 0x000000008e800000, 0x000000008e900000|  0%| F|  |TAMS 0x000000008e800000, 0x000000008e800000| Untracked 
| 233|0x000000008e900000, 0x000000008e900000, 0x000000008ea00000|  0%| F|  |TAMS 0x000000008e900000, 0x000000008e900000| Untracked 
| 234|0x000000008ea00000, 0x000000008ea00000, 0x000000008eb00000|  0%| F|  |TAMS 0x000000008ea00000, 0x000000008ea00000| Untracked 
| 235|0x000000008eb00000, 0x000000008eb00000, 0x000000008ec00000|  0%| F|  |TAMS 0x000000008eb00000, 0x000000008eb00000| Untracked 
| 236|0x000000008ec00000, 0x000000008ec00000, 0x000000008ed00000|  0%| F|  |TAMS 0x000000008ec00000, 0x000000008ec00000| Untracked 
| 237|0x000000008ed00000, 0x000000008ed00000, 0x000000008ee00000|  0%| F|  |TAMS 0x000000008ed00000, 0x000000008ed00000| Untracked 
| 238|0x000000008ee00000, 0x000000008ee00000, 0x000000008ef00000|  0%| F|  |TAMS 0x000000008ee00000, 0x000000008ee00000| Untracked 
| 239|0x000000008ef00000, 0x000000008ef00000, 0x000000008f000000|  0%| F|  |TAMS 0x000000008ef00000, 0x000000008ef00000| Untracked 
| 240|0x000000008f000000, 0x000000008f000000, 0x000000008f100000|  0%| F|  |TAMS 0x000000008f000000, 0x000000008f000000| Untracked 
| 241|0x000000008f100000, 0x000000008f100000, 0x000000008f200000|  0%| F|  |TAMS 0x000000008f100000, 0x000000008f100000| Untracked 
| 242|0x000000008f200000, 0x000000008f200000, 0x000000008f300000|  0%| F|  |TAMS 0x000000008f200000, 0x000000008f200000| Untracked 
| 243|0x000000008f300000, 0x000000008f300000, 0x000000008f400000|  0%| F|  |TAMS 0x000000008f300000, 0x000000008f300000| Untracked 
| 244|0x000000008f400000, 0x000000008f400000, 0x000000008f500000|  0%| F|  |TAMS 0x000000008f400000, 0x000000008f400000| Untracked 
| 245|0x000000008f500000, 0x000000008f500000, 0x000000008f600000|  0%| F|  |TAMS 0x000000008f500000, 0x000000008f500000| Untracked 
| 246|0x000000008f600000, 0x000000008f600000, 0x000000008f700000|  0%| F|  |TAMS 0x000000008f600000, 0x000000008f600000| Untracked 
| 247|0x000000008f700000, 0x000000008f700000, 0x000000008f800000|  0%| F|  |TAMS 0x000000008f700000, 0x000000008f700000| Untracked 
| 248|0x000000008f800000, 0x000000008f800000, 0x000000008f900000|  0%| F|  |TAMS 0x000000008f800000, 0x000000008f800000| Untracked 
| 249|0x000000008f900000, 0x000000008f900000, 0x000000008fa00000|  0%| F|  |TAMS 0x000000008f900000, 0x000000008f900000| Untracked 
| 250|0x000000008fa00000, 0x000000008fa00000, 0x000000008fb00000|  0%| F|  |TAMS 0x000000008fa00000, 0x000000008fa00000| Untracked 
| 251|0x000000008fb00000, 0x000000008fb00000, 0x000000008fc00000|  0%| F|  |TAMS 0x000000008fb00000, 0x000000008fb00000| Untracked 
| 252|0x000000008fc00000, 0x000000008fc00000, 0x000000008fd00000|  0%| F|  |TAMS 0x000000008fc00000, 0x000000008fc00000| Untracked 
| 253|0x000000008fd00000, 0x000000008fd00000, 0x000000008fe00000|  0%| F|  |TAMS 0x000000008fd00000, 0x000000008fd00000| Untracked 
| 254|0x000000008fe00000, 0x000000008fe00000, 0x000000008ff00000|  0%| F|  |TAMS 0x000000008fe00000, 0x000000008fe00000| Untracked 
| 255|0x000000008ff00000, 0x000000008ff00000, 0x0000000090000000|  0%| F|  |TAMS 0x000000008ff00000, 0x000000008ff00000| Untracked 
| 256|0x0000000090000000, 0x0000000090000000, 0x0000000090100000|  0%| F|  |TAMS 0x0000000090000000, 0x0000000090000000| Untracked 
| 257|0x0000000090100000, 0x0000000090100000, 0x0000000090200000|  0%| F|  |TAMS 0x0000000090100000, 0x0000000090100000| Untracked 
| 258|0x0000000090200000, 0x0000000090200000, 0x0000000090300000|  0%| F|  |TAMS 0x0000000090200000, 0x0000000090200000| Untracked 
| 259|0x0000000090300000, 0x0000000090300000, 0x0000000090400000|  0%| F|  |TAMS 0x0000000090300000, 0x0000000090300000| Untracked 
| 260|0x0000000090400000, 0x0000000090400000, 0x0000000090500000|  0%| F|  |TAMS 0x0000000090400000, 0x0000000090400000| Untracked 
| 261|0x0000000090500000, 0x0000000090500000, 0x0000000090600000|  0%| F|  |TAMS 0x0000000090500000, 0x0000000090500000| Untracked 
| 262|0x0000000090600000, 0x0000000090600000, 0x0000000090700000|  0%| F|  |TAMS 0x0000000090600000, 0x0000000090600000| Untracked 
| 263|0x0000000090700000, 0x0000000090700000, 0x0000000090800000|  0%| F|  |TAMS 0x0000000090700000, 0x0000000090700000| Untracked 
| 264|0x0000000090800000, 0x0000000090800000, 0x0000000090900000|  0%| F|  |TAMS 0x0000000090800000, 0x0000000090800000| Untracked 
| 265|0x0000000090900000, 0x0000000090900000, 0x0000000090a00000|  0%| F|  |TAMS 0x0000000090900000, 0x0000000090900000| Untracked 
| 266|0x0000000090a00000, 0x0000000090a00000, 0x0000000090b00000|  0%| F|  |TAMS 0x0000000090a00000, 0x0000000090a00000| Untracked 
| 267|0x0000000090b00000, 0x0000000090b00000, 0x0000000090c00000|  0%| F|  |TAMS 0x0000000090b00000, 0x0000000090b00000| Untracked 
| 268|0x0000000090c00000, 0x0000000090c00000, 0x0000000090d00000|  0%| F|  |TAMS 0x0000000090c00000, 0x0000000090c00000| Untracked 
| 269|0x0000000090d00000, 0x0000000090d00000, 0x0000000090e00000|  0%| F|  |TAMS 0x0000000090d00000, 0x0000000090d00000| Untracked 
| 270|0x0000000090e00000, 0x0000000090e00000, 0x0000000090f00000|  0%| F|  |TAMS 0x0000000090e00000, 0x0000000090e00000| Untracked 
| 271|0x0000000090f00000, 0x0000000090f00000, 0x0000000091000000|  0%| F|  |TAMS 0x0000000090f00000, 0x0000000090f00000| Untracked 
| 272|0x0000000091000000, 0x0000000091000000, 0x0000000091100000|  0%| F|  |TAMS 0x0000000091000000, 0x0000000091000000| Untracked 
| 273|0x0000000091100000, 0x0000000091100000, 0x0000000091200000|  0%| F|  |TAMS 0x0000000091100000, 0x0000000091100000| Untracked 
| 274|0x0000000091200000, 0x0000000091200000, 0x0000000091300000|  0%| F|  |TAMS 0x0000000091200000, 0x0000000091200000| Untracked 
| 275|0x0000000091300000, 0x0000000091300000, 0x0000000091400000|  0%| F|  |TAMS 0x0000000091300000, 0x0000000091300000| Untracked 
| 276|0x0000000091400000, 0x0000000091400000, 0x0000000091500000|  0%| F|  |TAMS 0x0000000091400000, 0x0000000091400000| Untracked 
| 277|0x0000000091500000, 0x0000000091500000, 0x0000000091600000|  0%| F|  |TAMS 0x0000000091500000, 0x0000000091500000| Untracked 
| 278|0x0000000091600000, 0x0000000091600000, 0x0000000091700000|  0%| F|  |TAMS 0x0000000091600000, 0x0000000091600000| Untracked 
| 279|0x0000000091700000, 0x0000000091700000, 0x0000000091800000|  0%| F|  |TAMS 0x0000000091700000, 0x0000000091700000| Untracked 
| 280|0x0000000091800000, 0x0000000091800000, 0x0000000091900000|  0%| F|  |TAMS 0x0000000091800000, 0x0000000091800000| Untracked 
| 281|0x0000000091900000, 0x0000000091900000, 0x0000000091a00000|  0%| F|  |TAMS 0x0000000091900000, 0x0000000091900000| Untracked 
| 282|0x0000000091a00000, 0x0000000091a00000, 0x0000000091b00000|  0%| F|  |TAMS 0x0000000091a00000, 0x0000000091a00000| Untracked 
| 283|0x0000000091b00000, 0x0000000091b00000, 0x0000000091c00000|  0%| F|  |TAMS 0x0000000091b00000, 0x0000000091b00000| Untracked 
| 284|0x0000000091c00000, 0x0000000091c00000, 0x0000000091d00000|  0%| F|  |TAMS 0x0000000091c00000, 0x0000000091c00000| Untracked 
| 285|0x0000000091d00000, 0x0000000091d00000, 0x0000000091e00000|  0%| F|  |TAMS 0x0000000091d00000, 0x0000000091d00000| Untracked 
| 286|0x0000000091e00000, 0x0000000091e00000, 0x0000000091f00000|  0%| F|  |TAMS 0x0000000091e00000, 0x0000000091e00000| Untracked 
| 287|0x0000000091f00000, 0x0000000091f00000, 0x0000000092000000|  0%| F|  |TAMS 0x0000000091f00000, 0x0000000091f00000| Untracked 
| 288|0x0000000092000000, 0x0000000092000000, 0x0000000092100000|  0%| F|  |TAMS 0x0000000092000000, 0x0000000092000000| Untracked 
| 289|0x0000000092100000, 0x0000000092100000, 0x0000000092200000|  0%| F|  |TAMS 0x0000000092100000, 0x0000000092100000| Untracked 
| 290|0x0000000092200000, 0x0000000092200000, 0x0000000092300000|  0%| F|  |TAMS 0x0000000092200000, 0x0000000092200000| Untracked 
| 291|0x0000000092300000, 0x0000000092300000, 0x0000000092400000|  0%| F|  |TAMS 0x0000000092300000, 0x0000000092300000| Untracked 
| 292|0x0000000092400000, 0x0000000092400000, 0x0000000092500000|  0%| F|  |TAMS 0x0000000092400000, 0x0000000092400000| Untracked 
| 293|0x0000000092500000, 0x0000000092500000, 0x0000000092600000|  0%| F|  |TAMS 0x0000000092500000, 0x0000000092500000| Untracked 
| 294|0x0000000092600000, 0x0000000092600000, 0x0000000092700000|  0%| F|  |TAMS 0x0000000092600000, 0x0000000092600000| Untracked 
| 295|0x0000000092700000, 0x0000000092700000, 0x0000000092800000|  0%| F|  |TAMS 0x0000000092700000, 0x0000000092700000| Untracked 
| 296|0x0000000092800000, 0x0000000092800000, 0x0000000092900000|  0%| F|  |TAMS 0x0000000092800000, 0x0000000092800000| Untracked 
| 297|0x0000000092900000, 0x0000000092900000, 0x0000000092a00000|  0%| F|  |TAMS 0x0000000092900000, 0x0000000092900000| Untracked 
| 298|0x0000000092a00000, 0x0000000092a00000, 0x0000000092b00000|  0%| F|  |TAMS 0x0000000092a00000, 0x0000000092a00000| Untracked 
| 299|0x0000000092b00000, 0x0000000092b00000, 0x0000000092c00000|  0%| F|  |TAMS 0x0000000092b00000, 0x0000000092b00000| Untracked 
| 300|0x0000000092c00000, 0x0000000092c00000, 0x0000000092d00000|  0%| F|  |TAMS 0x0000000092c00000, 0x0000000092c00000| Untracked 
| 301|0x0000000092d00000, 0x0000000092d00000, 0x0000000092e00000|  0%| F|  |TAMS 0x0000000092d00000, 0x0000000092d00000| Untracked 
| 302|0x0000000092e00000, 0x0000000092e00000, 0x0000000092f00000|  0%| F|  |TAMS 0x0000000092e00000, 0x0000000092e00000| Untracked 
| 303|0x0000000092f00000, 0x0000000092f00000, 0x0000000093000000|  0%| F|  |TAMS 0x0000000092f00000, 0x0000000092f00000| Untracked 
| 304|0x0000000093000000, 0x0000000093000000, 0x0000000093100000|  0%| F|  |TAMS 0x0000000093000000, 0x0000000093000000| Untracked 
| 305|0x0000000093100000, 0x0000000093100000, 0x0000000093200000|  0%| F|  |TAMS 0x0000000093100000, 0x0000000093100000| Untracked 
| 306|0x0000000093200000, 0x0000000093200000, 0x0000000093300000|  0%| F|  |TAMS 0x0000000093200000, 0x0000000093200000| Untracked 
| 307|0x0000000093300000, 0x0000000093300000, 0x0000000093400000|  0%| F|  |TAMS 0x0000000093300000, 0x0000000093300000| Untracked 
| 308|0x0000000093400000, 0x0000000093400000, 0x0000000093500000|  0%| F|  |TAMS 0x0000000093400000, 0x0000000093400000| Untracked 
| 309|0x0000000093500000, 0x0000000093500000, 0x0000000093600000|  0%| F|  |TAMS 0x0000000093500000, 0x0000000093500000| Untracked 
| 310|0x0000000093600000, 0x0000000093600000, 0x0000000093700000|  0%| F|  |TAMS 0x0000000093600000, 0x0000000093600000| Untracked 
| 311|0x0000000093700000, 0x0000000093700000, 0x0000000093800000|  0%| F|  |TAMS 0x0000000093700000, 0x0000000093700000| Untracked 
| 312|0x0000000093800000, 0x0000000093800000, 0x0000000093900000|  0%| F|  |TAMS 0x0000000093800000, 0x0000000093800000| Untracked 
| 313|0x0000000093900000, 0x0000000093900000, 0x0000000093a00000|  0%| F|  |TAMS 0x0000000093900000, 0x0000000093900000| Untracked 
| 314|0x0000000093a00000, 0x0000000093a00000, 0x0000000093b00000|  0%| F|  |TAMS 0x0000000093a00000, 0x0000000093a00000| Untracked 
| 315|0x0000000093b00000, 0x0000000093b00000, 0x0000000093c00000|  0%| F|  |TAMS 0x0000000093b00000, 0x0000000093b00000| Untracked 
| 316|0x0000000093c00000, 0x0000000093c00000, 0x0000000093d00000|  0%| F|  |TAMS 0x0000000093c00000, 0x0000000093c00000| Untracked 
| 317|0x0000000093d00000, 0x0000000093d00000, 0x0000000093e00000|  0%| F|  |TAMS 0x0000000093d00000, 0x0000000093d00000| Untracked 
| 318|0x0000000093e00000, 0x0000000093e00000, 0x0000000093f00000|  0%| F|  |TAMS 0x0000000093e00000, 0x0000000093e00000| Untracked 
| 319|0x0000000093f00000, 0x0000000093f00000, 0x0000000094000000|  0%| F|  |TAMS 0x0000000093f00000, 0x0000000093f00000| Untracked 
| 320|0x0000000094000000, 0x0000000094000000, 0x0000000094100000|  0%| F|  |TAMS 0x0000000094000000, 0x0000000094000000| Untracked 
| 321|0x0000000094100000, 0x0000000094100000, 0x0000000094200000|  0%| F|  |TAMS 0x0000000094100000, 0x0000000094100000| Untracked 

Card table byte_map: [0x0000000014f60000,0x0000000015360000] _byte_map_base: 0x0000000014b60000

Marking Bits (Prev, Next): (CMBitMap*) 0x0000000002b0a910, (CMBitMap*) 0x0000000002b0a8d0
 Prev Bits: [0x0000000017760000, 0x0000000019760000)
 Next Bits: [0x0000000015760000, 0x0000000017760000)

Polling page: 0x0000000000490000

Metaspace:

Usage:
  Non-class:    103.53 MB used.
      Class:     16.14 MB used.
       Both:    119.67 MB used.

Virtual space:
  Non-class space:      112.00 MB reserved,     103.88 MB ( 93%) committed,  14 nodes.
      Class space:        1.00 GB reserved,      16.50 MB (  2%) committed,  1 nodes.
             Both:        1.11 GB reserved,     120.38 MB ( 11%) committed. 

Chunk freelists:
   Non-Class:  3.27 MB
       Class:  3.52 MB
        Both:  6.78 MB

MaxMetaspaceSize: unlimited
CompressedClassSpaceSize: 1.00 GB
Initial GC threshold: 21.00 MB
Current GC threshold: 195.94 MB
CDS: off
MetaspaceReclaimPolicy: balanced
 - commit_granule_bytes: 65536.
 - commit_granule_words: 8192.
 - virtual_space_node_default_size: 1048576.
 - enlarge_chunks_in_place: 1.
 - new_chunks_are_fully_committed: 0.
 - uncommit_free_chunks: 1.
 - use_allocation_guard: 0.
 - handle_deallocations: 1.


Internal statistics:

num_allocs_failed_limit: 18.
num_arena_births: 1168.
num_arena_deaths: 0.
num_vsnodes_births: 15.
num_vsnodes_deaths: 0.
num_space_committed: 1925.
num_space_uncommitted: 0.
num_chunks_returned_to_freelist: 18.
num_chunks_taken_from_freelist: 5733.
num_chunk_merges: 15.
num_chunk_splits: 3920.
num_chunks_enlarged: 2795.
num_purges: 0.
num_inconsistent_stats: 0.

CodeHeap 'non-profiled nmethods': size=120064Kb used=9174Kb max_used=9174Kb free=110889Kb
 bounds [0x000000000da20000, 0x000000000e320000, 0x0000000014f60000]
CodeHeap 'profiled nmethods': size=120000Kb used=34646Kb max_used=34646Kb free=85354Kb
 bounds [0x0000000005f60000, 0x0000000008140000, 0x000000000d490000]
CodeHeap 'non-nmethods': size=5696Kb used=2417Kb max_used=2462Kb free=3278Kb
 bounds [0x000000000d490000, 0x000000000d710000, 0x000000000da20000]
 total_blobs=17386 nmethods=16424 adapters=873
 compilation: enabled
              stopped_count=0, restarted_count=0
 full_count=0

Compilation events (20 events):
Event: 86.578 Thread 0x000000001cd30670 19714       2       com.android.tools.r8.graph.y4::a (37 bytes)
Event: 86.579 Thread 0x000000001cd30670 nmethod 19714 0x0000000008132390 code [0x0000000008132540, 0x0000000008132888]
Event: 86.640 Thread 0x000000001cd30670 19716       2       com.android.tools.r8.dex.code.M0::<init> (76 bytes)
Event: 86.641 Thread 0x000000001cd30670 nmethod 19716 0x0000000008132a10 code [0x0000000008132ba0, 0x0000000008132cb8]
Event: 86.641 Thread 0x000000001cd30670 19717       2       com.android.tools.r8.dex.code.M0::hashCode (21 bytes)
Event: 86.641 Thread 0x000000001cd30670 nmethod 19717 0x0000000008132d90 code [0x0000000008132f20, 0x0000000008133068]
Event: 86.647 Thread 0x000000001cd30670 19718       2       com.android.tools.r8.internal.Us::b (182 bytes)
Event: 86.648 Thread 0x000000001cd30670 nmethod 19718 0x0000000008133110 code [0x0000000008133360, 0x0000000008133868]
Event: 86.659 Thread 0x000000001cd30670 19719       2       com.android.tools.r8.internal.U10::e (15 bytes)
Event: 86.659 Thread 0x000000001cd30670 nmethod 19719 0x0000000008133d10 code [0x0000000008133ea0, 0x0000000008134008]
Event: 86.664 Thread 0x000000001cd30670 19720       1       com.android.tools.r8.internal.TS::size (5 bytes)
Event: 86.664 Thread 0x000000001cd30670 nmethod 19720 0x000000000e315710 code [0x000000000e3158a0, 0x000000000e315978]
Event: 86.719 Thread 0x000000001cd30670 19723       2       com.android.tools.r8.internal.v7::a (22 bytes)
Event: 86.720 Thread 0x000000001cd30670 nmethod 19723 0x0000000008134110 code [0x00000000081342c0, 0x0000000008134438]
Event: 86.720 Thread 0x000000001cd30670 19724       2       com.android.tools.r8.internal.v7::a (25 bytes)
Event: 86.720 Thread 0x000000001cd30670 nmethod 19724 0x0000000008134590 code [0x0000000008134780, 0x0000000008134ae8]
Event: 86.720 Thread 0x000000001cd30670 19725       2       com.android.tools.r8.internal.v7$$Lambda$1990/0x0000000100fdf2d0::apply (16 bytes)
Event: 86.721 Thread 0x000000001cd30670 nmethod 19725 0x0000000008134d10 code [0x0000000008134ec0, 0x0000000008135098]
Event: 86.722 Thread 0x000000001cd30670 19726       2       com.android.tools.r8.internal.v7::a (61 bytes)
Event: 86.723 Thread 0x000000001cd30670 nmethod 19726 0x0000000008135190 code [0x0000000008135360, 0x00000000081355a8]

GC Heap History (20 events):
Event: 61.103 GC heap after
{Heap after GC invocations=65 (full 0):
 garbage-first heap   total 329728K, used 158758K [0x0000000080000000, 0x0000000100000000)
  region size 1024K, 2 young (2048K), 2 survivors (2048K)
 Metaspace       used 104861K, committed 105600K, reserved 1146880K
  class space    used 14157K, committed 14528K, reserved 1048576K
}
Event: 63.021 GC heap before
{Heap before GC invocations=65 (full 0):
 garbage-first heap   total 329728K, used 267302K [0x0000000080000000, 0x0000000100000000)
  region size 1024K, 109 young (111616K), 2 survivors (2048K)
 Metaspace       used 104895K, committed 105664K, reserved 1146880K
  class space    used 14161K, committed 14528K, reserved 1048576K
}
Event: 63.029 GC heap after
{Heap after GC invocations=66 (full 0):
 garbage-first heap   total 329728K, used 158939K [0x0000000080000000, 0x0000000100000000)
  region size 1024K, 2 young (2048K), 2 survivors (2048K)
 Metaspace       used 104895K, committed 105664K, reserved 1146880K
  class space    used 14161K, committed 14528K, reserved 1048576K
}
Event: 67.199 GC heap before
{Heap before GC invocations=66 (full 0):
 garbage-first heap   total 329728K, used 281819K [0x0000000080000000, 0x0000000100000000)
  region size 1024K, 123 young (125952K), 2 survivors (2048K)
 Metaspace       used 105220K, committed 105984K, reserved 1146880K
  class space    used 14210K, committed 14592K, reserved 1048576K
}
Event: 67.214 GC heap after
{Heap after GC invocations=67 (full 0):
 garbage-first heap   total 329728K, used 160222K [0x0000000080000000, 0x0000000100000000)
  region size 1024K, 4 young (4096K), 4 survivors (4096K)
 Metaspace       used 105220K, committed 105984K, reserved 1146880K
  class space    used 14210K, committed 14592K, reserved 1048576K
}
Event: 71.300 GC heap before
{Heap before GC invocations=67 (full 0):
 garbage-first heap   total 329728K, used 273886K [0x0000000080000000, 0x0000000100000000)
  region size 1024K, 117 young (119808K), 4 survivors (4096K)
 Metaspace       used 116003K, committed 116736K, reserved 1155072K
  class space    used 15721K, committed 16128K, reserved 1048576K
}
Event: 71.348 GC heap after
{Heap after GC invocations=68 (full 0):
 garbage-first heap   total 329728K, used 167211K [0x0000000080000000, 0x0000000100000000)
  region size 1024K, 10 young (10240K), 10 survivors (10240K)
 Metaspace       used 116003K, committed 116736K, reserved 1155072K
  class space    used 15721K, committed 16128K, reserved 1048576K
}
Event: 76.227 GC heap before
{Heap before GC invocations=69 (full 0):
 garbage-first heap   total 329728K, used 247083K [0x0000000080000000, 0x0000000100000000)
  region size 1024K, 120 young (122880K), 10 survivors (10240K)
 Metaspace       used 119390K, committed 120128K, reserved 1155072K
  class space    used 16094K, committed 16448K, reserved 1048576K
}
Event: 76.258 GC heap after
{Heap after GC invocations=70 (full 0):
 garbage-first heap   total 329728K, used 134442K [0x0000000080000000, 0x0000000100000000)
  region size 1024K, 7 young (7168K), 7 survivors (7168K)
 Metaspace       used 119390K, committed 120128K, reserved 1155072K
  class space    used 16094K, committed 16448K, reserved 1048576K
}
Event: 76.595 GC heap before
{Heap before GC invocations=70 (full 0):
 garbage-first heap   total 329728K, used 143658K [0x0000000080000000, 0x0000000100000000)
  region size 1024K, 16 young (16384K), 7 survivors (7168K)
 Metaspace       used 119435K, committed 120192K, reserved 1155072K
  class space    used 16094K, committed 16448K, reserved 1048576K
}
Event: 76.612 GC heap after
{Heap after GC invocations=71 (full 0):
 garbage-first heap   total 329728K, used 129464K [0x0000000080000000, 0x0000000100000000)
  region size 1024K, 1 young (1024K), 1 survivors (1024K)
 Metaspace       used 119435K, committed 120192K, reserved 1155072K
  class space    used 16094K, committed 16448K, reserved 1048576K
}
Event: 78.662 GC heap before
{Heap before GC invocations=71 (full 0):
 garbage-first heap   total 329728K, used 281016K [0x0000000080000000, 0x0000000100000000)
  region size 1024K, 149 young (152576K), 1 survivors (1024K)
 Metaspace       used 119600K, committed 120384K, reserved 1155072K
  class space    used 16104K, committed 16512K, reserved 1048576K
}
Event: 78.683 GC heap after
{Heap after GC invocations=72 (full 0):
 garbage-first heap   total 329728K, used 129929K [0x0000000080000000, 0x0000000100000000)
  region size 1024K, 2 young (2048K), 2 survivors (2048K)
 Metaspace       used 119600K, committed 120384K, reserved 1155072K
  class space    used 16104K, committed 16512K, reserved 1048576K
}
Event: 82.823 GC heap before
{Heap before GC invocations=73 (full 0):
 garbage-first heap   total 329728K, used 285577K [0x0000000080000000, 0x0000000100000000)
  region size 1024K, 153 young (156672K), 2 survivors (2048K)
 Metaspace       used 122363K, committed 123136K, reserved 1163264K
  class space    used 16499K, committed 16896K, reserved 1048576K
}
Event: 82.837 GC heap after
{Heap after GC invocations=74 (full 0):
 garbage-first heap   total 329728K, used 133864K [0x0000000080000000, 0x0000000100000000)
  region size 1024K, 6 young (6144K), 6 survivors (6144K)
 Metaspace       used 122363K, committed 123136K, reserved 1163264K
  class space    used 16499K, committed 16896K, reserved 1048576K
}
Event: 82.939 GC heap before
{Heap before GC invocations=74 (full 0):
 garbage-first heap   total 329728K, used 144104K [0x0000000080000000, 0x0000000100000000)
  region size 1024K, 16 young (16384K), 6 survivors (6144K)
 Metaspace       used 122371K, committed 123136K, reserved 1163264K
  class space    used 16499K, committed 16896K, reserved 1048576K
}
Event: 82.957 GC heap after
{Heap after GC invocations=75 (full 0):
 garbage-first heap   total 329728K, used 131746K [0x0000000080000000, 0x0000000100000000)
  region size 1024K, 2 young (2048K), 2 survivors (2048K)
 Metaspace       used 122371K, committed 123136K, reserved 1163264K
  class space    used 16499K, committed 16896K, reserved 1048576K
}
Event: 84.989 GC heap before
{Heap before GC invocations=75 (full 0):
 garbage-first heap   total 329728K, used 281250K [0x0000000080000000, 0x0000000100000000)
  region size 1024K, 148 young (151552K), 2 survivors (2048K)
 Metaspace       used 122451K, committed 123200K, reserved 1163264K
  class space    used 16511K, committed 16896K, reserved 1048576K
}
Event: 85.057 GC heap after
{Heap after GC invocations=76 (full 0):
 garbage-first heap   total 329728K, used 147604K [0x0000000080000000, 0x0000000100000000)
  region size 1024K, 18 young (18432K), 18 survivors (18432K)
 Metaspace       used 122451K, committed 123200K, reserved 1163264K
  class space    used 16511K, committed 16896K, reserved 1048576K
}
Event: 86.740 GC heap before
{Heap before GC invocations=76 (full 0):
 garbage-first heap   total 329728K, used 272532K [0x0000000080000000, 0x0000000100000000)
  region size 1024K, 140 young (143360K), 18 survivors (18432K)
 Metaspace       used 122537K, committed 123264K, reserved 1163264K
  class space    used 16524K, committed 16896K, reserved 1048576K
}

Dll operation events (3 events):
Event: 0.105 Loaded shared library C:\Program Files\Android\Android Studio\jbr\bin\java.dll
Event: 0.617 Loaded shared library C:\Program Files\Android\Android Studio\jbr\bin\zip.dll
Event: 1.247 Loaded shared library C:\Program Files\Android\Android Studio\jbr\bin\verify.dll

Deoptimization events (20 events):
Event: 86.225 Thread 0x0000000022b13650 DEOPT PACKING pc=0x000000000811bdd1 sp=0x0000000000969860
Event: 86.225 Thread 0x0000000022b13650 DEOPT UNPACKING pc=0x000000000d4e7124 sp=0x0000000000968d98 mode 0
Event: 86.436 Thread 0x0000000022b13650 DEOPT PACKING pc=0x00000000081129eb sp=0x0000000000969b30
Event: 86.436 Thread 0x0000000022b13650 DEOPT UNPACKING pc=0x000000000d4e7124 sp=0x0000000000968fd8 mode 0
Event: 86.449 Thread 0x0000000022b13650 Uncommon trap: trap_request=0xffffffde fr.pc=0x000000000df15fa8 relative=0x00000000000005e8
Event: 86.449 Thread 0x0000000022b13650 Uncommon trap: reason=class_check action=maybe_recompile pc=0x000000000df15fa8 method=com.android.tools.r8.internal.mo.j()Lcom/android/tools/r8/internal/lo; @ 3 c2
Event: 86.449 Thread 0x0000000022b13650 DEOPT PACKING pc=0x000000000df15fa8 sp=0x0000000000969e80
Event: 86.449 Thread 0x0000000022b13650 DEOPT UNPACKING pc=0x000000000d4e699d sp=0x0000000000969e40 mode 2
Event: 86.449 Thread 0x0000000022b13650 Uncommon trap: trap_request=0xffffffde fr.pc=0x000000000df15fa8 relative=0x00000000000005e8
Event: 86.449 Thread 0x0000000022b13650 Uncommon trap: reason=class_check action=maybe_recompile pc=0x000000000df15fa8 method=com.android.tools.r8.internal.mo.j()Lcom/android/tools/r8/internal/lo; @ 3 c2
Event: 86.449 Thread 0x0000000022b13650 DEOPT PACKING pc=0x000000000df15fa8 sp=0x0000000000969e80
Event: 86.449 Thread 0x0000000022b13650 DEOPT UNPACKING pc=0x000000000d4e699d sp=0x0000000000969e40 mode 2
Event: 86.449 Thread 0x0000000022b13650 Uncommon trap: trap_request=0xffffffde fr.pc=0x000000000df15fa8 relative=0x00000000000005e8
Event: 86.449 Thread 0x0000000022b13650 Uncommon trap: reason=class_check action=maybe_recompile pc=0x000000000df15fa8 method=com.android.tools.r8.internal.mo.j()Lcom/android/tools/r8/internal/lo; @ 3 c2
Event: 86.449 Thread 0x0000000022b13650 DEOPT PACKING pc=0x000000000df15fa8 sp=0x0000000000969e80
Event: 86.449 Thread 0x0000000022b13650 DEOPT UNPACKING pc=0x000000000d4e699d sp=0x0000000000969e40 mode 2
Event: 86.471 Thread 0x0000000022b13650 DEOPT PACKING pc=0x000000000800ab0f sp=0x000000000096a070
Event: 86.471 Thread 0x0000000022b13650 DEOPT UNPACKING pc=0x000000000d4e7124 sp=0x0000000000969860 mode 0
Event: 86.513 Thread 0x0000000022b13650 DEOPT PACKING pc=0x000000000811bdd1 sp=0x0000000000969850
Event: 86.513 Thread 0x0000000022b13650 DEOPT UNPACKING pc=0x000000000d4e7124 sp=0x0000000000968d88 mode 0

Classes unloaded (0 events):
No events

Classes redefined (0 events):
No events

Internal exceptions (20 events):
Event: 79.391 Thread 0x0000000022b13650 Exception <a 'java/lang/NoSuchMethodError'{0x0000000093b27ac8}: 'java.lang.Object java.lang.invoke.DirectMethodHandle$Holder.newInvokeSpecial(java.lang.Object, java.lang.Object, int, java.lang.Object, java.lang.Object, java.lang.Object)'> (0x0000000093b27ac8) 
thrown [s\src\hotspot\share\interpreter\linkResolver.cpp, line 771]
Event: 79.393 Thread 0x0000000022b13650 Exception <a 'java/lang/NoSuchMethodError'{0x0000000093b2fa90}: 'java.lang.Object java.lang.invoke.Invokers$Holder.linkToTargetMethod(java.lang.Object, int, java.lang.Object, java.lang.Object, java.lang.Object, java.lang.Object)'> (0x0000000093b2fa90) 
thrown [s\src\hotspot\share\interpreter\linkResolver.cpp, line 771]
Event: 79.394 Thread 0x0000000022b13650 Exception <a 'java/lang/NoSuchMethodError'{0x0000000093b34208}: 'void java.lang.invoke.DirectMethodHandle$Holder.invokeSpecial(java.lang.Object, java.lang.Object, java.lang.Object, int, java.lang.Object, java.lang.Object, java.lang.Object, java.lang.Object)'> (0x0000000093b34208) 
thrown [s\src\hotspot\share\interpreter\linkResolver.cpp, line 771]
Event: 79.492 Thread 0x0000000022b13650 Exception <a 'java/lang/NoSuchMethodError'{0x0000000093a89f10}: 'java.lang.Object java.lang.invoke.DirectMethodHandle$Holder.newInvokeSpecial(java.lang.Object, int, java.lang.Object, java.lang.Object)'> (0x0000000093a89f10) 
thrown [s\src\hotspot\share\interpreter\linkResolver.cpp, line 771]
Event: 79.493 Thread 0x0000000022b13650 Exception <a 'java/lang/NoSuchMethodError'{0x0000000093a8e7f8}: 'java.lang.Object java.lang.invoke.DirectMethodHandle$Holder.invokeSpecial(java.lang.Object, java.lang.Object, int, java.lang.Object, java.lang.Object)'> (0x0000000093a8e7f8) 
thrown [s\src\hotspot\share\interpreter\linkResolver.cpp, line 771]
Event: 79.506 Thread 0x0000000022b13650 Exception <a 'java/lang/NoSuchMethodError'{0x0000000093ad6f00}: 'void java.lang.invoke.DirectMethodHandle$Holder.invokeStatic(java.lang.Object, java.lang.Object, java.lang.Object, java.lang.Object, java.lang.Object, java.lang.Object, java.lang.Object, java.lang.Object)'> (0x0000000093ad6f00) 
thrown [s\src\hotspot\share\interpreter\linkResolver.cpp, line 771]
Event: 79.639 Thread 0x0000000022b13650 Implicit null exception at 0x000000000e0230cf to 0x000000000e0231e0
Event: 80.075 Thread 0x0000000022b13650 Exception <a 'java/lang/IncompatibleClassChangeError'{0x0000000092f55760}: Found class java.lang.Object, but interface was expected> (0x0000000092f55760) 
thrown [s\src\hotspot\share\interpreter\linkResolver.cpp, line 838]
Event: 80.369 Thread 0x0000000022b13650 Exception <a 'java/lang/NoSuchMethodError'{0x000000009281ad58}: 'void java.lang.invoke.DirectMethodHandle$Holder.invokeSpecial(java.lang.Object, java.lang.Object, int)'> (0x000000009281ad58) 
thrown [s\src\hotspot\share\interpreter\linkResolver.cpp, line 771]
Event: 80.576 Thread 0x0000000022b13650 Exception <a 'sun/nio/fs/WindowsException'{0x0000000092649958}> (0x0000000092649958) 
thrown [s\src\hotspot\share\prims\jni.cpp, line 517]
Event: 80.701 Thread 0x0000000022b16670 Exception <a 'sun/nio/fs/WindowsException'{0x0000000092577ea8}> (0x0000000092577ea8) 
thrown [s\src\hotspot\share\prims\jni.cpp, line 517]
Event: 80.912 Thread 0x0000000022b13650 Exception <a 'sun/nio/fs/WindowsException'{0x0000000091cef548}> (0x0000000091cef548) 
thrown [s\src\hotspot\share\prims\jni.cpp, line 517]
Event: 81.014 Thread 0x0000000022b16670 Exception <a 'sun/nio/fs/WindowsException'{0x0000000091853968}> (0x0000000091853968) 
thrown [s\src\hotspot\share\prims\jni.cpp, line 517]
Event: 81.197 Thread 0x0000000022b13650 Implicit null exception at 0x000000000e261e4b to 0x000000000e261e70
Event: 82.240 Thread 0x0000000022b13650 Exception <a 'sun/nio/fs/WindowsException'{0x000000008cc8bbf0}> (0x000000008cc8bbf0) 
thrown [s\src\hotspot\share\prims\jni.cpp, line 517]
Event: 82.300 Thread 0x0000000022b16670 Exception <a 'sun/nio/fs/WindowsException'{0x000000008cb94768}> (0x000000008cb94768) 
thrown [s\src\hotspot\share\prims\jni.cpp, line 517]
Event: 82.484 Thread 0x0000000022b16670 Exception <a 'sun/nio/fs/WindowsException'{0x000000008bfffa20}> (0x000000008bfffa20) 
thrown [s\src\hotspot\share\prims\jni.cpp, line 517]
Event: 82.815 Thread 0x0000000022b16670 Exception <a 'sun/nio/fs/WindowsException'{0x000000008ad81348}> (0x000000008ad81348) 
thrown [s\src\hotspot\share\prims\jni.cpp, line 517]
Event: 82.898 Thread 0x0000000022b13650 Exception <a 'sun/nio/fs/WindowsException'{0x0000000093c8b678}> (0x0000000093c8b678) 
thrown [s\src\hotspot\share\prims\jni.cpp, line 517]
Event: 85.389 Thread 0x0000000022b16670 Exception <a 'sun/nio/fs/WindowsException'{0x000000009304c268}> (0x000000009304c268) 
thrown [s\src\hotspot\share\prims\jni.cpp, line 517]

VM Operations (20 events):
Event: 81.915 Executing VM operation: ICBufferFull done
Event: 82.311 Executing VM operation: HandshakeAllThreads
Event: 82.311 Executing VM operation: HandshakeAllThreads done
Event: 82.401 Executing VM operation: ICBufferFull
Event: 82.401 Executing VM operation: ICBufferFull done
Event: 82.462 Executing VM operation: HandshakeAllThreads
Event: 82.462 Executing VM operation: HandshakeAllThreads done
Event: 82.823 Executing VM operation: G1CollectForAllocation
Event: 82.837 Executing VM operation: G1CollectForAllocation done
Event: 82.939 Executing VM operation: G1CollectForAllocation
Event: 82.959 Executing VM operation: G1CollectForAllocation done
Event: 83.219 Executing VM operation: HandshakeAllThreads
Event: 83.236 Executing VM operation: HandshakeAllThreads done
Event: 84.241 Executing VM operation: Cleanup
Event: 84.273 Executing VM operation: Cleanup done
Event: 84.988 Executing VM operation: G1CollectForAllocation
Event: 85.062 Executing VM operation: G1CollectForAllocation done
Event: 86.064 Executing VM operation: Cleanup
Event: 86.065 Executing VM operation: Cleanup done
Event: 86.739 Executing VM operation: G1CollectForAllocation

Events (20 events):
Event: 73.972 Thread 0x000000001cd6aaa0 flushing nmethod 0x0000000007a72390
Event: 73.972 Thread 0x000000001cd6aaa0 flushing nmethod 0x0000000007a7e290
Event: 73.972 Thread 0x000000001cd6aaa0 flushing nmethod 0x0000000007a7f710
Event: 73.973 Thread 0x000000001cd6aaa0 flushing nmethod 0x0000000007a9dc90
Event: 73.973 Thread 0x000000001cd6aaa0 flushing nmethod 0x0000000007ab6e90
Event: 73.973 Thread 0x000000001cd6aaa0 flushing nmethod 0x0000000007ad2790
Event: 73.973 Thread 0x000000001cd6aaa0 flushing nmethod 0x0000000007ad6b10
Event: 73.973 Thread 0x000000001cd6aaa0 flushing nmethod 0x0000000007af6110
Event: 73.973 Thread 0x000000001cd6aaa0 flushing nmethod 0x0000000007b16e10
Event: 73.973 Thread 0x000000001cd6aaa0 flushing nmethod 0x0000000007b57a90
Event: 73.973 Thread 0x000000001cd6aaa0 flushing nmethod 0x0000000007b7d310
Event: 79.205 Thread 0x000000001cd6aaa0 flushing nmethod 0x0000000007a38590
Event: 79.281 loading class java/util/IdentityHashMap$EntrySet
Event: 79.283 loading class java/util/IdentityHashMap$EntrySet done
Event: 80.189 loading class java/nio/ShortBuffer
Event: 80.191 loading class java/nio/ShortBuffer done
Event: 80.371 loading class java/nio/ByteBufferAsShortBufferL
Event: 80.372 loading class java/nio/ByteBufferAsShortBufferL done
Event: 80.560 loading class java/util/zip/Adler32
Event: 80.561 loading class java/util/zip/Adler32 done


Dynamic libraries:
0x00007ff63ae90000 - 0x00007ff63ae9a000 	C:\Program Files\Android\Android Studio\jbr\bin\java.exe
0x00007ffde74d0000 - 0x00007ffde76e7000 	C:\Windows\SYSTEM32\ntdll.dll
0x00007ffde7080000 - 0x00007ffde7144000 	C:\Windows\System32\KERNEL32.DLL
0x00007ffde4bc0000 - 0x00007ffde4f93000 	C:\Windows\System32\KERNELBASE.dll
0x00007ffde1310000 - 0x00007ffde13a7000 	C:\Windows\SYSTEM32\apphelp.dll
0x00007ffde4aa0000 - 0x00007ffde4bb1000 	C:\Windows\System32\ucrtbase.dll
0x00007ffdaf870000 - 0x00007ffdaf887000 	C:\Program Files\Android\Android Studio\jbr\bin\jli.dll
0x00007ffde6e00000 - 0x00007ffde6fb1000 	C:\Windows\System32\USER32.dll
0x00007ffde45e0000 - 0x00007ffde4606000 	C:\Windows\System32\win32u.dll
0x00007ffdaea10000 - 0x00007ffdaea2b000 	C:\Program Files\Android\Android Studio\jbr\bin\VCRUNTIME140.dll
0x00007ffde6b60000 - 0x00007ffde6b89000 	C:\Windows\System32\GDI32.dll
0x00007ffde5020000 - 0x00007ffde513b000 	C:\Windows\System32\gdi32full.dll
0x00007ffde4750000 - 0x00007ffde47ea000 	C:\Windows\System32\msvcp_win.dll
0x00007ffdcbd10000 - 0x00007ffdcbfa8000 	C:\Windows\WinSxS\amd64_microsoft.windows.common-controls_6595b64144ccf1df_6.0.22621.5124_none_270e8f4f7386d69d\COMCTL32.dll
0x00007ffde6310000 - 0x00007ffde63b7000 	C:\Windows\System32\msvcrt.dll
0x00007ffde7450000 - 0x00007ffde7481000 	C:\Windows\System32\IMM32.DLL
0x00007ffdd28b0000 - 0x00007ffdd28bc000 	C:\Program Files\Android\Android Studio\jbr\bin\vcruntime140_1.dll
0x00007ffd8c350000 - 0x00007ffd8c3dd000 	C:\Program Files\Android\Android Studio\jbr\bin\msvcp140.dll
0x00007ffdabf00000 - 0x00007ffdacb6e000 	C:\Program Files\Android\Android Studio\jbr\bin\server\jvm.dll
0x00007ffde6fc0000 - 0x00007ffde7071000 	C:\Windows\System32\ADVAPI32.dll
0x00007ffde6630000 - 0x00007ffde66d7000 	C:\Windows\System32\sechost.dll
0x00007ffde5140000 - 0x00007ffde5168000 	C:\Windows\System32\bcrypt.dll
0x00007ffde6b90000 - 0x00007ffde6ca4000 	C:\Windows\System32\RPCRT4.dll
0x00007ffdde300000 - 0x00007ffdde334000 	C:\Windows\SYSTEM32\WINMM.dll
0x00007ffdd3ec0000 - 0x00007ffdd3eca000 	C:\Windows\SYSTEM32\VERSION.dll
0x00007ffdb5ca0000 - 0x00007ffdb5ca9000 	C:\Windows\SYSTEM32\WSOCK32.dll
0x00007ffde5170000 - 0x00007ffde51e1000 	C:\Windows\System32\WS2_32.dll
0x00007ffde35e0000 - 0x00007ffde35f8000 	C:\Windows\SYSTEM32\kernel.appcore.dll
0x00007ffddf6a0000 - 0x00007ffddf6aa000 	C:\Program Files\Android\Android Studio\jbr\bin\jimage.dll
0x00007ffde1f70000 - 0x00007ffde21a2000 	C:\Windows\SYSTEM32\DBGHELP.DLL
0x00007ffde53b0000 - 0x00007ffde5742000 	C:\Windows\System32\combase.dll
0x00007ffde7260000 - 0x00007ffde7337000 	C:\Windows\System32\OLEAUT32.dll
0x00007ffdcff30000 - 0x00007ffdcff62000 	C:\Windows\SYSTEM32\dbgcore.DLL
0x00007ffde4fa0000 - 0x00007ffde501b000 	C:\Windows\System32\bcryptPrimitives.dll
0x00007ffdd5f00000 - 0x00007ffdd5f0e000 	C:\Program Files\Android\Android Studio\jbr\bin\instrument.dll
0x00007ffdd5f10000 - 0x00007ffdd5f35000 	C:\Program Files\Android\Android Studio\jbr\bin\java.dll
0x00007ffdd3b40000 - 0x00007ffdd3b58000 	C:\Program Files\Android\Android Studio\jbr\bin\zip.dll
0x00007ffde5790000 - 0x00007ffde6026000 	C:\Windows\System32\SHELL32.dll
0x00007ffde4610000 - 0x00007ffde474f000 	C:\Windows\System32\wintypes.dll
0x00007ffde24c0000 - 0x00007ffde2dda000 	C:\Windows\SYSTEM32\windows.storage.dll
0x00007ffde7340000 - 0x00007ffde744a000 	C:\Windows\System32\SHCORE.dll
0x00007ffde6cb0000 - 0x00007ffde6d13000 	C:\Windows\System32\shlwapi.dll
0x00007ffde4510000 - 0x00007ffde453b000 	C:\Windows\SYSTEM32\profapi.dll
0x00007ffdcd510000 - 0x00007ffdcd529000 	C:\Program Files\Android\Android Studio\jbr\bin\net.dll
0x00007ffddd0d0000 - 0x00007ffddd1fc000 	C:\Windows\SYSTEM32\WINHTTP.dll
0x00007ffde3a60000 - 0x00007ffde3aca000 	C:\Windows\system32\mswsock.dll
0x00007ffdcd4f0000 - 0x00007ffdcd506000 	C:\Program Files\Android\Android Studio\jbr\bin\nio.dll
0x00007ffdde420000 - 0x00007ffdde430000 	C:\Program Files\Android\Android Studio\jbr\bin\verify.dll
0x00007ffdaf5f0000 - 0x00007ffdaf617000 	C:\Program Files\Android\Android Studio\jbr\native\68d5fa5c4cc2d200863cafc0d521ce42e7d3e7ee720ec0a83991735586a16f82\windows-amd64\native-platform.dll
0x00007ffd8be70000 - 0x00007ffd8bfb4000 	C:\Program Files\Android\Android Studio\jbr\native\e376f236ea51e6404a007f0833ffe2c6e607c4080706a723a18a27aeea778392\windows-amd64\native-platform-file-events.dll
0x00007ffdde340000 - 0x00007ffdde349000 	C:\Program Files\Android\Android Studio\jbr\bin\management.dll
0x00007ffdd6330000 - 0x00007ffdd633b000 	C:\Program Files\Android\Android Studio\jbr\bin\management_ext.dll
0x00007ffde6d20000 - 0x00007ffde6d28000 	C:\Windows\System32\PSAPI.DLL
0x00007ffde3c90000 - 0x00007ffde3cab000 	C:\Windows\SYSTEM32\CRYPTSP.dll
0x00007ffde3540000 - 0x00007ffde3577000 	C:\Windows\system32\rsaenh.dll
0x00007ffde3b20000 - 0x00007ffde3b48000 	C:\Windows\SYSTEM32\USERENV.dll
0x00007ffde3c80000 - 0x00007ffde3c8c000 	C:\Windows\SYSTEM32\CRYPTBASE.dll
0x00007ffde3080000 - 0x00007ffde30ad000 	C:\Windows\SYSTEM32\IPHLPAPI.DLL
0x00007ffde6610000 - 0x00007ffde6619000 	C:\Windows\System32\NSI.dll
0x00007ffdddb40000 - 0x00007ffdddb59000 	C:\Windows\SYSTEM32\dhcpcsvc6.DLL
0x00007ffddd0b0000 - 0x00007ffddd0cf000 	C:\Windows\SYSTEM32\dhcpcsvc.DLL
0x00007ffde3100000 - 0x00007ffde3202000 	C:\Windows\SYSTEM32\DNSAPI.dll
0x00007ffdb7840000 - 0x00007ffdb7848000 	C:\Windows\system32\wshunix.dll
0x00007ffdd5eb0000 - 0x00007ffdd5ec7000 	C:\Windows\system32\napinsp.dll
0x00007ffdd5d30000 - 0x00007ffdd5d4b000 	C:\Windows\system32\pnrpnsp.dll
0x00007ffdd5d10000 - 0x00007ffdd5d21000 	C:\Windows\System32\winrnr.dll
0x00007ffdbb7a0000 - 0x00007ffdbb7b5000 	C:\Windows\system32\wshbth.dll
0x00007ffdccf90000 - 0x00007ffdccfb7000 	C:\Windows\system32\nlansp_c.dll
0x00007ffdd66b0000 - 0x00007ffdd66ba000 	C:\Windows\System32\rasadhlp.dll
0x00007ffdd7700000 - 0x00007ffdd7783000 	C:\Windows\System32\fwpuclnt.dll

dbghelp: loaded successfully - version: 4.0.5 - missing functions: none
symbol engine: initialized successfully - sym options: 0x614 - pdb path: .;C:\Program Files\Android\Android Studio\jbr\bin;C:\Windows\SYSTEM32;C:\Windows\WinSxS\amd64_microsoft.windows.common-controls_6595b64144ccf1df_6.0.22621.5124_none_270e8f4f7386d69d;C:\Program Files\Android\Android Studio\jbr\bin\server;C:\Program Files\Android\Android Studio\jbr\native\68d5fa5c4cc2d200863cafc0d521ce42e7d3e7ee720ec0a83991735586a16f82\windows-amd64;C:\Program Files\Android\Android Studio\jbr\native\e376f236ea51e6404a007f0833ffe2c6e607c4080706a723a18a27aeea778392\windows-amd64

VM Arguments:
jvm_args: --add-opens=java.base/java.util=ALL-UNNAMED --add-opens=java.base/java.lang=ALL-UNNAMED --add-opens=java.base/java.lang.invoke=ALL-UNNAMED --add-opens=java.prefs/java.util.prefs=ALL-UNNAMED --add-opens=java.base/java.nio.charset=ALL-UNNAMED --add-opens=java.base/java.net=ALL-UNNAMED --add-opens=java.base/java.util.concurrent.atomic=ALL-UNNAMED -Xmx2048m -Dfile.encoding=UTF-8 -Duser.country=US -Duser.language=en -Duser.variant -javaagent:C:\Program Files\Android\Android Studio\jbr\wrapper\dists\gradle-8.1.1-all\bs1rrjki8hh9bujwbsqnxtuzr\gradle-8.1.1\lib\agents\gradle-instrumentation-agent-8.1.1.jar 
java_command: org.gradle.launcher.daemon.bootstrap.GradleDaemon 8.1.1
java_class_path (initial): C:\Program Files\Android\Android Studio\jbr\wrapper\dists\gradle-8.1.1-all\bs1rrjki8hh9bujwbsqnxtuzr\gradle-8.1.1\lib\gradle-launcher-8.1.1.jar
Launcher Type: SUN_STANDARD

[Global flags]
     intx CICompilerCount                          = 2                                         {product} {ergonomic}
     uint ConcGCThreads                            = 1                                         {product} {ergonomic}
     uint G1ConcRefinementThreads                  = 2                                         {product} {ergonomic}
   size_t G1HeapRegionSize                         = 1048576                                   {product} {ergonomic}
    uintx GCDrainStackTargetSize                   = 64                                        {product} {ergonomic}
   size_t InitialHeapSize                          = 62914560                                  {product} {ergonomic}
   size_t MarkStackSize                            = 4194304                                   {product} {ergonomic}
   size_t MaxHeapSize                              = 2147483648                                {product} {command line}
   size_t MaxNewSize                               = 1287651328                                {product} {ergonomic}
   size_t MinHeapDeltaBytes                        = 1048576                                   {product} {ergonomic}
   size_t MinHeapSize                              = 8388608                                   {product} {ergonomic}
    uintx NonNMethodCodeHeapSize                   = 5826188                                {pd product} {ergonomic}
    uintx NonProfiledCodeHeapSize                  = 122916026                              {pd product} {ergonomic}
    uintx ProfiledCodeHeapSize                     = 122916026                              {pd product} {ergonomic}
    uintx ReservedCodeCacheSize                    = 251658240                              {pd product} {ergonomic}
     bool SegmentedCodeCache                       = true                                      {product} {ergonomic}
   size_t SoftMaxHeapSize                          = 2147483648                             {manageable} {ergonomic}
     bool UseCompressedClassPointers               = true                           {product lp64_product} {ergonomic}
     bool UseCompressedOops                        = true                           {product lp64_product} {ergonomic}
     bool UseG1GC                                  = true                                      {product} {ergonomic}
     bool UseLargePagesIndividualAllocation        = false                                  {pd product} {ergonomic}

Logging:
Log output configuration:
 #0: stdout all=warning uptime,level,tags
 #1: stderr all=off uptime,level,tags

Environment Variables:
JAVA_HOME=C:\Program Files\Android\Android Studio\jbr

PATH=C:\Program Files (x86)\Common Files\Oracle\Java\java8path;C:\Program Files (x86)\Common Files\Oracle\Java\javapath;C:\Python312\Scripts\;C:\Python312\;C:\Windows\system32;C:\Windows;C:\Windows\System32\Wbem;C:\Windows\System32\WindowsPowerShell\v1.0\;C:\Windows\System32\OpenSSH\;C:\Program Files\dotnet\;C:\Program Files\Microsoft VS Code\bin;C:\Program Files\Git\cmd;C:\ProgramData\chocolatey\bin;C:\Program Files\Android\Android Studio\jbr\bin;C:\Program Files\Java\jdk-23\bin;C:\cygwin64\bin;C:\Program Files\usbipd-win\;C:\xampp\php;C:\ProgramData\ComposerSetup\bin;C:\Users\Admin\AppData\Local\Microsoft\WindowsApps;C:\Users\Admin\AppData\Local\Programs\Microsoft VS Code\bin;C:\Users\Admin\AppData\Local\spicetify;C:\Users\Admin\AppData\Roaming\npm;C:\Program Files\PostgreSQL\17\bin;C:\Users\Admin\AppData\Roaming\Composer\vendor\bin;C:\adb;C:\xampp\mysql\bin;;c:\Users\Admin\AppData\Local\Programs\cursor\resources\app\bin;C:\Program Files\nodejs\;C:\Users\Admin\AppData\Roaming\Python\Python312\Scripts
USERNAME=Admin
OS=Windows_NT
PROCESSOR_IDENTIFIER=Intel64 Family 6 Model 122 Stepping 8, GenuineIntel
TMP=C:\Users\Admin\AppData\Local\Temp
TEMP=C:\Users\Admin\AppData\Local\Temp


JNI global refs:
JNI global refs: 26, weak refs: 44

JNI global refs memory usage: 843, weak refs: 841


---------------  S Y S T E M  ---------------

OS:
 Windows 11 , 64 bit Build 22621 (10.0.22621.5124)
OS uptime: 0 days 12:13 hours
Hyper-V role detected

CPU: total 2 (initial active 2) (2 cores per cpu, 1 threads per core) family 6 model 122 stepping 8 microcode 0x20, cx8, cmov, fxsr, mmx, 3dnowpref, sse, sse2, sse3, ssse3, sse4.1, sse4.2, popcnt, tsc, tscinvbit, aes, erms, clmul, sha, clflush, clflushopt, hv

Memory: 4k page, system-wide physical 3737M (61M free)
TotalPageFile size 9881M (AvailPageFile size 54M)
current process WorkingSet (physical memory assigned to process): 503M, peak: 520M
current process commit charge ("private bytes"): 641M, peak: 805M

vm_info: OpenJDK 64-Bit Server VM (17.0.6+0-b2043.56-10027231) for windows-amd64 JRE (17.0.6+0-b2043.56-10027231), built on Apr 28 2023 00:43:19 by "androidbuild" with MS VC++ 16.10 / 16.11 (VS2019)

END.
