#
# There is insufficient memory for the Java Runtime Environment to continue.
# Native memory allocation (malloc) failed to allocate 1033456 bytes for Chunk::new
# Possible reasons:
#   The system is out of physical RAM or swap space
#   The process is running with CompressedOops enabled, and the Java Heap may be blocking the growth of the native heap
# Possible solutions:
#   Reduce memory load on the system
#   Increase physical memory or swap space
#   Check if swap backing store is full
#   Decrease Java heap size (-Xmx/-Xms)
#   Decrease number of Java threads
#   Decrease Java thread stack sizes (-Xss)
#   Set larger code cache with -XX:ReservedCodeCacheSize=
#   JVM is running with Unscaled Compressed Oops mode in which the Java heap is
#     placed in the first 4GB address space. The Java Heap base address is the
#     maximum limit for the native heap growth. Please use -XX:HeapBaseMinAddress
#     to set the Java Heap base and to place the Java Heap above 4GB virtual address.
# This output file may be truncated or incomplete.
#
#  Out of Memory Error (arena.cpp:189), pid=7812, tid=10236
#
# JRE version: OpenJDK Runtime Environment (17.0.6) (build 17.0.6+0-b2043.56-10027231)
# Java VM: OpenJDK 64-Bit Server VM (17.0.6+0-b2043.56-10027231, mixed mode, tiered, compressed oops, compressed class ptrs, g1 gc, windows-amd64)
# No core dump will be written. Minidumps are not enabled by default on client versions of Windows
#

---------------  S U M M A R Y ------------

Command Line: --add-opens=java.base/java.util=ALL-UNNAMED --add-opens=java.base/java.lang=ALL-UNNAMED --add-opens=java.base/java.lang.invoke=ALL-UNNAMED --add-opens=java.prefs/java.util.prefs=ALL-UNNAMED --add-opens=java.base/java.nio.charset=ALL-UNNAMED --add-opens=java.base/java.net=ALL-UNNAMED --add-opens=java.base/java.util.concurrent.atomic=ALL-UNNAMED -Xmx2048m -Dfile.encoding=UTF-8 -Duser.country=US -Duser.language=en -Duser.variant -javaagent:C:\Program Files\Android\Android Studio\jbr\wrapper\dists\gradle-8.1.1-all\bs1rrjki8hh9bujwbsqnxtuzr\gradle-8.1.1\lib\agents\gradle-instrumentation-agent-8.1.1.jar org.gradle.launcher.daemon.bootstrap.GradleDaemon 8.1.1

Host: Intel(R) Celeron(R) N4020 CPU @ 1.10GHz, 2 cores, 3G,  Windows 11 , 64 bit Build 22621 (10.0.22621.4830)
Time: Sat Mar 15 05:35:48 2025 SE Asia Standard Time elapsed time: 46.662662 seconds (0d 0h 0m 46s)

---------------  T H R E A D  ---------------

Current thread (0x000000001ce13760):  JavaThread "C2 CompilerThread0" daemon [_thread_in_native, id=10236, stack(0x000000001d600000,0x000000001d700000)]


Current CompileTask:
C2:  46662 8699   !   4       java.lang.ClassLoader::loadClass (121 bytes)

Stack: [0x000000001d600000,0x000000001d700000]
Native frames: (J=compiled Java code, j=interpreted, Vv=VM code, C=native code)
V  [jvm.dll+0x683c9a]
V  [jvm.dll+0x8427a4]
V  [jvm.dll+0x843f9e]
V  [jvm.dll+0x844603]
V  [jvm.dll+0x249b75]
V  [jvm.dll+0xabcac]
V  [jvm.dll+0xac27c]
V  [jvm.dll+0x2b0eef]
V  [jvm.dll+0x58a267]
V  [jvm.dll+0x2243b2]
V  [jvm.dll+0x21ddf4]
V  [jvm.dll+0x21b51b]
V  [jvm.dll+0x1a4fdd]
V  [jvm.dll+0x22b098]
V  [jvm.dll+0x229159]
V  [jvm.dll+0x7f81ec]
V  [jvm.dll+0x7f274a]
V  [jvm.dll+0x682ad5]
C  [ucrtbase.dll+0x29333]
C  [KERNEL32.DLL+0x1259d]
C  [ntdll.dll+0x5af38]


---------------  P R O C E S S  ---------------

Threads class SMR info:
_java_thread_list=0x000000002545cbe0, length=36, elements={
0x0000000002b317d0, 0x000000001c09e280, 0x000000001c0a0db0, 0x000000001ce0a080,
0x000000001ce0aef0, 0x000000001ce0eb20, 0x000000001ce0f4d0, 0x000000001ce13760,
0x000000001ce15210, 0x000000001ce17300, 0x000000001cea8df0, 0x000000001d088420,
0x000000001fcf5020, 0x000000001f863450, 0x000000001ffce350, 0x000000001f4a1e90,
0x000000001fd90060, 0x000000001fb59580, 0x000000001fb17900, 0x000000001dd46380,
0x000000001dd48060, 0x000000001dd47b90, 0x000000001dd48ed0, 0x000000001dd45eb0,
0x000000001dd48530, 0x000000001dd459e0, 0x000000001dd48a00, 0x000000001dd46850,
0x000000001dd476c0, 0x0000000020e103a0, 0x0000000020e168b0, 0x0000000020e0fed0,
0x0000000020e15f10, 0x0000000020e12a20, 0x0000000020e15570, 0x0000000020e0f530
}

Java Threads: ( => current thread )
  0x0000000002b317d0 JavaThread "main" [_thread_blocked, id=7108, stack(0x00000000021f0000,0x00000000022f0000)]
  0x000000001c09e280 JavaThread "Reference Handler" daemon [_thread_blocked, id=9424, stack(0x000000001c210000,0x000000001c310000)]
  0x000000001c0a0db0 JavaThread "Finalizer" daemon [_thread_blocked, id=3420, stack(0x000000001cc00000,0x000000001cd00000)]
  0x000000001ce0a080 JavaThread "Signal Dispatcher" daemon [_thread_blocked, id=10132, stack(0x000000001d200000,0x000000001d300000)]
  0x000000001ce0aef0 JavaThread "Attach Listener" daemon [_thread_blocked, id=9832, stack(0x000000001d300000,0x000000001d400000)]
  0x000000001ce0eb20 JavaThread "Service Thread" daemon [_thread_blocked, id=4752, stack(0x000000001d400000,0x000000001d500000)]
  0x000000001ce0f4d0 JavaThread "Monitor Deflation Thread" daemon [_thread_blocked, id=1512, stack(0x000000001d500000,0x000000001d600000)]
=>0x000000001ce13760 JavaThread "C2 CompilerThread0" daemon [_thread_in_native, id=10236, stack(0x000000001d600000,0x000000001d700000)]
  0x000000001ce15210 JavaThread "C1 CompilerThread0" daemon [_thread_blocked, id=3876, stack(0x000000001d700000,0x000000001d800000)]
  0x000000001ce17300 JavaThread "Sweeper thread" daemon [_thread_blocked, id=10120, stack(0x000000001d800000,0x000000001d900000)]
  0x000000001cea8df0 JavaThread "Common-Cleaner" daemon [_thread_blocked, id=4956, stack(0x000000001d900000,0x000000001da00000)]
  0x000000001d088420 JavaThread "Notification Thread" daemon [_thread_blocked, id=10152, stack(0x000000001da00000,0x000000001db00000)]
  0x000000001fcf5020 JavaThread "Daemon health stats" [_thread_blocked, id=3440, stack(0x000000001e500000,0x000000001e600000)]
  0x000000001f863450 JavaThread "Incoming local TCP Connector on port 50091" [_thread_in_native, id=7212, stack(0x000000001e600000,0x000000001e700000)]
  0x000000001ffce350 JavaThread "Daemon periodic checks" [_thread_blocked, id=9088, stack(0x000000001e700000,0x000000001e800000)]
  0x000000001f4a1e90 JavaThread "Daemon" [_thread_blocked, id=9600, stack(0x0000000021430000,0x0000000021530000)]
  0x000000001fd90060 JavaThread "Handler for socket connection from /127.0.0.1:50091 to /127.0.0.1:50092" [_thread_in_native, id=9440, stack(0x0000000021530000,0x0000000021630000)]
  0x000000001fb59580 JavaThread "Cancel handler" [_thread_blocked, id=4076, stack(0x0000000021630000,0x0000000021730000)]
  0x000000001fb17900 JavaThread "Daemon worker" [_thread_in_Java, id=3484, stack(0x0000000022000000,0x0000000022100000)]
  0x000000001dd46380 JavaThread "Asynchronous log dispatcher for DefaultDaemonConnection: socket connection from /127.0.0.1:50091 to /127.0.0.1:50092" [_thread_blocked, id=9960, stack(0x0000000022200000,0x0000000022300000)]
  0x000000001dd48060 JavaThread "Stdin handler" [_thread_blocked, id=4328, stack(0x0000000022300000,0x0000000022400000)]
  0x000000001dd47b90 JavaThread "Daemon client event forwarder" [_thread_blocked, id=8172, stack(0x0000000022400000,0x0000000022500000)]
  0x000000001dd48ed0 JavaThread "Cache worker for journal cache (C:\Program Files\Android\Android Studio\jbr\caches\journal-1)" [_thread_blocked, id=10004, stack(0x00000000234d0000,0x00000000235d0000)]
  0x000000001dd45eb0 JavaThread "File lock request listener" [_thread_in_native, id=5196, stack(0x00000000235d0000,0x00000000236d0000)]
  0x000000001dd48530 JavaThread "Cache worker for file hash cache (C:\Program Files\Android\Android Studio\jbr\caches\8.1.1\fileHashes)" [_thread_blocked, id=6764, stack(0x00000000239e0000,0x0000000023ae0000)]
  0x000000001dd459e0 JavaThread "File watcher server" daemon [_thread_in_native, id=10216, stack(0x00000000236d0000,0x00000000237d0000)]
  0x000000001dd48a00 JavaThread "File watcher consumer" daemon [_thread_blocked, id=1804, stack(0x00000000237d0000,0x00000000238d0000)]
  0x000000001dd46850 JavaThread "jar transforms" [_thread_blocked, id=3544, stack(0x00000000238d0000,0x00000000239d0000)]
  0x000000001dd476c0 JavaThread "jar transforms Thread 2" [_thread_blocked, id=2492, stack(0x0000000023ae0000,0x0000000023be0000)]
  0x0000000020e103a0 JavaThread "Cache worker for checksums cache (C:\Users\Admin\AndroidStudioProjects\kurirkilat\.gradle\8.1.1\checksums)" [_thread_blocked, id=8960, stack(0x0000000024400000,0x0000000024500000)]
  0x0000000020e168b0 JavaThread "Cache worker for cache directory md-rule (C:\Program Files\Android\Android Studio\jbr\caches\8.1.1\md-rule)" [_thread_blocked, id=8436, stack(0x0000000024500000,0x0000000024600000)]
  0x0000000020e0fed0 JavaThread "Cache worker for file content cache (C:\Program Files\Android\Android Studio\jbr\caches\8.1.1\fileContent)" [_thread_blocked, id=8328, stack(0x0000000024600000,0x0000000024700000)]
  0x0000000020e15f10 JavaThread "Cache worker for file hash cache (C:\Users\Admin\AndroidStudioProjects\kurirkilat\.gradle\8.1.1\fileHashes)" [_thread_blocked, id=4616, stack(0x0000000024700000,0x0000000024800000)]
  0x0000000020e12a20 JavaThread "Cache worker for cache directory md-supplier (C:\Program Files\Android\Android Studio\jbr\caches\8.1.1\md-supplier)" [_thread_blocked, id=9800, stack(0x0000000024800000,0x0000000024900000)]
  0x0000000020e15570 JavaThread "Cache worker for execution history cache (C:\Program Files\Android\Android Studio\jbr\caches\8.1.1\executionHistory)" [_thread_blocked, id=2624, stack(0x0000000024900000,0x0000000024a00000)]
  0x0000000020e0f530 JavaThread "Cache worker for kotlin-dsl (C:\Program Files\Android\Android Studio\jbr\caches\8.1.1\kotlin-dsl)" [_thread_blocked, id=6012, stack(0x0000000026d50000,0x0000000026e50000)]

Other Threads:
  0x000000001c056200 VMThread "VM Thread" [stack: 0x000000001c110000,0x000000001c210000] [id=9584]
  0x000000001d036780 WatcherThread [stack: 0x000000001db00000,0x000000001dc00000] [id=9708]
  0x0000000002b8c630 GCTaskThread "GC Thread#0" [stack: 0x00000000197f0000,0x00000000198f0000] [id=8564]
  0x000000001d0226e0 GCTaskThread "GC Thread#1" [stack: 0x000000001e400000,0x000000001e500000] [id=5452]
  0x0000000002b9dd10 ConcurrentGCThread "G1 Main Marker" [stack: 0x00000000198f0000,0x00000000199f0000] [id=9480]
  0x0000000002b9e720 ConcurrentGCThread "G1 Conc#0" [stack: 0x00000000199f0000,0x0000000019af0000] [id=6188]
  0x0000000002bd3a00 ConcurrentGCThread "G1 Refine#0" [stack: 0x000000001bd10000,0x000000001be10000] [id=9932]
  0x000000001f0ee720 ConcurrentGCThread "G1 Refine#1" [stack: 0x0000000026c00000,0x0000000026d00000] [id=8656]
  0x0000000002bd4420 ConcurrentGCThread "G1 Service" [stack: 0x000000001be10000,0x000000001bf10000] [id=8916]

Threads with active compile tasks:
C2 CompilerThread0    46724 8699   !   4       java.lang.ClassLoader::loadClass (121 bytes)

VM state: not at safepoint (normal execution)

VM Mutex/Monitor currently owned by a thread: None

Heap address: 0x0000000080000000, size: 2048 MB, Compressed Oops mode: 32-bit

CDS archive(s) not mapped
Compressed class space mapped at: 0x0000000100000000-0x0000000140000000, reserved size: 1073741824
Narrow klass base: 0x0000000000000000, Narrow klass shift: 3, Narrow klass range: 0x140000000

GC Precious Log:
 CPUs: 2 total, 2 available
 Memory: 3737M
 Large Page Support: Disabled
 NUMA Support: Disabled
 Compressed Oops: Enabled (32-bit)
 Heap Region Size: 1M
 Heap Min Capacity: 8M
 Heap Initial Capacity: 60M
 Heap Max Capacity: 2G
 Pre-touch: Disabled
 Parallel Workers: 2
 Concurrent Workers: 1
 Concurrent Refinement Workers: 2
 Periodic GC: Disabled

Heap:
 garbage-first heap   total 224256K, used 184541K [0x0000000080000000, 0x0000000100000000)
  region size 1024K, 76 young (77824K), 1 survivors (1024K)
 Metaspace       used 101981K, committed 102592K, reserved 1138688K
  class space    used 13229K, committed 13504K, reserved 1048576K

Heap Regions: E=young(eden), S=young(survivor), O=old, HS=humongous(starts), HC=humongous(continues), CS=collection set, F=free, OA=open archive, CA=closed archive, TAMS=top-at-mark-start (previous, next)
|   0|0x0000000080000000, 0x0000000080100000, 0x0000000080100000|100%| O|  |TAMS 0x0000000080100000, 0x0000000080000000| Untracked 
|   1|0x0000000080100000, 0x0000000080200000, 0x0000000080200000|100%| O|  |TAMS 0x0000000080200000, 0x0000000080100000| Untracked 
|   2|0x0000000080200000, 0x0000000080300000, 0x0000000080300000|100%|HS|  |TAMS 0x0000000080300000, 0x0000000080200000| Complete 
|   3|0x0000000080300000, 0x0000000080400000, 0x0000000080400000|100%|HC|  |TAMS 0x0000000080400000, 0x0000000080300000| Complete 
|   4|0x0000000080400000, 0x0000000080500000, 0x0000000080500000|100%|HC|  |TAMS 0x0000000080500000, 0x0000000080400000| Complete 
|   5|0x0000000080500000, 0x0000000080600000, 0x0000000080600000|100%|HC|  |TAMS 0x0000000080600000, 0x0000000080500000| Complete 
|   6|0x0000000080600000, 0x0000000080700000, 0x0000000080700000|100%| O|  |TAMS 0x0000000080700000, 0x0000000080600000| Untracked 
|   7|0x0000000080700000, 0x0000000080800000, 0x0000000080800000|100%| O|  |TAMS 0x0000000080800000, 0x0000000080700000| Untracked 
|   8|0x0000000080800000, 0x0000000080900000, 0x0000000080900000|100%| O|  |TAMS 0x0000000080900000, 0x0000000080800000| Untracked 
|   9|0x0000000080900000, 0x0000000080a00000, 0x0000000080a00000|100%| O|  |TAMS 0x0000000080a00000, 0x0000000080900000| Untracked 
|  10|0x0000000080a00000, 0x0000000080b00000, 0x0000000080b00000|100%| O|  |TAMS 0x0000000080b00000, 0x0000000080a00000| Untracked 
|  11|0x0000000080b00000, 0x0000000080c00000, 0x0000000080c00000|100%| O|  |TAMS 0x0000000080c00000, 0x0000000080b00000| Untracked 
|  12|0x0000000080c00000, 0x0000000080d00000, 0x0000000080d00000|100%| O|  |TAMS 0x0000000080d00000, 0x0000000080c00000| Untracked 
|  13|0x0000000080d00000, 0x0000000080e00000, 0x0000000080e00000|100%| O|  |TAMS 0x0000000080e00000, 0x0000000080d00000| Untracked 
|  14|0x0000000080e00000, 0x0000000080f00000, 0x0000000080f00000|100%| O|  |TAMS 0x0000000080f00000, 0x0000000080e00000| Untracked 
|  15|0x0000000080f00000, 0x0000000081000000, 0x0000000081000000|100%| O|  |TAMS 0x0000000081000000, 0x0000000080f00000| Untracked 
|  16|0x0000000081000000, 0x0000000081100000, 0x0000000081100000|100%| O|  |TAMS 0x0000000081100000, 0x0000000081000000| Untracked 
|  17|0x0000000081100000, 0x0000000081200000, 0x0000000081200000|100%| O|  |TAMS 0x0000000081200000, 0x0000000081100000| Untracked 
|  18|0x0000000081200000, 0x0000000081300000, 0x0000000081300000|100%| O|  |TAMS 0x0000000081300000, 0x0000000081200000| Untracked 
|  19|0x0000000081300000, 0x0000000081400000, 0x0000000081400000|100%|HS|  |TAMS 0x0000000081400000, 0x0000000081300000| Complete 
|  20|0x0000000081400000, 0x0000000081500000, 0x0000000081500000|100%|HC|  |TAMS 0x0000000081500000, 0x0000000081400000| Complete 
|  21|0x0000000081500000, 0x0000000081600000, 0x0000000081600000|100%|HS|  |TAMS 0x0000000081600000, 0x0000000081500000| Complete 
|  22|0x0000000081600000, 0x0000000081700000, 0x0000000081700000|100%|HC|  |TAMS 0x0000000081700000, 0x0000000081600000| Complete 
|  23|0x0000000081700000, 0x0000000081800000, 0x0000000081800000|100%|HC|  |TAMS 0x0000000081800000, 0x0000000081700000| Complete 
|  24|0x0000000081800000, 0x0000000081900000, 0x0000000081900000|100%|HS|  |TAMS 0x0000000081900000, 0x0000000081800000| Complete 
|  25|0x0000000081900000, 0x0000000081a00000, 0x0000000081a00000|100%|HC|  |TAMS 0x0000000081a00000, 0x0000000081900000| Complete 
|  26|0x0000000081a00000, 0x0000000081b00000, 0x0000000081b00000|100%|HC|  |TAMS 0x0000000081b00000, 0x0000000081a00000| Complete 
|  27|0x0000000081b00000, 0x0000000081c00000, 0x0000000081c00000|100%| O|  |TAMS 0x0000000081c00000, 0x0000000081b00000| Untracked 
|  28|0x0000000081c00000, 0x0000000081d00000, 0x0000000081d00000|100%| O|  |TAMS 0x0000000081d00000, 0x0000000081c00000| Untracked 
|  29|0x0000000081d00000, 0x0000000081e00000, 0x0000000081e00000|100%| O|  |TAMS 0x0000000081e00000, 0x0000000081d00000| Untracked 
|  30|0x0000000081e00000, 0x0000000081f00000, 0x0000000081f00000|100%| O|  |TAMS 0x0000000081f00000, 0x0000000081e00000| Untracked 
|  31|0x0000000081f00000, 0x0000000082000000, 0x0000000082000000|100%| O|  |TAMS 0x0000000082000000, 0x0000000081f00000| Untracked 
|  32|0x0000000082000000, 0x0000000082100000, 0x0000000082100000|100%|HS|  |TAMS 0x0000000082100000, 0x0000000082000000| Complete 
|  33|0x0000000082100000, 0x0000000082200000, 0x0000000082200000|100%|HC|  |TAMS 0x0000000082200000, 0x0000000082100000| Complete 
|  34|0x0000000082200000, 0x0000000082300000, 0x0000000082300000|100%| O|  |TAMS 0x0000000082300000, 0x0000000082200000| Untracked 
|  35|0x0000000082300000, 0x0000000082400000, 0x0000000082400000|100%| O|  |TAMS 0x0000000082400000, 0x0000000082300000| Untracked 
|  36|0x0000000082400000, 0x0000000082500000, 0x0000000082500000|100%| O|  |TAMS 0x0000000082500000, 0x0000000082400000| Untracked 
|  37|0x0000000082500000, 0x0000000082600000, 0x0000000082600000|100%| O|  |TAMS 0x0000000082600000, 0x0000000082500000| Untracked 
|  38|0x0000000082600000, 0x0000000082700000, 0x0000000082700000|100%| O|  |TAMS 0x0000000082700000, 0x0000000082600000| Untracked 
|  39|0x0000000082700000, 0x0000000082800000, 0x0000000082800000|100%| O|  |TAMS 0x0000000082800000, 0x0000000082700000| Untracked 
|  40|0x0000000082800000, 0x0000000082900000, 0x0000000082900000|100%| O|  |TAMS 0x0000000082900000, 0x0000000082800000| Untracked 
|  41|0x0000000082900000, 0x0000000082a00000, 0x0000000082a00000|100%| O|  |TAMS 0x0000000082a00000, 0x0000000082900000| Untracked 
|  42|0x0000000082a00000, 0x0000000082b00000, 0x0000000082b00000|100%| O|  |TAMS 0x0000000082b00000, 0x0000000082a00000| Untracked 
|  43|0x0000000082b00000, 0x0000000082c00000, 0x0000000082c00000|100%|HS|  |TAMS 0x0000000082c00000, 0x0000000082b00000| Complete 
|  44|0x0000000082c00000, 0x0000000082d00000, 0x0000000082d00000|100%|HC|  |TAMS 0x0000000082d00000, 0x0000000082c00000| Complete 
|  45|0x0000000082d00000, 0x0000000082e00000, 0x0000000082e00000|100%|HC|  |TAMS 0x0000000082e00000, 0x0000000082d00000| Complete 
|  46|0x0000000082e00000, 0x0000000082f00000, 0x0000000082f00000|100%|HC|  |TAMS 0x0000000082f00000, 0x0000000082e00000| Complete 
|  47|0x0000000082f00000, 0x0000000083000000, 0x0000000083000000|100%|HC|  |TAMS 0x0000000083000000, 0x0000000082f00000| Complete 
|  48|0x0000000083000000, 0x0000000083100000, 0x0000000083100000|100%|HC|  |TAMS 0x0000000083100000, 0x0000000083000000| Complete 
|  49|0x0000000083100000, 0x0000000083200000, 0x0000000083200000|100%|HC|  |TAMS 0x0000000083200000, 0x0000000083100000| Complete 
|  50|0x0000000083200000, 0x0000000083300000, 0x0000000083300000|100%|HC|  |TAMS 0x0000000083300000, 0x0000000083200000| Complete 
|  51|0x0000000083300000, 0x0000000083400000, 0x0000000083400000|100%|HC|  |TAMS 0x0000000083400000, 0x0000000083300000| Complete 
|  52|0x0000000083400000, 0x0000000083500000, 0x0000000083500000|100%|HC|  |TAMS 0x0000000083500000, 0x0000000083400000| Complete 
|  53|0x0000000083500000, 0x0000000083600000, 0x0000000083600000|100%|HC|  |TAMS 0x0000000083600000, 0x0000000083500000| Complete 
|  54|0x0000000083600000, 0x0000000083700000, 0x0000000083700000|100%|HC|  |TAMS 0x0000000083700000, 0x0000000083600000| Complete 
|  55|0x0000000083700000, 0x0000000083800000, 0x0000000083800000|100%| O|  |TAMS 0x0000000083800000, 0x0000000083700000| Untracked 
|  56|0x0000000083800000, 0x0000000083900000, 0x0000000083900000|100%|HS|  |TAMS 0x0000000083900000, 0x0000000083800000| Complete 
|  57|0x0000000083900000, 0x0000000083a00000, 0x0000000083a00000|100%|HC|  |TAMS 0x0000000083a00000, 0x0000000083900000| Complete 
|  58|0x0000000083a00000, 0x0000000083b00000, 0x0000000083b00000|100%|HC|  |TAMS 0x0000000083b00000, 0x0000000083a00000| Complete 
|  59|0x0000000083b00000, 0x0000000083c00000, 0x0000000083c00000|100%| O|  |TAMS 0x0000000083c00000, 0x0000000083b00000| Untracked 
|  60|0x0000000083c00000, 0x0000000083d00000, 0x0000000083d00000|100%| O|  |TAMS 0x0000000083d00000, 0x0000000083c00000| Untracked 
|  61|0x0000000083d00000, 0x0000000083e00000, 0x0000000083e00000|100%| O|  |TAMS 0x0000000083e00000, 0x0000000083d00000| Untracked 
|  62|0x0000000083e00000, 0x0000000083f00000, 0x0000000083f00000|100%| O|  |TAMS 0x0000000083f00000, 0x0000000083e00000| Untracked 
|  63|0x0000000083f00000, 0x0000000084000000, 0x0000000084000000|100%| O|  |TAMS 0x0000000084000000, 0x0000000083f00000| Untracked 
|  64|0x0000000084000000, 0x0000000084100000, 0x0000000084100000|100%|HS|  |TAMS 0x0000000084100000, 0x0000000084000000| Complete 
|  65|0x0000000084100000, 0x0000000084200000, 0x0000000084200000|100%|HC|  |TAMS 0x0000000084200000, 0x0000000084100000| Complete 
|  66|0x0000000084200000, 0x0000000084300000, 0x0000000084300000|100%|HC|  |TAMS 0x0000000084300000, 0x0000000084200000| Complete 
|  67|0x0000000084300000, 0x0000000084400000, 0x0000000084400000|100%|HC|  |TAMS 0x0000000084400000, 0x0000000084300000| Complete 
|  68|0x0000000084400000, 0x0000000084500000, 0x0000000084500000|100%|HS|  |TAMS 0x0000000084500000, 0x0000000084400000| Complete 
|  69|0x0000000084500000, 0x0000000084600000, 0x0000000084600000|100%| O|  |TAMS 0x0000000084500000, 0x0000000084500000| Untracked 
|  70|0x0000000084600000, 0x0000000084700000, 0x0000000084700000|100%| O|  |TAMS 0x0000000084700000, 0x0000000084600000| Untracked 
|  71|0x0000000084700000, 0x0000000084800000, 0x0000000084800000|100%| O|  |TAMS 0x0000000084800000, 0x0000000084700000| Untracked 
|  72|0x0000000084800000, 0x0000000084900000, 0x0000000084900000|100%| O|  |TAMS 0x0000000084900000, 0x0000000084800000| Untracked 
|  73|0x0000000084900000, 0x0000000084a00000, 0x0000000084a00000|100%| O|  |TAMS 0x0000000084a00000, 0x0000000084900000| Untracked 
|  74|0x0000000084a00000, 0x0000000084b00000, 0x0000000084b00000|100%| O|  |TAMS 0x0000000084a00000, 0x0000000084a00000| Untracked 
|  75|0x0000000084b00000, 0x0000000084c00000, 0x0000000084c00000|100%| O|  |TAMS 0x0000000084b00000, 0x0000000084b00000| Untracked 
|  76|0x0000000084c00000, 0x0000000084d00000, 0x0000000084d00000|100%| O|  |TAMS 0x0000000084d00000, 0x0000000084c00000| Untracked 
|  77|0x0000000084d00000, 0x0000000084e00000, 0x0000000084e00000|100%| O|  |TAMS 0x0000000084e00000, 0x0000000084d00000| Untracked 
|  78|0x0000000084e00000, 0x0000000084f00000, 0x0000000084f00000|100%| O|  |TAMS 0x0000000084f00000, 0x0000000084e00000| Untracked 
|  79|0x0000000084f00000, 0x0000000085000000, 0x0000000085000000|100%| O|  |TAMS 0x0000000085000000, 0x0000000084f00000| Untracked 
|  80|0x0000000085000000, 0x0000000085100000, 0x0000000085100000|100%| O|  |TAMS 0x0000000085100000, 0x0000000085000000| Untracked 
|  81|0x0000000085100000, 0x0000000085200000, 0x0000000085200000|100%| O|  |TAMS 0x0000000085200000, 0x0000000085100000| Untracked 
|  82|0x0000000085200000, 0x0000000085300000, 0x0000000085300000|100%| O|  |TAMS 0x0000000085300000, 0x0000000085200000| Untracked 
|  83|0x0000000085300000, 0x0000000085400000, 0x0000000085400000|100%| O|  |TAMS 0x0000000085300000, 0x0000000085300000| Untracked 
|  84|0x0000000085400000, 0x0000000085500000, 0x0000000085500000|100%| O|  |TAMS 0x0000000085400000, 0x0000000085400000| Untracked 
|  85|0x0000000085500000, 0x0000000085600000, 0x0000000085600000|100%| O|  |TAMS 0x0000000085500000, 0x0000000085500000| Untracked 
|  86|0x0000000085600000, 0x0000000085700000, 0x0000000085700000|100%| O|  |TAMS 0x0000000085600000, 0x0000000085600000| Untracked 
|  87|0x0000000085700000, 0x0000000085800000, 0x0000000085800000|100%| O|  |TAMS 0x0000000085800000, 0x0000000085700000| Untracked 
|  88|0x0000000085800000, 0x0000000085900000, 0x0000000085900000|100%| O|  |TAMS 0x0000000085900000, 0x0000000085800000| Untracked 
|  89|0x0000000085900000, 0x0000000085a00000, 0x0000000085a00000|100%| O|  |TAMS 0x0000000085a00000, 0x0000000085900000| Untracked 
|  90|0x0000000085a00000, 0x0000000085b00000, 0x0000000085b00000|100%| O|  |TAMS 0x0000000085b00000, 0x0000000085a00000| Untracked 
|  91|0x0000000085b00000, 0x0000000085c00000, 0x0000000085c00000|100%| O|  |TAMS 0x0000000085c00000, 0x0000000085b00000| Untracked 
|  92|0x0000000085c00000, 0x0000000085d00000, 0x0000000085d00000|100%| O|  |TAMS 0x0000000085c00000, 0x0000000085c00000| Untracked 
|  93|0x0000000085d00000, 0x0000000085e00000, 0x0000000085e00000|100%| O|  |TAMS 0x0000000085d00000, 0x0000000085d00000| Untracked 
|  94|0x0000000085e00000, 0x0000000085f00000, 0x0000000085f00000|100%| O|  |TAMS 0x0000000085e00000, 0x0000000085e00000| Untracked 
|  95|0x0000000085f00000, 0x0000000085f00000, 0x0000000086000000|  0%| F|  |TAMS 0x0000000085f00000, 0x0000000085f00000| Untracked 
|  96|0x0000000086000000, 0x0000000086037400, 0x0000000086100000| 21%| O|  |TAMS 0x0000000086000000, 0x0000000086000000| Untracked 
|  97|0x0000000086100000, 0x0000000086100000, 0x0000000086200000|  0%| F|  |TAMS 0x0000000086100000, 0x0000000086100000| Untracked 
|  98|0x0000000086200000, 0x0000000086200000, 0x0000000086300000|  0%| F|  |TAMS 0x0000000086200000, 0x0000000086200000| Untracked 
|  99|0x0000000086300000, 0x0000000086400000, 0x0000000086400000|100%|HS|  |TAMS 0x0000000086400000, 0x0000000086300000| Complete 
| 100|0x0000000086400000, 0x0000000086500000, 0x0000000086500000|100%|HC|  |TAMS 0x0000000086500000, 0x0000000086400000| Complete 
| 101|0x0000000086500000, 0x0000000086600000, 0x0000000086600000|100%|HC|  |TAMS 0x0000000086600000, 0x0000000086500000| Complete 
| 102|0x0000000086600000, 0x0000000086700000, 0x0000000086700000|100%|HC|  |TAMS 0x0000000086700000, 0x0000000086600000| Complete 
| 103|0x0000000086700000, 0x0000000086800000, 0x0000000086800000|100%|HC|  |TAMS 0x0000000086800000, 0x0000000086700000| Complete 
| 104|0x0000000086800000, 0x0000000086900000, 0x0000000086900000|100%|HC|  |TAMS 0x0000000086900000, 0x0000000086800000| Complete 
| 105|0x0000000086900000, 0x0000000086900000, 0x0000000086a00000|  0%| F|  |TAMS 0x0000000086900000, 0x0000000086900000| Untracked 
| 106|0x0000000086a00000, 0x0000000086a00000, 0x0000000086b00000|  0%| F|  |TAMS 0x0000000086a00000, 0x0000000086a00000| Untracked 
| 107|0x0000000086b00000, 0x0000000086b00000, 0x0000000086c00000|  0%| F|  |TAMS 0x0000000086b00000, 0x0000000086b00000| Untracked 
| 108|0x0000000086c00000, 0x0000000086c00000, 0x0000000086d00000|  0%| F|  |TAMS 0x0000000086c00000, 0x0000000086c00000| Untracked 
| 109|0x0000000086d00000, 0x0000000086d00000, 0x0000000086e00000|  0%| F|  |TAMS 0x0000000086d00000, 0x0000000086d00000| Untracked 
| 110|0x0000000086e00000, 0x0000000086e00000, 0x0000000086f00000|  0%| F|  |TAMS 0x0000000086e00000, 0x0000000086e00000| Untracked 
| 111|0x0000000086f00000, 0x0000000086f00000, 0x0000000087000000|  0%| F|  |TAMS 0x0000000086f00000, 0x0000000086f00000| Untracked 
| 112|0x0000000087000000, 0x0000000087000000, 0x0000000087100000|  0%| F|  |TAMS 0x0000000087000000, 0x0000000087000000| Untracked 
| 113|0x0000000087100000, 0x0000000087100000, 0x0000000087200000|  0%| F|  |TAMS 0x0000000087100000, 0x0000000087100000| Untracked 
| 114|0x0000000087200000, 0x0000000087200000, 0x0000000087300000|  0%| F|  |TAMS 0x0000000087200000, 0x0000000087200000| Untracked 
| 115|0x0000000087300000, 0x0000000087300000, 0x0000000087400000|  0%| F|  |TAMS 0x0000000087300000, 0x0000000087300000| Untracked 
| 116|0x0000000087400000, 0x0000000087400000, 0x0000000087500000|  0%| F|  |TAMS 0x0000000087400000, 0x0000000087400000| Untracked 
| 117|0x0000000087500000, 0x0000000087500000, 0x0000000087600000|  0%| F|  |TAMS 0x0000000087500000, 0x0000000087500000| Untracked 
| 118|0x0000000087600000, 0x0000000087600000, 0x0000000087700000|  0%| F|  |TAMS 0x0000000087600000, 0x0000000087600000| Untracked 
| 119|0x0000000087700000, 0x0000000087700000, 0x0000000087800000|  0%| F|  |TAMS 0x0000000087700000, 0x0000000087700000| Untracked 
| 120|0x0000000087800000, 0x0000000087800000, 0x0000000087900000|  0%| F|  |TAMS 0x0000000087800000, 0x0000000087800000| Untracked 
| 121|0x0000000087900000, 0x0000000087900000, 0x0000000087a00000|  0%| F|  |TAMS 0x0000000087900000, 0x0000000087900000| Untracked 
| 122|0x0000000087a00000, 0x0000000087a00000, 0x0000000087b00000|  0%| F|  |TAMS 0x0000000087a00000, 0x0000000087a00000| Untracked 
| 123|0x0000000087b00000, 0x0000000087b00000, 0x0000000087c00000|  0%| F|  |TAMS 0x0000000087b00000, 0x0000000087b00000| Untracked 
| 124|0x0000000087c00000, 0x0000000087c00000, 0x0000000087d00000|  0%| F|  |TAMS 0x0000000087c00000, 0x0000000087c00000| Untracked 
| 125|0x0000000087d00000, 0x0000000087d00000, 0x0000000087e00000|  0%| F|  |TAMS 0x0000000087d00000, 0x0000000087d00000| Untracked 
| 126|0x0000000087e00000, 0x0000000087e00000, 0x0000000087f00000|  0%| F|  |TAMS 0x0000000087e00000, 0x0000000087e00000| Untracked 
| 127|0x0000000087f00000, 0x0000000087f00000, 0x0000000088000000|  0%| F|  |TAMS 0x0000000087f00000, 0x0000000087f00000| Untracked 
| 128|0x0000000088000000, 0x0000000088000000, 0x0000000088100000|  0%| F|  |TAMS 0x0000000088000000, 0x0000000088000000| Untracked 
| 129|0x0000000088100000, 0x0000000088100000, 0x0000000088200000|  0%| F|  |TAMS 0x0000000088100000, 0x0000000088100000| Untracked 
| 130|0x0000000088200000, 0x0000000088200000, 0x0000000088300000|  0%| F|  |TAMS 0x0000000088200000, 0x0000000088200000| Untracked 
| 131|0x0000000088300000, 0x0000000088300000, 0x0000000088400000|  0%| F|  |TAMS 0x0000000088300000, 0x0000000088300000| Untracked 
| 132|0x0000000088400000, 0x0000000088400000, 0x0000000088500000|  0%| F|  |TAMS 0x0000000088400000, 0x0000000088400000| Untracked 
| 133|0x0000000088500000, 0x0000000088500000, 0x0000000088600000|  0%| F|  |TAMS 0x0000000088500000, 0x0000000088500000| Untracked 
| 134|0x0000000088600000, 0x0000000088600000, 0x0000000088700000|  0%| F|  |TAMS 0x0000000088600000, 0x0000000088600000| Untracked 
| 135|0x0000000088700000, 0x0000000088700000, 0x0000000088800000|  0%| F|  |TAMS 0x0000000088700000, 0x0000000088700000| Untracked 
| 136|0x0000000088800000, 0x0000000088800000, 0x0000000088900000|  0%| F|  |TAMS 0x0000000088800000, 0x0000000088800000| Untracked 
| 137|0x0000000088900000, 0x0000000088900000, 0x0000000088a00000|  0%| F|  |TAMS 0x0000000088900000, 0x0000000088900000| Untracked 
| 138|0x0000000088a00000, 0x0000000088a00000, 0x0000000088b00000|  0%| F|  |TAMS 0x0000000088a00000, 0x0000000088a00000| Untracked 
| 139|0x0000000088b00000, 0x0000000088c00000, 0x0000000088c00000|100%| E|  |TAMS 0x0000000088b00000, 0x0000000088b00000| Complete 
| 140|0x0000000088c00000, 0x0000000088d00000, 0x0000000088d00000|100%| E|CS|TAMS 0x0000000088c00000, 0x0000000088c00000| Complete 
| 141|0x0000000088d00000, 0x0000000088e00000, 0x0000000088e00000|100%| E|CS|TAMS 0x0000000088d00000, 0x0000000088d00000| Complete 
| 142|0x0000000088e00000, 0x0000000088f00000, 0x0000000088f00000|100%| E|CS|TAMS 0x0000000088e00000, 0x0000000088e00000| Complete 
| 143|0x0000000088f00000, 0x0000000089000000, 0x0000000089000000|100%| E|CS|TAMS 0x0000000088f00000, 0x0000000088f00000| Complete 
| 144|0x0000000089000000, 0x0000000089100000, 0x0000000089100000|100%| E|CS|TAMS 0x0000000089000000, 0x0000000089000000| Complete 
| 145|0x0000000089100000, 0x0000000089200000, 0x0000000089200000|100%| E|CS|TAMS 0x0000000089100000, 0x0000000089100000| Complete 
| 146|0x0000000089200000, 0x0000000089300000, 0x0000000089300000|100%| E|CS|TAMS 0x0000000089200000, 0x0000000089200000| Complete 
| 147|0x0000000089300000, 0x0000000089400000, 0x0000000089400000|100%| E|CS|TAMS 0x0000000089300000, 0x0000000089300000| Complete 
| 148|0x0000000089400000, 0x0000000089500000, 0x0000000089500000|100%| E|CS|TAMS 0x0000000089400000, 0x0000000089400000| Complete 
| 149|0x0000000089500000, 0x0000000089600000, 0x0000000089600000|100%| E|CS|TAMS 0x0000000089500000, 0x0000000089500000| Complete 
| 150|0x0000000089600000, 0x0000000089700000, 0x0000000089700000|100%| E|CS|TAMS 0x0000000089600000, 0x0000000089600000| Complete 
| 151|0x0000000089700000, 0x0000000089800000, 0x0000000089800000|100%| E|CS|TAMS 0x0000000089700000, 0x0000000089700000| Complete 
| 152|0x0000000089800000, 0x0000000089900000, 0x0000000089900000|100%| E|CS|TAMS 0x0000000089800000, 0x0000000089800000| Complete 
| 153|0x0000000089900000, 0x0000000089a00000, 0x0000000089a00000|100%| E|CS|TAMS 0x0000000089900000, 0x0000000089900000| Complete 
| 154|0x0000000089a00000, 0x0000000089b00000, 0x0000000089b00000|100%| E|CS|TAMS 0x0000000089a00000, 0x0000000089a00000| Complete 
| 155|0x0000000089b00000, 0x0000000089c00000, 0x0000000089c00000|100%| E|CS|TAMS 0x0000000089b00000, 0x0000000089b00000| Complete 
| 156|0x0000000089c00000, 0x0000000089d00000, 0x0000000089d00000|100%| E|CS|TAMS 0x0000000089c00000, 0x0000000089c00000| Complete 
| 157|0x0000000089d00000, 0x0000000089e00000, 0x0000000089e00000|100%| E|CS|TAMS 0x0000000089d00000, 0x0000000089d00000| Complete 
| 158|0x0000000089e00000, 0x0000000089f00000, 0x0000000089f00000|100%| E|CS|TAMS 0x0000000089e00000, 0x0000000089e00000| Complete 
| 159|0x0000000089f00000, 0x000000008a000000, 0x000000008a000000|100%| E|CS|TAMS 0x0000000089f00000, 0x0000000089f00000| Complete 
| 160|0x000000008a000000, 0x000000008a100000, 0x000000008a100000|100%| E|CS|TAMS 0x000000008a000000, 0x000000008a000000| Complete 
| 161|0x000000008a100000, 0x000000008a200000, 0x000000008a200000|100%| E|CS|TAMS 0x000000008a100000, 0x000000008a100000| Complete 
| 162|0x000000008a200000, 0x000000008a300000, 0x000000008a300000|100%| E|CS|TAMS 0x000000008a200000, 0x000000008a200000| Complete 
| 163|0x000000008a300000, 0x000000008a400000, 0x000000008a400000|100%| E|CS|TAMS 0x000000008a300000, 0x000000008a300000| Complete 
| 164|0x000000008a400000, 0x000000008a500000, 0x000000008a500000|100%| E|CS|TAMS 0x000000008a400000, 0x000000008a400000| Complete 
| 165|0x000000008a500000, 0x000000008a600000, 0x000000008a600000|100%| E|CS|TAMS 0x000000008a500000, 0x000000008a500000| Complete 
| 166|0x000000008a600000, 0x000000008a700000, 0x000000008a700000|100%| E|CS|TAMS 0x000000008a600000, 0x000000008a600000| Complete 
| 167|0x000000008a700000, 0x000000008a800000, 0x000000008a800000|100%| E|CS|TAMS 0x000000008a700000, 0x000000008a700000| Complete 
| 168|0x000000008a800000, 0x000000008a900000, 0x000000008a900000|100%| E|CS|TAMS 0x000000008a800000, 0x000000008a800000| Complete 
| 169|0x000000008a900000, 0x000000008aa00000, 0x000000008aa00000|100%| E|CS|TAMS 0x000000008a900000, 0x000000008a900000| Complete 
| 170|0x000000008aa00000, 0x000000008ab00000, 0x000000008ab00000|100%| E|CS|TAMS 0x000000008aa00000, 0x000000008aa00000| Complete 
| 171|0x000000008ab00000, 0x000000008ac00000, 0x000000008ac00000|100%| E|CS|TAMS 0x000000008ab00000, 0x000000008ab00000| Complete 
| 172|0x000000008ac00000, 0x000000008ad00000, 0x000000008ad00000|100%| E|CS|TAMS 0x000000008ac00000, 0x000000008ac00000| Complete 
| 173|0x000000008ad00000, 0x000000008ae00000, 0x000000008ae00000|100%| E|CS|TAMS 0x000000008ad00000, 0x000000008ad00000| Complete 
| 174|0x000000008ae00000, 0x000000008af00000, 0x000000008af00000|100%| E|CS|TAMS 0x000000008ae00000, 0x000000008ae00000| Complete 
| 175|0x000000008af00000, 0x000000008b000000, 0x000000008b000000|100%| E|CS|TAMS 0x000000008af00000, 0x000000008af00000| Complete 
| 176|0x000000008b000000, 0x000000008b100000, 0x000000008b100000|100%| E|CS|TAMS 0x000000008b000000, 0x000000008b000000| Complete 
| 177|0x000000008b100000, 0x000000008b200000, 0x000000008b200000|100%| E|CS|TAMS 0x000000008b100000, 0x000000008b100000| Complete 
| 178|0x000000008b200000, 0x000000008b300000, 0x000000008b300000|100%| E|CS|TAMS 0x000000008b200000, 0x000000008b200000| Complete 
| 179|0x000000008b300000, 0x000000008b400000, 0x000000008b400000|100%| E|CS|TAMS 0x000000008b300000, 0x000000008b300000| Complete 
| 180|0x000000008b400000, 0x000000008b500000, 0x000000008b500000|100%| E|CS|TAMS 0x000000008b400000, 0x000000008b400000| Complete 
| 181|0x000000008b500000, 0x000000008b600000, 0x000000008b600000|100%| E|CS|TAMS 0x000000008b500000, 0x000000008b500000| Complete 
| 182|0x000000008b600000, 0x000000008b700000, 0x000000008b700000|100%| E|CS|TAMS 0x000000008b600000, 0x000000008b600000| Complete 
| 183|0x000000008b700000, 0x000000008b800000, 0x000000008b800000|100%| E|CS|TAMS 0x000000008b700000, 0x000000008b700000| Complete 
| 184|0x000000008b800000, 0x000000008b900000, 0x000000008b900000|100%| E|CS|TAMS 0x000000008b800000, 0x000000008b800000| Complete 
| 185|0x000000008b900000, 0x000000008ba00000, 0x000000008ba00000|100%| E|CS|TAMS 0x000000008b900000, 0x000000008b900000| Complete 
| 186|0x000000008ba00000, 0x000000008bb00000, 0x000000008bb00000|100%| E|CS|TAMS 0x000000008ba00000, 0x000000008ba00000| Complete 
| 187|0x000000008bb00000, 0x000000008bc00000, 0x000000008bc00000|100%| E|CS|TAMS 0x000000008bb00000, 0x000000008bb00000| Complete 
| 188|0x000000008bc00000, 0x000000008bd00000, 0x000000008bd00000|100%| E|CS|TAMS 0x000000008bc00000, 0x000000008bc00000| Complete 
| 189|0x000000008bd00000, 0x000000008be00000, 0x000000008be00000|100%| E|CS|TAMS 0x000000008bd00000, 0x000000008bd00000| Complete 
| 190|0x000000008be00000, 0x000000008bf00000, 0x000000008bf00000|100%| E|CS|TAMS 0x000000008be00000, 0x000000008be00000| Complete 
| 191|0x000000008bf00000, 0x000000008c000000, 0x000000008c000000|100%| E|CS|TAMS 0x000000008bf00000, 0x000000008bf00000| Complete 
| 192|0x000000008c000000, 0x000000008c100000, 0x000000008c100000|100%| E|CS|TAMS 0x000000008c000000, 0x000000008c000000| Complete 
| 193|0x000000008c100000, 0x000000008c200000, 0x000000008c200000|100%| E|CS|TAMS 0x000000008c100000, 0x000000008c100000| Complete 
| 194|0x000000008c200000, 0x000000008c300000, 0x000000008c300000|100%| E|CS|TAMS 0x000000008c200000, 0x000000008c200000| Complete 
| 195|0x000000008c300000, 0x000000008c400000, 0x000000008c400000|100%| E|CS|TAMS 0x000000008c300000, 0x000000008c300000| Complete 
| 196|0x000000008c400000, 0x000000008c500000, 0x000000008c500000|100%| E|CS|TAMS 0x000000008c400000, 0x000000008c400000| Complete 
| 197|0x000000008c500000, 0x000000008c600000, 0x000000008c600000|100%| E|CS|TAMS 0x000000008c500000, 0x000000008c500000| Complete 
| 198|0x000000008c600000, 0x000000008c700000, 0x000000008c700000|100%| E|CS|TAMS 0x000000008c600000, 0x000000008c600000| Complete 
| 199|0x000000008c700000, 0x000000008c800000, 0x000000008c800000|100%| E|CS|TAMS 0x000000008c700000, 0x000000008c700000| Complete 
| 200|0x000000008c800000, 0x000000008c900000, 0x000000008c900000|100%| E|CS|TAMS 0x000000008c800000, 0x000000008c800000| Complete 
| 201|0x000000008c900000, 0x000000008ca00000, 0x000000008ca00000|100%| E|CS|TAMS 0x000000008c900000, 0x000000008c900000| Complete 
| 202|0x000000008ca00000, 0x000000008cb00000, 0x000000008cb00000|100%| E|CS|TAMS 0x000000008ca00000, 0x000000008ca00000| Complete 
| 203|0x000000008cb00000, 0x000000008cc00000, 0x000000008cc00000|100%| E|CS|TAMS 0x000000008cb00000, 0x000000008cb00000| Complete 
| 204|0x000000008cc00000, 0x000000008cd00000, 0x000000008cd00000|100%| E|CS|TAMS 0x000000008cc00000, 0x000000008cc00000| Complete 
| 205|0x000000008cd00000, 0x000000008ce00000, 0x000000008ce00000|100%| E|CS|TAMS 0x000000008cd00000, 0x000000008cd00000| Complete 
| 206|0x000000008ce00000, 0x000000008cf00000, 0x000000008cf00000|100%| E|CS|TAMS 0x000000008ce00000, 0x000000008ce00000| Complete 
| 207|0x000000008cf00000, 0x000000008d000000, 0x000000008d000000|100%| E|CS|TAMS 0x000000008cf00000, 0x000000008cf00000| Complete 
| 208|0x000000008d000000, 0x000000008d100000, 0x000000008d100000|100%| E|CS|TAMS 0x000000008d000000, 0x000000008d000000| Complete 
| 209|0x000000008d100000, 0x000000008d200000, 0x000000008d200000|100%| E|CS|TAMS 0x000000008d100000, 0x000000008d100000| Complete 
| 210|0x000000008d200000, 0x000000008d300000, 0x000000008d300000|100%| E|CS|TAMS 0x000000008d200000, 0x000000008d200000| Complete 
| 211|0x000000008d300000, 0x000000008d400000, 0x000000008d400000|100%| E|CS|TAMS 0x000000008d300000, 0x000000008d300000| Complete 
| 212|0x000000008d400000, 0x000000008d500000, 0x000000008d500000|100%| E|CS|TAMS 0x000000008d400000, 0x000000008d400000| Complete 
| 213|0x000000008d500000, 0x000000008d600000, 0x000000008d600000|100%| S|CS|TAMS 0x000000008d500000, 0x000000008d500000| Complete 
| 214|0x000000008d600000, 0x000000008d700000, 0x000000008d700000|100%| E|CS|TAMS 0x000000008d600000, 0x000000008d600000| Complete 
|2044|0x00000000ffc00000, 0x00000000ffd00000, 0x00000000ffd00000|100%| O|  |TAMS 0x00000000ffd00000, 0x00000000ffc00000| Untracked 
|2045|0x00000000ffd00000, 0x00000000ffe00000, 0x00000000ffe00000|100%| O|  |TAMS 0x00000000ffe00000, 0x00000000ffd00000| Untracked 
|2046|0x00000000ffe00000, 0x00000000fff00000, 0x00000000fff00000|100%| O|  |TAMS 0x00000000fff00000, 0x00000000ffe00000| Untracked 
|2047|0x00000000fff00000, 0x0000000100000000, 0x0000000100000000|100%| O|  |TAMS 0x0000000100000000, 0x00000000fff00000| Untracked 

Card table byte_map: [0x0000000014ff0000,0x00000000153f0000] _byte_map_base: 0x0000000014bf0000

Marking Bits (Prev, Next): (CMBitMap*) 0x0000000002b8cc40, (CMBitMap*) 0x0000000002b8cc80
 Prev Bits: [0x00000000157f0000, 0x00000000177f0000)
 Next Bits: [0x00000000177f0000, 0x00000000197f0000)

Polling page: 0x0000000000960000

Metaspace:

Usage:
  Non-class:     86.69 MB used.
      Class:     12.92 MB used.
       Both:     99.61 MB used.

Virtual space:
  Non-class space:       88.00 MB reserved,      87.06 MB ( 99%) committed,  11 nodes.
      Class space:        1.00 GB reserved,      13.19 MB (  1%) committed,  1 nodes.
             Both:        1.09 GB reserved,     100.25 MB (  9%) committed. 

Chunk freelists:
   Non-Class:  432.00 KB
       Class:  2.78 MB
        Both:  3.20 MB

MaxMetaspaceSize: unlimited
CompressedClassSpaceSize: 1.00 GB
Initial GC threshold: 21.00 MB
Current GC threshold: 147.81 MB
CDS: off
MetaspaceReclaimPolicy: balanced
 - commit_granule_bytes: 65536.
 - commit_granule_words: 8192.
 - virtual_space_node_default_size: 1048576.
 - enlarge_chunks_in_place: 1.
 - new_chunks_are_fully_committed: 0.
 - uncommit_free_chunks: 1.
 - use_allocation_guard: 0.
 - handle_deallocations: 1.


Internal statistics:

num_allocs_failed_limit: 6.
num_arena_births: 730.
num_arena_deaths: 0.
num_vsnodes_births: 12.
num_vsnodes_deaths: 0.
num_space_committed: 1602.
num_space_uncommitted: 0.
num_chunks_returned_to_freelist: 6.
num_chunks_taken_from_freelist: 4029.
num_chunk_merges: 6.
num_chunk_splits: 3110.
num_chunks_enlarged: 2528.
num_purges: 0.
num_inconsistent_stats: 0.

CodeHeap 'non-profiled nmethods': size=120064Kb used=4181Kb max_used=4668Kb free=115882Kb
 bounds [0x000000000dab0000, 0x000000000df40000, 0x0000000014ff0000]
CodeHeap 'profiled nmethods': size=120000Kb used=14239Kb max_used=14895Kb free=105760Kb
 bounds [0x0000000005ff0000, 0x0000000006e80000, 0x000000000d520000]
CodeHeap 'non-nmethods': size=5696Kb used=2445Kb max_used=2454Kb free=3250Kb
 bounds [0x000000000d520000, 0x000000000d790000, 0x000000000dab0000]
 total_blobs=8220 nmethods=7221 adapters=912
 compilation: enabled
              stopped_count=0, restarted_count=0
 full_count=0

Compilation events (20 events):
Event: 46.278 Thread 0x000000001ce15210 nmethod 8690 0x0000000006ca9a90 code [0x0000000006ca9cc0, 0x0000000006caa348]
Event: 46.278 Thread 0x000000001ce15210 8689       1       org.jetbrains.kotlin.ir.declarations.lazy.IrLazyFunction::getStubGenerator (5 bytes)
Event: 46.278 Thread 0x000000001ce15210 nmethod 8689 0x000000000de65f10 code [0x000000000de660a0, 0x000000000de66178]
Event: 46.278 Thread 0x000000001ce15210 8691       3       org.jetbrains.kotlin.ir.util.SymbolTable$FlatSymbolTable::get (36 bytes)
Event: 46.278 Thread 0x000000001ce15210 nmethod 8691 0x0000000006ca8b90 code [0x0000000006ca8de0, 0x0000000006ca9778]
Event: 46.299 Thread 0x000000001ce13760 8692       4       jdk.internal.loader.ClassLoaders$BootClassLoader::loadClassOrNull (10 bytes)
Event: 46.303 Thread 0x000000001ce13760 nmethod 8692 0x000000000de35f90 code [0x000000000de36140, 0x000000000de36378]
Event: 46.378 Thread 0x000000001ce13760 8693       4       java.lang.Integer::hashCode (2 bytes)
Event: 46.378 Thread 0x000000001ce15210 8695       3       kotlin.SafePublicationLazyImpl::getValue (56 bytes)
Event: 46.378 Thread 0x000000001ce13760 nmethod 8693 0x000000000de65990 code [0x000000000de65b00, 0x000000000de65b58]
Event: 46.378 Thread 0x000000001ce13760 8694       4       org.jetbrains.kotlin.name.FqNameUnsafe::hashCode (8 bytes)
Event: 46.378 Thread 0x000000001ce15210 nmethod 8695 0x0000000006610f90 code [0x0000000006611160, 0x0000000006611518]
Event: 46.383 Thread 0x000000001ce13760 nmethod 8694 0x000000000de35a10 code [0x000000000de35ba0, 0x000000000de35dc8]
Event: 46.386 Thread 0x000000001ce15210 8696       3       org.jetbrains.kotlin.codegen.intrinsics.IntrinsicsMap::registerIntrinsic (61 bytes)
Event: 46.387 Thread 0x000000001ce15210 nmethod 8696 0x0000000006918610 code [0x0000000006918960, 0x0000000006919af8]
Event: 46.387 Thread 0x000000001ce15210 8697       3       org.jetbrains.kotlin.codegen.intrinsics.IntrinsicsMap$Key::<init> (38 bytes)
Event: 46.388 Thread 0x000000001ce15210 nmethod 8697 0x0000000006b10910 code [0x0000000006b10ba0, 0x0000000006b11778]
Event: 46.388 Thread 0x000000001ce15210 8698       3       org.jetbrains.kotlin.codegen.intrinsics.IntrinsicsMap$Key::hashCode (60 bytes)
Event: 46.388 Thread 0x000000001ce15210 nmethod 8698 0x0000000006b10190 code [0x0000000006b10380, 0x0000000006b10708]
Event: 46.467 Thread 0x000000001ce13760 8699   !   4       java.lang.ClassLoader::loadClass (121 bytes)

GC Heap History (20 events):
Event: 31.076 GC heap before
{Heap before GC invocations=73 (full 0):
 garbage-first heap   total 183296K, used 157157K [0x0000000080000000, 0x0000000100000000)
  region size 1024K, 82 young (83968K), 7 survivors (7168K)
 Metaspace       used 53803K, committed 54336K, reserved 1097728K
  class space    used 6975K, committed 7232K, reserved 1048576K
}
Event: 31.085 GC heap after
{Heap after GC invocations=74 (full 0):
 garbage-first heap   total 183296K, used 81485K [0x0000000080000000, 0x0000000100000000)
  region size 1024K, 7 young (7168K), 7 survivors (7168K)
 Metaspace       used 53803K, committed 54336K, reserved 1097728K
  class space    used 6975K, committed 7232K, reserved 1048576K
}
Event: 31.640 GC heap before
{Heap before GC invocations=74 (full 0):
 garbage-first heap   total 183296K, used 158285K [0x0000000080000000, 0x0000000100000000)
  region size 1024K, 81 young (82944K), 7 survivors (7168K)
 Metaspace       used 53898K, committed 54400K, reserved 1097728K
  class space    used 6991K, committed 7232K, reserved 1048576K
}
Event: 31.648 GC heap after
{Heap after GC invocations=75 (full 0):
 garbage-first heap   total 220160K, used 74897K [0x0000000080000000, 0x0000000100000000)
  region size 1024K, 6 young (6144K), 6 survivors (6144K)
 Metaspace       used 53898K, committed 54400K, reserved 1097728K
  class space    used 6991K, committed 7232K, reserved 1048576K
}
Event: 33.110 GC heap before
{Heap before GC invocations=75 (full 0):
 garbage-first heap   total 220160K, used 196753K [0x0000000080000000, 0x0000000100000000)
  region size 1024K, 119 young (121856K), 6 survivors (6144K)
 Metaspace       used 53900K, committed 54400K, reserved 1097728K
  class space    used 6991K, committed 7232K, reserved 1048576K
}
Event: 33.116 GC heap after
{Heap after GC invocations=76 (full 0):
 garbage-first heap   total 220160K, used 74385K [0x0000000080000000, 0x0000000100000000)
  region size 1024K, 6 young (6144K), 6 survivors (6144K)
 Metaspace       used 53900K, committed 54400K, reserved 1097728K
  class space    used 6991K, committed 7232K, reserved 1048576K
}
Event: 33.766 GC heap before
{Heap before GC invocations=76 (full 0):
 garbage-first heap   total 220160K, used 190097K [0x0000000080000000, 0x0000000100000000)
  region size 1024K, 119 young (121856K), 6 survivors (6144K)
 Metaspace       used 53961K, committed 54464K, reserved 1097728K
  class space    used 6991K, committed 7232K, reserved 1048576K
}
Event: 33.771 GC heap after
{Heap after GC invocations=77 (full 0):
 garbage-first heap   total 220160K, used 74385K [0x0000000080000000, 0x0000000100000000)
  region size 1024K, 6 young (6144K), 6 survivors (6144K)
 Metaspace       used 53961K, committed 54464K, reserved 1097728K
  class space    used 6991K, committed 7232K, reserved 1048576K
}
Event: 36.978 GC heap before
{Heap before GC invocations=77 (full 0):
 garbage-first heap   total 220160K, used 194193K [0x0000000080000000, 0x0000000100000000)
  region size 1024K, 119 young (121856K), 6 survivors (6144K)
 Metaspace       used 69966K, committed 70592K, reserved 1114112K
  class space    used 9572K, committed 9856K, reserved 1048576K
}
Event: 36.993 GC heap after
{Heap after GC invocations=78 (full 0):
 garbage-first heap   total 220160K, used 82065K [0x0000000080000000, 0x0000000100000000)
  region size 1024K, 9 young (9216K), 9 survivors (9216K)
 Metaspace       used 69966K, committed 70592K, reserved 1114112K
  class space    used 9572K, committed 9856K, reserved 1048576K
}
Event: 39.517 GC heap before
{Heap before GC invocations=78 (full 0):
 garbage-first heap   total 220160K, used 201873K [0x0000000080000000, 0x0000000100000000)
  region size 1024K, 112 young (114688K), 9 survivors (9216K)
 Metaspace       used 78751K, committed 79296K, reserved 1122304K
  class space    used 10572K, committed 10816K, reserved 1048576K
}
Event: 39.574 GC heap after
{Heap after GC invocations=79 (full 0):
 garbage-first heap   total 224256K, used 101607K [0x0000000080000000, 0x0000000100000000)
  region size 1024K, 14 young (14336K), 14 survivors (14336K)
 Metaspace       used 78751K, committed 79296K, reserved 1122304K
  class space    used 10572K, committed 10816K, reserved 1048576K
}
Event: 42.128 GC heap before
{Heap before GC invocations=79 (full 0):
 garbage-first heap   total 224256K, used 185575K [0x0000000080000000, 0x0000000100000000)
  region size 1024K, 96 young (98304K), 14 survivors (14336K)
 Metaspace       used 89179K, committed 89728K, reserved 1130496K
  class space    used 11725K, committed 11968K, reserved 1048576K
}
Event: 42.173 GC heap after
{Heap after GC invocations=80 (full 0):
 garbage-first heap   total 224256K, used 107520K [0x0000000080000000, 0x0000000100000000)
  region size 1024K, 6 young (6144K), 6 survivors (6144K)
 Metaspace       used 89179K, committed 89728K, reserved 1130496K
  class space    used 11725K, committed 11968K, reserved 1048576K
}
Event: 42.425 GC heap before
{Heap before GC invocations=80 (full 0):
 garbage-first heap   total 224256K, used 114688K [0x0000000080000000, 0x0000000100000000)
  region size 1024K, 14 young (14336K), 6 survivors (6144K)
 Metaspace       used 90001K, committed 90560K, reserved 1130496K
  class space    used 11823K, committed 12096K, reserved 1048576K
}
Event: 42.449 GC heap after
{Heap after GC invocations=81 (full 0):
 garbage-first heap   total 224256K, used 108032K [0x0000000080000000, 0x0000000100000000)
  region size 1024K, 6 young (6144K), 6 survivors (6144K)
 Metaspace       used 90001K, committed 90560K, reserved 1130496K
  class space    used 11823K, committed 12096K, reserved 1048576K
}
Event: 44.461 GC heap before
{Heap before GC invocations=82 (full 0):
 garbage-first heap   total 224256K, used 186368K [0x0000000080000000, 0x0000000100000000)
  region size 1024K, 85 young (87040K), 6 survivors (6144K)
 Metaspace       used 93615K, committed 94208K, reserved 1138688K
  class space    used 12235K, committed 12480K, reserved 1048576K
}
Event: 44.489 GC heap after
{Heap after GC invocations=83 (full 0):
 garbage-first heap   total 224256K, used 109184K [0x0000000080000000, 0x0000000100000000)
  region size 1024K, 11 young (11264K), 11 survivors (11264K)
 Metaspace       used 93615K, committed 94208K, reserved 1138688K
  class space    used 12235K, committed 12480K, reserved 1048576K
}
Event: 44.543 GC heap before
{Heap before GC invocations=83 (full 0):
 garbage-first heap   total 224256K, used 110208K [0x0000000080000000, 0x0000000100000000)
  region size 1024K, 12 young (12288K), 11 survivors (11264K)
 Metaspace       used 93742K, committed 94336K, reserved 1138688K
  class space    used 12249K, committed 12480K, reserved 1048576K
}
Event: 44.562 GC heap after
{Heap after GC invocations=84 (full 0):
 garbage-first heap   total 224256K, used 108765K [0x0000000080000000, 0x0000000100000000)
  region size 1024K, 1 young (1024K), 1 survivors (1024K)
 Metaspace       used 93742K, committed 94336K, reserved 1138688K
  class space    used 12249K, committed 12480K, reserved 1048576K
}

Dll operation events (3 events):
Event: 0.047 Loaded shared library C:\Program Files\Android\Android Studio\jbr\bin\java.dll
Event: 0.400 Loaded shared library C:\Program Files\Android\Android Studio\jbr\bin\zip.dll
Event: 1.070 Loaded shared library C:\Program Files\Android\Android Studio\jbr\bin\verify.dll

Deoptimization events (20 events):
Event: 45.713 Thread 0x000000001fb17900 Uncommon trap: trap_request=0xffffffde fr.pc=0x000000000df354c8 relative=0x0000000000000548
Event: 45.713 Thread 0x000000001fb17900 Uncommon trap: reason=class_check action=maybe_recompile pc=0x000000000df354c8 method=org.jetbrains.kotlin.storage.LockBasedStorageManager$LockBasedLazyValue.invoke()Ljava/lang/Object; @ 24 c2
Event: 45.713 Thread 0x000000001fb17900 DEOPT PACKING pc=0x000000000df354c8 sp=0x00000000220f5270
Event: 45.714 Thread 0x000000001fb17900 DEOPT UNPACKING pc=0x000000000d57699d sp=0x00000000220f51c0 mode 2
Event: 45.714 Thread 0x000000001fb17900 Uncommon trap: trap_request=0xffffffde fr.pc=0x000000000df354c8 relative=0x0000000000000548
Event: 45.714 Thread 0x000000001fb17900 Uncommon trap: reason=class_check action=maybe_recompile pc=0x000000000df354c8 method=org.jetbrains.kotlin.storage.LockBasedStorageManager$LockBasedLazyValue.invoke()Ljava/lang/Object; @ 24 c2
Event: 45.714 Thread 0x000000001fb17900 DEOPT PACKING pc=0x000000000df354c8 sp=0x00000000220f5270
Event: 45.714 Thread 0x000000001fb17900 DEOPT UNPACKING pc=0x000000000d57699d sp=0x00000000220f51c0 mode 2
Event: 46.211 Thread 0x000000001fb17900 Uncommon trap: trap_request=0xffffff45 fr.pc=0x000000000df28d5c relative=0x0000000000000cfc
Event: 46.211 Thread 0x000000001fb17900 Uncommon trap: reason=unstable_if action=reinterpret pc=0x000000000df28d5c method=org.jetbrains.kotlin.metadata.ProtoBuf$Type.getSerializedSize()I @ 176 c2
Event: 46.211 Thread 0x000000001fb17900 DEOPT PACKING pc=0x000000000df28d5c sp=0x00000000220f3db0
Event: 46.211 Thread 0x000000001fb17900 DEOPT UNPACKING pc=0x000000000d57699d sp=0x00000000220f3d70 mode 2
Event: 46.211 Thread 0x000000001fb17900 Uncommon trap: trap_request=0xffffff45 fr.pc=0x000000000dafbcc0 relative=0x0000000000001960
Event: 46.211 Thread 0x000000001fb17900 Uncommon trap: reason=unstable_if action=reinterpret pc=0x000000000dafbcc0 method=org.jetbrains.kotlin.metadata.ProtoBuf$Type.writeTo(Lorg/jetbrains/kotlin/protobuf/CodedOutputStream;)V @ 160 c2
Event: 46.211 Thread 0x000000001fb17900 DEOPT PACKING pc=0x000000000dafbcc0 sp=0x00000000220f3da0
Event: 46.211 Thread 0x000000001fb17900 DEOPT UNPACKING pc=0x000000000d57699d sp=0x00000000220f3d88 mode 2
Event: 46.430 Thread 0x000000001fb17900 Uncommon trap: trap_request=0xffffffbe fr.pc=0x000000000debc4c0 relative=0x00000000000001a0
Event: 46.430 Thread 0x000000001fb17900 Uncommon trap: reason=profile_predicate action=maybe_recompile pc=0x000000000debc4c0 method=java.util.LinkedHashMap.keysToArray([Ljava/lang/Object;)[Ljava/lang/Object; @ 12 c2
Event: 46.430 Thread 0x000000001fb17900 DEOPT PACKING pc=0x000000000debc4c0 sp=0x00000000220f59f0
Event: 46.430 Thread 0x000000001fb17900 DEOPT UNPACKING pc=0x000000000d57699d sp=0x00000000220f59a8 mode 2

Classes unloaded (0 events):
No events

Classes redefined (0 events):
No events

Internal exceptions (20 events):
Event: 33.980 Thread 0x000000001fb17900 Exception <a 'java/lang/NoSuchMethodError'{0x000000008d1e5820}: 'int java.lang.invoke.DelegatingMethodHandle$Holder.reinvoke_L(java.lang.Object, java.lang.Object, java.lang.Object, long, java.lang.Object, java.lang.Object)'> (0x000000008d1e5820) 
thrown [s\src\hotspot\share\interpreter\linkResolver.cpp, line 771]
Event: 33.981 Thread 0x000000001fb17900 Exception <a 'java/lang/NoSuchMethodError'{0x000000008d1f5540}: 'void java.lang.invoke.DelegatingMethodHandle$Holder.reinvoke_L(java.lang.Object, java.lang.Object, java.lang.Object, long, java.lang.Object)'> (0x000000008d1f5540) 
thrown [s\src\hotspot\share\interpreter\linkResolver.cpp, line 771]
Event: 33.982 Thread 0x000000001fb17900 Exception <a 'java/lang/NoSuchMethodError'{0x000000008d1fdbc8}: 'java.lang.Object java.lang.invoke.DirectMethodHandle$Holder.invokeSpecial(java.lang.Object, java.lang.Object, java.lang.Object, java.lang.Object, long)'> (0x000000008d1fdbc8) 
thrown [s\src\hotspot\share\interpreter\linkResolver.cpp, line 771]
Event: 33.985 Thread 0x000000001fb17900 Exception <a 'java/lang/NoSuchMethodError'{0x000000008d026468}: 'long java.lang.invoke.Invokers$Holder.invoke_MT(java.lang.Object, java.lang.Object, java.lang.Object, java.lang.Object)'> (0x000000008d026468) 
thrown [s\src\hotspot\share\interpreter\linkResolver.cpp, line 771]
Event: 33.986 Thread 0x000000001fb17900 Exception <a 'java/lang/NoSuchMethodError'{0x000000008d02f568}: 'int java.lang.invoke.Invokers$Holder.invoke_MT(java.lang.Object, java.lang.Object, java.lang.Object, java.lang.Object)'> (0x000000008d02f568) 
thrown [s\src\hotspot\share\interpreter\linkResolver.cpp, line 771]
Event: 33.989 Thread 0x000000001fb17900 Exception <a 'java/lang/NoSuchMethodError'{0x000000008d0405b0}: 'int java.lang.invoke.DelegatingMethodHandle$Holder.reinvoke_L(java.lang.Object, java.lang.Object, java.lang.Object, long, int)'> (0x000000008d0405b0) 
thrown [s\src\hotspot\share\interpreter\linkResolver.cpp, line 771]
Event: 33.992 Thread 0x000000001fb17900 Exception <a 'java/lang/NoSuchMethodError'{0x000000008d0548c8}: 'java.lang.Object java.lang.invoke.Invokers$Holder.invokeExact_MT(java.lang.Object, java.lang.Object, long, java.lang.Object)'> (0x000000008d0548c8) 
thrown [s\src\hotspot\share\interpreter\linkResolver.cpp, line 771]
Event: 35.833 Thread 0x000000001fb17900 Exception <a 'java/lang/NoSuchMethodError'{0x0000000088e3a040}: 'long java.lang.invoke.DirectMethodHandle$Holder.invokeStatic(java.lang.Object)'> (0x0000000088e3a040) 
thrown [s\src\hotspot\share\interpreter\linkResolver.cpp, line 771]
Event: 35.834 Thread 0x000000001fb17900 Exception <a 'java/lang/NoSuchMethodError'{0x0000000088e3ec28}: 'long java.lang.invoke.DirectMethodHandle$Holder.invokeStaticInit(java.lang.Object)'> (0x0000000088e3ec28) 
thrown [s\src\hotspot\share\interpreter\linkResolver.cpp, line 771]
Event: 36.212 Thread 0x000000001fb17900 Implicit null exception at 0x000000000dc7ce0c to 0x000000000dc7cf42
Event: 36.872 Thread 0x000000001fb17900 Exception <a 'java/lang/NoSuchMethodError'{0x0000000086aaf4a0}: 'void java.lang.invoke.DirectMethodHandle$Holder.invokeVirtual(java.lang.Object, java.lang.Object)'> (0x0000000086aaf4a0) 
thrown [s\src\hotspot\share\interpreter\linkResolver.cpp, line 771]
Event: 37.382 Thread 0x000000001fb17900 Exception <a 'java/lang/NoSuchMethodError'{0x000000008cbf1258}: 'java.lang.Object java.lang.invoke.Invokers$Holder.invoke_MT(java.lang.Object, java.lang.Object, java.lang.Object)'> (0x000000008cbf1258) 
thrown [s\src\hotspot\share\interpreter\linkResolver.cpp, line 771]
Event: 37.805 Thread 0x000000001fb17900 Implicit null exception at 0x000000000de66297 to 0x000000000de66f98
Event: 37.840 Thread 0x000000001fb17900 Implicit null exception at 0x000000000de60900 to 0x000000000de60985
Event: 42.191 Thread 0x000000001fb17900 Exception <a 'java/lang/NoSuchMethodError'{0x000000008d6a40b8}: 'java.lang.Object java.lang.invoke.DirectMethodHandle$Holder.invokeStatic(java.lang.Object, java.lang.Object, java.lang.Object, java.lang.Object, int)'> (0x000000008d6a40b8) 
thrown [s\src\hotspot\share\interpreter\linkResolver.cpp, line 771]
Event: 42.193 Thread 0x000000001fb17900 Exception <a 'java/lang/NoSuchMethodError'{0x000000008d6af1e8}: 'java.lang.Object java.lang.invoke.DirectMethodHandle$Holder.newInvokeSpecial(java.lang.Object, java.lang.Object, java.lang.Object, java.lang.Object, int)'> (0x000000008d6af1e8) 
thrown [s\src\hotspot\share\interpreter\linkResolver.cpp, line 771]
Event: 42.193 Thread 0x000000001fb17900 Exception <a 'java/lang/NoSuchMethodError'{0x000000008d6b5258}: 'java.lang.Object java.lang.invoke.DirectMethodHandle$Holder.invokeSpecial(java.lang.Object, java.lang.Object, java.lang.Object, java.lang.Object, java.lang.Object, int)'> (0x000000008d6b5258) 
thrown [s\src\hotspot\share\interpreter\linkResolver.cpp, line 771]
Event: 42.194 Thread 0x000000001fb17900 Exception <a 'java/lang/NoSuchMethodError'{0x000000008d6bac78}: 'java.lang.Object java.lang.invoke.Invokers$Holder.linkToTargetMethod(java.lang.Object, java.lang.Object, java.lang.Object, int, java.lang.Object)'> (0x000000008d6bac78) 
thrown [s\src\hotspot\share\interpreter\linkResolver.cpp, line 771]
Event: 45.199 Thread 0x000000001fb17900 Implicit null exception at 0x000000000db073c5 to 0x000000000db08814
Event: 46.108 Thread 0x000000001fb17900 Exception <a 'java/lang/NoSuchMethodError'{0x000000008a07bae8}: 'java.lang.Object java.lang.invoke.DirectMethodHandle$Holder.newInvokeSpecial(java.lang.Object, java.lang.Object, java.lang.Object, int, int, java.lang.Object, java.lang.Object)'> (0x000000008a07bae8) 
thrown [s\src\hotspot\share\interpreter\linkResolver.cpp, line 771]

VM Operations (20 events):
Event: 44.249 Executing VM operation: HandshakeAllThreads
Event: 44.249 Executing VM operation: HandshakeAllThreads done
Event: 44.461 Executing VM operation: G1CollectForAllocation
Event: 44.490 Executing VM operation: G1CollectForAllocation done
Event: 44.543 Executing VM operation: G1CollectForAllocation
Event: 44.562 Executing VM operation: G1CollectForAllocation done
Event: 45.485 Executing VM operation: HandshakeAllThreads
Event: 45.485 Executing VM operation: HandshakeAllThreads done
Event: 45.518 Executing VM operation: HandshakeAllThreads
Event: 45.518 Executing VM operation: HandshakeAllThreads done
Event: 45.716 Executing VM operation: ICBufferFull
Event: 45.717 Executing VM operation: ICBufferFull done
Event: 46.159 Executing VM operation: HandshakeAllThreads
Event: 46.159 Executing VM operation: HandshakeAllThreads done
Event: 46.322 Executing VM operation: HandshakeAllThreads
Event: 46.322 Executing VM operation: HandshakeAllThreads done
Event: 46.367 Executing VM operation: HandshakeAllThreads
Event: 46.367 Executing VM operation: HandshakeAllThreads done
Event: 46.372 Executing VM operation: HandshakeAllThreads
Event: 46.372 Executing VM operation: HandshakeAllThreads done

Events (20 events):
Event: 44.265 Thread 0x000000001ce17300 flushing nmethod 0x0000000006cb7b10
Event: 44.265 Thread 0x000000001ce17300 flushing nmethod 0x0000000006cb8510
Event: 44.265 Thread 0x000000001ce17300 flushing nmethod 0x0000000006cbe910
Event: 44.265 Thread 0x000000001ce17300 flushing nmethod 0x0000000006ccaa10
Event: 44.265 Thread 0x000000001ce17300 flushing nmethod 0x0000000006cccd10
Event: 44.265 Thread 0x000000001ce17300 flushing nmethod 0x0000000006cd4610
Event: 44.265 Thread 0x000000001ce17300 flushing nmethod 0x0000000006cd9490
Event: 44.265 Thread 0x000000001ce17300 flushing nmethod 0x0000000006d1b390
Event: 44.265 Thread 0x000000001ce17300 flushing nmethod 0x0000000006d1ce10
Event: 44.265 Thread 0x000000001ce17300 flushing nmethod 0x0000000006d27710
Event: 44.265 Thread 0x000000001ce17300 flushing nmethod 0x0000000006d4c910
Event: 44.265 Thread 0x000000001ce17300 flushing nmethod 0x0000000006d52390
Event: 44.265 Thread 0x000000001ce17300 flushing nmethod 0x0000000006d52e90
Event: 44.266 Thread 0x000000001ce17300 flushing nmethod 0x0000000006db1f10
Event: 44.266 Thread 0x000000001ce17300 flushing nmethod 0x0000000006e07710
Event: 44.266 Thread 0x000000001ce17300 flushing nmethod 0x0000000006e27210
Event: 44.266 Thread 0x000000001ce17300 flushing nmethod 0x0000000006e3c790
Event: 44.266 Thread 0x000000001ce17300 flushing nmethod 0x0000000006e3cb90
Event: 44.447 loading class java/util/AbstractList$RandomAccessSubList
Event: 44.447 loading class java/util/AbstractList$RandomAccessSubList done


Dynamic libraries:
0x00007ff6a8040000 - 0x00007ff6a804a000 	C:\Program Files\Android\Android Studio\jbr\bin\java.exe
0x00007ffb70b50000 - 0x00007ffb70d67000 	C:\Windows\SYSTEM32\ntdll.dll
0x00007ffb6fd60000 - 0x00007ffb6fe24000 	C:\Windows\System32\KERNEL32.DLL
0x00007ffb6df70000 - 0x00007ffb6e340000 	C:\Windows\System32\KERNELBASE.dll
0x00007ffb6e5b0000 - 0x00007ffb6e6c1000 	C:\Windows\System32\ucrtbase.dll
0x00007ffb5ba60000 - 0x00007ffb5ba7b000 	C:\Program Files\Android\Android Studio\jbr\bin\VCRUNTIME140.dll
0x00007ffb327e0000 - 0x00007ffb327f7000 	C:\Program Files\Android\Android Studio\jbr\bin\jli.dll
0x00007ffb70960000 - 0x00007ffb70b0e000 	C:\Windows\System32\USER32.dll
0x00007ffb6e580000 - 0x00007ffb6e5a6000 	C:\Windows\System32\win32u.dll
0x00007ffb70430000 - 0x00007ffb70459000 	C:\Windows\System32\GDI32.dll
0x00007ffb6e460000 - 0x00007ffb6e57b000 	C:\Windows\System32\gdi32full.dll
0x00007ffb6e340000 - 0x00007ffb6e3da000 	C:\Windows\System32\msvcp_win.dll
0x00007ffb55410000 - 0x00007ffb556a2000 	C:\Windows\WinSxS\amd64_microsoft.windows.common-controls_6595b64144ccf1df_6.0.22621.4830_none_270fe7d773858e80\COMCTL32.dll
0x00007ffb6e840000 - 0x00007ffb6e8e7000 	C:\Windows\System32\msvcrt.dll
0x00007ffb703f0000 - 0x00007ffb70421000 	C:\Windows\System32\IMM32.DLL
0x00007ffb5ba50000 - 0x00007ffb5ba5c000 	C:\Program Files\Android\Android Studio\jbr\bin\vcruntime140_1.dll
0x00007ffb310f0000 - 0x00007ffb3117d000 	C:\Program Files\Android\Android Studio\jbr\bin\msvcp140.dll
0x00007ffb28ab0000 - 0x00007ffb2971e000 	C:\Program Files\Android\Android Studio\jbr\bin\server\jvm.dll
0x00007ffb707f0000 - 0x00007ffb708a1000 	C:\Windows\System32\ADVAPI32.dll
0x00007ffb708b0000 - 0x00007ffb70957000 	C:\Windows\System32\sechost.dll
0x00007ffb6e810000 - 0x00007ffb6e838000 	C:\Windows\System32\bcrypt.dll
0x00007ffb6ead0000 - 0x00007ffb6ebe4000 	C:\Windows\System32\RPCRT4.dll
0x00007ffb3cf40000 - 0x00007ffb3cf49000 	C:\Windows\SYSTEM32\WSOCK32.dll
0x00007ffb67a80000 - 0x00007ffb67ab4000 	C:\Windows\SYSTEM32\WINMM.dll
0x00007ffb5d700000 - 0x00007ffb5d70a000 	C:\Windows\SYSTEM32\VERSION.dll
0x00007ffb6ea50000 - 0x00007ffb6eac1000 	C:\Windows\System32\WS2_32.dll
0x00007ffb6ce00000 - 0x00007ffb6ce18000 	C:\Windows\SYSTEM32\kernel.appcore.dll
0x00007ffb58230000 - 0x00007ffb5823a000 	C:\Program Files\Android\Android Studio\jbr\bin\jimage.dll
0x00007ffb6b670000 - 0x00007ffb6b8a2000 	C:\Windows\SYSTEM32\DBGHELP.DLL
0x00007ffb70460000 - 0x00007ffb707f0000 	C:\Windows\System32\combase.dll
0x00007ffb6ff90000 - 0x00007ffb70067000 	C:\Windows\System32\OLEAUT32.dll
0x00007ffb59650000 - 0x00007ffb59682000 	C:\Windows\SYSTEM32\dbgcore.DLL
0x00007ffb6e6d0000 - 0x00007ffb6e74b000 	C:\Windows\System32\bcryptPrimitives.dll
0x00007ffb377a0000 - 0x00007ffb377ae000 	C:\Program Files\Android\Android Studio\jbr\bin\instrument.dll
0x00007ffb34430000 - 0x00007ffb34455000 	C:\Program Files\Android\Android Studio\jbr\bin\java.dll
0x00007ffb556d0000 - 0x00007ffb556e8000 	C:\Program Files\Android\Android Studio\jbr\bin\zip.dll
0x00007ffb6eea0000 - 0x00007ffb6f718000 	C:\Windows\System32\SHELL32.dll
0x00007ffb6bd00000 - 0x00007ffb6c610000 	C:\Windows\SYSTEM32\windows.storage.dll
0x00007ffb6bbc0000 - 0x00007ffb6bcff000 	C:\Windows\SYSTEM32\wintypes.dll
0x00007ffb70070000 - 0x00007ffb7017a000 	C:\Windows\System32\SHCORE.dll
0x00007ffb6e9e0000 - 0x00007ffb6ea3e000 	C:\Windows\System32\shlwapi.dll
0x00007ffb6dd30000 - 0x00007ffb6dd5b000 	C:\Windows\SYSTEM32\profapi.dll
0x00007ffb34410000 - 0x00007ffb34429000 	C:\Program Files\Android\Android Studio\jbr\bin\net.dll
0x00007ffb67750000 - 0x00007ffb6787c000 	C:\Windows\SYSTEM32\WINHTTP.dll
0x00007ffb6d270000 - 0x00007ffb6d2da000 	C:\Windows\system32\mswsock.dll
0x00007ffb343f0000 - 0x00007ffb34406000 	C:\Program Files\Android\Android Studio\jbr\bin\nio.dll
0x00007ffb56de0000 - 0x00007ffb56df0000 	C:\Program Files\Android\Android Studio\jbr\bin\verify.dll
0x00007ffb311d0000 - 0x00007ffb311f7000 	C:\Program Files\Android\Android Studio\jbr\native\68d5fa5c4cc2d200863cafc0d521ce42e7d3e7ee720ec0a83991735586a16f82\windows-amd64\native-platform.dll
0x00007ffb23fe0000 - 0x00007ffb24124000 	C:\Program Files\Android\Android Studio\jbr\native\e376f236ea51e6404a007f0833ffe2c6e607c4080706a723a18a27aeea778392\windows-amd64\native-platform-file-events.dll
0x00007ffb57640000 - 0x00007ffb57649000 	C:\Program Files\Android\Android Studio\jbr\bin\management.dll
0x00007ffb56410000 - 0x00007ffb5641b000 	C:\Program Files\Android\Android Studio\jbr\bin\management_ext.dll
0x00007ffb701e0000 - 0x00007ffb701e8000 	C:\Windows\System32\PSAPI.DLL
0x00007ffb6d510000 - 0x00007ffb6d52b000 	C:\Windows\SYSTEM32\CRYPTSP.dll
0x00007ffb6cd60000 - 0x00007ffb6cd95000 	C:\Windows\system32\rsaenh.dll
0x00007ffb6d310000 - 0x00007ffb6d338000 	C:\Windows\SYSTEM32\USERENV.dll
0x00007ffb6d480000 - 0x00007ffb6d48c000 	C:\Windows\SYSTEM32\CRYPTBASE.dll
0x00007ffb6c8b0000 - 0x00007ffb6c8dd000 	C:\Windows\SYSTEM32\IPHLPAPI.DLL
0x00007ffb6ea40000 - 0x00007ffb6ea49000 	C:\Windows\System32\NSI.dll
0x00007ffb67720000 - 0x00007ffb67739000 	C:\Windows\SYSTEM32\dhcpcsvc6.DLL
0x00007ffb67700000 - 0x00007ffb6771f000 	C:\Windows\SYSTEM32\dhcpcsvc.DLL
0x00007ffb6c930000 - 0x00007ffb6ca32000 	C:\Windows\SYSTEM32\DNSAPI.dll
0x00007ffb423d0000 - 0x00007ffb423d8000 	C:\Windows\system32\wshunix.dll

dbghelp: loaded successfully - version: 4.0.5 - missing functions: none
symbol engine: initialized successfully - sym options: 0x614 - pdb path: .;C:\Program Files\Android\Android Studio\jbr\bin;C:\Windows\SYSTEM32;C:\Windows\WinSxS\amd64_microsoft.windows.common-controls_6595b64144ccf1df_6.0.22621.4830_none_270fe7d773858e80;C:\Program Files\Android\Android Studio\jbr\bin\server;C:\Program Files\Android\Android Studio\jbr\native\68d5fa5c4cc2d200863cafc0d521ce42e7d3e7ee720ec0a83991735586a16f82\windows-amd64;C:\Program Files\Android\Android Studio\jbr\native\e376f236ea51e6404a007f0833ffe2c6e607c4080706a723a18a27aeea778392\windows-amd64

VM Arguments:
jvm_args: --add-opens=java.base/java.util=ALL-UNNAMED --add-opens=java.base/java.lang=ALL-UNNAMED --add-opens=java.base/java.lang.invoke=ALL-UNNAMED --add-opens=java.prefs/java.util.prefs=ALL-UNNAMED --add-opens=java.base/java.nio.charset=ALL-UNNAMED --add-opens=java.base/java.net=ALL-UNNAMED --add-opens=java.base/java.util.concurrent.atomic=ALL-UNNAMED -Xmx2048m -Dfile.encoding=UTF-8 -Duser.country=US -Duser.language=en -Duser.variant -javaagent:C:\Program Files\Android\Android Studio\jbr\wrapper\dists\gradle-8.1.1-all\bs1rrjki8hh9bujwbsqnxtuzr\gradle-8.1.1\lib\agents\gradle-instrumentation-agent-8.1.1.jar 
java_command: org.gradle.launcher.daemon.bootstrap.GradleDaemon 8.1.1
java_class_path (initial): C:\Program Files\Android\Android Studio\jbr\wrapper\dists\gradle-8.1.1-all\bs1rrjki8hh9bujwbsqnxtuzr\gradle-8.1.1\lib\gradle-launcher-8.1.1.jar
Launcher Type: SUN_STANDARD

[Global flags]
     intx CICompilerCount                          = 2                                         {product} {ergonomic}
     uint ConcGCThreads                            = 1                                         {product} {ergonomic}
     uint G1ConcRefinementThreads                  = 2                                         {product} {ergonomic}
   size_t G1HeapRegionSize                         = 1048576                                   {product} {ergonomic}
    uintx GCDrainStackTargetSize                   = 64                                        {product} {ergonomic}
   size_t InitialHeapSize                          = 62914560                                  {product} {ergonomic}
   size_t MarkStackSize                            = 4194304                                   {product} {ergonomic}
   size_t MaxHeapSize                              = 2147483648                                {product} {command line}
   size_t MaxNewSize                               = 1287651328                                {product} {ergonomic}
   size_t MinHeapDeltaBytes                        = 1048576                                   {product} {ergonomic}
   size_t MinHeapSize                              = 8388608                                   {product} {ergonomic}
    uintx NonNMethodCodeHeapSize                   = 5826188                                {pd product} {ergonomic}
    uintx NonProfiledCodeHeapSize                  = 122916026                              {pd product} {ergonomic}
    uintx ProfiledCodeHeapSize                     = 122916026                              {pd product} {ergonomic}
    uintx ReservedCodeCacheSize                    = 251658240                              {pd product} {ergonomic}
     bool SegmentedCodeCache                       = true                                      {product} {ergonomic}
   size_t SoftMaxHeapSize                          = 2147483648                             {manageable} {ergonomic}
     bool UseCompressedClassPointers               = true                           {product lp64_product} {ergonomic}
     bool UseCompressedOops                        = true                           {product lp64_product} {ergonomic}
     bool UseG1GC                                  = true                                      {product} {ergonomic}
     bool UseLargePagesIndividualAllocation        = false                                  {pd product} {ergonomic}

Logging:
Log output configuration:
 #0: stdout all=warning uptime,level,tags
 #1: stderr all=off uptime,level,tags

Environment Variables:
JAVA_HOME=C:\Program Files\Android\Android Studio\jbr

PATH=C:\Program Files (x86)\Common Files\Oracle\Java\java8path;C:\Program Files (x86)\Common Files\Oracle\Java\javapath;C:\Python312\Scripts\;C:\Python312\;C:\Windows\system32;C:\Windows;C:\Windows\System32\Wbem;C:\Windows\System32\WindowsPowerShell\v1.0\;C:\Windows\System32\OpenSSH\;C:\Program Files\dotnet\;C:\Program Files\Microsoft VS Code\bin;C:\Program Files\Git\cmd;C:\ProgramData\chocolatey\bin;C:\Program Files\Android\Android Studio\jbr\bin;C:\Program Files\Java\jdk-23\bin;C:\cygwin64\bin;C:\Program Files\nodejs\;C:\Program Files\usbipd-win\;C:\xampp\php;C:\ProgramData\ComposerSetup\bin;C:\Users\Admin\AppData\Local\Microsoft\WindowsApps;C:\Users\Admin\AppData\Local\Programs\Microsoft VS Code\bin;C:\Users\Admin\AppData\Local\spicetify;C:\Users\Admin\AppData\Roaming\npm;C:\Program Files\PostgreSQL\17\bin;C:\Users\Admin\AppData\Roaming\Composer\vendor\bin;C:\adb;C:\xampp\mysql\bin;C:\Users\Admin\AppData\Roaming\Python\Python312\Scripts
USERNAME=Admin
OS=Windows_NT
PROCESSOR_IDENTIFIER=Intel64 Family 6 Model 122 Stepping 8, GenuineIntel
TMP=C:\Users\Admin\AppData\Local\Temp
TEMP=C:\Users\Admin\AppData\Local\Temp


JNI global refs:
JNI global refs: 24, weak refs: 4

JNI global refs memory usage: 843, weak refs: 841


---------------  S Y S T E M  ---------------

OS:
 Windows 11 , 64 bit Build 22621 (10.0.22621.4830)
OS uptime: 0 days 1:53 hours
Hyper-V role detected

CPU: total 2 (initial active 2) (2 cores per cpu, 1 threads per core) family 6 model 122 stepping 8 microcode 0x20, cx8, cmov, fxsr, mmx, 3dnowpref, sse, sse2, sse3, ssse3, sse4.1, sse4.2, popcnt, tsc, tscinvbit, aes, erms, clmul, sha, clflush, clflushopt, hv

Memory: 4k page, system-wide physical 3737M (73M free)
TotalPageFile size 9881M (AvailPageFile size 4M)
current process WorkingSet (physical memory assigned to process): 452M, peak: 452M
current process commit charge ("private bytes"): 474M, peak: 474M

vm_info: OpenJDK 64-Bit Server VM (17.0.6+0-b2043.56-10027231) for windows-amd64 JRE (17.0.6+0-b2043.56-10027231), built on Apr 28 2023 00:43:19 by "androidbuild" with MS VC++ 16.10 / 16.11 (VS2019)

END.
