#
# There is insufficient memory for the Java Runtime Environment to continue.
# Native memory allocation (malloc) failed to allocate 1119536 bytes for Chunk::new
# Possible reasons:
#   The system is out of physical RAM or swap space
#   The process is running with CompressedOops enabled, and the Java Heap may be blocking the growth of the native heap
# Possible solutions:
#   Reduce memory load on the system
#   Increase physical memory or swap space
#   Check if swap backing store is full
#   Decrease Java heap size (-Xmx/-Xms)
#   Decrease number of Java threads
#   Decrease Java thread stack sizes (-Xss)
#   Set larger code cache with -XX:ReservedCodeCacheSize=
#   JVM is running with Unscaled Compressed Oops mode in which the Java heap is
#     placed in the first 4GB address space. The Java Heap base address is the
#     maximum limit for the native heap growth. Please use -XX:HeapBaseMinAddress
#     to set the Java Heap base and to place the Java Heap above 4GB virtual address.
# This output file may be truncated or incomplete.
#
#  Out of Memory Error (arena.cpp:189), pid=8520, tid=9956
#
# JRE version: OpenJDK Runtime Environment (17.0.6) (build 17.0.6+0-b2043.56-10027231)
# Java VM: OpenJDK 64-Bit Server VM (17.0.6+0-b2043.56-10027231, mixed mode, tiered, compressed oops, compressed class ptrs, g1 gc, windows-amd64)
# No core dump will be written. Minidumps are not enabled by default on client versions of Windows
#

---------------  S U M M A R Y ------------

Command Line: --add-opens=java.base/java.util=ALL-UNNAMED --add-opens=java.base/java.lang=ALL-UNNAMED --add-opens=java.base/java.lang.invoke=ALL-UNNAMED --add-opens=java.prefs/java.util.prefs=ALL-UNNAMED --add-opens=java.base/java.nio.charset=ALL-UNNAMED --add-opens=java.base/java.net=ALL-UNNAMED --add-opens=java.base/java.util.concurrent.atomic=ALL-UNNAMED -Xmx2048m -Dfile.encoding=UTF-8 -Duser.country=US -Duser.language=en -Duser.variant -javaagent:C:\Program Files\Android\Android Studio\jbr\wrapper\dists\gradle-8.1-bin\2eyty4r6kz6fpakefpk52nbbm\gradle-8.1\lib\agents\gradle-instrumentation-agent-8.1.jar org.gradle.launcher.daemon.bootstrap.GradleDaemon 8.1

Host: Intel(R) Celeron(R) N4020 CPU @ 1.10GHz, 2 cores, 3G,  Windows 11 , 64 bit Build 22621 (10.0.22621.4830)
Time: Fri Mar 14 23:35:44 2025 SE Asia Standard Time elapsed time: 86.365311 seconds (0d 0h 1m 26s)

---------------  T H R E A D  ---------------

Current thread (0x000000001c0eade0):  JavaThread "C2 CompilerThread0" daemon [_thread_in_native, id=9956, stack(0x000000001d500000,0x000000001d600000)]


Current CompileTask:
C2:  86365 6903       4       java.util.regex.Pattern::split (288 bytes)

Stack: [0x000000001d500000,0x000000001d600000]
Native frames: (J=compiled Java code, j=interpreted, Vv=VM code, C=native code)
V  [jvm.dll+0x683c9a]
V  [jvm.dll+0x8427a4]
V  [jvm.dll+0x843f9e]
V  [jvm.dll+0x844603]
V  [jvm.dll+0x249b75]
V  [jvm.dll+0xabcac]
V  [jvm.dll+0xac27c]
V  [jvm.dll+0x368802]
V  [jvm.dll+0x332f31]
V  [jvm.dll+0x3323da]
V  [jvm.dll+0x21c201]
V  [jvm.dll+0x21b621]
V  [jvm.dll+0x1a4fdd]
V  [jvm.dll+0x22b098]
V  [jvm.dll+0x229159]
V  [jvm.dll+0x7f81ec]
V  [jvm.dll+0x7f274a]
V  [jvm.dll+0x682ad5]
C  [ucrtbase.dll+0x29333]
C  [KERNEL32.DLL+0x1259d]
C  [ntdll.dll+0x5af38]


---------------  P R O C E S S  ---------------

Threads class SMR info:
_java_thread_list=0x0000000020740b90, length=39, elements={
0x0000000002b21750, 0x000000001c0bf030, 0x000000001c0c0450, 0x000000001c0d8430,
0x000000001c0e7cd0, 0x000000001c0e96a0, 0x000000001c0ea050, 0x000000001c0eade0,
0x000000001c0eb880, 0x000000001cd6ea60, 0x000000001cdbb5d0, 0x000000001cf73f70,
0x000000001f8f8010, 0x000000001eeb1240, 0x000000001f1b7030, 0x000000001f97e9b0,
0x000000001f0eb800, 0x000000001f8f4130, 0x000000001f8f0c40, 0x000000001f8f1110,
0x000000001f8f1ab0, 0x000000001f8f1f80, 0x000000001f8f2920, 0x000000001f8f2450,
0x000000001f8f3790, 0x000000001f8f15e0, 0x000000001f8f2df0, 0x000000001f8f4600,
0x000000001f8f32c0, 0x000000001f8f3c60, 0x00000000229542a0, 0x0000000022951280,
0x0000000022951750, 0x0000000022951c20, 0x0000000022950db0, 0x0000000022952f60,
0x0000000022954770, 0x000000002294e260, 0x000000002294f0d0
}

Java Threads: ( => current thread )
  0x0000000002b21750 JavaThread "main" [_thread_blocked, id=2120, stack(0x00000000021e0000,0x00000000022e0000)]
  0x000000001c0bf030 JavaThread "Reference Handler" daemon [_thread_blocked, id=9500, stack(0x000000001c200000,0x000000001c300000)]
  0x000000001c0c0450 JavaThread "Finalizer" daemon [_thread_blocked, id=1348, stack(0x000000001c300000,0x000000001c400000)]
  0x000000001c0d8430 JavaThread "Signal Dispatcher" daemon [_thread_blocked, id=5348, stack(0x000000001d100000,0x000000001d200000)]
  0x000000001c0e7cd0 JavaThread "Attach Listener" daemon [_thread_blocked, id=8284, stack(0x000000001d200000,0x000000001d300000)]
  0x000000001c0e96a0 JavaThread "Service Thread" daemon [_thread_blocked, id=6488, stack(0x000000001d300000,0x000000001d400000)]
  0x000000001c0ea050 JavaThread "Monitor Deflation Thread" daemon [_thread_blocked, id=1272, stack(0x000000001d400000,0x000000001d500000)]
=>0x000000001c0eade0 JavaThread "C2 CompilerThread0" daemon [_thread_in_native, id=9956, stack(0x000000001d500000,0x000000001d600000)]
  0x000000001c0eb880 JavaThread "C1 CompilerThread0" daemon [_thread_blocked, id=3852, stack(0x000000001d600000,0x000000001d700000)]
  0x000000001cd6ea60 JavaThread "Sweeper thread" daemon [_thread_blocked, id=9032, stack(0x000000001d700000,0x000000001d800000)]
  0x000000001cdbb5d0 JavaThread "Common-Cleaner" daemon [_thread_blocked, id=5152, stack(0x000000001d800000,0x000000001d900000)]
  0x000000001cf73f70 JavaThread "Notification Thread" daemon [_thread_blocked, id=6048, stack(0x000000001d900000,0x000000001da00000)]
  0x000000001f8f8010 JavaThread "Daemon health stats" [_thread_blocked, id=9764, stack(0x0000000020ba0000,0x0000000020ca0000)]
  0x000000001eeb1240 JavaThread "Incoming local TCP Connector on port 50771" [_thread_in_native, id=3756, stack(0x0000000020fe0000,0x00000000210e0000)]
  0x000000001f1b7030 JavaThread "Daemon periodic checks" [_thread_blocked, id=4156, stack(0x0000000021230000,0x0000000021330000)]
  0x000000001f97e9b0 JavaThread "Daemon" [_thread_blocked, id=4784, stack(0x0000000021330000,0x0000000021430000)]
  0x000000001f0eb800 JavaThread "Daemon worker" [_thread_in_vm, id=9480, stack(0x0000000021630000,0x0000000021730000)]
  0x000000001f8f4130 JavaThread "Cache worker for journal cache (C:\Program Files\Android\Android Studio\jbr\caches\journal-1)" [_thread_blocked, id=6888, stack(0x00000000226c0000,0x00000000227c0000)]
  0x000000001f8f0c40 JavaThread "File lock request listener" [_thread_in_native, id=7800, stack(0x00000000227c0000,0x00000000228c0000)]
  0x000000001f8f1110 JavaThread "Cache worker for file hash cache (C:\Program Files\Android\Android Studio\jbr\caches\8.1\fileHashes)" [_thread_blocked, id=4072, stack(0x00000000225c0000,0x00000000226c0000)]
  0x000000001f8f1ab0 JavaThread "File watcher server" daemon [_thread_in_native, id=6824, stack(0x0000000022400000,0x0000000022500000)]
  0x000000001f8f1f80 JavaThread "File watcher consumer" daemon [_thread_blocked, id=4268, stack(0x0000000023890000,0x0000000023990000)]
  0x000000001f8f2920 JavaThread "jar transforms" [_thread_blocked, id=6596, stack(0x00000000245b0000,0x00000000246b0000)]
  0x000000001f8f2450 JavaThread "jar transforms Thread 2" [_thread_blocked, id=7676, stack(0x00000000246b0000,0x00000000247b0000)]
  0x000000001f8f3790 JavaThread "Handler for socket connection from /127.0.0.1:50771 to /127.0.0.1:50774" [_thread_in_native, id=8324, stack(0x0000000022100000,0x0000000022200000)]
  0x000000001f8f15e0 JavaThread "Cancel handler" [_thread_blocked, id=2348, stack(0x0000000022200000,0x0000000022300000)]
  0x000000001f8f2df0 JavaThread "Asynchronous log dispatcher for DefaultDaemonConnection: socket connection from /127.0.0.1:50771 to /127.0.0.1:50774" [_thread_blocked, id=9860, stack(0x0000000022300000,0x0000000022400000)]
  0x000000001f8f4600 JavaThread "Stdin handler" [_thread_blocked, id=8036, stack(0x0000000023990000,0x0000000023a90000)]
  0x000000001f8f32c0 JavaThread "Daemon client event forwarder" [_thread_blocked, id=4188, stack(0x0000000023a90000,0x0000000023b90000)]
  0x000000001f8f3c60 JavaThread "Cache worker for checksums cache (C:\Users\Admin\AndroidStudioProjects\kurirkilat\.gradle\8.1\checksums)" [_thread_blocked, id=1504, stack(0x0000000024400000,0x0000000024500000)]
  0x00000000229542a0 JavaThread "Cache worker for cache directory md-rule (C:\Program Files\Android\Android Studio\jbr\caches\8.1\md-rule)" [_thread_blocked, id=980, stack(0x00000000247b0000,0x00000000248b0000)]
  0x0000000022951280 JavaThread "Cache worker for file content cache (C:\Program Files\Android\Android Studio\jbr\caches\8.1\fileContent)" [_thread_blocked, id=8248, stack(0x00000000248b0000,0x00000000249b0000)]
  0x0000000022951750 JavaThread "Cache worker for file hash cache (C:\Users\Admin\AndroidStudioProjects\kurirkilat\.gradle\8.1\fileHashes)" [_thread_blocked, id=2352, stack(0x0000000024d70000,0x0000000024e70000)]
  0x0000000022951c20 JavaThread "Cache worker for cache directory md-supplier (C:\Program Files\Android\Android Studio\jbr\caches\8.1\md-supplier)" [_thread_blocked, id=2496, stack(0x0000000024ba0000,0x0000000024ca0000)]
  0x0000000022950db0 JavaThread "Cache worker for execution history cache (C:\Program Files\Android\Android Studio\jbr\caches\8.1\executionHistory)" [_thread_blocked, id=1124, stack(0x00000000249b0000,0x0000000024ab0000)]
  0x0000000022952f60 JavaThread "Daemon Thread 2" [_thread_blocked, id=9688, stack(0x0000000024e70000,0x0000000024f70000)]
  0x0000000022954770 JavaThread "Cache worker for kotlin-dsl (C:\Program Files\Android\Android Studio\jbr\caches\8.1\kotlin-dsl)" [_thread_blocked, id=7080, stack(0x0000000000650000,0x0000000000750000)]
  0x000000002294e260 JavaThread "Cache worker for dependencies-accessors (C:\Users\Admin\AndroidStudioProjects\kurirkilat\.gradle\8.1\dependencies-accessors)" [_thread_blocked, id=6840, stack(0x0000000000750000,0x0000000000850000)]
  0x000000002294f0d0 JavaThread "Cache worker for Build Output Cleanup Cache (C:\Users\Admin\AndroidStudioProjects\kurirkilat\.gradle\buildOutputCleanup)" [_thread_blocked, id=6132, stack(0x0000000000850000,0x0000000000950000)]

Other Threads:
  0x000000001c042e70 VMThread "VM Thread" [stack: 0x000000001c100000,0x000000001c200000] [id=8176]
  0x0000000002b225c0 WatcherThread [stack: 0x000000001da00000,0x000000001db00000] [id=5356]
  0x0000000002b7c5b0 GCTaskThread "GC Thread#0" [stack: 0x00000000197e0000,0x00000000198e0000] [id=7292]
  0x000000001cf7f400 GCTaskThread "GC Thread#1" [stack: 0x000000001e300000,0x000000001e400000] [id=6836]
  0x0000000002b8d4f0 ConcurrentGCThread "G1 Main Marker" [stack: 0x00000000198e0000,0x00000000199e0000] [id=9336]
  0x0000000002b8df00 ConcurrentGCThread "G1 Conc#0" [stack: 0x00000000199e0000,0x0000000019ae0000] [id=9180]
  0x0000000002bc21c0 ConcurrentGCThread "G1 Refine#0" [stack: 0x000000001bd00000,0x000000001be00000] [id=7512]
  0x000000002017f070 ConcurrentGCThread "G1 Refine#1" [stack: 0x000000002b710000,0x000000002b810000] [id=2388]
  0x0000000002bc2be0 ConcurrentGCThread "G1 Service" [stack: 0x000000001be00000,0x000000001bf00000] [id=5820]

Threads with active compile tasks:
C2 CompilerThread0    86451 6903       4       java.util.regex.Pattern::split (288 bytes)

VM state: not at safepoint (normal execution)

VM Mutex/Monitor currently owned by a thread: None

Heap address: 0x0000000080000000, size: 2048 MB, Compressed Oops mode: 32-bit

CDS archive(s) not mapped
Compressed class space mapped at: 0x0000000100000000-0x0000000140000000, reserved size: 1073741824
Narrow klass base: 0x0000000000000000, Narrow klass shift: 3, Narrow klass range: 0x140000000

GC Precious Log:
 CPUs: 2 total, 2 available
 Memory: 3737M
 Large Page Support: Disabled
 NUMA Support: Disabled
 Compressed Oops: Enabled (32-bit)
 Heap Region Size: 1M
 Heap Min Capacity: 8M
 Heap Initial Capacity: 60M
 Heap Max Capacity: 2G
 Pre-touch: Disabled
 Parallel Workers: 2
 Concurrent Workers: 1
 Concurrent Refinement Workers: 2
 Periodic GC: Disabled

Heap:
 garbage-first heap   total 292864K, used 136698K [0x0000000080000000, 0x0000000100000000)
  region size 1024K, 42 young (43008K), 5 survivors (5120K)
 Metaspace       used 91697K, committed 92352K, reserved 1130496K
  class space    used 12369K, committed 12672K, reserved 1048576K

Heap Regions: E=young(eden), S=young(survivor), O=old, HS=humongous(starts), HC=humongous(continues), CS=collection set, F=free, OA=open archive, CA=closed archive, TAMS=top-at-mark-start (previous, next)
|   0|0x0000000080000000, 0x0000000080100000, 0x0000000080100000|100%| O|  |TAMS 0x0000000080100000, 0x0000000080000000| Untracked 
|   1|0x0000000080100000, 0x0000000080200000, 0x0000000080200000|100%| O|  |TAMS 0x0000000080200000, 0x0000000080100000| Untracked 
|   2|0x0000000080200000, 0x0000000080300000, 0x0000000080300000|100%|HS|  |TAMS 0x0000000080300000, 0x0000000080200000| Complete 
|   3|0x0000000080300000, 0x0000000080400000, 0x0000000080400000|100%|HC|  |TAMS 0x0000000080400000, 0x0000000080300000| Complete 
|   4|0x0000000080400000, 0x0000000080500000, 0x0000000080500000|100%|HC|  |TAMS 0x0000000080500000, 0x0000000080400000| Complete 
|   5|0x0000000080500000, 0x0000000080600000, 0x0000000080600000|100%|HC|  |TAMS 0x0000000080600000, 0x0000000080500000| Complete 
|   6|0x0000000080600000, 0x0000000080700000, 0x0000000080700000|100%| O|  |TAMS 0x0000000080700000, 0x0000000080600000| Untracked 
|   7|0x0000000080700000, 0x0000000080800000, 0x0000000080800000|100%| O|  |TAMS 0x0000000080800000, 0x0000000080700000| Untracked 
|   8|0x0000000080800000, 0x0000000080900000, 0x0000000080900000|100%| O|  |TAMS 0x0000000080900000, 0x0000000080800000| Untracked 
|   9|0x0000000080900000, 0x0000000080a00000, 0x0000000080a00000|100%| O|  |TAMS 0x0000000080a00000, 0x0000000080900000| Untracked 
|  10|0x0000000080a00000, 0x0000000080b00000, 0x0000000080b00000|100%| O|  |TAMS 0x0000000080b00000, 0x0000000080a00000| Untracked 
|  11|0x0000000080b00000, 0x0000000080c00000, 0x0000000080c00000|100%| O|  |TAMS 0x0000000080c00000, 0x0000000080b00000| Untracked 
|  12|0x0000000080c00000, 0x0000000080d00000, 0x0000000080d00000|100%| O|  |TAMS 0x0000000080d00000, 0x0000000080c00000| Untracked 
|  13|0x0000000080d00000, 0x0000000080e00000, 0x0000000080e00000|100%| O|  |TAMS 0x0000000080e00000, 0x0000000080d00000| Untracked 
|  14|0x0000000080e00000, 0x0000000080f00000, 0x0000000080f00000|100%| O|  |TAMS 0x0000000080f00000, 0x0000000080e00000| Untracked 
|  15|0x0000000080f00000, 0x0000000081000000, 0x0000000081000000|100%| O|  |TAMS 0x0000000081000000, 0x0000000080f00000| Untracked 
|  16|0x0000000081000000, 0x0000000081100000, 0x0000000081100000|100%| O|  |TAMS 0x0000000081100000, 0x0000000081000000| Untracked 
|  17|0x0000000081100000, 0x0000000081200000, 0x0000000081200000|100%| O|  |TAMS 0x0000000081200000, 0x0000000081100000| Untracked 
|  18|0x0000000081200000, 0x0000000081300000, 0x0000000081300000|100%| O|  |TAMS 0x0000000081300000, 0x0000000081200000| Untracked 
|  19|0x0000000081300000, 0x0000000081400000, 0x0000000081400000|100%|HS|  |TAMS 0x0000000081400000, 0x0000000081300000| Complete 
|  20|0x0000000081400000, 0x0000000081500000, 0x0000000081500000|100%|HC|  |TAMS 0x0000000081500000, 0x0000000081400000| Complete 
|  21|0x0000000081500000, 0x0000000081600000, 0x0000000081600000|100%|HS|  |TAMS 0x0000000081600000, 0x0000000081500000| Complete 
|  22|0x0000000081600000, 0x0000000081700000, 0x0000000081700000|100%|HC|  |TAMS 0x0000000081700000, 0x0000000081600000| Complete 
|  23|0x0000000081700000, 0x0000000081800000, 0x0000000081800000|100%|HC|  |TAMS 0x0000000081800000, 0x0000000081700000| Complete 
|  24|0x0000000081800000, 0x0000000081900000, 0x0000000081900000|100%|HS|  |TAMS 0x0000000081900000, 0x0000000081800000| Complete 
|  25|0x0000000081900000, 0x0000000081a00000, 0x0000000081a00000|100%|HC|  |TAMS 0x0000000081a00000, 0x0000000081900000| Complete 
|  26|0x0000000081a00000, 0x0000000081b00000, 0x0000000081b00000|100%|HC|  |TAMS 0x0000000081b00000, 0x0000000081a00000| Complete 
|  27|0x0000000081b00000, 0x0000000081c00000, 0x0000000081c00000|100%| O|  |TAMS 0x0000000081c00000, 0x0000000081b00000| Untracked 
|  28|0x0000000081c00000, 0x0000000081d00000, 0x0000000081d00000|100%|HS|  |TAMS 0x0000000081d00000, 0x0000000081c00000| Complete 
|  29|0x0000000081d00000, 0x0000000081e00000, 0x0000000081e00000|100%|HC|  |TAMS 0x0000000081e00000, 0x0000000081d00000| Complete 
|  30|0x0000000081e00000, 0x0000000081f00000, 0x0000000081f00000|100%|HC|  |TAMS 0x0000000081f00000, 0x0000000081e00000| Complete 
|  31|0x0000000081f00000, 0x0000000082000000, 0x0000000082000000|100%|HC|  |TAMS 0x0000000082000000, 0x0000000081f00000| Complete 
|  32|0x0000000082000000, 0x0000000082100000, 0x0000000082100000|100%|HC|  |TAMS 0x0000000082100000, 0x0000000082000000| Complete 
|  33|0x0000000082100000, 0x0000000082200000, 0x0000000082200000|100%|HC|  |TAMS 0x0000000082200000, 0x0000000082100000| Complete 
|  34|0x0000000082200000, 0x0000000082300000, 0x0000000082300000|100%|HC|  |TAMS 0x0000000082300000, 0x0000000082200000| Complete 
|  35|0x0000000082300000, 0x0000000082400000, 0x0000000082400000|100%|HC|  |TAMS 0x0000000082400000, 0x0000000082300000| Complete 
|  36|0x0000000082400000, 0x0000000082500000, 0x0000000082500000|100%|HC|  |TAMS 0x0000000082500000, 0x0000000082400000| Complete 
|  37|0x0000000082500000, 0x0000000082600000, 0x0000000082600000|100%|HC|  |TAMS 0x0000000082600000, 0x0000000082500000| Complete 
|  38|0x0000000082600000, 0x0000000082700000, 0x0000000082700000|100%|HC|  |TAMS 0x0000000082700000, 0x0000000082600000| Complete 
|  39|0x0000000082700000, 0x0000000082800000, 0x0000000082800000|100%|HC|  |TAMS 0x0000000082800000, 0x0000000082700000| Complete 
|  40|0x0000000082800000, 0x0000000082900000, 0x0000000082900000|100%|HS|  |TAMS 0x0000000082900000, 0x0000000082800000| Complete 
|  41|0x0000000082900000, 0x0000000082a00000, 0x0000000082a00000|100%|HC|  |TAMS 0x0000000082a00000, 0x0000000082900000| Complete 
|  42|0x0000000082a00000, 0x0000000082b00000, 0x0000000082b00000|100%| O|  |TAMS 0x0000000082b00000, 0x0000000082a00000| Untracked 
|  43|0x0000000082b00000, 0x0000000082c00000, 0x0000000082c00000|100%| O|  |TAMS 0x0000000082c00000, 0x0000000082b00000| Untracked 
|  44|0x0000000082c00000, 0x0000000082d00000, 0x0000000082d00000|100%| O|  |TAMS 0x0000000082d00000, 0x0000000082c00000| Untracked 
|  45|0x0000000082d00000, 0x0000000082e00000, 0x0000000082e00000|100%| O|  |TAMS 0x0000000082e00000, 0x0000000082d00000| Untracked 
|  46|0x0000000082e00000, 0x0000000082f00000, 0x0000000082f00000|100%| O|  |TAMS 0x0000000082f00000, 0x0000000082e00000| Untracked 
|  47|0x0000000082f00000, 0x0000000083000000, 0x0000000083000000|100%| O|  |TAMS 0x0000000083000000, 0x0000000082f00000| Untracked 
|  48|0x0000000083000000, 0x0000000083100000, 0x0000000083100000|100%| O|  |TAMS 0x0000000083100000, 0x0000000083000000| Untracked 
|  49|0x0000000083100000, 0x0000000083200000, 0x0000000083200000|100%| O|  |TAMS 0x0000000083200000, 0x0000000083100000| Untracked 
|  50|0x0000000083200000, 0x0000000083300000, 0x0000000083300000|100%| O|  |TAMS 0x0000000083300000, 0x0000000083200000| Untracked 
|  51|0x0000000083300000, 0x0000000083400000, 0x0000000083400000|100%| O|  |TAMS 0x0000000083400000, 0x0000000083300000| Untracked 
|  52|0x0000000083400000, 0x0000000083500000, 0x0000000083500000|100%| O|  |TAMS 0x0000000083500000, 0x0000000083400000| Untracked 
|  53|0x0000000083500000, 0x0000000083600000, 0x0000000083600000|100%| O|  |TAMS 0x0000000083600000, 0x0000000083500000| Untracked 
|  54|0x0000000083600000, 0x0000000083700000, 0x0000000083700000|100%|HS|  |TAMS 0x0000000083700000, 0x0000000083600000| Complete 
|  55|0x0000000083700000, 0x0000000083800000, 0x0000000083800000|100%|HC|  |TAMS 0x0000000083800000, 0x0000000083700000| Complete 
|  56|0x0000000083800000, 0x0000000083900000, 0x0000000083900000|100%|HC|  |TAMS 0x0000000083900000, 0x0000000083800000| Complete 
|  57|0x0000000083900000, 0x0000000083a00000, 0x0000000083a00000|100%| O|  |TAMS 0x0000000083a00000, 0x0000000083900000| Untracked 
|  58|0x0000000083a00000, 0x0000000083b00000, 0x0000000083b00000|100%| O|  |TAMS 0x0000000083b00000, 0x0000000083a00000| Untracked 
|  59|0x0000000083b00000, 0x0000000083c00000, 0x0000000083c00000|100%| O|  |TAMS 0x0000000083c00000, 0x0000000083b00000| Untracked 
|  60|0x0000000083c00000, 0x0000000083d00000, 0x0000000083d00000|100%| O|  |TAMS 0x0000000083d00000, 0x0000000083c00000| Untracked 
|  61|0x0000000083d00000, 0x0000000083e00000, 0x0000000083e00000|100%| O|  |TAMS 0x0000000083e00000, 0x0000000083d00000| Untracked 
|  62|0x0000000083e00000, 0x0000000083f00000, 0x0000000083f00000|100%| O|  |TAMS 0x0000000083f00000, 0x0000000083e00000| Untracked 
|  63|0x0000000083f00000, 0x0000000084000000, 0x0000000084000000|100%| O|  |TAMS 0x0000000084000000, 0x0000000083f00000| Untracked 
|  64|0x0000000084000000, 0x0000000084100000, 0x0000000084100000|100%| O|  |TAMS 0x0000000084100000, 0x0000000084000000| Untracked 
|  65|0x0000000084100000, 0x0000000084200000, 0x0000000084200000|100%| O|  |TAMS 0x0000000084200000, 0x0000000084100000| Untracked 
|  66|0x0000000084200000, 0x0000000084300000, 0x0000000084300000|100%| O|  |TAMS 0x0000000084300000, 0x0000000084200000| Untracked 
|  67|0x0000000084300000, 0x0000000084400000, 0x0000000084400000|100%| O|  |TAMS 0x0000000084400000, 0x0000000084300000| Untracked 
|  68|0x0000000084400000, 0x0000000084500000, 0x0000000084500000|100%| O|  |TAMS 0x0000000084500000, 0x0000000084400000| Untracked 
|  69|0x0000000084500000, 0x0000000084600000, 0x0000000084600000|100%|HS|  |TAMS 0x0000000084600000, 0x0000000084500000| Complete 
|  70|0x0000000084600000, 0x0000000084700000, 0x0000000084700000|100%|HC|  |TAMS 0x0000000084700000, 0x0000000084600000| Complete 
|  71|0x0000000084700000, 0x0000000084800000, 0x0000000084800000|100%|HC|  |TAMS 0x0000000084800000, 0x0000000084700000| Complete 
|  72|0x0000000084800000, 0x0000000084900000, 0x0000000084900000|100%|HC|  |TAMS 0x0000000084900000, 0x0000000084800000| Complete 
|  73|0x0000000084900000, 0x0000000084a00000, 0x0000000084a00000|100%| O|  |TAMS 0x0000000084a00000, 0x0000000084900000| Untracked 
|  74|0x0000000084a00000, 0x0000000084b00000, 0x0000000084b00000|100%| O|  |TAMS 0x0000000084b00000, 0x0000000084a00000| Untracked 
|  75|0x0000000084b00000, 0x0000000084c00000, 0x0000000084c00000|100%| O|  |TAMS 0x0000000084c00000, 0x0000000084b00000| Untracked 
|  76|0x0000000084c00000, 0x0000000084d00000, 0x0000000084d00000|100%| O|  |TAMS 0x0000000084ce8e00, 0x0000000084c00000| Complete 
|  77|0x0000000084d00000, 0x0000000084e00000, 0x0000000084e00000|100%|HS|  |TAMS 0x0000000084e00000, 0x0000000084d00000| Complete 
|  78|0x0000000084e00000, 0x0000000084f00000, 0x0000000084f00000|100%| O|  |TAMS 0x0000000084e00000, 0x0000000084e00000| Untracked 
|  79|0x0000000084f00000, 0x0000000085000000, 0x0000000085000000|100%| O|  |TAMS 0x0000000085000000, 0x0000000084f00000| Untracked 
|  80|0x0000000085000000, 0x0000000085100000, 0x0000000085100000|100%| O|  |TAMS 0x0000000085100000, 0x0000000085000000| Untracked 
|  81|0x0000000085100000, 0x0000000085200000, 0x0000000085200000|100%| O|  |TAMS 0x0000000085200000, 0x0000000085100000| Untracked 
|  82|0x0000000085200000, 0x0000000085300000, 0x0000000085300000|100%| O|  |TAMS 0x0000000085300000, 0x0000000085200000| Untracked 
|  83|0x0000000085300000, 0x0000000085400000, 0x0000000085400000|100%| O|  |TAMS 0x0000000085400000, 0x0000000085300000| Untracked 
|  84|0x0000000085400000, 0x0000000085500000, 0x0000000085500000|100%| O|  |TAMS 0x0000000085500000, 0x0000000085400000| Untracked 
|  85|0x0000000085500000, 0x0000000085600000, 0x0000000085600000|100%| O|  |TAMS 0x0000000085600000, 0x0000000085500000| Untracked 
|  86|0x0000000085600000, 0x0000000085700000, 0x0000000085700000|100%|HS|  |TAMS 0x0000000085700000, 0x0000000085600000| Complete 
|  87|0x0000000085700000, 0x0000000085800000, 0x0000000085800000|100%|HC|  |TAMS 0x0000000085800000, 0x0000000085700000| Complete 
|  88|0x0000000085800000, 0x0000000085900000, 0x0000000085900000|100%|HC|  |TAMS 0x0000000085900000, 0x0000000085800000| Complete 
|  89|0x0000000085900000, 0x0000000085a00000, 0x0000000085a00000|100%|HC|  |TAMS 0x0000000085a00000, 0x0000000085900000| Complete 
|  90|0x0000000085a00000, 0x0000000085b00000, 0x0000000085b00000|100%|HC|  |TAMS 0x0000000085b00000, 0x0000000085a00000| Complete 
|  91|0x0000000085b00000, 0x0000000085c00000, 0x0000000085c00000|100%|HC|  |TAMS 0x0000000085c00000, 0x0000000085b00000| Complete 
|  92|0x0000000085c00000, 0x0000000085cc2c08, 0x0000000085d00000| 76%| O|  |TAMS 0x0000000085c00000, 0x0000000085c00000| Untracked 
|  93|0x0000000085d00000, 0x0000000085d00000, 0x0000000085e00000|  0%| F|  |TAMS 0x0000000085d00000, 0x0000000085d00000| Untracked 
|  94|0x0000000085e00000, 0x0000000085e00000, 0x0000000085f00000|  0%| F|  |TAMS 0x0000000085e00000, 0x0000000085e00000| Untracked 
|  95|0x0000000085f00000, 0x0000000085f00000, 0x0000000086000000|  0%| F|  |TAMS 0x0000000085f00000, 0x0000000085f00000| Untracked 
|  96|0x0000000086000000, 0x0000000086000000, 0x0000000086100000|  0%| F|  |TAMS 0x0000000086000000, 0x0000000086000000| Untracked 
|  97|0x0000000086100000, 0x0000000086100000, 0x0000000086200000|  0%| F|  |TAMS 0x0000000086100000, 0x0000000086100000| Untracked 
|  98|0x0000000086200000, 0x0000000086200000, 0x0000000086300000|  0%| F|  |TAMS 0x0000000086200000, 0x0000000086200000| Untracked 
|  99|0x0000000086300000, 0x0000000086300000, 0x0000000086400000|  0%| F|  |TAMS 0x0000000086300000, 0x0000000086300000| Untracked 
| 100|0x0000000086400000, 0x0000000086400000, 0x0000000086500000|  0%| F|  |TAMS 0x0000000086400000, 0x0000000086400000| Untracked 
| 101|0x0000000086500000, 0x0000000086500000, 0x0000000086600000|  0%| F|  |TAMS 0x0000000086500000, 0x0000000086500000| Untracked 
| 102|0x0000000086600000, 0x0000000086600000, 0x0000000086700000|  0%| F|  |TAMS 0x0000000086600000, 0x0000000086600000| Untracked 
| 103|0x0000000086700000, 0x0000000086700000, 0x0000000086800000|  0%| F|  |TAMS 0x0000000086700000, 0x0000000086700000| Untracked 
| 104|0x0000000086800000, 0x0000000086800000, 0x0000000086900000|  0%| F|  |TAMS 0x0000000086800000, 0x0000000086800000| Untracked 
| 105|0x0000000086900000, 0x0000000086900000, 0x0000000086a00000|  0%| F|  |TAMS 0x0000000086900000, 0x0000000086900000| Untracked 
| 106|0x0000000086a00000, 0x0000000086a00000, 0x0000000086b00000|  0%| F|  |TAMS 0x0000000086a00000, 0x0000000086a00000| Untracked 
| 107|0x0000000086b00000, 0x0000000086b00000, 0x0000000086c00000|  0%| F|  |TAMS 0x0000000086b00000, 0x0000000086b00000| Untracked 
| 108|0x0000000086c00000, 0x0000000086c00000, 0x0000000086d00000|  0%| F|  |TAMS 0x0000000086c00000, 0x0000000086c00000| Untracked 
| 109|0x0000000086d00000, 0x0000000086d00000, 0x0000000086e00000|  0%| F|  |TAMS 0x0000000086d00000, 0x0000000086d00000| Untracked 
| 110|0x0000000086e00000, 0x0000000086e00000, 0x0000000086f00000|  0%| F|  |TAMS 0x0000000086e00000, 0x0000000086e00000| Untracked 
| 111|0x0000000086f00000, 0x0000000086f00000, 0x0000000087000000|  0%| F|  |TAMS 0x0000000086f00000, 0x0000000086f00000| Untracked 
| 112|0x0000000087000000, 0x0000000087000000, 0x0000000087100000|  0%| F|  |TAMS 0x0000000087000000, 0x0000000087000000| Untracked 
| 113|0x0000000087100000, 0x00000000871bbdf0, 0x0000000087200000| 73%| S|CS|TAMS 0x0000000087100000, 0x0000000087100000| Complete 
| 114|0x0000000087200000, 0x0000000087300000, 0x0000000087300000|100%| S|CS|TAMS 0x0000000087200000, 0x0000000087200000| Complete 
| 115|0x0000000087300000, 0x0000000087300000, 0x0000000087400000|  0%| F|  |TAMS 0x0000000087300000, 0x0000000087300000| Untracked 
| 116|0x0000000087400000, 0x0000000087400000, 0x0000000087500000|  0%| F|  |TAMS 0x0000000087400000, 0x0000000087400000| Untracked 
| 117|0x0000000087500000, 0x0000000087500000, 0x0000000087600000|  0%| F|  |TAMS 0x0000000087500000, 0x0000000087500000| Untracked 
| 118|0x0000000087600000, 0x0000000087600000, 0x0000000087700000|  0%| F|  |TAMS 0x0000000087600000, 0x0000000087600000| Untracked 
| 119|0x0000000087700000, 0x0000000087700000, 0x0000000087800000|  0%| F|  |TAMS 0x0000000087700000, 0x0000000087700000| Untracked 
| 120|0x0000000087800000, 0x0000000087900000, 0x0000000087900000|100%| S|CS|TAMS 0x0000000087800000, 0x0000000087800000| Complete 
| 121|0x0000000087900000, 0x0000000087a00000, 0x0000000087a00000|100%| S|CS|TAMS 0x0000000087900000, 0x0000000087900000| Complete 
| 122|0x0000000087a00000, 0x0000000087b00000, 0x0000000087b00000|100%| S|CS|TAMS 0x0000000087a00000, 0x0000000087a00000| Complete 
| 123|0x0000000087b00000, 0x0000000087b00000, 0x0000000087c00000|  0%| F|  |TAMS 0x0000000087b00000, 0x0000000087b00000| Untracked 
| 124|0x0000000087c00000, 0x0000000087c00000, 0x0000000087d00000|  0%| F|  |TAMS 0x0000000087c00000, 0x0000000087c00000| Untracked 
| 125|0x0000000087d00000, 0x0000000087d00000, 0x0000000087e00000|  0%| F|  |TAMS 0x0000000087d00000, 0x0000000087d00000| Untracked 
| 126|0x0000000087e00000, 0x0000000087e00000, 0x0000000087f00000|  0%| F|  |TAMS 0x0000000087e00000, 0x0000000087e00000| Untracked 
| 127|0x0000000087f00000, 0x0000000087f00000, 0x0000000088000000|  0%| F|  |TAMS 0x0000000087f00000, 0x0000000087f00000| Untracked 
| 128|0x0000000088000000, 0x0000000088000000, 0x0000000088100000|  0%| F|  |TAMS 0x0000000088000000, 0x0000000088000000| Untracked 
| 129|0x0000000088100000, 0x0000000088100000, 0x0000000088200000|  0%| F|  |TAMS 0x0000000088100000, 0x0000000088100000| Untracked 
| 130|0x0000000088200000, 0x0000000088200000, 0x0000000088300000|  0%| F|  |TAMS 0x0000000088200000, 0x0000000088200000| Untracked 
| 131|0x0000000088300000, 0x0000000088300000, 0x0000000088400000|  0%| F|  |TAMS 0x0000000088300000, 0x0000000088300000| Untracked 
| 132|0x0000000088400000, 0x0000000088400000, 0x0000000088500000|  0%| F|  |TAMS 0x0000000088400000, 0x0000000088400000| Untracked 
| 133|0x0000000088500000, 0x0000000088500000, 0x0000000088600000|  0%| F|  |TAMS 0x0000000088500000, 0x0000000088500000| Untracked 
| 134|0x0000000088600000, 0x0000000088600000, 0x0000000088700000|  0%| F|  |TAMS 0x0000000088600000, 0x0000000088600000| Untracked 
| 135|0x0000000088700000, 0x0000000088700000, 0x0000000088800000|  0%| F|  |TAMS 0x0000000088700000, 0x0000000088700000| Untracked 
| 136|0x0000000088800000, 0x0000000088800000, 0x0000000088900000|  0%| F|  |TAMS 0x0000000088800000, 0x0000000088800000| Untracked 
| 137|0x0000000088900000, 0x0000000088900000, 0x0000000088a00000|  0%| F|  |TAMS 0x0000000088900000, 0x0000000088900000| Untracked 
| 138|0x0000000088a00000, 0x0000000088a00000, 0x0000000088b00000|  0%| F|  |TAMS 0x0000000088a00000, 0x0000000088a00000| Untracked 
| 139|0x0000000088b00000, 0x0000000088b00000, 0x0000000088c00000|  0%| F|  |TAMS 0x0000000088b00000, 0x0000000088b00000| Untracked 
| 140|0x0000000088c00000, 0x0000000088c00000, 0x0000000088d00000|  0%| F|  |TAMS 0x0000000088c00000, 0x0000000088c00000| Untracked 
| 141|0x0000000088d00000, 0x0000000088d00000, 0x0000000088e00000|  0%| F|  |TAMS 0x0000000088d00000, 0x0000000088d00000| Untracked 
| 142|0x0000000088e00000, 0x0000000088e00000, 0x0000000088f00000|  0%| F|  |TAMS 0x0000000088e00000, 0x0000000088e00000| Untracked 
| 143|0x0000000088f00000, 0x0000000088f00000, 0x0000000089000000|  0%| F|  |TAMS 0x0000000088f00000, 0x0000000088f00000| Untracked 
| 144|0x0000000089000000, 0x0000000089000000, 0x0000000089100000|  0%| F|  |TAMS 0x0000000089000000, 0x0000000089000000| Untracked 
| 145|0x0000000089100000, 0x0000000089100000, 0x0000000089200000|  0%| F|  |TAMS 0x0000000089100000, 0x0000000089100000| Untracked 
| 146|0x0000000089200000, 0x0000000089200000, 0x0000000089300000|  0%| F|  |TAMS 0x0000000089200000, 0x0000000089200000| Untracked 
| 147|0x0000000089300000, 0x0000000089300000, 0x0000000089400000|  0%| F|  |TAMS 0x0000000089300000, 0x0000000089300000| Untracked 
| 148|0x0000000089400000, 0x0000000089400000, 0x0000000089500000|  0%| F|  |TAMS 0x0000000089400000, 0x0000000089400000| Untracked 
| 149|0x0000000089500000, 0x0000000089500000, 0x0000000089600000|  0%| F|  |TAMS 0x0000000089500000, 0x0000000089500000| Untracked 
| 150|0x0000000089600000, 0x0000000089600000, 0x0000000089700000|  0%| F|  |TAMS 0x0000000089600000, 0x0000000089600000| Untracked 
| 151|0x0000000089700000, 0x0000000089700000, 0x0000000089800000|  0%| F|  |TAMS 0x0000000089700000, 0x0000000089700000| Untracked 
| 152|0x0000000089800000, 0x0000000089800000, 0x0000000089900000|  0%| F|  |TAMS 0x0000000089800000, 0x0000000089800000| Untracked 
| 153|0x0000000089900000, 0x0000000089900000, 0x0000000089a00000|  0%| F|  |TAMS 0x0000000089900000, 0x0000000089900000| Untracked 
| 154|0x0000000089a00000, 0x0000000089a00000, 0x0000000089b00000|  0%| F|  |TAMS 0x0000000089a00000, 0x0000000089a00000| Untracked 
| 155|0x0000000089b00000, 0x0000000089b00000, 0x0000000089c00000|  0%| F|  |TAMS 0x0000000089b00000, 0x0000000089b00000| Untracked 
| 156|0x0000000089c00000, 0x0000000089c00000, 0x0000000089d00000|  0%| F|  |TAMS 0x0000000089c00000, 0x0000000089c00000| Untracked 
| 157|0x0000000089d00000, 0x0000000089d00000, 0x0000000089e00000|  0%| F|  |TAMS 0x0000000089d00000, 0x0000000089d00000| Untracked 
| 158|0x0000000089e00000, 0x0000000089e00000, 0x0000000089f00000|  0%| F|  |TAMS 0x0000000089e00000, 0x0000000089e00000| Untracked 
| 159|0x0000000089f00000, 0x0000000089f00000, 0x000000008a000000|  0%| F|  |TAMS 0x0000000089f00000, 0x0000000089f00000| Untracked 
| 160|0x000000008a000000, 0x000000008a000000, 0x000000008a100000|  0%| F|  |TAMS 0x000000008a000000, 0x000000008a000000| Untracked 
| 161|0x000000008a100000, 0x000000008a100000, 0x000000008a200000|  0%| F|  |TAMS 0x000000008a100000, 0x000000008a100000| Untracked 
| 162|0x000000008a200000, 0x000000008a200000, 0x000000008a300000|  0%| F|  |TAMS 0x000000008a200000, 0x000000008a200000| Untracked 
| 163|0x000000008a300000, 0x000000008a300000, 0x000000008a400000|  0%| F|  |TAMS 0x000000008a300000, 0x000000008a300000| Untracked 
| 164|0x000000008a400000, 0x000000008a400000, 0x000000008a500000|  0%| F|  |TAMS 0x000000008a400000, 0x000000008a400000| Untracked 
| 165|0x000000008a500000, 0x000000008a500000, 0x000000008a600000|  0%| F|  |TAMS 0x000000008a500000, 0x000000008a500000| Untracked 
| 166|0x000000008a600000, 0x000000008a600000, 0x000000008a700000|  0%| F|  |TAMS 0x000000008a600000, 0x000000008a600000| Untracked 
| 167|0x000000008a700000, 0x000000008a700000, 0x000000008a800000|  0%| F|  |TAMS 0x000000008a700000, 0x000000008a700000| Untracked 
| 168|0x000000008a800000, 0x000000008a800000, 0x000000008a900000|  0%| F|  |TAMS 0x000000008a800000, 0x000000008a800000| Untracked 
| 169|0x000000008a900000, 0x000000008a900000, 0x000000008aa00000|  0%| F|  |TAMS 0x000000008a900000, 0x000000008a900000| Untracked 
| 170|0x000000008aa00000, 0x000000008aa00000, 0x000000008ab00000|  0%| F|  |TAMS 0x000000008aa00000, 0x000000008aa00000| Untracked 
| 171|0x000000008ab00000, 0x000000008ab00000, 0x000000008ac00000|  0%| F|  |TAMS 0x000000008ab00000, 0x000000008ab00000| Untracked 
| 172|0x000000008ac00000, 0x000000008ac00000, 0x000000008ad00000|  0%| F|  |TAMS 0x000000008ac00000, 0x000000008ac00000| Untracked 
| 173|0x000000008ad00000, 0x000000008ad00000, 0x000000008ae00000|  0%| F|  |TAMS 0x000000008ad00000, 0x000000008ad00000| Untracked 
| 174|0x000000008ae00000, 0x000000008ae00000, 0x000000008af00000|  0%| F|  |TAMS 0x000000008ae00000, 0x000000008ae00000| Untracked 
| 175|0x000000008af00000, 0x000000008af00000, 0x000000008b000000|  0%| F|  |TAMS 0x000000008af00000, 0x000000008af00000| Untracked 
| 176|0x000000008b000000, 0x000000008b000000, 0x000000008b100000|  0%| F|  |TAMS 0x000000008b000000, 0x000000008b000000| Untracked 
| 177|0x000000008b100000, 0x000000008b100000, 0x000000008b200000|  0%| F|  |TAMS 0x000000008b100000, 0x000000008b100000| Untracked 
| 178|0x000000008b200000, 0x000000008b200000, 0x000000008b300000|  0%| F|  |TAMS 0x000000008b200000, 0x000000008b200000| Untracked 
| 179|0x000000008b300000, 0x000000008b300000, 0x000000008b400000|  0%| F|  |TAMS 0x000000008b300000, 0x000000008b300000| Untracked 
| 180|0x000000008b400000, 0x000000008b400000, 0x000000008b500000|  0%| F|  |TAMS 0x000000008b400000, 0x000000008b400000| Untracked 
| 181|0x000000008b500000, 0x000000008b500000, 0x000000008b600000|  0%| F|  |TAMS 0x000000008b500000, 0x000000008b500000| Untracked 
| 182|0x000000008b600000, 0x000000008b600000, 0x000000008b700000|  0%| F|  |TAMS 0x000000008b600000, 0x000000008b600000| Untracked 
| 183|0x000000008b700000, 0x000000008b700000, 0x000000008b800000|  0%| F|  |TAMS 0x000000008b700000, 0x000000008b700000| Untracked 
| 184|0x000000008b800000, 0x000000008b800000, 0x000000008b900000|  0%| F|  |TAMS 0x000000008b800000, 0x000000008b800000| Untracked 
| 185|0x000000008b900000, 0x000000008b900000, 0x000000008ba00000|  0%| F|  |TAMS 0x000000008b900000, 0x000000008b900000| Untracked 
| 186|0x000000008ba00000, 0x000000008ba00000, 0x000000008bb00000|  0%| F|  |TAMS 0x000000008ba00000, 0x000000008ba00000| Untracked 
| 187|0x000000008bb00000, 0x000000008bb00000, 0x000000008bc00000|  0%| F|  |TAMS 0x000000008bb00000, 0x000000008bb00000| Untracked 
| 188|0x000000008bc00000, 0x000000008bc00000, 0x000000008bd00000|  0%| F|  |TAMS 0x000000008bc00000, 0x000000008bc00000| Untracked 
| 189|0x000000008bd00000, 0x000000008bd00000, 0x000000008be00000|  0%| F|  |TAMS 0x000000008bd00000, 0x000000008bd00000| Untracked 
| 190|0x000000008be00000, 0x000000008be00000, 0x000000008bf00000|  0%| F|  |TAMS 0x000000008be00000, 0x000000008be00000| Untracked 
| 191|0x000000008bf00000, 0x000000008bf00000, 0x000000008c000000|  0%| F|  |TAMS 0x000000008bf00000, 0x000000008bf00000| Untracked 
| 192|0x000000008c000000, 0x000000008c000000, 0x000000008c100000|  0%| F|  |TAMS 0x000000008c000000, 0x000000008c000000| Untracked 
| 193|0x000000008c100000, 0x000000008c100000, 0x000000008c200000|  0%| F|  |TAMS 0x000000008c100000, 0x000000008c100000| Untracked 
| 194|0x000000008c200000, 0x000000008c200000, 0x000000008c300000|  0%| F|  |TAMS 0x000000008c200000, 0x000000008c200000| Untracked 
| 195|0x000000008c300000, 0x000000008c300000, 0x000000008c400000|  0%| F|  |TAMS 0x000000008c300000, 0x000000008c300000| Untracked 
| 196|0x000000008c400000, 0x000000008c400000, 0x000000008c500000|  0%| F|  |TAMS 0x000000008c400000, 0x000000008c400000| Untracked 
| 197|0x000000008c500000, 0x000000008c500000, 0x000000008c600000|  0%| F|  |TAMS 0x000000008c500000, 0x000000008c500000| Untracked 
| 198|0x000000008c600000, 0x000000008c600000, 0x000000008c700000|  0%| F|  |TAMS 0x000000008c600000, 0x000000008c600000| Untracked 
| 199|0x000000008c700000, 0x000000008c700000, 0x000000008c800000|  0%| F|  |TAMS 0x000000008c700000, 0x000000008c700000| Untracked 
| 200|0x000000008c800000, 0x000000008c800000, 0x000000008c900000|  0%| F|  |TAMS 0x000000008c800000, 0x000000008c800000| Untracked 
| 201|0x000000008c900000, 0x000000008c900000, 0x000000008ca00000|  0%| F|  |TAMS 0x000000008c900000, 0x000000008c900000| Untracked 
| 202|0x000000008ca00000, 0x000000008ca00000, 0x000000008cb00000|  0%| F|  |TAMS 0x000000008ca00000, 0x000000008ca00000| Untracked 
| 203|0x000000008cb00000, 0x000000008cb00000, 0x000000008cc00000|  0%| F|  |TAMS 0x000000008cb00000, 0x000000008cb00000| Untracked 
| 204|0x000000008cc00000, 0x000000008cc00000, 0x000000008cd00000|  0%| F|  |TAMS 0x000000008cc00000, 0x000000008cc00000| Untracked 
| 205|0x000000008cd00000, 0x000000008cd00000, 0x000000008ce00000|  0%| F|  |TAMS 0x000000008cd00000, 0x000000008cd00000| Untracked 
| 206|0x000000008ce00000, 0x000000008ce00000, 0x000000008cf00000|  0%| F|  |TAMS 0x000000008ce00000, 0x000000008ce00000| Untracked 
| 207|0x000000008cf00000, 0x000000008cf00000, 0x000000008d000000|  0%| F|  |TAMS 0x000000008cf00000, 0x000000008cf00000| Untracked 
| 208|0x000000008d000000, 0x000000008d000000, 0x000000008d100000|  0%| F|  |TAMS 0x000000008d000000, 0x000000008d000000| Untracked 
| 209|0x000000008d100000, 0x000000008d100000, 0x000000008d200000|  0%| F|  |TAMS 0x000000008d100000, 0x000000008d100000| Untracked 
| 210|0x000000008d200000, 0x000000008d200000, 0x000000008d300000|  0%| F|  |TAMS 0x000000008d200000, 0x000000008d200000| Untracked 
| 211|0x000000008d300000, 0x000000008d300000, 0x000000008d400000|  0%| F|  |TAMS 0x000000008d300000, 0x000000008d300000| Untracked 
| 212|0x000000008d400000, 0x000000008d400000, 0x000000008d500000|  0%| F|  |TAMS 0x000000008d400000, 0x000000008d400000| Untracked 
| 213|0x000000008d500000, 0x000000008d500000, 0x000000008d600000|  0%| F|  |TAMS 0x000000008d500000, 0x000000008d500000| Untracked 
| 214|0x000000008d600000, 0x000000008d600000, 0x000000008d700000|  0%| F|  |TAMS 0x000000008d600000, 0x000000008d600000| Untracked 
| 215|0x000000008d700000, 0x000000008d700000, 0x000000008d800000|  0%| F|  |TAMS 0x000000008d700000, 0x000000008d700000| Untracked 
| 216|0x000000008d800000, 0x000000008d800000, 0x000000008d900000|  0%| F|  |TAMS 0x000000008d800000, 0x000000008d800000| Untracked 
| 217|0x000000008d900000, 0x000000008d900000, 0x000000008da00000|  0%| F|  |TAMS 0x000000008d900000, 0x000000008d900000| Untracked 
| 218|0x000000008da00000, 0x000000008da00000, 0x000000008db00000|  0%| F|  |TAMS 0x000000008da00000, 0x000000008da00000| Untracked 
| 219|0x000000008db00000, 0x000000008db00000, 0x000000008dc00000|  0%| F|  |TAMS 0x000000008db00000, 0x000000008db00000| Untracked 
| 220|0x000000008dc00000, 0x000000008dc00000, 0x000000008dd00000|  0%| F|  |TAMS 0x000000008dc00000, 0x000000008dc00000| Untracked 
| 221|0x000000008dd00000, 0x000000008dd00000, 0x000000008de00000|  0%| F|  |TAMS 0x000000008dd00000, 0x000000008dd00000| Untracked 
| 222|0x000000008de00000, 0x000000008de00000, 0x000000008df00000|  0%| F|  |TAMS 0x000000008de00000, 0x000000008de00000| Untracked 
| 223|0x000000008df00000, 0x000000008df00000, 0x000000008e000000|  0%| F|  |TAMS 0x000000008df00000, 0x000000008df00000| Untracked 
| 224|0x000000008e000000, 0x000000008e000000, 0x000000008e100000|  0%| F|  |TAMS 0x000000008e000000, 0x000000008e000000| Untracked 
| 225|0x000000008e100000, 0x000000008e100000, 0x000000008e200000|  0%| F|  |TAMS 0x000000008e100000, 0x000000008e100000| Untracked 
| 226|0x000000008e200000, 0x000000008e200000, 0x000000008e300000|  0%| F|  |TAMS 0x000000008e200000, 0x000000008e200000| Untracked 
| 227|0x000000008e300000, 0x000000008e300000, 0x000000008e400000|  0%| F|  |TAMS 0x000000008e300000, 0x000000008e300000| Untracked 
| 228|0x000000008e400000, 0x000000008e400000, 0x000000008e500000|  0%| F|  |TAMS 0x000000008e400000, 0x000000008e400000| Untracked 
| 229|0x000000008e500000, 0x000000008e500000, 0x000000008e600000|  0%| F|  |TAMS 0x000000008e500000, 0x000000008e500000| Untracked 
| 230|0x000000008e600000, 0x000000008e600000, 0x000000008e700000|  0%| F|  |TAMS 0x000000008e600000, 0x000000008e600000| Untracked 
| 231|0x000000008e700000, 0x000000008e700000, 0x000000008e800000|  0%| F|  |TAMS 0x000000008e700000, 0x000000008e700000| Untracked 
| 232|0x000000008e800000, 0x000000008e800000, 0x000000008e900000|  0%| F|  |TAMS 0x000000008e800000, 0x000000008e800000| Untracked 
| 233|0x000000008e900000, 0x000000008e900000, 0x000000008ea00000|  0%| F|  |TAMS 0x000000008e900000, 0x000000008e900000| Untracked 
| 234|0x000000008ea00000, 0x000000008ea00000, 0x000000008eb00000|  0%| F|  |TAMS 0x000000008ea00000, 0x000000008ea00000| Untracked 
| 235|0x000000008eb00000, 0x000000008eb00000, 0x000000008ec00000|  0%| F|  |TAMS 0x000000008eb00000, 0x000000008eb00000| Untracked 
| 236|0x000000008ec00000, 0x000000008ec00000, 0x000000008ed00000|  0%| F|  |TAMS 0x000000008ec00000, 0x000000008ec00000| Untracked 
| 237|0x000000008ed00000, 0x000000008ed00000, 0x000000008ee00000|  0%| F|  |TAMS 0x000000008ed00000, 0x000000008ed00000| Untracked 
| 238|0x000000008ee00000, 0x000000008ee00000, 0x000000008ef00000|  0%| F|  |TAMS 0x000000008ee00000, 0x000000008ee00000| Untracked 
| 239|0x000000008ef00000, 0x000000008ef00000, 0x000000008f000000|  0%| F|  |TAMS 0x000000008ef00000, 0x000000008ef00000| Untracked 
| 240|0x000000008f000000, 0x000000008f000000, 0x000000008f100000|  0%| F|  |TAMS 0x000000008f000000, 0x000000008f000000| Untracked 
| 241|0x000000008f100000, 0x000000008f100000, 0x000000008f200000|  0%| F|  |TAMS 0x000000008f100000, 0x000000008f100000| Untracked 
| 242|0x000000008f200000, 0x000000008f200000, 0x000000008f300000|  0%| F|  |TAMS 0x000000008f200000, 0x000000008f200000| Untracked 
| 243|0x000000008f300000, 0x000000008f300000, 0x000000008f400000|  0%| F|  |TAMS 0x000000008f300000, 0x000000008f300000| Untracked 
| 244|0x000000008f400000, 0x000000008f400000, 0x000000008f500000|  0%| F|  |TAMS 0x000000008f400000, 0x000000008f400000| Untracked 
| 245|0x000000008f500000, 0x000000008f500000, 0x000000008f600000|  0%| F|  |TAMS 0x000000008f500000, 0x000000008f500000| Untracked 
| 246|0x000000008f600000, 0x000000008f600000, 0x000000008f700000|  0%| F|  |TAMS 0x000000008f600000, 0x000000008f600000| Untracked 
| 247|0x000000008f700000, 0x000000008f700000, 0x000000008f800000|  0%| F|  |TAMS 0x000000008f700000, 0x000000008f700000| Untracked 
| 248|0x000000008f800000, 0x000000008f800000, 0x000000008f900000|  0%| F|  |TAMS 0x000000008f800000, 0x000000008f800000| Untracked 
| 249|0x000000008f900000, 0x000000008f9b14d0, 0x000000008fa00000| 69%| E|  |TAMS 0x000000008f900000, 0x000000008f900000| Complete 
| 250|0x000000008fa00000, 0x000000008fb00000, 0x000000008fb00000|100%| E|CS|TAMS 0x000000008fa00000, 0x000000008fa00000| Complete 
| 251|0x000000008fb00000, 0x000000008fc00000, 0x000000008fc00000|100%| E|CS|TAMS 0x000000008fb00000, 0x000000008fb00000| Complete 
| 252|0x000000008fc00000, 0x000000008fd00000, 0x000000008fd00000|100%| E|CS|TAMS 0x000000008fc00000, 0x000000008fc00000| Complete 
| 253|0x000000008fd00000, 0x000000008fe00000, 0x000000008fe00000|100%| E|CS|TAMS 0x000000008fd00000, 0x000000008fd00000| Complete 
| 254|0x000000008fe00000, 0x000000008ff00000, 0x000000008ff00000|100%| E|CS|TAMS 0x000000008fe00000, 0x000000008fe00000| Complete 
| 255|0x000000008ff00000, 0x0000000090000000, 0x0000000090000000|100%| E|CS|TAMS 0x000000008ff00000, 0x000000008ff00000| Complete 
| 256|0x0000000090000000, 0x0000000090100000, 0x0000000090100000|100%| E|CS|TAMS 0x0000000090000000, 0x0000000090000000| Complete 
| 257|0x0000000090100000, 0x0000000090200000, 0x0000000090200000|100%| E|CS|TAMS 0x0000000090100000, 0x0000000090100000| Complete 
| 258|0x0000000090200000, 0x0000000090300000, 0x0000000090300000|100%| E|CS|TAMS 0x0000000090200000, 0x0000000090200000| Complete 
| 259|0x0000000090300000, 0x0000000090400000, 0x0000000090400000|100%| E|CS|TAMS 0x0000000090300000, 0x0000000090300000| Complete 
| 260|0x0000000090400000, 0x0000000090500000, 0x0000000090500000|100%| E|CS|TAMS 0x0000000090400000, 0x0000000090400000| Complete 
| 261|0x0000000090500000, 0x0000000090600000, 0x0000000090600000|100%| E|CS|TAMS 0x0000000090500000, 0x0000000090500000| Complete 
| 262|0x0000000090600000, 0x0000000090700000, 0x0000000090700000|100%| E|CS|TAMS 0x0000000090600000, 0x0000000090600000| Complete 
| 263|0x0000000090700000, 0x0000000090800000, 0x0000000090800000|100%| E|CS|TAMS 0x0000000090700000, 0x0000000090700000| Complete 
| 264|0x0000000090800000, 0x0000000090900000, 0x0000000090900000|100%| E|CS|TAMS 0x0000000090800000, 0x0000000090800000| Complete 
| 265|0x0000000090900000, 0x0000000090a00000, 0x0000000090a00000|100%| E|CS|TAMS 0x0000000090900000, 0x0000000090900000| Complete 
| 266|0x0000000090a00000, 0x0000000090b00000, 0x0000000090b00000|100%| E|CS|TAMS 0x0000000090a00000, 0x0000000090a00000| Complete 
| 267|0x0000000090b00000, 0x0000000090c00000, 0x0000000090c00000|100%| E|CS|TAMS 0x0000000090b00000, 0x0000000090b00000| Complete 
| 268|0x0000000090c00000, 0x0000000090d00000, 0x0000000090d00000|100%| E|CS|TAMS 0x0000000090c00000, 0x0000000090c00000| Complete 
| 269|0x0000000090d00000, 0x0000000090e00000, 0x0000000090e00000|100%| E|CS|TAMS 0x0000000090d00000, 0x0000000090d00000| Complete 
| 270|0x0000000090e00000, 0x0000000090f00000, 0x0000000090f00000|100%| E|CS|TAMS 0x0000000090e00000, 0x0000000090e00000| Complete 
| 271|0x0000000090f00000, 0x0000000091000000, 0x0000000091000000|100%| E|CS|TAMS 0x0000000090f00000, 0x0000000090f00000| Complete 
| 272|0x0000000091000000, 0x0000000091100000, 0x0000000091100000|100%| E|CS|TAMS 0x0000000091000000, 0x0000000091000000| Complete 
| 273|0x0000000091100000, 0x0000000091200000, 0x0000000091200000|100%| E|CS|TAMS 0x0000000091100000, 0x0000000091100000| Complete 
| 274|0x0000000091200000, 0x0000000091300000, 0x0000000091300000|100%| E|CS|TAMS 0x0000000091200000, 0x0000000091200000| Complete 
| 275|0x0000000091300000, 0x0000000091400000, 0x0000000091400000|100%| E|CS|TAMS 0x0000000091300000, 0x0000000091300000| Complete 
| 276|0x0000000091400000, 0x0000000091500000, 0x0000000091500000|100%| E|CS|TAMS 0x0000000091400000, 0x0000000091400000| Complete 
| 277|0x0000000091500000, 0x0000000091600000, 0x0000000091600000|100%| E|CS|TAMS 0x0000000091500000, 0x0000000091500000| Complete 
| 278|0x0000000091600000, 0x0000000091700000, 0x0000000091700000|100%| E|CS|TAMS 0x0000000091600000, 0x0000000091600000| Complete 
| 279|0x0000000091700000, 0x0000000091800000, 0x0000000091800000|100%| E|CS|TAMS 0x0000000091700000, 0x0000000091700000| Complete 
| 280|0x0000000091800000, 0x0000000091900000, 0x0000000091900000|100%| E|CS|TAMS 0x0000000091800000, 0x0000000091800000| Complete 
| 281|0x0000000091900000, 0x0000000091a00000, 0x0000000091a00000|100%| E|CS|TAMS 0x0000000091900000, 0x0000000091900000| Complete 
| 282|0x0000000091a00000, 0x0000000091b00000, 0x0000000091b00000|100%| E|CS|TAMS 0x0000000091a00000, 0x0000000091a00000| Complete 
| 283|0x0000000091b00000, 0x0000000091c00000, 0x0000000091c00000|100%| E|CS|TAMS 0x0000000091b00000, 0x0000000091b00000| Complete 
| 284|0x0000000091c00000, 0x0000000091d00000, 0x0000000091d00000|100%| E|CS|TAMS 0x0000000091c00000, 0x0000000091c00000| Complete 
| 285|0x0000000091d00000, 0x0000000091e00000, 0x0000000091e00000|100%| E|CS|TAMS 0x0000000091d00000, 0x0000000091d00000| Complete 

Card table byte_map: [0x0000000014fe0000,0x00000000153e0000] _byte_map_base: 0x0000000014be0000

Marking Bits (Prev, Next): (CMBitMap*) 0x0000000002b7cbc0, (CMBitMap*) 0x0000000002b7cc00
 Prev Bits: [0x00000000157e0000, 0x00000000177e0000)
 Next Bits: [0x00000000177e0000, 0x00000000197e0000)

Polling page: 0x0000000000960000

Metaspace:

Usage:
  Non-class:     77.56 MB used.
      Class:     12.08 MB used.
       Both:     89.65 MB used.

Virtual space:
  Non-class space:       80.00 MB reserved,      77.94 MB ( 97%) committed,  10 nodes.
      Class space:        1.00 GB reserved,      12.44 MB (  1%) committed,  1 nodes.
             Both:        1.08 GB reserved,      90.38 MB (  8%) committed. 

Chunk freelists:
   Non-Class:  1.78 MB
       Class:  3.48 MB
        Both:  5.27 MB

MaxMetaspaceSize: unlimited
CompressedClassSpaceSize: 1.00 GB
Initial GC threshold: 21.00 MB
Current GC threshold: 143.06 MB
CDS: off
MetaspaceReclaimPolicy: balanced
 - commit_granule_bytes: 65536.
 - commit_granule_words: 8192.
 - virtual_space_node_default_size: 1048576.
 - enlarge_chunks_in_place: 1.
 - new_chunks_are_fully_committed: 0.
 - uncommit_free_chunks: 1.
 - use_allocation_guard: 0.
 - handle_deallocations: 1.


Internal statistics:

num_allocs_failed_limit: 5.
num_arena_births: 834.
num_arena_deaths: 0.
num_vsnodes_births: 11.
num_vsnodes_deaths: 0.
num_space_committed: 1444.
num_space_uncommitted: 0.
num_chunks_returned_to_freelist: 5.
num_chunks_taken_from_freelist: 3928.
num_chunk_merges: 2.
num_chunk_splits: 2861.
num_chunks_enlarged: 2188.
num_purges: 0.
num_inconsistent_stats: 0.

CodeHeap 'non-profiled nmethods': size=120064Kb used=3370Kb max_used=3370Kb free=116694Kb
 bounds [0x000000000daa0000, 0x000000000ddf0000, 0x0000000014fe0000]
CodeHeap 'profiled nmethods': size=120000Kb used=12746Kb max_used=12746Kb free=107253Kb
 bounds [0x0000000005fe0000, 0x0000000006c60000, 0x000000000d510000]
CodeHeap 'non-nmethods': size=5696Kb used=2379Kb max_used=2396Kb free=3316Kb
 bounds [0x000000000d510000, 0x000000000d780000, 0x000000000daa0000]
 total_blobs=7063 nmethods=6146 adapters=830
 compilation: enabled
              stopped_count=0, restarted_count=0
 full_count=0

Compilation events (20 events):
Event: 86.269 Thread 0x000000001c0eb880 6912       3       org.jetbrains.kotlin.load.kotlin.FileBasedKotlinClass::getClassHeader (14 bytes)
Event: 86.269 Thread 0x000000001c0eb880 nmethod 6912 0x0000000006c3ae10 code [0x0000000006c3afc0, 0x0000000006c3b148]
Event: 86.282 Thread 0x000000001c0eb880 6913       1       org.jetbrains.kotlin.serialization.deserialization.DeserializationContext::getContainingDeclaration (5 bytes)
Event: 86.282 Thread 0x000000001c0eb880 nmethod 6913 0x000000000dde9f10 code [0x000000000ddea0a0, 0x000000000ddea178]
Event: 86.283 Thread 0x000000001c0eb880 6914       3       org.jetbrains.kotlin.utils.WrappedValues::unescapeThrowable (44 bytes)
Event: 86.283 Thread 0x000000001c0eb880 nmethod 6914 0x0000000006c3b210 code [0x0000000006c3b400, 0x0000000006c3b958]
Event: 86.283 Thread 0x000000001c0eb880 6915       3       org.jetbrains.kotlin.metadata.deserialization.NameResolverImpl::isLocalClassName (15 bytes)
Event: 86.284 Thread 0x000000001c0eb880 nmethod 6915 0x0000000006c3bb10 code [0x0000000006c3bcc0, 0x0000000006c3bf28]
Event: 86.287 Thread 0x000000001c0eb880 6916       3       org.jetbrains.kotlin.serialization.deserialization.AnnotationDeserializer::<init> (27 bytes)
Event: 86.288 Thread 0x000000001c0eb880 nmethod 6916 0x0000000006c3c010 code [0x0000000006c3c2a0, 0x0000000006c3cdd8]
Event: 86.289 Thread 0x000000001c0eb880 6917       1       org.jetbrains.kotlin.serialization.deserialization.DeserializationContext::getTypeTable (5 bytes)
Event: 86.289 Thread 0x000000001c0eb880 nmethod 6917 0x000000000ddea210 code [0x000000000ddea3a0, 0x000000000ddea478]
Event: 86.307 Thread 0x000000001c0eb880 6918       3       org.jetbrains.kotlin.metadata.deserialization.Flags$BooleanFlagField::get (28 bytes)
Event: 86.307 Thread 0x000000001c0eb880 nmethod 6918 0x0000000006c3d190 code [0x0000000006c3d340, 0x0000000006c3d5e8]
Event: 86.315 Thread 0x000000001c0eb880 6919       3       java.util.Arrays::binarySearch0 (72 bytes)
Event: 86.316 Thread 0x000000001c0eb880 nmethod 6919 0x0000000006c3d710 code [0x0000000006c3d8c0, 0x0000000006c3db58]
Event: 86.316 Thread 0x000000001c0eb880 6920       3       jdk.internal.jrtfs.JrtFileSystem::lambda$iteratorOf$2 (20 bytes)
Event: 86.316 Thread 0x000000001c0eb880 nmethod 6920 0x0000000006c3dc90 code [0x0000000006c3de80, 0x0000000006c3e288]
Event: 86.316 Thread 0x000000001c0eb880 6921   !   3       jdk.internal.jrtfs.JrtDirectoryStream$1::next (48 bytes)
Event: 86.317 Thread 0x000000001c0eb880 nmethod 6921 0x0000000006c3e410 code [0x0000000006c3e5e0, 0x0000000006c3ead8]

GC Heap History (20 events):
Event: 74.160 GC heap before
{Heap before GC invocations=34 (full 0):
 garbage-first heap   total 119808K, used 72240K [0x0000000080000000, 0x0000000100000000)
  region size 1024K, 5 young (5120K), 3 survivors (3072K)
 Metaspace       used 63208K, committed 63872K, reserved 1105920K
  class space    used 9003K, committed 9280K, reserved 1048576K
}
Event: 74.174 GC heap after
{Heap after GC invocations=35 (full 0):
 garbage-first heap   total 119808K, used 70054K [0x0000000080000000, 0x0000000100000000)
  region size 1024K, 1 young (1024K), 1 survivors (1024K)
 Metaspace       used 63208K, committed 63872K, reserved 1105920K
  class space    used 9003K, committed 9280K, reserved 1048576K
}
Event: 75.099 GC heap before
{Heap before GC invocations=35 (full 0):
 garbage-first heap   total 119808K, used 99750K [0x0000000080000000, 0x0000000100000000)
  region size 1024K, 30 young (30720K), 1 survivors (1024K)
 Metaspace       used 67154K, committed 67840K, reserved 1114112K
  class space    used 9523K, committed 9792K, reserved 1048576K
}
Event: 75.108 GC heap after
{Heap after GC invocations=36 (full 0):
 garbage-first heap   total 119808K, used 70407K [0x0000000080000000, 0x0000000100000000)
  region size 1024K, 1 young (1024K), 1 survivors (1024K)
 Metaspace       used 67154K, committed 67840K, reserved 1114112K
  class space    used 9523K, committed 9792K, reserved 1048576K
}
Event: 75.535 GC heap before
{Heap before GC invocations=37 (full 0):
 garbage-first heap   total 119808K, used 74503K [0x0000000080000000, 0x0000000100000000)
  region size 1024K, 6 young (6144K), 1 survivors (1024K)
 Metaspace       used 67869K, committed 68480K, reserved 1114112K
  class space    used 9604K, committed 9856K, reserved 1048576K
}
Event: 75.541 GC heap after
{Heap after GC invocations=38 (full 0):
 garbage-first heap   total 119808K, used 70521K [0x0000000080000000, 0x0000000100000000)
  region size 1024K, 1 young (1024K), 1 survivors (1024K)
 Metaspace       used 67869K, committed 68480K, reserved 1114112K
  class space    used 9604K, committed 9856K, reserved 1048576K
}
Event: 76.786 GC heap before
{Heap before GC invocations=39 (full 0):
 garbage-first heap   total 132096K, used 106361K [0x0000000080000000, 0x0000000100000000)
  region size 1024K, 32 young (32768K), 1 survivors (1024K)
 Metaspace       used 72070K, committed 72704K, reserved 1114112K
  class space    used 10145K, committed 10432K, reserved 1048576K
}
Event: 76.795 GC heap after
{Heap after GC invocations=40 (full 0):
 garbage-first heap   total 132096K, used 75368K [0x0000000080000000, 0x0000000100000000)
  region size 1024K, 2 young (2048K), 2 survivors (2048K)
 Metaspace       used 72070K, committed 72704K, reserved 1114112K
  class space    used 10145K, committed 10432K, reserved 1048576K
}
Event: 77.483 GC heap before
{Heap before GC invocations=40 (full 0):
 garbage-first heap   total 132096K, used 86632K [0x0000000080000000, 0x0000000100000000)
  region size 1024K, 14 young (14336K), 2 survivors (2048K)
 Metaspace       used 74078K, committed 74816K, reserved 1114112K
  class space    used 10390K, committed 10752K, reserved 1048576K
}
Event: 77.490 GC heap after
{Heap after GC invocations=41 (full 0):
 garbage-first heap   total 132096K, used 75676K [0x0000000080000000, 0x0000000100000000)
  region size 1024K, 2 young (2048K), 2 survivors (2048K)
 Metaspace       used 74078K, committed 74816K, reserved 1114112K
  class space    used 10390K, committed 10752K, reserved 1048576K
}
Event: 78.258 GC heap before
{Heap before GC invocations=42 (full 0):
 garbage-first heap   total 138240K, used 120732K [0x0000000080000000, 0x0000000100000000)
  region size 1024K, 39 young (39936K), 2 survivors (2048K)
 Metaspace       used 74506K, committed 75264K, reserved 1114112K
  class space    used 10426K, committed 10752K, reserved 1048576K
}
Event: 78.301 GC heap after
{Heap after GC invocations=43 (full 0):
 garbage-first heap   total 138240K, used 85225K [0x0000000080000000, 0x0000000100000000)
  region size 1024K, 5 young (5120K), 5 survivors (5120K)
 Metaspace       used 74506K, committed 75264K, reserved 1114112K
  class space    used 10426K, committed 10752K, reserved 1048576K
}
Event: 78.939 GC heap before
{Heap before GC invocations=43 (full 0):
 garbage-first heap   total 138240K, used 112873K [0x0000000080000000, 0x0000000100000000)
  region size 1024K, 32 young (32768K), 5 survivors (5120K)
 Metaspace       used 77792K, committed 78528K, reserved 1122304K
  class space    used 10810K, committed 11136K, reserved 1048576K
}
Event: 78.957 GC heap after
{Heap after GC invocations=44 (full 0):
 garbage-first heap   total 138240K, used 87324K [0x0000000080000000, 0x0000000100000000)
  region size 1024K, 2 young (2048K), 2 survivors (2048K)
 Metaspace       used 77792K, committed 78528K, reserved 1122304K
  class space    used 10810K, committed 11136K, reserved 1048576K
}
Event: 79.238 GC heap before
{Heap before GC invocations=45 (full 0):
 garbage-first heap   total 153600K, used 94492K [0x0000000080000000, 0x0000000100000000)
  region size 1024K, 10 young (10240K), 2 survivors (2048K)
 Metaspace       used 78535K, committed 79296K, reserved 1122304K
  class space    used 10901K, committed 11264K, reserved 1048576K
}
Event: 79.246 GC heap after
{Heap after GC invocations=46 (full 0):
 garbage-first heap   total 153600K, used 87971K [0x0000000080000000, 0x0000000100000000)
  region size 1024K, 2 young (2048K), 2 survivors (2048K)
 Metaspace       used 78535K, committed 79296K, reserved 1122304K
  class space    used 10901K, committed 11264K, reserved 1048576K
}
Event: 80.530 GC heap before
{Heap before GC invocations=47 (full 0):
 garbage-first heap   total 162816K, used 133027K [0x0000000080000000, 0x0000000100000000)
  region size 1024K, 39 young (39936K), 2 survivors (2048K)
 Metaspace       used 82633K, committed 83328K, reserved 1122304K
  class space    used 11295K, committed 11648K, reserved 1048576K
}
Event: 80.551 GC heap after
{Heap after GC invocations=48 (full 0):
 garbage-first heap   total 162816K, used 97979K [0x0000000080000000, 0x0000000100000000)
  region size 1024K, 5 young (5120K), 5 survivors (5120K)
 Metaspace       used 82633K, committed 83328K, reserved 1122304K
  class space    used 11295K, committed 11648K, reserved 1048576K
}
Event: 81.767 GC heap before
{Heap before GC invocations=48 (full 0):
 garbage-first heap   total 162816K, used 134843K [0x0000000080000000, 0x0000000100000000)
  region size 1024K, 41 young (41984K), 5 survivors (5120K)
 Metaspace       used 87122K, committed 87872K, reserved 1130496K
  class space    used 11779K, committed 12096K, reserved 1048576K
}
Event: 81.787 GC heap after
{Heap after GC invocations=49 (full 0):
 garbage-first heap   total 292864K, used 99834K [0x0000000080000000, 0x0000000100000000)
  region size 1024K, 5 young (5120K), 5 survivors (5120K)
 Metaspace       used 87122K, committed 87872K, reserved 1130496K
  class space    used 11779K, committed 12096K, reserved 1048576K
}

Dll operation events (3 events):
Event: 0.186 Loaded shared library C:\Program Files\Android\Android Studio\jbr\bin\java.dll
Event: 1.698 Loaded shared library C:\Program Files\Android\Android Studio\jbr\bin\zip.dll
Event: 4.548 Loaded shared library C:\Program Files\Android\Android Studio\jbr\bin\verify.dll

Deoptimization events (20 events):
Event: 82.028 Thread 0x000000001f0eb800 Uncommon trap: trap_request=0xffffffde fr.pc=0x000000000dbe4940 relative=0x0000000000000660
Event: 82.028 Thread 0x000000001f0eb800 Uncommon trap: reason=class_check action=maybe_recompile pc=0x000000000dbe4940 method=org.jetbrains.kotlin.protobuf.FieldSet.isInitialized(Ljava/util/Map$Entry;)Z @ 92 c2
Event: 82.028 Thread 0x000000001f0eb800 DEOPT PACKING pc=0x000000000dbe4940 sp=0x00000000217242f0
Event: 82.028 Thread 0x000000001f0eb800 DEOPT UNPACKING pc=0x000000000d56699d sp=0x0000000021724218 mode 2
Event: 82.111 Thread 0x000000001f0eb800 Uncommon trap: trap_request=0xffffffcc fr.pc=0x000000000ddc48a0 relative=0x0000000000002e00
Event: 82.111 Thread 0x000000001f0eb800 Uncommon trap: reason=intrinsic_or_type_checked_inlining action=make_not_entrant pc=0x000000000ddc48a0 method=java.util.ArrayList$SubList.toArray([Ljava/lang/Object;)[Ljava/lang/Object; @ 58 c2
Event: 82.111 Thread 0x000000001f0eb800 DEOPT PACKING pc=0x000000000ddc48a0 sp=0x0000000021723ae0
Event: 82.111 Thread 0x000000001f0eb800 DEOPT UNPACKING pc=0x000000000d56699d sp=0x0000000021723a88 mode 2
Event: 82.114 Thread 0x000000001f0eb800 Uncommon trap: trap_request=0xffffffde fr.pc=0x000000000dbe4940 relative=0x0000000000000660
Event: 82.114 Thread 0x000000001f0eb800 Uncommon trap: reason=class_check action=maybe_recompile pc=0x000000000dbe4940 method=org.jetbrains.kotlin.protobuf.FieldSet.isInitialized(Ljava/util/Map$Entry;)Z @ 92 c2
Event: 82.114 Thread 0x000000001f0eb800 DEOPT PACKING pc=0x000000000dbe4940 sp=0x0000000021723d10
Event: 82.114 Thread 0x000000001f0eb800 DEOPT UNPACKING pc=0x000000000d56699d sp=0x0000000021723c38 mode 2
Event: 82.949 Thread 0x000000001f0eb800 DEOPT PACKING pc=0x000000000625702c sp=0x00000000217229f0
Event: 82.949 Thread 0x000000001f0eb800 DEOPT UNPACKING pc=0x000000000d567124 sp=0x0000000021721e80 mode 0
Event: 84.043 Thread 0x000000001f0eb800 DEOPT PACKING pc=0x00000000060dbf20 sp=0x0000000021722530
Event: 84.045 Thread 0x000000001f0eb800 DEOPT UNPACKING pc=0x000000000d567124 sp=0x00000000217219d8 mode 0
Event: 84.048 Thread 0x000000001f0eb800 DEOPT PACKING pc=0x00000000060db879 sp=0x00000000217225a0
Event: 84.048 Thread 0x000000001f0eb800 DEOPT UNPACKING pc=0x000000000d567124 sp=0x0000000021721a60 mode 0
Event: 84.264 Thread 0x000000001f0eb800 DEOPT PACKING pc=0x0000000006094e00 sp=0x0000000021722550
Event: 84.264 Thread 0x000000001f0eb800 DEOPT UNPACKING pc=0x000000000d567124 sp=0x0000000021721a20 mode 0

Classes unloaded (0 events):
No events

Classes redefined (0 events):
No events

Internal exceptions (20 events):
Event: 70.466 Thread 0x000000001f0eb800 Exception <a 'java/lang/ClassNotFoundException'{0x0000000086379cf8}: org/gradle/api/internal/project/DefaultProjectBeanInfo> (0x0000000086379cf8) 
thrown [s\src\hotspot\share\classfile\systemDictionary.cpp, line 256]
Event: 70.467 Thread 0x000000001f0eb800 Exception <a 'java/lang/ClassNotFoundException'{0x0000000086386bd8}: org/gradle/api/internal/project/DefaultProjectCustomizer> (0x0000000086386bd8) 
thrown [s\src\hotspot\share\classfile\systemDictionary.cpp, line 256]
Event: 70.480 Thread 0x000000001f0eb800 Exception <a 'java/lang/ClassNotFoundException'{0x000000008622eff0}: org/gradle/api/internal/project/DefaultProject_DecoratedCustomizer> (0x000000008622eff0) 
thrown [s\src\hotspot\share\classfile\systemDictionary.cpp, line 256]
Event: 72.114 Thread 0x000000001f0eb800 Exception <a 'java/lang/NoSuchMethodError'{0x0000000086c78e58}: 'void java.lang.invoke.DirectMethodHandle$Holder.invokeVirtual(java.lang.Object, java.lang.Object)'> (0x0000000086c78e58) 
thrown [s\src\hotspot\share\interpreter\linkResolver.cpp, line 771]
Event: 72.248 Thread 0x000000001f0eb800 Exception <a 'java/lang/NoSuchMethodError'{0x0000000086a7cf78}: 'java.lang.Object java.lang.invoke.DirectMethodHandle$Holder.invokeStaticInit(java.lang.Object, int)'> (0x0000000086a7cf78) 
thrown [s\src\hotspot\share\interpreter\linkResolver.cpp, line 771]
Event: 72.327 Thread 0x000000001f0eb800 Exception <a 'java/lang/NoSuchMethodError'{0x00000000869d5690}: 'int java.lang.invoke.DelegatingMethodHandle$Holder.reinvoke_L(java.lang.Object, java.lang.Object, java.lang.Object, long, int, int)'> (0x00000000869d5690) 
thrown [s\src\hotspot\share\interpreter\linkResolver.cpp, line 771]
Event: 72.329 Thread 0x000000001f0eb800 Exception <a 'java/lang/NoSuchMethodError'{0x00000000869e5508}: 'int java.lang.invoke.DelegatingMethodHandle$Holder.reinvoke_L(java.lang.Object, java.lang.Object, java.lang.Object, long, long, long)'> (0x00000000869e5508) 
thrown [s\src\hotspot\share\interpreter\linkResolver.cpp, line 771]
Event: 72.331 Thread 0x000000001f0eb800 Exception <a 'java/lang/NoSuchMethodError'{0x00000000869f5738}: 'int java.lang.invoke.DelegatingMethodHandle$Holder.reinvoke_L(java.lang.Object, java.lang.Object, java.lang.Object, long, java.lang.Object, java.lang.Object)'> (0x00000000869f5738) 
thrown [s\src\hotspot\share\interpreter\linkResolver.cpp, line 771]
Event: 72.334 Thread 0x000000001f0eb800 Exception <a 'java/lang/NoSuchMethodError'{0x0000000086805e10}: 'void java.lang.invoke.DelegatingMethodHandle$Holder.reinvoke_L(java.lang.Object, java.lang.Object, java.lang.Object, long, java.lang.Object)'> (0x0000000086805e10) 
thrown [s\src\hotspot\share\interpreter\linkResolver.cpp, line 771]
Event: 72.343 Thread 0x000000001f0eb800 Exception <a 'java/lang/NoSuchMethodError'{0x000000008680e740}: 'java.lang.Object java.lang.invoke.DirectMethodHandle$Holder.invokeSpecial(java.lang.Object, java.lang.Object, java.lang.Object, java.lang.Object, long)'> (0x000000008680e740) 
thrown [s\src\hotspot\share\interpreter\linkResolver.cpp, line 771]
Event: 72.363 Thread 0x000000001f0eb800 Exception <a 'java/lang/NoSuchMethodError'{0x0000000086836c08}: 'long java.lang.invoke.Invokers$Holder.invoke_MT(java.lang.Object, java.lang.Object, java.lang.Object, java.lang.Object)'> (0x0000000086836c08) 
thrown [s\src\hotspot\share\interpreter\linkResolver.cpp, line 771]
Event: 72.365 Thread 0x000000001f0eb800 Exception <a 'java/lang/NoSuchMethodError'{0x000000008683ffb0}: 'int java.lang.invoke.Invokers$Holder.invoke_MT(java.lang.Object, java.lang.Object, java.lang.Object, java.lang.Object)'> (0x000000008683ffb0) 
thrown [s\src\hotspot\share\interpreter\linkResolver.cpp, line 771]
Event: 72.395 Thread 0x000000001f0eb800 Exception <a 'java/lang/NoSuchMethodError'{0x00000000868512a0}: 'int java.lang.invoke.DelegatingMethodHandle$Holder.reinvoke_L(java.lang.Object, java.lang.Object, java.lang.Object, long, int)'> (0x00000000868512a0) 
thrown [s\src\hotspot\share\interpreter\linkResolver.cpp, line 771]
Event: 72.400 Thread 0x000000001f0eb800 Exception <a 'java/lang/NoSuchMethodError'{0x0000000086865610}: 'java.lang.Object java.lang.invoke.Invokers$Holder.invokeExact_MT(java.lang.Object, java.lang.Object, long, java.lang.Object)'> (0x0000000086865610) 
thrown [s\src\hotspot\share\interpreter\linkResolver.cpp, line 771]
Event: 74.773 Thread 0x000000001f0eb800 Exception <a 'java/lang/NoSuchMethodError'{0x0000000085e45508}: 'long java.lang.invoke.DirectMethodHandle$Holder.invokeStatic(java.lang.Object)'> (0x0000000085e45508) 
thrown [s\src\hotspot\share\interpreter\linkResolver.cpp, line 771]
Event: 74.774 Thread 0x000000001f0eb800 Exception <a 'java/lang/NoSuchMethodError'{0x0000000085e4a350}: 'long java.lang.invoke.DirectMethodHandle$Holder.invokeStaticInit(java.lang.Object)'> (0x0000000085e4a350) 
thrown [s\src\hotspot\share\interpreter\linkResolver.cpp, line 771]
Event: 75.526 Thread 0x000000001f0eb800 Implicit null exception at 0x000000000dcbad8c to 0x000000000dcbaec2
Event: 77.416 Thread 0x000000001f0eb800 Exception <a 'java/lang/NoSuchMethodError'{0x0000000087670618}: 'java.lang.Object java.lang.invoke.Invokers$Holder.invoke_MT(java.lang.Object, java.lang.Object, java.lang.Object)'> (0x0000000087670618) 
thrown [s\src\hotspot\share\interpreter\linkResolver.cpp, line 771]
Event: 79.965 Thread 0x000000001f0eb800 Implicit null exception at 0x000000000dbeea93 to 0x000000000dbeeb98
Event: 86.020 Thread 0x000000001f0eb800 Exception <a 'java/lang/NoSuchMethodError'{0x000000008ff44620}: 'java.lang.Object java.lang.invoke.DirectMethodHandle$Holder.invokeStatic(java.lang.Object, java.lang.Object, java.lang.Object, java.lang.Object, int)'> (0x000000008ff44620) 
thrown [s\src\hotspot\share\interpreter\linkResolver.cpp, line 771]

VM Operations (20 events):
Event: 81.767 Executing VM operation: G1CollectForAllocation
Event: 81.787 Executing VM operation: G1CollectForAllocation done
Event: 81.922 Executing VM operation: G1Concurrent
Event: 81.933 Executing VM operation: G1Concurrent done
Event: 81.955 Executing VM operation: HandshakeAllThreads
Event: 81.955 Executing VM operation: HandshakeAllThreads done
Event: 82.003 Executing VM operation: G1Concurrent
Event: 82.025 Executing VM operation: G1Concurrent done
Event: 82.833 Executing VM operation: HandshakeAllThreads
Event: 82.841 Executing VM operation: HandshakeAllThreads done
Event: 83.842 Executing VM operation: Cleanup
Event: 83.858 Executing VM operation: Cleanup done
Event: 84.880 Executing VM operation: Cleanup
Event: 84.880 Executing VM operation: Cleanup done
Event: 85.891 Executing VM operation: Cleanup
Event: 85.891 Executing VM operation: Cleanup done
Event: 85.939 Executing VM operation: HandshakeAllThreads
Event: 85.940 Executing VM operation: HandshakeAllThreads done
Event: 86.274 Executing VM operation: HandshakeAllThreads
Event: 86.274 Executing VM operation: HandshakeAllThreads done

Events (20 events):
Event: 77.475 loading class sun/nio/fs/WindowsFileAttributeViews$Dos done
Event: 78.088 loading class java/nio/channels/Channels$ReadableByteChannelImpl
Event: 78.088 loading class java/nio/channels/Channels$ReadableByteChannelImpl done
Event: 78.089 loading class java/nio/channels/NonWritableChannelException
Event: 78.089 loading class java/nio/channels/NonWritableChannelException done
Event: 82.276 loading class java/text/StringCharacterIterator
Event: 82.277 loading class java/text/CharacterIterator
Event: 82.277 loading class java/text/CharacterIterator done
Event: 82.277 loading class java/text/StringCharacterIterator done
Event: 82.339 loading class java/io/NotSerializableException
Event: 82.340 loading class java/io/NotSerializableException done
Event: 82.843 Thread 0x000000001cd6ea60 flushing nmethod 0x000000000dcec910
Event: 82.848 Thread 0x000000001cd6ea60 flushing nmethod 0x00000000064c2d10
Event: 82.850 Thread 0x000000001cd6ea60 flushing nmethod 0x00000000066d6890
Event: 85.774 loading class java/util/function/IntUnaryOperator
Event: 85.774 loading class java/util/function/IntUnaryOperator done
Event: 85.944 loading class java/util/AbstractList$SubList
Event: 85.946 loading class java/util/AbstractList$SubList done
Event: 85.946 loading class java/util/AbstractList$SubList$1
Event: 85.946 loading class java/util/AbstractList$SubList$1 done


Dynamic libraries:
0x00007ff718870000 - 0x00007ff71887a000 	C:\Program Files\Android\Android Studio\jbr\bin\java.exe
0x00007ff94b9f0000 - 0x00007ff94bc07000 	C:\Windows\SYSTEM32\ntdll.dll
0x00007ff94a580000 - 0x00007ff94a644000 	C:\Windows\System32\KERNEL32.DLL
0x00007ff948ca0000 - 0x00007ff949070000 	C:\Windows\System32\KERNELBASE.dll
0x00007ff949280000 - 0x00007ff949391000 	C:\Windows\System32\ucrtbase.dll
0x00007ff90e020000 - 0x00007ff90e037000 	C:\Program Files\Android\Android Studio\jbr\bin\jli.dll
0x00007ff94b790000 - 0x00007ff94b93e000 	C:\Windows\System32\USER32.dll
0x00007ff949130000 - 0x00007ff949156000 	C:\Windows\System32\win32u.dll
0x00007ff9498b0000 - 0x00007ff9498d9000 	C:\Windows\System32\GDI32.dll
0x00007ff9493a0000 - 0x00007ff9494bb000 	C:\Windows\System32\gdi32full.dll
0x00007ff9491e0000 - 0x00007ff94927a000 	C:\Windows\System32\msvcp_win.dll
0x00007ff926a30000 - 0x00007ff926cc2000 	C:\Windows\WinSxS\amd64_microsoft.windows.common-controls_6595b64144ccf1df_6.0.22621.4830_none_270fe7d773858e80\COMCTL32.dll
0x00007ff949b00000 - 0x00007ff949ba7000 	C:\Windows\System32\msvcrt.dll
0x00007ff9123c0000 - 0x00007ff9123db000 	C:\Program Files\Android\Android Studio\jbr\bin\VCRUNTIME140.dll
0x00007ff94b750000 - 0x00007ff94b781000 	C:\Windows\System32\IMM32.DLL
0x00007ff936ff0000 - 0x00007ff936ffc000 	C:\Program Files\Android\Android Studio\jbr\bin\vcruntime140_1.dll
0x00007ff911910000 - 0x00007ff91199d000 	C:\Program Files\Android\Android Studio\jbr\bin\msvcp140.dll
0x00007ff8fec20000 - 0x00007ff8ff88e000 	C:\Program Files\Android\Android Studio\jbr\bin\server\jvm.dll
0x00007ff94a270000 - 0x00007ff94a321000 	C:\Windows\System32\ADVAPI32.dll
0x00007ff949a50000 - 0x00007ff949af7000 	C:\Windows\System32\sechost.dll
0x00007ff9494c0000 - 0x00007ff9494e8000 	C:\Windows\System32\bcrypt.dll
0x00007ff9496e0000 - 0x00007ff9497f4000 	C:\Windows\System32\RPCRT4.dll
0x00007ff942a70000 - 0x00007ff942aa4000 	C:\Windows\SYSTEM32\WINMM.dll
0x00007ff90c710000 - 0x00007ff90c719000 	C:\Windows\SYSTEM32\WSOCK32.dll
0x00007ff9385c0000 - 0x00007ff9385ca000 	C:\Windows\SYSTEM32\VERSION.dll
0x00007ff949d10000 - 0x00007ff949d81000 	C:\Windows\System32\WS2_32.dll
0x00007ff947ca0000 - 0x00007ff947cb8000 	C:\Windows\SYSTEM32\kernel.appcore.dll
0x00007ff9120b0000 - 0x00007ff9120ba000 	C:\Program Files\Android\Android Studio\jbr\bin\jimage.dll
0x00007ff946680000 - 0x00007ff9468b2000 	C:\Windows\SYSTEM32\DBGHELP.DLL
0x00007ff94a660000 - 0x00007ff94a9f0000 	C:\Windows\System32\combase.dll
0x00007ff94b430000 - 0x00007ff94b507000 	C:\Windows\System32\OLEAUT32.dll
0x00007ff9345e0000 - 0x00007ff934612000 	C:\Windows\SYSTEM32\dbgcore.DLL
0x00007ff949660000 - 0x00007ff9496db000 	C:\Windows\System32\bcryptPrimitives.dll
0x00007ff90e040000 - 0x00007ff90e04e000 	C:\Program Files\Android\Android Studio\jbr\bin\instrument.dll
0x00007ff911480000 - 0x00007ff9114a5000 	C:\Program Files\Android\Android Studio\jbr\bin\java.dll
0x00007ff911460000 - 0x00007ff911478000 	C:\Program Files\Android\Android Studio\jbr\bin\zip.dll
0x00007ff94ab80000 - 0x00007ff94b3f8000 	C:\Windows\System32\SHELL32.dll
0x00007ff946ba0000 - 0x00007ff9474b0000 	C:\Windows\SYSTEM32\windows.storage.dll
0x00007ff946a60000 - 0x00007ff946b9f000 	C:\Windows\SYSTEM32\wintypes.dll
0x00007ff949940000 - 0x00007ff949a4a000 	C:\Windows\System32\SHCORE.dll
0x00007ff94a210000 - 0x00007ff94a26e000 	C:\Windows\System32\shlwapi.dll
0x00007ff948bd0000 - 0x00007ff948bfb000 	C:\Windows\SYSTEM32\profapi.dll
0x00007ff9112e0000 - 0x00007ff9112f9000 	C:\Program Files\Android\Android Studio\jbr\bin\net.dll
0x00007ff942660000 - 0x00007ff94278c000 	C:\Windows\SYSTEM32\WINHTTP.dll
0x00007ff948120000 - 0x00007ff94818a000 	C:\Windows\system32\mswsock.dll
0x00007ff910d90000 - 0x00007ff910da6000 	C:\Program Files\Android\Android Studio\jbr\bin\nio.dll
0x00007ff911350000 - 0x00007ff911360000 	C:\Program Files\Android\Android Studio\jbr\bin\verify.dll
0x00007ff925fd0000 - 0x00007ff925ff7000 	C:\Program Files\Android\Android Studio\jbr\native\68d5fa5c4cc2d200863cafc0d521ce42e7d3e7ee720ec0a83991735586a16f82\windows-amd64\native-platform.dll
0x00007ff90f840000 - 0x00007ff90f984000 	C:\Program Files\Android\Android Studio\jbr\native\e376f236ea51e6404a007f0833ffe2c6e607c4080706a723a18a27aeea778392\windows-amd64\native-platform-file-events.dll
0x00007ff918290000 - 0x00007ff918299000 	C:\Program Files\Android\Android Studio\jbr\bin\management.dll
0x00007ff9113d0000 - 0x00007ff9113db000 	C:\Program Files\Android\Android Studio\jbr\bin\management_ext.dll
0x00007ff94a650000 - 0x00007ff94a658000 	C:\Windows\System32\PSAPI.DLL
0x00007ff948330000 - 0x00007ff94834b000 	C:\Windows\SYSTEM32\CRYPTSP.dll
0x00007ff947c00000 - 0x00007ff947c35000 	C:\Windows\system32\rsaenh.dll
0x00007ff9481c0000 - 0x00007ff9481e8000 	C:\Windows\SYSTEM32\USERENV.dll
0x00007ff948320000 - 0x00007ff94832c000 	C:\Windows\SYSTEM32\CRYPTBASE.dll
0x00007ff947750000 - 0x00007ff94777d000 	C:\Windows\SYSTEM32\IPHLPAPI.DLL
0x00007ff94b510000 - 0x00007ff94b519000 	C:\Windows\System32\NSI.dll
0x00007ff942450000 - 0x00007ff942469000 	C:\Windows\SYSTEM32\dhcpcsvc6.DLL
0x00007ff942430000 - 0x00007ff94244f000 	C:\Windows\SYSTEM32\dhcpcsvc.DLL
0x00007ff9477d0000 - 0x00007ff9478d2000 	C:\Windows\SYSTEM32\DNSAPI.dll
0x00007ff91ed20000 - 0x00007ff91ed28000 	C:\Windows\system32\wshunix.dll

dbghelp: loaded successfully - version: 4.0.5 - missing functions: none
symbol engine: initialized successfully - sym options: 0x614 - pdb path: .;C:\Program Files\Android\Android Studio\jbr\bin;C:\Windows\SYSTEM32;C:\Windows\WinSxS\amd64_microsoft.windows.common-controls_6595b64144ccf1df_6.0.22621.4830_none_270fe7d773858e80;C:\Program Files\Android\Android Studio\jbr\bin\server;C:\Program Files\Android\Android Studio\jbr\native\68d5fa5c4cc2d200863cafc0d521ce42e7d3e7ee720ec0a83991735586a16f82\windows-amd64;C:\Program Files\Android\Android Studio\jbr\native\e376f236ea51e6404a007f0833ffe2c6e607c4080706a723a18a27aeea778392\windows-amd64

VM Arguments:
jvm_args: --add-opens=java.base/java.util=ALL-UNNAMED --add-opens=java.base/java.lang=ALL-UNNAMED --add-opens=java.base/java.lang.invoke=ALL-UNNAMED --add-opens=java.prefs/java.util.prefs=ALL-UNNAMED --add-opens=java.base/java.nio.charset=ALL-UNNAMED --add-opens=java.base/java.net=ALL-UNNAMED --add-opens=java.base/java.util.concurrent.atomic=ALL-UNNAMED -Xmx2048m -Dfile.encoding=UTF-8 -Duser.country=US -Duser.language=en -Duser.variant -javaagent:C:\Program Files\Android\Android Studio\jbr\wrapper\dists\gradle-8.1-bin\2eyty4r6kz6fpakefpk52nbbm\gradle-8.1\lib\agents\gradle-instrumentation-agent-8.1.jar 
java_command: org.gradle.launcher.daemon.bootstrap.GradleDaemon 8.1
java_class_path (initial): C:\Program Files\Android\Android Studio\jbr\wrapper\dists\gradle-8.1-bin\2eyty4r6kz6fpakefpk52nbbm\gradle-8.1\lib\gradle-launcher-8.1.jar
Launcher Type: SUN_STANDARD

[Global flags]
     intx CICompilerCount                          = 2                                         {product} {ergonomic}
     uint ConcGCThreads                            = 1                                         {product} {ergonomic}
     uint G1ConcRefinementThreads                  = 2                                         {product} {ergonomic}
   size_t G1HeapRegionSize                         = 1048576                                   {product} {ergonomic}
    uintx GCDrainStackTargetSize                   = 64                                        {product} {ergonomic}
   size_t InitialHeapSize                          = 62914560                                  {product} {ergonomic}
   size_t MarkStackSize                            = 4194304                                   {product} {ergonomic}
   size_t MaxHeapSize                              = 2147483648                                {product} {command line}
   size_t MaxNewSize                               = 1287651328                                {product} {ergonomic}
   size_t MinHeapDeltaBytes                        = 1048576                                   {product} {ergonomic}
   size_t MinHeapSize                              = 8388608                                   {product} {ergonomic}
    uintx NonNMethodCodeHeapSize                   = 5826188                                {pd product} {ergonomic}
    uintx NonProfiledCodeHeapSize                  = 122916026                              {pd product} {ergonomic}
    uintx ProfiledCodeHeapSize                     = 122916026                              {pd product} {ergonomic}
    uintx ReservedCodeCacheSize                    = 251658240                              {pd product} {ergonomic}
     bool SegmentedCodeCache                       = true                                      {product} {ergonomic}
   size_t SoftMaxHeapSize                          = 2147483648                             {manageable} {ergonomic}
     bool UseCompressedClassPointers               = true                           {product lp64_product} {ergonomic}
     bool UseCompressedOops                        = true                           {product lp64_product} {ergonomic}
     bool UseG1GC                                  = true                                      {product} {ergonomic}
     bool UseLargePagesIndividualAllocation        = false                                  {pd product} {ergonomic}

Logging:
Log output configuration:
 #0: stdout all=warning uptime,level,tags
 #1: stderr all=off uptime,level,tags

Environment Variables:
JAVA_HOME=C:\Program Files\Java\jdk-23
PATH=C:\Program Files (x86)\Common Files\Oracle\Java\java8path;C:\Program Files (x86)\Common Files\Oracle\Java\javapath;C:\Python312\Scripts\;C:\Python312\;C:\Windows\system32;C:\Windows;C:\Windows\System32\Wbem;C:\Windows\System32\WindowsPowerShell\v1.0\;C:\Windows\System32\OpenSSH\;C:\Program Files\dotnet\;C:\Program Files\Microsoft VS Code\bin;C:\Program Files\Git\cmd;C:\ProgramData\chocolatey\bin;C:\Program Files\Android\Android Studio\jbr\bin;C:\Program Files\Java\jdk-23\bin;C:\cygwin64\bin;C:\Program Files\nodejs\;C:\Program Files\usbipd-win\;C:\xampp\php;C:\ProgramData\ComposerSetup\bin;C:\Users\Admin\AppData\Local\Microsoft\WindowsApps;C:\Users\Admin\AppData\Local\Programs\Microsoft VS Code\bin;C:\Users\Admin\AppData\Local\spicetify;C:\Users\Admin\AppData\Roaming\npm;C:\Program Files\PostgreSQL\17\bin;C:\Users\Admin\AppData\Roaming\Composer\vendor\bin;C:\adb;C:\xampp\mysql\bin;C:\Users\Admin\AppData\Roaming\Python\Python312\Scripts
USERNAME=Admin
OS=Windows_NT
PROCESSOR_IDENTIFIER=Intel64 Family 6 Model 122 Stepping 8, GenuineIntel
TMP=C:\Users\Admin\AppData\Local\Temp
TEMP=C:\Users\Admin\AppData\Local\Temp


JNI global refs:
JNI global refs: 24, weak refs: 0

JNI global refs memory usage: 843, weak refs: 841


---------------  S Y S T E M  ---------------

OS:
 Windows 11 , 64 bit Build 22621 (10.0.22621.4830)
OS uptime: 0 days 4:03 hours
Hyper-V role detected

CPU: total 2 (initial active 2) (2 cores per cpu, 1 threads per core) family 6 model 122 stepping 8 microcode 0x20, cx8, cmov, fxsr, mmx, 3dnowpref, sse, sse2, sse3, ssse3, sse4.1, sse4.2, popcnt, tsc, tscinvbit, aes, erms, clmul, sha, clflush, clflushopt, hv

Memory: 4k page, system-wide physical 3737M (63M free)
TotalPageFile size 9881M (AvailPageFile size 4M)
current process WorkingSet (physical memory assigned to process): 345M, peak: 345M
current process commit charge ("private bytes"): 521M, peak: 522M

vm_info: OpenJDK 64-Bit Server VM (17.0.6+0-b2043.56-10027231) for windows-amd64 JRE (17.0.6+0-b2043.56-10027231), built on Apr 28 2023 00:43:19 by "androidbuild" with MS VC++ 16.10 / 16.11 (VS2019)

END.
