#
# There is insufficient memory for the Java Runtime Environment to continue.
# Native memory allocation (mmap) failed to map 10387456 bytes for G1 virtual space
# Possible reasons:
#   The system is out of physical RAM or swap space
#   The process is running with CompressedOops enabled, and the Java Heap may be blocking the growth of the native heap
# Possible solutions:
#   Reduce memory load on the system
#   Increase physical memory or swap space
#   Check if swap backing store is full
#   Decrease Java heap size (-Xmx/-Xms)
#   Decrease number of Java threads
#   Decrease Java thread stack sizes (-Xss)
#   Set larger code cache with -XX:ReservedCodeCacheSize=
#   JVM is running with Unscaled Compressed Oops mode in which the Java heap is
#     placed in the first 4GB address space. The Java Heap base address is the
#     maximum limit for the native heap growth. Please use -XX:HeapBaseMinAddress
#     to set the Java Heap base and to place the Java Heap above 4GB virtual address.
# This output file may be truncated or incomplete.
#
#  Out of Memory Error (os_windows.cpp:3769), pid=3328, tid=11160
#
# JRE version: OpenJDK Runtime Environment (17.0.6) (build 17.0.6+0-b2043.56-10027231)
# Java VM: OpenJDK 64-Bit Server VM (17.0.6+0-b2043.56-10027231, mixed mode, tiered, compressed oops, compressed class ptrs, g1 gc, windows-amd64)
# No core dump will be written. Minidumps are not enabled by default on client versions of Windows
#

---------------  S U M M A R Y ------------

Command Line: --add-opens=java.base/java.util=ALL-UNNAMED --add-opens=java.base/java.lang=ALL-UNNAMED --add-opens=java.base/java.lang.invoke=ALL-UNNAMED --add-opens=java.prefs/java.util.prefs=ALL-UNNAMED --add-opens=java.base/java.nio.charset=ALL-UNNAMED --add-opens=java.base/java.net=ALL-UNNAMED --add-opens=java.base/java.util.concurrent.atomic=ALL-UNNAMED -Xmx2048m -Dfile.encoding=UTF-8 -Duser.country=US -Duser.language=en -Duser.variant -javaagent:C:\Program Files\Android\Android Studio\jbr\wrapper\dists\gradle-8.1.1-all\bs1rrjki8hh9bujwbsqnxtuzr\gradle-8.1.1\lib\agents\gradle-instrumentation-agent-8.1.1.jar org.gradle.launcher.daemon.bootstrap.GradleDaemon 8.1.1

Host: Intel(R) Celeron(R) N4020 CPU @ 1.10GHz, 2 cores, 3G,  Windows 11 , 64 bit Build 22621 (10.0.22621.5124)
Time: Sat Apr 26 22:37:34 2025 SE Asia Standard Time elapsed time: 9206.335479 seconds (0d 2h 33m 26s)

---------------  T H R E A D  ---------------

Current thread (0x000000001c09c7e0):  VMThread "VM Thread" [stack: 0x000000001c150000,0x000000001c250000] [id=11160]

Stack: [0x000000001c150000,0x000000001c250000]
Native frames: (J=compiled Java code, j=interpreted, Vv=VM code, C=native code)
V  [jvm.dll+0x683c9a]
V  [jvm.dll+0x8427a4]
V  [jvm.dll+0x843f9e]
V  [jvm.dll+0x844603]
V  [jvm.dll+0x249b75]
V  [jvm.dll+0x680b69]
V  [jvm.dll+0x67505a]
V  [jvm.dll+0x309acb]
V  [jvm.dll+0x310f86]
V  [jvm.dll+0x360903]
V  [jvm.dll+0x360b1f]
V  [jvm.dll+0x2dfbf8]
V  [jvm.dll+0x2ddec4]
V  [jvm.dll+0x2dd4cc]
V  [jvm.dll+0x322261]
V  [jvm.dll+0x848ccb]
V  [jvm.dll+0x849a04]
V  [jvm.dll+0x849f1d]
V  [jvm.dll+0x84a2f4]
V  [jvm.dll+0x84a3c0]
V  [jvm.dll+0x7f274a]
V  [jvm.dll+0x682ad5]
C  [ucrtbase.dll+0x29333]
C  [KERNEL32.DLL+0x1259d]
C  [ntdll.dll+0x5af38]

VM_Operation (0x00000000276cd340): G1TryInitiateConcMark, mode: safepoint, requested by thread 0x0000000022f98df0


---------------  P R O C E S S  ---------------

Threads class SMR info:
_java_thread_list=0x000000002c8771b0, length=60, elements={
0x0000000002a7cd80, 0x000000001c11a430, 0x000000001c11b0b0, 0x000000001c13e290,
0x000000001c13ee40, 0x000000001c141900, 0x000000001c0ff9c0, 0x000000001c100660,
0x000000001ce79f30, 0x000000001ce7cbf0, 0x000000001c082960, 0x000000001d05a280,
0x000000001f529000, 0x000000001fbdf930, 0x000000001f0f9ba0, 0x000000001ffcdae0,
0x000000001ffcdfb0, 0x000000001ffccc70, 0x0000000020902940, 0x0000000020902e10,
0x00000000209032e0, 0x0000000020903c80, 0x0000000020906ca0, 0x0000000020907640,
0x0000000020907fe0, 0x000000002346d2a0, 0x0000000023473c80, 0x0000000020905e30,
0x0000000022f940f0, 0x0000000022f95900, 0x0000000022f97ab0, 0x000000002c22d260,
0x000000002c229d70, 0x000000002c22a240, 0x000000002c22abe0, 0x000000002c22c3f0,
0x000000002c22bf20, 0x000000002c22b580, 0x000000002c22c8c0, 0x000000002c22cd90,
0x0000000022f945c0, 0x0000000022f9a130, 0x0000000022f94a90, 0x0000000022f9aad0,
0x0000000022f9b470, 0x0000000022f93c20, 0x0000000022f97f80, 0x0000000022f94f60,
0x0000000022f98450, 0x0000000022f962a0, 0x0000000022f96770, 0x0000000022f98df0,
0x0000000022f992c0, 0x0000000022f99790, 0x00000000207e2d70, 0x00000000207e40b0,
0x00000000207e1a30, 0x00000000207e75a0, 0x00000000207e4580, 0x00000000207e7f40
}

Java Threads: ( => current thread )
  0x0000000002a7cd80 JavaThread "main" [_thread_blocked, id=9404, stack(0x0000000000970000,0x0000000000a70000)]
  0x000000001c11a430 JavaThread "Reference Handler" daemon [_thread_blocked, id=11168, stack(0x000000001c250000,0x000000001c350000)]
  0x000000001c11b0b0 JavaThread "Finalizer" daemon [_thread_blocked, id=8692, stack(0x000000001cc00000,0x000000001cd00000)]
  0x000000001c13e290 JavaThread "Signal Dispatcher" daemon [_thread_blocked, id=4660, stack(0x000000001d210000,0x000000001d310000)]
  0x000000001c13ee40 JavaThread "Attach Listener" daemon [_thread_blocked, id=7104, stack(0x000000001d310000,0x000000001d410000)]
  0x000000001c141900 JavaThread "Service Thread" daemon [_thread_blocked, id=1440, stack(0x000000001d410000,0x000000001d510000)]
  0x000000001c0ff9c0 JavaThread "Monitor Deflation Thread" daemon [_thread_blocked, id=8680, stack(0x000000001d510000,0x000000001d610000)]
  0x000000001c100660 JavaThread "C2 CompilerThread0" daemon [_thread_blocked, id=4044, stack(0x000000001d610000,0x000000001d710000)]
  0x000000001ce79f30 JavaThread "C1 CompilerThread0" daemon [_thread_blocked, id=5864, stack(0x000000001d710000,0x000000001d810000)]
  0x000000001ce7cbf0 JavaThread "Sweeper thread" daemon [_thread_blocked, id=11180, stack(0x000000001d810000,0x000000001d910000)]
  0x000000001c082960 JavaThread "Common-Cleaner" daemon [_thread_blocked, id=5440, stack(0x000000001d910000,0x000000001da10000)]
  0x000000001d05a280 JavaThread "Notification Thread" daemon [_thread_blocked, id=8424, stack(0x000000001da10000,0x000000001db10000)]
  0x000000001f529000 JavaThread "Daemon health stats" [_thread_blocked, id=10096, stack(0x000000001e510000,0x000000001e610000)]
  0x000000001fbdf930 JavaThread "Incoming local TCP Connector on port 51309" [_thread_in_native, id=4600, stack(0x000000001e610000,0x000000001e710000)]
  0x000000001f0f9ba0 JavaThread "Daemon periodic checks" [_thread_blocked, id=3116, stack(0x0000000021430000,0x0000000021530000)]
  0x000000001ffcdae0 JavaThread "Cache worker for journal cache (C:\Program Files\Android\Android Studio\jbr\caches\journal-1)" [_thread_blocked, id=8844, stack(0x0000000023830000,0x0000000023930000)]
  0x000000001ffcdfb0 JavaThread "File lock request listener" [_thread_in_native, id=8376, stack(0x0000000023720000,0x0000000023820000)]
  0x000000001ffccc70 JavaThread "Cache worker for file hash cache (C:\Program Files\Android\Android Studio\jbr\caches\8.1.1\fileHashes)" [_thread_blocked, id=5720, stack(0x00000000235d0000,0x00000000236d0000)]
  0x0000000020902940 JavaThread "File watcher server" daemon [_thread_blocked, id=2240, stack(0x0000000023ae0000,0x0000000023be0000)]
  0x0000000020902e10 JavaThread "File watcher consumer" daemon [_thread_blocked, id=3396, stack(0x00000000245e0000,0x00000000246e0000)]
  0x00000000209032e0 JavaThread "Cache worker for file content cache (C:\Program Files\Android\Android Studio\jbr\caches\8.1.1\fileContent)" [_thread_blocked, id=3780, stack(0x00000000248e0000,0x00000000249e0000)]
  0x0000000020903c80 JavaThread "Cache worker for execution history cache (C:\Program Files\Android\Android Studio\jbr\caches\8.1.1\executionHistory)" [_thread_blocked, id=7856, stack(0x00000000249e0000,0x0000000024ae0000)]
  0x0000000020906ca0 JavaThread "jar transforms" [_thread_blocked, id=9860, stack(0x0000000024ae0000,0x0000000024be0000)]
  0x0000000020907640 JavaThread "jar transforms Thread 2" [_thread_blocked, id=5708, stack(0x0000000024ce0000,0x0000000024de0000)]
  0x0000000020907fe0 JavaThread "Cache worker for kotlin-dsl (C:\Program Files\Android\Android Studio\jbr\caches\8.1.1\kotlin-dsl)" [_thread_blocked, id=9540, stack(0x0000000024de0000,0x0000000024ee0000)]
  0x000000002346d2a0 JavaThread "Memory manager" [_thread_blocked, id=9080, stack(0x00000000272d0000,0x00000000273d0000)]
  0x0000000023473c80 JavaThread "RMI Scheduler(0)" daemon [_thread_blocked, id=6760, stack(0x000000002bc00000,0x000000002bd00000)]
  0x0000000020905e30 JavaThread "RMI TCP Accept-0" daemon [_thread_in_native, id=10564, stack(0x000000002bf00000,0x000000002c000000)]
  0x0000000022f940f0 JavaThread "RMI RenewClean-[127.0.0.1:17002,org.jetbrains.kotlin.daemon.common.LoopbackNetworkInterface$ClientLoopbackSocketFactory@6a2032e]" daemon [_thread_blocked, id=9792, stack(0x000000002b300000,0x000000002b400000)]
  0x0000000022f95900 JavaThread "RMI GC Daemon" daemon [_thread_blocked, id=10876, stack(0x000000002bd00000,0x000000002be00000)]
  0x0000000022f97ab0 JavaThread "RMI Reaper" [_thread_blocked, id=9336, stack(0x000000002d000000,0x000000002d100000)]
  0x000000002c22d260 JavaThread "Daemon Thread 8" [_thread_blocked, id=2652, stack(0x0000000000670000,0x0000000000770000)]
  0x000000002c229d70 JavaThread "Handler for socket connection from /127.0.0.1:51309 to /127.0.0.1:51753" [_thread_in_native, id=3924, stack(0x0000000000770000,0x0000000000870000)]
  0x000000002c22a240 JavaThread "Cancel handler" [_thread_blocked, id=3920, stack(0x0000000000870000,0x0000000000970000)]
  0x000000002c22abe0 JavaThread "Daemon worker Thread 8" [_thread_blocked, id=3156, stack(0x0000000021530000,0x0000000021630000)]
  0x000000002c22c3f0 JavaThread "Asynchronous log dispatcher for DefaultDaemonConnection: socket connection from /127.0.0.1:51309 to /127.0.0.1:51753" [_thread_blocked, id=4544, stack(0x0000000021630000,0x0000000021730000)]
  0x000000002c22bf20 JavaThread "Stdin handler" [_thread_blocked, id=876, stack(0x0000000022000000,0x0000000022100000)]
  0x000000002c22b580 JavaThread "Daemon client event forwarder" [_thread_blocked, id=10992, stack(0x0000000022100000,0x0000000022200000)]
  0x000000002c22c8c0 JavaThread "Cache worker for checksums cache (C:\Users\Admin\AndroidStudioProjects\kurirkilat\.gradle\8.1.1\checksums)" [_thread_blocked, id=8216, stack(0x0000000022300000,0x0000000022400000)]
  0x000000002c22cd90 JavaThread "Cache worker for cache directory md-rule (C:\Program Files\Android\Android Studio\jbr\caches\8.1.1\md-rule)" [_thread_blocked, id=10988, stack(0x0000000022400000,0x0000000022500000)]
  0x0000000022f945c0 JavaThread "Cache worker for file hash cache (C:\Users\Admin\AndroidStudioProjects\kurirkilat\.gradle\8.1.1\fileHashes)" [_thread_blocked, id=10904, stack(0x0000000022500000,0x0000000022600000)]
  0x0000000022f9a130 JavaThread "Cache worker for cache directory md-supplier (C:\Program Files\Android\Android Studio\jbr\caches\8.1.1\md-supplier)" [_thread_blocked, id=7032, stack(0x0000000023930000,0x0000000023a30000)]
  0x0000000022f94a90 JavaThread "Cache worker for dependencies-accessors (C:\Users\Admin\AndroidStudioProjects\kurirkilat\.gradle\8.1.1\dependencies-accessors)" [_thread_blocked, id=5000, stack(0x0000000024400000,0x0000000024500000)]
  0x0000000022f9aad0 JavaThread "Cache worker for Build Output Cleanup Cache (C:\Users\Admin\AndroidStudioProjects\kurirkilat\.gradle\buildOutputCleanup)" [_thread_blocked, id=8188, stack(0x00000000246e0000,0x00000000247e0000)]
  0x0000000022f9b470 JavaThread "Unconstrained build operations" [_thread_blocked, id=5192, stack(0x00000000247e0000,0x00000000248e0000)]
  0x0000000022f93c20 JavaThread "build event listener" [_thread_blocked, id=8556, stack(0x0000000024ee0000,0x0000000024fe0000)]
  0x0000000022f97f80 JavaThread "included builds" [_thread_blocked, id=6272, stack(0x0000000026000000,0x0000000026100000)]
  0x0000000022f94f60 JavaThread "Execution worker" [_thread_blocked, id=8452, stack(0x0000000026100000,0x0000000026200000)]
  0x0000000022f98450 JavaThread "Cache worker for execution history cache (C:\Users\Admin\AndroidStudioProjects\kurirkilat\.gradle\8.1.1\executionHistory)" [_thread_blocked, id=4936, stack(0x00000000271d0000,0x00000000272d0000)]
  0x0000000022f962a0 JavaThread "Unconstrained build operations Thread 2" [_thread_blocked, id=8440, stack(0x00000000273d0000,0x00000000274d0000)]
  0x0000000022f96770 JavaThread "Unconstrained build operations Thread 3" [_thread_blocked, id=9184, stack(0x00000000274d0000,0x00000000275d0000)]
  0x0000000022f98df0 JavaThread "WorkerExecutor Queue" [_thread_blocked, id=10688, stack(0x00000000275d0000,0x00000000276d0000)]
  0x0000000022f992c0 JavaThread "WorkerExecutor Queue Thread 2" [_thread_blocked, id=7148, stack(0x00000000276d0000,0x00000000277d0000)]
  0x0000000022f99790 JavaThread "Unconstrained build operations Thread 4" [_thread_blocked, id=4664, stack(0x000000002be00000,0x000000002bf00000)]
  0x00000000207e2d70 JavaThread "Unconstrained build operations Thread 5" [_thread_blocked, id=7024, stack(0x000000002d100000,0x000000002d200000)]
  0x00000000207e40b0 JavaThread "pool-23-thread-1" [_thread_blocked, id=8196, stack(0x000000002d200000,0x000000002d300000)]
  0x00000000207e1a30 JavaThread "stderr" [_thread_in_native, id=8608, stack(0x000000002d300000,0x000000002d400000)]
  0x00000000207e75a0 JavaThread "stdout" [_thread_in_native, id=1612, stack(0x0000000030400000,0x0000000030500000)]
  0x00000000207e4580 JavaThread "Unconstrained build operations Thread 6" [_thread_blocked, id=7304, stack(0x0000000030820000,0x0000000030920000)]
  0x00000000207e7f40 JavaThread "ForkJoinPool.commonPool-worker-7" daemon [_thread_blocked, id=2928, stack(0x0000000030500000,0x0000000030600000)]

Other Threads:
=>0x000000001c09c7e0 VMThread "VM Thread" [stack: 0x000000001c150000,0x000000001c250000] [id=11160]
  0x0000000002a7dbf0 WatcherThread [stack: 0x000000001db10000,0x000000001dc10000] [id=1956]
  0x0000000002ad7cb0 GCTaskThread "GC Thread#0" [stack: 0x00000000026a0000,0x00000000027a0000] [id=4808]
  0x000000001d138a90 GCTaskThread "GC Thread#1" [stack: 0x000000001e410000,0x000000001e510000] [id=7132]
  0x0000000002ae9390 ConcurrentGCThread "G1 Main Marker" [stack: 0x00000000027a0000,0x00000000028a0000] [id=10012]
  0x0000000002ae9da0 ConcurrentGCThread "G1 Conc#0" [stack: 0x00000000028a0000,0x00000000029a0000] [id=10572]
  0x0000000002b1c130 ConcurrentGCThread "G1 Refine#0" [stack: 0x000000001bd50000,0x000000001be50000] [id=9984]
  0x0000000020cfd3f0 ConcurrentGCThread "G1 Refine#1" [stack: 0x0000000024be0000,0x0000000024ce0000] [id=5584]
  0x0000000002b1cb50 ConcurrentGCThread "G1 Service" [stack: 0x000000001be50000,0x000000001bf50000] [id=1872]

Threads with active compile tasks:

VM state: at safepoint (normal execution)

VM Mutex/Monitor currently owned by a thread:  ([mutex/lock_event])
[0x0000000002a77740] Threads_lock - owner thread: 0x000000001c09c7e0
[0x0000000002a78790] Heap_lock - owner thread: 0x0000000022f98df0

Heap address: 0x0000000080000000, size: 2048 MB, Compressed Oops mode: 32-bit

CDS archive(s) not mapped
Compressed class space mapped at: 0x0000000100000000-0x0000000140000000, reserved size: 1073741824
Narrow klass base: 0x0000000000000000, Narrow klass shift: 3, Narrow klass range: 0x140000000

GC Precious Log:
 CPUs: 2 total, 2 available
 Memory: 3737M
 Large Page Support: Disabled
 NUMA Support: Disabled
 Compressed Oops: Enabled (32-bit)
 Heap Region Size: 1M
 Heap Min Capacity: 8M
 Heap Initial Capacity: 60M
 Heap Max Capacity: 2G
 Pre-touch: Disabled
 Parallel Workers: 2
 Concurrent Workers: 1
 Concurrent Refinement Workers: 2
 Periodic GC: Disabled

Heap:
 garbage-first heap   total 324608K, used 130279K [0x0000000080000000, 0x0000000100000000)
  region size 1024K, 6 young (6144K), 6 survivors (6144K)
 Metaspace       used 142033K, committed 143424K, reserved 1179648K
  class space    used 18799K, committed 19456K, reserved 1048576K

Heap Regions: E=young(eden), S=young(survivor), O=old, HS=humongous(starts), HC=humongous(continues), CS=collection set, F=free, OA=open archive, CA=closed archive, TAMS=top-at-mark-start (previous, next)
|   0|0x0000000080000000, 0x0000000080100000, 0x0000000080100000|100%| O|  |TAMS 0x0000000080100000, 0x0000000080100000| Untracked 
|   1|0x0000000080100000, 0x00000000801fdfc0, 0x0000000080200000| 99%| O|  |TAMS 0x00000000801fdfc0, 0x00000000801fdfc0| Untracked 
|   2|0x0000000080200000, 0x0000000080300000, 0x0000000080300000|100%|HS|  |TAMS 0x0000000080300000, 0x0000000080300000| Complete 
|   3|0x0000000080300000, 0x0000000080400000, 0x0000000080400000|100%|HC|  |TAMS 0x0000000080400000, 0x0000000080400000| Complete 
|   4|0x0000000080400000, 0x0000000080500000, 0x0000000080500000|100%|HC|  |TAMS 0x0000000080500000, 0x0000000080500000| Complete 
|   5|0x0000000080500000, 0x0000000080600000, 0x0000000080600000|100%|HC|  |TAMS 0x0000000080600000, 0x0000000080600000| Complete 
|   6|0x0000000080600000, 0x0000000080700000, 0x0000000080700000|100%| O|  |TAMS 0x0000000080700000, 0x0000000080700000| Untracked 
|   7|0x0000000080700000, 0x00000000807fffe8, 0x0000000080800000| 99%| O|  |TAMS 0x00000000807fffe8, 0x00000000807fffe8| Untracked 
|   8|0x0000000080800000, 0x0000000080900000, 0x0000000080900000|100%| O|  |TAMS 0x0000000080900000, 0x0000000080900000| Untracked 
|   9|0x0000000080900000, 0x00000000809ffff8, 0x0000000080a00000| 99%| O|  |TAMS 0x00000000809ffff8, 0x00000000809ffff8| Untracked 
|  10|0x0000000080a00000, 0x0000000080b00000, 0x0000000080b00000|100%| O|  |TAMS 0x0000000080b00000, 0x0000000080b00000| Untracked 
|  11|0x0000000080b00000, 0x0000000080bffff0, 0x0000000080c00000| 99%| O|  |TAMS 0x0000000080bffff0, 0x0000000080bffff0| Untracked 
|  12|0x0000000080c00000, 0x0000000080cffff8, 0x0000000080d00000| 99%| O|  |TAMS 0x0000000080cffff8, 0x0000000080cffff8| Untracked 
|  13|0x0000000080d00000, 0x0000000080dfc458, 0x0000000080e00000| 98%| O|  |TAMS 0x0000000080dfc458, 0x0000000080dfc458| Untracked 
|  14|0x0000000080e00000, 0x0000000080effff8, 0x0000000080f00000| 99%| O|  |TAMS 0x0000000080effff8, 0x0000000080effff8| Untracked 
|  15|0x0000000080f00000, 0x0000000081000000, 0x0000000081000000|100%| O|  |TAMS 0x0000000081000000, 0x0000000081000000| Untracked 
|  16|0x0000000081000000, 0x00000000810ff588, 0x0000000081100000| 99%| O|  |TAMS 0x00000000810ff588, 0x00000000810ff588| Untracked 
|  17|0x0000000081100000, 0x00000000811ffff0, 0x0000000081200000| 99%| O|  |TAMS 0x00000000811ffff0, 0x00000000811ffff0| Untracked 
|  18|0x0000000081200000, 0x00000000812fffe8, 0x0000000081300000| 99%| O|  |TAMS 0x00000000812fffe8, 0x00000000812fffe8| Untracked 
|  19|0x0000000081300000, 0x00000000813fc440, 0x0000000081400000| 98%| O|  |TAMS 0x00000000813fc440, 0x00000000813fc440| Untracked 
|  20|0x0000000081400000, 0x00000000814ffff0, 0x0000000081500000| 99%| O|  |TAMS 0x00000000814ffff0, 0x00000000814ffff0| Untracked 
|  21|0x0000000081500000, 0x00000000815ffff0, 0x0000000081600000| 99%| O|  |TAMS 0x00000000815ffff0, 0x00000000815ffff0| Untracked 
|  22|0x0000000081600000, 0x00000000816ffff0, 0x0000000081700000| 99%| O|  |TAMS 0x00000000816ffff0, 0x00000000816ffff0| Untracked 
|  23|0x0000000081700000, 0x0000000081800000, 0x0000000081800000|100%| O|  |TAMS 0x0000000081800000, 0x0000000081800000| Untracked 
|  24|0x0000000081800000, 0x00000000818ffff0, 0x0000000081900000| 99%| O|  |TAMS 0x00000000818ffff0, 0x00000000818ffff0| Untracked 
|  25|0x0000000081900000, 0x0000000081a00000, 0x0000000081a00000|100%| O|  |TAMS 0x0000000081a00000, 0x0000000081a00000| Untracked 
|  26|0x0000000081a00000, 0x0000000081affff8, 0x0000000081b00000| 99%| O|  |TAMS 0x0000000081affff8, 0x0000000081affff8| Untracked 
|  27|0x0000000081b00000, 0x0000000081c00000, 0x0000000081c00000|100%| O|  |TAMS 0x0000000081c00000, 0x0000000081c00000| Untracked 
|  28|0x0000000081c00000, 0x0000000081d00000, 0x0000000081d00000|100%|HS|  |TAMS 0x0000000081d00000, 0x0000000081d00000| Complete 
|  29|0x0000000081d00000, 0x0000000081de8e28, 0x0000000081e00000| 90%| O|  |TAMS 0x0000000081de8e28, 0x0000000081de8e28| Untracked 
|  30|0x0000000081e00000, 0x0000000081effff8, 0x0000000081f00000| 99%| O|  |TAMS 0x0000000081effff8, 0x0000000081effff8| Untracked 
|  31|0x0000000081f00000, 0x0000000081ffbcf0, 0x0000000082000000| 98%| O|  |TAMS 0x0000000081ffbcf0, 0x0000000081ffbcf0| Untracked 
|  32|0x0000000082000000, 0x0000000082100000, 0x0000000082100000|100%|HS|  |TAMS 0x0000000082100000, 0x0000000082100000| Complete 
|  33|0x0000000082100000, 0x0000000082200000, 0x0000000082200000|100%|HS|  |TAMS 0x0000000082200000, 0x0000000082200000| Complete 
|  34|0x0000000082200000, 0x0000000082300000, 0x0000000082300000|100%|HS|  |TAMS 0x0000000082300000, 0x0000000082300000| Complete 
|  35|0x0000000082300000, 0x0000000082400000, 0x0000000082400000|100%|HC|  |TAMS 0x0000000082400000, 0x0000000082400000| Complete 
|  36|0x0000000082400000, 0x0000000082500000, 0x0000000082500000|100%| O|  |TAMS 0x0000000082500000, 0x0000000082500000| Untracked 
|  37|0x0000000082500000, 0x00000000825fffe8, 0x0000000082600000| 99%| O|  |TAMS 0x00000000825fffe8, 0x00000000825fffe8| Untracked 
|  38|0x0000000082600000, 0x00000000826fffd0, 0x0000000082700000| 99%| O|  |TAMS 0x00000000826fffd0, 0x00000000826fffd0| Untracked 
|  39|0x0000000082700000, 0x0000000082800000, 0x0000000082800000|100%|HS|  |TAMS 0x0000000082800000, 0x0000000082800000| Complete 
|  40|0x0000000082800000, 0x0000000082900000, 0x0000000082900000|100%|HC|  |TAMS 0x0000000082900000, 0x0000000082900000| Complete 
|  41|0x0000000082900000, 0x00000000829fffa0, 0x0000000082a00000| 99%| O|  |TAMS 0x00000000829fffa0, 0x00000000829fffa0| Untracked 
|  42|0x0000000082a00000, 0x0000000082afffe0, 0x0000000082b00000| 99%| O|  |TAMS 0x0000000082afffe0, 0x0000000082afffe0| Untracked 
|  43|0x0000000082b00000, 0x0000000082c00000, 0x0000000082c00000|100%|HS|  |TAMS 0x0000000082c00000, 0x0000000082c00000| Complete 
|  44|0x0000000082c00000, 0x0000000082d00000, 0x0000000082d00000|100%|HC|  |TAMS 0x0000000082d00000, 0x0000000082d00000| Complete 
|  45|0x0000000082d00000, 0x0000000082e00000, 0x0000000082e00000|100%|HC|  |TAMS 0x0000000082e00000, 0x0000000082e00000| Complete 
|  46|0x0000000082e00000, 0x0000000082f00000, 0x0000000082f00000|100%|HC|  |TAMS 0x0000000082f00000, 0x0000000082f00000| Complete 
|  47|0x0000000082f00000, 0x0000000083000000, 0x0000000083000000|100%| O|  |TAMS 0x0000000083000000, 0x0000000083000000| Untracked 
|  48|0x0000000083000000, 0x00000000830fffe8, 0x0000000083100000| 99%| O|  |TAMS 0x00000000830fffe8, 0x00000000830fffe8| Untracked 
|  49|0x0000000083100000, 0x0000000083200000, 0x0000000083200000|100%| O|  |TAMS 0x0000000083200000, 0x0000000083200000| Untracked 
|  50|0x0000000083200000, 0x0000000083300000, 0x0000000083300000|100%| O|  |TAMS 0x0000000083300000, 0x0000000083300000| Untracked 
|  51|0x0000000083300000, 0x00000000833ffff0, 0x0000000083400000| 99%| O|  |TAMS 0x00000000833ffff0, 0x00000000833ffff0| Untracked 
|  52|0x0000000083400000, 0x0000000083500000, 0x0000000083500000|100%|HS|  |TAMS 0x0000000083500000, 0x0000000083500000| Complete 
|  53|0x0000000083500000, 0x0000000083600000, 0x0000000083600000|100%| O|  |TAMS 0x0000000083600000, 0x0000000083600000| Untracked 
|  54|0x0000000083600000, 0x0000000083700000, 0x0000000083700000|100%| O|  |TAMS 0x0000000083700000, 0x0000000083700000| Untracked 
|  55|0x0000000083700000, 0x00000000837ffff8, 0x0000000083800000| 99%| O|  |TAMS 0x00000000837ffff8, 0x00000000837ffff8| Untracked 
|  56|0x0000000083800000, 0x0000000083900000, 0x0000000083900000|100%| O|  |TAMS 0x0000000083900000, 0x0000000083900000| Untracked 
|  57|0x0000000083900000, 0x00000000839ff6c8, 0x0000000083a00000| 99%| O|  |TAMS 0x00000000839ff6c8, 0x00000000839ff6c8| Untracked 
|  58|0x0000000083a00000, 0x0000000083b00000, 0x0000000083b00000|100%|HS|  |TAMS 0x0000000083b00000, 0x0000000083b00000| Complete 
|  59|0x0000000083b00000, 0x0000000083c00000, 0x0000000083c00000|100%|HC|  |TAMS 0x0000000083c00000, 0x0000000083c00000| Complete 
|  60|0x0000000083c00000, 0x0000000083d00000, 0x0000000083d00000|100%|HC|  |TAMS 0x0000000083d00000, 0x0000000083d00000| Complete 
|  61|0x0000000083d00000, 0x0000000083e00000, 0x0000000083e00000|100%|HC|  |TAMS 0x0000000083e00000, 0x0000000083e00000| Complete 
|  62|0x0000000083e00000, 0x0000000083f00000, 0x0000000083f00000|100%| O|  |TAMS 0x0000000083f00000, 0x0000000083f00000| Untracked 
|  63|0x0000000083f00000, 0x0000000083fffff0, 0x0000000084000000| 99%| O|  |TAMS 0x0000000083fffff0, 0x0000000083fffff0| Untracked 
|  64|0x0000000084000000, 0x00000000840ffff8, 0x0000000084100000| 99%| O|  |TAMS 0x00000000840ffff8, 0x00000000840ffff8| Untracked 
|  65|0x0000000084100000, 0x00000000841ffff8, 0x0000000084200000| 99%| O|  |TAMS 0x00000000841ffff8, 0x00000000841ffff8| Untracked 
|  66|0x0000000084200000, 0x00000000842fad60, 0x0000000084300000| 97%| O|  |TAMS 0x00000000842fad60, 0x00000000842fad60| Untracked 
|  67|0x0000000084300000, 0x00000000843fffb8, 0x0000000084400000| 99%| O|  |TAMS 0x00000000843fffb8, 0x00000000843fffb8| Untracked 
|  68|0x0000000084400000, 0x00000000844fffa8, 0x0000000084500000| 99%| O|  |TAMS 0x00000000844fffa8, 0x00000000844fffa8| Untracked 
|  69|0x0000000084500000, 0x00000000845ffff0, 0x0000000084600000| 99%| O|  |TAMS 0x00000000845ffff0, 0x00000000845ffff0| Untracked 
|  70|0x0000000084600000, 0x00000000846fffe8, 0x0000000084700000| 99%| O|  |TAMS 0x00000000846fffe8, 0x00000000846fffe8| Untracked 
|  71|0x0000000084700000, 0x00000000847ffff8, 0x0000000084800000| 99%| O|  |TAMS 0x00000000847ffff8, 0x00000000847ffff8| Untracked 
|  72|0x0000000084800000, 0x0000000084900000, 0x0000000084900000|100%| O|  |TAMS 0x0000000084900000, 0x0000000084900000| Untracked 
|  73|0x0000000084900000, 0x00000000849fffc8, 0x0000000084a00000| 99%| O|  |TAMS 0x00000000849fffc8, 0x00000000849fffc8| Untracked 
|  74|0x0000000084a00000, 0x0000000084afffb0, 0x0000000084b00000| 99%| O|  |TAMS 0x0000000084afffb0, 0x0000000084afffb0| Untracked 
|  75|0x0000000084b00000, 0x0000000084bfffe8, 0x0000000084c00000| 99%| O|  |TAMS 0x0000000084bfffe8, 0x0000000084bfffe8| Untracked 
|  76|0x0000000084c00000, 0x0000000084d00000, 0x0000000084d00000|100%| O|  |TAMS 0x0000000084d00000, 0x0000000084d00000| Untracked 
|  77|0x0000000084d00000, 0x0000000084dffff0, 0x0000000084e00000| 99%| O|  |TAMS 0x0000000084dffff0, 0x0000000084dffff0| Untracked 
|  78|0x0000000084e00000, 0x0000000084effff0, 0x0000000084f00000| 99%| O|  |TAMS 0x0000000084effff0, 0x0000000084effff0| Untracked 
|  79|0x0000000084f00000, 0x0000000084fffff0, 0x0000000085000000| 99%| O|  |TAMS 0x0000000084fffff0, 0x0000000084fffff0| Untracked 
|  80|0x0000000085000000, 0x00000000850fffc0, 0x0000000085100000| 99%| O|  |TAMS 0x00000000850fffc0, 0x00000000850fffc0| Untracked 
|  81|0x0000000085100000, 0x00000000851fffd0, 0x0000000085200000| 99%| O|  |TAMS 0x00000000851fffd0, 0x00000000851fffd0| Untracked 
|  82|0x0000000085200000, 0x00000000852fffd8, 0x0000000085300000| 99%| O|  |TAMS 0x00000000852fffd8, 0x00000000852fffd8| Untracked 
|  83|0x0000000085300000, 0x00000000853ffff0, 0x0000000085400000| 99%| O|  |TAMS 0x00000000853ffff0, 0x00000000853ffff0| Untracked 
|  84|0x0000000085400000, 0x00000000854ffff0, 0x0000000085500000| 99%| O|  |TAMS 0x00000000854ffff0, 0x00000000854ffff0| Untracked 
|  85|0x0000000085500000, 0x00000000855ffff0, 0x0000000085600000| 99%| O|  |TAMS 0x00000000855ffff0, 0x00000000855ffff0| Untracked 
|  86|0x0000000085600000, 0x00000000856fff68, 0x0000000085700000| 99%| O|  |TAMS 0x00000000856fff68, 0x00000000856fff68| Untracked 
|  87|0x0000000085700000, 0x00000000857fffd0, 0x0000000085800000| 99%| O|  |TAMS 0x00000000857fffd0, 0x00000000857fffd0| Untracked 
|  88|0x0000000085800000, 0x0000000085900000, 0x0000000085900000|100%| O|  |TAMS 0x0000000085900000, 0x0000000085900000| Untracked 
|  89|0x0000000085900000, 0x00000000859fffc0, 0x0000000085a00000| 99%| O|  |TAMS 0x00000000859fffc0, 0x00000000859fffc0| Untracked 
|  90|0x0000000085a00000, 0x0000000085afffd8, 0x0000000085b00000| 99%| O|  |TAMS 0x0000000085afffd8, 0x0000000085afffd8| Untracked 
|  91|0x0000000085b00000, 0x0000000085bfffd8, 0x0000000085c00000| 99%| O|  |TAMS 0x0000000085bfffd8, 0x0000000085bfffd8| Untracked 
|  92|0x0000000085c00000, 0x0000000085cffff8, 0x0000000085d00000| 99%| O|  |TAMS 0x0000000085cffff8, 0x0000000085cffff8| Untracked 
|  93|0x0000000085d00000, 0x0000000085dffff0, 0x0000000085e00000| 99%| O|  |TAMS 0x0000000085dffff0, 0x0000000085dffff0| Untracked 
|  94|0x0000000085e00000, 0x0000000085effff0, 0x0000000085f00000| 99%| O|  |TAMS 0x0000000085effff0, 0x0000000085effff0| Untracked 
|  95|0x0000000085f00000, 0x0000000085fffff0, 0x0000000086000000| 99%| O|  |TAMS 0x0000000085fffff0, 0x0000000085fffff0| Untracked 
|  96|0x0000000086000000, 0x0000000086100000, 0x0000000086100000|100%| O|  |TAMS 0x0000000086100000, 0x0000000086100000| Untracked 
|  97|0x0000000086100000, 0x00000000861ebab8, 0x0000000086200000| 92%| O|  |TAMS 0x00000000861ebab8, 0x00000000861ebab8| Untracked 
|  98|0x0000000086200000, 0x00000000862ffff8, 0x0000000086300000| 99%| O|  |TAMS 0x00000000862ffff8, 0x00000000862ffff8| Untracked 
|  99|0x0000000086300000, 0x0000000086300000, 0x0000000086400000|  0%| F|  |TAMS 0x0000000086300000, 0x0000000086300000| Untracked 
| 100|0x0000000086400000, 0x0000000086500000, 0x0000000086500000|100%| O|  |TAMS 0x0000000086400000, 0x0000000086500000| Untracked 
| 101|0x0000000086500000, 0x0000000086600000, 0x0000000086600000|100%| O|  |TAMS 0x0000000086500000, 0x0000000086600000| Untracked 
| 102|0x0000000086600000, 0x0000000086700000, 0x0000000086700000|100%| O|  |TAMS 0x0000000086600000, 0x0000000086700000| Untracked 
| 103|0x0000000086700000, 0x0000000086800000, 0x0000000086800000|100%| O|  |TAMS 0x0000000086700000, 0x0000000086800000| Untracked 
| 104|0x0000000086800000, 0x0000000086900000, 0x0000000086900000|100%| O|  |TAMS 0x0000000086800000, 0x0000000086900000| Untracked 
| 105|0x0000000086900000, 0x0000000086a00000, 0x0000000086a00000|100%| O|  |TAMS 0x0000000086900000, 0x0000000086a00000| Untracked 
| 106|0x0000000086a00000, 0x0000000086b00000, 0x0000000086b00000|100%| O|  |TAMS 0x0000000086b00000, 0x0000000086b00000| Untracked 
| 107|0x0000000086b00000, 0x0000000086c00000, 0x0000000086c00000|100%| O|  |TAMS 0x0000000086c00000, 0x0000000086c00000| Untracked 
| 108|0x0000000086c00000, 0x0000000086d00000, 0x0000000086d00000|100%| O|  |TAMS 0x0000000086d00000, 0x0000000086d00000| Untracked 
| 109|0x0000000086d00000, 0x0000000086e00000, 0x0000000086e00000|100%| O|  |TAMS 0x0000000086e00000, 0x0000000086e00000| Untracked 
| 110|0x0000000086e00000, 0x0000000086f00000, 0x0000000086f00000|100%| O|  |TAMS 0x0000000086f00000, 0x0000000086f00000| Untracked 
| 111|0x0000000086f00000, 0x0000000087000000, 0x0000000087000000|100%| O|  |TAMS 0x0000000087000000, 0x0000000087000000| Untracked 
| 112|0x0000000087000000, 0x0000000087100000, 0x0000000087100000|100%| O|  |TAMS 0x0000000087100000, 0x0000000087100000| Untracked 
| 113|0x0000000087100000, 0x0000000087200000, 0x0000000087200000|100%| O|  |TAMS 0x0000000087100000, 0x0000000087200000| Untracked 
| 114|0x0000000087200000, 0x0000000087300000, 0x0000000087300000|100%| O|  |TAMS 0x0000000087200000, 0x0000000087300000| Untracked 
| 115|0x0000000087300000, 0x0000000087400000, 0x0000000087400000|100%| O|  |TAMS 0x0000000087300000, 0x0000000087400000| Untracked 
| 116|0x0000000087400000, 0x0000000087500000, 0x0000000087500000|100%| O|  |TAMS 0x0000000087400000, 0x0000000087500000| Untracked 
| 117|0x0000000087500000, 0x0000000087579c00, 0x0000000087600000| 47%| O|  |TAMS 0x0000000087500000, 0x0000000087579c00| Untracked 
| 118|0x0000000087600000, 0x0000000087600000, 0x0000000087700000|  0%| F|  |TAMS 0x0000000087600000, 0x0000000087600000| Untracked 
| 119|0x0000000087700000, 0x0000000087700000, 0x0000000087800000|  0%| F|  |TAMS 0x0000000087700000, 0x0000000087700000| Untracked 
| 120|0x0000000087800000, 0x0000000087800000, 0x0000000087900000|  0%| F|  |TAMS 0x0000000087800000, 0x0000000087800000| Untracked 
| 121|0x0000000087900000, 0x0000000087900000, 0x0000000087a00000|  0%| F|  |TAMS 0x0000000087900000, 0x0000000087900000| Untracked 
| 122|0x0000000087a00000, 0x0000000087a00000, 0x0000000087b00000|  0%| F|  |TAMS 0x0000000087a00000, 0x0000000087a00000| Untracked 
| 123|0x0000000087b00000, 0x0000000087b00000, 0x0000000087c00000|  0%| F|  |TAMS 0x0000000087b00000, 0x0000000087b00000| Untracked 
| 124|0x0000000087c00000, 0x0000000087c00000, 0x0000000087d00000|  0%| F|  |TAMS 0x0000000087c00000, 0x0000000087c00000| Untracked 
| 125|0x0000000087d00000, 0x0000000087d00000, 0x0000000087e00000|  0%| F|  |TAMS 0x0000000087d00000, 0x0000000087d00000| Untracked 
| 126|0x0000000087e00000, 0x0000000087e00000, 0x0000000087f00000|  0%| F|  |TAMS 0x0000000087e00000, 0x0000000087e00000| Untracked 
| 127|0x0000000087f00000, 0x0000000087f00000, 0x0000000088000000|  0%| F|  |TAMS 0x0000000087f00000, 0x0000000087f00000| Untracked 
| 128|0x0000000088000000, 0x0000000088000000, 0x0000000088100000|  0%| F|  |TAMS 0x0000000088000000, 0x0000000088000000| Untracked 
| 129|0x0000000088100000, 0x0000000088100000, 0x0000000088200000|  0%| F|  |TAMS 0x0000000088100000, 0x0000000088100000| Untracked 
| 130|0x0000000088200000, 0x0000000088200000, 0x0000000088300000|  0%| F|  |TAMS 0x0000000088200000, 0x0000000088200000| Untracked 
| 131|0x0000000088300000, 0x0000000088300000, 0x0000000088400000|  0%| F|  |TAMS 0x0000000088300000, 0x0000000088300000| Untracked 
| 132|0x0000000088400000, 0x0000000088400000, 0x0000000088500000|  0%| F|  |TAMS 0x0000000088400000, 0x0000000088400000| Untracked 
| 133|0x0000000088500000, 0x0000000088500000, 0x0000000088600000|  0%| F|  |TAMS 0x0000000088500000, 0x0000000088500000| Untracked 
| 134|0x0000000088600000, 0x0000000088600000, 0x0000000088700000|  0%| F|  |TAMS 0x0000000088600000, 0x0000000088600000| Untracked 
| 135|0x0000000088700000, 0x0000000088700000, 0x0000000088800000|  0%| F|  |TAMS 0x0000000088700000, 0x0000000088700000| Untracked 
| 136|0x0000000088800000, 0x0000000088800000, 0x0000000088900000|  0%| F|  |TAMS 0x0000000088800000, 0x0000000088800000| Untracked 
| 137|0x0000000088900000, 0x0000000088900000, 0x0000000088a00000|  0%| F|  |TAMS 0x0000000088900000, 0x0000000088900000| Untracked 
| 138|0x0000000088a00000, 0x0000000088a00000, 0x0000000088b00000|  0%| F|  |TAMS 0x0000000088a00000, 0x0000000088a00000| Untracked 
| 139|0x0000000088b00000, 0x0000000088b00000, 0x0000000088c00000|  0%| F|  |TAMS 0x0000000088b00000, 0x0000000088b00000| Untracked 
| 140|0x0000000088c00000, 0x0000000088c00000, 0x0000000088d00000|  0%| F|  |TAMS 0x0000000088c00000, 0x0000000088c00000| Untracked 
| 141|0x0000000088d00000, 0x0000000088d00000, 0x0000000088e00000|  0%| F|  |TAMS 0x0000000088d00000, 0x0000000088d00000| Untracked 
| 142|0x0000000088e00000, 0x0000000088e00000, 0x0000000088f00000|  0%| F|  |TAMS 0x0000000088e00000, 0x0000000088e00000| Untracked 
| 143|0x0000000088f00000, 0x0000000088f00000, 0x0000000089000000|  0%| F|  |TAMS 0x0000000088f00000, 0x0000000088f00000| Untracked 
| 144|0x0000000089000000, 0x0000000089000000, 0x0000000089100000|  0%| F|  |TAMS 0x0000000089000000, 0x0000000089000000| Untracked 
| 145|0x0000000089100000, 0x0000000089100000, 0x0000000089200000|  0%| F|  |TAMS 0x0000000089100000, 0x0000000089100000| Untracked 
| 146|0x0000000089200000, 0x0000000089200000, 0x0000000089300000|  0%| F|  |TAMS 0x0000000089200000, 0x0000000089200000| Untracked 
| 147|0x0000000089300000, 0x0000000089300000, 0x0000000089400000|  0%| F|  |TAMS 0x0000000089300000, 0x0000000089300000| Untracked 
| 148|0x0000000089400000, 0x0000000089400000, 0x0000000089500000|  0%| F|  |TAMS 0x0000000089400000, 0x0000000089400000| Untracked 
| 149|0x0000000089500000, 0x0000000089500000, 0x0000000089600000|  0%| F|  |TAMS 0x0000000089500000, 0x0000000089500000| Untracked 
| 150|0x0000000089600000, 0x0000000089600000, 0x0000000089700000|  0%| F|  |TAMS 0x0000000089600000, 0x0000000089600000| Untracked 
| 151|0x0000000089700000, 0x0000000089700000, 0x0000000089800000|  0%| F|  |TAMS 0x0000000089700000, 0x0000000089700000| Untracked 
| 152|0x0000000089800000, 0x0000000089800000, 0x0000000089900000|  0%| F|  |TAMS 0x0000000089800000, 0x0000000089800000| Untracked 
| 153|0x0000000089900000, 0x0000000089900000, 0x0000000089a00000|  0%| F|  |TAMS 0x0000000089900000, 0x0000000089900000| Untracked 
| 154|0x0000000089a00000, 0x0000000089a00000, 0x0000000089b00000|  0%| F|  |TAMS 0x0000000089a00000, 0x0000000089a00000| Untracked 
| 155|0x0000000089b00000, 0x0000000089b00000, 0x0000000089c00000|  0%| F|  |TAMS 0x0000000089b00000, 0x0000000089b00000| Untracked 
| 156|0x0000000089c00000, 0x0000000089c00000, 0x0000000089d00000|  0%| F|  |TAMS 0x0000000089c00000, 0x0000000089c00000| Untracked 
| 157|0x0000000089d00000, 0x0000000089d00000, 0x0000000089e00000|  0%| F|  |TAMS 0x0000000089d00000, 0x0000000089d00000| Untracked 
| 158|0x0000000089e00000, 0x0000000089e00000, 0x0000000089f00000|  0%| F|  |TAMS 0x0000000089e00000, 0x0000000089e00000| Untracked 
| 159|0x0000000089f00000, 0x000000008a000000, 0x000000008a000000|100%| O|  |TAMS 0x000000008a000000, 0x000000008a000000| Untracked 
| 160|0x000000008a000000, 0x000000008a100000, 0x000000008a100000|100%| O|  |TAMS 0x000000008a100000, 0x000000008a100000| Untracked 
| 161|0x000000008a100000, 0x000000008a100000, 0x000000008a200000|  0%| F|  |TAMS 0x000000008a100000, 0x000000008a100000| Untracked 
| 162|0x000000008a200000, 0x000000008a300000, 0x000000008a300000|100%| O|  |TAMS 0x000000008a300000, 0x000000008a300000| Untracked 
| 163|0x000000008a300000, 0x000000008a400000, 0x000000008a400000|100%| O|  |TAMS 0x000000008a400000, 0x000000008a400000| Untracked 
| 164|0x000000008a400000, 0x000000008a400000, 0x000000008a500000|  0%| F|  |TAMS 0x000000008a400000, 0x000000008a400000| Untracked 
| 165|0x000000008a500000, 0x000000008a500000, 0x000000008a600000|  0%| F|  |TAMS 0x000000008a500000, 0x000000008a500000| Untracked 
| 166|0x000000008a600000, 0x000000008a700000, 0x000000008a700000|100%| O|  |TAMS 0x000000008a700000, 0x000000008a700000| Untracked 
| 167|0x000000008a700000, 0x000000008a700000, 0x000000008a800000|  0%| F|  |TAMS 0x000000008a700000, 0x000000008a700000| Untracked 
| 168|0x000000008a800000, 0x000000008a800000, 0x000000008a900000|  0%| F|  |TAMS 0x000000008a800000, 0x000000008a800000| Untracked 
| 169|0x000000008a900000, 0x000000008a900000, 0x000000008aa00000|  0%| F|  |TAMS 0x000000008a900000, 0x000000008a900000| Untracked 
| 170|0x000000008aa00000, 0x000000008aa00000, 0x000000008ab00000|  0%| F|  |TAMS 0x000000008aa00000, 0x000000008aa00000| Untracked 
| 171|0x000000008ab00000, 0x000000008ab00000, 0x000000008ac00000|  0%| F|  |TAMS 0x000000008ab00000, 0x000000008ab00000| Untracked 
| 172|0x000000008ac00000, 0x000000008ac00000, 0x000000008ad00000|  0%| F|  |TAMS 0x000000008ac00000, 0x000000008ac00000| Untracked 
| 173|0x000000008ad00000, 0x000000008ad00000, 0x000000008ae00000|  0%| F|  |TAMS 0x000000008ad00000, 0x000000008ad00000| Untracked 
| 174|0x000000008ae00000, 0x000000008ae00000, 0x000000008af00000|  0%| F|  |TAMS 0x000000008ae00000, 0x000000008ae00000| Untracked 
| 175|0x000000008af00000, 0x000000008af00000, 0x000000008b000000|  0%| F|  |TAMS 0x000000008af00000, 0x000000008af00000| Untracked 
| 176|0x000000008b000000, 0x000000008b000000, 0x000000008b100000|  0%| F|  |TAMS 0x000000008b000000, 0x000000008b000000| Untracked 
| 177|0x000000008b100000, 0x000000008b100000, 0x000000008b200000|  0%| F|  |TAMS 0x000000008b100000, 0x000000008b100000| Untracked 
| 178|0x000000008b200000, 0x000000008b200000, 0x000000008b300000|  0%| F|  |TAMS 0x000000008b200000, 0x000000008b200000| Untracked 
| 179|0x000000008b300000, 0x000000008b300000, 0x000000008b400000|  0%| F|  |TAMS 0x000000008b300000, 0x000000008b300000| Untracked 
| 180|0x000000008b400000, 0x000000008b400000, 0x000000008b500000|  0%| F|  |TAMS 0x000000008b400000, 0x000000008b400000| Untracked 
| 181|0x000000008b500000, 0x000000008b500000, 0x000000008b600000|  0%| F|  |TAMS 0x000000008b500000, 0x000000008b500000| Untracked 
| 182|0x000000008b600000, 0x000000008b600000, 0x000000008b700000|  0%| F|  |TAMS 0x000000008b600000, 0x000000008b600000| Untracked 
| 183|0x000000008b700000, 0x000000008b700000, 0x000000008b800000|  0%| F|  |TAMS 0x000000008b700000, 0x000000008b700000| Untracked 
| 184|0x000000008b800000, 0x000000008b800000, 0x000000008b900000|  0%| F|  |TAMS 0x000000008b800000, 0x000000008b800000| Untracked 
| 185|0x000000008b900000, 0x000000008b900000, 0x000000008ba00000|  0%| F|  |TAMS 0x000000008b900000, 0x000000008b900000| Untracked 
| 186|0x000000008ba00000, 0x000000008ba00000, 0x000000008bb00000|  0%| F|  |TAMS 0x000000008ba00000, 0x000000008ba00000| Untracked 
| 187|0x000000008bb00000, 0x000000008bb00000, 0x000000008bc00000|  0%| F|  |TAMS 0x000000008bb00000, 0x000000008bb00000| Untracked 
| 188|0x000000008bc00000, 0x000000008bc00000, 0x000000008bd00000|  0%| F|  |TAMS 0x000000008bc00000, 0x000000008bc00000| Untracked 
| 189|0x000000008bd00000, 0x000000008bd00000, 0x000000008be00000|  0%| F|  |TAMS 0x000000008bd00000, 0x000000008bd00000| Untracked 
| 190|0x000000008be00000, 0x000000008be00000, 0x000000008bf00000|  0%| F|  |TAMS 0x000000008be00000, 0x000000008be00000| Untracked 
| 191|0x000000008bf00000, 0x000000008bf00000, 0x000000008c000000|  0%| F|  |TAMS 0x000000008bf00000, 0x000000008bf00000| Untracked 
| 192|0x000000008c000000, 0x000000008c000000, 0x000000008c100000|  0%| F|  |TAMS 0x000000008c000000, 0x000000008c000000| Untracked 
| 193|0x000000008c100000, 0x000000008c100000, 0x000000008c200000|  0%| F|  |TAMS 0x000000008c100000, 0x000000008c100000| Untracked 
| 194|0x000000008c200000, 0x000000008c200000, 0x000000008c300000|  0%| F|  |TAMS 0x000000008c200000, 0x000000008c200000| Untracked 
| 195|0x000000008c300000, 0x000000008c300000, 0x000000008c400000|  0%| F|  |TAMS 0x000000008c300000, 0x000000008c300000| Untracked 
| 196|0x000000008c400000, 0x000000008c400000, 0x000000008c500000|  0%| F|  |TAMS 0x000000008c400000, 0x000000008c400000| Untracked 
| 197|0x000000008c500000, 0x000000008c500000, 0x000000008c600000|  0%| F|  |TAMS 0x000000008c500000, 0x000000008c500000| Untracked 
| 198|0x000000008c600000, 0x000000008c600000, 0x000000008c700000|  0%| F|  |TAMS 0x000000008c600000, 0x000000008c600000| Untracked 
| 199|0x000000008c700000, 0x000000008c700000, 0x000000008c800000|  0%| F|  |TAMS 0x000000008c700000, 0x000000008c700000| Untracked 
| 200|0x000000008c800000, 0x000000008c800000, 0x000000008c900000|  0%| F|  |TAMS 0x000000008c800000, 0x000000008c800000| Untracked 
| 201|0x000000008c900000, 0x000000008c900000, 0x000000008ca00000|  0%| F|  |TAMS 0x000000008c900000, 0x000000008c900000| Untracked 
| 202|0x000000008ca00000, 0x000000008ca00000, 0x000000008cb00000|  0%| F|  |TAMS 0x000000008ca00000, 0x000000008ca00000| Untracked 
| 203|0x000000008cb00000, 0x000000008cb00000, 0x000000008cc00000|  0%| F|  |TAMS 0x000000008cb00000, 0x000000008cb00000| Untracked 
| 204|0x000000008cc00000, 0x000000008cc00000, 0x000000008cd00000|  0%| F|  |TAMS 0x000000008cc00000, 0x000000008cc00000| Untracked 
| 205|0x000000008cd00000, 0x000000008cd00000, 0x000000008ce00000|  0%| F|  |TAMS 0x000000008cd00000, 0x000000008cd00000| Untracked 
| 206|0x000000008ce00000, 0x000000008ce00000, 0x000000008cf00000|  0%| F|  |TAMS 0x000000008ce00000, 0x000000008ce00000| Untracked 
| 207|0x000000008cf00000, 0x000000008cf00000, 0x000000008d000000|  0%| F|  |TAMS 0x000000008cf00000, 0x000000008cf00000| Untracked 
| 208|0x000000008d000000, 0x000000008d000000, 0x000000008d100000|  0%| F|  |TAMS 0x000000008d000000, 0x000000008d000000| Untracked 
| 209|0x000000008d100000, 0x000000008d100000, 0x000000008d200000|  0%| F|  |TAMS 0x000000008d100000, 0x000000008d100000| Untracked 
| 210|0x000000008d200000, 0x000000008d200000, 0x000000008d300000|  0%| F|  |TAMS 0x000000008d200000, 0x000000008d200000| Untracked 
| 211|0x000000008d300000, 0x000000008d300000, 0x000000008d400000|  0%| F|  |TAMS 0x000000008d300000, 0x000000008d300000| Untracked 
| 212|0x000000008d400000, 0x000000008d400000, 0x000000008d500000|  0%| F|  |TAMS 0x000000008d400000, 0x000000008d400000| Untracked 
| 213|0x000000008d500000, 0x000000008d500000, 0x000000008d600000|  0%| F|  |TAMS 0x000000008d500000, 0x000000008d500000| Untracked 
| 214|0x000000008d600000, 0x000000008d600000, 0x000000008d700000|  0%| F|  |TAMS 0x000000008d600000, 0x000000008d600000| Untracked 
| 215|0x000000008d700000, 0x000000008d700000, 0x000000008d800000|  0%| F|  |TAMS 0x000000008d700000, 0x000000008d700000| Untracked 
| 216|0x000000008d800000, 0x000000008d800000, 0x000000008d900000|  0%| F|  |TAMS 0x000000008d800000, 0x000000008d800000| Untracked 
| 217|0x000000008d900000, 0x000000008d900000, 0x000000008da00000|  0%| F|  |TAMS 0x000000008d900000, 0x000000008d900000| Untracked 
| 218|0x000000008da00000, 0x000000008da00000, 0x000000008db00000|  0%| F|  |TAMS 0x000000008da00000, 0x000000008da00000| Untracked 
| 219|0x000000008db00000, 0x000000008dc00000, 0x000000008dc00000|100%| S|CS|TAMS 0x000000008db00000, 0x000000008db00000| Complete 
| 220|0x000000008dc00000, 0x000000008dd00000, 0x000000008dd00000|100%| S|CS|TAMS 0x000000008dc00000, 0x000000008dc00000| Complete 
| 221|0x000000008dd00000, 0x000000008de00000, 0x000000008de00000|100%| S|CS|TAMS 0x000000008dd00000, 0x000000008dd00000| Complete 
| 222|0x000000008de00000, 0x000000008df00000, 0x000000008df00000|100%| S|CS|TAMS 0x000000008de00000, 0x000000008de00000| Complete 
| 223|0x000000008df00000, 0x000000008e000000, 0x000000008e000000|100%| S|CS|TAMS 0x000000008df00000, 0x000000008df00000| Complete 
| 224|0x000000008e000000, 0x000000008e100000, 0x000000008e100000|100%| S|CS|TAMS 0x000000008e000000, 0x000000008e000000| Complete 
| 225|0x000000008e100000, 0x000000008e100000, 0x000000008e200000|  0%| F|  |TAMS 0x000000008e100000, 0x000000008e100000| Untracked 
| 226|0x000000008e200000, 0x000000008e200000, 0x000000008e300000|  0%| F|  |TAMS 0x000000008e200000, 0x000000008e200000| Untracked 
| 227|0x000000008e300000, 0x000000008e300000, 0x000000008e400000|  0%| F|  |TAMS 0x000000008e300000, 0x000000008e300000| Untracked 
| 228|0x000000008e400000, 0x000000008e400000, 0x000000008e500000|  0%| F|  |TAMS 0x000000008e400000, 0x000000008e400000| Untracked 
| 229|0x000000008e500000, 0x000000008e500000, 0x000000008e600000|  0%| F|  |TAMS 0x000000008e500000, 0x000000008e500000| Untracked 
| 230|0x000000008e600000, 0x000000008e600000, 0x000000008e700000|  0%| F|  |TAMS 0x000000008e600000, 0x000000008e600000| Untracked 
| 231|0x000000008e700000, 0x000000008e700000, 0x000000008e800000|  0%| F|  |TAMS 0x000000008e700000, 0x000000008e700000| Untracked 
| 232|0x000000008e800000, 0x000000008e800000, 0x000000008e900000|  0%| F|  |TAMS 0x000000008e800000, 0x000000008e800000| Untracked 
| 233|0x000000008e900000, 0x000000008e900000, 0x000000008ea00000|  0%| F|  |TAMS 0x000000008e900000, 0x000000008e900000| Untracked 
| 234|0x000000008ea00000, 0x000000008ea00000, 0x000000008eb00000|  0%| F|  |TAMS 0x000000008ea00000, 0x000000008ea00000| Untracked 
| 235|0x000000008eb00000, 0x000000008eb00000, 0x000000008ec00000|  0%| F|  |TAMS 0x000000008eb00000, 0x000000008eb00000| Untracked 
| 236|0x000000008ec00000, 0x000000008ec00000, 0x000000008ed00000|  0%| F|  |TAMS 0x000000008ec00000, 0x000000008ec00000| Untracked 
| 237|0x000000008ed00000, 0x000000008ed00000, 0x000000008ee00000|  0%| F|  |TAMS 0x000000008ed00000, 0x000000008ed00000| Untracked 
| 238|0x000000008ee00000, 0x000000008ee00000, 0x000000008ef00000|  0%| F|  |TAMS 0x000000008ee00000, 0x000000008ee00000| Untracked 
| 239|0x000000008ef00000, 0x000000008ef00000, 0x000000008f000000|  0%| F|  |TAMS 0x000000008ef00000, 0x000000008ef00000| Untracked 
| 240|0x000000008f000000, 0x000000008f000000, 0x000000008f100000|  0%| F|  |TAMS 0x000000008f000000, 0x000000008f000000| Untracked 
| 241|0x000000008f100000, 0x000000008f100000, 0x000000008f200000|  0%| F|  |TAMS 0x000000008f100000, 0x000000008f100000| Untracked 
| 242|0x000000008f200000, 0x000000008f200000, 0x000000008f300000|  0%| F|  |TAMS 0x000000008f200000, 0x000000008f200000| Untracked 
| 243|0x000000008f300000, 0x000000008f300000, 0x000000008f400000|  0%| F|  |TAMS 0x000000008f300000, 0x000000008f300000| Untracked 
| 244|0x000000008f400000, 0x000000008f400000, 0x000000008f500000|  0%| F|  |TAMS 0x000000008f400000, 0x000000008f400000| Untracked 
| 245|0x000000008f500000, 0x000000008f500000, 0x000000008f600000|  0%| F|  |TAMS 0x000000008f500000, 0x000000008f500000| Untracked 
| 246|0x000000008f600000, 0x000000008f600000, 0x000000008f700000|  0%| F|  |TAMS 0x000000008f600000, 0x000000008f600000| Untracked 
| 247|0x000000008f700000, 0x000000008f700000, 0x000000008f800000|  0%| F|  |TAMS 0x000000008f700000, 0x000000008f700000| Untracked 
| 248|0x000000008f800000, 0x000000008f800000, 0x000000008f900000|  0%| F|  |TAMS 0x000000008f800000, 0x000000008f800000| Untracked 
| 249|0x000000008f900000, 0x000000008f900000, 0x000000008fa00000|  0%| F|  |TAMS 0x000000008f900000, 0x000000008f900000| Untracked 
| 250|0x000000008fa00000, 0x000000008fa00000, 0x000000008fb00000|  0%| F|  |TAMS 0x000000008fa00000, 0x000000008fa00000| Untracked 
| 251|0x000000008fb00000, 0x000000008fb00000, 0x000000008fc00000|  0%| F|  |TAMS 0x000000008fb00000, 0x000000008fb00000| Untracked 
| 252|0x000000008fc00000, 0x000000008fc00000, 0x000000008fd00000|  0%| F|  |TAMS 0x000000008fc00000, 0x000000008fc00000| Untracked 
| 253|0x000000008fd00000, 0x000000008fd00000, 0x000000008fe00000|  0%| F|  |TAMS 0x000000008fd00000, 0x000000008fd00000| Untracked 
| 254|0x000000008fe00000, 0x000000008fe00000, 0x000000008ff00000|  0%| F|  |TAMS 0x000000008fe00000, 0x000000008fe00000| Untracked 
| 255|0x000000008ff00000, 0x000000008ff00000, 0x0000000090000000|  0%| F|  |TAMS 0x000000008ff00000, 0x000000008ff00000| Untracked 
| 256|0x0000000090000000, 0x0000000090000000, 0x0000000090100000|  0%| F|  |TAMS 0x0000000090000000, 0x0000000090000000| Untracked 
| 257|0x0000000090100000, 0x0000000090100000, 0x0000000090200000|  0%| F|  |TAMS 0x0000000090100000, 0x0000000090100000| Untracked 
| 258|0x0000000090200000, 0x0000000090200000, 0x0000000090300000|  0%| F|  |TAMS 0x0000000090200000, 0x0000000090200000| Untracked 
| 259|0x0000000090300000, 0x0000000090300000, 0x0000000090400000|  0%| F|  |TAMS 0x0000000090300000, 0x0000000090300000| Untracked 
| 260|0x0000000090400000, 0x0000000090400000, 0x0000000090500000|  0%| F|  |TAMS 0x0000000090400000, 0x0000000090400000| Untracked 
| 261|0x0000000090500000, 0x0000000090500000, 0x0000000090600000|  0%| F|  |TAMS 0x0000000090500000, 0x0000000090500000| Untracked 
| 262|0x0000000090600000, 0x0000000090600000, 0x0000000090700000|  0%| F|  |TAMS 0x0000000090600000, 0x0000000090600000| Untracked 
| 263|0x0000000090700000, 0x0000000090700000, 0x0000000090800000|  0%| F|  |TAMS 0x0000000090700000, 0x0000000090700000| Untracked 
| 264|0x0000000090800000, 0x0000000090800000, 0x0000000090900000|  0%| F|  |TAMS 0x0000000090800000, 0x0000000090800000| Untracked 
| 265|0x0000000090900000, 0x0000000090900000, 0x0000000090a00000|  0%| F|  |TAMS 0x0000000090900000, 0x0000000090900000| Untracked 
| 266|0x0000000090a00000, 0x0000000090a00000, 0x0000000090b00000|  0%| F|  |TAMS 0x0000000090a00000, 0x0000000090a00000| Untracked 
| 267|0x0000000090b00000, 0x0000000090b00000, 0x0000000090c00000|  0%| F|  |TAMS 0x0000000090b00000, 0x0000000090b00000| Untracked 
| 268|0x0000000090c00000, 0x0000000090c00000, 0x0000000090d00000|  0%| F|  |TAMS 0x0000000090c00000, 0x0000000090c00000| Untracked 
| 269|0x0000000090d00000, 0x0000000090d00000, 0x0000000090e00000|  0%| F|  |TAMS 0x0000000090d00000, 0x0000000090d00000| Untracked 
| 270|0x0000000090e00000, 0x0000000090e00000, 0x0000000090f00000|  0%| F|  |TAMS 0x0000000090e00000, 0x0000000090e00000| Untracked 
| 271|0x0000000090f00000, 0x0000000090f00000, 0x0000000091000000|  0%| F|  |TAMS 0x0000000090f00000, 0x0000000090f00000| Untracked 
| 272|0x0000000091000000, 0x0000000091000000, 0x0000000091100000|  0%| F|  |TAMS 0x0000000091000000, 0x0000000091000000| Untracked 
| 273|0x0000000091100000, 0x0000000091100000, 0x0000000091200000|  0%| F|  |TAMS 0x0000000091100000, 0x0000000091100000| Untracked 
| 274|0x0000000091200000, 0x0000000091200000, 0x0000000091300000|  0%| F|  |TAMS 0x0000000091200000, 0x0000000091200000| Untracked 
| 275|0x0000000091300000, 0x0000000091300000, 0x0000000091400000|  0%| F|  |TAMS 0x0000000091300000, 0x0000000091300000| Untracked 
| 276|0x0000000091400000, 0x0000000091400000, 0x0000000091500000|  0%| F|  |TAMS 0x0000000091400000, 0x0000000091400000| Untracked 
| 277|0x0000000091500000, 0x0000000091500000, 0x0000000091600000|  0%| F|  |TAMS 0x0000000091500000, 0x0000000091500000| Untracked 
| 278|0x0000000091600000, 0x0000000091600000, 0x0000000091700000|  0%| F|  |TAMS 0x0000000091600000, 0x0000000091600000| Untracked 
| 279|0x0000000091700000, 0x0000000091700000, 0x0000000091800000|  0%| F|  |TAMS 0x0000000091700000, 0x0000000091700000| Untracked 
| 280|0x0000000091800000, 0x0000000091800000, 0x0000000091900000|  0%| F|  |TAMS 0x0000000091800000, 0x0000000091800000| Untracked 
| 281|0x0000000091900000, 0x0000000091900000, 0x0000000091a00000|  0%| F|  |TAMS 0x0000000091900000, 0x0000000091900000| Untracked 
| 282|0x0000000091a00000, 0x0000000091a00000, 0x0000000091b00000|  0%| F|  |TAMS 0x0000000091a00000, 0x0000000091a00000| Untracked 
| 283|0x0000000091b00000, 0x0000000091b00000, 0x0000000091c00000|  0%| F|  |TAMS 0x0000000091b00000, 0x0000000091b00000| Untracked 
| 284|0x0000000091c00000, 0x0000000091c00000, 0x0000000091d00000|  0%| F|  |TAMS 0x0000000091c00000, 0x0000000091c00000| Untracked 
| 285|0x0000000091d00000, 0x0000000091d00000, 0x0000000091e00000|  0%| F|  |TAMS 0x0000000091d00000, 0x0000000091d00000| Untracked 
| 286|0x0000000091e00000, 0x0000000091e00000, 0x0000000091f00000|  0%| F|  |TAMS 0x0000000091e00000, 0x0000000091e00000| Untracked 
| 287|0x0000000091f00000, 0x0000000091f00000, 0x0000000092000000|  0%| F|  |TAMS 0x0000000091f00000, 0x0000000091f00000| Untracked 
| 288|0x0000000092000000, 0x0000000092000000, 0x0000000092100000|  0%| F|  |TAMS 0x0000000092000000, 0x0000000092000000| Untracked 
| 289|0x0000000092100000, 0x0000000092100000, 0x0000000092200000|  0%| F|  |TAMS 0x0000000092100000, 0x0000000092100000| Untracked 
| 290|0x0000000092200000, 0x0000000092200000, 0x0000000092300000|  0%| F|  |TAMS 0x0000000092200000, 0x0000000092200000| Untracked 
| 291|0x0000000092300000, 0x0000000092300000, 0x0000000092400000|  0%| F|  |TAMS 0x0000000092300000, 0x0000000092300000| Untracked 
| 292|0x0000000092400000, 0x0000000092400000, 0x0000000092500000|  0%| F|  |TAMS 0x0000000092400000, 0x0000000092400000| Untracked 
| 293|0x0000000092500000, 0x0000000092500000, 0x0000000092600000|  0%| F|  |TAMS 0x0000000092500000, 0x0000000092500000| Untracked 
| 294|0x0000000092600000, 0x0000000092600000, 0x0000000092700000|  0%| F|  |TAMS 0x0000000092600000, 0x0000000092600000| Untracked 
| 295|0x0000000092700000, 0x0000000092700000, 0x0000000092800000|  0%| F|  |TAMS 0x0000000092700000, 0x0000000092700000| Untracked 
| 296|0x0000000092800000, 0x0000000092800000, 0x0000000092900000|  0%| F|  |TAMS 0x0000000092800000, 0x0000000092800000| Untracked 
| 297|0x0000000092900000, 0x0000000092900000, 0x0000000092a00000|  0%| F|  |TAMS 0x0000000092900000, 0x0000000092900000| Untracked 
| 298|0x0000000092a00000, 0x0000000092a00000, 0x0000000092b00000|  0%| F|  |TAMS 0x0000000092a00000, 0x0000000092a00000| Untracked 
| 299|0x0000000092b00000, 0x0000000092b00000, 0x0000000092c00000|  0%| F|  |TAMS 0x0000000092b00000, 0x0000000092b00000| Untracked 
| 300|0x0000000092c00000, 0x0000000092c00000, 0x0000000092d00000|  0%| F|  |TAMS 0x0000000092c00000, 0x0000000092c00000| Untracked 
| 301|0x0000000092d00000, 0x0000000092d00000, 0x0000000092e00000|  0%| F|  |TAMS 0x0000000092d00000, 0x0000000092d00000| Untracked 
| 302|0x0000000092e00000, 0x0000000092e00000, 0x0000000092f00000|  0%| F|  |TAMS 0x0000000092e00000, 0x0000000092e00000| Untracked 
| 303|0x0000000092f00000, 0x0000000092f00000, 0x0000000093000000|  0%| F|  |TAMS 0x0000000092f00000, 0x0000000092f00000| Untracked 
| 304|0x0000000093000000, 0x0000000093000000, 0x0000000093100000|  0%| F|  |TAMS 0x0000000093000000, 0x0000000093000000| Untracked 
| 305|0x0000000093100000, 0x0000000093100000, 0x0000000093200000|  0%| F|  |TAMS 0x0000000093100000, 0x0000000093100000| Untracked 
| 306|0x0000000093200000, 0x0000000093200000, 0x0000000093300000|  0%| F|  |TAMS 0x0000000093200000, 0x0000000093200000| Untracked 
| 307|0x0000000093300000, 0x0000000093300000, 0x0000000093400000|  0%| F|  |TAMS 0x0000000093300000, 0x0000000093300000| Untracked 
| 308|0x0000000093400000, 0x0000000093400000, 0x0000000093500000|  0%| F|  |TAMS 0x0000000093400000, 0x0000000093400000| Untracked 
| 309|0x0000000093500000, 0x0000000093500000, 0x0000000093600000|  0%| F|  |TAMS 0x0000000093500000, 0x0000000093500000| Untracked 
| 310|0x0000000093600000, 0x0000000093600000, 0x0000000093700000|  0%| F|  |TAMS 0x0000000093600000, 0x0000000093600000| Untracked 
| 311|0x0000000093700000, 0x0000000093700000, 0x0000000093800000|  0%| F|  |TAMS 0x0000000093700000, 0x0000000093700000| Untracked 
| 312|0x0000000093800000, 0x0000000093800000, 0x0000000093900000|  0%| F|  |TAMS 0x0000000093800000, 0x0000000093800000| Untracked 
| 313|0x0000000093900000, 0x0000000093900000, 0x0000000093a00000|  0%| F|  |TAMS 0x0000000093900000, 0x0000000093900000| Untracked 
| 314|0x0000000093a00000, 0x0000000093a00000, 0x0000000093b00000|  0%| F|  |TAMS 0x0000000093a00000, 0x0000000093a00000| Untracked 
| 315|0x0000000093b00000, 0x0000000093b00000, 0x0000000093c00000|  0%| F|  |TAMS 0x0000000093b00000, 0x0000000093b00000| Untracked 
| 316|0x0000000093c00000, 0x0000000093c00000, 0x0000000093d00000|  0%| F|  |TAMS 0x0000000093c00000, 0x0000000093c00000| Untracked 

Card table byte_map: [0x0000000015330000,0x0000000015730000] _byte_map_base: 0x0000000014f30000

Marking Bits (Prev, Next): (CMBitMap*) 0x0000000002ad8300, (CMBitMap*) 0x0000000002ad82c0
 Prev Bits: [0x0000000017b30000, 0x0000000019b30000)
 Next Bits: [0x0000000015b30000, 0x0000000017b30000)

Polling page: 0x0000000000560000

Metaspace:

Usage:
  Non-class:    120.35 MB used.
      Class:     18.36 MB used.
       Both:    138.70 MB used.

Virtual space:
  Non-class space:      128.00 MB reserved,     121.06 MB ( 95%) committed,  16 nodes.
      Class space:        1.00 GB reserved,      19.00 MB (  2%) committed,  1 nodes.
             Both:        1.12 GB reserved,     140.06 MB ( 12%) committed. 

Chunk freelists:
   Non-Class:  2.24 MB
       Class:  1.02 MB
        Both:  3.26 MB

MaxMetaspaceSize: unlimited
CompressedClassSpaceSize: 1.00 GB
Initial GC threshold: 21.00 MB
Current GC threshold: 229.62 MB
CDS: off
MetaspaceReclaimPolicy: balanced
 - commit_granule_bytes: 65536.
 - commit_granule_words: 8192.
 - virtual_space_node_default_size: 1048576.
 - enlarge_chunks_in_place: 1.
 - new_chunks_are_fully_committed: 0.
 - uncommit_free_chunks: 1.
 - use_allocation_guard: 0.
 - handle_deallocations: 1.


Internal statistics:

num_allocs_failed_limit: 6.
num_arena_births: 3018.
num_arena_deaths: 594.
num_vsnodes_births: 17.
num_vsnodes_deaths: 0.
num_space_committed: 2239.
num_space_uncommitted: 0.
num_chunks_returned_to_freelist: 757.
num_chunks_taken_from_freelist: 8860.
num_chunk_merges: 253.
num_chunk_splits: 5453.
num_chunks_enlarged: 3201.
num_purges: 4.
num_inconsistent_stats: 0.

CodeHeap 'non-profiled nmethods': size=120064Kb used=16580Kb max_used=16580Kb free=103483Kb
 bounds [0x000000000d9f0000, 0x000000000ea30000, 0x0000000014f30000]
CodeHeap 'profiled nmethods': size=120000Kb used=42629Kb max_used=42629Kb free=77370Kb
 bounds [0x0000000005f30000, 0x0000000008920000, 0x000000000d460000]
CodeHeap 'non-nmethods': size=5696Kb used=2479Kb max_used=2528Kb free=3216Kb
 bounds [0x000000000d460000, 0x000000000d6e0000, 0x000000000d9f0000]
 total_blobs=22740 nmethods=21704 adapters=947
 compilation: enabled
              stopped_count=0, restarted_count=0
 full_count=0

Compilation events (20 events):
Event: 9205.981 Thread 0x000000001ce79f30 nmethod 27370 0x000000000704e990 code [0x000000000704ec40, 0x000000000704fc08]
Event: 9205.982 Thread 0x000000001ce79f30 27371   !   3       com.sun.org.apache.xerces.internal.parsers.AbstractSAXParser::setFeature (586 bytes)
Event: 9205.989 Thread 0x000000001ce79f30 nmethod 27371 0x0000000008909f10 code [0x000000000890a7e0, 0x000000000890fab8]
Event: 9206.013 Thread 0x000000001ce79f30 27372       3       java.math.BigInteger::valueOf (62 bytes)
Event: 9206.014 Thread 0x000000001ce79f30 nmethod 27372 0x0000000006fd3090 code [0x0000000006fd3260, 0x0000000006fd3648]
Event: 9206.068 Thread 0x000000001ce79f30 27373       3       sun.security.jca.GetInstance::checkSuperClass (68 bytes)
Event: 9206.070 Thread 0x000000001ce79f30 nmethod 27373 0x000000000714aa10 code [0x000000000714aca0, 0x000000000714b608]
Event: 9206.077 Thread 0x000000001c100660 nmethod 27369 0x000000000ea15410 code [0x000000000ea156e0, 0x000000000ea18188]
Event: 9206.118 Thread 0x000000001c100660 27374       4       com.android.zipflinger.Entry::<init> (32 bytes)
Event: 9206.122 Thread 0x000000001c100660 nmethod 27374 0x000000000ea18f90 code [0x000000000ea19120, 0x000000000ea194d8]
Event: 9206.122 Thread 0x000000001c100660 27375       4       com.android.zipflinger.ZipMap::parseCentralDirectoryRecord (533 bytes)
Event: 9206.229 Thread 0x000000001c100660 nmethod 27375 0x000000000ea19590 code [0x000000000ea19840, 0x000000000ea1cd90]
Event: 9206.229 Thread 0x000000001c100660 27377       4       java.nio.channels.spi.AbstractInterruptibleChannel::begin (48 bytes)
Event: 9206.234 Thread 0x000000001c100660 nmethod 27377 0x000000000ea1f310 code [0x000000000ea1f4a0, 0x000000000ea1f958]
Event: 9206.234 Thread 0x000000001c100660 27378       4       java.util.ComparableTimSort::binarySort (223 bytes)
Event: 9206.244 Thread 0x000000001c100660 nmethod 27378 0x000000000ea1fb10 code [0x000000000ea1fcc0, 0x000000000ea20658]
Event: 9206.245 Thread 0x000000001c100660 27376       4       com.android.zipflinger.ZipMap::checkPolicy (99 bytes)
Event: 9206.246 Thread 0x000000001c100660 nmethod 27376 0x000000000ea20a10 code [0x000000000ea20ba0, 0x000000000ea20cb8]
Event: 9206.249 Thread 0x000000001ce79f30 27379       1       com.google.common.collect.HashBiMap::access$100 (5 bytes)
Event: 9206.250 Thread 0x000000001ce79f30 nmethod 27379 0x000000000ea20e10 code [0x000000000ea20fa0, 0x000000000ea21058]

GC Heap History (20 events):
Event: 8795.914 GC heap after
{Heap after GC invocations=73 (full 1):
 garbage-first heap   total 324608K, used 107608K [0x0000000080000000, 0x0000000100000000)
  region size 1024K, 2 young (2048K), 2 survivors (2048K)
 Metaspace       used 139338K, committed 140544K, reserved 1171456K
  class space    used 18407K, committed 19008K, reserved 1048576K
}
Event: 8797.760 GC heap before
{Heap before GC invocations=73 (full 1):
 garbage-first heap   total 324608K, used 169048K [0x0000000080000000, 0x0000000100000000)
  region size 1024K, 62 young (63488K), 2 survivors (2048K)
 Metaspace       used 139417K, committed 140544K, reserved 1171456K
  class space    used 18412K, committed 19008K, reserved 1048576K
}
Event: 8797.783 GC heap after
{Heap after GC invocations=74 (full 1):
 garbage-first heap   total 324608K, used 112038K [0x0000000080000000, 0x0000000100000000)
  region size 1024K, 7 young (7168K), 7 survivors (7168K)
 Metaspace       used 139417K, committed 140544K, reserved 1171456K
  class space    used 18412K, committed 19008K, reserved 1048576K
}
Event: 8798.421 GC heap before
{Heap before GC invocations=74 (full 1):
 garbage-first heap   total 324608K, used 138662K [0x0000000080000000, 0x0000000100000000)
  region size 1024K, 33 young (33792K), 7 survivors (7168K)
 Metaspace       used 139461K, committed 140544K, reserved 1171456K
  class space    used 18413K, committed 19008K, reserved 1048576K
}
Event: 8798.488 GC heap after
{Heap after GC invocations=75 (full 1):
 garbage-first heap   total 324608K, used 114499K [0x0000000080000000, 0x0000000100000000)
  region size 1024K, 3 young (3072K), 3 survivors (3072K)
 Metaspace       used 139461K, committed 140544K, reserved 1171456K
  class space    used 18413K, committed 19008K, reserved 1048576K
}
Event: 9004.092 GC heap before
{Heap before GC invocations=75 (full 1):
 garbage-first heap   total 324608K, used 211779K [0x0000000080000000, 0x0000000100000000)
  region size 1024K, 98 young (100352K), 3 survivors (3072K)
 Metaspace       used 139602K, committed 140672K, reserved 1171456K
  class space    used 18414K, committed 19008K, reserved 1048576K
}
Event: 9004.425 GC heap after
{Heap after GC invocations=76 (full 1):
 garbage-first heap   total 324608K, used 123490K [0x0000000080000000, 0x0000000100000000)
  region size 1024K, 12 young (12288K), 12 survivors (12288K)
 Metaspace       used 139602K, committed 140672K, reserved 1171456K
  class space    used 18414K, committed 19008K, reserved 1048576K
}
Event: 9004.542 GC heap before
{Heap before GC invocations=76 (full 1):
 garbage-first heap   total 324608K, used 127586K [0x0000000080000000, 0x0000000100000000)
  region size 1024K, 16 young (16384K), 12 survivors (12288K)
 Metaspace       used 139618K, committed 140736K, reserved 1171456K
  class space    used 18414K, committed 19008K, reserved 1048576K
}
Event: 9004.682 GC heap after
{Heap after GC invocations=77 (full 1):
 garbage-first heap   total 324608K, used 124355K [0x0000000080000000, 0x0000000100000000)
  region size 1024K, 1 young (1024K), 1 survivors (1024K)
 Metaspace       used 139618K, committed 140736K, reserved 1171456K
  class space    used 18414K, committed 19008K, reserved 1048576K
}
Event: 9010.058 GC heap before
{Heap before GC invocations=77 (full 1):
 garbage-first heap   total 324608K, used 146883K [0x0000000080000000, 0x0000000100000000)
  region size 1024K, 24 young (24576K), 1 survivors (1024K)
 Metaspace       used 139787K, committed 140800K, reserved 1171456K
  class space    used 18466K, committed 19008K, reserved 1048576K
}
Event: 9014.819 GC heap after
{Heap after GC invocations=78 (full 2):
 garbage-first heap   total 324608K, used 113638K [0x0000000080000000, 0x0000000100000000)
  region size 1024K, 0 young (0K), 0 survivors (0K)
 Metaspace       used 139570K, committed 140800K, reserved 1171456K
  class space    used 18426K, committed 19008K, reserved 1048576K
}
Event: 9042.084 GC heap before
{Heap before GC invocations=78 (full 2):
 garbage-first heap   total 324608K, used 163814K [0x0000000080000000, 0x0000000100000000)
  region size 1024K, 33 young (33792K), 0 survivors (0K)
 Metaspace       used 139964K, committed 141056K, reserved 1171456K
  class space    used 18464K, committed 19008K, reserved 1048576K
}
Event: 9042.116 GC heap after
{Heap after GC invocations=79 (full 2):
 garbage-first heap   total 324608K, used 117301K [0x0000000080000000, 0x0000000100000000)
  region size 1024K, 2 young (2048K), 2 survivors (2048K)
 Metaspace       used 139964K, committed 141056K, reserved 1171456K
  class space    used 18464K, committed 19008K, reserved 1048576K
}
Event: 9042.134 GC heap before
{Heap before GC invocations=79 (full 2):
 garbage-first heap   total 324608K, used 119349K [0x0000000080000000, 0x0000000100000000)
  region size 1024K, 3 young (3072K), 2 survivors (2048K)
 Metaspace       used 139964K, committed 141056K, reserved 1171456K
  class space    used 18464K, committed 19008K, reserved 1048576K
}
Event: 9042.144 GC heap after
{Heap after GC invocations=80 (full 2):
 garbage-first heap   total 324608K, used 117362K [0x0000000080000000, 0x0000000100000000)
  region size 1024K, 2 young (2048K), 2 survivors (2048K)
 Metaspace       used 139964K, committed 141056K, reserved 1171456K
  class space    used 18464K, committed 19008K, reserved 1048576K
}
Event: 9192.894 GC heap before
{Heap before GC invocations=81 (full 2):
 garbage-first heap   total 324608K, used 302706K [0x0000000080000000, 0x0000000100000000)
  region size 1024K, 150 young (153600K), 2 survivors (2048K)
 Metaspace       used 140482K, committed 141632K, reserved 1179648K
  class space    used 18536K, committed 19072K, reserved 1048576K
}
Event: 9193.139 GC heap after
{Heap after GC invocations=82 (full 2):
 garbage-first heap   total 324608K, used 124479K [0x0000000080000000, 0x0000000100000000)
  region size 1024K, 11 young (11264K), 11 survivors (11264K)
 Metaspace       used 140482K, committed 141632K, reserved 1179648K
  class space    used 18536K, committed 19072K, reserved 1048576K
}
Event: 9193.306 GC heap before
{Heap before GC invocations=82 (full 2):
 garbage-first heap   total 324608K, used 127551K [0x0000000080000000, 0x0000000100000000)
  region size 1024K, 15 young (15360K), 11 survivors (11264K)
 Metaspace       used 140548K, committed 141760K, reserved 1179648K
  class space    used 18555K, committed 19136K, reserved 1048576K
}
Event: 9193.419 GC heap after
{Heap after GC invocations=83 (full 2):
 garbage-first heap   total 324608K, used 125159K [0x0000000080000000, 0x0000000100000000)
  region size 1024K, 1 young (1024K), 1 survivors (1024K)
 Metaspace       used 140548K, committed 141760K, reserved 1179648K
  class space    used 18555K, committed 19136K, reserved 1048576K
}
Event: 9206.274 GC heap before
{Heap before GC invocations=83 (full 2):
 garbage-first heap   total 324608K, used 216295K [0x0000000080000000, 0x0000000100000000)
  region size 1024K, 92 young (94208K), 1 survivors (1024K)
 Metaspace       used 142033K, committed 143424K, reserved 1179648K
  class space    used 18799K, committed 19456K, reserved 1048576K
}

Dll operation events (3 events):
Event: 0.060 Loaded shared library C:\Program Files\Android\Android Studio\jbr\bin\java.dll
Event: 0.530 Loaded shared library C:\Program Files\Android\Android Studio\jbr\bin\zip.dll
Event: 1.198 Loaded shared library C:\Program Files\Android\Android Studio\jbr\bin\verify.dll

Deoptimization events (20 events):
Event: 9198.710 Thread 0x0000000022f992c0 DEOPT PACKING pc=0x000000000e9eff30 sp=0x00000000277cdc30
Event: 9198.710 Thread 0x0000000022f992c0 DEOPT UNPACKING pc=0x000000000d4b699d sp=0x00000000277cdc08 mode 2
Event: 9204.772 Thread 0x0000000022f992c0 DEOPT PACKING pc=0x00000000069f1aa0 sp=0x00000000277cdc50
Event: 9204.772 Thread 0x0000000022f992c0 DEOPT UNPACKING pc=0x000000000d4b7124 sp=0x00000000277cd1e8 mode 0
Event: 9204.817 Thread 0x0000000022f992c0 DEOPT PACKING pc=0x00000000068bac5b sp=0x00000000277cde90
Event: 9204.817 Thread 0x0000000022f992c0 DEOPT UNPACKING pc=0x000000000d4b7124 sp=0x00000000277cd298 mode 0
Event: 9204.819 Thread 0x0000000022f992c0 DEOPT PACKING pc=0x00000000069f1aa0 sp=0x00000000277cdd50
Event: 9204.819 Thread 0x0000000022f992c0 DEOPT UNPACKING pc=0x000000000d4b7124 sp=0x00000000277cd2e8 mode 0
Event: 9205.490 Thread 0x0000000022f97f80 Uncommon trap: trap_request=0xffffffdc fr.pc=0x000000000e9f1648 relative=0x0000000000000228
Event: 9205.490 Thread 0x0000000022f97f80 Uncommon trap: reason=class_check action=make_not_entrant pc=0x000000000e9f1648 method=java.util.ArrayDeque.toArray(Ljava/lang/Class;)[Ljava/lang/Object; @ 45 c2
Event: 9205.490 Thread 0x0000000022f97f80 DEOPT PACKING pc=0x000000000e9f1648 sp=0x00000000260fb580
Event: 9205.490 Thread 0x0000000022f97f80 DEOPT UNPACKING pc=0x000000000d4b699d sp=0x00000000260fb520 mode 2
Event: 9205.495 Thread 0x0000000022f97f80 DEOPT PACKING pc=0x0000000006130952 sp=0x00000000260fcbd0
Event: 9205.495 Thread 0x0000000022f97f80 DEOPT UNPACKING pc=0x000000000d4b7124 sp=0x00000000260fc060 mode 0
Event: 9205.569 Thread 0x0000000022f97f80 DEOPT PACKING pc=0x000000000640edf6 sp=0x00000000260fb610
Event: 9205.569 Thread 0x0000000022f97f80 DEOPT UNPACKING pc=0x000000000d4b7124 sp=0x00000000260faab8 mode 0
Event: 9206.231 Thread 0x0000000022f98df0 Uncommon trap: trap_request=0xffffffc6 fr.pc=0x000000000dfa7a20 relative=0x0000000000000520
Event: 9206.231 Thread 0x0000000022f98df0 Uncommon trap: reason=bimorphic_or_optimized_type_check action=maybe_recompile pc=0x000000000dfa7a20 method=com.google.common.collect.TransformedIterator.next()Ljava/lang/Object; @ 5 c2
Event: 9206.231 Thread 0x0000000022f98df0 DEOPT PACKING pc=0x000000000dfa7a20 sp=0x00000000276ce210
Event: 9206.231 Thread 0x0000000022f98df0 DEOPT UNPACKING pc=0x000000000d4b699d sp=0x00000000276ce1d8 mode 2

Classes unloaded (20 events):
Event: 9010.637 Thread 0x000000001c09c7e0 Unloading class 0x0000000100e98000 'jdk/internal/reflect/GeneratedSerializationConstructorAccessor69'
Event: 9010.638 Thread 0x000000001c09c7e0 Unloading class 0x0000000100e8cc00 'jdk/internal/reflect/GeneratedSerializationConstructorAccessor68'
Event: 9010.638 Thread 0x000000001c09c7e0 Unloading class 0x0000000100e8c800 'jdk/internal/reflect/GeneratedSerializationConstructorAccessor67'
Event: 9010.638 Thread 0x000000001c09c7e0 Unloading class 0x0000000100e8c400 'jdk/internal/reflect/GeneratedSerializationConstructorAccessor66'
Event: 9010.638 Thread 0x000000001c09c7e0 Unloading class 0x0000000100e8c000 'jdk/internal/reflect/GeneratedSerializationConstructorAccessor65'
Event: 9010.638 Thread 0x000000001c09c7e0 Unloading class 0x0000000100e70c00 'jdk/internal/reflect/GeneratedMethodAccessor39'
Event: 9010.638 Thread 0x000000001c09c7e0 Unloading class 0x0000000100e70000 'jdk/internal/reflect/GeneratedSerializationConstructorAccessor60'
Event: 9010.638 Thread 0x000000001c09c7e0 Unloading class 0x0000000100e6fc00 'jdk/internal/reflect/GeneratedSerializationConstructorAccessor59'
Event: 9010.638 Thread 0x000000001c09c7e0 Unloading class 0x0000000100e6ec00 'jdk/internal/reflect/GeneratedSerializationConstructorAccessor55'
Event: 9010.639 Thread 0x000000001c09c7e0 Unloading class 0x0000000100d8c400 'jdk/internal/reflect/GeneratedSerializationConstructorAccessor52'
Event: 9010.640 Thread 0x000000001c09c7e0 Unloading class 0x000000010085c400 'java/lang/invoke/LambdaForm$MH+0x000000010085c400'
Event: 9010.640 Thread 0x000000001c09c7e0 Unloading class 0x000000010085c000 'java/lang/invoke/LambdaForm$MH+0x000000010085c000'
Event: 9010.640 Thread 0x000000001c09c7e0 Unloading class 0x000000010083bc00 'java/lang/invoke/LambdaForm$MH+0x000000010083bc00'
Event: 9010.640 Thread 0x000000001c09c7e0 Unloading class 0x000000010083b800 'java/lang/invoke/LambdaForm$MH+0x000000010083b800'
Event: 9010.640 Thread 0x000000001c09c7e0 Unloading class 0x000000010083b400 'java/lang/invoke/LambdaForm$MH+0x000000010083b400'
Event: 9010.640 Thread 0x000000001c09c7e0 Unloading class 0x000000010083b000 'java/lang/invoke/LambdaForm$MH+0x000000010083b000'
Event: 9010.640 Thread 0x000000001c09c7e0 Unloading class 0x000000010083ac00 'java/lang/invoke/LambdaForm$MH+0x000000010083ac00'
Event: 9010.640 Thread 0x000000001c09c7e0 Unloading class 0x000000010083a800 'java/lang/invoke/LambdaForm$MH+0x000000010083a800'
Event: 9010.640 Thread 0x000000001c09c7e0 Unloading class 0x0000000100591000 'java/lang/invoke/LambdaForm$MH+0x0000000100591000'
Event: 9010.640 Thread 0x000000001c09c7e0 Unloading class 0x0000000100194c00 'java/lang/invoke/LambdaForm$MH+0x0000000100194c00'

Classes redefined (0 events):
No events

Internal exceptions (20 events):
Event: 9190.574 Thread 0x0000000022f97f80 Exception <a 'sun/nio/fs/WindowsException'{0x000000008bb45758}> (0x000000008bb45758) 
thrown [s\src\hotspot\share\prims\jni.cpp, line 517]
Event: 9190.575 Thread 0x0000000022f97f80 Exception <a 'sun/nio/fs/WindowsException'{0x000000008bb45c38}> (0x000000008bb45c38) 
thrown [s\src\hotspot\share\prims\jni.cpp, line 517]
Event: 9190.581 Thread 0x0000000022f97f80 Exception <a 'sun/nio/fs/WindowsException'{0x000000008bb48238}> (0x000000008bb48238) 
thrown [s\src\hotspot\share\prims\jni.cpp, line 517]
Event: 9190.581 Thread 0x0000000022f97f80 Exception <a 'sun/nio/fs/WindowsException'{0x000000008bb486e8}> (0x000000008bb486e8) 
thrown [s\src\hotspot\share\prims\jni.cpp, line 517]
Event: 9190.583 Thread 0x0000000022f97f80 Exception <a 'sun/nio/fs/WindowsException'{0x000000008bb4a910}> (0x000000008bb4a910) 
thrown [s\src\hotspot\share\prims\jni.cpp, line 517]
Event: 9190.583 Thread 0x0000000022f97f80 Exception <a 'sun/nio/fs/WindowsException'{0x000000008bb4ad50}> (0x000000008bb4ad50) 
thrown [s\src\hotspot\share\prims\jni.cpp, line 517]
Event: 9191.972 Thread 0x0000000022f97f80 Exception <a 'java/lang/NoSuchMethodError'{0x000000008aff5698}: static Lcom/android/ide/common/resources/CompileResourceRequest;.<clinit>()V> (0x000000008aff5698) 
thrown [s\src\hotspot\share\prims\jni.cpp, line 1108]
Event: 9192.884 Thread 0x0000000022f97f80 Exception <a 'sun/nio/fs/WindowsException'{0x000000008a7e9058}> (0x000000008a7e9058) 
thrown [s\src\hotspot\share\prims\jni.cpp, line 517]
Event: 9192.884 Thread 0x0000000022f97f80 Exception <a 'sun/nio/fs/WindowsException'{0x000000008a7e9418}> (0x000000008a7e9418) 
thrown [s\src\hotspot\share\prims\jni.cpp, line 517]
Event: 9193.566 Thread 0x0000000022f97f80 Exception <a 'sun/nio/fs/WindowsException'{0x0000000093afd290}> (0x0000000093afd290) 
thrown [s\src\hotspot\share\prims\jni.cpp, line 517]
Event: 9194.072 Thread 0x0000000022f97f80 Exception <a 'sun/nio/fs/WindowsException'{0x00000000930f6b68}> (0x00000000930f6b68) 
thrown [s\src\hotspot\share\prims\jni.cpp, line 517]
Event: 9194.175 Thread 0x0000000022f97f80 Exception <a 'sun/nio/fs/WindowsException'{0x0000000092d280a8}> (0x0000000092d280a8) 
thrown [s\src\hotspot\share\prims\jni.cpp, line 517]
Event: 9197.370 Thread 0x0000000022f94f60 Exception <a 'java/lang/NoSuchMethodError'{0x0000000090f453c0}: static Lcom/android/builder/internal/aapt/AaptOptions;.<clinit>()V> (0x0000000090f453c0) 
thrown [s\src\hotspot\share\prims\jni.cpp, line 1108]
Event: 9197.390 Thread 0x0000000022f94f60 Exception <a 'java/lang/NoSuchMethodError'{0x0000000090f58de8}: static Ljava/lang/Object;.<clinit>()V> (0x0000000090f58de8) 
thrown [s\src\hotspot\share\prims\jni.cpp, line 1108]
Event: 9197.413 Thread 0x0000000022f992c0 Exception <a 'sun/nio/fs/WindowsException'{0x0000000090fb48a8}> (0x0000000090fb48a8) 
thrown [s\src\hotspot\share\prims\jni.cpp, line 517]
Event: 9197.413 Thread 0x0000000022f992c0 Exception <a 'sun/nio/fs/WindowsException'{0x0000000090fb4c98}> (0x0000000090fb4c98) 
thrown [s\src\hotspot\share\prims\jni.cpp, line 517]
Event: 9197.423 Thread 0x0000000022f992c0 Exception <a 'sun/nio/fs/WindowsException'{0x0000000090fb5ca0}> (0x0000000090fb5ca0) 
thrown [s\src\hotspot\share\prims\jni.cpp, line 517]
Event: 9197.423 Thread 0x0000000022f992c0 Exception <a 'sun/nio/fs/WindowsException'{0x0000000090fb6088}> (0x0000000090fb6088) 
thrown [s\src\hotspot\share\prims\jni.cpp, line 517]
Event: 9204.843 Thread 0x0000000022f992c0 Exception <a 'sun/nio/fs/WindowsException'{0x0000000090055138}> (0x0000000090055138) 
thrown [s\src\hotspot\share\prims\jni.cpp, line 517]
Event: 9204.843 Thread 0x0000000022f992c0 Exception <a 'sun/nio/fs/WindowsException'{0x0000000090055578}> (0x0000000090055578) 
thrown [s\src\hotspot\share\prims\jni.cpp, line 517]

VM Operations (20 events):
Event: 9193.429 Executing VM operation: G1CollectForAllocation done
Event: 9194.429 Executing VM operation: Cleanup
Event: 9194.429 Executing VM operation: Cleanup done
Event: 9195.430 Executing VM operation: Cleanup
Event: 9195.430 Executing VM operation: Cleanup done
Event: 9196.431 Executing VM operation: Cleanup
Event: 9196.431 Executing VM operation: Cleanup done
Event: 9197.088 Executing VM operation: HandshakeAllThreads
Event: 9197.089 Executing VM operation: HandshakeAllThreads done
Event: 9197.093 Executing VM operation: HandshakeAllThreads
Event: 9197.093 Executing VM operation: HandshakeAllThreads done
Event: 9198.093 Executing VM operation: Cleanup
Event: 9198.093 Executing VM operation: Cleanup done
Event: 9199.094 Executing VM operation: Cleanup
Event: 9199.094 Executing VM operation: Cleanup done
Event: 9205.096 Executing VM operation: Cleanup
Event: 9205.096 Executing VM operation: Cleanup done
Event: 9206.097 Executing VM operation: Cleanup
Event: 9206.097 Executing VM operation: Cleanup done
Event: 9206.272 Executing VM operation: G1TryInitiateConcMark

Events (20 events):
Event: 9195.978 loading class javax/xml/xpath/XPathFactoryConfigurationException
Event: 9195.981 loading class javax/xml/xpath/XPathFactoryConfigurationException done
Event: 9196.597 loading class java/lang/Override
Event: 9196.598 loading class java/lang/Override done
Event: 9196.644 loading class java/util/Collections$UnmodifiableList$1
Event: 9196.645 loading class java/util/Collections$UnmodifiableList$1 done
Event: 9196.732 loading class sun/nio/cs/UTF_16$Encoder
Event: 9196.733 loading class sun/nio/cs/UnicodeEncoder
Event: 9196.735 loading class sun/nio/cs/UnicodeEncoder done
Event: 9196.736 loading class sun/nio/cs/UTF_16$Encoder done
Event: 9197.093 loading class sun/nio/cs/Surrogate$Parser
Event: 9197.096 loading class sun/nio/cs/Surrogate$Parser done
Event: 9197.096 loading class sun/nio/cs/Surrogate
Event: 9197.097 loading class sun/nio/cs/Surrogate done
Event: 9197.328 Thread 0x00000000207e2d70 Thread added: 0x00000000207e2d70
Event: 9197.692 Thread 0x00000000207e40b0 Thread added: 0x00000000207e40b0
Event: 9197.765 Thread 0x00000000207e1a30 Thread added: 0x00000000207e1a30
Event: 9197.766 Thread 0x00000000207e75a0 Thread added: 0x00000000207e75a0
Event: 9205.613 Thread 0x00000000207e4580 Thread added: 0x00000000207e4580
Event: 9206.271 Thread 0x00000000207e7f40 Thread added: 0x00000000207e7f40


Dynamic libraries:
0x00007ff7e2880000 - 0x00007ff7e288a000 	C:\Program Files\Android\Android Studio\jbr\bin\java.exe
0x00007ff8a5610000 - 0x00007ff8a5827000 	C:\Windows\SYSTEM32\ntdll.dll
0x00007ff8a4c80000 - 0x00007ff8a4d44000 	C:\Windows\System32\KERNEL32.DLL
0x00007ff8a2ea0000 - 0x00007ff8a3273000 	C:\Windows\System32\KERNELBASE.dll
0x00007ff89f460000 - 0x00007ff89f4f7000 	C:\Windows\SYSTEM32\apphelp.dll
0x00007ff8a2d50000 - 0x00007ff8a2e61000 	C:\Windows\System32\ucrtbase.dll
0x00007ff892530000 - 0x00007ff892547000 	C:\Program Files\Android\Android Studio\jbr\bin\jli.dll
0x00007ff892760000 - 0x00007ff89277b000 	C:\Program Files\Android\Android Studio\jbr\bin\VCRUNTIME140.dll
0x00007ff8a4da0000 - 0x00007ff8a4f51000 	C:\Windows\System32\USER32.dll
0x00007ff8a2e70000 - 0x00007ff8a2e96000 	C:\Windows\System32\win32u.dll
0x00007ff8a3980000 - 0x00007ff8a39a9000 	C:\Windows\System32\GDI32.dll
0x00007ff8a2930000 - 0x00007ff8a2a4b000 	C:\Windows\System32\gdi32full.dll
0x00007ff8a2720000 - 0x00007ff8a27ba000 	C:\Windows\System32\msvcp_win.dll
0x00007ff88de70000 - 0x00007ff88e108000 	C:\Windows\WinSxS\amd64_microsoft.windows.common-controls_6595b64144ccf1df_6.0.22621.5124_none_270e8f4f7386d69d\COMCTL32.dll
0x00007ff8a32f0000 - 0x00007ff8a3397000 	C:\Windows\System32\msvcrt.dll
0x00007ff8a32b0000 - 0x00007ff8a32e1000 	C:\Windows\System32\IMM32.DLL
0x00007ff892750000 - 0x00007ff89275c000 	C:\Program Files\Android\Android Studio\jbr\bin\vcruntime140_1.dll
0x00007ff888ff0000 - 0x00007ff88907d000 	C:\Program Files\Android\Android Studio\jbr\bin\msvcp140.dll
0x00007ff85f280000 - 0x00007ff85feee000 	C:\Program Files\Android\Android Studio\jbr\bin\server\jvm.dll
0x00007ff8a39b0000 - 0x00007ff8a3a61000 	C:\Windows\System32\ADVAPI32.dll
0x00007ff8a4310000 - 0x00007ff8a43b7000 	C:\Windows\System32\sechost.dll
0x00007ff8a3280000 - 0x00007ff8a32a8000 	C:\Windows\System32\bcrypt.dll
0x00007ff8a33a0000 - 0x00007ff8a34b4000 	C:\Windows\System32\RPCRT4.dll
0x00007ff871570000 - 0x00007ff871579000 	C:\Windows\SYSTEM32\WSOCK32.dll
0x00007ff89c3c0000 - 0x00007ff89c3f4000 	C:\Windows\SYSTEM32\WINMM.dll
0x00007ff8a51b0000 - 0x00007ff8a5221000 	C:\Windows\System32\WS2_32.dll
0x00007ff891240000 - 0x00007ff89124a000 	C:\Windows\SYSTEM32\VERSION.dll
0x00007ff8a1720000 - 0x00007ff8a1738000 	C:\Windows\SYSTEM32\kernel.appcore.dll
0x00007ff89f320000 - 0x00007ff89f32a000 	C:\Program Files\Android\Android Studio\jbr\bin\jimage.dll
0x00007ff8a0060000 - 0x00007ff8a0292000 	C:\Windows\SYSTEM32\DBGHELP.DLL
0x00007ff8a5230000 - 0x00007ff8a55c2000 	C:\Windows\System32\combase.dll
0x00007ff8a3740000 - 0x00007ff8a3817000 	C:\Windows\System32\OLEAUT32.dll
0x00007ff88db20000 - 0x00007ff88db52000 	C:\Windows\SYSTEM32\dbgcore.DLL
0x00007ff8a2a50000 - 0x00007ff8a2acb000 	C:\Windows\System32\bcryptPrimitives.dll
0x00007ff892780000 - 0x00007ff89278e000 	C:\Program Files\Android\Android Studio\jbr\bin\instrument.dll
0x00007ff89cbb0000 - 0x00007ff89cbd5000 	C:\Program Files\Android\Android Studio\jbr\bin\java.dll
0x00007ff892800000 - 0x00007ff892818000 	C:\Program Files\Android\Android Studio\jbr\bin\zip.dll
0x00007ff8a43e0000 - 0x00007ff8a4c76000 	C:\Windows\System32\SHELL32.dll
0x00007ff8a2c10000 - 0x00007ff8a2d4f000 	C:\Windows\System32\wintypes.dll
0x00007ff8a0600000 - 0x00007ff8a0f1a000 	C:\Windows\SYSTEM32\windows.storage.dll
0x00007ff8a3d70000 - 0x00007ff8a3e7a000 	C:\Windows\System32\SHCORE.dll
0x00007ff8a5140000 - 0x00007ff8a51a3000 	C:\Windows\System32\shlwapi.dll
0x00007ff8a2650000 - 0x00007ff8a267b000 	C:\Windows\SYSTEM32\profapi.dll
0x00007ff8926b0000 - 0x00007ff8926c9000 	C:\Program Files\Android\Android Studio\jbr\bin\net.dll
0x00007ff89b150000 - 0x00007ff89b27c000 	C:\Windows\SYSTEM32\WINHTTP.dll
0x00007ff8a1ba0000 - 0x00007ff8a1c0a000 	C:\Windows\system32\mswsock.dll
0x00007ff892690000 - 0x00007ff8926a6000 	C:\Program Files\Android\Android Studio\jbr\bin\nio.dll
0x00007ff89d7c0000 - 0x00007ff89d7d0000 	C:\Program Files\Android\Android Studio\jbr\bin\verify.dll
0x00007ff871a40000 - 0x00007ff871a67000 	C:\Program Files\Android\Android Studio\jbr\native\68d5fa5c4cc2d200863cafc0d521ce42e7d3e7ee720ec0a83991735586a16f82\windows-amd64\native-platform.dll
0x00007ff85ea90000 - 0x00007ff85ebd4000 	C:\Program Files\Android\Android Studio\jbr\native\e376f236ea51e6404a007f0833ffe2c6e607c4080706a723a18a27aeea778392\windows-amd64\native-platform-file-events.dll
0x00007ff89cba0000 - 0x00007ff89cba9000 	C:\Program Files\Android\Android Studio\jbr\bin\management.dll
0x00007ff8927f0000 - 0x00007ff8927fb000 	C:\Program Files\Android\Android Studio\jbr\bin\management_ext.dll
0x00007ff8a43c0000 - 0x00007ff8a43c8000 	C:\Windows\System32\PSAPI.DLL
0x00007ff8a1dc0000 - 0x00007ff8a1ddb000 	C:\Windows\SYSTEM32\CRYPTSP.dll
0x00007ff8a1680000 - 0x00007ff8a16b7000 	C:\Windows\system32\rsaenh.dll
0x00007ff8a1c60000 - 0x00007ff8a1c88000 	C:\Windows\SYSTEM32\USERENV.dll
0x00007ff8a1de0000 - 0x00007ff8a1dec000 	C:\Windows\SYSTEM32\CRYPTBASE.dll
0x00007ff8a11c0000 - 0x00007ff8a11ed000 	C:\Windows\SYSTEM32\IPHLPAPI.DLL
0x00007ff8a3e80000 - 0x00007ff8a3e89000 	C:\Windows\System32\NSI.dll
0x00007ff89af90000 - 0x00007ff89afa9000 	C:\Windows\SYSTEM32\dhcpcsvc6.DLL
0x00007ff89af20000 - 0x00007ff89af3f000 	C:\Windows\SYSTEM32\dhcpcsvc.DLL
0x00007ff8a1240000 - 0x00007ff8a1342000 	C:\Windows\SYSTEM32\DNSAPI.dll
0x00007ff873ad0000 - 0x00007ff873ad8000 	C:\Windows\system32\wshunix.dll
0x00007ff868ca0000 - 0x00007ff868cb7000 	C:\Windows\system32\napinsp.dll
0x00007ff862b70000 - 0x00007ff862b8b000 	C:\Windows\system32\pnrpnsp.dll
0x00007ff861850000 - 0x00007ff861861000 	C:\Windows\System32\winrnr.dll
0x00007ff86c840000 - 0x00007ff86c855000 	C:\Windows\system32\wshbth.dll
0x00007ff86b170000 - 0x00007ff86b197000 	C:\Windows\system32\nlansp_c.dll
0x00007ff892be0000 - 0x00007ff892bea000 	C:\Windows\System32\rasadhlp.dll
0x00007ff898fe0000 - 0x00007ff899063000 	C:\Windows\System32\fwpuclnt.dll
0x00007ff8a1840000 - 0x00007ff8a1874000 	C:\Windows\SYSTEM32\ntmarta.dll
0x00007ff888ef0000 - 0x00007ff888ef7000 	C:\Program Files\Android\Android Studio\jbr\bin\rmi.dll
0x00007ff89ce20000 - 0x00007ff89ce3e000 	C:\Users\Admin\AppData\Local\Temp\native-platform4005942918945543889dir\native-platform.dll

dbghelp: loaded successfully - version: 4.0.5 - missing functions: none
symbol engine: initialized successfully - sym options: 0x614 - pdb path: .;C:\Program Files\Android\Android Studio\jbr\bin;C:\Windows\SYSTEM32;C:\Windows\WinSxS\amd64_microsoft.windows.common-controls_6595b64144ccf1df_6.0.22621.5124_none_270e8f4f7386d69d;C:\Program Files\Android\Android Studio\jbr\bin\server;C:\Program Files\Android\Android Studio\jbr\native\68d5fa5c4cc2d200863cafc0d521ce42e7d3e7ee720ec0a83991735586a16f82\windows-amd64;C:\Program Files\Android\Android Studio\jbr\native\e376f236ea51e6404a007f0833ffe2c6e607c4080706a723a18a27aeea778392\windows-amd64;C:\Users\Admin\AppData\Local\Temp\native-platform4005942918945543889dir

VM Arguments:
jvm_args: --add-opens=java.base/java.util=ALL-UNNAMED --add-opens=java.base/java.lang=ALL-UNNAMED --add-opens=java.base/java.lang.invoke=ALL-UNNAMED --add-opens=java.prefs/java.util.prefs=ALL-UNNAMED --add-opens=java.base/java.nio.charset=ALL-UNNAMED --add-opens=java.base/java.net=ALL-UNNAMED --add-opens=java.base/java.util.concurrent.atomic=ALL-UNNAMED -Xmx2048m -Dfile.encoding=UTF-8 -Duser.country=US -Duser.language=en -Duser.variant -javaagent:C:\Program Files\Android\Android Studio\jbr\wrapper\dists\gradle-8.1.1-all\bs1rrjki8hh9bujwbsqnxtuzr\gradle-8.1.1\lib\agents\gradle-instrumentation-agent-8.1.1.jar 
java_command: org.gradle.launcher.daemon.bootstrap.GradleDaemon 8.1.1
java_class_path (initial): C:\Program Files\Android\Android Studio\jbr\wrapper\dists\gradle-8.1.1-all\bs1rrjki8hh9bujwbsqnxtuzr\gradle-8.1.1\lib\gradle-launcher-8.1.1.jar
Launcher Type: SUN_STANDARD

[Global flags]
     intx CICompilerCount                          = 2                                         {product} {ergonomic}
     uint ConcGCThreads                            = 1                                         {product} {ergonomic}
     uint G1ConcRefinementThreads                  = 2                                         {product} {ergonomic}
   size_t G1HeapRegionSize                         = 1048576                                   {product} {ergonomic}
    uintx GCDrainStackTargetSize                   = 64                                        {product} {ergonomic}
   size_t InitialHeapSize                          = 62914560                                  {product} {ergonomic}
   size_t MarkStackSize                            = 4194304                                   {product} {ergonomic}
   size_t MaxHeapSize                              = 2147483648                                {product} {command line}
   size_t MaxNewSize                               = 1287651328                                {product} {ergonomic}
   size_t MinHeapDeltaBytes                        = 1048576                                   {product} {ergonomic}
   size_t MinHeapSize                              = 8388608                                   {product} {ergonomic}
    uintx NonNMethodCodeHeapSize                   = 5826188                                {pd product} {ergonomic}
    uintx NonProfiledCodeHeapSize                  = 122916026                              {pd product} {ergonomic}
    uintx ProfiledCodeHeapSize                     = 122916026                              {pd product} {ergonomic}
    uintx ReservedCodeCacheSize                    = 251658240                              {pd product} {ergonomic}
     bool SegmentedCodeCache                       = true                                      {product} {ergonomic}
   size_t SoftMaxHeapSize                          = 2147483648                             {manageable} {ergonomic}
     bool UseCompressedClassPointers               = true                           {product lp64_product} {ergonomic}
     bool UseCompressedOops                        = true                           {product lp64_product} {ergonomic}
     bool UseG1GC                                  = true                                      {product} {ergonomic}
     bool UseLargePagesIndividualAllocation        = false                                  {pd product} {ergonomic}

Logging:
Log output configuration:
 #0: stdout all=warning uptime,level,tags
 #1: stderr all=off uptime,level,tags

Environment Variables:
JAVA_HOME=C:\Program Files\Android\Android Studio\jbr

PATH=C:\Program Files (x86)\Common Files\Oracle\Java\java8path;C:\Program Files (x86)\Common Files\Oracle\Java\javapath;C:\Python312\Scripts\;C:\Python312\;C:\Windows\system32;C:\Windows;C:\Windows\System32\Wbem;C:\Windows\System32\WindowsPowerShell\v1.0\;C:\Windows\System32\OpenSSH\;C:\Program Files\dotnet\;C:\Program Files\Microsoft VS Code\bin;C:\Program Files\Git\cmd;C:\ProgramData\chocolatey\bin;C:\Program Files\Android\Android Studio\jbr\bin;C:\Program Files\Java\jdk-23\bin;C:\cygwin64\bin;C:\Program Files\usbipd-win\;C:\xampp\php;C:\ProgramData\ComposerSetup\bin;C:\Users\Admin\AppData\Local\Microsoft\WindowsApps;C:\Users\Admin\AppData\Local\Programs\Microsoft VS Code\bin;C:\Users\Admin\AppData\Local\spicetify;C:\Users\Admin\AppData\Roaming\npm;C:\Program Files\PostgreSQL\17\bin;C:\Users\Admin\AppData\Roaming\Composer\vendor\bin;C:\adb;C:\xampp\mysql\bin;;c:\Users\Admin\AppData\Local\Programs\cursor\resources\app\bin;C:\Program Files\nodejs\;C:\Users\Admin\AppData\Roaming\Python\Python312\Scripts
USERNAME=Admin
OS=Windows_NT
PROCESSOR_IDENTIFIER=Intel64 Family 6 Model 122 Stepping 8, GenuineIntel
TMP=C:\Users\Admin\AppData\Local\Temp
TEMP=C:\Users\Admin\AppData\Local\Temp


JNI global refs:
JNI global refs: 25, weak refs: 0

JNI global refs memory usage: 843, weak refs: 841


---------------  S Y S T E M  ---------------

OS:
 Windows 11 , 64 bit Build 22621 (10.0.22621.5124)
OS uptime: 0 days 8:54 hours
Hyper-V role detected

CPU: total 2 (initial active 2) (2 cores per cpu, 1 threads per core) family 6 model 122 stepping 8 microcode 0x20, cx8, cmov, fxsr, mmx, 3dnowpref, sse, sse2, sse3, ssse3, sse4.1, sse4.2, popcnt, tsc, tscinvbit, aes, erms, clmul, sha, clflush, clflushopt, hv

Memory: 4k page, system-wide physical 3737M (45M free)
TotalPageFile size 9881M (AvailPageFile size 8M)
current process WorkingSet (physical memory assigned to process): 455M, peak: 668M
current process commit charge ("private bytes"): 1326M, peak: 1336M

vm_info: OpenJDK 64-Bit Server VM (17.0.6+0-b2043.56-10027231) for windows-amd64 JRE (17.0.6+0-b2043.56-10027231), built on Apr 28 2023 00:43:19 by "androidbuild" with MS VC++ 16.10 / 16.11 (VS2019)

END.
