#
# There is insufficient memory for the Java Runtime Environment to continue.
# Native memory allocation (malloc) failed to allocate 1174288 bytes for Chunk::new
# Possible reasons:
#   The system is out of physical RAM or swap space
#   The process is running with CompressedOops enabled, and the Java Heap may be blocking the growth of the native heap
# Possible solutions:
#   Reduce memory load on the system
#   Increase physical memory or swap space
#   Check if swap backing store is full
#   Decrease Java heap size (-Xmx/-Xms)
#   Decrease number of Java threads
#   Decrease Java thread stack sizes (-Xss)
#   Set larger code cache with -XX:ReservedCodeCacheSize=
#   JVM is running with Unscaled Compressed Oops mode in which the Java heap is
#     placed in the first 4GB address space. The Java Heap base address is the
#     maximum limit for the native heap growth. Please use -XX:HeapBaseMinAddress
#     to set the Java Heap base and to place the Java Heap above 4GB virtual address.
# This output file may be truncated or incomplete.
#
#  Out of Memory Error (arena.cpp:189), pid=4616, tid=8208
#
# JRE version: OpenJDK Runtime Environment (17.0.6) (build 17.0.6+0-b2043.56-10027231)
# Java VM: OpenJDK 64-Bit Server VM (17.0.6+0-b2043.56-10027231, mixed mode, tiered, compressed oops, compressed class ptrs, g1 gc, windows-amd64)
# No core dump will be written. Minidumps are not enabled by default on client versions of Windows
#

---------------  S U M M A R Y ------------

Command Line: --add-opens=java.base/java.util=ALL-UNNAMED --add-opens=java.base/java.lang=ALL-UNNAMED --add-opens=java.base/java.lang.invoke=ALL-UNNAMED --add-opens=java.prefs/java.util.prefs=ALL-UNNAMED --add-opens=java.base/java.nio.charset=ALL-UNNAMED --add-opens=java.base/java.net=ALL-UNNAMED --add-opens=java.base/java.util.concurrent.atomic=ALL-UNNAMED -Xmx2048m -Dfile.encoding=UTF-8 -Duser.country=US -Duser.language=en -Duser.variant -javaagent:C:\Program Files\Android\Android Studio\jbr\wrapper\dists\gradle-8.1.1-all\bs1rrjki8hh9bujwbsqnxtuzr\gradle-8.1.1\lib\agents\gradle-instrumentation-agent-8.1.1.jar org.gradle.launcher.daemon.bootstrap.GradleDaemon 8.1.1

Host: Intel(R) Celeron(R) N4020 CPU @ 1.10GHz, 2 cores, 3G,  Windows 11 , 64 bit Build 22621 (10.0.22621.5124)
Time: Sat Apr 26 18:28:54 2025 SE Asia Standard Time elapsed time: 737.709699 seconds (0d 0h 12m 17s)

---------------  T H R E A D  ---------------

Current thread (0x000000001c12e690):  JavaThread "C2 CompilerThread0" daemon [_thread_in_native, id=8208, stack(0x000000001d610000,0x000000001d710000)]


Current CompileTask:
C2: 737710 20835       4       org.gradle.api.internal.tasks.compile.incremental.deps.ClassDependentsAccumulator::addClass (222 bytes)

Stack: [0x000000001d610000,0x000000001d710000]
Native frames: (J=compiled Java code, j=interpreted, Vv=VM code, C=native code)
V  [jvm.dll+0x683c9a]
V  [jvm.dll+0x8427a4]
V  [jvm.dll+0x843f9e]
V  [jvm.dll+0x844603]
V  [jvm.dll+0x249b75]
V  [jvm.dll+0xabcac]
V  [jvm.dll+0xac27c]
V  [jvm.dll+0x368857]
V  [jvm.dll+0x332f31]
V  [jvm.dll+0x3323da]
V  [jvm.dll+0x21c201]
V  [jvm.dll+0x21b621]
V  [jvm.dll+0x1a4fdd]
V  [jvm.dll+0x22b098]
V  [jvm.dll+0x229159]
V  [jvm.dll+0x7f81ec]
V  [jvm.dll+0x7f274a]
V  [jvm.dll+0x682ad5]
C  [ucrtbase.dll+0x29333]
C  [KERNEL32.DLL+0x1259d]
C  [ntdll.dll+0x5af38]


---------------  P R O C E S S  ---------------

Threads class SMR info:
_java_thread_list=0x000000002efd69c0, length=60, elements={
0x0000000002aac0e0, 0x000000001c149030, 0x000000001c149b50, 0x000000001c16d290,
0x000000001c16e100, 0x000000001c16fac0, 0x000000001c170470, 0x000000001c12e690,
0x000000001c17d300, 0x000000001ce61380, 0x000000001c0b32e0, 0x000000001d029c50,
0x000000001ffd0080, 0x000000001e3a2840, 0x000000001f725c40, 0x000000001d1d2820,
0x000000001d1d14e0, 0x000000001d1d01a0, 0x000000001d1d0670, 0x000000001d1d2350,
0x000000001d1d19b0, 0x000000001d1d1e80, 0x000000001d1cfcd0, 0x000000001feb5fe0,
0x000000001feb6980, 0x000000001feb8b30, 0x000000001feb8190, 0x000000001feb7320,
0x0000000026e6eef0, 0x0000000026e6dbb0, 0x0000000026e6f890, 0x0000000026e723e0,
0x0000000026e6b530, 0x0000000026e6b060, 0x0000000026e6fd60, 0x0000000026e728b0,
0x0000000026e6e550, 0x0000000026e6bed0, 0x0000000026e70bd0, 0x0000000026e6ea20,
0x0000000026e710a0, 0x0000000026e6c870, 0x0000000026e6f3c0, 0x0000000026e6d6e0,
0x0000000026e70230, 0x000000001feb99a0, 0x000000001feba340, 0x000000001feb94d0,
0x000000001febace0, 0x000000001feb6e50, 0x000000001feb5b10, 0x000000001febb680,
0x000000002846ed00, 0x00000000284687f0, 0x000000002846ae70, 0x000000002846d9c0,
0x0000000028469b30, 0x000000002846b340, 0x0000000028468cc0, 0x000000001d1d3690
}

Java Threads: ( => current thread )
  0x0000000002aac0e0 JavaThread "main" [_thread_blocked, id=2064, stack(0x0000000002160000,0x0000000002260000)]
  0x000000001c149030 JavaThread "Reference Handler" daemon [_thread_blocked, id=7856, stack(0x000000001c280000,0x000000001c380000)]
  0x000000001c149b50 JavaThread "Finalizer" daemon [_thread_blocked, id=2824, stack(0x000000001cc00000,0x000000001cd00000)]
  0x000000001c16d290 JavaThread "Signal Dispatcher" daemon [_thread_blocked, id=2528, stack(0x000000001d210000,0x000000001d310000)]
  0x000000001c16e100 JavaThread "Attach Listener" daemon [_thread_blocked, id=5464, stack(0x000000001d310000,0x000000001d410000)]
  0x000000001c16fac0 JavaThread "Service Thread" daemon [_thread_blocked, id=10860, stack(0x000000001d410000,0x000000001d510000)]
  0x000000001c170470 JavaThread "Monitor Deflation Thread" daemon [_thread_blocked, id=5956, stack(0x000000001d510000,0x000000001d610000)]
=>0x000000001c12e690 JavaThread "C2 CompilerThread0" daemon [_thread_in_native, id=8208, stack(0x000000001d610000,0x000000001d710000)]
  0x000000001c17d300 JavaThread "C1 CompilerThread0" daemon [_thread_blocked, id=9972, stack(0x000000001d710000,0x000000001d810000)]
  0x000000001ce61380 JavaThread "Sweeper thread" daemon [_thread_blocked, id=9960, stack(0x000000001d810000,0x000000001d910000)]
  0x000000001c0b32e0 JavaThread "Common-Cleaner" daemon [_thread_blocked, id=8492, stack(0x000000001d910000,0x000000001da10000)]
  0x000000001d029c50 JavaThread "Notification Thread" daemon [_thread_blocked, id=6548, stack(0x000000001da10000,0x000000001db10000)]
  0x000000001ffd0080 JavaThread "Daemon health stats" [_thread_blocked, id=5636, stack(0x000000001e510000,0x000000001e610000)]
  0x000000001e3a2840 JavaThread "Incoming local TCP Connector on port 50516" [_thread_in_native, id=8484, stack(0x000000001e610000,0x000000001e710000)]
  0x000000001f725c40 JavaThread "Daemon periodic checks" [_thread_blocked, id=6252, stack(0x0000000021430000,0x0000000021530000)]
  0x000000001d1d2820 JavaThread "Cache worker for journal cache (C:\Program Files\Android\Android Studio\jbr\caches\journal-1)" [_thread_blocked, id=2140, stack(0x0000000022600000,0x0000000022700000)]
  0x000000001d1d14e0 JavaThread "File lock request listener" [_thread_in_native, id=4716, stack(0x0000000022700000,0x0000000022800000)]
  0x000000001d1d01a0 JavaThread "Cache worker for file hash cache (C:\Program Files\Android\Android Studio\jbr\caches\8.1.1\fileHashes)" [_thread_blocked, id=5016, stack(0x00000000237d0000,0x00000000238d0000)]
  0x000000001d1d0670 JavaThread "File watcher server" daemon [_thread_in_native, id=3604, stack(0x00000000238d0000,0x00000000239d0000)]
  0x000000001d1d2350 JavaThread "File watcher consumer" daemon [_thread_blocked, id=1928, stack(0x00000000239d0000,0x0000000023ad0000)]
  0x000000001d1d19b0 JavaThread "jar transforms" [_thread_blocked, id=8068, stack(0x0000000023ad0000,0x0000000023bd0000)]
  0x000000001d1d1e80 JavaThread "jar transforms Thread 2" [_thread_blocked, id=8104, stack(0x0000000024400000,0x0000000024500000)]
  0x000000001d1cfcd0 JavaThread "Cache worker for file content cache (C:\Program Files\Android\Android Studio\jbr\caches\8.1.1\fileContent)" [_thread_blocked, id=9128, stack(0x0000000024700000,0x0000000024800000)]
  0x000000001feb5fe0 JavaThread "Cache worker for execution history cache (C:\Program Files\Android\Android Studio\jbr\caches\8.1.1\executionHistory)" [_thread_blocked, id=5508, stack(0x0000000024d60000,0x0000000024e60000)]
  0x000000001feb6980 JavaThread "Cache worker for kotlin-dsl (C:\Program Files\Android\Android Studio\jbr\caches\8.1.1\kotlin-dsl)" [_thread_blocked, id=5092, stack(0x0000000024a00000,0x0000000024b00000)]
  0x000000001feb8b30 JavaThread "Memory manager" [_thread_blocked, id=9220, stack(0x0000000027a00000,0x0000000027b00000)]
  0x000000001feb8190 JavaThread "Daemon Thread 2" [_thread_blocked, id=9736, stack(0x0000000000620000,0x0000000000720000)]
  0x000000001feb7320 JavaThread "Daemon worker Thread 2" [_thread_blocked, id=4340, stack(0x0000000021530000,0x0000000021630000)]
  0x0000000026e6eef0 JavaThread "RMI Scheduler(0)" daemon [_thread_blocked, id=6236, stack(0x000000002e1d0000,0x000000002e2d0000)]
  0x0000000026e6dbb0 JavaThread "RMI GC Daemon" daemon [_thread_blocked, id=9988, stack(0x000000002e4d0000,0x000000002e5d0000)]
  0x0000000026e6f890 JavaThread "RMI TCP Accept-0" daemon [_thread_in_native, id=10324, stack(0x000000002e5d0000,0x000000002e6d0000)]
  0x0000000026e723e0 JavaThread "RMI Reaper" [_thread_blocked, id=6724, stack(0x000000002e6d0000,0x000000002e7d0000)]
  0x0000000026e6b530 JavaThread "RMI TCP Connection(idle)" daemon [_thread_blocked, id=9980, stack(0x000000002e7d0000,0x000000002e8d0000)]
  0x0000000026e6b060 JavaThread "Handler for socket connection from /127.0.0.1:50516 to /127.0.0.1:50540" [_thread_in_native, id=9936, stack(0x0000000000720000,0x0000000000820000)]
  0x0000000026e6fd60 JavaThread "Cancel handler" [_thread_blocked, id=2376, stack(0x0000000000860000,0x0000000000960000)]
  0x0000000026e728b0 JavaThread "Asynchronous log dispatcher for DefaultDaemonConnection: socket connection from /127.0.0.1:50516 to /127.0.0.1:50540" [_thread_blocked, id=11124, stack(0x0000000021630000,0x0000000021730000)]
  0x0000000026e6e550 JavaThread "Daemon client event forwarder" [_thread_blocked, id=3900, stack(0x0000000022100000,0x0000000022200000)]
  0x0000000026e6bed0 JavaThread "Cache worker for checksums cache (C:\Users\Admin\AndroidStudioProjects\kurirkilat\.gradle\8.1.1\checksums)" [_thread_blocked, id=8708, stack(0x0000000022300000,0x0000000022400000)]
  0x0000000026e70bd0 JavaThread "Cache worker for cache directory md-rule (C:\Program Files\Android\Android Studio\jbr\caches\8.1.1\md-rule)" [_thread_blocked, id=10496, stack(0x0000000022400000,0x0000000022500000)]
  0x0000000026e6ea20 JavaThread "Cache worker for file hash cache (C:\Users\Admin\AndroidStudioProjects\kurirkilat\.gradle\8.1.1\fileHashes)" [_thread_blocked, id=9812, stack(0x0000000022500000,0x0000000022600000)]
  0x0000000026e710a0 JavaThread "Cache worker for cache directory md-supplier (C:\Program Files\Android\Android Studio\jbr\caches\8.1.1\md-supplier)" [_thread_blocked, id=7196, stack(0x0000000024500000,0x0000000024600000)]
  0x0000000026e6c870 JavaThread "Cache worker for dependencies-accessors (C:\Users\Admin\AndroidStudioProjects\kurirkilat\.gradle\8.1.1\dependencies-accessors)" [_thread_blocked, id=10808, stack(0x0000000024600000,0x0000000024700000)]
  0x0000000026e6f3c0 JavaThread "Cache worker for Build Output Cleanup Cache (C:\Users\Admin\AndroidStudioProjects\kurirkilat\.gradle\buildOutputCleanup)" [_thread_blocked, id=8240, stack(0x0000000024800000,0x0000000024900000)]
  0x0000000026e6d6e0 JavaThread "Unconstrained build operations" [_thread_blocked, id=8948, stack(0x0000000024900000,0x0000000024a00000)]
  0x0000000026e70230 JavaThread "build event listener" [_thread_blocked, id=9684, stack(0x0000000024b00000,0x0000000024c00000)]
  0x000000001feb99a0 JavaThread "included builds" [_thread_blocked, id=1216, stack(0x0000000024e60000,0x0000000024f60000)]
  0x000000001feba340 JavaThread "Execution worker" [_thread_in_Java, id=11024, stack(0x0000000027800000,0x0000000027900000)]
  0x000000001feb94d0 JavaThread "Cache worker for execution history cache (C:\Users\Admin\AndroidStudioProjects\kurirkilat\.gradle\8.1.1\executionHistory)" [_thread_blocked, id=8728, stack(0x0000000027900000,0x0000000027a00000)]
  0x000000001febace0 JavaThread "Unconstrained build operations Thread 2" [_thread_blocked, id=8616, stack(0x0000000027b00000,0x0000000027c00000)]
  0x000000001feb6e50 JavaThread "Unconstrained build operations Thread 3" [_thread_blocked, id=9704, stack(0x00000000293d0000,0x00000000294d0000)]
  0x000000001feb5b10 JavaThread "Unconstrained build operations Thread 4" [_thread_blocked, id=9520, stack(0x00000000294d0000,0x00000000295d0000)]
  0x000000001febb680 JavaThread "Unconstrained build operations Thread 5" [_thread_blocked, id=8664, stack(0x00000000295d0000,0x00000000296d0000)]
  0x000000002846ed00 JavaThread "Unconstrained build operations Thread 6" [_thread_blocked, id=7104, stack(0x00000000296d0000,0x00000000297d0000)]
  0x00000000284687f0 JavaThread "WorkerExecutor Queue" [_thread_blocked, id=5724, stack(0x000000002c000000,0x000000002c100000)]
  0x000000002846ae70 JavaThread "Unconstrained build operations Thread 7" [_thread_blocked, id=1864, stack(0x000000002c100000,0x000000002c200000)]
  0x000000002846d9c0 JavaThread "Unconstrained build operations Thread 8" [_thread_blocked, id=5988, stack(0x000000002c300000,0x000000002c400000)]
  0x0000000028469b30 JavaThread "Unconstrained build operations Thread 9" [_thread_blocked, id=9628, stack(0x000000002de50000,0x000000002df50000)]
  0x000000002846b340 JavaThread "RMI TCP Connection(idle)" daemon [_thread_blocked, id=5012, stack(0x000000002dbd0000,0x000000002dcd0000)]
  0x0000000028468cc0 JavaThread "Cache worker for Java compile cache (C:\Program Files\Android\Android Studio\jbr\caches\8.1.1\javaCompile)" [_thread_in_Java, id=10576, stack(0x0000000024c00000,0x0000000024d00000)]
  0x000000001d1d3690 JavaThread "Build operations" [_thread_blocked, id=9332, stack(0x000000002c200000,0x000000002c300000)]

Other Threads:
  0x000000001c0cca20 VMThread "VM Thread" [stack: 0x000000001c180000,0x000000001c280000] [id=8400]
  0x000000001d12fa40 WatcherThread [stack: 0x000000001db10000,0x000000001dc10000] [id=3572]
  0x0000000002b07f50 GCTaskThread "GC Thread#0" [stack: 0x00000000026c0000,0x00000000027c0000] [id=6556]
  0x000000001d015a40 GCTaskThread "GC Thread#1" [stack: 0x000000001e410000,0x000000001e510000] [id=8896]
  0x0000000002b19630 ConcurrentGCThread "G1 Main Marker" [stack: 0x00000000027c0000,0x00000000028c0000] [id=2856]
  0x0000000002b1a040 ConcurrentGCThread "G1 Conc#0" [stack: 0x00000000028c0000,0x00000000029c0000] [id=6008]
  0x0000000002b4c3d0 ConcurrentGCThread "G1 Refine#0" [stack: 0x000000001bd80000,0x000000001be80000] [id=2820]
  0x0000000002b4cdf0 ConcurrentGCThread "G1 Service" [stack: 0x000000001be80000,0x000000001bf80000] [id=11092]

Threads with active compile tasks:
C2 CompilerThread0   737833 20835       4       org.gradle.api.internal.tasks.compile.incremental.deps.ClassDependentsAccumulator::addClass (222 bytes)

VM state: not at safepoint (normal execution)

VM Mutex/Monitor currently owned by a thread: None

Heap address: 0x0000000080000000, size: 2048 MB, Compressed Oops mode: 32-bit

CDS archive(s) not mapped
Compressed class space mapped at: 0x0000000100000000-0x0000000140000000, reserved size: 1073741824
Narrow klass base: 0x0000000000000000, Narrow klass shift: 3, Narrow klass range: 0x140000000

GC Precious Log:
 CPUs: 2 total, 2 available
 Memory: 3737M
 Large Page Support: Disabled
 NUMA Support: Disabled
 Compressed Oops: Enabled (32-bit)
 Heap Region Size: 1M
 Heap Min Capacity: 8M
 Heap Initial Capacity: 60M
 Heap Max Capacity: 2G
 Pre-touch: Disabled
 Parallel Workers: 2
 Concurrent Workers: 1
 Concurrent Refinement Workers: 2
 Periodic GC: Disabled

Heap:
 garbage-first heap   total 372736K, used 289166K [0x0000000080000000, 0x0000000100000000)
  region size 1024K, 62 young (63488K), 8 survivors (8192K)
 Metaspace       used 138815K, committed 140160K, reserved 1171456K
  class space    used 18550K, committed 19200K, reserved 1048576K

Heap Regions: E=young(eden), S=young(survivor), O=old, HS=humongous(starts), HC=humongous(continues), CS=collection set, F=free, OA=open archive, CA=closed archive, TAMS=top-at-mark-start (previous, next)
|   0|0x0000000080000000, 0x0000000080100000, 0x0000000080100000|100%| O|  |TAMS 0x0000000080100000, 0x0000000080000000| Untracked 
|   1|0x0000000080100000, 0x0000000080200000, 0x0000000080200000|100%| O|  |TAMS 0x0000000080200000, 0x0000000080100000| Untracked 
|   2|0x0000000080200000, 0x0000000080300000, 0x0000000080300000|100%|HS|  |TAMS 0x0000000080300000, 0x0000000080200000| Complete 
|   3|0x0000000080300000, 0x0000000080400000, 0x0000000080400000|100%|HC|  |TAMS 0x0000000080400000, 0x0000000080300000| Complete 
|   4|0x0000000080400000, 0x0000000080500000, 0x0000000080500000|100%|HC|  |TAMS 0x0000000080500000, 0x0000000080400000| Complete 
|   5|0x0000000080500000, 0x0000000080600000, 0x0000000080600000|100%|HC|  |TAMS 0x0000000080600000, 0x0000000080500000| Complete 
|   6|0x0000000080600000, 0x0000000080700000, 0x0000000080700000|100%| O|  |TAMS 0x0000000080700000, 0x0000000080600000| Untracked 
|   7|0x0000000080700000, 0x0000000080800000, 0x0000000080800000|100%| O|  |TAMS 0x0000000080800000, 0x0000000080700000| Untracked 
|   8|0x0000000080800000, 0x0000000080900000, 0x0000000080900000|100%| O|  |TAMS 0x0000000080900000, 0x0000000080800000| Untracked 
|   9|0x0000000080900000, 0x0000000080a00000, 0x0000000080a00000|100%| O|  |TAMS 0x0000000080a00000, 0x0000000080900000| Untracked 
|  10|0x0000000080a00000, 0x0000000080b00000, 0x0000000080b00000|100%| O|  |TAMS 0x0000000080b00000, 0x0000000080a00000| Untracked 
|  11|0x0000000080b00000, 0x0000000080c00000, 0x0000000080c00000|100%| O|  |TAMS 0x0000000080c00000, 0x0000000080b00000| Untracked 
|  12|0x0000000080c00000, 0x0000000080d00000, 0x0000000080d00000|100%| O|  |TAMS 0x0000000080d00000, 0x0000000080c00000| Untracked 
|  13|0x0000000080d00000, 0x0000000080e00000, 0x0000000080e00000|100%| O|  |TAMS 0x0000000080e00000, 0x0000000080d00000| Untracked 
|  14|0x0000000080e00000, 0x0000000080f00000, 0x0000000080f00000|100%| O|  |TAMS 0x0000000080f00000, 0x0000000080e00000| Untracked 
|  15|0x0000000080f00000, 0x0000000081000000, 0x0000000081000000|100%| O|  |TAMS 0x0000000081000000, 0x0000000080f00000| Untracked 
|  16|0x0000000081000000, 0x0000000081100000, 0x0000000081100000|100%| O|  |TAMS 0x0000000081100000, 0x0000000081000000| Untracked 
|  17|0x0000000081100000, 0x0000000081200000, 0x0000000081200000|100%| O|  |TAMS 0x0000000081200000, 0x0000000081100000| Untracked 
|  18|0x0000000081200000, 0x0000000081300000, 0x0000000081300000|100%| O|  |TAMS 0x0000000081300000, 0x0000000081200000| Untracked 
|  19|0x0000000081300000, 0x0000000081400000, 0x0000000081400000|100%| O|  |TAMS 0x0000000081400000, 0x0000000081300000| Untracked 
|  20|0x0000000081400000, 0x0000000081500000, 0x0000000081500000|100%| O|  |TAMS 0x0000000081500000, 0x0000000081400000| Untracked 
|  21|0x0000000081500000, 0x0000000081600000, 0x0000000081600000|100%|HS|  |TAMS 0x0000000081600000, 0x0000000081500000| Complete 
|  22|0x0000000081600000, 0x0000000081700000, 0x0000000081700000|100%|HC|  |TAMS 0x0000000081700000, 0x0000000081600000| Complete 
|  23|0x0000000081700000, 0x0000000081800000, 0x0000000081800000|100%|HS|  |TAMS 0x0000000081800000, 0x0000000081700000| Complete 
|  24|0x0000000081800000, 0x0000000081900000, 0x0000000081900000|100%|HC|  |TAMS 0x0000000081900000, 0x0000000081800000| Complete 
|  25|0x0000000081900000, 0x0000000081a00000, 0x0000000081a00000|100%|HC|  |TAMS 0x0000000081a00000, 0x0000000081900000| Complete 
|  26|0x0000000081a00000, 0x0000000081b00000, 0x0000000081b00000|100%|HS|  |TAMS 0x0000000081b00000, 0x0000000081a00000| Complete 
|  27|0x0000000081b00000, 0x0000000081c00000, 0x0000000081c00000|100%|HC|  |TAMS 0x0000000081c00000, 0x0000000081b00000| Complete 
|  28|0x0000000081c00000, 0x0000000081d00000, 0x0000000081d00000|100%|HC|  |TAMS 0x0000000081d00000, 0x0000000081c00000| Complete 
|  29|0x0000000081d00000, 0x0000000081e00000, 0x0000000081e00000|100%| O|  |TAMS 0x0000000081e00000, 0x0000000081d00000| Untracked 
|  30|0x0000000081e00000, 0x0000000081f00000, 0x0000000081f00000|100%| O|  |TAMS 0x0000000081f00000, 0x0000000081e00000| Untracked 
|  31|0x0000000081f00000, 0x0000000082000000, 0x0000000082000000|100%|HS|  |TAMS 0x0000000082000000, 0x0000000081f00000| Complete 
|  32|0x0000000082000000, 0x0000000082100000, 0x0000000082100000|100%|HC|  |TAMS 0x0000000082100000, 0x0000000082000000| Complete 
|  33|0x0000000082100000, 0x0000000082200000, 0x0000000082200000|100%|HC|  |TAMS 0x0000000082200000, 0x0000000082100000| Complete 
|  34|0x0000000082200000, 0x0000000082300000, 0x0000000082300000|100%|HC|  |TAMS 0x0000000082300000, 0x0000000082200000| Complete 
|  35|0x0000000082300000, 0x0000000082400000, 0x0000000082400000|100%|HC|  |TAMS 0x0000000082400000, 0x0000000082300000| Complete 
|  36|0x0000000082400000, 0x0000000082500000, 0x0000000082500000|100%|HC|  |TAMS 0x0000000082500000, 0x0000000082400000| Complete 
|  37|0x0000000082500000, 0x0000000082600000, 0x0000000082600000|100%|HC|  |TAMS 0x0000000082600000, 0x0000000082500000| Complete 
|  38|0x0000000082600000, 0x0000000082700000, 0x0000000082700000|100%|HC|  |TAMS 0x0000000082700000, 0x0000000082600000| Complete 
|  39|0x0000000082700000, 0x0000000082800000, 0x0000000082800000|100%|HC|  |TAMS 0x0000000082800000, 0x0000000082700000| Complete 
|  40|0x0000000082800000, 0x0000000082900000, 0x0000000082900000|100%|HC|  |TAMS 0x0000000082900000, 0x0000000082800000| Complete 
|  41|0x0000000082900000, 0x0000000082a00000, 0x0000000082a00000|100%|HC|  |TAMS 0x0000000082a00000, 0x0000000082900000| Complete 
|  42|0x0000000082a00000, 0x0000000082b00000, 0x0000000082b00000|100%|HC|  |TAMS 0x0000000082b00000, 0x0000000082a00000| Complete 
|  43|0x0000000082b00000, 0x0000000082c00000, 0x0000000082c00000|100%|HS|  |TAMS 0x0000000082c00000, 0x0000000082b00000| Complete 
|  44|0x0000000082c00000, 0x0000000082d00000, 0x0000000082d00000|100%|HC|  |TAMS 0x0000000082d00000, 0x0000000082c00000| Complete 
|  45|0x0000000082d00000, 0x0000000082e00000, 0x0000000082e00000|100%| O|  |TAMS 0x0000000082e00000, 0x0000000082d00000| Untracked 
|  46|0x0000000082e00000, 0x0000000082f00000, 0x0000000082f00000|100%| O|  |TAMS 0x0000000082f00000, 0x0000000082e00000| Untracked 
|  47|0x0000000082f00000, 0x0000000083000000, 0x0000000083000000|100%| O|  |TAMS 0x0000000083000000, 0x0000000082f00000| Untracked 
|  48|0x0000000083000000, 0x0000000083100000, 0x0000000083100000|100%| O|  |TAMS 0x0000000083100000, 0x0000000083000000| Untracked 
|  49|0x0000000083100000, 0x0000000083200000, 0x0000000083200000|100%| O|  |TAMS 0x0000000083200000, 0x0000000083100000| Untracked 
|  50|0x0000000083200000, 0x0000000083300000, 0x0000000083300000|100%| O|  |TAMS 0x0000000083300000, 0x0000000083200000| Untracked 
|  51|0x0000000083300000, 0x0000000083400000, 0x0000000083400000|100%| O|  |TAMS 0x0000000083400000, 0x0000000083300000| Untracked 
|  52|0x0000000083400000, 0x0000000083500000, 0x0000000083500000|100%| O|  |TAMS 0x0000000083500000, 0x0000000083400000| Untracked 
|  53|0x0000000083500000, 0x0000000083600000, 0x0000000083600000|100%| O|  |TAMS 0x0000000083600000, 0x0000000083500000| Untracked 
|  54|0x0000000083600000, 0x0000000083700000, 0x0000000083700000|100%| O|  |TAMS 0x0000000083700000, 0x0000000083600000| Untracked 
|  55|0x0000000083700000, 0x0000000083800000, 0x0000000083800000|100%| O|  |TAMS 0x0000000083800000, 0x0000000083700000| Untracked 
|  56|0x0000000083800000, 0x0000000083900000, 0x0000000083900000|100%| O|  |TAMS 0x0000000083900000, 0x0000000083800000| Untracked 
|  57|0x0000000083900000, 0x0000000083a00000, 0x0000000083a00000|100%|HS|  |TAMS 0x0000000083a00000, 0x0000000083900000| Complete 
|  58|0x0000000083a00000, 0x0000000083b00000, 0x0000000083b00000|100%|HC|  |TAMS 0x0000000083b00000, 0x0000000083a00000| Complete 
|  59|0x0000000083b00000, 0x0000000083c00000, 0x0000000083c00000|100%|HC|  |TAMS 0x0000000083c00000, 0x0000000083b00000| Complete 
|  60|0x0000000083c00000, 0x0000000083d00000, 0x0000000083d00000|100%| O|  |TAMS 0x0000000083d00000, 0x0000000083c00000| Untracked 
|  61|0x0000000083d00000, 0x0000000083e00000, 0x0000000083e00000|100%| O|  |TAMS 0x0000000083e00000, 0x0000000083d00000| Untracked 
|  62|0x0000000083e00000, 0x0000000083f00000, 0x0000000083f00000|100%| O|  |TAMS 0x0000000083f00000, 0x0000000083e00000| Untracked 
|  63|0x0000000083f00000, 0x0000000084000000, 0x0000000084000000|100%| O|  |TAMS 0x0000000084000000, 0x0000000083f00000| Untracked 
|  64|0x0000000084000000, 0x0000000084100000, 0x0000000084100000|100%| O|  |TAMS 0x0000000084100000, 0x0000000084000000| Untracked 
|  65|0x0000000084100000, 0x0000000084200000, 0x0000000084200000|100%| O|  |TAMS 0x0000000084200000, 0x0000000084100000| Untracked 
|  66|0x0000000084200000, 0x0000000084300000, 0x0000000084300000|100%|HS|  |TAMS 0x0000000084300000, 0x0000000084200000| Complete 
|  67|0x0000000084300000, 0x0000000084400000, 0x0000000084400000|100%|HS|  |TAMS 0x0000000084400000, 0x0000000084300000| Complete 
|  68|0x0000000084400000, 0x0000000084500000, 0x0000000084500000|100%|HS|  |TAMS 0x0000000084500000, 0x0000000084400000| Complete 
|  69|0x0000000084500000, 0x0000000084600000, 0x0000000084600000|100%|HS|  |TAMS 0x0000000084600000, 0x0000000084500000| Complete 
|  70|0x0000000084600000, 0x0000000084700000, 0x0000000084700000|100%|HC|  |TAMS 0x0000000084700000, 0x0000000084600000| Complete 
|  71|0x0000000084700000, 0x0000000084800000, 0x0000000084800000|100%|HS|  |TAMS 0x0000000084800000, 0x0000000084700000| Complete 
|  72|0x0000000084800000, 0x0000000084900000, 0x0000000084900000|100%|HC|  |TAMS 0x0000000084900000, 0x0000000084800000| Complete 
|  73|0x0000000084900000, 0x0000000084a00000, 0x0000000084a00000|100%|HS|  |TAMS 0x0000000084a00000, 0x0000000084900000| Complete 
|  74|0x0000000084a00000, 0x0000000084b00000, 0x0000000084b00000|100%|HS|  |TAMS 0x0000000084b00000, 0x0000000084a00000| Complete 
|  75|0x0000000084b00000, 0x0000000084c00000, 0x0000000084c00000|100%|HC|  |TAMS 0x0000000084c00000, 0x0000000084b00000| Complete 
|  76|0x0000000084c00000, 0x0000000084d00000, 0x0000000084d00000|100%|HC|  |TAMS 0x0000000084d00000, 0x0000000084c00000| Complete 
|  77|0x0000000084d00000, 0x0000000084e00000, 0x0000000084e00000|100%|HC|  |TAMS 0x0000000084e00000, 0x0000000084d00000| Complete 
|  78|0x0000000084e00000, 0x0000000084f00000, 0x0000000084f00000|100%| O|  |TAMS 0x0000000084f00000, 0x0000000084e00000| Untracked 
|  79|0x0000000084f00000, 0x0000000085000000, 0x0000000085000000|100%| O|  |TAMS 0x0000000085000000, 0x0000000084f00000| Untracked 
|  80|0x0000000085000000, 0x0000000085100000, 0x0000000085100000|100%| O|  |TAMS 0x0000000085100000, 0x0000000085000000| Untracked 
|  81|0x0000000085100000, 0x0000000085200000, 0x0000000085200000|100%| O|  |TAMS 0x0000000085200000, 0x0000000085100000| Untracked 
|  82|0x0000000085200000, 0x0000000085300000, 0x0000000085300000|100%| O|  |TAMS 0x0000000085300000, 0x0000000085200000| Untracked 
|  83|0x0000000085300000, 0x0000000085400000, 0x0000000085400000|100%| O|  |TAMS 0x0000000085400000, 0x0000000085300000| Untracked 
|  84|0x0000000085400000, 0x0000000085500000, 0x0000000085500000|100%| O|  |TAMS 0x0000000085500000, 0x0000000085400000| Untracked 
|  85|0x0000000085500000, 0x0000000085600000, 0x0000000085600000|100%| O|  |TAMS 0x0000000085600000, 0x0000000085500000| Untracked 
|  86|0x0000000085600000, 0x0000000085700000, 0x0000000085700000|100%| O|  |TAMS 0x0000000085600000, 0x0000000085600000| Untracked 
|  87|0x0000000085700000, 0x0000000085800000, 0x0000000085800000|100%|HS|  |TAMS 0x0000000085800000, 0x0000000085700000| Complete 
|  88|0x0000000085800000, 0x0000000085900000, 0x0000000085900000|100%|HC|  |TAMS 0x0000000085900000, 0x0000000085800000| Complete 
|  89|0x0000000085900000, 0x0000000085a00000, 0x0000000085a00000|100%|HS|  |TAMS 0x0000000085a00000, 0x0000000085900000| Complete 
|  90|0x0000000085a00000, 0x0000000085b00000, 0x0000000085b00000|100%|HC|  |TAMS 0x0000000085b00000, 0x0000000085a00000| Complete 
|  91|0x0000000085b00000, 0x0000000085c00000, 0x0000000085c00000|100%|HC|  |TAMS 0x0000000085c00000, 0x0000000085b00000| Complete 
|  92|0x0000000085c00000, 0x0000000085d00000, 0x0000000085d00000|100%|HS|  |TAMS 0x0000000085d00000, 0x0000000085c00000| Complete 
|  93|0x0000000085d00000, 0x0000000085e00000, 0x0000000085e00000|100%|HC|  |TAMS 0x0000000085e00000, 0x0000000085d00000| Complete 
|  94|0x0000000085e00000, 0x0000000085f00000, 0x0000000085f00000|100%|HC|  |TAMS 0x0000000085f00000, 0x0000000085e00000| Complete 
|  95|0x0000000085f00000, 0x0000000086000000, 0x0000000086000000|100%|HC|  |TAMS 0x0000000086000000, 0x0000000085f00000| Complete 
|  96|0x0000000086000000, 0x0000000086100000, 0x0000000086100000|100%|HS|  |TAMS 0x0000000086100000, 0x0000000086000000| Complete 
|  97|0x0000000086100000, 0x0000000086200000, 0x0000000086200000|100%|HC|  |TAMS 0x0000000086200000, 0x0000000086100000| Complete 
|  98|0x0000000086200000, 0x0000000086300000, 0x0000000086300000|100%|HC|  |TAMS 0x0000000086300000, 0x0000000086200000| Complete 
|  99|0x0000000086300000, 0x0000000086400000, 0x0000000086400000|100%|HS|  |TAMS 0x0000000086400000, 0x0000000086300000| Complete 
| 100|0x0000000086400000, 0x0000000086500000, 0x0000000086500000|100%|HC|  |TAMS 0x0000000086500000, 0x0000000086400000| Complete 
| 101|0x0000000086500000, 0x0000000086600000, 0x0000000086600000|100%|HC|  |TAMS 0x0000000086600000, 0x0000000086500000| Complete 
| 102|0x0000000086600000, 0x0000000086700000, 0x0000000086700000|100%|HC|  |TAMS 0x0000000086700000, 0x0000000086600000| Complete 
| 103|0x0000000086700000, 0x0000000086800000, 0x0000000086800000|100%|HC|  |TAMS 0x0000000086800000, 0x0000000086700000| Complete 
| 104|0x0000000086800000, 0x0000000086900000, 0x0000000086900000|100%|HC|  |TAMS 0x0000000086900000, 0x0000000086800000| Complete 
| 105|0x0000000086900000, 0x0000000086a00000, 0x0000000086a00000|100%|HC|  |TAMS 0x0000000086a00000, 0x0000000086900000| Complete 
| 106|0x0000000086a00000, 0x0000000086b00000, 0x0000000086b00000|100%|HC|  |TAMS 0x0000000086b00000, 0x0000000086a00000| Complete 
| 107|0x0000000086b00000, 0x0000000086c00000, 0x0000000086c00000|100%|HC|  |TAMS 0x0000000086c00000, 0x0000000086b00000| Complete 
| 108|0x0000000086c00000, 0x0000000086d00000, 0x0000000086d00000|100%|HC|  |TAMS 0x0000000086d00000, 0x0000000086c00000| Complete 
| 109|0x0000000086d00000, 0x0000000086e00000, 0x0000000086e00000|100%|HC|  |TAMS 0x0000000086e00000, 0x0000000086d00000| Complete 
| 110|0x0000000086e00000, 0x0000000086f00000, 0x0000000086f00000|100%|HC|  |TAMS 0x0000000086f00000, 0x0000000086e00000| Complete 
| 111|0x0000000086f00000, 0x0000000087000000, 0x0000000087000000|100%|HS|  |TAMS 0x0000000087000000, 0x0000000086f00000| Complete 
| 112|0x0000000087000000, 0x0000000087100000, 0x0000000087100000|100%|HC|  |TAMS 0x0000000087100000, 0x0000000087000000| Complete 
| 113|0x0000000087100000, 0x0000000087200000, 0x0000000087200000|100%| O|  |TAMS 0x0000000087200000, 0x0000000087100000| Untracked 
| 114|0x0000000087200000, 0x0000000087300000, 0x0000000087300000|100%| O|  |TAMS 0x0000000087300000, 0x0000000087200000| Untracked 
| 115|0x0000000087300000, 0x0000000087400000, 0x0000000087400000|100%| O|  |TAMS 0x0000000087300000, 0x0000000087300000| Untracked 
| 116|0x0000000087400000, 0x0000000087500000, 0x0000000087500000|100%| O|  |TAMS 0x0000000087500000, 0x0000000087400000| Untracked 
| 117|0x0000000087500000, 0x0000000087600000, 0x0000000087600000|100%| O|  |TAMS 0x0000000087600000, 0x0000000087500000| Untracked 
| 118|0x0000000087600000, 0x0000000087700000, 0x0000000087700000|100%| O|  |TAMS 0x0000000087700000, 0x0000000087600000| Untracked 
| 119|0x0000000087700000, 0x0000000087800000, 0x0000000087800000|100%| O|  |TAMS 0x0000000087800000, 0x0000000087700000| Untracked 
| 120|0x0000000087800000, 0x0000000087900000, 0x0000000087900000|100%| O|  |TAMS 0x0000000087900000, 0x0000000087800000| Untracked 
| 121|0x0000000087900000, 0x0000000087a00000, 0x0000000087a00000|100%| O|  |TAMS 0x0000000087a00000, 0x0000000087900000| Untracked 
| 122|0x0000000087a00000, 0x0000000087b00000, 0x0000000087b00000|100%| O|  |TAMS 0x0000000087b00000, 0x0000000087a00000| Untracked 
| 123|0x0000000087b00000, 0x0000000087c00000, 0x0000000087c00000|100%| O|  |TAMS 0x0000000087c00000, 0x0000000087b00000| Untracked 
| 124|0x0000000087c00000, 0x0000000087d00000, 0x0000000087d00000|100%| O|  |TAMS 0x0000000087d00000, 0x0000000087c00000| Untracked 
| 125|0x0000000087d00000, 0x0000000087e00000, 0x0000000087e00000|100%| O|  |TAMS 0x0000000087e00000, 0x0000000087d00000| Untracked 
| 126|0x0000000087e00000, 0x0000000087f00000, 0x0000000087f00000|100%| O|  |TAMS 0x0000000087f00000, 0x0000000087e00000| Untracked 
| 127|0x0000000087f00000, 0x0000000088000000, 0x0000000088000000|100%| O|  |TAMS 0x0000000088000000, 0x0000000087f00000| Untracked 
| 128|0x0000000088000000, 0x0000000088100000, 0x0000000088100000|100%| O|  |TAMS 0x0000000088100000, 0x0000000088000000| Untracked 
| 129|0x0000000088100000, 0x0000000088200000, 0x0000000088200000|100%| O|  |TAMS 0x0000000088200000, 0x0000000088100000| Untracked 
| 130|0x0000000088200000, 0x0000000088300000, 0x0000000088300000|100%| O|  |TAMS 0x0000000088300000, 0x0000000088200000| Untracked 
| 131|0x0000000088300000, 0x0000000088400000, 0x0000000088400000|100%| O|  |TAMS 0x0000000088400000, 0x0000000088300000| Untracked 
| 132|0x0000000088400000, 0x0000000088500000, 0x0000000088500000|100%| O|  |TAMS 0x0000000088500000, 0x0000000088400000| Untracked 
| 133|0x0000000088500000, 0x0000000088600000, 0x0000000088600000|100%| O|  |TAMS 0x0000000088600000, 0x0000000088500000| Untracked 
| 134|0x0000000088600000, 0x0000000088700000, 0x0000000088700000|100%| O|  |TAMS 0x0000000088700000, 0x0000000088600000| Untracked 
| 135|0x0000000088700000, 0x0000000088800000, 0x0000000088800000|100%| O|  |TAMS 0x0000000088800000, 0x0000000088700000| Untracked 
| 136|0x0000000088800000, 0x0000000088900000, 0x0000000088900000|100%| O|  |TAMS 0x0000000088900000, 0x0000000088800000| Untracked 
| 137|0x0000000088900000, 0x0000000088a00000, 0x0000000088a00000|100%| O|  |TAMS 0x0000000088a00000, 0x0000000088900000| Untracked 
| 138|0x0000000088a00000, 0x0000000088b00000, 0x0000000088b00000|100%| O|  |TAMS 0x0000000088b00000, 0x0000000088a00000| Untracked 
| 139|0x0000000088b00000, 0x0000000088c00000, 0x0000000088c00000|100%| O|  |TAMS 0x0000000088b6c800, 0x0000000088b00000| Untracked 
| 140|0x0000000088c00000, 0x0000000088d00000, 0x0000000088d00000|100%| O|  |TAMS 0x0000000088c00000, 0x0000000088c00000| Untracked 
| 141|0x0000000088d00000, 0x0000000088e00000, 0x0000000088e00000|100%| O|  |TAMS 0x0000000088d00000, 0x0000000088d00000| Untracked 
| 142|0x0000000088e00000, 0x0000000088f00000, 0x0000000088f00000|100%| O|  |TAMS 0x0000000088e00000, 0x0000000088e00000| Untracked 
| 143|0x0000000088f00000, 0x0000000089000000, 0x0000000089000000|100%| O|  |TAMS 0x0000000088f00000, 0x0000000088f00000| Untracked 
| 144|0x0000000089000000, 0x0000000089100000, 0x0000000089100000|100%| O|  |TAMS 0x0000000089000000, 0x0000000089000000| Untracked 
| 145|0x0000000089100000, 0x0000000089200000, 0x0000000089200000|100%| O|  |TAMS 0x0000000089100000, 0x0000000089100000| Untracked 
| 146|0x0000000089200000, 0x0000000089300000, 0x0000000089300000|100%| O|  |TAMS 0x0000000089200000, 0x0000000089200000| Untracked 
| 147|0x0000000089300000, 0x0000000089400000, 0x0000000089400000|100%| O|  |TAMS 0x0000000089300000, 0x0000000089300000| Untracked 
| 148|0x0000000089400000, 0x0000000089500000, 0x0000000089500000|100%| O|  |TAMS 0x0000000089400000, 0x0000000089400000| Untracked 
| 149|0x0000000089500000, 0x0000000089600000, 0x0000000089600000|100%| O|  |TAMS 0x0000000089500000, 0x0000000089500000| Untracked 
| 150|0x0000000089600000, 0x0000000089700000, 0x0000000089700000|100%| O|  |TAMS 0x0000000089600000, 0x0000000089600000| Untracked 
| 151|0x0000000089700000, 0x0000000089800000, 0x0000000089800000|100%| O|  |TAMS 0x0000000089700000, 0x0000000089700000| Untracked 
| 152|0x0000000089800000, 0x0000000089900000, 0x0000000089900000|100%| O|  |TAMS 0x0000000089800000, 0x0000000089800000| Untracked 
| 153|0x0000000089900000, 0x0000000089a00000, 0x0000000089a00000|100%|HS|  |TAMS 0x0000000089900000, 0x0000000089900000| Complete 
| 154|0x0000000089a00000, 0x0000000089b00000, 0x0000000089b00000|100%| O|  |TAMS 0x0000000089a00000, 0x0000000089a00000| Untracked 
| 155|0x0000000089b00000, 0x0000000089c00000, 0x0000000089c00000|100%| O|  |TAMS 0x0000000089b00000, 0x0000000089b00000| Untracked 
| 156|0x0000000089c00000, 0x0000000089d00000, 0x0000000089d00000|100%| O|  |TAMS 0x0000000089c00000, 0x0000000089c00000| Untracked 
| 157|0x0000000089d00000, 0x0000000089e00000, 0x0000000089e00000|100%| O|  |TAMS 0x0000000089d00000, 0x0000000089d00000| Untracked 
| 158|0x0000000089e00000, 0x0000000089f00000, 0x0000000089f00000|100%| O|  |TAMS 0x0000000089e00000, 0x0000000089e00000| Untracked 
| 159|0x0000000089f00000, 0x000000008a000000, 0x000000008a000000|100%| O|  |TAMS 0x0000000089f00000, 0x0000000089f00000| Untracked 
| 160|0x000000008a000000, 0x000000008a100000, 0x000000008a100000|100%| O|  |TAMS 0x000000008a000000, 0x000000008a000000| Untracked 
| 161|0x000000008a100000, 0x000000008a200000, 0x000000008a200000|100%| O|  |TAMS 0x000000008a100000, 0x000000008a100000| Untracked 
| 162|0x000000008a200000, 0x000000008a300000, 0x000000008a300000|100%| O|  |TAMS 0x000000008a200000, 0x000000008a200000| Untracked 
| 163|0x000000008a300000, 0x000000008a400000, 0x000000008a400000|100%| O|  |TAMS 0x000000008a300000, 0x000000008a300000| Untracked 
| 164|0x000000008a400000, 0x000000008a500000, 0x000000008a500000|100%| O|  |TAMS 0x000000008a400000, 0x000000008a400000| Untracked 
| 165|0x000000008a500000, 0x000000008a600000, 0x000000008a600000|100%| O|  |TAMS 0x000000008a500000, 0x000000008a500000| Untracked 
| 166|0x000000008a600000, 0x000000008a700000, 0x000000008a700000|100%| O|  |TAMS 0x000000008a600000, 0x000000008a600000| Untracked 
| 167|0x000000008a700000, 0x000000008a800000, 0x000000008a800000|100%| O|  |TAMS 0x000000008a700000, 0x000000008a700000| Untracked 
| 168|0x000000008a800000, 0x000000008a900000, 0x000000008a900000|100%| O|  |TAMS 0x000000008a800000, 0x000000008a800000| Untracked 
| 169|0x000000008a900000, 0x000000008aa00000, 0x000000008aa00000|100%| O|  |TAMS 0x000000008a900000, 0x000000008a900000| Untracked 
| 170|0x000000008aa00000, 0x000000008ab00000, 0x000000008ab00000|100%| O|  |TAMS 0x000000008aa00000, 0x000000008aa00000| Untracked 
| 171|0x000000008ab00000, 0x000000008ac00000, 0x000000008ac00000|100%| O|  |TAMS 0x000000008ab00000, 0x000000008ab00000| Untracked 
| 172|0x000000008ac00000, 0x000000008ad00000, 0x000000008ad00000|100%| O|  |TAMS 0x000000008ac00000, 0x000000008ac00000| Untracked 
| 173|0x000000008ad00000, 0x000000008ae00000, 0x000000008ae00000|100%| O|  |TAMS 0x000000008ad00000, 0x000000008ad00000| Untracked 
| 174|0x000000008ae00000, 0x000000008af00000, 0x000000008af00000|100%| O|  |TAMS 0x000000008ae00000, 0x000000008ae00000| Untracked 
| 175|0x000000008af00000, 0x000000008b000000, 0x000000008b000000|100%| O|  |TAMS 0x000000008af00000, 0x000000008af00000| Untracked 
| 176|0x000000008b000000, 0x000000008b100000, 0x000000008b100000|100%| O|  |TAMS 0x000000008b000000, 0x000000008b000000| Untracked 
| 177|0x000000008b100000, 0x000000008b200000, 0x000000008b200000|100%| O|  |TAMS 0x000000008b100000, 0x000000008b100000| Untracked 
| 178|0x000000008b200000, 0x000000008b300000, 0x000000008b300000|100%| O|  |TAMS 0x000000008b200000, 0x000000008b200000| Untracked 
| 179|0x000000008b300000, 0x000000008b400000, 0x000000008b400000|100%| O|  |TAMS 0x000000008b300000, 0x000000008b300000| Untracked 
| 180|0x000000008b400000, 0x000000008b500000, 0x000000008b500000|100%| O|  |TAMS 0x000000008b400000, 0x000000008b400000| Untracked 
| 181|0x000000008b500000, 0x000000008b600000, 0x000000008b600000|100%| O|  |TAMS 0x000000008b500000, 0x000000008b500000| Untracked 
| 182|0x000000008b600000, 0x000000008b700000, 0x000000008b700000|100%| O|  |TAMS 0x000000008b600000, 0x000000008b600000| Untracked 
| 183|0x000000008b700000, 0x000000008b800000, 0x000000008b800000|100%| O|  |TAMS 0x000000008b700000, 0x000000008b700000| Untracked 
| 184|0x000000008b800000, 0x000000008b900000, 0x000000008b900000|100%| O|  |TAMS 0x000000008b800000, 0x000000008b800000| Untracked 
| 185|0x000000008b900000, 0x000000008ba00000, 0x000000008ba00000|100%| O|  |TAMS 0x000000008b900000, 0x000000008b900000| Untracked 
| 186|0x000000008ba00000, 0x000000008bb00000, 0x000000008bb00000|100%| O|  |TAMS 0x000000008ba00000, 0x000000008ba00000| Untracked 
| 187|0x000000008bb00000, 0x000000008bc00000, 0x000000008bc00000|100%| O|  |TAMS 0x000000008bb00000, 0x000000008bb00000| Untracked 
| 188|0x000000008bc00000, 0x000000008bd00000, 0x000000008bd00000|100%| O|  |TAMS 0x000000008bc00000, 0x000000008bc00000| Untracked 
| 189|0x000000008bd00000, 0x000000008be00000, 0x000000008be00000|100%| O|  |TAMS 0x000000008bd00000, 0x000000008bd00000| Untracked 
| 190|0x000000008be00000, 0x000000008bf00000, 0x000000008bf00000|100%| O|  |TAMS 0x000000008be00000, 0x000000008be00000| Untracked 
| 191|0x000000008bf00000, 0x000000008c000000, 0x000000008c000000|100%| O|  |TAMS 0x000000008bf00000, 0x000000008bf00000| Untracked 
| 192|0x000000008c000000, 0x000000008c100000, 0x000000008c100000|100%| O|  |TAMS 0x000000008c000000, 0x000000008c000000| Untracked 
| 193|0x000000008c100000, 0x000000008c200000, 0x000000008c200000|100%| O|  |TAMS 0x000000008c100000, 0x000000008c100000| Untracked 
| 194|0x000000008c200000, 0x000000008c300000, 0x000000008c300000|100%| O|  |TAMS 0x000000008c200000, 0x000000008c200000| Untracked 
| 195|0x000000008c300000, 0x000000008c400000, 0x000000008c400000|100%| O|  |TAMS 0x000000008c300000, 0x000000008c300000| Untracked 
| 196|0x000000008c400000, 0x000000008c500000, 0x000000008c500000|100%| O|  |TAMS 0x000000008c400000, 0x000000008c400000| Untracked 
| 197|0x000000008c500000, 0x000000008c600000, 0x000000008c600000|100%| O|  |TAMS 0x000000008c500000, 0x000000008c500000| Untracked 
| 198|0x000000008c600000, 0x000000008c700000, 0x000000008c700000|100%| O|  |TAMS 0x000000008c600000, 0x000000008c600000| Untracked 
| 199|0x000000008c700000, 0x000000008c800000, 0x000000008c800000|100%| O|  |TAMS 0x000000008c700000, 0x000000008c700000| Untracked 
| 200|0x000000008c800000, 0x000000008c900000, 0x000000008c900000|100%| O|  |TAMS 0x000000008c800000, 0x000000008c800000| Untracked 
| 201|0x000000008c900000, 0x000000008ca00000, 0x000000008ca00000|100%| O|  |TAMS 0x000000008c900000, 0x000000008c900000| Untracked 
| 202|0x000000008ca00000, 0x000000008cb00000, 0x000000008cb00000|100%| O|  |TAMS 0x000000008ca00000, 0x000000008ca00000| Untracked 
| 203|0x000000008cb00000, 0x000000008cc00000, 0x000000008cc00000|100%| O|  |TAMS 0x000000008cb00000, 0x000000008cb00000| Untracked 
| 204|0x000000008cc00000, 0x000000008cd00000, 0x000000008cd00000|100%| O|  |TAMS 0x000000008cc00000, 0x000000008cc00000| Untracked 
| 205|0x000000008cd00000, 0x000000008ce00000, 0x000000008ce00000|100%| O|  |TAMS 0x000000008cd00000, 0x000000008cd00000| Untracked 
| 206|0x000000008ce00000, 0x000000008cf00000, 0x000000008cf00000|100%| O|  |TAMS 0x000000008ce00000, 0x000000008ce00000| Untracked 
| 207|0x000000008cf00000, 0x000000008d000000, 0x000000008d000000|100%| O|  |TAMS 0x000000008cf00000, 0x000000008cf00000| Untracked 
| 208|0x000000008d000000, 0x000000008d100000, 0x000000008d100000|100%| O|  |TAMS 0x000000008d000000, 0x000000008d000000| Untracked 
| 209|0x000000008d100000, 0x000000008d200000, 0x000000008d200000|100%| O|  |TAMS 0x000000008d100000, 0x000000008d100000| Untracked 
| 210|0x000000008d200000, 0x000000008d300000, 0x000000008d300000|100%| O|  |TAMS 0x000000008d200000, 0x000000008d200000| Untracked 
| 211|0x000000008d300000, 0x000000008d400000, 0x000000008d400000|100%| O|  |TAMS 0x000000008d300000, 0x000000008d300000| Untracked 
| 212|0x000000008d400000, 0x000000008d500000, 0x000000008d500000|100%| O|  |TAMS 0x000000008d400000, 0x000000008d400000| Untracked 
| 213|0x000000008d500000, 0x000000008d600000, 0x000000008d600000|100%| O|  |TAMS 0x000000008d500000, 0x000000008d500000| Untracked 
| 214|0x000000008d600000, 0x000000008d700000, 0x000000008d700000|100%| O|  |TAMS 0x000000008d600000, 0x000000008d600000| Untracked 
| 215|0x000000008d700000, 0x000000008d800000, 0x000000008d800000|100%| O|  |TAMS 0x000000008d700000, 0x000000008d700000| Untracked 
| 216|0x000000008d800000, 0x000000008d900000, 0x000000008d900000|100%| O|  |TAMS 0x000000008d800000, 0x000000008d800000| Untracked 
| 217|0x000000008d900000, 0x000000008da00000, 0x000000008da00000|100%| O|  |TAMS 0x000000008d900000, 0x000000008d900000| Untracked 
| 218|0x000000008da00000, 0x000000008db00000, 0x000000008db00000|100%| O|  |TAMS 0x000000008da00000, 0x000000008da00000| Untracked 
| 219|0x000000008db00000, 0x000000008dc00000, 0x000000008dc00000|100%| O|  |TAMS 0x000000008db00000, 0x000000008db00000| Untracked 
| 220|0x000000008dc00000, 0x000000008dd00000, 0x000000008dd00000|100%| O|  |TAMS 0x000000008dc00000, 0x000000008dc00000| Untracked 
| 221|0x000000008dd00000, 0x000000008dde3a00, 0x000000008de00000| 88%| O|  |TAMS 0x000000008dd00000, 0x000000008dd00000| Untracked 
| 222|0x000000008de00000, 0x000000008de00000, 0x000000008df00000|  0%| F|  |TAMS 0x000000008de00000, 0x000000008de00000| Untracked 
| 223|0x000000008df00000, 0x000000008df00000, 0x000000008e000000|  0%| F|  |TAMS 0x000000008df00000, 0x000000008df00000| Untracked 
| 224|0x000000008e000000, 0x000000008e000000, 0x000000008e100000|  0%| F|  |TAMS 0x000000008e000000, 0x000000008e000000| Untracked 
| 225|0x000000008e100000, 0x000000008e100000, 0x000000008e200000|  0%| F|  |TAMS 0x000000008e100000, 0x000000008e100000| Untracked 
| 226|0x000000008e200000, 0x000000008e200000, 0x000000008e300000|  0%| F|  |TAMS 0x000000008e200000, 0x000000008e200000| Untracked 
| 227|0x000000008e300000, 0x000000008e300000, 0x000000008e400000|  0%| F|  |TAMS 0x000000008e300000, 0x000000008e300000| Untracked 
| 228|0x000000008e400000, 0x000000008e400000, 0x000000008e500000|  0%| F|  |TAMS 0x000000008e400000, 0x000000008e400000| Untracked 
| 229|0x000000008e500000, 0x000000008e500000, 0x000000008e600000|  0%| F|  |TAMS 0x000000008e500000, 0x000000008e500000| Untracked 
| 230|0x000000008e600000, 0x000000008e600000, 0x000000008e700000|  0%| F|  |TAMS 0x000000008e600000, 0x000000008e600000| Untracked 
| 231|0x000000008e700000, 0x000000008e700000, 0x000000008e800000|  0%| F|  |TAMS 0x000000008e700000, 0x000000008e700000| Untracked 
| 232|0x000000008e800000, 0x000000008e800000, 0x000000008e900000|  0%| F|  |TAMS 0x000000008e800000, 0x000000008e800000| Untracked 
| 233|0x000000008e900000, 0x000000008e900000, 0x000000008ea00000|  0%| F|  |TAMS 0x000000008e900000, 0x000000008e900000| Untracked 
| 234|0x000000008ea00000, 0x000000008ea00000, 0x000000008eb00000|  0%| F|  |TAMS 0x000000008ea00000, 0x000000008ea00000| Untracked 
| 235|0x000000008eb00000, 0x000000008eb00000, 0x000000008ec00000|  0%| F|  |TAMS 0x000000008eb00000, 0x000000008eb00000| Untracked 
| 236|0x000000008ec00000, 0x000000008ec00000, 0x000000008ed00000|  0%| F|  |TAMS 0x000000008ec00000, 0x000000008ec00000| Untracked 
| 237|0x000000008ed00000, 0x000000008ed00000, 0x000000008ee00000|  0%| F|  |TAMS 0x000000008ed00000, 0x000000008ed00000| Untracked 
| 238|0x000000008ee00000, 0x000000008ee00000, 0x000000008ef00000|  0%| F|  |TAMS 0x000000008ee00000, 0x000000008ee00000| Untracked 
| 239|0x000000008ef00000, 0x000000008ef00000, 0x000000008f000000|  0%| F|  |TAMS 0x000000008ef00000, 0x000000008ef00000| Untracked 
| 240|0x000000008f000000, 0x000000008f000000, 0x000000008f100000|  0%| F|  |TAMS 0x000000008f000000, 0x000000008f000000| Untracked 
| 241|0x000000008f100000, 0x000000008f100000, 0x000000008f200000|  0%| F|  |TAMS 0x000000008f100000, 0x000000008f100000| Untracked 
| 242|0x000000008f200000, 0x000000008f200000, 0x000000008f300000|  0%| F|  |TAMS 0x000000008f200000, 0x000000008f200000| Untracked 
| 243|0x000000008f300000, 0x000000008f300000, 0x000000008f400000|  0%| F|  |TAMS 0x000000008f300000, 0x000000008f300000| Untracked 
| 244|0x000000008f400000, 0x000000008f400000, 0x000000008f500000|  0%| F|  |TAMS 0x000000008f400000, 0x000000008f400000| Untracked 
| 245|0x000000008f500000, 0x000000008f500000, 0x000000008f600000|  0%| F|  |TAMS 0x000000008f500000, 0x000000008f500000| Untracked 
| 246|0x000000008f600000, 0x000000008f600000, 0x000000008f700000|  0%| F|  |TAMS 0x000000008f600000, 0x000000008f600000| Untracked 
| 247|0x000000008f700000, 0x000000008f700000, 0x000000008f800000|  0%| F|  |TAMS 0x000000008f700000, 0x000000008f700000| Untracked 
| 248|0x000000008f800000, 0x000000008f800000, 0x000000008f900000|  0%| F|  |TAMS 0x000000008f800000, 0x000000008f800000| Untracked 
| 249|0x000000008f900000, 0x000000008f900000, 0x000000008fa00000|  0%| F|  |TAMS 0x000000008f900000, 0x000000008f900000| Untracked 
| 250|0x000000008fa00000, 0x000000008fa00000, 0x000000008fb00000|  0%| F|  |TAMS 0x000000008fa00000, 0x000000008fa00000| Untracked 
| 251|0x000000008fb00000, 0x000000008fb00000, 0x000000008fc00000|  0%| F|  |TAMS 0x000000008fb00000, 0x000000008fb00000| Untracked 
| 252|0x000000008fc00000, 0x000000008fc00000, 0x000000008fd00000|  0%| F|  |TAMS 0x000000008fc00000, 0x000000008fc00000| Untracked 
| 253|0x000000008fd00000, 0x000000008fd00000, 0x000000008fe00000|  0%| F|  |TAMS 0x000000008fd00000, 0x000000008fd00000| Untracked 
| 254|0x000000008fe00000, 0x000000008fe00000, 0x000000008ff00000|  0%| F|  |TAMS 0x000000008fe00000, 0x000000008fe00000| Untracked 
| 255|0x000000008ff00000, 0x000000008ff00000, 0x0000000090000000|  0%| F|  |TAMS 0x000000008ff00000, 0x000000008ff00000| Untracked 
| 256|0x0000000090000000, 0x0000000090000000, 0x0000000090100000|  0%| F|  |TAMS 0x0000000090000000, 0x0000000090000000| Untracked 
| 257|0x0000000090100000, 0x0000000090100000, 0x0000000090200000|  0%| F|  |TAMS 0x0000000090100000, 0x0000000090100000| Untracked 
| 258|0x0000000090200000, 0x0000000090200000, 0x0000000090300000|  0%| F|  |TAMS 0x0000000090200000, 0x0000000090200000| Untracked 
| 259|0x0000000090300000, 0x0000000090300000, 0x0000000090400000|  0%| F|  |TAMS 0x0000000090300000, 0x0000000090300000| Untracked 
| 260|0x0000000090400000, 0x0000000090480000, 0x0000000090500000| 50%| S|CS|TAMS 0x0000000090400000, 0x0000000090400000| Complete 
| 261|0x0000000090500000, 0x0000000090600000, 0x0000000090600000|100%| S|CS|TAMS 0x0000000090500000, 0x0000000090500000| Complete 
| 262|0x0000000090600000, 0x0000000090700000, 0x0000000090700000|100%| S|CS|TAMS 0x0000000090600000, 0x0000000090600000| Complete 
| 263|0x0000000090700000, 0x0000000090800000, 0x0000000090800000|100%| S|CS|TAMS 0x0000000090700000, 0x0000000090700000| Complete 
| 264|0x0000000090800000, 0x0000000090900000, 0x0000000090900000|100%| S|CS|TAMS 0x0000000090800000, 0x0000000090800000| Complete 
| 265|0x0000000090900000, 0x0000000090a00000, 0x0000000090a00000|100%| S|CS|TAMS 0x0000000090900000, 0x0000000090900000| Complete 
| 266|0x0000000090a00000, 0x0000000090b00000, 0x0000000090b00000|100%| S|CS|TAMS 0x0000000090a00000, 0x0000000090a00000| Complete 
| 267|0x0000000090b00000, 0x0000000090b00000, 0x0000000090c00000|  0%| F|  |TAMS 0x0000000090b00000, 0x0000000090b00000| Untracked 
| 268|0x0000000090c00000, 0x0000000090c00000, 0x0000000090d00000|  0%| F|  |TAMS 0x0000000090c00000, 0x0000000090c00000| Untracked 
| 269|0x0000000090d00000, 0x0000000090d00000, 0x0000000090e00000|  0%| F|  |TAMS 0x0000000090d00000, 0x0000000090d00000| Untracked 
| 270|0x0000000090e00000, 0x0000000090e00000, 0x0000000090f00000|  0%| F|  |TAMS 0x0000000090e00000, 0x0000000090e00000| Untracked 
| 271|0x0000000090f00000, 0x0000000090f00000, 0x0000000091000000|  0%| F|  |TAMS 0x0000000090f00000, 0x0000000090f00000| Untracked 
| 272|0x0000000091000000, 0x0000000091000000, 0x0000000091100000|  0%| F|  |TAMS 0x0000000091000000, 0x0000000091000000| Untracked 
| 273|0x0000000091100000, 0x0000000091100000, 0x0000000091200000|  0%| F|  |TAMS 0x0000000091100000, 0x0000000091100000| Untracked 
| 274|0x0000000091200000, 0x0000000091300000, 0x0000000091300000|100%| S|CS|TAMS 0x0000000091200000, 0x0000000091200000| Complete 
| 275|0x0000000091300000, 0x0000000091300000, 0x0000000091400000|  0%| F|  |TAMS 0x0000000091300000, 0x0000000091300000| Untracked 
| 276|0x0000000091400000, 0x0000000091400000, 0x0000000091500000|  0%| F|  |TAMS 0x0000000091400000, 0x0000000091400000| Untracked 
| 277|0x0000000091500000, 0x0000000091500000, 0x0000000091600000|  0%| F|  |TAMS 0x0000000091500000, 0x0000000091500000| Untracked 
| 278|0x0000000091600000, 0x0000000091600000, 0x0000000091700000|  0%| F|  |TAMS 0x0000000091600000, 0x0000000091600000| Untracked 
| 279|0x0000000091700000, 0x0000000091700000, 0x0000000091800000|  0%| F|  |TAMS 0x0000000091700000, 0x0000000091700000| Untracked 
| 280|0x0000000091800000, 0x0000000091800000, 0x0000000091900000|  0%| F|  |TAMS 0x0000000091800000, 0x0000000091800000| Untracked 
| 281|0x0000000091900000, 0x0000000091900000, 0x0000000091a00000|  0%| F|  |TAMS 0x0000000091900000, 0x0000000091900000| Untracked 
| 282|0x0000000091a00000, 0x0000000091a00000, 0x0000000091b00000|  0%| F|  |TAMS 0x0000000091a00000, 0x0000000091a00000| Untracked 
| 283|0x0000000091b00000, 0x0000000091b00000, 0x0000000091c00000|  0%| F|  |TAMS 0x0000000091b00000, 0x0000000091b00000| Untracked 
| 284|0x0000000091c00000, 0x0000000091c00000, 0x0000000091d00000|  0%| F|  |TAMS 0x0000000091c00000, 0x0000000091c00000| Untracked 
| 285|0x0000000091d00000, 0x0000000091d00000, 0x0000000091e00000|  0%| F|  |TAMS 0x0000000091d00000, 0x0000000091d00000| Untracked 
| 286|0x0000000091e00000, 0x0000000091e00000, 0x0000000091f00000|  0%| F|  |TAMS 0x0000000091e00000, 0x0000000091e00000| Untracked 
| 287|0x0000000091f00000, 0x0000000091f00000, 0x0000000092000000|  0%| F|  |TAMS 0x0000000091f00000, 0x0000000091f00000| Untracked 
| 288|0x0000000092000000, 0x0000000092000000, 0x0000000092100000|  0%| F|  |TAMS 0x0000000092000000, 0x0000000092000000| Untracked 
| 289|0x0000000092100000, 0x0000000092100000, 0x0000000092200000|  0%| F|  |TAMS 0x0000000092100000, 0x0000000092100000| Untracked 
| 290|0x0000000092200000, 0x0000000092200000, 0x0000000092300000|  0%| F|  |TAMS 0x0000000092200000, 0x0000000092200000| Untracked 
| 291|0x0000000092300000, 0x0000000092300000, 0x0000000092400000|  0%| F|  |TAMS 0x0000000092300000, 0x0000000092300000| Untracked 
| 292|0x0000000092400000, 0x0000000092400000, 0x0000000092500000|  0%| F|  |TAMS 0x0000000092400000, 0x0000000092400000| Untracked 
| 293|0x0000000092500000, 0x0000000092500000, 0x0000000092600000|  0%| F|  |TAMS 0x0000000092500000, 0x0000000092500000| Untracked 
| 294|0x0000000092600000, 0x0000000092600000, 0x0000000092700000|  0%| F|  |TAMS 0x0000000092600000, 0x0000000092600000| Untracked 
| 295|0x0000000092700000, 0x0000000092700000, 0x0000000092800000|  0%| F|  |TAMS 0x0000000092700000, 0x0000000092700000| Untracked 
| 296|0x0000000092800000, 0x0000000092800000, 0x0000000092900000|  0%| F|  |TAMS 0x0000000092800000, 0x0000000092800000| Untracked 
| 297|0x0000000092900000, 0x0000000092900000, 0x0000000092a00000|  0%| F|  |TAMS 0x0000000092900000, 0x0000000092900000| Untracked 
| 298|0x0000000092a00000, 0x0000000092a00000, 0x0000000092b00000|  0%| F|  |TAMS 0x0000000092a00000, 0x0000000092a00000| Untracked 
| 299|0x0000000092b00000, 0x0000000092b00000, 0x0000000092c00000|  0%| F|  |TAMS 0x0000000092b00000, 0x0000000092b00000| Untracked 
| 300|0x0000000092c00000, 0x0000000092c00000, 0x0000000092d00000|  0%| F|  |TAMS 0x0000000092c00000, 0x0000000092c00000| Untracked 
| 301|0x0000000092d00000, 0x0000000092d00000, 0x0000000092e00000|  0%| F|  |TAMS 0x0000000092d00000, 0x0000000092d00000| Untracked 
| 302|0x0000000092e00000, 0x0000000092e00000, 0x0000000092f00000|  0%| F|  |TAMS 0x0000000092e00000, 0x0000000092e00000| Untracked 
| 303|0x0000000092f00000, 0x0000000092f00000, 0x0000000093000000|  0%| F|  |TAMS 0x0000000092f00000, 0x0000000092f00000| Untracked 
| 304|0x0000000093000000, 0x0000000093000000, 0x0000000093100000|  0%| F|  |TAMS 0x0000000093000000, 0x0000000093000000| Untracked 
| 305|0x0000000093100000, 0x0000000093100000, 0x0000000093200000|  0%| F|  |TAMS 0x0000000093100000, 0x0000000093100000| Untracked 
| 306|0x0000000093200000, 0x0000000093200000, 0x0000000093300000|  0%| F|  |TAMS 0x0000000093200000, 0x0000000093200000| Untracked 
| 307|0x0000000093300000, 0x0000000093300000, 0x0000000093400000|  0%| F|  |TAMS 0x0000000093300000, 0x0000000093300000| Untracked 
| 308|0x0000000093400000, 0x0000000093400000, 0x0000000093500000|  0%| F|  |TAMS 0x0000000093400000, 0x0000000093400000| Untracked 
| 309|0x0000000093500000, 0x0000000093500000, 0x0000000093600000|  0%| F|  |TAMS 0x0000000093500000, 0x0000000093500000| Untracked 
| 310|0x0000000093600000, 0x0000000093600800, 0x0000000093700000|  0%| E|  |TAMS 0x0000000093600000, 0x0000000093600000| Complete 
| 311|0x0000000093700000, 0x0000000093800000, 0x0000000093800000|100%| E|CS|TAMS 0x0000000093700000, 0x0000000093700000| Complete 
| 312|0x0000000093800000, 0x0000000093900000, 0x0000000093900000|100%| E|CS|TAMS 0x0000000093800000, 0x0000000093800000| Complete 
| 313|0x0000000093900000, 0x0000000093a00000, 0x0000000093a00000|100%| E|CS|TAMS 0x0000000093900000, 0x0000000093900000| Complete 
| 314|0x0000000093a00000, 0x0000000093b00000, 0x0000000093b00000|100%| E|CS|TAMS 0x0000000093a00000, 0x0000000093a00000| Complete 
| 315|0x0000000093b00000, 0x0000000093c00000, 0x0000000093c00000|100%| E|CS|TAMS 0x0000000093b00000, 0x0000000093b00000| Complete 
| 316|0x0000000093c00000, 0x0000000093d00000, 0x0000000093d00000|100%| E|CS|TAMS 0x0000000093c00000, 0x0000000093c00000| Complete 
| 317|0x0000000093d00000, 0x0000000093e00000, 0x0000000093e00000|100%| E|CS|TAMS 0x0000000093d00000, 0x0000000093d00000| Complete 
| 318|0x0000000093e00000, 0x0000000093f00000, 0x0000000093f00000|100%| E|CS|TAMS 0x0000000093e00000, 0x0000000093e00000| Complete 
| 319|0x0000000093f00000, 0x0000000094000000, 0x0000000094000000|100%| E|CS|TAMS 0x0000000093f00000, 0x0000000093f00000| Complete 
| 320|0x0000000094000000, 0x0000000094100000, 0x0000000094100000|100%| E|CS|TAMS 0x0000000094000000, 0x0000000094000000| Complete 
| 321|0x0000000094100000, 0x0000000094200000, 0x0000000094200000|100%| E|CS|TAMS 0x0000000094100000, 0x0000000094100000| Complete 
| 322|0x0000000094200000, 0x0000000094300000, 0x0000000094300000|100%| E|CS|TAMS 0x0000000094200000, 0x0000000094200000| Complete 
| 323|0x0000000094300000, 0x0000000094400000, 0x0000000094400000|100%| E|CS|TAMS 0x0000000094300000, 0x0000000094300000| Complete 
| 324|0x0000000094400000, 0x0000000094500000, 0x0000000094500000|100%| E|CS|TAMS 0x0000000094400000, 0x0000000094400000| Complete 
| 325|0x0000000094500000, 0x0000000094600000, 0x0000000094600000|100%| E|CS|TAMS 0x0000000094500000, 0x0000000094500000| Complete 
| 326|0x0000000094600000, 0x0000000094700000, 0x0000000094700000|100%| E|CS|TAMS 0x0000000094600000, 0x0000000094600000| Complete 
| 327|0x0000000094700000, 0x0000000094800000, 0x0000000094800000|100%| E|CS|TAMS 0x0000000094700000, 0x0000000094700000| Complete 
| 328|0x0000000094800000, 0x0000000094900000, 0x0000000094900000|100%| E|CS|TAMS 0x0000000094800000, 0x0000000094800000| Complete 
| 329|0x0000000094900000, 0x0000000094a00000, 0x0000000094a00000|100%| E|CS|TAMS 0x0000000094900000, 0x0000000094900000| Complete 
| 330|0x0000000094a00000, 0x0000000094b00000, 0x0000000094b00000|100%| E|CS|TAMS 0x0000000094a00000, 0x0000000094a00000| Complete 
| 331|0x0000000094b00000, 0x0000000094c00000, 0x0000000094c00000|100%| E|CS|TAMS 0x0000000094b00000, 0x0000000094b00000| Complete 
| 332|0x0000000094c00000, 0x0000000094d00000, 0x0000000094d00000|100%| E|CS|TAMS 0x0000000094c00000, 0x0000000094c00000| Complete 
| 333|0x0000000094d00000, 0x0000000094e00000, 0x0000000094e00000|100%| E|CS|TAMS 0x0000000094d00000, 0x0000000094d00000| Complete 
| 334|0x0000000094e00000, 0x0000000094f00000, 0x0000000094f00000|100%| E|CS|TAMS 0x0000000094e00000, 0x0000000094e00000| Complete 
| 335|0x0000000094f00000, 0x0000000095000000, 0x0000000095000000|100%| E|CS|TAMS 0x0000000094f00000, 0x0000000094f00000| Complete 
| 336|0x0000000095000000, 0x0000000095100000, 0x0000000095100000|100%| E|CS|TAMS 0x0000000095000000, 0x0000000095000000| Complete 
| 337|0x0000000095100000, 0x0000000095200000, 0x0000000095200000|100%| E|CS|TAMS 0x0000000095100000, 0x0000000095100000| Complete 
| 338|0x0000000095200000, 0x0000000095300000, 0x0000000095300000|100%| E|CS|TAMS 0x0000000095200000, 0x0000000095200000| Complete 
| 339|0x0000000095300000, 0x0000000095400000, 0x0000000095400000|100%| E|CS|TAMS 0x0000000095300000, 0x0000000095300000| Complete 
| 340|0x0000000095400000, 0x0000000095500000, 0x0000000095500000|100%| E|CS|TAMS 0x0000000095400000, 0x0000000095400000| Complete 
| 341|0x0000000095500000, 0x0000000095600000, 0x0000000095600000|100%| E|CS|TAMS 0x0000000095500000, 0x0000000095500000| Complete 
| 342|0x0000000095600000, 0x0000000095700000, 0x0000000095700000|100%| E|CS|TAMS 0x0000000095600000, 0x0000000095600000| Complete 
| 343|0x0000000095700000, 0x0000000095800000, 0x0000000095800000|100%| E|CS|TAMS 0x0000000095700000, 0x0000000095700000| Complete 
| 344|0x0000000095800000, 0x0000000095900000, 0x0000000095900000|100%| E|CS|TAMS 0x0000000095800000, 0x0000000095800000| Complete 
| 345|0x0000000095900000, 0x0000000095a00000, 0x0000000095a00000|100%| E|CS|TAMS 0x0000000095900000, 0x0000000095900000| Complete 
| 346|0x0000000095a00000, 0x0000000095b00000, 0x0000000095b00000|100%| E|CS|TAMS 0x0000000095a00000, 0x0000000095a00000| Complete 
| 347|0x0000000095b00000, 0x0000000095c00000, 0x0000000095c00000|100%| E|CS|TAMS 0x0000000095b00000, 0x0000000095b00000| Complete 
| 348|0x0000000095c00000, 0x0000000095d00000, 0x0000000095d00000|100%| E|CS|TAMS 0x0000000095c00000, 0x0000000095c00000| Complete 
| 349|0x0000000095d00000, 0x0000000095e00000, 0x0000000095e00000|100%| E|CS|TAMS 0x0000000095d00000, 0x0000000095d00000| Complete 
| 350|0x0000000095e00000, 0x0000000095f00000, 0x0000000095f00000|100%| E|CS|TAMS 0x0000000095e00000, 0x0000000095e00000| Complete 
| 351|0x0000000095f00000, 0x0000000096000000, 0x0000000096000000|100%| E|CS|TAMS 0x0000000095f00000, 0x0000000095f00000| Complete 
| 352|0x0000000096000000, 0x0000000096100000, 0x0000000096100000|100%| E|CS|TAMS 0x0000000096000000, 0x0000000096000000| Complete 
| 353|0x0000000096100000, 0x0000000096200000, 0x0000000096200000|100%| E|CS|TAMS 0x0000000096100000, 0x0000000096100000| Complete 
| 354|0x0000000096200000, 0x0000000096300000, 0x0000000096300000|100%| E|CS|TAMS 0x0000000096200000, 0x0000000096200000| Complete 
| 355|0x0000000096300000, 0x0000000096400000, 0x0000000096400000|100%| E|CS|TAMS 0x0000000096300000, 0x0000000096300000| Complete 
| 356|0x0000000096400000, 0x0000000096500000, 0x0000000096500000|100%| E|CS|TAMS 0x0000000096400000, 0x0000000096400000| Complete 
| 357|0x0000000096500000, 0x0000000096600000, 0x0000000096600000|100%| E|CS|TAMS 0x0000000096500000, 0x0000000096500000| Complete 
| 358|0x0000000096600000, 0x0000000096700000, 0x0000000096700000|100%| E|CS|TAMS 0x0000000096600000, 0x0000000096600000| Complete 
| 359|0x0000000096700000, 0x0000000096800000, 0x0000000096800000|100%| E|CS|TAMS 0x0000000096700000, 0x0000000096700000| Complete 
| 360|0x0000000096800000, 0x0000000096900000, 0x0000000096900000|100%| E|CS|TAMS 0x0000000096800000, 0x0000000096800000| Complete 
| 361|0x0000000096900000, 0x0000000096a00000, 0x0000000096a00000|100%| E|CS|TAMS 0x0000000096900000, 0x0000000096900000| Complete 
| 362|0x0000000096a00000, 0x0000000096b00000, 0x0000000096b00000|100%| E|CS|TAMS 0x0000000096a00000, 0x0000000096a00000| Complete 
| 363|0x0000000096b00000, 0x0000000096c00000, 0x0000000096c00000|100%| E|CS|TAMS 0x0000000096b00000, 0x0000000096b00000| Complete 

Card table byte_map: [0x0000000015360000,0x0000000015760000] _byte_map_base: 0x0000000014f60000

Marking Bits (Prev, Next): (CMBitMap*) 0x0000000002b08560, (CMBitMap*) 0x0000000002b085a0
 Prev Bits: [0x0000000015b60000, 0x0000000017b60000)
 Next Bits: [0x0000000017b60000, 0x0000000019b60000)

Polling page: 0x0000000000960000

Metaspace:

Usage:
  Non-class:    117.45 MB used.
      Class:     18.12 MB used.
       Both:    135.56 MB used.

Virtual space:
  Non-class space:      120.00 MB reserved,     118.12 MB ( 98%) committed,  15 nodes.
      Class space:        1.00 GB reserved,      18.75 MB (  2%) committed,  1 nodes.
             Both:        1.12 GB reserved,     136.88 MB ( 12%) committed. 

Chunk freelists:
   Non-Class:  1.92 MB
       Class:  1.11 MB
        Both:  3.03 MB

MaxMetaspaceSize: unlimited
CompressedClassSpaceSize: 1.00 GB
Initial GC threshold: 21.00 MB
Current GC threshold: 177.00 MB
CDS: off
MetaspaceReclaimPolicy: balanced
 - commit_granule_bytes: 65536.
 - commit_granule_words: 8192.
 - virtual_space_node_default_size: 1048576.
 - enlarge_chunks_in_place: 1.
 - new_chunks_are_fully_committed: 0.
 - uncommit_free_chunks: 1.
 - use_allocation_guard: 0.
 - handle_deallocations: 1.


Internal statistics:

num_allocs_failed_limit: 15.
num_arena_births: 2300.
num_arena_deaths: 0.
num_vsnodes_births: 16.
num_vsnodes_deaths: 0.
num_space_committed: 2189.
num_space_uncommitted: 0.
num_chunks_returned_to_freelist: 15.
num_chunks_taken_from_freelist: 8172.
num_chunk_merges: 6.
num_chunk_splits: 5123.
num_chunks_enlarged: 3020.
num_purges: 0.
num_inconsistent_stats: 0.

CodeHeap 'non-profiled nmethods': size=120064Kb used=12605Kb max_used=12735Kb free=107458Kb
 bounds [0x000000000da20000, 0x000000000e6a0000, 0x0000000014f60000]
CodeHeap 'profiled nmethods': size=120000Kb used=33939Kb max_used=35459Kb free=86060Kb
 bounds [0x0000000005f60000, 0x0000000008210000, 0x000000000d490000]
CodeHeap 'non-nmethods': size=5696Kb used=2488Kb max_used=2544Kb free=3207Kb
 bounds [0x000000000d490000, 0x000000000d730000, 0x000000000da20000]
 total_blobs=17781 nmethods=16743 adapters=950
 compilation: enabled
              stopped_count=0, restarted_count=0
 full_count=0

Compilation events (20 events):
Event: 737.471 Thread 0x000000001c17d300 nmethod 20826 0x000000000623d810 code [0x000000000623d9e0, 0x000000000623dd38]
Event: 737.471 Thread 0x000000001c17d300 20827       3       org.apache.commons.compress.archivers.zip.ZipFile::setSizesAndOffsetFromZip64Extra (275 bytes)
Event: 737.473 Thread 0x000000001c17d300 nmethod 20827 0x0000000007ffd290 code [0x0000000007ffd5e0, 0x0000000007fff148]
Event: 737.473 Thread 0x000000001c17d300 20828       3       org.apache.commons.compress.archivers.zip.ZipFile::sanityCheckLFHOffset (199 bytes)
Event: 737.474 Thread 0x000000001c12e690 20831       4       org.objectweb.asm.ClassReader::readElementValue (1237 bytes)
Event: 737.474 Thread 0x000000001c17d300 nmethod 20828 0x0000000006f38210 code [0x0000000006f38540, 0x0000000006f396b8]
Event: 737.474 Thread 0x000000001c17d300 20830       3       org.apache.commons.compress.archivers.zip.InflaterInputStreamWithStatistics::fill (22 bytes)
Event: 737.475 Thread 0x000000001c17d300 nmethod 20830 0x00000000063c5910 code [0x00000000063c5ac0, 0x00000000063c5c78]
Event: 737.475 Thread 0x000000001c17d300 20829       3       java.util.Vector$1::hasMoreElements (20 bytes)
Event: 737.475 Thread 0x000000001c17d300 nmethod 20829 0x0000000006c32010 code [0x0000000006c321a0, 0x0000000006c32318]
Event: 737.477 Thread 0x000000001c17d300 20832       3       java.io.SequenceInputStream::peekNextStream (49 bytes)
Event: 737.477 Thread 0x000000001c17d300 nmethod 20832 0x0000000006e37390 code [0x0000000006e37560, 0x0000000006e37aa8]
Event: 737.508 Thread 0x000000001c17d300 20833       3       sun.util.calendar.BaseCalendar::getCalendarDateFromFixedDate (305 bytes)
Event: 737.510 Thread 0x000000001c17d300 nmethod 20833 0x0000000007fcc310 code [0x0000000007fcc5a0, 0x0000000007fcdbb8]
Event: 737.550 Thread 0x000000001c12e690 nmethod 20831 0x000000000e4a6390 code [0x000000000e4a6700, 0x000000000e4a8418]
Event: 737.559 Thread 0x000000001c12e690 20834       4       sun.util.calendar.BaseCalendar$Date::setCache (20 bytes)
Event: 737.559 Thread 0x000000001c12e690 nmethod 20834 0x000000000e572c10 code [0x000000000e572d80, 0x000000000e572e18]
Event: 737.562 Thread 0x000000001c12e690 20835       4       org.gradle.api.internal.tasks.compile.incremental.deps.ClassDependentsAccumulator::addClass (222 bytes)
Event: 737.653 Thread 0x000000001c17d300 20839       3       java.util.Vector::<init> (7 bytes)
Event: 737.654 Thread 0x000000001c17d300 nmethod 20839 0x0000000006d4c910 code [0x0000000006d4caa0, 0x0000000006d4cbe8]

GC Heap History (20 events):
Event: 711.340 GC heap before
{Heap before GC invocations=63 (full 0):
 garbage-first heap   total 372736K, used 316838K [0x0000000080000000, 0x0000000100000000)
  region size 1024K, 94 young (96256K), 7 survivors (7168K)
 Metaspace       used 128541K, committed 129856K, reserved 1163264K
  class space    used 17358K, committed 17984K, reserved 1048576K
}
Event: 711.395 GC heap after
{Heap after GC invocations=64 (full 0):
 garbage-first heap   total 372736K, used 227830K [0x0000000080000000, 0x0000000100000000)
  region size 1024K, 1 young (1024K), 1 survivors (1024K)
 Metaspace       used 128541K, committed 129856K, reserved 1163264K
  class space    used 17358K, committed 17984K, reserved 1048576K
}
Event: 712.772 GC heap before
{Heap before GC invocations=64 (full 0):
 garbage-first heap   total 372736K, used 319990K [0x0000000080000000, 0x0000000100000000)
  region size 1024K, 91 young (93184K), 1 survivors (1024K)
 Metaspace       used 128545K, committed 129856K, reserved 1163264K
  class space    used 17358K, committed 17984K, reserved 1048576K
}
Event: 712.780 GC heap after
{Heap after GC invocations=65 (full 0):
 garbage-first heap   total 372736K, used 227413K [0x0000000080000000, 0x0000000100000000)
  region size 1024K, 1 young (1024K), 1 survivors (1024K)
 Metaspace       used 128545K, committed 129856K, reserved 1163264K
  class space    used 17358K, committed 17984K, reserved 1048576K
}
Event: 714.838 GC heap before
{Heap before GC invocations=65 (full 0):
 garbage-first heap   total 372736K, used 325717K [0x0000000080000000, 0x0000000100000000)
  region size 1024K, 94 young (96256K), 1 survivors (1024K)
 Metaspace       used 128556K, committed 129856K, reserved 1163264K
  class space    used 17360K, committed 17984K, reserved 1048576K
}
Event: 714.843 GC heap after
{Heap after GC invocations=66 (full 0):
 garbage-first heap   total 372736K, used 229683K [0x0000000080000000, 0x0000000100000000)
  region size 1024K, 1 young (1024K), 1 survivors (1024K)
 Metaspace       used 128556K, committed 129856K, reserved 1163264K
  class space    used 17360K, committed 17984K, reserved 1048576K
}
Event: 715.587 GC heap before
{Heap before GC invocations=66 (full 0):
 garbage-first heap   total 372736K, used 324915K [0x0000000080000000, 0x0000000100000000)
  region size 1024K, 94 young (96256K), 1 survivors (1024K)
 Metaspace       used 128557K, committed 129856K, reserved 1163264K
  class space    used 17360K, committed 17984K, reserved 1048576K
}
Event: 715.593 GC heap after
{Heap after GC invocations=67 (full 0):
 garbage-first heap   total 372736K, used 230075K [0x0000000080000000, 0x0000000100000000)
  region size 1024K, 2 young (2048K), 2 survivors (2048K)
 Metaspace       used 128557K, committed 129856K, reserved 1163264K
  class space    used 17360K, committed 17984K, reserved 1048576K
}
Event: 718.628 GC heap before
{Heap before GC invocations=67 (full 0):
 garbage-first heap   total 372736K, used 325307K [0x0000000080000000, 0x0000000100000000)
  region size 1024K, 95 young (97280K), 2 survivors (2048K)
 Metaspace       used 131666K, committed 132992K, reserved 1163264K
  class space    used 17811K, committed 18432K, reserved 1048576K
}
Event: 718.651 GC heap after
{Heap after GC invocations=68 (full 0):
 garbage-first heap   total 372736K, used 228202K [0x0000000080000000, 0x0000000100000000)
  region size 1024K, 2 young (2048K), 2 survivors (2048K)
 Metaspace       used 131666K, committed 132992K, reserved 1163264K
  class space    used 17811K, committed 18432K, reserved 1048576K
}
Event: 723.581 GC heap before
{Heap before GC invocations=68 (full 0):
 garbage-first heap   total 372736K, used 327530K [0x0000000080000000, 0x0000000100000000)
  region size 1024K, 98 young (100352K), 2 survivors (2048K)
 Metaspace       used 138793K, committed 140096K, reserved 1171456K
  class space    used 18550K, committed 19200K, reserved 1048576K
}
Event: 723.608 GC heap after
{Heap after GC invocations=69 (full 0):
 garbage-first heap   total 372736K, used 233091K [0x0000000080000000, 0x0000000100000000)
  region size 1024K, 5 young (5120K), 5 survivors (5120K)
 Metaspace       used 138793K, committed 140096K, reserved 1171456K
  class space    used 18550K, committed 19200K, reserved 1048576K
}
Event: 725.274 GC heap before
{Heap before GC invocations=69 (full 0):
 garbage-first heap   total 372736K, used 324227K [0x0000000080000000, 0x0000000100000000)
  region size 1024K, 95 young (97280K), 5 survivors (5120K)
 Metaspace       used 138801K, committed 140096K, reserved 1171456K
  class space    used 18550K, committed 19200K, reserved 1048576K
}
Event: 725.292 GC heap after
{Heap after GC invocations=70 (full 0):
 garbage-first heap   total 372736K, used 231699K [0x0000000080000000, 0x0000000100000000)
  region size 1024K, 5 young (5120K), 5 survivors (5120K)
 Metaspace       used 138801K, committed 140096K, reserved 1171456K
  class space    used 18550K, committed 19200K, reserved 1048576K
}
Event: 727.104 GC heap before
{Heap before GC invocations=70 (full 0):
 garbage-first heap   total 372736K, used 325907K [0x0000000080000000, 0x0000000100000000)
  region size 1024K, 97 young (99328K), 5 survivors (5120K)
 Metaspace       used 138804K, committed 140096K, reserved 1171456K
  class space    used 18550K, committed 19200K, reserved 1048576K
}
Event: 727.127 GC heap after
{Heap after GC invocations=71 (full 0):
 garbage-first heap   total 372736K, used 233775K [0x0000000080000000, 0x0000000100000000)
  region size 1024K, 7 young (7168K), 7 survivors (7168K)
 Metaspace       used 138804K, committed 140096K, reserved 1171456K
  class space    used 18550K, committed 19200K, reserved 1048576K
}
Event: 728.696 GC heap before
{Heap before GC invocations=71 (full 0):
 garbage-first heap   total 372736K, used 324911K [0x0000000080000000, 0x0000000100000000)
  region size 1024K, 97 young (99328K), 7 survivors (7168K)
 Metaspace       used 138805K, committed 140096K, reserved 1171456K
  class space    used 18550K, committed 19200K, reserved 1048576K
}
Event: 728.719 GC heap after
{Heap after GC invocations=72 (full 0):
 garbage-first heap   total 372736K, used 234486K [0x0000000080000000, 0x0000000100000000)
  region size 1024K, 8 young (8192K), 8 survivors (8192K)
 Metaspace       used 138805K, committed 140096K, reserved 1171456K
  class space    used 18550K, committed 19200K, reserved 1048576K
}
Event: 735.631 GC heap before
{Heap before GC invocations=72 (full 0):
 garbage-first heap   total 372736K, used 325622K [0x0000000080000000, 0x0000000100000000)
  region size 1024K, 97 young (99328K), 8 survivors (8192K)
 Metaspace       used 138806K, committed 140096K, reserved 1171456K
  class space    used 18550K, committed 19200K, reserved 1048576K
}
Event: 735.677 GC heap after
{Heap after GC invocations=73 (full 0):
 garbage-first heap   total 372736K, used 234894K [0x0000000080000000, 0x0000000100000000)
  region size 1024K, 8 young (8192K), 8 survivors (8192K)
 Metaspace       used 138806K, committed 140096K, reserved 1171456K
  class space    used 18550K, committed 19200K, reserved 1048576K
}

Dll operation events (3 events):
Event: 0.068 Loaded shared library C:\Program Files\Android\Android Studio\jbr\bin\java.dll
Event: 1.155 Loaded shared library C:\Program Files\Android\Android Studio\jbr\bin\zip.dll
Event: 4.264 Loaded shared library C:\Program Files\Android\Android Studio\jbr\bin\verify.dll

Deoptimization events (20 events):
Event: 737.295 Thread 0x000000001feba340 Uncommon trap: trap_request=0xffffff45 fr.pc=0x000000000e0a9e60 relative=0x00000000000000c0
Event: 737.298 Thread 0x000000001feba340 Uncommon trap: reason=unstable_if action=reinterpret pc=0x000000000e0a9e60 method=java.time.LocalTime.create(IIII)Ljava/time/LocalTime; @ 5 c2
Event: 737.298 Thread 0x000000001feba340 DEOPT PACKING pc=0x000000000e0a9e60 sp=0x00000000278f9890
Event: 737.298 Thread 0x000000001feba340 DEOPT UNPACKING pc=0x000000000d4e699d sp=0x00000000278f9830 mode 2
Event: 737.319 Thread 0x000000001feba340 Uncommon trap: trap_request=0xffffffc6 fr.pc=0x000000000e2eca5c relative=0x000000000000151c
Event: 737.319 Thread 0x000000001feba340 Uncommon trap: reason=bimorphic_or_optimized_type_check action=maybe_recompile pc=0x000000000e2eca5c method=com.google.common.io.ByteStreams.toByteArrayInternal(Ljava/io/InputStream;Ljava/util/Queue;I)[B @ 72 c2
Event: 737.319 Thread 0x000000001feba340 DEOPT PACKING pc=0x000000000e2eca5c sp=0x00000000278f9b40
Event: 737.319 Thread 0x000000001feba340 DEOPT UNPACKING pc=0x000000000d4e699d sp=0x00000000278f9b28 mode 2
Event: 737.321 Thread 0x000000001feba340 Uncommon trap: trap_request=0xffffffc6 fr.pc=0x000000000e2eca5c relative=0x000000000000151c
Event: 737.321 Thread 0x000000001feba340 Uncommon trap: reason=bimorphic_or_optimized_type_check action=maybe_recompile pc=0x000000000e2eca5c method=com.google.common.io.ByteStreams.toByteArrayInternal(Ljava/io/InputStream;Ljava/util/Queue;I)[B @ 72 c2
Event: 737.321 Thread 0x000000001feba340 DEOPT PACKING pc=0x000000000e2eca5c sp=0x00000000278f9b40
Event: 737.321 Thread 0x000000001feba340 DEOPT UNPACKING pc=0x000000000d4e699d sp=0x00000000278f9b28 mode 2
Event: 737.322 Thread 0x000000001feba340 Uncommon trap: trap_request=0xffffffc6 fr.pc=0x000000000e2eca5c relative=0x000000000000151c
Event: 737.322 Thread 0x000000001feba340 Uncommon trap: reason=bimorphic_or_optimized_type_check action=maybe_recompile pc=0x000000000e2eca5c method=com.google.common.io.ByteStreams.toByteArrayInternal(Ljava/io/InputStream;Ljava/util/Queue;I)[B @ 72 c2
Event: 737.322 Thread 0x000000001feba340 DEOPT PACKING pc=0x000000000e2eca5c sp=0x00000000278f9b40
Event: 737.322 Thread 0x000000001feba340 DEOPT UNPACKING pc=0x000000000d4e699d sp=0x00000000278f9b28 mode 2
Event: 737.323 Thread 0x000000001feba340 Uncommon trap: trap_request=0xffffffc6 fr.pc=0x000000000e2eca5c relative=0x000000000000151c
Event: 737.323 Thread 0x000000001feba340 Uncommon trap: reason=bimorphic_or_optimized_type_check action=maybe_recompile pc=0x000000000e2eca5c method=com.google.common.io.ByteStreams.toByteArrayInternal(Ljava/io/InputStream;Ljava/util/Queue;I)[B @ 72 c2
Event: 737.323 Thread 0x000000001feba340 DEOPT PACKING pc=0x000000000e2eca5c sp=0x00000000278f9b40
Event: 737.323 Thread 0x000000001feba340 DEOPT UNPACKING pc=0x000000000d4e699d sp=0x00000000278f9b28 mode 2

Classes unloaded (0 events):
No events

Classes redefined (0 events):
No events

Internal exceptions (20 events):
Event: 721.319 Thread 0x000000001feba340 Exception <a 'sun/nio/fs/WindowsException'{0x0000000092eb55b0}> (0x0000000092eb55b0) 
thrown [s\src\hotspot\share\prims\jni.cpp, line 517]
Event: 721.319 Thread 0x000000001feba340 Exception <a 'sun/nio/fs/WindowsException'{0x0000000092eb77e8}> (0x0000000092eb77e8) 
thrown [s\src\hotspot\share\prims\jni.cpp, line 517]
Event: 721.319 Thread 0x000000001feba340 Exception <a 'sun/nio/fs/WindowsException'{0x0000000092eb7b88}> (0x0000000092eb7b88) 
thrown [s\src\hotspot\share\prims\jni.cpp, line 517]
Event: 721.319 Thread 0x000000001feba340 Exception <a 'sun/nio/fs/WindowsException'{0x0000000092eb9da8}> (0x0000000092eb9da8) 
thrown [s\src\hotspot\share\prims\jni.cpp, line 517]
Event: 721.319 Thread 0x000000001feba340 Exception <a 'sun/nio/fs/WindowsException'{0x0000000092eba118}> (0x0000000092eba118) 
thrown [s\src\hotspot\share\prims\jni.cpp, line 517]
Event: 721.320 Thread 0x000000001feba340 Exception <a 'sun/nio/fs/WindowsException'{0x0000000092ebc330}> (0x0000000092ebc330) 
thrown [s\src\hotspot\share\prims\jni.cpp, line 517]
Event: 721.402 Thread 0x000000001feba340 Exception <a 'sun/nio/fs/WindowsException'{0x0000000092d10690}> (0x0000000092d10690) 
thrown [s\src\hotspot\share\prims\jni.cpp, line 517]
Event: 721.526 Thread 0x000000001feba340 Exception <a 'sun/nio/fs/WindowsException'{0x0000000092db1808}> (0x0000000092db1808) 
thrown [s\src\hotspot\share\prims\jni.cpp, line 517]
Event: 721.557 Thread 0x000000001feba340 Exception <a 'sun/nio/fs/WindowsException'{0x0000000092dd8630}> (0x0000000092dd8630) 
thrown [s\src\hotspot\share\prims\jni.cpp, line 517]
Event: 721.594 Thread 0x000000001feba340 Exception <a 'sun/nio/fs/WindowsException'{0x0000000092c1d040}> (0x0000000092c1d040) 
thrown [s\src\hotspot\share\prims\jni.cpp, line 517]
Event: 721.623 Thread 0x000000001feba340 Exception <a 'sun/nio/fs/WindowsException'{0x0000000092c4db88}> (0x0000000092c4db88) 
thrown [s\src\hotspot\share\prims\jni.cpp, line 517]
Event: 721.711 Thread 0x000000001feba340 Exception <a 'sun/nio/fs/WindowsException'{0x0000000092cece10}> (0x0000000092cece10) 
thrown [s\src\hotspot\share\prims\jni.cpp, line 517]
Event: 721.797 Thread 0x000000001feba340 Exception <a 'sun/nio/fs/WindowsException'{0x0000000092b92470}> (0x0000000092b92470) 
thrown [s\src\hotspot\share\prims\jni.cpp, line 517]
Event: 721.900 Thread 0x000000001feba340 Exception <a 'sun/nio/fs/WindowsException'{0x0000000092aadc08}> (0x0000000092aadc08) 
thrown [s\src\hotspot\share\prims\jni.cpp, line 517]
Event: 721.923 Thread 0x000000001feba340 Exception <a 'sun/nio/fs/WindowsException'{0x0000000092ad4e40}> (0x0000000092ad4e40) 
thrown [s\src\hotspot\share\prims\jni.cpp, line 517]
Event: 721.973 Thread 0x000000001feba340 Exception <a 'sun/nio/fs/WindowsException'{0x000000009293aec0}> (0x000000009293aec0) 
thrown [s\src\hotspot\share\prims\jni.cpp, line 517]
Event: 722.019 Thread 0x000000001feba340 Exception <a 'sun/nio/fs/WindowsException'{0x00000000929bcc60}> (0x00000000929bcc60) 
thrown [s\src\hotspot\share\prims\jni.cpp, line 517]
Event: 722.073 Thread 0x000000001feba340 Exception <a 'sun/nio/fs/WindowsException'{0x0000000092849668}> (0x0000000092849668) 
thrown [s\src\hotspot\share\prims\jni.cpp, line 517]
Event: 722.184 Thread 0x000000001feba340 Exception <a 'sun/nio/fs/WindowsException'{0x00000000928d4c60}> (0x00000000928d4c60) 
thrown [s\src\hotspot\share\prims\jni.cpp, line 517]
Event: 722.249 Thread 0x000000001feba340 Exception <a 'sun/nio/fs/WindowsException'{0x0000000092725058}> (0x0000000092725058) 
thrown [s\src\hotspot\share\prims\jni.cpp, line 517]

VM Operations (20 events):
Event: 726.617 Executing VM operation: Cleanup
Event: 726.683 Executing VM operation: Cleanup done
Event: 727.104 Executing VM operation: G1CollectForAllocation
Event: 727.127 Executing VM operation: G1CollectForAllocation done
Event: 728.129 Executing VM operation: Cleanup
Event: 728.131 Executing VM operation: Cleanup done
Event: 728.695 Executing VM operation: G1CollectForAllocation
Event: 728.720 Executing VM operation: G1CollectForAllocation done
Event: 731.817 Executing VM operation: Cleanup
Event: 731.818 Executing VM operation: Cleanup done
Event: 732.835 Executing VM operation: Cleanup
Event: 732.931 Executing VM operation: Cleanup done
Event: 733.945 Executing VM operation: Cleanup
Event: 733.945 Executing VM operation: Cleanup done
Event: 735.630 Executing VM operation: G1CollectForAllocation
Event: 735.682 Executing VM operation: G1CollectForAllocation done
Event: 736.683 Executing VM operation: Cleanup
Event: 736.683 Executing VM operation: Cleanup done
Event: 737.510 Executing VM operation: HandshakeAllThreads
Event: 737.511 Executing VM operation: HandshakeAllThreads done

Events (20 events):
Event: 737.518 Thread 0x000000001ce61380 flushing nmethod 0x000000000e4b6990
Event: 737.519 Thread 0x000000001ce61380 flushing nmethod 0x000000000e572c10
Event: 737.519 Thread 0x000000001ce61380 flushing nmethod 0x000000000e57c210
Event: 737.519 Thread 0x000000001ce61380 flushing nmethod 0x000000000e5f4d90
Event: 737.519 Thread 0x000000001ce61380 flushing nmethod 0x000000000e601110
Event: 737.525 Thread 0x000000001ce61380 flushing nmethod 0x00000000064f5b10
Event: 737.535 Thread 0x000000001ce61380 flushing nmethod 0x0000000006f94d90
Event: 737.540 Thread 0x000000001ce61380 flushing nmethod 0x0000000007445a10
Event: 737.545 Thread 0x000000001ce61380 flushing nmethod 0x00000000078bb390
Event: 737.550 Thread 0x000000001ce61380 flushing nmethod 0x0000000007bd6910
Event: 737.551 Thread 0x000000001ce61380 flushing nmethod 0x0000000007cae310
Event: 737.554 Thread 0x000000001ce61380 flushing nmethod 0x0000000008180290
Event: 737.554 Thread 0x000000001ce61380 flushing nmethod 0x000000000819da10
Event: 737.554 Thread 0x000000001ce61380 flushing nmethod 0x000000000819e410
Event: 737.554 Thread 0x000000001ce61380 flushing nmethod 0x00000000081a1110
Event: 737.554 Thread 0x000000001ce61380 flushing nmethod 0x00000000081afd10
Event: 737.554 Thread 0x000000001ce61380 flushing nmethod 0x00000000081b8110
Event: 737.554 Thread 0x000000001ce61380 flushing nmethod 0x00000000081bad90
Event: 737.554 Thread 0x000000001ce61380 flushing nmethod 0x00000000081bc290
Event: 737.554 Thread 0x000000001ce61380 flushing nmethod 0x00000000081c1e10


Dynamic libraries:
0x00007ff7e2880000 - 0x00007ff7e288a000 	C:\Program Files\Android\Android Studio\jbr\bin\java.exe
0x00007ff8a5610000 - 0x00007ff8a5827000 	C:\Windows\SYSTEM32\ntdll.dll
0x00007ff8a4c80000 - 0x00007ff8a4d44000 	C:\Windows\System32\KERNEL32.DLL
0x00007ff8a2ea0000 - 0x00007ff8a3273000 	C:\Windows\System32\KERNELBASE.dll
0x00007ff89f460000 - 0x00007ff89f4f7000 	C:\Windows\SYSTEM32\apphelp.dll
0x00007ff8a2d50000 - 0x00007ff8a2e61000 	C:\Windows\System32\ucrtbase.dll
0x00007ff892530000 - 0x00007ff892547000 	C:\Program Files\Android\Android Studio\jbr\bin\jli.dll
0x00007ff8a4da0000 - 0x00007ff8a4f51000 	C:\Windows\System32\USER32.dll
0x00007ff8a2e70000 - 0x00007ff8a2e96000 	C:\Windows\System32\win32u.dll
0x00007ff8a3980000 - 0x00007ff8a39a9000 	C:\Windows\System32\GDI32.dll
0x00007ff8a2930000 - 0x00007ff8a2a4b000 	C:\Windows\System32\gdi32full.dll
0x00007ff8a2720000 - 0x00007ff8a27ba000 	C:\Windows\System32\msvcp_win.dll
0x00007ff88de70000 - 0x00007ff88e108000 	C:\Windows\WinSxS\amd64_microsoft.windows.common-controls_6595b64144ccf1df_6.0.22621.5124_none_270e8f4f7386d69d\COMCTL32.dll
0x00007ff892760000 - 0x00007ff89277b000 	C:\Program Files\Android\Android Studio\jbr\bin\VCRUNTIME140.dll
0x00007ff8a32f0000 - 0x00007ff8a3397000 	C:\Windows\System32\msvcrt.dll
0x00007ff8a32b0000 - 0x00007ff8a32e1000 	C:\Windows\System32\IMM32.DLL
0x00007ff892750000 - 0x00007ff89275c000 	C:\Program Files\Android\Android Studio\jbr\bin\vcruntime140_1.dll
0x00007ff888ff0000 - 0x00007ff88907d000 	C:\Program Files\Android\Android Studio\jbr\bin\msvcp140.dll
0x00007ff85f280000 - 0x00007ff85feee000 	C:\Program Files\Android\Android Studio\jbr\bin\server\jvm.dll
0x00007ff8a39b0000 - 0x00007ff8a3a61000 	C:\Windows\System32\ADVAPI32.dll
0x00007ff8a4310000 - 0x00007ff8a43b7000 	C:\Windows\System32\sechost.dll
0x00007ff8a3280000 - 0x00007ff8a32a8000 	C:\Windows\System32\bcrypt.dll
0x00007ff8a33a0000 - 0x00007ff8a34b4000 	C:\Windows\System32\RPCRT4.dll
0x00007ff871570000 - 0x00007ff871579000 	C:\Windows\SYSTEM32\WSOCK32.dll
0x00007ff8a51b0000 - 0x00007ff8a5221000 	C:\Windows\System32\WS2_32.dll
0x00007ff891240000 - 0x00007ff89124a000 	C:\Windows\SYSTEM32\VERSION.dll
0x00007ff89c3c0000 - 0x00007ff89c3f4000 	C:\Windows\SYSTEM32\WINMM.dll
0x00007ff8a1720000 - 0x00007ff8a1738000 	C:\Windows\SYSTEM32\kernel.appcore.dll
0x00007ff89f320000 - 0x00007ff89f32a000 	C:\Program Files\Android\Android Studio\jbr\bin\jimage.dll
0x00007ff8a0060000 - 0x00007ff8a0292000 	C:\Windows\SYSTEM32\DBGHELP.DLL
0x00007ff8a5230000 - 0x00007ff8a55c2000 	C:\Windows\System32\combase.dll
0x00007ff8a3740000 - 0x00007ff8a3817000 	C:\Windows\System32\OLEAUT32.dll
0x00007ff88db20000 - 0x00007ff88db52000 	C:\Windows\SYSTEM32\dbgcore.DLL
0x00007ff8a2a50000 - 0x00007ff8a2acb000 	C:\Windows\System32\bcryptPrimitives.dll
0x00007ff8925f0000 - 0x00007ff8925fe000 	C:\Program Files\Android\Android Studio\jbr\bin\instrument.dll
0x00007ff89cbb0000 - 0x00007ff89cbd5000 	C:\Program Files\Android\Android Studio\jbr\bin\java.dll
0x00007ff892800000 - 0x00007ff892818000 	C:\Program Files\Android\Android Studio\jbr\bin\zip.dll
0x00007ff8a43e0000 - 0x00007ff8a4c76000 	C:\Windows\System32\SHELL32.dll
0x00007ff8a2c10000 - 0x00007ff8a2d4f000 	C:\Windows\System32\wintypes.dll
0x00007ff8a0600000 - 0x00007ff8a0f1a000 	C:\Windows\SYSTEM32\windows.storage.dll
0x00007ff8a3d70000 - 0x00007ff8a3e7a000 	C:\Windows\System32\SHCORE.dll
0x00007ff8a5140000 - 0x00007ff8a51a3000 	C:\Windows\System32\shlwapi.dll
0x00007ff8a2650000 - 0x00007ff8a267b000 	C:\Windows\SYSTEM32\profapi.dll
0x00007ff8926b0000 - 0x00007ff8926c9000 	C:\Program Files\Android\Android Studio\jbr\bin\net.dll
0x00007ff89b150000 - 0x00007ff89b27c000 	C:\Windows\SYSTEM32\WINHTTP.dll
0x00007ff8a1ba0000 - 0x00007ff8a1c0a000 	C:\Windows\system32\mswsock.dll
0x00007ff892690000 - 0x00007ff8926a6000 	C:\Program Files\Android\Android Studio\jbr\bin\nio.dll
0x00007ff89d7c0000 - 0x00007ff89d7d0000 	C:\Program Files\Android\Android Studio\jbr\bin\verify.dll
0x00007ff892780000 - 0x00007ff8927a7000 	C:\Program Files\Android\Android Studio\jbr\native\68d5fa5c4cc2d200863cafc0d521ce42e7d3e7ee720ec0a83991735586a16f82\windows-amd64\native-platform.dll
0x00007ff85eca0000 - 0x00007ff85ede4000 	C:\Program Files\Android\Android Studio\jbr\native\e376f236ea51e6404a007f0833ffe2c6e607c4080706a723a18a27aeea778392\windows-amd64\native-platform-file-events.dll
0x00007ff89cba0000 - 0x00007ff89cba9000 	C:\Program Files\Android\Android Studio\jbr\bin\management.dll
0x00007ff8927f0000 - 0x00007ff8927fb000 	C:\Program Files\Android\Android Studio\jbr\bin\management_ext.dll
0x00007ff8a43c0000 - 0x00007ff8a43c8000 	C:\Windows\System32\PSAPI.DLL
0x00007ff8a1dc0000 - 0x00007ff8a1ddb000 	C:\Windows\SYSTEM32\CRYPTSP.dll
0x00007ff8a1680000 - 0x00007ff8a16b7000 	C:\Windows\system32\rsaenh.dll
0x00007ff8a1c60000 - 0x00007ff8a1c88000 	C:\Windows\SYSTEM32\USERENV.dll
0x00007ff8a1de0000 - 0x00007ff8a1dec000 	C:\Windows\SYSTEM32\CRYPTBASE.dll
0x00007ff8a11c0000 - 0x00007ff8a11ed000 	C:\Windows\SYSTEM32\IPHLPAPI.DLL
0x00007ff8a3e80000 - 0x00007ff8a3e89000 	C:\Windows\System32\NSI.dll
0x00007ff89af90000 - 0x00007ff89afa9000 	C:\Windows\SYSTEM32\dhcpcsvc6.DLL
0x00007ff89af20000 - 0x00007ff89af3f000 	C:\Windows\SYSTEM32\dhcpcsvc.DLL
0x00007ff8a1240000 - 0x00007ff8a1342000 	C:\Windows\SYSTEM32\DNSAPI.dll
0x00007ff873ad0000 - 0x00007ff873ad8000 	C:\Windows\system32\wshunix.dll
0x00007ff868ca0000 - 0x00007ff868cb7000 	C:\Windows\system32\napinsp.dll
0x00007ff862b70000 - 0x00007ff862b8b000 	C:\Windows\system32\pnrpnsp.dll
0x00007ff861850000 - 0x00007ff861861000 	C:\Windows\System32\winrnr.dll
0x00007ff86c840000 - 0x00007ff86c855000 	C:\Windows\system32\wshbth.dll
0x00007ff86b170000 - 0x00007ff86b197000 	C:\Windows\system32\nlansp_c.dll
0x00007ff892be0000 - 0x00007ff892bea000 	C:\Windows\System32\rasadhlp.dll
0x00007ff898fe0000 - 0x00007ff899063000 	C:\Windows\System32\fwpuclnt.dll
0x00007ff8892f0000 - 0x00007ff88930e000 	C:\Users\Admin\AppData\Local\Temp\native-platform995604105685015947dir\native-platform.dll
0x00007ff888ef0000 - 0x00007ff888ef7000 	C:\Program Files\Android\Android Studio\jbr\bin\rmi.dll

dbghelp: loaded successfully - version: 4.0.5 - missing functions: none
symbol engine: initialized successfully - sym options: 0x614 - pdb path: .;C:\Program Files\Android\Android Studio\jbr\bin;C:\Windows\SYSTEM32;C:\Windows\WinSxS\amd64_microsoft.windows.common-controls_6595b64144ccf1df_6.0.22621.5124_none_270e8f4f7386d69d;C:\Program Files\Android\Android Studio\jbr\bin\server;C:\Program Files\Android\Android Studio\jbr\native\68d5fa5c4cc2d200863cafc0d521ce42e7d3e7ee720ec0a83991735586a16f82\windows-amd64;C:\Program Files\Android\Android Studio\jbr\native\e376f236ea51e6404a007f0833ffe2c6e607c4080706a723a18a27aeea778392\windows-amd64;C:\Users\Admin\AppData\Local\Temp\native-platform995604105685015947dir

VM Arguments:
jvm_args: --add-opens=java.base/java.util=ALL-UNNAMED --add-opens=java.base/java.lang=ALL-UNNAMED --add-opens=java.base/java.lang.invoke=ALL-UNNAMED --add-opens=java.prefs/java.util.prefs=ALL-UNNAMED --add-opens=java.base/java.nio.charset=ALL-UNNAMED --add-opens=java.base/java.net=ALL-UNNAMED --add-opens=java.base/java.util.concurrent.atomic=ALL-UNNAMED -Xmx2048m -Dfile.encoding=UTF-8 -Duser.country=US -Duser.language=en -Duser.variant -javaagent:C:\Program Files\Android\Android Studio\jbr\wrapper\dists\gradle-8.1.1-all\bs1rrjki8hh9bujwbsqnxtuzr\gradle-8.1.1\lib\agents\gradle-instrumentation-agent-8.1.1.jar 
java_command: org.gradle.launcher.daemon.bootstrap.GradleDaemon 8.1.1
java_class_path (initial): C:\Program Files\Android\Android Studio\jbr\wrapper\dists\gradle-8.1.1-all\bs1rrjki8hh9bujwbsqnxtuzr\gradle-8.1.1\lib\gradle-launcher-8.1.1.jar
Launcher Type: SUN_STANDARD

[Global flags]
     intx CICompilerCount                          = 2                                         {product} {ergonomic}
     uint ConcGCThreads                            = 1                                         {product} {ergonomic}
     uint G1ConcRefinementThreads                  = 2                                         {product} {ergonomic}
   size_t G1HeapRegionSize                         = 1048576                                   {product} {ergonomic}
    uintx GCDrainStackTargetSize                   = 64                                        {product} {ergonomic}
   size_t InitialHeapSize                          = 62914560                                  {product} {ergonomic}
   size_t MarkStackSize                            = 4194304                                   {product} {ergonomic}
   size_t MaxHeapSize                              = 2147483648                                {product} {command line}
   size_t MaxNewSize                               = 1287651328                                {product} {ergonomic}
   size_t MinHeapDeltaBytes                        = 1048576                                   {product} {ergonomic}
   size_t MinHeapSize                              = 8388608                                   {product} {ergonomic}
    uintx NonNMethodCodeHeapSize                   = 5826188                                {pd product} {ergonomic}
    uintx NonProfiledCodeHeapSize                  = 122916026                              {pd product} {ergonomic}
    uintx ProfiledCodeHeapSize                     = 122916026                              {pd product} {ergonomic}
    uintx ReservedCodeCacheSize                    = 251658240                              {pd product} {ergonomic}
     bool SegmentedCodeCache                       = true                                      {product} {ergonomic}
   size_t SoftMaxHeapSize                          = 2147483648                             {manageable} {ergonomic}
     bool UseCompressedClassPointers               = true                           {product lp64_product} {ergonomic}
     bool UseCompressedOops                        = true                           {product lp64_product} {ergonomic}
     bool UseG1GC                                  = true                                      {product} {ergonomic}
     bool UseLargePagesIndividualAllocation        = false                                  {pd product} {ergonomic}

Logging:
Log output configuration:
 #0: stdout all=warning uptime,level,tags
 #1: stderr all=off uptime,level,tags

Environment Variables:
JAVA_HOME=C:\Program Files\Android\Android Studio\jbr

PATH=C:\Program Files (x86)\Common Files\Oracle\Java\java8path;C:\Program Files (x86)\Common Files\Oracle\Java\javapath;C:\Python312\Scripts\;C:\Python312\;C:\Windows\system32;C:\Windows;C:\Windows\System32\Wbem;C:\Windows\System32\WindowsPowerShell\v1.0\;C:\Windows\System32\OpenSSH\;C:\Program Files\dotnet\;C:\Program Files\Microsoft VS Code\bin;C:\Program Files\Git\cmd;C:\ProgramData\chocolatey\bin;C:\Program Files\Android\Android Studio\jbr\bin;C:\Program Files\Java\jdk-23\bin;C:\cygwin64\bin;C:\Program Files\usbipd-win\;C:\xampp\php;C:\ProgramData\ComposerSetup\bin;C:\Users\Admin\AppData\Local\Microsoft\WindowsApps;C:\Users\Admin\AppData\Local\Programs\Microsoft VS Code\bin;C:\Users\Admin\AppData\Local\spicetify;C:\Users\Admin\AppData\Roaming\npm;C:\Program Files\PostgreSQL\17\bin;C:\Users\Admin\AppData\Roaming\Composer\vendor\bin;C:\adb;C:\xampp\mysql\bin;;c:\Users\Admin\AppData\Local\Programs\cursor\resources\app\bin;C:\Program Files\nodejs\;C:\Users\Admin\AppData\Roaming\Python\Python312\Scripts
USERNAME=Admin
OS=Windows_NT
PROCESSOR_IDENTIFIER=Intel64 Family 6 Model 122 Stepping 8, GenuineIntel
TMP=C:\Users\Admin\AppData\Local\Temp
TEMP=C:\Users\Admin\AppData\Local\Temp


JNI global refs:
JNI global refs: 26, weak refs: 0

JNI global refs memory usage: 843, weak refs: 841


---------------  S Y S T E M  ---------------

OS:
 Windows 11 , 64 bit Build 22621 (10.0.22621.5124)
OS uptime: 0 days 4:46 hours
Hyper-V role detected

CPU: total 2 (initial active 2) (2 cores per cpu, 1 threads per core) family 6 model 122 stepping 8 microcode 0x20, cx8, cmov, fxsr, mmx, 3dnowpref, sse, sse2, sse3, ssse3, sse4.1, sse4.2, popcnt, tsc, tscinvbit, aes, erms, clmul, sha, clflush, clflushopt, hv

Memory: 4k page, system-wide physical 3737M (156M free)
TotalPageFile size 9881M (AvailPageFile size 5M)
current process WorkingSet (physical memory assigned to process): 413M, peak: 554M
current process commit charge ("private bytes"): 719M, peak: 731M

vm_info: OpenJDK 64-Bit Server VM (17.0.6+0-b2043.56-10027231) for windows-amd64 JRE (17.0.6+0-b2043.56-10027231), built on Apr 28 2023 00:43:19 by "androidbuild" with MS VC++ 16.10 / 16.11 (VS2019)

END.
