#
# There is insufficient memory for the Java Runtime Environment to continue.
# Native memory allocation (malloc) failed to allocate 2222544 bytes for Chunk::new
# Possible reasons:
#   The system is out of physical RAM or swap space
#   The process is running with CompressedOops enabled, and the Java Heap may be blocking the growth of the native heap
# Possible solutions:
#   Reduce memory load on the system
#   Increase physical memory or swap space
#   Check if swap backing store is full
#   Decrease Java heap size (-Xmx/-Xms)
#   Decrease number of Java threads
#   Decrease Java thread stack sizes (-Xss)
#   Set larger code cache with -XX:ReservedCodeCacheSize=
#   JVM is running with Unscaled Compressed Oops mode in which the Java heap is
#     placed in the first 4GB address space. The Java Heap base address is the
#     maximum limit for the native heap growth. Please use -XX:HeapBaseMinAddress
#     to set the Java Heap base and to place the Java Heap above 4GB virtual address.
# This output file may be truncated or incomplete.
#
#  Out of Memory Error (arena.cpp:189), pid=9892, tid=10080
#
# JRE version: OpenJDK Runtime Environment (17.0.6) (build 17.0.6+0-b2043.56-10027231)
# Java VM: OpenJDK 64-Bit Server VM (17.0.6+0-b2043.56-10027231, mixed mode, tiered, compressed oops, compressed class ptrs, g1 gc, windows-amd64)
# No core dump will be written. Minidumps are not enabled by default on client versions of Windows
#

---------------  S U M M A R Y ------------

Command Line: --add-opens=java.base/java.util=ALL-UNNAMED --add-opens=java.base/java.lang=ALL-UNNAMED --add-opens=java.base/java.lang.invoke=ALL-UNNAMED --add-opens=java.prefs/java.util.prefs=ALL-UNNAMED --add-opens=java.base/java.nio.charset=ALL-UNNAMED --add-opens=java.base/java.net=ALL-UNNAMED --add-opens=java.base/java.util.concurrent.atomic=ALL-UNNAMED -Xmx2048m -Dfile.encoding=UTF-8 -Duser.country=US -Duser.language=en -Duser.variant org.gradle.launcher.daemon.bootstrap.GradleDaemon 8.0

Host: Intel(R) Celeron(R) N4020 CPU @ 1.10GHz, 2 cores, 3G,  Windows 11 , 64 bit Build 22621 (10.0.22621.4830)
Time: Wed Mar 12 18:07:30 2025 SE Asia Standard Time elapsed time: 73.658212 seconds (0d 0h 1m 13s)

---------------  T H R E A D  ---------------

Current thread (0x000000001c05d8f0):  JavaThread "C2 CompilerThread0" daemon [_thread_in_native, id=10080, stack(0x000000001d500000,0x000000001d600000)]


Current CompileTask:
C2:  73658 5134   !   4       java.net.URLClassLoader::findClass (47 bytes)

Stack: [0x000000001d500000,0x000000001d600000]
Native frames: (J=compiled Java code, j=interpreted, Vv=VM code, C=native code)
V  [jvm.dll+0x683c9a]
V  [jvm.dll+0x8427a4]
V  [jvm.dll+0x843f9e]
V  [jvm.dll+0x844603]
V  [jvm.dll+0x249b75]
V  [jvm.dll+0xabcac]
V  [jvm.dll+0xac27c]
V  [jvm.dll+0x368857]
V  [jvm.dll+0x1bd0b8]
V  [jvm.dll+0x21c359]
V  [jvm.dll+0x21b621]
V  [jvm.dll+0x1a4fdd]
V  [jvm.dll+0x22b098]
V  [jvm.dll+0x229159]
V  [jvm.dll+0x7f81ec]
V  [jvm.dll+0x7f274a]
V  [jvm.dll+0x682ad5]
C  [ucrtbase.dll+0x29333]
C  [KERNEL32.DLL+0x1259d]
C  [ntdll.dll+0x5af38]


---------------  P R O C E S S  ---------------

Threads class SMR info:
_java_thread_list=0x000000001e384b00, length=39, elements={
0x0000000002a80760, 0x000000001c03b120, 0x000000001c040620, 0x000000001c099130,
0x000000001c09acf0, 0x000000001c09b7a0, 0x000000001c05cd00, 0x000000001c05d8f0,
0x000000001c05e1f0, 0x000000001cd04830, 0x000000001ce76420, 0x000000001ce7ad00,
0x000000001ed4f580, 0x000000001ec9f1a0, 0x000000001ffbafe0, 0x00000000203eeae0,
0x000000001ece3430, 0x000000001f33bf90, 0x000000001dd2a030, 0x000000001ebe04e0,
0x000000001ebe1820, 0x000000001ebe3030, 0x000000001ebe3500, 0x000000001ebe39d0,
0x000000001ebe1cf0, 0x000000001ebe09b0, 0x000000001ebe0e80, 0x000000001ebe1350,
0x000000001ebe3ea0, 0x000000001ebe2690, 0x000000001ebe2b60, 0x0000000022e61790,
0x0000000022e642e0, 0x0000000022e62130, 0x0000000022e65fc0, 0x0000000022e5fab0,
0x0000000022e62fa0, 0x0000000022e63e10, 0x0000000022e62ad0
}

Java Threads: ( => current thread )
  0x0000000002a80760 JavaThread "main" [_thread_blocked, id=9244, stack(0x0000000002140000,0x0000000002240000)]
  0x000000001c03b120 JavaThread "Reference Handler" daemon [_thread_blocked, id=9932, stack(0x000000001c1b0000,0x000000001c2b0000)]
  0x000000001c040620 JavaThread "Finalizer" daemon [_thread_blocked, id=1384, stack(0x000000001c2b0000,0x000000001c3b0000)]
  0x000000001c099130 JavaThread "Signal Dispatcher" daemon [_thread_blocked, id=8424, stack(0x000000001d100000,0x000000001d200000)]
  0x000000001c09acf0 JavaThread "Attach Listener" daemon [_thread_blocked, id=1932, stack(0x000000001d200000,0x000000001d300000)]
  0x000000001c09b7a0 JavaThread "Service Thread" daemon [_thread_blocked, id=3724, stack(0x000000001d300000,0x000000001d400000)]
  0x000000001c05cd00 JavaThread "Monitor Deflation Thread" daemon [_thread_blocked, id=9372, stack(0x000000001d400000,0x000000001d500000)]
=>0x000000001c05d8f0 JavaThread "C2 CompilerThread0" daemon [_thread_in_native, id=10080, stack(0x000000001d500000,0x000000001d600000)]
  0x000000001c05e1f0 JavaThread "C1 CompilerThread0" daemon [_thread_blocked, id=4772, stack(0x000000001d600000,0x000000001d700000)]
  0x000000001cd04830 JavaThread "Sweeper thread" daemon [_thread_blocked, id=9160, stack(0x000000001d700000,0x000000001d800000)]
  0x000000001ce76420 JavaThread "Common-Cleaner" daemon [_thread_blocked, id=6308, stack(0x000000001d800000,0x000000001d900000)]
  0x000000001ce7ad00 JavaThread "Notification Thread" daemon [_thread_blocked, id=6280, stack(0x000000001d900000,0x000000001da00000)]
  0x000000001ed4f580 JavaThread "Daemon health stats" [_thread_blocked, id=5784, stack(0x0000000020bd0000,0x0000000020cd0000)]
  0x000000001ec9f1a0 JavaThread "Incoming local TCP Connector on port 51426" [_thread_in_native, id=6604, stack(0x0000000021010000,0x0000000021110000)]
  0x000000001ffbafe0 JavaThread "Daemon periodic checks" [_thread_blocked, id=3744, stack(0x0000000021260000,0x0000000021360000)]
  0x00000000203eeae0 JavaThread "Daemon" [_thread_blocked, id=3152, stack(0x0000000021360000,0x0000000021460000)]
  0x000000001ece3430 JavaThread "Handler for socket connection from /127.0.0.1:51426 to /127.0.0.1:51427" [_thread_in_native, id=9664, stack(0x0000000021460000,0x0000000021560000)]
  0x000000001f33bf90 JavaThread "Cancel handler" [_thread_blocked, id=7084, stack(0x0000000021560000,0x0000000021660000)]
  0x000000001dd2a030 JavaThread "Daemon worker" [_thread_in_Java, id=2140, stack(0x0000000021660000,0x0000000021760000)]
  0x000000001ebe04e0 JavaThread "Asynchronous log dispatcher for DefaultDaemonConnection: socket connection from /127.0.0.1:51426 to /127.0.0.1:51427" [_thread_blocked, id=1668, stack(0x0000000022100000,0x0000000022200000)]
  0x000000001ebe1820 JavaThread "Stdin handler" [_thread_blocked, id=2876, stack(0x0000000022200000,0x0000000022300000)]
  0x000000001ebe3030 JavaThread "Daemon client event forwarder" [_thread_blocked, id=5368, stack(0x0000000022300000,0x0000000022400000)]
  0x000000001ebe3500 JavaThread "Cache worker for journal cache (C:\Users\Admin\.gradle\caches\journal-1)" [_thread_blocked, id=5840, stack(0x0000000022400000,0x0000000022500000)]
  0x000000001ebe39d0 JavaThread "File lock request listener" [_thread_in_native, id=8152, stack(0x0000000022500000,0x0000000022600000)]
  0x000000001ebe1cf0 JavaThread "Cache worker for file hash cache (C:\Users\Admin\.gradle\caches\8.0\fileHashes)" [_thread_blocked, id=68, stack(0x0000000022990000,0x0000000022a90000)]
  0x000000001ebe09b0 JavaThread "File lock release action executor" [_thread_blocked, id=1568, stack(0x0000000022600000,0x0000000022700000)]
  0x000000001ebe0e80 JavaThread "File watcher server" daemon [_thread_in_native, id=5728, stack(0x0000000022700000,0x0000000022800000)]
  0x000000001ebe1350 JavaThread "File watcher consumer" daemon [_thread_blocked, id=10200, stack(0x0000000022800000,0x0000000022900000)]
  0x000000001ebe3ea0 JavaThread "jar transforms" [_thread_blocked, id=8384, stack(0x0000000023a60000,0x0000000023b60000)]
  0x000000001ebe2690 JavaThread "jar transforms Thread 2" [_thread_blocked, id=9700, stack(0x0000000024400000,0x0000000024500000)]
  0x000000001ebe2b60 JavaThread "Cache worker for checksums cache (C:\Users\Admin\AndroidStudioProjects\kurirkilat\.gradle\8.0\checksums)" [_thread_blocked, id=4156, stack(0x0000000024500000,0x0000000024600000)]
  0x0000000022e61790 JavaThread "Cache worker for cache directory md-rule (C:\Users\Admin\.gradle\caches\8.0\md-rule)" [_thread_blocked, id=9828, stack(0x0000000024600000,0x0000000024700000)]
  0x0000000022e642e0 JavaThread "Cache worker for file content cache (C:\Users\Admin\.gradle\caches\8.0\fileContent)" [_thread_blocked, id=9344, stack(0x0000000024700000,0x0000000024800000)]
  0x0000000022e62130 JavaThread "Cache worker for file hash cache (C:\Users\Admin\AndroidStudioProjects\kurirkilat\.gradle\8.0\fileHashes)" [_thread_blocked, id=8556, stack(0x0000000024800000,0x0000000024900000)]
  0x0000000022e65fc0 JavaThread "Cache worker for cache directory md-supplier (C:\Users\Admin\.gradle\caches\8.0\md-supplier)" [_thread_blocked, id=6744, stack(0x0000000024900000,0x0000000024a00000)]
  0x0000000022e5fab0 JavaThread "Cache worker for execution history cache (C:\Users\Admin\.gradle\caches\8.0\executionHistory)" [_thread_blocked, id=9300, stack(0x0000000024a00000,0x0000000024b00000)]
  0x0000000022e62fa0 JavaThread "Cache worker for kotlin-dsl (C:\Users\Admin\.gradle\caches\8.0\kotlin-dsl)" [_thread_blocked, id=7860, stack(0x0000000024b00000,0x0000000024c00000)]
  0x0000000022e63e10 JavaThread "Cache worker for dependencies-accessors (C:\Users\Admin\AndroidStudioProjects\kurirkilat\.gradle\8.0\dependencies-accessors)" [_thread_blocked, id=7900, stack(0x0000000026dd0000,0x0000000026ed0000)]
  0x0000000022e62ad0 JavaThread "Cache worker for Build Output Cleanup Cache (C:\Users\Admin\AndroidStudioProjects\kurirkilat\.gradle\buildOutputCleanup)" [_thread_blocked, id=5924, stack(0x0000000000680000,0x0000000000780000)]

Other Threads:
  0x000000001c036fb0 VMThread "VM Thread" [stack: 0x000000001c0b0000,0x000000001c1b0000] [id=8032]
  0x000000001ce83200 WatcherThread [stack: 0x000000001da00000,0x000000001db00000] [id=7384]
  0x0000000002ada680 GCTaskThread "GC Thread#0" [stack: 0x0000000019790000,0x0000000019890000] [id=8076]
  0x000000001cf18ff0 GCTaskThread "GC Thread#1" [stack: 0x000000001db00000,0x000000001dc00000] [id=7824]
  0x0000000002aeb5c0 ConcurrentGCThread "G1 Main Marker" [stack: 0x0000000019890000,0x0000000019990000] [id=44]
  0x0000000002aebfd0 ConcurrentGCThread "G1 Conc#0" [stack: 0x0000000019990000,0x0000000019a90000] [id=9092]
  0x0000000002b20380 ConcurrentGCThread "G1 Refine#0" [stack: 0x000000001bcb0000,0x000000001bdb0000] [id=10068]
  0x0000000002b20da0 ConcurrentGCThread "G1 Service" [stack: 0x000000001bdb0000,0x000000001beb0000] [id=9508]

Threads with active compile tasks:
C2 CompilerThread0    73735 5134   !   4       java.net.URLClassLoader::findClass (47 bytes)

VM state: not at safepoint (normal execution)

VM Mutex/Monitor currently owned by a thread: None

Heap address: 0x0000000080000000, size: 2048 MB, Compressed Oops mode: 32-bit

CDS archive(s) not mapped
Compressed class space mapped at: 0x0000000100000000-0x0000000140000000, reserved size: 1073741824
Narrow klass base: 0x0000000000000000, Narrow klass shift: 3, Narrow klass range: 0x140000000

GC Precious Log:
 CPUs: 2 total, 2 available
 Memory: 3737M
 Large Page Support: Disabled
 NUMA Support: Disabled
 Compressed Oops: Enabled (32-bit)
 Heap Region Size: 1M
 Heap Min Capacity: 8M
 Heap Initial Capacity: 60M
 Heap Max Capacity: 2G
 Pre-touch: Disabled
 Parallel Workers: 2
 Concurrent Workers: 1
 Concurrent Refinement Workers: 2
 Periodic GC: Disabled

Heap:
 garbage-first heap   total 119808K, used 71868K [0x0000000080000000, 0x0000000100000000)
  region size 1024K, 3 young (3072K), 2 survivors (2048K)
 Metaspace       used 55951K, committed 56576K, reserved 1097728K
  class space    used 7535K, committed 7808K, reserved 1048576K

Heap Regions: E=young(eden), S=young(survivor), O=old, HS=humongous(starts), HC=humongous(continues), CS=collection set, F=free, OA=open archive, CA=closed archive, TAMS=top-at-mark-start (previous, next)
|   0|0x0000000080000000, 0x0000000080100000, 0x0000000080100000|100%| O|  |TAMS 0x0000000080100000, 0x0000000080100000| Untracked 
|   1|0x0000000080100000, 0x0000000080200000, 0x0000000080200000|100%| O|  |TAMS 0x0000000080200000, 0x0000000080200000| Untracked 
|   2|0x0000000080200000, 0x0000000080300000, 0x0000000080300000|100%| O|  |TAMS 0x0000000080300000, 0x0000000080300000| Untracked 
|   3|0x0000000080300000, 0x0000000080400000, 0x0000000080400000|100%|HS|  |TAMS 0x0000000080400000, 0x0000000080400000| Complete 
|   4|0x0000000080400000, 0x0000000080500000, 0x0000000080500000|100%|HC|  |TAMS 0x0000000080500000, 0x0000000080500000| Complete 
|   5|0x0000000080500000, 0x0000000080600000, 0x0000000080600000|100%|HC|  |TAMS 0x0000000080600000, 0x0000000080600000| Complete 
|   6|0x0000000080600000, 0x0000000080700000, 0x0000000080700000|100%|HC|  |TAMS 0x0000000080700000, 0x0000000080700000| Complete 
|   7|0x0000000080700000, 0x0000000080800000, 0x0000000080800000|100%| O|  |TAMS 0x0000000080800000, 0x0000000080800000| Untracked 
|   8|0x0000000080800000, 0x0000000080900000, 0x0000000080900000|100%| O|  |TAMS 0x0000000080900000, 0x0000000080900000| Untracked 
|   9|0x0000000080900000, 0x0000000080a00000, 0x0000000080a00000|100%| O|  |TAMS 0x0000000080a00000, 0x0000000080a00000| Untracked 
|  10|0x0000000080a00000, 0x0000000080b00000, 0x0000000080b00000|100%| O|  |TAMS 0x0000000080b00000, 0x0000000080b00000| Untracked 
|  11|0x0000000080b00000, 0x0000000080c00000, 0x0000000080c00000|100%| O|  |TAMS 0x0000000080c00000, 0x0000000080c00000| Untracked 
|  12|0x0000000080c00000, 0x0000000080d00000, 0x0000000080d00000|100%| O|  |TAMS 0x0000000080d00000, 0x0000000080d00000| Untracked 
|  13|0x0000000080d00000, 0x0000000080e00000, 0x0000000080e00000|100%| O|  |TAMS 0x0000000080e00000, 0x0000000080e00000| Untracked 
|  14|0x0000000080e00000, 0x0000000080f00000, 0x0000000080f00000|100%| O|  |TAMS 0x0000000080f00000, 0x0000000080f00000| Untracked 
|  15|0x0000000080f00000, 0x0000000081000000, 0x0000000081000000|100%| O|  |TAMS 0x0000000081000000, 0x0000000081000000| Untracked 
|  16|0x0000000081000000, 0x0000000081100000, 0x0000000081100000|100%| O|  |TAMS 0x0000000081100000, 0x0000000081100000| Untracked 
|  17|0x0000000081100000, 0x0000000081200000, 0x0000000081200000|100%| O|  |TAMS 0x0000000081200000, 0x0000000081200000| Untracked 
|  18|0x0000000081200000, 0x0000000081300000, 0x0000000081300000|100%| O|  |TAMS 0x0000000081300000, 0x0000000081300000| Untracked 
|  19|0x0000000081300000, 0x0000000081400000, 0x0000000081400000|100%|HS|  |TAMS 0x0000000081400000, 0x0000000081400000| Complete 
|  20|0x0000000081400000, 0x0000000081500000, 0x0000000081500000|100%|HC|  |TAMS 0x0000000081500000, 0x0000000081500000| Complete 
|  21|0x0000000081500000, 0x0000000081600000, 0x0000000081600000|100%|HS|  |TAMS 0x0000000081600000, 0x0000000081600000| Complete 
|  22|0x0000000081600000, 0x0000000081700000, 0x0000000081700000|100%|HC|  |TAMS 0x0000000081700000, 0x0000000081700000| Complete 
|  23|0x0000000081700000, 0x0000000081800000, 0x0000000081800000|100%|HC|  |TAMS 0x0000000081800000, 0x0000000081800000| Complete 
|  24|0x0000000081800000, 0x0000000081900000, 0x0000000081900000|100%|HS|  |TAMS 0x0000000081900000, 0x0000000081900000| Complete 
|  25|0x0000000081900000, 0x0000000081a00000, 0x0000000081a00000|100%|HC|  |TAMS 0x0000000081a00000, 0x0000000081a00000| Complete 
|  26|0x0000000081a00000, 0x0000000081b00000, 0x0000000081b00000|100%|HC|  |TAMS 0x0000000081b00000, 0x0000000081b00000| Complete 
|  27|0x0000000081b00000, 0x0000000081c00000, 0x0000000081c00000|100%| O|  |TAMS 0x0000000081c00000, 0x0000000081c00000| Untracked 
|  28|0x0000000081c00000, 0x0000000081d00000, 0x0000000081d00000|100%| O|  |TAMS 0x0000000081d00000, 0x0000000081d00000| Untracked 
|  29|0x0000000081d00000, 0x0000000081e00000, 0x0000000081e00000|100%|HS|  |TAMS 0x0000000081e00000, 0x0000000081e00000| Complete 
|  30|0x0000000081e00000, 0x0000000081f00000, 0x0000000081f00000|100%|HC|  |TAMS 0x0000000081f00000, 0x0000000081f00000| Complete 
|  31|0x0000000081f00000, 0x0000000082000000, 0x0000000082000000|100%|HC|  |TAMS 0x0000000082000000, 0x0000000082000000| Complete 
|  32|0x0000000082000000, 0x0000000082100000, 0x0000000082100000|100%|HC|  |TAMS 0x0000000082100000, 0x0000000082100000| Complete 
|  33|0x0000000082100000, 0x0000000082200000, 0x0000000082200000|100%|HC|  |TAMS 0x0000000082200000, 0x0000000082200000| Complete 
|  34|0x0000000082200000, 0x0000000082300000, 0x0000000082300000|100%|HC|  |TAMS 0x0000000082300000, 0x0000000082300000| Complete 
|  35|0x0000000082300000, 0x0000000082400000, 0x0000000082400000|100%|HC|  |TAMS 0x0000000082400000, 0x0000000082400000| Complete 
|  36|0x0000000082400000, 0x0000000082500000, 0x0000000082500000|100%|HC|  |TAMS 0x0000000082500000, 0x0000000082500000| Complete 
|  37|0x0000000082500000, 0x0000000082600000, 0x0000000082600000|100%|HC|  |TAMS 0x0000000082600000, 0x0000000082600000| Complete 
|  38|0x0000000082600000, 0x0000000082700000, 0x0000000082700000|100%|HC|  |TAMS 0x0000000082700000, 0x0000000082700000| Complete 
|  39|0x0000000082700000, 0x0000000082800000, 0x0000000082800000|100%|HC|  |TAMS 0x0000000082800000, 0x0000000082800000| Complete 
|  40|0x0000000082800000, 0x0000000082900000, 0x0000000082900000|100%|HC|  |TAMS 0x0000000082900000, 0x0000000082900000| Complete 
|  41|0x0000000082900000, 0x0000000082a00000, 0x0000000082a00000|100%| O|  |TAMS 0x0000000082900000, 0x0000000082a00000| Untracked 
|  42|0x0000000082a00000, 0x0000000082b00000, 0x0000000082b00000|100%| O|  |TAMS 0x0000000082b00000, 0x0000000082b00000| Untracked 
|  43|0x0000000082b00000, 0x0000000082c00000, 0x0000000082c00000|100%|HS|  |TAMS 0x0000000082c00000, 0x0000000082c00000| Complete 
|  44|0x0000000082c00000, 0x0000000082d00000, 0x0000000082d00000|100%|HC|  |TAMS 0x0000000082d00000, 0x0000000082d00000| Complete 
|  45|0x0000000082d00000, 0x0000000082e00000, 0x0000000082e00000|100%| O|  |TAMS 0x0000000082e00000, 0x0000000082e00000| Untracked 
|  46|0x0000000082e00000, 0x0000000082f00000, 0x0000000082f00000|100%| O|  |TAMS 0x0000000082f00000, 0x0000000082f00000| Untracked 
|  47|0x0000000082f00000, 0x0000000083000000, 0x0000000083000000|100%| O|  |TAMS 0x0000000083000000, 0x0000000083000000| Untracked 
|  48|0x0000000083000000, 0x0000000083100000, 0x0000000083100000|100%| O|  |TAMS 0x0000000083100000, 0x0000000083100000| Untracked 
|  49|0x0000000083100000, 0x0000000083200000, 0x0000000083200000|100%| O|  |TAMS 0x0000000083200000, 0x0000000083200000| Untracked 
|  50|0x0000000083200000, 0x0000000083300000, 0x0000000083300000|100%| O|  |TAMS 0x0000000083300000, 0x0000000083300000| Untracked 
|  51|0x0000000083300000, 0x0000000083400000, 0x0000000083400000|100%| O|  |TAMS 0x0000000083400000, 0x0000000083400000| Untracked 
|  52|0x0000000083400000, 0x0000000083500000, 0x0000000083500000|100%| O|  |TAMS 0x0000000083500000, 0x0000000083500000| Untracked 
|  53|0x0000000083500000, 0x0000000083600000, 0x0000000083600000|100%| O|  |TAMS 0x0000000083600000, 0x0000000083600000| Untracked 
|  54|0x0000000083600000, 0x0000000083700000, 0x0000000083700000|100%| O|  |TAMS 0x0000000083700000, 0x0000000083700000| Untracked 
|  55|0x0000000083700000, 0x0000000083800000, 0x0000000083800000|100%| O|  |TAMS 0x0000000083800000, 0x0000000083800000| Untracked 
|  56|0x0000000083800000, 0x0000000083900000, 0x0000000083900000|100%|HS|  |TAMS 0x0000000083900000, 0x0000000083900000| Complete 
|  57|0x0000000083900000, 0x0000000083a00000, 0x0000000083a00000|100%|HC|  |TAMS 0x0000000083a00000, 0x0000000083a00000| Complete 
|  58|0x0000000083a00000, 0x0000000083b00000, 0x0000000083b00000|100%|HC|  |TAMS 0x0000000083b00000, 0x0000000083b00000| Complete 
|  59|0x0000000083b00000, 0x0000000083c00000, 0x0000000083c00000|100%| O|  |TAMS 0x0000000083c00000, 0x0000000083c00000| Untracked 
|  60|0x0000000083c00000, 0x0000000083d00000, 0x0000000083d00000|100%|HS|  |TAMS 0x0000000083d00000, 0x0000000083d00000| Complete 
|  61|0x0000000083d00000, 0x0000000083e00000, 0x0000000083e00000|100%|HC|  |TAMS 0x0000000083e00000, 0x0000000083e00000| Complete 
|  62|0x0000000083e00000, 0x0000000083f00000, 0x0000000083f00000|100%|HC|  |TAMS 0x0000000083f00000, 0x0000000083f00000| Complete 
|  63|0x0000000083f00000, 0x0000000084000000, 0x0000000084000000|100%| O|  |TAMS 0x0000000084000000, 0x0000000084000000| Untracked 
|  64|0x0000000084000000, 0x0000000084000000, 0x0000000084100000|  0%| F|  |TAMS 0x0000000084000000, 0x0000000084000000| Untracked 
|  65|0x0000000084100000, 0x0000000084200000, 0x0000000084200000|100%| O|  |TAMS 0x0000000084200000, 0x0000000084200000| Untracked 
|  66|0x0000000084200000, 0x0000000084300000, 0x0000000084300000|100%| O|  |TAMS 0x00000000842fc000, 0x0000000084300000| Untracked 
|  67|0x0000000084300000, 0x0000000084400000, 0x0000000084400000|100%| O|  |TAMS 0x0000000084300000, 0x0000000084400000| Untracked 
|  68|0x0000000084400000, 0x0000000084500000, 0x0000000084500000|100%| O|  |TAMS 0x0000000084400000, 0x0000000084500000| Untracked 
|  69|0x0000000084500000, 0x00000000845d6200, 0x0000000084600000| 83%| O|  |TAMS 0x0000000084500000, 0x00000000845d6200| Untracked 
|  70|0x0000000084600000, 0x0000000084600000, 0x0000000084700000|  0%| F|  |TAMS 0x0000000084600000, 0x0000000084600000| Untracked 
|  71|0x0000000084700000, 0x0000000084700000, 0x0000000084800000|  0%| F|  |TAMS 0x0000000084700000, 0x0000000084700000| Untracked 
|  72|0x0000000084800000, 0x0000000084800000, 0x0000000084900000|  0%| F|  |TAMS 0x0000000084800000, 0x0000000084800000| Untracked 
|  73|0x0000000084900000, 0x0000000084900000, 0x0000000084a00000|  0%| F|  |TAMS 0x0000000084900000, 0x0000000084900000| Untracked 
|  74|0x0000000084a00000, 0x0000000084a00000, 0x0000000084b00000|  0%| F|  |TAMS 0x0000000084a00000, 0x0000000084a00000| Untracked 
|  75|0x0000000084b00000, 0x0000000084b00000, 0x0000000084c00000|  0%| F|  |TAMS 0x0000000084b00000, 0x0000000084b00000| Untracked 
|  76|0x0000000084c00000, 0x0000000084c00000, 0x0000000084d00000|  0%| F|  |TAMS 0x0000000084c00000, 0x0000000084c00000| Untracked 
|  77|0x0000000084d00000, 0x0000000084d00000, 0x0000000084e00000|  0%| F|  |TAMS 0x0000000084d00000, 0x0000000084d00000| Untracked 
|  78|0x0000000084e00000, 0x0000000084e00000, 0x0000000084f00000|  0%| F|  |TAMS 0x0000000084e00000, 0x0000000084e00000| Untracked 
|  79|0x0000000084f00000, 0x0000000084f00000, 0x0000000085000000|  0%| F|  |TAMS 0x0000000084f00000, 0x0000000084f00000| Untracked 
|  80|0x0000000085000000, 0x0000000085000000, 0x0000000085100000|  0%| F|  |TAMS 0x0000000085000000, 0x0000000085000000| Untracked 
|  81|0x0000000085100000, 0x0000000085100000, 0x0000000085200000|  0%| F|  |TAMS 0x0000000085100000, 0x0000000085100000| Untracked 
|  82|0x0000000085200000, 0x0000000085200000, 0x0000000085300000|  0%| F|  |TAMS 0x0000000085200000, 0x0000000085200000| Untracked 
|  83|0x0000000085300000, 0x0000000085300000, 0x0000000085400000|  0%| F|  |TAMS 0x0000000085300000, 0x0000000085300000| Untracked 
|  84|0x0000000085400000, 0x0000000085400000, 0x0000000085500000|  0%| F|  |TAMS 0x0000000085400000, 0x0000000085400000| Untracked 
|  85|0x0000000085500000, 0x0000000085500000, 0x0000000085600000|  0%| F|  |TAMS 0x0000000085500000, 0x0000000085500000| Untracked 
|  86|0x0000000085600000, 0x0000000085600000, 0x0000000085700000|  0%| F|  |TAMS 0x0000000085600000, 0x0000000085600000| Untracked 
|  87|0x0000000085700000, 0x0000000085700000, 0x0000000085800000|  0%| F|  |TAMS 0x0000000085700000, 0x0000000085700000| Untracked 
|  88|0x0000000085800000, 0x0000000085800000, 0x0000000085900000|  0%| F|  |TAMS 0x0000000085800000, 0x0000000085800000| Untracked 
|  89|0x0000000085900000, 0x0000000085900000, 0x0000000085a00000|  0%| F|  |TAMS 0x0000000085900000, 0x0000000085900000| Untracked 
|  90|0x0000000085a00000, 0x0000000085a59060, 0x0000000085b00000| 34%| S|CS|TAMS 0x0000000085a00000, 0x0000000085a00000| Complete 
|  91|0x0000000085b00000, 0x0000000085c00000, 0x0000000085c00000|100%| S|CS|TAMS 0x0000000085b00000, 0x0000000085b00000| Complete 
|  92|0x0000000085c00000, 0x0000000085c00000, 0x0000000085d00000|  0%| F|  |TAMS 0x0000000085c00000, 0x0000000085c00000| Untracked 
|  93|0x0000000085d00000, 0x0000000085d00000, 0x0000000085e00000|  0%| F|  |TAMS 0x0000000085d00000, 0x0000000085d00000| Untracked 
|  94|0x0000000085e00000, 0x0000000085e00000, 0x0000000085f00000|  0%| F|  |TAMS 0x0000000085e00000, 0x0000000085e00000| Untracked 
|  95|0x0000000085f00000, 0x0000000085f00000, 0x0000000086000000|  0%| F|  |TAMS 0x0000000085f00000, 0x0000000085f00000| Untracked 
|  96|0x0000000086000000, 0x0000000086000000, 0x0000000086100000|  0%| F|  |TAMS 0x0000000086000000, 0x0000000086000000| Untracked 
|  97|0x0000000086100000, 0x0000000086100000, 0x0000000086200000|  0%| F|  |TAMS 0x0000000086100000, 0x0000000086100000| Untracked 
|  98|0x0000000086200000, 0x0000000086200000, 0x0000000086300000|  0%| F|  |TAMS 0x0000000086200000, 0x0000000086200000| Untracked 
|  99|0x0000000086300000, 0x0000000086300000, 0x0000000086400000|  0%| F|  |TAMS 0x0000000086300000, 0x0000000086300000| Untracked 
| 100|0x0000000086400000, 0x0000000086400000, 0x0000000086500000|  0%| F|  |TAMS 0x0000000086400000, 0x0000000086400000| Untracked 
| 101|0x0000000086500000, 0x0000000086500000, 0x0000000086600000|  0%| F|  |TAMS 0x0000000086500000, 0x0000000086500000| Untracked 
| 102|0x0000000086600000, 0x0000000086600000, 0x0000000086700000|  0%| F|  |TAMS 0x0000000086600000, 0x0000000086600000| Untracked 
| 103|0x0000000086700000, 0x0000000086700000, 0x0000000086800000|  0%| F|  |TAMS 0x0000000086700000, 0x0000000086700000| Untracked 
| 104|0x0000000086800000, 0x0000000086800000, 0x0000000086900000|  0%| F|  |TAMS 0x0000000086800000, 0x0000000086800000| Untracked 
| 105|0x0000000086900000, 0x0000000086900000, 0x0000000086a00000|  0%| F|  |TAMS 0x0000000086900000, 0x0000000086900000| Untracked 
| 106|0x0000000086a00000, 0x0000000086a00000, 0x0000000086b00000|  0%| F|  |TAMS 0x0000000086a00000, 0x0000000086a00000| Untracked 
| 107|0x0000000086b00000, 0x0000000086b00000, 0x0000000086c00000|  0%| F|  |TAMS 0x0000000086b00000, 0x0000000086b00000| Untracked 
| 108|0x0000000086c00000, 0x0000000086c00000, 0x0000000086d00000|  0%| F|  |TAMS 0x0000000086c00000, 0x0000000086c00000| Untracked 
| 109|0x0000000086d00000, 0x0000000086d00000, 0x0000000086e00000|  0%| F|  |TAMS 0x0000000086d00000, 0x0000000086d00000| Untracked 
| 110|0x0000000086e00000, 0x0000000086e00000, 0x0000000086f00000|  0%| F|  |TAMS 0x0000000086e00000, 0x0000000086e00000| Untracked 
| 111|0x0000000086f00000, 0x0000000086f00000, 0x0000000087000000|  0%| F|  |TAMS 0x0000000086f00000, 0x0000000086f00000| Untracked 
| 112|0x0000000087000000, 0x0000000087000000, 0x0000000087100000|  0%| F|  |TAMS 0x0000000087000000, 0x0000000087000000| Untracked 
| 113|0x0000000087100000, 0x0000000087100000, 0x0000000087200000|  0%| F|  |TAMS 0x0000000087100000, 0x0000000087100000| Untracked 
| 114|0x0000000087200000, 0x0000000087200000, 0x0000000087300000|  0%| F|  |TAMS 0x0000000087200000, 0x0000000087200000| Untracked 
| 115|0x0000000087300000, 0x0000000087300000, 0x0000000087400000|  0%| F|  |TAMS 0x0000000087300000, 0x0000000087300000| Untracked 
| 116|0x0000000087400000, 0x000000008747fdd8, 0x0000000087500000| 49%| E|  |TAMS 0x0000000087400000, 0x0000000087400000| Complete 

Card table byte_map: [0x0000000014f40000,0x0000000015340000] _byte_map_base: 0x0000000014b40000

Marking Bits (Prev, Next): (CMBitMap*) 0x0000000002adac90, (CMBitMap*) 0x0000000002adacd0
 Prev Bits: [0x0000000015740000, 0x0000000017740000)
 Next Bits: [0x0000000017740000, 0x0000000019740000)

Polling page: 0x0000000000560000

Metaspace:

Usage:
  Non-class:     47.28 MB used.
      Class:      7.36 MB used.
       Both:     54.64 MB used.

Virtual space:
  Non-class space:       48.00 MB reserved,      47.62 MB (>99%) committed,  6 nodes.
      Class space:        1.00 GB reserved,       7.62 MB ( <1%) committed,  1 nodes.
             Both:        1.05 GB reserved,      55.25 MB (  5%) committed. 

Chunk freelists:
   Non-Class:  160.00 KB
       Class:  272.00 KB
        Both:  432.00 KB

MaxMetaspaceSize: unlimited
CompressedClassSpaceSize: 1.00 GB
Initial GC threshold: 21.00 MB
Current GC threshold: 82.62 MB
CDS: off
MetaspaceReclaimPolicy: balanced
 - commit_granule_bytes: 65536.
 - commit_granule_words: 8192.
 - virtual_space_node_default_size: 1048576.
 - enlarge_chunks_in_place: 1.
 - new_chunks_are_fully_committed: 0.
 - uncommit_free_chunks: 1.
 - use_allocation_guard: 0.
 - handle_deallocations: 1.


Internal statistics:

num_allocs_failed_limit: 3.
num_arena_births: 680.
num_arena_deaths: 0.
num_vsnodes_births: 7.
num_vsnodes_deaths: 0.
num_space_committed: 884.
num_space_uncommitted: 0.
num_chunks_returned_to_freelist: 3.
num_chunks_taken_from_freelist: 2577.
num_chunk_merges: 3.
num_chunk_splits: 1681.
num_chunks_enlarged: 1106.
num_purges: 0.
num_inconsistent_stats: 0.

CodeHeap 'non-profiled nmethods': size=120064Kb used=3200Kb max_used=3200Kb free=116863Kb
 bounds [0x000000000da00000, 0x000000000dd30000, 0x0000000014f40000]
CodeHeap 'profiled nmethods': size=120000Kb used=11064Kb max_used=11064Kb free=108935Kb
 bounds [0x0000000005f40000, 0x0000000006a10000, 0x000000000d470000]
CodeHeap 'non-nmethods': size=5696Kb used=2319Kb max_used=2343Kb free=3376Kb
 bounds [0x000000000d470000, 0x000000000d6e0000, 0x000000000da00000]
 total_blobs=6131 nmethods=5289 adapters=755
 compilation: enabled
              stopped_count=0, restarted_count=0
 full_count=0

Compilation events (20 events):
Event: 73.609 Thread 0x000000001c05e1f0 5282       2       sun.security.provider.DigestBase::implCompressMultiBlockCheck (67 bytes)
Event: 73.609 Thread 0x000000001c05e1f0 nmethod 5282 0x0000000006a09e10 code [0x0000000006a09fe0, 0x0000000006a0a3a8]
Event: 73.610 Thread 0x000000001c05e1f0 5283       2       org.gradle.internal.serialize.AbstractDecoder::readBytes (9 bytes)
Event: 73.611 Thread 0x000000001c05e1f0 nmethod 5283 0x0000000006a0a590 code [0x0000000006a0a720, 0x0000000006a0a868]
Event: 73.612 Thread 0x000000001c05e1f0 5284       1       org.gradle.internal.component.external.model.AbstractModuleComponentResolveMetadata::getId (5 bytes)
Event: 73.612 Thread 0x000000001c05e1f0 nmethod 5284 0x000000000dd1de90 code [0x000000000dd1e020, 0x000000000dd1e0f8]
Event: 73.612 Thread 0x000000001c05e1f0 5285       1       org.gradle.internal.component.external.model.ImmutableCapabilities::getCapabilities (5 bytes)
Event: 73.613 Thread 0x000000001c05e1f0 nmethod 5285 0x000000000dd1e190 code [0x000000000dd1e320, 0x000000000dd1e3f8]
Event: 73.614 Thread 0x000000001c05e1f0 5286       2       com.esotericsoftware.kryo.io.Output::writeUtf8Length (405 bytes)
Event: 73.615 Thread 0x000000001c05e1f0 nmethod 5286 0x0000000006a0a910 code [0x0000000006a0ab20, 0x0000000006a0b128]
Event: 73.616 Thread 0x000000001c05e1f0 5287       2       org.gradle.api.internal.artifacts.ModuleComponentSelectorSerializer::read (50 bytes)
Event: 73.617 Thread 0x000000001c05e1f0 nmethod 5287 0x0000000006a0b490 code [0x0000000006a0b680, 0x0000000006a0b948]
Event: 73.617 Thread 0x000000001c05e1f0 5288       2       org.gradle.api.internal.artifacts.ivyservice.resolveengine.result.IvyArtifactNameSerializer::readNullable (19 bytes)
Event: 73.617 Thread 0x000000001c05e1f0 nmethod 5288 0x0000000006a0bb90 code [0x0000000006a0bd40, 0x0000000006a0bed8]
Event: 73.617 Thread 0x000000001c05e1f0 5289       2       java.util.Collections$EmptyList::toArray (5 bytes)
Event: 73.617 Thread 0x000000001c05e1f0 nmethod 5289 0x0000000006a0bf90 code [0x0000000006a0c120, 0x0000000006a0c2b8]
Event: 73.618 Thread 0x000000001c05e1f0 5290       2       org.gradle.internal.serialize.kryo.KryoBackedEncoder::writeString (23 bytes)
Event: 73.619 Thread 0x000000001c05e1f0 nmethod 5290 0x0000000006a0c390 code [0x0000000006a0c540, 0x0000000006a0c718]
Event: 73.619 Thread 0x000000001c05e1f0 5291       1       org.gradle.internal.component.external.model.DefaultModuleComponentIdentifier::getVersion (5 bytes)
Event: 73.619 Thread 0x000000001c05e1f0 nmethod 5291 0x000000000dd1e490 code [0x000000000dd1e620, 0x000000000dd1e6f8]

GC Heap History (20 events):
Event: 34.702 GC heap before
{Heap before GC invocations=22 (full 0):
 garbage-first heap   total 97280K, used 57559K [0x0000000080000000, 0x0000000100000000)
  region size 1024K, 4 young (4096K), 3 survivors (3072K)
 Metaspace       used 42378K, committed 42752K, reserved 1089536K
  class space    used 5633K, committed 5824K, reserved 1048576K
}
Event: 34.708 GC heap after
{Heap after GC invocations=23 (full 0):
 garbage-first heap   total 97280K, used 57198K [0x0000000080000000, 0x0000000100000000)
  region size 1024K, 1 young (1024K), 1 survivors (1024K)
 Metaspace       used 42378K, committed 42752K, reserved 1089536K
  class space    used 5633K, committed 5824K, reserved 1048576K
}
Event: 37.571 GC heap before
{Heap before GC invocations=24 (full 0):
 garbage-first heap   total 102400K, used 80750K [0x0000000080000000, 0x0000000100000000)
  region size 1024K, 22 young (22528K), 1 survivors (1024K)
 Metaspace       used 45937K, committed 46336K, reserved 1089536K
  class space    used 6061K, committed 6272K, reserved 1048576K
}
Event: 37.585 GC heap after
{Heap after GC invocations=25 (full 0):
 garbage-first heap   total 102400K, used 57540K [0x0000000080000000, 0x0000000100000000)
  region size 1024K, 2 young (2048K), 2 survivors (2048K)
 Metaspace       used 45937K, committed 46336K, reserved 1089536K
  class space    used 6061K, committed 6272K, reserved 1048576K
}
Event: 39.574 GC heap before
{Heap before GC invocations=25 (full 0):
 garbage-first heap   total 102400K, used 66756K [0x0000000080000000, 0x0000000100000000)
  region size 1024K, 12 young (12288K), 2 survivors (2048K)
 Metaspace       used 46802K, committed 47296K, reserved 1097728K
  class space    used 6199K, committed 6400K, reserved 1048576K
}
Event: 39.582 GC heap after
{Heap after GC invocations=26 (full 0):
 garbage-first heap   total 102400K, used 59314K [0x0000000080000000, 0x0000000100000000)
  region size 1024K, 4 young (4096K), 4 survivors (4096K)
 Metaspace       used 46802K, committed 47296K, reserved 1097728K
  class space    used 6199K, committed 6400K, reserved 1048576K
}
Event: 39.760 GC heap before
{Heap before GC invocations=27 (full 0):
 garbage-first heap   total 102400K, used 62386K [0x0000000080000000, 0x0000000100000000)
  region size 1024K, 5 young (5120K), 4 survivors (4096K)
 Metaspace       used 46802K, committed 47296K, reserved 1097728K
  class space    used 6199K, committed 6400K, reserved 1048576K
}
Event: 39.768 GC heap after
{Heap after GC invocations=28 (full 0):
 garbage-first heap   total 102400K, used 63108K [0x0000000080000000, 0x0000000100000000)
  region size 1024K, 3 young (3072K), 3 survivors (3072K)
 Metaspace       used 46802K, committed 47296K, reserved 1097728K
  class space    used 6199K, committed 6400K, reserved 1048576K
}
Event: 40.768 GC heap before
{Heap before GC invocations=29 (full 0):
 garbage-first heap   total 114688K, used 83588K [0x0000000080000000, 0x0000000100000000)
  region size 1024K, 20 young (20480K), 3 survivors (3072K)
 Metaspace       used 48927K, committed 49408K, reserved 1097728K
  class space    used 6370K, committed 6592K, reserved 1048576K
}
Event: 40.777 GC heap after
{Heap after GC invocations=30 (full 0):
 garbage-first heap   total 114688K, used 67907K [0x0000000080000000, 0x0000000100000000)
  region size 1024K, 3 young (3072K), 3 survivors (3072K)
 Metaspace       used 48927K, committed 49408K, reserved 1097728K
  class space    used 6370K, committed 6592K, reserved 1048576K
}
Event: 40.909 GC heap before
{Heap before GC invocations=30 (full 0):
 garbage-first heap   total 114688K, used 69955K [0x0000000080000000, 0x0000000100000000)
  region size 1024K, 5 young (5120K), 3 survivors (3072K)
 Metaspace       used 49025K, committed 49472K, reserved 1097728K
  class space    used 6384K, committed 6592K, reserved 1048576K
}
Event: 40.918 GC heap after
{Heap after GC invocations=31 (full 0):
 garbage-first heap   total 114688K, used 68060K [0x0000000080000000, 0x0000000100000000)
  region size 1024K, 1 young (1024K), 1 survivors (1024K)
 Metaspace       used 49025K, committed 49472K, reserved 1097728K
  class space    used 6384K, committed 6592K, reserved 1048576K
}
Event: 67.541 GC heap before
{Heap before GC invocations=31 (full 0):
 garbage-first heap   total 114688K, used 89564K [0x0000000080000000, 0x0000000100000000)
  region size 1024K, 22 young (22528K), 1 survivors (1024K)
 Metaspace       used 50158K, committed 50624K, reserved 1097728K
  class space    used 6559K, committed 6784K, reserved 1048576K
}
Event: 67.549 GC heap after
{Heap after GC invocations=32 (full 0):
 garbage-first heap   total 114688K, used 69474K [0x0000000080000000, 0x0000000100000000)
  region size 1024K, 2 young (2048K), 2 survivors (2048K)
 Metaspace       used 50158K, committed 50624K, reserved 1097728K
  class space    used 6559K, committed 6784K, reserved 1048576K
}
Event: 70.000 GC heap before
{Heap before GC invocations=33 (full 0):
 garbage-first heap   total 119808K, used 92002K [0x0000000080000000, 0x0000000100000000)
  region size 1024K, 24 young (24576K), 2 survivors (2048K)
 Metaspace       used 52635K, committed 53248K, reserved 1097728K
  class space    used 7015K, committed 7296K, reserved 1048576K
}
Event: 70.012 GC heap after
{Heap after GC invocations=34 (full 0):
 garbage-first heap   total 119808K, used 71090K [0x0000000080000000, 0x0000000100000000)
  region size 1024K, 3 young (3072K), 3 survivors (3072K)
 Metaspace       used 52635K, committed 53248K, reserved 1097728K
  class space    used 7015K, committed 7296K, reserved 1048576K
}
Event: 70.089 GC heap before
{Heap before GC invocations=34 (full 0):
 garbage-first heap   total 119808K, used 73138K [0x0000000080000000, 0x0000000100000000)
  region size 1024K, 5 young (5120K), 3 survivors (3072K)
 Metaspace       used 52852K, committed 53440K, reserved 1097728K
  class space    used 7048K, committed 7360K, reserved 1048576K
}
Event: 70.102 GC heap after
{Heap after GC invocations=35 (full 0):
 garbage-first heap   total 119808K, used 71024K [0x0000000080000000, 0x0000000100000000)
  region size 1024K, 1 young (1024K), 1 survivors (1024K)
 Metaspace       used 52852K, committed 53440K, reserved 1097728K
  class space    used 7048K, committed 7360K, reserved 1048576K
}
Event: 73.620 GC heap before
{Heap before GC invocations=35 (full 0):
 garbage-first heap   total 119808K, used 95600K [0x0000000080000000, 0x0000000100000000)
  region size 1024K, 25 young (25600K), 1 survivors (1024K)
 Metaspace       used 55946K, committed 56576K, reserved 1097728K
  class space    used 7535K, committed 7808K, reserved 1048576K
}
Event: 73.629 GC heap after
{Heap after GC invocations=36 (full 0):
 garbage-first heap   total 119808K, used 71868K [0x0000000080000000, 0x0000000100000000)
  region size 1024K, 2 young (2048K), 2 survivors (2048K)
 Metaspace       used 55946K, committed 56576K, reserved 1097728K
  class space    used 7535K, committed 7808K, reserved 1048576K
}

Dll operation events (2 events):
Event: 0.045 Loaded shared library C:\Program Files\Android\Android Studio\jbr\bin\java.dll
Event: 2.306 Loaded shared library C:\Program Files\Android\Android Studio\jbr\bin\verify.dll

Deoptimization events (20 events):
Event: 72.549 Thread 0x000000001dd2a030 DEOPT PACKING pc=0x000000000db404a4 sp=0x0000000021759330
Event: 72.549 Thread 0x000000001dd2a030 DEOPT UNPACKING pc=0x000000000d4c699d sp=0x00000000217592d8 mode 2
Event: 72.552 Thread 0x000000001dd2a030 Uncommon trap: trap_request=0xffffffc6 fr.pc=0x000000000db404a4 relative=0x0000000000000264
Event: 72.552 Thread 0x000000001dd2a030 Uncommon trap: reason=bimorphic_or_optimized_type_check action=maybe_recompile pc=0x000000000db404a4 method=com.google.common.base.CharMatcher.indexIn(Ljava/lang/CharSequence;I)I @ 31 c2
Event: 72.552 Thread 0x000000001dd2a030 DEOPT PACKING pc=0x000000000db404a4 sp=0x0000000021759330
Event: 72.552 Thread 0x000000001dd2a030 DEOPT UNPACKING pc=0x000000000d4c699d sp=0x00000000217592d8 mode 2
Event: 72.585 Thread 0x000000001dd2a030 Uncommon trap: trap_request=0xffffffc6 fr.pc=0x000000000db404a4 relative=0x0000000000000264
Event: 72.585 Thread 0x000000001dd2a030 Uncommon trap: reason=bimorphic_or_optimized_type_check action=maybe_recompile pc=0x000000000db404a4 method=com.google.common.base.CharMatcher.indexIn(Ljava/lang/CharSequence;I)I @ 31 c2
Event: 72.585 Thread 0x000000001dd2a030 DEOPT PACKING pc=0x000000000db404a4 sp=0x0000000021758b60
Event: 72.585 Thread 0x000000001dd2a030 DEOPT UNPACKING pc=0x000000000d4c699d sp=0x0000000021758b08 mode 2
Event: 72.609 Thread 0x000000001dd2a030 Uncommon trap: trap_request=0xffffff45 fr.pc=0x000000000da5a5ac relative=0x000000000000018c
Event: 72.609 Thread 0x000000001dd2a030 Uncommon trap: reason=unstable_if action=reinterpret pc=0x000000000da5a5ac method=java.net.URI$Parser.scan(IILjava/lang/String;)I @ 26 c2
Event: 72.610 Thread 0x000000001dd2a030 DEOPT PACKING pc=0x000000000da5a5ac sp=0x0000000021758060
Event: 72.610 Thread 0x000000001dd2a030 DEOPT UNPACKING pc=0x000000000d4c699d sp=0x0000000021757ff0 mode 2
Event: 72.610 Thread 0x000000001dd2a030 Uncommon trap: trap_request=0xffffff45 fr.pc=0x000000000dc712a8 relative=0x00000000000000a8
Event: 72.610 Thread 0x000000001dd2a030 Uncommon trap: reason=unstable_if action=reinterpret pc=0x000000000dc712a8 method=java.net.URI.match(CJJ)Z @ 45 c2
Event: 72.610 Thread 0x000000001dd2a030 DEOPT PACKING pc=0x000000000dc712a8 sp=0x0000000021757d10
Event: 72.610 Thread 0x000000001dd2a030 DEOPT UNPACKING pc=0x000000000d4c699d sp=0x0000000021757c98 mode 2
Event: 73.088 Thread 0x000000001dd2a030 DEOPT PACKING pc=0x00000000062cec9b sp=0x0000000021756540
Event: 73.088 Thread 0x000000001dd2a030 DEOPT UNPACKING pc=0x000000000d4c7124 sp=0x00000000217559b0 mode 0

Classes unloaded (0 events):
No events

Classes redefined (0 events):
No events

Internal exceptions (20 events):
Event: 65.973 Thread 0x000000001dd2a030 Exception <a 'java/lang/NoSuchMethodError'{0x00000000868ec368}: 'java.lang.Object java.lang.invoke.DirectMethodHandle$Holder.invokeStatic(java.lang.Object, java.lang.Object, java.lang.Object, java.lang.Object, java.lang.Object, java.lang.Object, java.lang.Object, java.lang.Object, java.lang.Object, java.lang.Object, java.lang.Object, java.lang.Object, java.lang.Object, java.lang.Object, java.lang.Object, java.lang.Object, java.lang.Object, java.lang.Object, java.lang.Object, java.lang.Object, java.lang.Obj
Event: 65.977 Thread 0x000000001dd2a030 Exception <a 'java/lang/NoSuchMethodError'{0x000000008671ae48}: 'java.lang.Object java.lang.invoke.DirectMethodHandle$Holder.invokeStatic(java.lang.Object, java.lang.Object, java.lang.Object, java.lang.Object, java.lang.Object, java.lang.Object, java.lang.Object, java.lang.Object, java.lang.Object, java.lang.Object, java.lang.Object, java.lang.Object, java.lang.Object, java.lang.Object, java.lang.Object, java.lang.Object, java.lang.Object, java.lang.Object, java.lang.Object, java.lang.Object, java.lang.Obj
Event: 66.215 Thread 0x000000001dd2a030 Exception <a 'java/lang/IncompatibleClassChangeError'{0x0000000085c83828}: Found class java.lang.Object, but interface was expected> (0x0000000085c83828) 
thrown [s\src\hotspot\share\interpreter\linkResolver.cpp, line 838]
Event: 67.588 Thread 0x000000001dd2a030 Exception <a 'java/lang/IncompatibleClassChangeError'{0x0000000086f5ce48}: Found class java.lang.Object, but interface was expected> (0x0000000086f5ce48) 
thrown [s\src\hotspot\share\interpreter\linkResolver.cpp, line 838]
Event: 67.646 Thread 0x000000001dd2a030 Exception <a 'java/lang/NoSuchMethodError'{0x0000000086eeb728}: 'int java.lang.invoke.DirectMethodHandle$Holder.invokeStaticInit(java.lang.Object, java.lang.Object, java.lang.Object, java.lang.Object, java.lang.Object)'> (0x0000000086eeb728) 
thrown [s\src\hotspot\share\interpreter\linkResolver.cpp, line 771]
Event: 68.924 Thread 0x000000001dd2a030 Exception <a 'java/lang/NoSuchMethodError'{0x0000000086c6c7c0}: 'void java.lang.invoke.DirectMethodHandle$Holder.invokeInterface(java.lang.Object, java.lang.Object)'> (0x0000000086c6c7c0) 
thrown [s\src\hotspot\share\interpreter\linkResolver.cpp, line 771]
Event: 68.933 Thread 0x000000001dd2a030 Exception <a 'java/lang/IncompatibleClassChangeError'{0x0000000086c77d58}: Found class java.lang.Object, but interface was expected> (0x0000000086c77d58) 
thrown [s\src\hotspot\share\interpreter\linkResolver.cpp, line 838]
Event: 69.537 Thread 0x000000001dd2a030 Exception <a 'java/lang/ClassNotFoundException'{0x000000008681ef18}: org/jetbrains/plugins/gradle/model/web/WebConfigurationBeanInfo> (0x000000008681ef18) 
thrown [s\src\hotspot\share\classfile\systemDictionary.cpp, line 256]
Event: 69.538 Thread 0x000000001dd2a030 Exception <a 'java/lang/ClassNotFoundException'{0x00000000868272a0}: org/jetbrains/plugins/gradle/model/web/WebConfigurationCustomizer> (0x00000000868272a0) 
thrown [s\src\hotspot\share\classfile\systemDictionary.cpp, line 256]
Event: 69.547 Thread 0x000000001dd2a030 Exception <a 'java/lang/ClassNotFoundException'{0x0000000086845f48}: org/jetbrains/plugins/gradle/model/scala/ScalaModelBeanInfo> (0x0000000086845f48) 
thrown [s\src\hotspot\share\classfile\systemDictionary.cpp, line 256]
Event: 69.548 Thread 0x000000001dd2a030 Exception <a 'java/lang/ClassNotFoundException'{0x000000008684e250}: org/jetbrains/plugins/gradle/model/scala/ScalaModelCustomizer> (0x000000008684e250) 
thrown [s\src\hotspot\share\classfile\systemDictionary.cpp, line 256]
Event: 69.564 Thread 0x000000001dd2a030 Exception <a 'java/lang/ClassNotFoundException'{0x000000008687f4f0}: org/jetbrains/plugins/gradle/model/DependencyAccessorsModelBeanInfo> (0x000000008687f4f0) 
thrown [s\src\hotspot\share\classfile\systemDictionary.cpp, line 256]
Event: 69.566 Thread 0x000000001dd2a030 Exception <a 'java/lang/ClassNotFoundException'{0x00000000868878a0}: org/jetbrains/plugins/gradle/model/DependencyAccessorsModelCustomizer> (0x00000000868878a0) 
thrown [s\src\hotspot\share\classfile\systemDictionary.cpp, line 256]
Event: 69.902 Thread 0x000000001dd2a030 Exception <a 'java/lang/ClassNotFoundException'{0x00000000861c60c0}: org/gradle/api/internal/project/DefaultProject_DecoratedBeanInfo> (0x00000000861c60c0) 
thrown [s\src\hotspot\share\classfile\systemDictionary.cpp, line 256]
Event: 69.906 Thread 0x000000001dd2a030 Exception <a 'java/lang/ClassNotFoundException'{0x00000000861d2e60}: org/gradle/api/internal/project/DefaultProjectBeanInfo> (0x00000000861d2e60) 
thrown [s\src\hotspot\share\classfile\systemDictionary.cpp, line 256]
Event: 69.907 Thread 0x000000001dd2a030 Exception <a 'java/lang/ClassNotFoundException'{0x00000000861df9c0}: org/gradle/api/internal/project/DefaultProjectCustomizer> (0x00000000861df9c0) 
thrown [s\src\hotspot\share\classfile\systemDictionary.cpp, line 256]
Event: 69.933 Thread 0x000000001dd2a030 Exception <a 'java/lang/ClassNotFoundException'{0x00000000860891d0}: org/gradle/api/internal/project/DefaultProject_DecoratedCustomizer> (0x00000000860891d0) 
thrown [s\src\hotspot\share\classfile\systemDictionary.cpp, line 256]
Event: 73.154 Thread 0x000000001dd2a030 Exception <a 'java/lang/NoSuchMethodError'{0x0000000085faf940}: 'java.lang.Object java.lang.invoke.DirectMethodHandle$Holder.newInvokeSpecial(java.lang.Object, java.lang.Object, java.lang.Object, java.lang.Object, java.lang.Object, int)'> (0x0000000085faf940) 
thrown [s\src\hotspot\share\interpreter\linkResolver.cpp, line 771]
Event: 73.154 Thread 0x000000001dd2a030 Exception <a 'java/lang/NoSuchMethodError'{0x0000000085fb4f98}: 'java.lang.Object java.lang.invoke.DirectMethodHandle$Holder.invokeSpecial(java.lang.Object, java.lang.Object, java.lang.Object, java.lang.Object, java.lang.Object, java.lang.Object, int)'> (0x0000000085fb4f98) 
thrown [s\src\hotspot\share\interpreter\linkResolver.cpp, line 771]
Event: 73.180 Thread 0x000000001dd2a030 Exception <a 'java/lang/NoSuchMethodError'{0x0000000085e554b8}: 'void java.lang.invoke.DirectMethodHandle$Holder.invokeStatic(java.lang.Object, java.lang.Object, java.lang.Object, int, java.lang.Object)'> (0x0000000085e554b8) 
thrown [s\src\hotspot\share\interpreter\linkResolver.cpp, line 771]

VM Operations (20 events):
Event: 68.671 Executing VM operation: Cleanup
Event: 68.671 Executing VM operation: Cleanup done
Event: 69.776 Executing VM operation: HandshakeAllThreads
Event: 69.776 Executing VM operation: HandshakeAllThreads done
Event: 69.776 Executing VM operation: Cleanup
Event: 69.776 Executing VM operation: Cleanup done
Event: 70.000 Executing VM operation: G1CollectForAllocation
Event: 70.014 Executing VM operation: G1CollectForAllocation done
Event: 70.089 Executing VM operation: G1CollectForAllocation
Event: 70.102 Executing VM operation: G1CollectForAllocation done
Event: 70.234 Executing VM operation: HandshakeAllThreads
Event: 70.234 Executing VM operation: HandshakeAllThreads done
Event: 71.232 Executing VM operation: Cleanup
Event: 71.240 Executing VM operation: Cleanup done
Event: 72.241 Executing VM operation: Cleanup
Event: 72.280 Executing VM operation: Cleanup done
Event: 73.055 Executing VM operation: HandshakeAllThreads
Event: 73.055 Executing VM operation: HandshakeAllThreads done
Event: 73.620 Executing VM operation: G1CollectForAllocation
Event: 73.650 Executing VM operation: G1CollectForAllocation done

Events (20 events):
Event: 72.643 loading class javax/net/ssl/HostnameVerifier
Event: 72.644 loading class javax/net/ssl/HostnameVerifier done
Event: 72.647 loading class javax/net/ssl/TrustManager
Event: 72.647 loading class javax/net/ssl/TrustManager done
Event: 72.648 loading class javax/net/ssl/X509TrustManager
Event: 72.648 loading class javax/net/ssl/X509TrustManager done
Event: 72.653 loading class javax/net/ssl/SSLException
Event: 72.653 loading class javax/net/ssl/SSLException done
Event: 72.653 loading class javax/naming/NamingException
Event: 72.655 loading class javax/naming/NamingException done
Event: 72.655 loading class javax/naming/InvalidNameException
Event: 72.655 loading class javax/naming/InvalidNameException done
Event: 72.655 loading class javax/net/ssl/SSLPeerUnverifiedException
Event: 72.655 loading class javax/net/ssl/SSLPeerUnverifiedException done
Event: 72.655 loading class java/security/cert/CertificateParsingException
Event: 72.656 loading class java/security/cert/CertificateException
Event: 72.657 loading class java/security/cert/CertificateException done
Event: 72.657 loading class java/security/cert/CertificateParsingException done
Event: 73.531 loading class java/util/Collections$2
Event: 73.532 loading class java/util/Collections$2 done


Dynamic libraries:
0x00007ff645b20000 - 0x00007ff645b2a000 	C:\Program Files\Android\Android Studio\jbr\bin\java.exe
0x00007ffec0390000 - 0x00007ffec05a7000 	C:\Windows\SYSTEM32\ntdll.dll
0x00007ffebf0a0000 - 0x00007ffebf164000 	C:\Windows\System32\KERNEL32.DLL
0x00007ffebda50000 - 0x00007ffebde20000 	C:\Windows\System32\KERNELBASE.dll
0x00007ffebdf60000 - 0x00007ffebe071000 	C:\Windows\System32\ucrtbase.dll
0x00007ffea8a40000 - 0x00007ffea8a5b000 	C:\Program Files\Android\Android Studio\jbr\bin\VCRUNTIME140.dll
0x00007ffe5af50000 - 0x00007ffe5af67000 	C:\Program Files\Android\Android Studio\jbr\bin\jli.dll
0x00007ffebe0a0000 - 0x00007ffebe24e000 	C:\Windows\System32\USER32.dll
0x00007ffebd980000 - 0x00007ffebd9a6000 	C:\Windows\System32\win32u.dll
0x00007ffebfeb0000 - 0x00007ffebfed9000 	C:\Windows\System32\GDI32.dll
0x00007ffebd640000 - 0x00007ffebd75b000 	C:\Windows\System32\gdi32full.dll
0x00007ffebd9b0000 - 0x00007ffebda4a000 	C:\Windows\System32\msvcp_win.dll
0x00007ffea8c90000 - 0x00007ffea8f22000 	C:\Windows\WinSxS\amd64_microsoft.windows.common-controls_6595b64144ccf1df_6.0.22621.4830_none_270fe7d773858e80\COMCTL32.dll
0x00007ffebeee0000 - 0x00007ffebef87000 	C:\Windows\System32\msvcrt.dll
0x00007ffebfce0000 - 0x00007ffebfd11000 	C:\Windows\System32\IMM32.DLL
0x00007ffea2f10000 - 0x00007ffea2f1c000 	C:\Program Files\Android\Android Studio\jbr\bin\vcruntime140_1.dll
0x00007ffe84270000 - 0x00007ffe842fd000 	C:\Program Files\Android\Android Studio\jbr\bin\msvcp140.dll
0x00007ffe52cd0000 - 0x00007ffe5393e000 	C:\Program Files\Android\Android Studio\jbr\bin\server\jvm.dll
0x00007ffec0290000 - 0x00007ffec0341000 	C:\Windows\System32\ADVAPI32.dll
0x00007ffebfe00000 - 0x00007ffebfea7000 	C:\Windows\System32\sechost.dll
0x00007ffebd760000 - 0x00007ffebd788000 	C:\Windows\System32\bcrypt.dll
0x00007ffebf450000 - 0x00007ffebf564000 	C:\Windows\System32\RPCRT4.dll
0x00007ffe8e5c0000 - 0x00007ffe8e5c9000 	C:\Windows\SYSTEM32\WSOCK32.dll
0x00007ffeac100000 - 0x00007ffeac10a000 	C:\Windows\SYSTEM32\VERSION.dll
0x00007ffebf3d0000 - 0x00007ffebf441000 	C:\Windows\System32\WS2_32.dll
0x00007ffeb71b0000 - 0x00007ffeb71e4000 	C:\Windows\SYSTEM32\WINMM.dll
0x00007ffebc640000 - 0x00007ffebc658000 	C:\Windows\SYSTEM32\kernel.appcore.dll
0x00007ffea4180000 - 0x00007ffea418a000 	C:\Program Files\Android\Android Studio\jbr\bin\jimage.dll
0x00007ffebb020000 - 0x00007ffebb252000 	C:\Windows\SYSTEM32\DBGHELP.DLL
0x00007ffebfee0000 - 0x00007ffec0270000 	C:\Windows\System32\combase.dll
0x00007ffebfd20000 - 0x00007ffebfdf7000 	C:\Windows\System32\OLEAUT32.dll
0x00007ffea8940000 - 0x00007ffea8972000 	C:\Windows\SYSTEM32\dbgcore.DLL
0x00007ffebd790000 - 0x00007ffebd80b000 	C:\Windows\System32\bcryptPrimitives.dll
0x00007ffe59780000 - 0x00007ffe597a5000 	C:\Program Files\Android\Android Studio\jbr\bin\java.dll
0x00007ffe7ec30000 - 0x00007ffe7ec48000 	C:\Program Files\Android\Android Studio\jbr\bin\zip.dll
0x00007ffebe370000 - 0x00007ffebebe8000 	C:\Windows\System32\SHELL32.dll
0x00007ffebb540000 - 0x00007ffebbe50000 	C:\Windows\SYSTEM32\windows.storage.dll
0x00007ffebb400000 - 0x00007ffebb53f000 	C:\Windows\SYSTEM32\wintypes.dll
0x00007ffebef90000 - 0x00007ffebf09a000 	C:\Windows\System32\SHCORE.dll
0x00007ffebf7f0000 - 0x00007ffebf84e000 	C:\Windows\System32\shlwapi.dll
0x00007ffebd570000 - 0x00007ffebd59b000 	C:\Windows\SYSTEM32\profapi.dll
0x00007ffe63430000 - 0x00007ffe63449000 	C:\Program Files\Android\Android Studio\jbr\bin\net.dll
0x00007ffeb6850000 - 0x00007ffeb697c000 	C:\Windows\SYSTEM32\WINHTTP.dll
0x00007ffebcac0000 - 0x00007ffebcb2a000 	C:\Windows\system32\mswsock.dll
0x00007ffe62f30000 - 0x00007ffe62f46000 	C:\Program Files\Android\Android Studio\jbr\bin\nio.dll
0x00007ffea2cd0000 - 0x00007ffea2ce0000 	C:\Program Files\Android\Android Studio\jbr\bin\verify.dll
0x00007ffe84300000 - 0x00007ffe84327000 	C:\Users\Admin\.gradle\native\68d5fa5c4cc2d200863cafc0d521ce42e7d3e7ee720ec0a83991735586a16f82\windows-amd64\native-platform.dll
0x00007ffe56ff0000 - 0x00007ffe57134000 	C:\Users\Admin\.gradle\native\e376f236ea51e6404a007f0833ffe2c6e607c4080706a723a18a27aeea778392\windows-amd64\native-platform-file-events.dll
0x00007ffeacc90000 - 0x00007ffeacc99000 	C:\Program Files\Android\Android Studio\jbr\bin\management.dll
0x00007ffe94610000 - 0x00007ffe9461b000 	C:\Program Files\Android\Android Studio\jbr\bin\management_ext.dll
0x00007ffebe250000 - 0x00007ffebe258000 	C:\Windows\System32\PSAPI.DLL
0x00007ffebcd50000 - 0x00007ffebcd6b000 	C:\Windows\SYSTEM32\CRYPTSP.dll
0x00007ffebc5a0000 - 0x00007ffebc5d5000 	C:\Windows\system32\rsaenh.dll
0x00007ffebcbd0000 - 0x00007ffebcbf8000 	C:\Windows\SYSTEM32\USERENV.dll
0x00007ffebcd70000 - 0x00007ffebcd7c000 	C:\Windows\SYSTEM32\CRYPTBASE.dll
0x00007ffebc0f0000 - 0x00007ffebc11d000 	C:\Windows\SYSTEM32\IPHLPAPI.DLL
0x00007ffebf3c0000 - 0x00007ffebf3c9000 	C:\Windows\System32\NSI.dll
0x00007ffeb6d00000 - 0x00007ffeb6d19000 	C:\Windows\SYSTEM32\dhcpcsvc6.DLL
0x00007ffeb6690000 - 0x00007ffeb66af000 	C:\Windows\SYSTEM32\dhcpcsvc.DLL
0x00007ffebc170000 - 0x00007ffebc272000 	C:\Windows\SYSTEM32\DNSAPI.dll
0x00007ffe91c00000 - 0x00007ffe91c08000 	C:\Windows\system32\wshunix.dll

dbghelp: loaded successfully - version: 4.0.5 - missing functions: none
symbol engine: initialized successfully - sym options: 0x614 - pdb path: .;C:\Program Files\Android\Android Studio\jbr\bin;C:\Windows\SYSTEM32;C:\Windows\WinSxS\amd64_microsoft.windows.common-controls_6595b64144ccf1df_6.0.22621.4830_none_270fe7d773858e80;C:\Program Files\Android\Android Studio\jbr\bin\server;C:\Users\Admin\.gradle\native\68d5fa5c4cc2d200863cafc0d521ce42e7d3e7ee720ec0a83991735586a16f82\windows-amd64;C:\Users\Admin\.gradle\native\e376f236ea51e6404a007f0833ffe2c6e607c4080706a723a18a27aeea778392\windows-amd64

VM Arguments:
jvm_args: --add-opens=java.base/java.util=ALL-UNNAMED --add-opens=java.base/java.lang=ALL-UNNAMED --add-opens=java.base/java.lang.invoke=ALL-UNNAMED --add-opens=java.prefs/java.util.prefs=ALL-UNNAMED --add-opens=java.base/java.nio.charset=ALL-UNNAMED --add-opens=java.base/java.net=ALL-UNNAMED --add-opens=java.base/java.util.concurrent.atomic=ALL-UNNAMED -Xmx2048m -Dfile.encoding=UTF-8 -Duser.country=US -Duser.language=en -Duser.variant 
java_command: org.gradle.launcher.daemon.bootstrap.GradleDaemon 8.0
java_class_path (initial): C:\Users\Admin\.gradle\wrapper\dists\gradle-8.0-bin\ca5e32bp14vu59qr306oxotwh\gradle-8.0\lib\gradle-launcher-8.0.jar
Launcher Type: SUN_STANDARD

[Global flags]
     intx CICompilerCount                          = 2                                         {product} {ergonomic}
     uint ConcGCThreads                            = 1                                         {product} {ergonomic}
     uint G1ConcRefinementThreads                  = 2                                         {product} {ergonomic}
   size_t G1HeapRegionSize                         = 1048576                                   {product} {ergonomic}
    uintx GCDrainStackTargetSize                   = 64                                        {product} {ergonomic}
   size_t InitialHeapSize                          = 62914560                                  {product} {ergonomic}
   size_t MarkStackSize                            = 4194304                                   {product} {ergonomic}
   size_t MaxHeapSize                              = 2147483648                                {product} {command line}
   size_t MaxNewSize                               = 1287651328                                {product} {ergonomic}
   size_t MinHeapDeltaBytes                        = 1048576                                   {product} {ergonomic}
   size_t MinHeapSize                              = 8388608                                   {product} {ergonomic}
    uintx NonNMethodCodeHeapSize                   = 5826188                                {pd product} {ergonomic}
    uintx NonProfiledCodeHeapSize                  = 122916026                              {pd product} {ergonomic}
    uintx ProfiledCodeHeapSize                     = 122916026                              {pd product} {ergonomic}
    uintx ReservedCodeCacheSize                    = 251658240                              {pd product} {ergonomic}
     bool SegmentedCodeCache                       = true                                      {product} {ergonomic}
   size_t SoftMaxHeapSize                          = 2147483648                             {manageable} {ergonomic}
     bool UseCompressedClassPointers               = true                           {product lp64_product} {ergonomic}
     bool UseCompressedOops                        = true                           {product lp64_product} {ergonomic}
     bool UseG1GC                                  = true                                      {product} {ergonomic}
     bool UseLargePagesIndividualAllocation        = false                                  {pd product} {ergonomic}

Logging:
Log output configuration:
 #0: stdout all=warning uptime,level,tags
 #1: stderr all=off uptime,level,tags

Environment Variables:
JAVA_HOME=C:\Program Files\Java\jdk-23
PATH=C:\Program Files (x86)\Common Files\Oracle\Java\java8path;C:\Program Files (x86)\Common Files\Oracle\Java\javapath;C:\Python312\Scripts\;C:\Python312\;C:\Windows\system32;C:\Windows;C:\Windows\System32\Wbem;C:\Windows\System32\WindowsPowerShell\v1.0\;C:\Windows\System32\OpenSSH\;C:\Program Files\dotnet\;C:\Program Files\Microsoft VS Code\bin;C:\Program Files\Git\cmd;C:\ProgramData\chocolatey\bin;C:\Program Files\Android\Android Studio\jbr\bin;C:\Program Files\Java\jdk-23\bin;C:\cygwin64\bin;C:\Program Files\nodejs\;C:\Program Files\usbipd-win\;C:\xampp\php;C:\ProgramData\ComposerSetup\bin;C:\Users\Admin\AppData\Local\Microsoft\WindowsApps;C:\Users\Admin\AppData\Local\Programs\Microsoft VS Code\bin;C:\Users\Admin\AppData\Local\spicetify;C:\Users\Admin\AppData\Roaming\npm;C:\Program Files\PostgreSQL\17\bin;C:\Users\Admin\AppData\Roaming\Composer\vendor\bin;C:\adb;C:\xampp\mysql\bin;C:\Users\Admin\AppData\Roaming\Python\Python312\Scripts
USERNAME=Admin
OS=Windows_NT
PROCESSOR_IDENTIFIER=Intel64 Family 6 Model 122 Stepping 8, GenuineIntel
TMP=C:\Users\Admin\AppData\Local\Temp
TEMP=C:\Users\Admin\AppData\Local\Temp


JNI global refs:
JNI global refs: 22, weak refs: 3

JNI global refs memory usage: 843, weak refs: 841


---------------  S Y S T E M  ---------------

OS:
 Windows 11 , 64 bit Build 22621 (10.0.22621.4830)
OS uptime: 0 days 1:48 hours
Hyper-V role detected

CPU: total 2 (initial active 2) (2 cores per cpu, 1 threads per core) family 6 model 122 stepping 8 microcode 0x20, cx8, cmov, fxsr, mmx, 3dnowpref, sse, sse2, sse3, ssse3, sse4.1, sse4.2, popcnt, tsc, tscinvbit, aes, erms, clmul, sha, clflush, clflushopt, hv

Memory: 4k page, system-wide physical 3737M (26M free)
TotalPageFile size 9881M (AvailPageFile size 6M)
current process WorkingSet (physical memory assigned to process): 230M, peak: 245M
current process commit charge ("private bytes"): 303M, peak: 306M

vm_info: OpenJDK 64-Bit Server VM (17.0.6+0-b2043.56-10027231) for windows-amd64 JRE (17.0.6+0-b2043.56-10027231), built on Apr 28 2023 00:43:19 by "androidbuild" with MS VC++ 16.10 / 16.11 (VS2019)

END.
