#
# There is insufficient memory for the Java Runtime Environment to continue.
# Native memory allocation (malloc) failed to allocate 32744 bytes for ChunkPool::allocate
# Possible reasons:
#   The system is out of physical RAM or swap space
#   The process is running with CompressedOops enabled, and the Java Heap may be blocking the growth of the native heap
# Possible solutions:
#   Reduce memory load on the system
#   Increase physical memory or swap space
#   Check if swap backing store is full
#   Decrease Java heap size (-Xmx/-Xms)
#   Decrease number of Java threads
#   Decrease Java thread stack sizes (-Xss)
#   Set larger code cache with -XX:ReservedCodeCacheSize=
#   JVM is running with Unscaled Compressed Oops mode in which the Java heap is
#     placed in the first 4GB address space. The Java Heap base address is the
#     maximum limit for the native heap growth. Please use -XX:HeapBaseMinAddress
#     to set the Java Heap base and to place the Java Heap above 4GB virtual address.
# This output file may be truncated or incomplete.
#
#  Out of Memory Error (arena.cpp:78), pid=10948, tid=4800
#
# JRE version: OpenJDK Runtime Environment (17.0.6) (build 17.0.6+0-b2043.56-10027231)
# Java VM: OpenJDK 64-Bit Server VM (17.0.6+0-b2043.56-10027231, mixed mode, tiered, compressed oops, compressed class ptrs, g1 gc, windows-amd64)
# No core dump will be written. Minidumps are not enabled by default on client versions of Windows
#

---------------  S U M M A R Y ------------

Command Line: --add-opens=java.base/java.util=ALL-UNNAMED --add-opens=java.base/java.lang=ALL-UNNAMED --add-opens=java.base/java.lang.invoke=ALL-UNNAMED --add-opens=java.prefs/java.util.prefs=ALL-UNNAMED --add-opens=java.base/java.nio.charset=ALL-UNNAMED --add-opens=java.base/java.net=ALL-UNNAMED --add-opens=java.base/java.util.concurrent.atomic=ALL-UNNAMED -Xmx2048m -Dfile.encoding=UTF-8 -Duser.country=US -Duser.language=en -Duser.variant -javaagent:C:\Program Files\Android\Android Studio\jbr\wrapper\dists\gradle-8.1.1-all\bs1rrjki8hh9bujwbsqnxtuzr\gradle-8.1.1\lib\agents\gradle-instrumentation-agent-8.1.1.jar org.gradle.launcher.daemon.bootstrap.GradleDaemon 8.1.1

Host: Intel(R) Celeron(R) N4020 CPU @ 1.10GHz, 2 cores, 3G,  Windows 11 , 64 bit Build 22621 (10.0.22621.5124)
Time: Tue Apr 22 01:13:07 2025 SE Asia Standard Time elapsed time: 93.602280 seconds (0d 0h 1m 33s)

---------------  T H R E A D  ---------------

Current thread (0x000000001c123810):  JavaThread "C2 CompilerThread0" daemon [_thread_in_native, id=4800, stack(0x000000001d610000,0x000000001d710000)]


Current CompileTask:
C2:  93602 11522       4       javax.management.ObjectName::construct (1135 bytes)

Stack: [0x000000001d610000,0x000000001d710000]
Native frames: (J=compiled Java code, j=interpreted, Vv=VM code, C=native code)
V  [jvm.dll+0x683c9a]
V  [jvm.dll+0x8427a4]
V  [jvm.dll+0x843f9e]
V  [jvm.dll+0x844603]
V  [jvm.dll+0x249b75]
V  [jvm.dll+0xabecc]
V  [jvm.dll+0xac27c]
V  [jvm.dll+0x614dbf]
V  [jvm.dll+0x615ca2]
V  [jvm.dll+0x614204]
V  [jvm.dll+0x21c078]
V  [jvm.dll+0x21b621]
V  [jvm.dll+0x1a4fdd]
V  [jvm.dll+0x22b098]
V  [jvm.dll+0x229159]
V  [jvm.dll+0x7f81ec]
V  [jvm.dll+0x7f274a]
V  [jvm.dll+0x682ad5]
C  [ucrtbase.dll+0x29333]
C  [KERNEL32.DLL+0x1259d]
C  [ntdll.dll+0x5af38]


---------------  P R O C E S S  ---------------

Threads class SMR info:
_java_thread_list=0x00000000260e1000, length=44, elements={
0x0000000002a5c150, 0x000000001c0f9420, 0x000000001c0fc850, 0x000000001c11f010,
0x000000001c1216e0, 0x000000001c124870, 0x000000001c122480, 0x000000001c123810,
0x000000001ce19130, 0x000000001ce28d10, 0x000000001c062f60, 0x000000001d087290,
0x000000001f3a78d0, 0x0000000020075a20, 0x000000001ffcc020, 0x000000001ff37f50,
0x00000000200bb3d0, 0x0000000020e56e10, 0x0000000020e572e0, 0x000000001fea22a0,
0x000000001fea3f80, 0x000000001fea2770, 0x000000001fea35e0, 0x000000001fea3ab0,
0x000000001fea52c0, 0x000000001fea4920, 0x000000001fea3110, 0x000000001fea5790,
0x0000000020942ea0, 0x00000000209429d0, 0x000000002093f010, 0x0000000020942500,
0x0000000020943d10, 0x000000002093fe80, 0x000000002093ce60, 0x00000000209446b0,
0x000000002093f9b0, 0x000000002093d330, 0x000000002093dcd0, 0x0000000020940cf0,
0x0000000021b1abb0, 0x0000000021b19870, 0x0000000021b18060, 0x0000000021b18a00
}

Java Threads: ( => current thread )
  0x0000000002a5c150 JavaThread "main" [_thread_blocked, id=6468, stack(0x0000000002110000,0x0000000002210000)]
  0x000000001c0f9420 JavaThread "Reference Handler" daemon [_thread_blocked, id=10264, stack(0x000000001c230000,0x000000001c330000)]
  0x000000001c0fc850 JavaThread "Finalizer" daemon [_thread_blocked, id=9376, stack(0x000000001cc00000,0x000000001cd00000)]
  0x000000001c11f010 JavaThread "Signal Dispatcher" daemon [_thread_blocked, id=11256, stack(0x000000001d210000,0x000000001d310000)]
  0x000000001c1216e0 JavaThread "Attach Listener" daemon [_thread_blocked, id=8368, stack(0x000000001d310000,0x000000001d410000)]
  0x000000001c124870 JavaThread "Service Thread" daemon [_thread_blocked, id=4512, stack(0x000000001d410000,0x000000001d510000)]
  0x000000001c122480 JavaThread "Monitor Deflation Thread" daemon [_thread_blocked, id=3560, stack(0x000000001d510000,0x000000001d610000)]
=>0x000000001c123810 JavaThread "C2 CompilerThread0" daemon [_thread_in_native, id=4800, stack(0x000000001d610000,0x000000001d710000)]
  0x000000001ce19130 JavaThread "C1 CompilerThread0" daemon [_thread_blocked, id=6164, stack(0x000000001d710000,0x000000001d810000)]
  0x000000001ce28d10 JavaThread "Sweeper thread" daemon [_thread_blocked, id=2404, stack(0x000000001d810000,0x000000001d910000)]
  0x000000001c062f60 JavaThread "Common-Cleaner" daemon [_thread_blocked, id=3192, stack(0x000000001d910000,0x000000001da10000)]
  0x000000001d087290 JavaThread "Notification Thread" daemon [_thread_blocked, id=10908, stack(0x000000001da10000,0x000000001db10000)]
  0x000000001f3a78d0 JavaThread "Daemon health stats" [_thread_blocked, id=9264, stack(0x000000001e510000,0x000000001e610000)]
  0x0000000020075a20 JavaThread "Incoming local TCP Connector on port 49982" [_thread_in_native, id=10884, stack(0x000000001e610000,0x000000001e710000)]
  0x000000001ffcc020 JavaThread "Daemon periodic checks" [_thread_blocked, id=11168, stack(0x0000000022400000,0x0000000022500000)]
  0x000000001ff37f50 JavaThread "Daemon" [_thread_blocked, id=1220, stack(0x0000000022500000,0x0000000022600000)]
  0x00000000200bb3d0 JavaThread "Handler for socket connection from /127.0.0.1:49982 to /127.0.0.1:49983" [_thread_in_native, id=9340, stack(0x0000000022600000,0x0000000022700000)]
  0x0000000020e56e10 JavaThread "Cancel handler" [_thread_blocked, id=2148, stack(0x0000000022700000,0x0000000022800000)]
  0x0000000020e572e0 JavaThread "Daemon worker" [_thread_blocked, id=5908, stack(0x0000000023000000,0x0000000023100000)]
  0x000000001fea22a0 JavaThread "Asynchronous log dispatcher for DefaultDaemonConnection: socket connection from /127.0.0.1:49982 to /127.0.0.1:49983" [_thread_blocked, id=2424, stack(0x0000000023200000,0x0000000023300000)]
  0x000000001fea3f80 JavaThread "Daemon client event forwarder" [_thread_blocked, id=8572, stack(0x0000000023400000,0x0000000023500000)]
  0x000000001fea2770 JavaThread "Cache worker for journal cache (C:\Program Files\Android\Android Studio\jbr\caches\journal-1)" [_thread_blocked, id=8776, stack(0x0000000023500000,0x0000000023600000)]
  0x000000001fea35e0 JavaThread "File lock request listener" [_thread_in_native, id=5364, stack(0x0000000023600000,0x0000000023700000)]
  0x000000001fea3ab0 JavaThread "Cache worker for file hash cache (C:\Program Files\Android\Android Studio\jbr\caches\8.1.1\fileHashes)" [_thread_blocked, id=5876, stack(0x0000000023a90000,0x0000000023b90000)]
  0x000000001fea52c0 JavaThread "File watcher server" daemon [_thread_in_native, id=7548, stack(0x0000000023b90000,0x0000000023c90000)]
  0x000000001fea4920 JavaThread "File watcher consumer" daemon [_thread_in_Java, id=8556, stack(0x0000000023c90000,0x0000000023d90000)]
  0x000000001fea3110 JavaThread "Cache worker for checksums cache (C:\Users\Admin\AndroidStudioProjects\kurirkilat\.gradle\8.1.1\checksums)" [_thread_blocked, id=1300, stack(0x0000000023700000,0x0000000023800000)]
  0x000000001fea5790 JavaThread "Cache worker for cache directory md-rule (C:\Program Files\Android\Android Studio\jbr\caches\8.1.1\md-rule)" [_thread_blocked, id=10924, stack(0x0000000023800000,0x0000000023900000)]
  0x0000000020942ea0 JavaThread "Cache worker for file content cache (C:\Program Files\Android\Android Studio\jbr\caches\8.1.1\fileContent)" [_thread_blocked, id=9928, stack(0x0000000023900000,0x0000000023a00000)]
  0x00000000209429d0 JavaThread "Cache worker for file hash cache (C:\Users\Admin\AndroidStudioProjects\kurirkilat\.gradle\8.1.1\fileHashes)" [_thread_blocked, id=9304, stack(0x0000000023d90000,0x0000000023e90000)]
  0x000000002093f010 JavaThread "Cache worker for cache directory md-supplier (C:\Program Files\Android\Android Studio\jbr\caches\8.1.1\md-supplier)" [_thread_blocked, id=11200, stack(0x0000000023e90000,0x0000000023f90000)]
  0x0000000020942500 JavaThread "Cache worker for execution history cache (C:\Program Files\Android\Android Studio\jbr\caches\8.1.1\executionHistory)" [_thread_blocked, id=9844, stack(0x0000000024800000,0x0000000024900000)]
  0x0000000020943d10 JavaThread "jar transforms" [_thread_blocked, id=4164, stack(0x0000000024900000,0x0000000024a00000)]
  0x000000002093fe80 JavaThread "jar transforms Thread 2" [_thread_blocked, id=6456, stack(0x0000000024b00000,0x0000000024c00000)]
  0x000000002093ce60 JavaThread "Cache worker for kotlin-dsl (C:\Program Files\Android\Android Studio\jbr\caches\8.1.1\kotlin-dsl)" [_thread_blocked, id=8872, stack(0x0000000024c00000,0x0000000024d00000)]
  0x00000000209446b0 JavaThread "Cache worker for dependencies-accessors (C:\Users\Admin\AndroidStudioProjects\kurirkilat\.gradle\8.1.1\dependencies-accessors)" [_thread_blocked, id=5404, stack(0x0000000024d00000,0x0000000024e00000)]
  0x000000002093f9b0 JavaThread "Cache worker for Build Output Cleanup Cache (C:\Users\Admin\AndroidStudioProjects\kurirkilat\.gradle\buildOutputCleanup)" [_thread_blocked, id=5032, stack(0x0000000024e00000,0x0000000024f00000)]
  0x000000002093d330 JavaThread "Unconstrained build operations" [_thread_blocked, id=9988, stack(0x0000000024f00000,0x0000000025000000)]
  0x000000002093dcd0 JavaThread "build event listener" [_thread_blocked, id=7372, stack(0x0000000025800000,0x0000000025900000)]
  0x0000000020940cf0 JavaThread "Memory manager" [_thread_blocked, id=8116, stack(0x0000000025900000,0x0000000025a00000)]
  0x0000000021b1abb0 JavaThread "included builds" [_thread_in_native, id=9096, stack(0x0000000000620000,0x0000000000720000)]
  0x0000000021b19870 JavaThread "Execution worker" [_thread_blocked, id=11028, stack(0x0000000000720000,0x0000000000820000)]
  0x0000000021b18060 JavaThread "Cache worker for execution history cache (C:\Users\Admin\AndroidStudioProjects\kurirkilat\.gradle\8.1.1\executionHistory)" [_thread_blocked, id=10840, stack(0x0000000000820000,0x0000000000920000)]
  0x0000000021b18a00 JavaThread "Unconstrained build operations Thread 2" [_thread_in_native, id=10168, stack(0x0000000023300000,0x0000000023400000)]

Other Threads:
  0x000000001c07c9d0 VMThread "VM Thread" [stack: 0x000000001c130000,0x000000001c230000] [id=4088]
  0x0000000002a5cfc0 WatcherThread [stack: 0x000000001db10000,0x000000001dc10000] [id=1428]
  0x0000000002ab7fc0 GCTaskThread "GC Thread#0" [stack: 0x00000000026a0000,0x00000000027a0000] [id=5352]
  0x000000001d150e30 GCTaskThread "GC Thread#1" [stack: 0x000000001e410000,0x000000001e510000] [id=10144]
  0x0000000002ac8f00 ConcurrentGCThread "G1 Main Marker" [stack: 0x00000000027a0000,0x00000000028a0000] [id=10940]
  0x0000000002ac9910 ConcurrentGCThread "G1 Conc#0" [stack: 0x00000000028a0000,0x00000000029a0000] [id=1832]
  0x0000000002afd380 ConcurrentGCThread "G1 Refine#0" [stack: 0x000000001bd30000,0x000000001be30000] [id=7924]
  0x000000002149a7a0 ConcurrentGCThread "G1 Refine#1" [stack: 0x0000000024a00000,0x0000000024b00000] [id=9416]
  0x0000000002afdda0 ConcurrentGCThread "G1 Service" [stack: 0x000000001be30000,0x000000001bf30000] [id=9720]

Threads with active compile tasks:
C2 CompilerThread0    93721 11522       4       javax.management.ObjectName::construct (1135 bytes)

VM state: not at safepoint (normal execution)

VM Mutex/Monitor currently owned by a thread: None

Heap address: 0x0000000080000000, size: 2048 MB, Compressed Oops mode: 32-bit

CDS archive(s) not mapped
Compressed class space mapped at: 0x0000000100000000-0x0000000140000000, reserved size: 1073741824
Narrow klass base: 0x0000000000000000, Narrow klass shift: 3, Narrow klass range: 0x140000000

GC Precious Log:
 CPUs: 2 total, 2 available
 Memory: 3737M
 Large Page Support: Disabled
 NUMA Support: Disabled
 Compressed Oops: Enabled (32-bit)
 Heap Region Size: 1M
 Heap Min Capacity: 8M
 Heap Initial Capacity: 60M
 Heap Max Capacity: 2G
 Pre-touch: Disabled
 Parallel Workers: 2
 Concurrent Workers: 1
 Concurrent Refinement Workers: 2
 Periodic GC: Disabled

Heap:
 garbage-first heap   total 217088K, used 149840K [0x0000000080000000, 0x0000000100000000)
  region size 1024K, 53 young (54272K), 4 survivors (4096K)
 Metaspace       used 98042K, committed 98752K, reserved 1138688K
  class space    used 13446K, committed 13760K, reserved 1048576K

Heap Regions: E=young(eden), S=young(survivor), O=old, HS=humongous(starts), HC=humongous(continues), CS=collection set, F=free, OA=open archive, CA=closed archive, TAMS=top-at-mark-start (previous, next)
|   0|0x0000000080000000, 0x0000000080100000, 0x0000000080100000|100%| O|  |TAMS 0x0000000080100000, 0x0000000080000000| Untracked 
|   1|0x0000000080100000, 0x0000000080200000, 0x0000000080200000|100%| O|  |TAMS 0x0000000080200000, 0x0000000080100000| Untracked 
|   2|0x0000000080200000, 0x0000000080300000, 0x0000000080300000|100%|HS|  |TAMS 0x0000000080300000, 0x0000000080200000| Complete 
|   3|0x0000000080300000, 0x0000000080400000, 0x0000000080400000|100%|HC|  |TAMS 0x0000000080400000, 0x0000000080300000| Complete 
|   4|0x0000000080400000, 0x0000000080500000, 0x0000000080500000|100%|HC|  |TAMS 0x0000000080500000, 0x0000000080400000| Complete 
|   5|0x0000000080500000, 0x0000000080600000, 0x0000000080600000|100%|HC|  |TAMS 0x0000000080600000, 0x0000000080500000| Complete 
|   6|0x0000000080600000, 0x0000000080700000, 0x0000000080700000|100%| O|  |TAMS 0x0000000080700000, 0x0000000080600000| Untracked 
|   7|0x0000000080700000, 0x0000000080800000, 0x0000000080800000|100%| O|  |TAMS 0x0000000080800000, 0x0000000080700000| Untracked 
|   8|0x0000000080800000, 0x0000000080900000, 0x0000000080900000|100%| O|  |TAMS 0x0000000080900000, 0x0000000080800000| Untracked 
|   9|0x0000000080900000, 0x0000000080a00000, 0x0000000080a00000|100%| O|  |TAMS 0x0000000080a00000, 0x0000000080900000| Untracked 
|  10|0x0000000080a00000, 0x0000000080b00000, 0x0000000080b00000|100%| O|  |TAMS 0x0000000080b00000, 0x0000000080a00000| Untracked 
|  11|0x0000000080b00000, 0x0000000080c00000, 0x0000000080c00000|100%| O|  |TAMS 0x0000000080c00000, 0x0000000080b00000| Untracked 
|  12|0x0000000080c00000, 0x0000000080d00000, 0x0000000080d00000|100%| O|  |TAMS 0x0000000080d00000, 0x0000000080c00000| Untracked 
|  13|0x0000000080d00000, 0x0000000080e00000, 0x0000000080e00000|100%| O|  |TAMS 0x0000000080e00000, 0x0000000080d00000| Untracked 
|  14|0x0000000080e00000, 0x0000000080f00000, 0x0000000080f00000|100%| O|  |TAMS 0x0000000080f00000, 0x0000000080e00000| Untracked 
|  15|0x0000000080f00000, 0x0000000081000000, 0x0000000081000000|100%| O|  |TAMS 0x0000000081000000, 0x0000000080f00000| Untracked 
|  16|0x0000000081000000, 0x0000000081100000, 0x0000000081100000|100%| O|  |TAMS 0x0000000081100000, 0x0000000081000000| Untracked 
|  17|0x0000000081100000, 0x0000000081200000, 0x0000000081200000|100%| O|  |TAMS 0x0000000081200000, 0x0000000081100000| Untracked 
|  18|0x0000000081200000, 0x0000000081300000, 0x0000000081300000|100%| O|  |TAMS 0x0000000081300000, 0x0000000081200000| Untracked 
|  19|0x0000000081300000, 0x0000000081400000, 0x0000000081400000|100%| O|  |TAMS 0x0000000081400000, 0x0000000081300000| Untracked 
|  20|0x0000000081400000, 0x0000000081500000, 0x0000000081500000|100%| O|  |TAMS 0x0000000081500000, 0x0000000081400000| Untracked 
|  21|0x0000000081500000, 0x0000000081600000, 0x0000000081600000|100%| O|  |TAMS 0x0000000081600000, 0x0000000081500000| Untracked 
|  22|0x0000000081600000, 0x0000000081700000, 0x0000000081700000|100%| O|  |TAMS 0x0000000081700000, 0x0000000081600000| Untracked 
|  23|0x0000000081700000, 0x0000000081800000, 0x0000000081800000|100%| O|  |TAMS 0x0000000081800000, 0x0000000081700000| Untracked 
|  24|0x0000000081800000, 0x0000000081900000, 0x0000000081900000|100%|HS|  |TAMS 0x0000000081900000, 0x0000000081800000| Complete 
|  25|0x0000000081900000, 0x0000000081a00000, 0x0000000081a00000|100%| O|  |TAMS 0x0000000081a00000, 0x0000000081900000| Untracked 
|  26|0x0000000081a00000, 0x0000000081b00000, 0x0000000081b00000|100%| O|  |TAMS 0x0000000081b00000, 0x0000000081a00000| Untracked 
|  27|0x0000000081b00000, 0x0000000081c00000, 0x0000000081c00000|100%| O|  |TAMS 0x0000000081c00000, 0x0000000081b00000| Untracked 
|  28|0x0000000081c00000, 0x0000000081d00000, 0x0000000081d00000|100%| O|  |TAMS 0x0000000081d00000, 0x0000000081c00000| Untracked 
|  29|0x0000000081d00000, 0x0000000081e00000, 0x0000000081e00000|100%| O|  |TAMS 0x0000000081e00000, 0x0000000081d00000| Untracked 
|  30|0x0000000081e00000, 0x0000000081f00000, 0x0000000081f00000|100%| O|  |TAMS 0x0000000081f00000, 0x0000000081e00000| Untracked 
|  31|0x0000000081f00000, 0x0000000082000000, 0x0000000082000000|100%| O|  |TAMS 0x0000000081f00000, 0x0000000081f00000| Untracked 
|  32|0x0000000082000000, 0x0000000082100000, 0x0000000082100000|100%| O|  |TAMS 0x0000000082100000, 0x0000000082000000| Untracked 
|  33|0x0000000082100000, 0x0000000082200000, 0x0000000082200000|100%|HS|  |TAMS 0x0000000082200000, 0x0000000082100000| Complete 
|  34|0x0000000082200000, 0x0000000082300000, 0x0000000082300000|100%|HS|  |TAMS 0x0000000082300000, 0x0000000082200000| Complete 
|  35|0x0000000082300000, 0x0000000082400000, 0x0000000082400000|100%|HS|  |TAMS 0x0000000082400000, 0x0000000082300000| Complete 
|  36|0x0000000082400000, 0x0000000082500000, 0x0000000082500000|100%|HC|  |TAMS 0x0000000082500000, 0x0000000082400000| Complete 
|  37|0x0000000082500000, 0x0000000082600000, 0x0000000082600000|100%|HS|  |TAMS 0x0000000082600000, 0x0000000082500000| Complete 
|  38|0x0000000082600000, 0x0000000082700000, 0x0000000082700000|100%|HC|  |TAMS 0x0000000082700000, 0x0000000082600000| Complete 
|  39|0x0000000082700000, 0x0000000082800000, 0x0000000082800000|100%| O|  |TAMS 0x0000000082800000, 0x0000000082700000| Untracked 
|  40|0x0000000082800000, 0x0000000082900000, 0x0000000082900000|100%| O|  |TAMS 0x0000000082900000, 0x0000000082800000| Untracked 
|  41|0x0000000082900000, 0x0000000082a00000, 0x0000000082a00000|100%| O|  |TAMS 0x0000000082a00000, 0x0000000082900000| Untracked 
|  42|0x0000000082a00000, 0x0000000082b00000, 0x0000000082b00000|100%|HS|  |TAMS 0x0000000082b00000, 0x0000000082a00000| Complete 
|  43|0x0000000082b00000, 0x0000000082c00000, 0x0000000082c00000|100%|HC|  |TAMS 0x0000000082c00000, 0x0000000082b00000| Complete 
|  44|0x0000000082c00000, 0x0000000082d00000, 0x0000000082d00000|100%|HC|  |TAMS 0x0000000082d00000, 0x0000000082c00000| Complete 
|  45|0x0000000082d00000, 0x0000000082e00000, 0x0000000082e00000|100%|HC|  |TAMS 0x0000000082e00000, 0x0000000082d00000| Complete 
|  46|0x0000000082e00000, 0x0000000082f00000, 0x0000000082f00000|100%| O|  |TAMS 0x0000000082f00000, 0x0000000082e00000| Untracked 
|  47|0x0000000082f00000, 0x0000000083000000, 0x0000000083000000|100%| O|  |TAMS 0x0000000083000000, 0x0000000082f00000| Untracked 
|  48|0x0000000083000000, 0x0000000083100000, 0x0000000083100000|100%| O|  |TAMS 0x0000000083100000, 0x0000000083000000| Untracked 
|  49|0x0000000083100000, 0x0000000083200000, 0x0000000083200000|100%| O|  |TAMS 0x0000000083200000, 0x0000000083100000| Untracked 
|  50|0x0000000083200000, 0x0000000083300000, 0x0000000083300000|100%| O|  |TAMS 0x0000000083300000, 0x0000000083200000| Untracked 
|  51|0x0000000083300000, 0x0000000083400000, 0x0000000083400000|100%|HS|  |TAMS 0x0000000083400000, 0x0000000083300000| Complete 
|  52|0x0000000083400000, 0x0000000083500000, 0x0000000083500000|100%| O|  |TAMS 0x0000000083500000, 0x0000000083400000| Untracked 
|  53|0x0000000083500000, 0x0000000083600000, 0x0000000083600000|100%| O|  |TAMS 0x0000000083600000, 0x0000000083500000| Untracked 
|  54|0x0000000083600000, 0x0000000083700000, 0x0000000083700000|100%| O|  |TAMS 0x0000000083700000, 0x0000000083600000| Untracked 
|  55|0x0000000083700000, 0x0000000083800000, 0x0000000083800000|100%| O|  |TAMS 0x0000000083800000, 0x0000000083700000| Untracked 
|  56|0x0000000083800000, 0x0000000083900000, 0x0000000083900000|100%| O|  |TAMS 0x0000000083900000, 0x0000000083800000| Untracked 
|  57|0x0000000083900000, 0x0000000083a00000, 0x0000000083a00000|100%| O|  |TAMS 0x0000000083a00000, 0x0000000083900000| Untracked 
|  58|0x0000000083a00000, 0x0000000083b00000, 0x0000000083b00000|100%| O|  |TAMS 0x0000000083b00000, 0x0000000083a00000| Untracked 
|  59|0x0000000083b00000, 0x0000000083c00000, 0x0000000083c00000|100%| O|  |TAMS 0x0000000083c00000, 0x0000000083b00000| Untracked 
|  60|0x0000000083c00000, 0x0000000083d00000, 0x0000000083d00000|100%| O|  |TAMS 0x0000000083d00000, 0x0000000083c00000| Untracked 
|  61|0x0000000083d00000, 0x0000000083e00000, 0x0000000083e00000|100%| O|  |TAMS 0x0000000083e00000, 0x0000000083d00000| Untracked 
|  62|0x0000000083e00000, 0x0000000083f00000, 0x0000000083f00000|100%| O|  |TAMS 0x0000000083f00000, 0x0000000083e00000| Untracked 
|  63|0x0000000083f00000, 0x0000000084000000, 0x0000000084000000|100%| O|  |TAMS 0x0000000084000000, 0x0000000083f00000| Untracked 
|  64|0x0000000084000000, 0x0000000084100000, 0x0000000084100000|100%|HS|  |TAMS 0x0000000084100000, 0x0000000084000000| Complete 
|  65|0x0000000084100000, 0x0000000084200000, 0x0000000084200000|100%|HC|  |TAMS 0x0000000084200000, 0x0000000084100000| Complete 
|  66|0x0000000084200000, 0x0000000084300000, 0x0000000084300000|100%|HC|  |TAMS 0x0000000084300000, 0x0000000084200000| Complete 
|  67|0x0000000084300000, 0x0000000084400000, 0x0000000084400000|100%|HC|  |TAMS 0x0000000084400000, 0x0000000084300000| Complete 
|  68|0x0000000084400000, 0x0000000084500000, 0x0000000084500000|100%| O|  |TAMS 0x0000000084500000, 0x0000000084400000| Untracked 
|  69|0x0000000084500000, 0x0000000084600000, 0x0000000084600000|100%| O|  |TAMS 0x0000000084600000, 0x0000000084500000| Untracked 
|  70|0x0000000084600000, 0x0000000084700000, 0x0000000084700000|100%| O|  |TAMS 0x0000000084700000, 0x0000000084600000| Untracked 
|  71|0x0000000084700000, 0x0000000084800000, 0x0000000084800000|100%| O|  |TAMS 0x00000000847b7e00, 0x0000000084700000| Untracked 
|  72|0x0000000084800000, 0x0000000084900000, 0x0000000084900000|100%| O|  |TAMS 0x0000000084800000, 0x0000000084800000| Untracked 
|  73|0x0000000084900000, 0x0000000084a00000, 0x0000000084a00000|100%| O|  |TAMS 0x0000000084900000, 0x0000000084900000| Untracked 
|  74|0x0000000084a00000, 0x0000000084b00000, 0x0000000084b00000|100%| O|  |TAMS 0x0000000084a00000, 0x0000000084a00000| Untracked 
|  75|0x0000000084b00000, 0x0000000084c00000, 0x0000000084c00000|100%| O|  |TAMS 0x0000000084b00000, 0x0000000084b00000| Untracked 
|  76|0x0000000084c00000, 0x0000000084d00000, 0x0000000084d00000|100%| O|  |TAMS 0x0000000084c00000, 0x0000000084c00000| Untracked 
|  77|0x0000000084d00000, 0x0000000084e00000, 0x0000000084e00000|100%| O|  |TAMS 0x0000000084d00000, 0x0000000084d00000| Untracked 
|  78|0x0000000084e00000, 0x0000000084f00000, 0x0000000084f00000|100%| O|  |TAMS 0x0000000084e00000, 0x0000000084e00000| Untracked 
|  79|0x0000000084f00000, 0x0000000085000000, 0x0000000085000000|100%| O|  |TAMS 0x0000000084f00000, 0x0000000084f00000| Untracked 
|  80|0x0000000085000000, 0x0000000085100000, 0x0000000085100000|100%| O|  |TAMS 0x0000000085000000, 0x0000000085000000| Untracked 
|  81|0x0000000085100000, 0x0000000085200000, 0x0000000085200000|100%| O|  |TAMS 0x0000000085100000, 0x0000000085100000| Untracked 
|  82|0x0000000085200000, 0x0000000085300000, 0x0000000085300000|100%| O|  |TAMS 0x0000000085200000, 0x0000000085200000| Untracked 
|  83|0x0000000085300000, 0x0000000085400000, 0x0000000085400000|100%| O|  |TAMS 0x0000000085300000, 0x0000000085300000| Untracked 
|  84|0x0000000085400000, 0x0000000085500000, 0x0000000085500000|100%| O|  |TAMS 0x0000000085400000, 0x0000000085400000| Untracked 
|  85|0x0000000085500000, 0x0000000085600000, 0x0000000085600000|100%| O|  |TAMS 0x0000000085500000, 0x0000000085500000| Untracked 
|  86|0x0000000085600000, 0x0000000085700000, 0x0000000085700000|100%| O|  |TAMS 0x0000000085600000, 0x0000000085600000| Untracked 
|  87|0x0000000085700000, 0x0000000085800000, 0x0000000085800000|100%| O|  |TAMS 0x0000000085700000, 0x0000000085700000| Untracked 
|  88|0x0000000085800000, 0x0000000085900000, 0x0000000085900000|100%| O|  |TAMS 0x0000000085800000, 0x0000000085800000| Untracked 
|  89|0x0000000085900000, 0x0000000085a00000, 0x0000000085a00000|100%| O|  |TAMS 0x0000000085900000, 0x0000000085900000| Untracked 
|  90|0x0000000085a00000, 0x0000000085b00000, 0x0000000085b00000|100%| O|  |TAMS 0x0000000085a00000, 0x0000000085a00000| Untracked 
|  91|0x0000000085b00000, 0x0000000085c00000, 0x0000000085c00000|100%| O|  |TAMS 0x0000000085b00000, 0x0000000085b00000| Untracked 
|  92|0x0000000085c00000, 0x0000000085d00000, 0x0000000085d00000|100%| O|  |TAMS 0x0000000085c00000, 0x0000000085c00000| Untracked 
|  93|0x0000000085d00000, 0x0000000085e00000, 0x0000000085e00000|100%| O|  |TAMS 0x0000000085d00000, 0x0000000085d00000| Untracked 
|  94|0x0000000085e00000, 0x0000000085f00000, 0x0000000085f00000|100%| O|  |TAMS 0x0000000085e00000, 0x0000000085e00000| Untracked 
|  95|0x0000000085f00000, 0x0000000085fdd200, 0x0000000086000000| 86%| O|  |TAMS 0x0000000085f00000, 0x0000000085f00000| Untracked 
|  96|0x0000000086000000, 0x0000000086000000, 0x0000000086100000|  0%| F|  |TAMS 0x0000000086000000, 0x0000000086000000| Untracked 
|  97|0x0000000086100000, 0x0000000086100000, 0x0000000086200000|  0%| F|  |TAMS 0x0000000086100000, 0x0000000086100000| Untracked 
|  98|0x0000000086200000, 0x0000000086200000, 0x0000000086300000|  0%| F|  |TAMS 0x0000000086200000, 0x0000000086200000| Untracked 
|  99|0x0000000086300000, 0x0000000086300000, 0x0000000086400000|  0%| F|  |TAMS 0x0000000086300000, 0x0000000086300000| Untracked 
| 100|0x0000000086400000, 0x0000000086400000, 0x0000000086500000|  0%| F|  |TAMS 0x0000000086400000, 0x0000000086400000| Untracked 
| 101|0x0000000086500000, 0x0000000086500000, 0x0000000086600000|  0%| F|  |TAMS 0x0000000086500000, 0x0000000086500000| Untracked 
| 102|0x0000000086600000, 0x0000000086600000, 0x0000000086700000|  0%| F|  |TAMS 0x0000000086600000, 0x0000000086600000| Untracked 
| 103|0x0000000086700000, 0x0000000086700000, 0x0000000086800000|  0%| F|  |TAMS 0x0000000086700000, 0x0000000086700000| Untracked 
| 104|0x0000000086800000, 0x0000000086800000, 0x0000000086900000|  0%| F|  |TAMS 0x0000000086800000, 0x0000000086800000| Untracked 
| 105|0x0000000086900000, 0x0000000086900000, 0x0000000086a00000|  0%| F|  |TAMS 0x0000000086900000, 0x0000000086900000| Untracked 
| 106|0x0000000086a00000, 0x0000000086a00000, 0x0000000086b00000|  0%| F|  |TAMS 0x0000000086a00000, 0x0000000086a00000| Untracked 
| 107|0x0000000086b00000, 0x0000000086b00000, 0x0000000086c00000|  0%| F|  |TAMS 0x0000000086b00000, 0x0000000086b00000| Untracked 
| 108|0x0000000086c00000, 0x0000000086c00000, 0x0000000086d00000|  0%| F|  |TAMS 0x0000000086c00000, 0x0000000086c00000| Untracked 
| 109|0x0000000086d00000, 0x0000000086d00000, 0x0000000086e00000|  0%| F|  |TAMS 0x0000000086d00000, 0x0000000086d00000| Untracked 
| 110|0x0000000086e00000, 0x0000000086e00000, 0x0000000086f00000|  0%| F|  |TAMS 0x0000000086e00000, 0x0000000086e00000| Untracked 
| 111|0x0000000086f00000, 0x0000000086f00000, 0x0000000087000000|  0%| F|  |TAMS 0x0000000086f00000, 0x0000000086f00000| Untracked 
| 112|0x0000000087000000, 0x0000000087000000, 0x0000000087100000|  0%| F|  |TAMS 0x0000000087000000, 0x0000000087000000| Untracked 
| 113|0x0000000087100000, 0x0000000087100000, 0x0000000087200000|  0%| F|  |TAMS 0x0000000087100000, 0x0000000087100000| Untracked 
| 114|0x0000000087200000, 0x0000000087200000, 0x0000000087300000|  0%| F|  |TAMS 0x0000000087200000, 0x0000000087200000| Untracked 
| 115|0x0000000087300000, 0x0000000087300000, 0x0000000087400000|  0%| F|  |TAMS 0x0000000087300000, 0x0000000087300000| Untracked 
| 116|0x0000000087400000, 0x0000000087476fb0, 0x0000000087500000| 46%| S|CS|TAMS 0x0000000087400000, 0x0000000087400000| Complete 
| 117|0x0000000087500000, 0x0000000087600000, 0x0000000087600000|100%| S|CS|TAMS 0x0000000087500000, 0x0000000087500000| Complete 
| 118|0x0000000087600000, 0x0000000087700000, 0x0000000087700000|100%| S|CS|TAMS 0x0000000087600000, 0x0000000087600000| Complete 
| 119|0x0000000087700000, 0x0000000087800000, 0x0000000087800000|100%| S|CS|TAMS 0x0000000087700000, 0x0000000087700000| Complete 
| 120|0x0000000087800000, 0x0000000087800000, 0x0000000087900000|  0%| F|  |TAMS 0x0000000087800000, 0x0000000087800000| Untracked 
| 121|0x0000000087900000, 0x0000000087900000, 0x0000000087a00000|  0%| F|  |TAMS 0x0000000087900000, 0x0000000087900000| Untracked 
| 122|0x0000000087a00000, 0x0000000087a00000, 0x0000000087b00000|  0%| F|  |TAMS 0x0000000087a00000, 0x0000000087a00000| Untracked 
| 123|0x0000000087b00000, 0x0000000087b00000, 0x0000000087c00000|  0%| F|  |TAMS 0x0000000087b00000, 0x0000000087b00000| Untracked 
| 124|0x0000000087c00000, 0x0000000087c00000, 0x0000000087d00000|  0%| F|  |TAMS 0x0000000087c00000, 0x0000000087c00000| Untracked 
| 125|0x0000000087d00000, 0x0000000087d00000, 0x0000000087e00000|  0%| F|  |TAMS 0x0000000087d00000, 0x0000000087d00000| Untracked 
| 126|0x0000000087e00000, 0x0000000087e00000, 0x0000000087f00000|  0%| F|  |TAMS 0x0000000087e00000, 0x0000000087e00000| Untracked 
| 127|0x0000000087f00000, 0x0000000087f00000, 0x0000000088000000|  0%| F|  |TAMS 0x0000000087f00000, 0x0000000087f00000| Untracked 
| 128|0x0000000088000000, 0x0000000088000000, 0x0000000088100000|  0%| F|  |TAMS 0x0000000088000000, 0x0000000088000000| Untracked 
| 129|0x0000000088100000, 0x0000000088100000, 0x0000000088200000|  0%| F|  |TAMS 0x0000000088100000, 0x0000000088100000| Untracked 
| 130|0x0000000088200000, 0x0000000088200000, 0x0000000088300000|  0%| F|  |TAMS 0x0000000088200000, 0x0000000088200000| Untracked 
| 131|0x0000000088300000, 0x0000000088300000, 0x0000000088400000|  0%| F|  |TAMS 0x0000000088300000, 0x0000000088300000| Untracked 
| 132|0x0000000088400000, 0x0000000088400000, 0x0000000088500000|  0%| F|  |TAMS 0x0000000088400000, 0x0000000088400000| Untracked 
| 133|0x0000000088500000, 0x0000000088500000, 0x0000000088600000|  0%| F|  |TAMS 0x0000000088500000, 0x0000000088500000| Untracked 
| 134|0x0000000088600000, 0x0000000088600000, 0x0000000088700000|  0%| F|  |TAMS 0x0000000088600000, 0x0000000088600000| Untracked 
| 135|0x0000000088700000, 0x0000000088700000, 0x0000000088800000|  0%| F|  |TAMS 0x0000000088700000, 0x0000000088700000| Untracked 
| 136|0x0000000088800000, 0x0000000088800000, 0x0000000088900000|  0%| F|  |TAMS 0x0000000088800000, 0x0000000088800000| Untracked 
| 137|0x0000000088900000, 0x0000000088900000, 0x0000000088a00000|  0%| F|  |TAMS 0x0000000088900000, 0x0000000088900000| Untracked 
| 138|0x0000000088a00000, 0x0000000088a00000, 0x0000000088b00000|  0%| F|  |TAMS 0x0000000088a00000, 0x0000000088a00000| Untracked 
| 139|0x0000000088b00000, 0x0000000088b00000, 0x0000000088c00000|  0%| F|  |TAMS 0x0000000088b00000, 0x0000000088b00000| Untracked 
| 140|0x0000000088c00000, 0x0000000088c00000, 0x0000000088d00000|  0%| F|  |TAMS 0x0000000088c00000, 0x0000000088c00000| Untracked 
| 141|0x0000000088d00000, 0x0000000088d00000, 0x0000000088e00000|  0%| F|  |TAMS 0x0000000088d00000, 0x0000000088d00000| Untracked 
| 142|0x0000000088e00000, 0x0000000088e00000, 0x0000000088f00000|  0%| F|  |TAMS 0x0000000088e00000, 0x0000000088e00000| Untracked 
| 143|0x0000000088f00000, 0x0000000088f00000, 0x0000000089000000|  0%| F|  |TAMS 0x0000000088f00000, 0x0000000088f00000| Untracked 
| 144|0x0000000089000000, 0x0000000089000000, 0x0000000089100000|  0%| F|  |TAMS 0x0000000089000000, 0x0000000089000000| Untracked 
| 145|0x0000000089100000, 0x0000000089100000, 0x0000000089200000|  0%| F|  |TAMS 0x0000000089100000, 0x0000000089100000| Untracked 
| 146|0x0000000089200000, 0x0000000089200000, 0x0000000089300000|  0%| F|  |TAMS 0x0000000089200000, 0x0000000089200000| Untracked 
| 147|0x0000000089300000, 0x0000000089300000, 0x0000000089400000|  0%| F|  |TAMS 0x0000000089300000, 0x0000000089300000| Untracked 
| 148|0x0000000089400000, 0x0000000089400000, 0x0000000089500000|  0%| F|  |TAMS 0x0000000089400000, 0x0000000089400000| Untracked 
| 149|0x0000000089500000, 0x0000000089500000, 0x0000000089600000|  0%| F|  |TAMS 0x0000000089500000, 0x0000000089500000| Untracked 
| 150|0x0000000089600000, 0x0000000089600000, 0x0000000089700000|  0%| F|  |TAMS 0x0000000089600000, 0x0000000089600000| Untracked 
| 151|0x0000000089700000, 0x0000000089700000, 0x0000000089800000|  0%| F|  |TAMS 0x0000000089700000, 0x0000000089700000| Untracked 
| 152|0x0000000089800000, 0x0000000089800000, 0x0000000089900000|  0%| F|  |TAMS 0x0000000089800000, 0x0000000089800000| Untracked 
| 153|0x0000000089900000, 0x0000000089900000, 0x0000000089a00000|  0%| F|  |TAMS 0x0000000089900000, 0x0000000089900000| Untracked 
| 154|0x0000000089a00000, 0x0000000089a00000, 0x0000000089b00000|  0%| F|  |TAMS 0x0000000089a00000, 0x0000000089a00000| Untracked 
| 155|0x0000000089b00000, 0x0000000089b00000, 0x0000000089c00000|  0%| F|  |TAMS 0x0000000089b00000, 0x0000000089b00000| Untracked 
| 156|0x0000000089c00000, 0x0000000089c00000, 0x0000000089d00000|  0%| F|  |TAMS 0x0000000089c00000, 0x0000000089c00000| Untracked 
| 157|0x0000000089d00000, 0x0000000089d00000, 0x0000000089e00000|  0%| F|  |TAMS 0x0000000089d00000, 0x0000000089d00000| Untracked 
| 158|0x0000000089e00000, 0x0000000089e00000, 0x0000000089f00000|  0%| F|  |TAMS 0x0000000089e00000, 0x0000000089e00000| Untracked 
| 159|0x0000000089f00000, 0x0000000089f00000, 0x000000008a000000|  0%| F|  |TAMS 0x0000000089f00000, 0x0000000089f00000| Untracked 
| 160|0x000000008a000000, 0x000000008a000000, 0x000000008a100000|  0%| F|  |TAMS 0x000000008a000000, 0x000000008a000000| Untracked 
| 161|0x000000008a100000, 0x000000008a100000, 0x000000008a200000|  0%| F|  |TAMS 0x000000008a100000, 0x000000008a100000| Untracked 
| 162|0x000000008a200000, 0x000000008a200000, 0x000000008a300000|  0%| F|  |TAMS 0x000000008a200000, 0x000000008a200000| Untracked 
| 163|0x000000008a300000, 0x000000008a31ac68, 0x000000008a400000| 10%| E|  |TAMS 0x000000008a300000, 0x000000008a300000| Complete 
| 164|0x000000008a400000, 0x000000008a500000, 0x000000008a500000|100%| E|CS|TAMS 0x000000008a400000, 0x000000008a400000| Complete 
| 165|0x000000008a500000, 0x000000008a600000, 0x000000008a600000|100%| E|CS|TAMS 0x000000008a500000, 0x000000008a500000| Complete 
| 166|0x000000008a600000, 0x000000008a700000, 0x000000008a700000|100%| E|CS|TAMS 0x000000008a600000, 0x000000008a600000| Complete 
| 167|0x000000008a700000, 0x000000008a800000, 0x000000008a800000|100%| E|CS|TAMS 0x000000008a700000, 0x000000008a700000| Complete 
| 168|0x000000008a800000, 0x000000008a900000, 0x000000008a900000|100%| E|CS|TAMS 0x000000008a800000, 0x000000008a800000| Complete 
| 169|0x000000008a900000, 0x000000008aa00000, 0x000000008aa00000|100%| E|CS|TAMS 0x000000008a900000, 0x000000008a900000| Complete 
| 170|0x000000008aa00000, 0x000000008ab00000, 0x000000008ab00000|100%| E|CS|TAMS 0x000000008aa00000, 0x000000008aa00000| Complete 
| 171|0x000000008ab00000, 0x000000008ac00000, 0x000000008ac00000|100%| E|CS|TAMS 0x000000008ab00000, 0x000000008ab00000| Complete 
| 172|0x000000008ac00000, 0x000000008ad00000, 0x000000008ad00000|100%| E|CS|TAMS 0x000000008ac00000, 0x000000008ac00000| Complete 
| 173|0x000000008ad00000, 0x000000008ae00000, 0x000000008ae00000|100%| E|CS|TAMS 0x000000008ad00000, 0x000000008ad00000| Complete 
| 174|0x000000008ae00000, 0x000000008af00000, 0x000000008af00000|100%| E|CS|TAMS 0x000000008ae00000, 0x000000008ae00000| Complete 
| 175|0x000000008af00000, 0x000000008b000000, 0x000000008b000000|100%| E|CS|TAMS 0x000000008af00000, 0x000000008af00000| Complete 
| 176|0x000000008b000000, 0x000000008b100000, 0x000000008b100000|100%| E|CS|TAMS 0x000000008b000000, 0x000000008b000000| Complete 
| 177|0x000000008b100000, 0x000000008b200000, 0x000000008b200000|100%| E|CS|TAMS 0x000000008b100000, 0x000000008b100000| Complete 
| 178|0x000000008b200000, 0x000000008b300000, 0x000000008b300000|100%| E|CS|TAMS 0x000000008b200000, 0x000000008b200000| Complete 
| 179|0x000000008b300000, 0x000000008b400000, 0x000000008b400000|100%| E|CS|TAMS 0x000000008b300000, 0x000000008b300000| Complete 
| 180|0x000000008b400000, 0x000000008b500000, 0x000000008b500000|100%| E|CS|TAMS 0x000000008b400000, 0x000000008b400000| Complete 
| 181|0x000000008b500000, 0x000000008b600000, 0x000000008b600000|100%| E|CS|TAMS 0x000000008b500000, 0x000000008b500000| Complete 
| 182|0x000000008b600000, 0x000000008b700000, 0x000000008b700000|100%| E|CS|TAMS 0x000000008b600000, 0x000000008b600000| Complete 
| 183|0x000000008b700000, 0x000000008b800000, 0x000000008b800000|100%| E|CS|TAMS 0x000000008b700000, 0x000000008b700000| Complete 
| 184|0x000000008b800000, 0x000000008b900000, 0x000000008b900000|100%| E|CS|TAMS 0x000000008b800000, 0x000000008b800000| Complete 
| 185|0x000000008b900000, 0x000000008ba00000, 0x000000008ba00000|100%| E|CS|TAMS 0x000000008b900000, 0x000000008b900000| Complete 
| 186|0x000000008ba00000, 0x000000008bb00000, 0x000000008bb00000|100%| E|CS|TAMS 0x000000008ba00000, 0x000000008ba00000| Complete 
| 187|0x000000008bb00000, 0x000000008bc00000, 0x000000008bc00000|100%| E|CS|TAMS 0x000000008bb00000, 0x000000008bb00000| Complete 
| 188|0x000000008bc00000, 0x000000008bd00000, 0x000000008bd00000|100%| E|CS|TAMS 0x000000008bc00000, 0x000000008bc00000| Complete 
| 189|0x000000008bd00000, 0x000000008be00000, 0x000000008be00000|100%| E|  |TAMS 0x000000008bd00000, 0x000000008bd00000| Complete 
| 190|0x000000008be00000, 0x000000008bf00000, 0x000000008bf00000|100%| E|CS|TAMS 0x000000008be00000, 0x000000008be00000| Complete 
| 191|0x000000008bf00000, 0x000000008c000000, 0x000000008c000000|100%| E|CS|TAMS 0x000000008bf00000, 0x000000008bf00000| Complete 
| 192|0x000000008c000000, 0x000000008c100000, 0x000000008c100000|100%| E|CS|TAMS 0x000000008c000000, 0x000000008c000000| Complete 
| 193|0x000000008c100000, 0x000000008c200000, 0x000000008c200000|100%| E|CS|TAMS 0x000000008c100000, 0x000000008c100000| Complete 
| 194|0x000000008c200000, 0x000000008c300000, 0x000000008c300000|100%| E|CS|TAMS 0x000000008c200000, 0x000000008c200000| Complete 
| 195|0x000000008c300000, 0x000000008c400000, 0x000000008c400000|100%| E|CS|TAMS 0x000000008c300000, 0x000000008c300000| Complete 
| 196|0x000000008c400000, 0x000000008c500000, 0x000000008c500000|100%| E|CS|TAMS 0x000000008c400000, 0x000000008c400000| Complete 
| 197|0x000000008c500000, 0x000000008c600000, 0x000000008c600000|100%| E|CS|TAMS 0x000000008c500000, 0x000000008c500000| Complete 
| 198|0x000000008c600000, 0x000000008c700000, 0x000000008c700000|100%| E|CS|TAMS 0x000000008c600000, 0x000000008c600000| Complete 
| 199|0x000000008c700000, 0x000000008c800000, 0x000000008c800000|100%| E|CS|TAMS 0x000000008c700000, 0x000000008c700000| Complete 
| 200|0x000000008c800000, 0x000000008c900000, 0x000000008c900000|100%| E|CS|TAMS 0x000000008c800000, 0x000000008c800000| Complete 
| 201|0x000000008c900000, 0x000000008ca00000, 0x000000008ca00000|100%| E|CS|TAMS 0x000000008c900000, 0x000000008c900000| Complete 
| 202|0x000000008ca00000, 0x000000008cb00000, 0x000000008cb00000|100%| E|CS|TAMS 0x000000008ca00000, 0x000000008ca00000| Complete 
| 203|0x000000008cb00000, 0x000000008cc00000, 0x000000008cc00000|100%| E|CS|TAMS 0x000000008cb00000, 0x000000008cb00000| Complete 
| 204|0x000000008cc00000, 0x000000008cd00000, 0x000000008cd00000|100%| E|CS|TAMS 0x000000008cc00000, 0x000000008cc00000| Complete 
| 205|0x000000008cd00000, 0x000000008ce00000, 0x000000008ce00000|100%| E|CS|TAMS 0x000000008cd00000, 0x000000008cd00000| Complete 
| 206|0x000000008ce00000, 0x000000008cf00000, 0x000000008cf00000|100%| E|CS|TAMS 0x000000008ce00000, 0x000000008ce00000| Complete 
| 207|0x000000008cf00000, 0x000000008d000000, 0x000000008d000000|100%| E|CS|TAMS 0x000000008cf00000, 0x000000008cf00000| Complete 
| 208|0x000000008d000000, 0x000000008d100000, 0x000000008d100000|100%| E|CS|TAMS 0x000000008d000000, 0x000000008d000000| Complete 
| 209|0x000000008d100000, 0x000000008d200000, 0x000000008d200000|100%| E|CS|TAMS 0x000000008d100000, 0x000000008d100000| Complete 
| 210|0x000000008d200000, 0x000000008d300000, 0x000000008d300000|100%| E|CS|TAMS 0x000000008d200000, 0x000000008d200000| Complete 
| 211|0x000000008d300000, 0x000000008d400000, 0x000000008d400000|100%| E|CS|TAMS 0x000000008d300000, 0x000000008d300000| Complete 

Card table byte_map: [0x0000000015310000,0x0000000015710000] _byte_map_base: 0x0000000014f10000

Marking Bits (Prev, Next): (CMBitMap*) 0x0000000002ab85d0, (CMBitMap*) 0x0000000002ab8610
 Prev Bits: [0x0000000015b10000, 0x0000000017b10000)
 Next Bits: [0x0000000017b10000, 0x0000000019b10000)

Polling page: 0x0000000002210000

Metaspace:

Usage:
  Non-class:     82.61 MB used.
      Class:     13.13 MB used.
       Both:     95.74 MB used.

Virtual space:
  Non-class space:       88.00 MB reserved,      83.00 MB ( 94%) committed,  11 nodes.
      Class space:        1.00 GB reserved,      13.44 MB (  1%) committed,  1 nodes.
             Both:        1.09 GB reserved,      96.44 MB (  9%) committed. 

Chunk freelists:
   Non-Class:  944.00 KB
       Class:  2.61 MB
        Both:  3.53 MB

MaxMetaspaceSize: unlimited
CompressedClassSpaceSize: 1.00 GB
Initial GC threshold: 21.00 MB
Current GC threshold: 126.56 MB
CDS: off
MetaspaceReclaimPolicy: balanced
 - commit_granule_bytes: 65536.
 - commit_granule_words: 8192.
 - virtual_space_node_default_size: 1048576.
 - enlarge_chunks_in_place: 1.
 - new_chunks_are_fully_committed: 0.
 - uncommit_free_chunks: 1.
 - use_allocation_guard: 0.
 - handle_deallocations: 1.


Internal statistics:

num_allocs_failed_limit: 6.
num_arena_births: 998.
num_arena_deaths: 0.
num_vsnodes_births: 12.
num_vsnodes_deaths: 0.
num_space_committed: 1543.
num_space_uncommitted: 0.
num_chunks_returned_to_freelist: 6.
num_chunks_taken_from_freelist: 4592.
num_chunk_merges: 6.
num_chunk_splits: 3068.
num_chunks_enlarged: 2085.
num_purges: 0.
num_inconsistent_stats: 0.

CodeHeap 'non-profiled nmethods': size=120064Kb used=5582Kb max_used=5582Kb free=114481Kb
 bounds [0x000000000d9d0000, 0x000000000df50000, 0x0000000014f10000]
CodeHeap 'profiled nmethods': size=120000Kb used=19014Kb max_used=19014Kb free=100985Kb
 bounds [0x0000000005f10000, 0x00000000071b0000, 0x000000000d440000]
CodeHeap 'non-nmethods': size=5696Kb used=2390Kb max_used=2440Kb free=3306Kb
 bounds [0x000000000d440000, 0x000000000d6b0000, 0x000000000d9d0000]
 total_blobs=10786 nmethods=9860 adapters=837
 compilation: enabled
              stopped_count=0, restarted_count=0
 full_count=0

Compilation events (20 events):
Event: 93.160 Thread 0x000000001c123810 nmethod 11515 0x000000000df42d10 code [0x000000000df42ea0, 0x000000000df42f88]
Event: 93.160 Thread 0x000000001ce19130 11516   !   3       org.gradle.internal.operations.DefaultBuildOperationQueue$WorkerRunnable::runOperation (26 bytes)
Event: 93.161 Thread 0x000000001ce19130 nmethod 11516 0x00000000071a1810 code [0x00000000071a19e0, 0x00000000071a1d98]
Event: 93.161 Thread 0x000000001ce19130 11517       3       org.gradle.internal.operations.DefaultBuildOperationExecutor$$Lambda$830/0x0000000100725bd0::execute (11 bytes)
Event: 93.161 Thread 0x000000001ce19130 nmethod 11517 0x00000000071a2090 code [0x00000000071a2240, 0x00000000071a2508]
Event: 93.177 Thread 0x000000001c123810 11518       4       com.google.common.collect.ImmutableList::construct (8 bytes)
Event: 93.185 Thread 0x000000001c123810 nmethod 11518 0x000000000df43090 code [0x000000000df43220, 0x000000000df433f8]
Event: 93.190 Thread 0x000000001ce19130 11519       3       org.gradle.internal.classloader.ClassLoaderVisitor::visitClassPath (1 bytes)
Event: 93.190 Thread 0x000000001ce19130 nmethod 11519 0x00000000071a2610 code [0x00000000071a27a0, 0x00000000071a28b8]
Event: 93.215 Thread 0x000000001c123810 11520       4       java.nio.file.Files::provider (10 bytes)
Event: 93.215 Thread 0x000000001c123810 nmethod 11520 0x000000000df43610 code [0x000000000df43780, 0x000000000df43818]
Event: 93.216 Thread 0x000000001ce19130 11521       3       java.nio.Buffer$1::acquireScope (41 bytes)
Event: 93.217 Thread 0x000000001ce19130 nmethod 11521 0x00000000071a2990 code [0x00000000071a2b80, 0x00000000071a3138]
Event: 93.221 Thread 0x000000001c123810 11522       4       javax.management.ObjectName::construct (1135 bytes)
Event: 93.481 Thread 0x000000001ce19130 11523       3       com.google.common.collect.ImmutableMultimap$Builder::build (41 bytes)
Event: 93.483 Thread 0x000000001ce19130 nmethod 11523 0x00000000071a3310 code [0x00000000071a3580, 0x00000000071a42e8]
Event: 93.484 Thread 0x000000001ce19130 11524       3       com.google.common.collect.ImmutableMultimap::of (4 bytes)
Event: 93.484 Thread 0x000000001ce19130 nmethod 11524 0x00000000071a4690 code [0x00000000071a4820, 0x00000000071a4978]
Event: 93.485 Thread 0x000000001ce19130 11525       3       com.google.common.collect.ImmutableListMultimap::of (4 bytes)
Event: 93.485 Thread 0x000000001ce19130 nmethod 11525 0x00000000063af110 code [0x00000000063af2a0, 0x00000000063af398]

GC Heap History (20 events):
Event: 32.321 GC heap before
{Heap before GC invocations=51 (full 0):
 garbage-first heap   total 122880K, used 97188K [0x0000000080000000, 0x0000000100000000)
  region size 1024K, 26 young (26624K), 1 survivors (1024K)
 Metaspace       used 77169K, committed 77760K, reserved 1122304K
  class space    used 10290K, committed 10560K, reserved 1048576K
}
Event: 32.331 GC heap after
{Heap after GC invocations=52 (full 0):
 garbage-first heap   total 147456K, used 74910K [0x0000000080000000, 0x0000000100000000)
  region size 1024K, 3 young (3072K), 3 survivors (3072K)
 Metaspace       used 77169K, committed 77760K, reserved 1122304K
  class space    used 10290K, committed 10560K, reserved 1048576K
}
Event: 34.119 GC heap before
{Heap before GC invocations=53 (full 0):
 garbage-first heap   total 147456K, used 113822K [0x0000000080000000, 0x0000000100000000)
  region size 1024K, 41 young (41984K), 3 survivors (3072K)
 Metaspace       used 79256K, committed 79872K, reserved 1122304K
  class space    used 10588K, committed 10880K, reserved 1048576K
}
Event: 34.131 GC heap after
{Heap after GC invocations=54 (full 0):
 garbage-first heap   total 147456K, used 76252K [0x0000000080000000, 0x0000000100000000)
  region size 1024K, 4 young (4096K), 4 survivors (4096K)
 Metaspace       used 79256K, committed 79872K, reserved 1122304K
  class space    used 10588K, committed 10880K, reserved 1048576K
}
Event: 36.811 GC heap before
{Heap before GC invocations=54 (full 0):
 garbage-first heap   total 147456K, used 117212K [0x0000000080000000, 0x0000000100000000)
  region size 1024K, 43 young (44032K), 4 survivors (4096K)
 Metaspace       used 82350K, committed 82944K, reserved 1122304K
  class space    used 11188K, committed 11456K, reserved 1048576K
}
Event: 36.843 GC heap after
{Heap after GC invocations=55 (full 0):
 garbage-first heap   total 147456K, used 77798K [0x0000000080000000, 0x0000000100000000)
  region size 1024K, 3 young (3072K), 3 survivors (3072K)
 Metaspace       used 82350K, committed 82944K, reserved 1122304K
  class space    used 11188K, committed 11456K, reserved 1048576K
}
Event: 40.917 GC heap before
{Heap before GC invocations=55 (full 0):
 garbage-first heap   total 147456K, used 118758K [0x0000000080000000, 0x0000000100000000)
  region size 1024K, 43 young (44032K), 3 survivors (3072K)
 Metaspace       used 85367K, committed 85952K, reserved 1130496K
  class space    used 11633K, committed 11904K, reserved 1048576K
}
Event: 40.933 GC heap after
{Heap after GC invocations=56 (full 0):
 garbage-first heap   total 147456K, used 79721K [0x0000000080000000, 0x0000000100000000)
  region size 1024K, 5 young (5120K), 5 survivors (5120K)
 Metaspace       used 85367K, committed 85952K, reserved 1130496K
  class space    used 11633K, committed 11904K, reserved 1048576K
}
Event: 50.168 GC heap before
{Heap before GC invocations=56 (full 0):
 garbage-first heap   total 147456K, used 120681K [0x0000000080000000, 0x0000000100000000)
  region size 1024K, 45 young (46080K), 5 survivors (5120K)
 Metaspace       used 88729K, committed 89344K, reserved 1130496K
  class space    used 12118K, committed 12416K, reserved 1048576K
}
Event: 50.202 GC heap after
{Heap after GC invocations=57 (full 0):
 garbage-first heap   total 147456K, used 82373K [0x0000000080000000, 0x0000000100000000)
  region size 1024K, 5 young (5120K), 5 survivors (5120K)
 Metaspace       used 88729K, committed 89344K, reserved 1130496K
  class space    used 12118K, committed 12416K, reserved 1048576K
}
Event: 64.985 GC heap before
{Heap before GC invocations=57 (full 0):
 garbage-first heap   total 147456K, used 121285K [0x0000000080000000, 0x0000000100000000)
  region size 1024K, 43 young (44032K), 5 survivors (5120K)
 Metaspace       used 92977K, committed 93632K, reserved 1130496K
  class space    used 12735K, committed 13056K, reserved 1048576K
}
Event: 65.130 GC heap after
{Heap after GC invocations=58 (full 0):
 garbage-first heap   total 147456K, used 84759K [0x0000000080000000, 0x0000000100000000)
  region size 1024K, 5 young (5120K), 5 survivors (5120K)
 Metaspace       used 92977K, committed 93632K, reserved 1130496K
  class space    used 12735K, committed 13056K, reserved 1048576K
}
Event: 68.998 GC heap before
{Heap before GC invocations=58 (full 0):
 garbage-first heap   total 147456K, used 122647K [0x0000000080000000, 0x0000000100000000)
  region size 1024K, 42 young (43008K), 5 survivors (5120K)
 Metaspace       used 95062K, committed 95680K, reserved 1138688K
  class space    used 13032K, committed 13312K, reserved 1048576K
}
Event: 69.084 GC heap after
{Heap after GC invocations=59 (full 0):
 garbage-first heap   total 147456K, used 88749K [0x0000000080000000, 0x0000000100000000)
  region size 1024K, 6 young (6144K), 6 survivors (6144K)
 Metaspace       used 95062K, committed 95680K, reserved 1138688K
  class space    used 13032K, committed 13312K, reserved 1048576K
}
Event: 70.314 GC heap before
{Heap before GC invocations=59 (full 0):
 garbage-first heap   total 147456K, used 122541K [0x0000000080000000, 0x0000000100000000)
  region size 1024K, 39 young (39936K), 6 survivors (6144K)
 Metaspace       used 95848K, committed 96512K, reserved 1138688K
  class space    used 13137K, committed 13440K, reserved 1048576K
}
Event: 70.367 GC heap after
{Heap after GC invocations=60 (full 0):
 garbage-first heap   total 147456K, used 93168K [0x0000000080000000, 0x0000000100000000)
  region size 1024K, 5 young (5120K), 5 survivors (5120K)
 Metaspace       used 95848K, committed 96512K, reserved 1138688K
  class space    used 13137K, committed 13440K, reserved 1048576K
}
Event: 71.408 GC heap before
{Heap before GC invocations=60 (full 0):
 garbage-first heap   total 147456K, used 122864K [0x0000000080000000, 0x0000000100000000)
  region size 1024K, 34 young (34816K), 5 survivors (5120K)
 Metaspace       used 96174K, committed 96832K, reserved 1138688K
  class space    used 13181K, committed 13504K, reserved 1048576K
}
Event: 71.542 GC heap after
{Heap after GC invocations=61 (full 0):
 garbage-first heap   total 147456K, used 98062K [0x0000000080000000, 0x0000000100000000)
  region size 1024K, 5 young (5120K), 5 survivors (5120K)
 Metaspace       used 96174K, committed 96832K, reserved 1138688K
  class space    used 13181K, committed 13504K, reserved 1048576K
}
Event: 83.325 GC heap before
{Heap before GC invocations=61 (full 0):
 garbage-first heap   total 147456K, used 122638K [0x0000000080000000, 0x0000000100000000)
  region size 1024K, 29 young (29696K), 5 survivors (5120K)
 Metaspace       used 97781K, committed 98432K, reserved 1138688K
  class space    used 13443K, committed 13760K, reserved 1048576K
}
Event: 83.368 GC heap after
{Heap after GC invocations=62 (full 0):
 garbage-first heap   total 217088K, used 101712K [0x0000000080000000, 0x0000000100000000)
  region size 1024K, 4 young (4096K), 4 survivors (4096K)
 Metaspace       used 97781K, committed 98432K, reserved 1138688K
  class space    used 13443K, committed 13760K, reserved 1048576K
}

Dll operation events (3 events):
Event: 0.116 Loaded shared library C:\Program Files\Android\Android Studio\jbr\bin\java.dll
Event: 0.637 Loaded shared library C:\Program Files\Android\Android Studio\jbr\bin\zip.dll
Event: 1.354 Loaded shared library C:\Program Files\Android\Android Studio\jbr\bin\verify.dll

Deoptimization events (20 events):
Event: 87.127 Thread 0x0000000021b1abb0 DEOPT PACKING pc=0x000000000dd1d060 sp=0x00000000007195c0
Event: 87.127 Thread 0x0000000021b1abb0 DEOPT UNPACKING pc=0x000000000d49699d sp=0x0000000000719488 mode 2
Event: 87.134 Thread 0x0000000021b18a00 Uncommon trap: trap_request=0xffffff45 fr.pc=0x000000000dac1d50 relative=0x0000000000000130
Event: 87.134 Thread 0x0000000021b18a00 Uncommon trap: reason=unstable_if action=reinterpret pc=0x000000000dac1d50 method=java.util.concurrent.ConcurrentHashMap.addCount(JI)V @ 7 c2
Event: 87.134 Thread 0x0000000021b18a00 DEOPT PACKING pc=0x000000000dac1d50 sp=0x00000000233fcca0
Event: 87.134 Thread 0x0000000021b18a00 DEOPT UNPACKING pc=0x000000000d49699d sp=0x00000000233fcc00 mode 2
Event: 87.149 Thread 0x0000000021b1abb0 Uncommon trap: trap_request=0xffffff45 fr.pc=0x000000000ddd4df4 relative=0x00000000000001b4
Event: 87.149 Thread 0x0000000021b1abb0 Uncommon trap: reason=unstable_if action=reinterpret pc=0x000000000ddd4df4 method=org.gradle.internal.time.MonotonicClock.advance(J)J @ 25 c2
Event: 87.149 Thread 0x0000000021b1abb0 DEOPT PACKING pc=0x000000000ddd4df4 sp=0x000000000071a670
Event: 87.149 Thread 0x0000000021b1abb0 DEOPT UNPACKING pc=0x000000000d49699d sp=0x000000000071a578 mode 2
Event: 87.921 Thread 0x0000000021b18a00 DEOPT PACKING pc=0x000000000649a597 sp=0x00000000233fbb60
Event: 87.921 Thread 0x0000000021b18a00 DEOPT UNPACKING pc=0x000000000d497124 sp=0x00000000233fb028 mode 0
Event: 88.066 Thread 0x0000000021b18a00 Uncommon trap: trap_request=0xffffff45 fr.pc=0x000000000dd80fd4 relative=0x0000000000000154
Event: 88.066 Thread 0x0000000021b18a00 Uncommon trap: reason=unstable_if action=reinterpret pc=0x000000000dd80fd4 method=java.util.concurrent.locks.ReentrantLock$Sync.tryLock()Z @ 34 c2
Event: 88.066 Thread 0x0000000021b18a00 DEOPT PACKING pc=0x000000000dd80fd4 sp=0x00000000233fe960
Event: 88.067 Thread 0x0000000021b18a00 DEOPT UNPACKING pc=0x000000000d49699d sp=0x00000000233fe910 mode 2
Event: 88.094 Thread 0x0000000021b18a00 Uncommon trap: trap_request=0xffffff45 fr.pc=0x000000000ddd4914 relative=0x0000000000000094
Event: 88.094 Thread 0x0000000021b18a00 Uncommon trap: reason=unstable_if action=reinterpret pc=0x000000000ddd4914 method=org.gradle.internal.time.MonotonicClock.advance(J)J @ 25 c2
Event: 88.094 Thread 0x0000000021b18a00 DEOPT PACKING pc=0x000000000ddd4914 sp=0x00000000233fde10
Event: 88.094 Thread 0x0000000021b18a00 DEOPT UNPACKING pc=0x000000000d49699d sp=0x00000000233fdd88 mode 2

Classes unloaded (0 events):
No events

Classes redefined (0 events):
No events

Internal exceptions (20 events):
Event: 71.175 Thread 0x0000000020e572e0 Exception <a 'java/lang/NoSuchMethodError'{0x0000000087523368}: 'java.lang.Object java.lang.invoke.DirectMethodHandle$Holder.newInvokeSpecial(java.lang.Object, java.lang.Object, java.lang.Object, java.lang.Object, int, java.lang.Object)'> (0x0000000087523368) 
thrown [s\src\hotspot\share\interpreter\linkResolver.cpp, line 771]
Event: 71.176 Thread 0x0000000020e572e0 Exception <a 'java/lang/NoSuchMethodError'{0x0000000087528128}: 'java.lang.Object java.lang.invoke.Invokers$Holder.linkToTargetMethod(java.lang.Object, java.lang.Object, java.lang.Object, int, java.lang.Object, java.lang.Object)'> (0x0000000087528128) 
thrown [s\src\hotspot\share\interpreter\linkResolver.cpp, line 771]
Event: 71.348 Thread 0x0000000020e572e0 Implicit null exception at 0x000000000de99404 to 0x000000000de99570
Event: 71.752 Thread 0x0000000021b1abb0 Exception <a 'java/lang/NoSuchMethodError'{0x0000000088e151a8}: 'void java.lang.invoke.DirectMethodHandle$Holder.invokeInterface(java.lang.Object, java.lang.Object, java.lang.Object, java.lang.Object)'> (0x0000000088e151a8) 
thrown [s\src\hotspot\share\interpreter\linkResolver.cpp, line 771]
Event: 71.875 Thread 0x000000001fea3f80 Exception <a 'java/lang/NoSuchMethodError'{0x0000000088d141e0}: static Lorg/gradle/internal/build/event/types/DefaultTaskStartedProgressEvent;.<clinit>()V> (0x0000000088d141e0) 
thrown [s\src\hotspot\share\prims\jni.cpp, line 1108]
Event: 71.888 Thread 0x000000001fea3f80 Exception <a 'java/lang/NoSuchMethodError'{0x0000000088d5cd90}: static Lorg/gradle/internal/build/event/types/DefaultTaskDescriptor;.<clinit>()V> (0x0000000088d5cd90) 
thrown [s\src\hotspot\share\prims\jni.cpp, line 1108]
Event: 71.920 Thread 0x000000002093f9b0 Implicit null exception at 0x000000000dd79014 to 0x000000000dd7b7ae
Event: 72.020 Thread 0x000000001fea3f80 Exception <a 'java/lang/NoSuchMethodError'{0x0000000088cdc1d0}: static Lorg/gradle/internal/build/event/types/DefaultTaskFinishedProgressEvent;.<clinit>()V> (0x0000000088cdc1d0) 
thrown [s\src\hotspot\share\prims\jni.cpp, line 1108]
Event: 72.028 Thread 0x000000001fea3f80 Exception <a 'java/lang/NoSuchMethodError'{0x0000000088cf1a30}: static Lorg/gradle/internal/build/event/types/DefaultTaskSuccessResult;.<clinit>()V> (0x0000000088cf1a30) 
thrown [s\src\hotspot\share\prims\jni.cpp, line 1108]
Event: 72.029 Thread 0x000000001fea3f80 Exception <a 'java/lang/NoSuchMethodError'{0x0000000088cf3138}: static Lorg/gradle/internal/build/event/types/AbstractTaskResult;.<clinit>()V> (0x0000000088cf3138) 
thrown [s\src\hotspot\share\prims\jni.cpp, line 1108]
Event: 72.093 Thread 0x0000000021b1abb0 Exception <a 'sun/nio/fs/WindowsException'{0x0000000088b10c38}> (0x0000000088b10c38) 
thrown [s\src\hotspot\share\prims\jni.cpp, line 517]
Event: 72.106 Thread 0x000000002093dcd0 Exception <a 'java/lang/NoSuchMethodError'{0x0000000088a5c608}: static Lcom/android/buildanalyzer/common/AndroidGradlePluginAttributionData$BuildInfo;.<clinit>()V> (0x0000000088a5c608) 
thrown [s\src\hotspot\share\prims\jni.cpp, line 1108]
Event: 72.125 Thread 0x000000001fea3f80 Exception <a 'java/lang/NoSuchMethodError'{0x0000000088a922f0}: static Lorg/gradle/internal/build/event/types/DefaultTaskSkippedResult;.<clinit>()V> (0x0000000088a922f0) 
thrown [s\src\hotspot\share\prims\jni.cpp, line 1108]
Event: 72.133 Thread 0x000000002093dcd0 Exception <a 'java/lang/NoSuchMethodError'{0x0000000088ab0420}: static Lcom/android/buildanalyzer/common/AndroidGradlePluginAttributionData$JavaInfo;.<clinit>()V> (0x0000000088ab0420) 
thrown [s\src\hotspot\share\prims\jni.cpp, line 1108]
Event: 72.143 Thread 0x000000002093dcd0 Exception <a 'java/lang/NoSuchMethodError'{0x0000000088ad3d20}: static [Ljava/lang/String;.<clinit>()V> (0x0000000088ad3d20) 
thrown [s\src\hotspot\share\prims\jni.cpp, line 1108]
Event: 72.153 Thread 0x000000002093dcd0 Exception <a 'java/lang/NoSuchMethodError'{0x0000000088aef540}: static Lcom/android/buildanalyzer/common/AndroidGradlePluginAttributionData$TaskInfo;.<clinit>()V> (0x0000000088aef540) 
thrown [s\src\hotspot\share\prims\jni.cpp, line 1108]
Event: 72.155 Thread 0x000000002093dcd0 Exception <a 'java/lang/NoSuchMethodError'{0x0000000088afc518}: static Lcom/android/buildanalyzer/common/AndroidGradlePluginAttributionData$TaskCategoryInfo;.<clinit>()V> (0x0000000088afc518) 
thrown [s\src\hotspot\share\prims\jni.cpp, line 1108]
Event: 72.204 Thread 0x000000002093dcd0 Exception <a 'java/lang/NoSuchMethodError'{0x00000000889847f0}: 'void java.lang.invoke.DirectMethodHandle$Holder.invokeSpecial(java.lang.Object, java.lang.Object, java.lang.Object, int)'> (0x00000000889847f0) 
thrown [s\src\hotspot\share\interpreter\linkResolver.cpp, line 771]
Event: 81.746 Thread 0x0000000021b1abb0 Exception <a 'java/lang/NoSuchMethodError'{0x0000000087c176c0}: 'void java.lang.invoke.DirectMethodHandle$Holder.invokeStatic(java.lang.Object, java.lang.Object, java.lang.Object, java.lang.Object, int, java.lang.Object, java.lang.Object)'> (0x0000000087c176c0) 
thrown [s\src\hotspot\share\interpreter\linkResolver.cpp, line 771]
Event: 88.072 Thread 0x0000000021b18a00 Exception <a 'java/lang/NoSuchMethodError'{0x000000008b4fa608}: 'void java.lang.invoke.DirectMethodHandle$Holder.invokeVirtual(java.lang.Object, java.lang.Object)'> (0x000000008b4fa608) 
thrown [s\src\hotspot\share\interpreter\linkResolver.cpp, line 771]

VM Operations (20 events):
Event: 83.192 Executing VM operation: Cleanup
Event: 83.193 Executing VM operation: Cleanup done
Event: 83.325 Executing VM operation: G1CollectForAllocation
Event: 83.369 Executing VM operation: G1CollectForAllocation done
Event: 85.373 Executing VM operation: Cleanup
Event: 85.373 Executing VM operation: Cleanup done
Event: 86.386 Executing VM operation: Cleanup
Event: 86.386 Executing VM operation: Cleanup done
Event: 87.400 Executing VM operation: Cleanup
Event: 87.400 Executing VM operation: Cleanup done
Event: 88.406 Executing VM operation: Cleanup
Event: 88.409 Executing VM operation: Cleanup done
Event: 89.419 Executing VM operation: Cleanup
Event: 89.612 Executing VM operation: Cleanup done
Event: 90.856 Executing VM operation: Cleanup
Event: 90.856 Executing VM operation: Cleanup done
Event: 92.001 Executing VM operation: Cleanup
Event: 92.001 Executing VM operation: Cleanup done
Event: 93.036 Executing VM operation: Cleanup
Event: 93.036 Executing VM operation: Cleanup done

Events (20 events):
Event: 72.208 loading class java/io/ObjectInputStream$HandleTable done
Event: 72.208 loading class java/io/ObjectInputStream$HandleTable$HandleList
Event: 72.208 loading class java/io/ObjectInputStream$HandleTable$HandleList done
Event: 72.208 loading class java/io/ObjectInputStream$ValidationList
Event: 72.209 loading class java/io/ObjectInputStream$ValidationList done
Event: 72.209 loading class java/io/ObjectInputFilter$Config
Event: 72.210 loading class java/io/ObjectInputFilter$Config done
Event: 72.212 loading class java/io/ObjectInputFilter
Event: 72.212 loading class java/io/ObjectInputFilter done
Event: 72.213 loading class java/io/ObjectInputFilter$Config$BuiltinFilterFactory
Event: 72.214 loading class java/io/ObjectInputFilter$Config$BuiltinFilterFactory done
Event: 72.214 loading class jdk/internal/access/JavaObjectInputFilterAccess
Event: 72.214 loading class jdk/internal/access/JavaObjectInputFilterAccess done
Event: 72.215 loading class jdk/internal/event/DeserializationEvent
Event: 72.217 loading class jdk/internal/event/DeserializationEvent done
Event: 72.217 loading class java/io/ObjectInputStream$FieldValues
Event: 72.218 loading class java/io/ObjectInputStream$GetField
Event: 72.218 loading class java/io/ObjectInputStream$GetField done
Event: 72.218 loading class java/io/ObjectInputStream$FieldValues done
Event: 81.787 Thread 0x0000000021b18a00 Thread added: 0x0000000021b18a00


Dynamic libraries:
0x00007ff6be2d0000 - 0x00007ff6be2da000 	C:\Program Files\Android\Android Studio\jbr\bin\java.exe
0x00007ffde74d0000 - 0x00007ffde76e7000 	C:\Windows\SYSTEM32\ntdll.dll
0x00007ffde7080000 - 0x00007ffde7144000 	C:\Windows\System32\KERNEL32.DLL
0x00007ffde4bc0000 - 0x00007ffde4f93000 	C:\Windows\System32\KERNELBASE.dll
0x00007ffde1310000 - 0x00007ffde13a7000 	C:\Windows\SYSTEM32\apphelp.dll
0x00007ffde4aa0000 - 0x00007ffde4bb1000 	C:\Windows\System32\ucrtbase.dll
0x00007ffdcda90000 - 0x00007ffdcdaab000 	C:\Program Files\Android\Android Studio\jbr\bin\VCRUNTIME140.dll
0x00007ffdaf870000 - 0x00007ffdaf887000 	C:\Program Files\Android\Android Studio\jbr\bin\jli.dll
0x00007ffde6e00000 - 0x00007ffde6fb1000 	C:\Windows\System32\USER32.dll
0x00007ffde45e0000 - 0x00007ffde4606000 	C:\Windows\System32\win32u.dll
0x00007ffde6b60000 - 0x00007ffde6b89000 	C:\Windows\System32\GDI32.dll
0x00007ffdcbd10000 - 0x00007ffdcbfa8000 	C:\Windows\WinSxS\amd64_microsoft.windows.common-controls_6595b64144ccf1df_6.0.22621.5124_none_270e8f4f7386d69d\COMCTL32.dll
0x00007ffde5020000 - 0x00007ffde513b000 	C:\Windows\System32\gdi32full.dll
0x00007ffde4750000 - 0x00007ffde47ea000 	C:\Windows\System32\msvcp_win.dll
0x00007ffde6310000 - 0x00007ffde63b7000 	C:\Windows\System32\msvcrt.dll
0x00007ffde7450000 - 0x00007ffde7481000 	C:\Windows\System32\IMM32.DLL
0x00007ffddeac0000 - 0x00007ffddeacc000 	C:\Program Files\Android\Android Studio\jbr\bin\vcruntime140_1.dll
0x00007ffdcda00000 - 0x00007ffdcda8d000 	C:\Program Files\Android\Android Studio\jbr\bin\msvcp140.dll
0x00007ffdabf00000 - 0x00007ffdacb6e000 	C:\Program Files\Android\Android Studio\jbr\bin\server\jvm.dll
0x00007ffde6fc0000 - 0x00007ffde7071000 	C:\Windows\System32\ADVAPI32.dll
0x00007ffde6630000 - 0x00007ffde66d7000 	C:\Windows\System32\sechost.dll
0x00007ffde5140000 - 0x00007ffde5168000 	C:\Windows\System32\bcrypt.dll
0x00007ffde6b90000 - 0x00007ffde6ca4000 	C:\Windows\System32\RPCRT4.dll
0x00007ffdb5ca0000 - 0x00007ffdb5ca9000 	C:\Windows\SYSTEM32\WSOCK32.dll
0x00007ffdd3ec0000 - 0x00007ffdd3eca000 	C:\Windows\SYSTEM32\VERSION.dll
0x00007ffdde300000 - 0x00007ffdde334000 	C:\Windows\SYSTEM32\WINMM.dll
0x00007ffde5170000 - 0x00007ffde51e1000 	C:\Windows\System32\WS2_32.dll
0x00007ffde35e0000 - 0x00007ffde35f8000 	C:\Windows\SYSTEM32\kernel.appcore.dll
0x00007ffddf6a0000 - 0x00007ffddf6aa000 	C:\Program Files\Android\Android Studio\jbr\bin\jimage.dll
0x00007ffde1f70000 - 0x00007ffde21a2000 	C:\Windows\SYSTEM32\DBGHELP.DLL
0x00007ffde53b0000 - 0x00007ffde5742000 	C:\Windows\System32\combase.dll
0x00007ffde7260000 - 0x00007ffde7337000 	C:\Windows\System32\OLEAUT32.dll
0x00007ffdcff30000 - 0x00007ffdcff62000 	C:\Windows\SYSTEM32\dbgcore.DLL
0x00007ffde4fa0000 - 0x00007ffde501b000 	C:\Windows\System32\bcryptPrimitives.dll
0x00007ffdd5f00000 - 0x00007ffdd5f0e000 	C:\Program Files\Android\Android Studio\jbr\bin\instrument.dll
0x00007ffdd5f10000 - 0x00007ffdd5f35000 	C:\Program Files\Android\Android Studio\jbr\bin\java.dll
0x00007ffdd3b40000 - 0x00007ffdd3b58000 	C:\Program Files\Android\Android Studio\jbr\bin\zip.dll
0x00007ffde5790000 - 0x00007ffde6026000 	C:\Windows\System32\SHELL32.dll
0x00007ffde4610000 - 0x00007ffde474f000 	C:\Windows\System32\wintypes.dll
0x00007ffde24c0000 - 0x00007ffde2dda000 	C:\Windows\SYSTEM32\windows.storage.dll
0x00007ffde7340000 - 0x00007ffde744a000 	C:\Windows\System32\SHCORE.dll
0x00007ffde6cb0000 - 0x00007ffde6d13000 	C:\Windows\System32\shlwapi.dll
0x00007ffde4510000 - 0x00007ffde453b000 	C:\Windows\SYSTEM32\profapi.dll
0x00007ffdcd510000 - 0x00007ffdcd529000 	C:\Program Files\Android\Android Studio\jbr\bin\net.dll
0x00007ffddd0d0000 - 0x00007ffddd1fc000 	C:\Windows\SYSTEM32\WINHTTP.dll
0x00007ffde3a60000 - 0x00007ffde3aca000 	C:\Windows\system32\mswsock.dll
0x00007ffdcd4f0000 - 0x00007ffdcd506000 	C:\Program Files\Android\Android Studio\jbr\bin\nio.dll
0x00007ffdde420000 - 0x00007ffdde430000 	C:\Program Files\Android\Android Studio\jbr\bin\verify.dll
0x00007ffdd3c10000 - 0x00007ffdd3c37000 	C:\Program Files\Android\Android Studio\jbr\native\68d5fa5c4cc2d200863cafc0d521ce42e7d3e7ee720ec0a83991735586a16f82\windows-amd64\native-platform.dll
0x00007ffd8bf20000 - 0x00007ffd8c064000 	C:\Program Files\Android\Android Studio\jbr\native\e376f236ea51e6404a007f0833ffe2c6e607c4080706a723a18a27aeea778392\windows-amd64\native-platform-file-events.dll
0x00007ffdde340000 - 0x00007ffdde349000 	C:\Program Files\Android\Android Studio\jbr\bin\management.dll
0x00007ffdd6330000 - 0x00007ffdd633b000 	C:\Program Files\Android\Android Studio\jbr\bin\management_ext.dll
0x00007ffde6d20000 - 0x00007ffde6d28000 	C:\Windows\System32\PSAPI.DLL
0x00007ffde3c90000 - 0x00007ffde3cab000 	C:\Windows\SYSTEM32\CRYPTSP.dll
0x00007ffde3540000 - 0x00007ffde3577000 	C:\Windows\system32\rsaenh.dll
0x00007ffde3b20000 - 0x00007ffde3b48000 	C:\Windows\SYSTEM32\USERENV.dll
0x00007ffde3c80000 - 0x00007ffde3c8c000 	C:\Windows\SYSTEM32\CRYPTBASE.dll
0x00007ffde3080000 - 0x00007ffde30ad000 	C:\Windows\SYSTEM32\IPHLPAPI.DLL
0x00007ffde6610000 - 0x00007ffde6619000 	C:\Windows\System32\NSI.dll
0x00007ffdddb40000 - 0x00007ffdddb59000 	C:\Windows\SYSTEM32\dhcpcsvc6.DLL
0x00007ffddd0b0000 - 0x00007ffddd0cf000 	C:\Windows\SYSTEM32\dhcpcsvc.DLL
0x00007ffde3100000 - 0x00007ffde3202000 	C:\Windows\SYSTEM32\DNSAPI.dll
0x00007ffdb7840000 - 0x00007ffdb7848000 	C:\Windows\system32\wshunix.dll
0x00007ffdd5eb0000 - 0x00007ffdd5ec7000 	C:\Windows\system32\napinsp.dll
0x00007ffdd5d30000 - 0x00007ffdd5d4b000 	C:\Windows\system32\pnrpnsp.dll
0x00007ffdd5d10000 - 0x00007ffdd5d21000 	C:\Windows\System32\winrnr.dll
0x00007ffdbb7a0000 - 0x00007ffdbb7b5000 	C:\Windows\system32\wshbth.dll
0x00007ffdccf90000 - 0x00007ffdccfb7000 	C:\Windows\system32\nlansp_c.dll
0x00007ffdd66b0000 - 0x00007ffdd66ba000 	C:\Windows\System32\rasadhlp.dll
0x00007ffdd7700000 - 0x00007ffdd7783000 	C:\Windows\System32\fwpuclnt.dll

dbghelp: loaded successfully - version: 4.0.5 - missing functions: none
symbol engine: initialized successfully - sym options: 0x614 - pdb path: .;C:\Program Files\Android\Android Studio\jbr\bin;C:\Windows\SYSTEM32;C:\Windows\WinSxS\amd64_microsoft.windows.common-controls_6595b64144ccf1df_6.0.22621.5124_none_270e8f4f7386d69d;C:\Program Files\Android\Android Studio\jbr\bin\server;C:\Program Files\Android\Android Studio\jbr\native\68d5fa5c4cc2d200863cafc0d521ce42e7d3e7ee720ec0a83991735586a16f82\windows-amd64;C:\Program Files\Android\Android Studio\jbr\native\e376f236ea51e6404a007f0833ffe2c6e607c4080706a723a18a27aeea778392\windows-amd64

VM Arguments:
jvm_args: --add-opens=java.base/java.util=ALL-UNNAMED --add-opens=java.base/java.lang=ALL-UNNAMED --add-opens=java.base/java.lang.invoke=ALL-UNNAMED --add-opens=java.prefs/java.util.prefs=ALL-UNNAMED --add-opens=java.base/java.nio.charset=ALL-UNNAMED --add-opens=java.base/java.net=ALL-UNNAMED --add-opens=java.base/java.util.concurrent.atomic=ALL-UNNAMED -Xmx2048m -Dfile.encoding=UTF-8 -Duser.country=US -Duser.language=en -Duser.variant -javaagent:C:\Program Files\Android\Android Studio\jbr\wrapper\dists\gradle-8.1.1-all\bs1rrjki8hh9bujwbsqnxtuzr\gradle-8.1.1\lib\agents\gradle-instrumentation-agent-8.1.1.jar 
java_command: org.gradle.launcher.daemon.bootstrap.GradleDaemon 8.1.1
java_class_path (initial): C:\Program Files\Android\Android Studio\jbr\wrapper\dists\gradle-8.1.1-all\bs1rrjki8hh9bujwbsqnxtuzr\gradle-8.1.1\lib\gradle-launcher-8.1.1.jar
Launcher Type: SUN_STANDARD

[Global flags]
     intx CICompilerCount                          = 2                                         {product} {ergonomic}
     uint ConcGCThreads                            = 1                                         {product} {ergonomic}
     uint G1ConcRefinementThreads                  = 2                                         {product} {ergonomic}
   size_t G1HeapRegionSize                         = 1048576                                   {product} {ergonomic}
    uintx GCDrainStackTargetSize                   = 64                                        {product} {ergonomic}
   size_t InitialHeapSize                          = 62914560                                  {product} {ergonomic}
   size_t MarkStackSize                            = 4194304                                   {product} {ergonomic}
   size_t MaxHeapSize                              = 2147483648                                {product} {command line}
   size_t MaxNewSize                               = 1287651328                                {product} {ergonomic}
   size_t MinHeapDeltaBytes                        = 1048576                                   {product} {ergonomic}
   size_t MinHeapSize                              = 8388608                                   {product} {ergonomic}
    uintx NonNMethodCodeHeapSize                   = 5826188                                {pd product} {ergonomic}
    uintx NonProfiledCodeHeapSize                  = 122916026                              {pd product} {ergonomic}
    uintx ProfiledCodeHeapSize                     = 122916026                              {pd product} {ergonomic}
    uintx ReservedCodeCacheSize                    = 251658240                              {pd product} {ergonomic}
     bool SegmentedCodeCache                       = true                                      {product} {ergonomic}
   size_t SoftMaxHeapSize                          = 2147483648                             {manageable} {ergonomic}
     bool UseCompressedClassPointers               = true                           {product lp64_product} {ergonomic}
     bool UseCompressedOops                        = true                           {product lp64_product} {ergonomic}
     bool UseG1GC                                  = true                                      {product} {ergonomic}
     bool UseLargePagesIndividualAllocation        = false                                  {pd product} {ergonomic}

Logging:
Log output configuration:
 #0: stdout all=warning uptime,level,tags
 #1: stderr all=off uptime,level,tags

Environment Variables:
JAVA_HOME=C:\Program Files\Android\Android Studio\jbr

PATH=C:\Program Files (x86)\Common Files\Oracle\Java\java8path;C:\Program Files (x86)\Common Files\Oracle\Java\javapath;C:\Python312\Scripts\;C:\Python312\;C:\Windows\system32;C:\Windows;C:\Windows\System32\Wbem;C:\Windows\System32\WindowsPowerShell\v1.0\;C:\Windows\System32\OpenSSH\;C:\Program Files\dotnet\;C:\Program Files\Microsoft VS Code\bin;C:\Program Files\Git\cmd;C:\ProgramData\chocolatey\bin;C:\Program Files\Android\Android Studio\jbr\bin;C:\Program Files\Java\jdk-23\bin;C:\cygwin64\bin;C:\Program Files\usbipd-win\;C:\xampp\php;C:\ProgramData\ComposerSetup\bin;C:\Users\Admin\AppData\Local\Microsoft\WindowsApps;C:\Users\Admin\AppData\Local\Programs\Microsoft VS Code\bin;C:\Users\Admin\AppData\Local\spicetify;C:\Users\Admin\AppData\Roaming\npm;C:\Program Files\PostgreSQL\17\bin;C:\Users\Admin\AppData\Roaming\Composer\vendor\bin;C:\adb;C:\xampp\mysql\bin;;c:\Users\Admin\AppData\Local\Programs\cursor\resources\app\bin;C:\Program Files\nodejs\;C:\Users\Admin\AppData\Roaming\Python\Python312\Scripts
USERNAME=Admin
OS=Windows_NT
PROCESSOR_IDENTIFIER=Intel64 Family 6 Model 122 Stepping 8, GenuineIntel
TMP=C:\Users\Admin\AppData\Local\Temp
TEMP=C:\Users\Admin\AppData\Local\Temp


JNI global refs:
JNI global refs: 24, weak refs: 1

JNI global refs memory usage: 843, weak refs: 841


---------------  S Y S T E M  ---------------

OS:
 Windows 11 , 64 bit Build 22621 (10.0.22621.5124)
OS uptime: 0 days 12:55 hours
Hyper-V role detected

CPU: total 2 (initial active 2) (2 cores per cpu, 1 threads per core) family 6 model 122 stepping 8 microcode 0x20, cx8, cmov, fxsr, mmx, 3dnowpref, sse, sse2, sse3, ssse3, sse4.1, sse4.2, popcnt, tsc, tscinvbit, aes, erms, clmul, sha, clflush, clflushopt, hv

Memory: 4k page, system-wide physical 3737M (628M free)
TotalPageFile size 9881M (AvailPageFile size 5M)
current process WorkingSet (physical memory assigned to process): 188M, peak: 311M
current process commit charge ("private bytes"): 469M, peak: 471M

vm_info: OpenJDK 64-Bit Server VM (17.0.6+0-b2043.56-10027231) for windows-amd64 JRE (17.0.6+0-b2043.56-10027231), built on Apr 28 2023 00:43:19 by "androidbuild" with MS VC++ 16.10 / 16.11 (VS2019)

END.
