#
# There is insufficient memory for the Java Runtime Environment to continue.
# Native memory allocation (mmap) failed to map 595591168 bytes for G1 virtual space
# Possible reasons:
#   The system is out of physical RAM or swap space
#   The process is running with CompressedOops enabled, and the Java Heap may be blocking the growth of the native heap
# Possible solutions:
#   Reduce memory load on the system
#   Increase physical memory or swap space
#   Check if swap backing store is full
#   Decrease Java heap size (-Xmx/-Xms)
#   Decrease number of Java threads
#   Decrease Java thread stack sizes (-Xss)
#   Set larger code cache with -XX:ReservedCodeCacheSize=
#   JVM is running with Unscaled Compressed Oops mode in which the Java heap is
#     placed in the first 4GB address space. The Java Heap base address is the
#     maximum limit for the native heap growth. Please use -XX:HeapBaseMinAddress
#     to set the Java Heap base and to place the Java Heap above 4GB virtual address.
# This output file may be truncated or incomplete.
#
#  Out of Memory Error (os_windows.cpp:3769), pid=4512, tid=2564
#
# JRE version: OpenJDK Runtime Environment (17.0.6) (build 17.0.6+0-b2043.56-10027231)
# Java VM: OpenJDK 64-Bit Server VM (17.0.6+0-b2043.56-10027231, mixed mode, tiered, compressed oops, compressed class ptrs, g1 gc, windows-amd64)
# No core dump will be written. Minidumps are not enabled by default on client versions of Windows
#

---------------  S U M M A R Y ------------

Command Line: --add-opens=java.base/java.util=ALL-UNNAMED --add-opens=java.base/java.lang=ALL-UNNAMED --add-opens=java.base/java.lang.invoke=ALL-UNNAMED --add-opens=java.prefs/java.util.prefs=ALL-UNNAMED --add-opens=java.base/java.nio.charset=ALL-UNNAMED --add-opens=java.base/java.net=ALL-UNNAMED --add-opens=java.base/java.util.concurrent.atomic=ALL-UNNAMED -Xmx2048m -Dfile.encoding=UTF-8 -Duser.country=US -Duser.language=en -Duser.variant -javaagent:C:\Program Files\Android\Android Studio\jbr\wrapper\dists\gradle-8.1.1-all\bs1rrjki8hh9bujwbsqnxtuzr\gradle-8.1.1\lib\agents\gradle-instrumentation-agent-8.1.1.jar org.gradle.launcher.daemon.bootstrap.GradleDaemon 8.1.1

Host: Intel(R) Celeron(R) N4020 CPU @ 1.10GHz, 2 cores, 3G,  Windows 11 , 64 bit Build 22621 (10.0.22621.4974)
Time: Sun Apr  6 23:58:22 2025 SE Asia Standard Time elapsed time: 297.250866 seconds (0d 0h 4m 57s)

---------------  T H R E A D  ---------------

Current thread (0x000000001c0751e0):  VMThread "VM Thread" [stack: 0x000000001c130000,0x000000001c230000] [id=2564]

Stack: [0x000000001c130000,0x000000001c230000]
Native frames: (J=compiled Java code, j=interpreted, Vv=VM code, C=native code)
V  [jvm.dll+0x683c9a]
V  [jvm.dll+0x8427a4]
V  [jvm.dll+0x843f9e]
V  [jvm.dll+0x844603]
V  [jvm.dll+0x249b75]
V  [jvm.dll+0x680b69]
V  [jvm.dll+0x67505a]
V  [jvm.dll+0x309acb]
V  [jvm.dll+0x310f86]
V  [jvm.dll+0x3608ee]
V  [jvm.dll+0x360b1f]
V  [jvm.dll+0x2dfbf8]
V  [jvm.dll+0x2ddec4]
V  [jvm.dll+0x2dd4cc]
V  [jvm.dll+0x321f3b]
V  [jvm.dll+0x848ccb]
V  [jvm.dll+0x849a04]
V  [jvm.dll+0x849f1d]
V  [jvm.dll+0x84a2f4]
V  [jvm.dll+0x84a3c0]
V  [jvm.dll+0x7f274a]
V  [jvm.dll+0x682ad5]
C  [ucrtbase.dll+0x29333]
C  [KERNEL32.DLL+0x1259d]
C  [ntdll.dll+0x5af38]

VM_Operation (0x0000000025efaca0): G1CollectForAllocation, mode: safepoint, requested by thread 0x00000000207fd8a0


---------------  P R O C E S S  ---------------

Threads class SMR info:
_java_thread_list=0x000000002978b3b0, length=49, elements={
0x0000000002a51640, 0x000000001c0ccde0, 0x000000001c0d0310, 0x000000001c106f00,
0x000000001c115d10, 0x000000001c119f80, 0x000000001c11a930, 0x000000001ce00f40,
0x000000001ce0ad90, 0x000000001ce26da0, 0x000000001ce80670, 0x000000001d0845e0,
0x000000001f0a4fb0, 0x000000001ffb3c30, 0x000000001fd89790, 0x000000001f864390,
0x000000001f8639f0, 0x000000001f864860, 0x000000001f865200, 0x000000001f8656d0,
0x00000000202a9060, 0x00000000202a86c0, 0x00000000202a4d00, 0x00000000202a6510,
0x00000000202a7380, 0x0000000022b77d70, 0x00000000207fb220, 0x00000000207fa880,
0x00000000207fe710, 0x00000000207febe0, 0x00000000266c8b00, 0x00000000266c7c90,
0x00000000266c3460, 0x00000000266c2120, 0x00000000266c6e20, 0x00000000266c3930,
0x00000000266c25f0, 0x00000000266c8630, 0x00000000266c5140, 0x00000000266c1780,
0x00000000266c42d0, 0x00000000266c3e00, 0x00000000266c47a0, 0x0000000020800d90,
0x00000000207f9ee0, 0x00000000208003f0, 0x00000000207fd8a0, 0x00000000207fdd70,
0x00000000207fe240
}

Java Threads: ( => current thread )
  0x0000000002a51640 JavaThread "main" [_thread_blocked, id=6860, stack(0x0000000002110000,0x0000000002210000)]
  0x000000001c0ccde0 JavaThread "Reference Handler" daemon [_thread_blocked, id=7976, stack(0x000000001c230000,0x000000001c330000)]
  0x000000001c0d0310 JavaThread "Finalizer" daemon [_thread_blocked, id=5216, stack(0x000000001cc00000,0x000000001cd00000)]
  0x000000001c106f00 JavaThread "Signal Dispatcher" daemon [_thread_blocked, id=7872, stack(0x000000001d200000,0x000000001d300000)]
  0x000000001c115d10 JavaThread "Attach Listener" daemon [_thread_blocked, id=7388, stack(0x000000001d300000,0x000000001d400000)]
  0x000000001c119f80 JavaThread "Service Thread" daemon [_thread_blocked, id=7392, stack(0x000000001d400000,0x000000001d500000)]
  0x000000001c11a930 JavaThread "Monitor Deflation Thread" daemon [_thread_blocked, id=3196, stack(0x000000001d500000,0x000000001d600000)]
  0x000000001ce00f40 JavaThread "C2 CompilerThread0" daemon [_thread_blocked, id=7668, stack(0x000000001d600000,0x000000001d700000)]
  0x000000001ce0ad90 JavaThread "C1 CompilerThread0" daemon [_thread_blocked, id=2492, stack(0x000000001d700000,0x000000001d800000)]
  0x000000001ce26da0 JavaThread "Sweeper thread" daemon [_thread_blocked, id=6184, stack(0x000000001d800000,0x000000001d900000)]
  0x000000001ce80670 JavaThread "Common-Cleaner" daemon [_thread_blocked, id=3324, stack(0x000000001d900000,0x000000001da00000)]
  0x000000001d0845e0 JavaThread "Notification Thread" daemon [_thread_blocked, id=8116, stack(0x000000001da00000,0x000000001db00000)]
  0x000000001f0a4fb0 JavaThread "Daemon health stats" [_thread_blocked, id=7040, stack(0x000000001e500000,0x000000001e600000)]
  0x000000001ffb3c30 JavaThread "Incoming local TCP Connector on port 49752" [_thread_in_native, id=7660, stack(0x000000001e600000,0x000000001e700000)]
  0x000000001fd89790 JavaThread "Daemon periodic checks" [_thread_blocked, id=7192, stack(0x000000001e700000,0x000000001e800000)]
  0x000000001f864390 JavaThread "Cache worker for journal cache (C:\Program Files\Android\Android Studio\jbr\caches\journal-1)" [_thread_blocked, id=7932, stack(0x0000000022500000,0x0000000022600000)]
  0x000000001f8639f0 JavaThread "File lock request listener" [_thread_in_native, id=3100, stack(0x00000000235d0000,0x00000000236d0000)]
  0x000000001f864860 JavaThread "Cache worker for file hash cache (C:\Program Files\Android\Android Studio\jbr\caches\8.1.1\fileHashes)" [_thread_blocked, id=7632, stack(0x00000000239d0000,0x0000000023ad0000)]
  0x000000001f865200 JavaThread "File watcher server" daemon [_thread_blocked, id=2152, stack(0x00000000236d0000,0x00000000237d0000)]
  0x000000001f8656d0 JavaThread "File watcher consumer" daemon [_thread_blocked, id=3696, stack(0x00000000237d0000,0x00000000238d0000)]
  0x00000000202a9060 JavaThread "Cache worker for file content cache (C:\Program Files\Android\Android Studio\jbr\caches\8.1.1\fileContent)" [_thread_blocked, id=1432, stack(0x0000000024400000,0x0000000024500000)]
  0x00000000202a86c0 JavaThread "Cache worker for execution history cache (C:\Program Files\Android\Android Studio\jbr\caches\8.1.1\executionHistory)" [_thread_blocked, id=7304, stack(0x0000000024700000,0x0000000024800000)]
  0x00000000202a4d00 JavaThread "jar transforms" [_thread_blocked, id=1860, stack(0x0000000024800000,0x0000000024900000)]
  0x00000000202a6510 JavaThread "jar transforms Thread 2" [_thread_blocked, id=5904, stack(0x0000000024a00000,0x0000000024b00000)]
  0x00000000202a7380 JavaThread "Cache worker for kotlin-dsl (C:\Program Files\Android\Android Studio\jbr\caches\8.1.1\kotlin-dsl)" [_thread_blocked, id=1904, stack(0x0000000024b00000,0x0000000024c00000)]
  0x0000000022b77d70 JavaThread "Memory manager" [_thread_blocked, id=7936, stack(0x0000000026000000,0x0000000026100000)]
  0x00000000207fb220 JavaThread "RMI Scheduler(0)" daemon [_thread_blocked, id=6940, stack(0x000000002dc20000,0x000000002dd20000)]
  0x00000000207fa880 JavaThread "RMI GC Daemon" daemon [_thread_blocked, id=6736, stack(0x000000002de20000,0x000000002df20000)]
  0x00000000207fe710 JavaThread "RMI TCP Accept-0" daemon [_thread_in_native, id=7320, stack(0x000000002df20000,0x000000002e020000)]
  0x00000000207febe0 JavaThread "RMI Reaper" [_thread_blocked, id=1060, stack(0x000000002e020000,0x000000002e120000)]
  0x00000000266c8b00 JavaThread "Daemon Thread 2" [_thread_blocked, id=1648, stack(0x0000000000620000,0x0000000000720000)]
  0x00000000266c7c90 JavaThread "Handler for socket connection from /127.0.0.1:49752 to /127.0.0.1:49772" [_thread_in_native, id=5060, stack(0x0000000000720000,0x0000000000820000)]
  0x00000000266c3460 JavaThread "Cancel handler" [_thread_blocked, id=7072, stack(0x0000000000820000,0x0000000000920000)]
  0x00000000266c2120 JavaThread "Daemon worker Thread 2" [_thread_blocked, id=1916, stack(0x0000000021430000,0x0000000021530000)]
  0x00000000266c6e20 JavaThread "Asynchronous log dispatcher for DefaultDaemonConnection: socket connection from /127.0.0.1:49752 to /127.0.0.1:49772" [_thread_blocked, id=7832, stack(0x0000000021530000,0x0000000021630000)]
  0x00000000266c3930 JavaThread "Stdin handler" [_thread_blocked, id=796, stack(0x0000000021630000,0x0000000021730000)]
  0x00000000266c25f0 JavaThread "Daemon client event forwarder" [_thread_blocked, id=3344, stack(0x0000000022000000,0x0000000022100000)]
  0x00000000266c8630 JavaThread "Cache worker for checksums cache (C:\Users\Admin\AndroidStudioProjects\kurirkilat\.gradle\8.1.1\checksums)" [_thread_blocked, id=6836, stack(0x0000000022200000,0x0000000022300000)]
  0x00000000266c5140 JavaThread "Cache worker for cache directory md-rule (C:\Program Files\Android\Android Studio\jbr\caches\8.1.1\md-rule)" [_thread_blocked, id=3192, stack(0x0000000022300000,0x0000000022400000)]
  0x00000000266c1780 JavaThread "Cache worker for file hash cache (C:\Users\Admin\AndroidStudioProjects\kurirkilat\.gradle\8.1.1\fileHashes)" [_thread_blocked, id=7380, stack(0x0000000022400000,0x0000000022500000)]
  0x00000000266c42d0 JavaThread "Cache worker for cache directory md-supplier (C:\Program Files\Android\Android Studio\jbr\caches\8.1.1\md-supplier)" [_thread_blocked, id=4296, stack(0x00000000238d0000,0x00000000239d0000)]
  0x00000000266c3e00 JavaThread "Cache worker for dependencies-accessors (C:\Users\Admin\AndroidStudioProjects\kurirkilat\.gradle\8.1.1\dependencies-accessors)" [_thread_blocked, id=7428, stack(0x0000000023ad0000,0x0000000023bd0000)]
  0x00000000266c47a0 JavaThread "Cache worker for Build Output Cleanup Cache (C:\Users\Admin\AndroidStudioProjects\kurirkilat\.gradle\buildOutputCleanup)" [_thread_blocked, id=2040, stack(0x0000000024500000,0x0000000024600000)]
  0x0000000020800d90 JavaThread "Unconstrained build operations" [_thread_blocked, id=1240, stack(0x0000000024600000,0x0000000024700000)]
  0x00000000207f9ee0 JavaThread "build event listener" [_thread_blocked, id=1372, stack(0x0000000025c00000,0x0000000025d00000)]
  0x00000000208003f0 JavaThread "included builds" [_thread_blocked, id=7960, stack(0x0000000025d00000,0x0000000025e00000)]
  0x00000000207fd8a0 JavaThread "Execution worker" [_thread_blocked, id=7956, stack(0x0000000025e00000,0x0000000025f00000)]
  0x00000000207fdd70 JavaThread "Cache worker for execution history cache (C:\Users\Admin\AndroidStudioProjects\kurirkilat\.gradle\8.1.1\executionHistory)" [_thread_blocked, id=3268, stack(0x0000000025f00000,0x0000000026000000)]
  0x00000000207fe240 JavaThread "Unconstrained build operations Thread 2" [_thread_blocked, id=1460, stack(0x0000000026100000,0x0000000026200000)]

Other Threads:
=>0x000000001c0751e0 VMThread "VM Thread" [stack: 0x000000001c130000,0x000000001c230000] [id=2564]
  0x000000001d01bc70 WatcherThread [stack: 0x000000001db00000,0x000000001dc00000] [id=7988]
  0x0000000002aae4b0 GCTaskThread "GC Thread#0" [stack: 0x0000000002690000,0x0000000002790000] [id=1772]
  0x000000001d1417f0 GCTaskThread "GC Thread#1" [stack: 0x000000001dc00000,0x000000001dd00000] [id=7584]
  0x0000000002abfb90 ConcurrentGCThread "G1 Main Marker" [stack: 0x0000000002790000,0x0000000002890000] [id=1308]
  0x0000000002ac05a0 ConcurrentGCThread "G1 Conc#0" [stack: 0x0000000002890000,0x0000000002990000] [id=5920]
  0x0000000002af2930 ConcurrentGCThread "G1 Refine#0" [stack: 0x000000001bd30000,0x000000001be30000] [id=6420]
  0x000000002027a930 ConcurrentGCThread "G1 Refine#1" [stack: 0x0000000024900000,0x0000000024a00000] [id=5764]
  0x0000000002af3350 ConcurrentGCThread "G1 Service" [stack: 0x000000001be30000,0x000000001bf30000] [id=1320]

Threads with active compile tasks:
C2 CompilerThread0   297333 19919       4       com.google.common.collect.LinkedListMultimap$NodeIterator::next (58 bytes)

VM state: at safepoint (normal execution)

VM Mutex/Monitor currently owned by a thread:  ([mutex/lock_event])
[0x0000000002a4c1b0] Threads_lock - owner thread: 0x000000001c0751e0
[0x0000000002a4d7a0] Heap_lock - owner thread: 0x00000000207fd8a0

Heap address: 0x0000000080000000, size: 2048 MB, Compressed Oops mode: 32-bit

CDS archive(s) not mapped
Compressed class space mapped at: 0x0000000100000000-0x0000000140000000, reserved size: 1073741824
Narrow klass base: 0x0000000000000000, Narrow klass shift: 3, Narrow klass range: 0x140000000

GC Precious Log:
 CPUs: 2 total, 2 available
 Memory: 3737M
 Large Page Support: Disabled
 NUMA Support: Disabled
 Compressed Oops: Enabled (32-bit)
 Heap Region Size: 1M
 Heap Min Capacity: 8M
 Heap Initial Capacity: 60M
 Heap Max Capacity: 2G
 Pre-touch: Disabled
 Parallel Workers: 2
 Concurrent Workers: 1
 Concurrent Refinement Workers: 2
 Periodic GC: Disabled

Heap:
 garbage-first heap   total 290816K, used 165888K [0x0000000080000000, 0x0000000100000000)
  region size 1024K, 2 young (2048K), 2 survivors (2048K)
 Metaspace       used 132177K, committed 133120K, reserved 1171456K
  class space    used 17775K, committed 18240K, reserved 1048576K

Heap Regions: E=young(eden), S=young(survivor), O=old, HS=humongous(starts), HC=humongous(continues), CS=collection set, F=free, OA=open archive, CA=closed archive, TAMS=top-at-mark-start (previous, next)
|   0|0x0000000080000000, 0x0000000080100000, 0x0000000080100000|100%| O|  |TAMS 0x0000000080100000, 0x0000000080000000| Untracked 
|   1|0x0000000080100000, 0x0000000080200000, 0x0000000080200000|100%| O|  |TAMS 0x0000000080200000, 0x0000000080100000| Untracked 
|   2|0x0000000080200000, 0x0000000080300000, 0x0000000080300000|100%|HS|  |TAMS 0x0000000080300000, 0x0000000080200000| Complete 
|   3|0x0000000080300000, 0x0000000080400000, 0x0000000080400000|100%|HC|  |TAMS 0x0000000080400000, 0x0000000080300000| Complete 
|   4|0x0000000080400000, 0x0000000080500000, 0x0000000080500000|100%|HC|  |TAMS 0x0000000080500000, 0x0000000080400000| Complete 
|   5|0x0000000080500000, 0x0000000080600000, 0x0000000080600000|100%|HC|  |TAMS 0x0000000080600000, 0x0000000080500000| Complete 
|   6|0x0000000080600000, 0x0000000080700000, 0x0000000080700000|100%| O|  |TAMS 0x0000000080700000, 0x0000000080600000| Untracked 
|   7|0x0000000080700000, 0x0000000080800000, 0x0000000080800000|100%| O|  |TAMS 0x0000000080800000, 0x0000000080700000| Untracked 
|   8|0x0000000080800000, 0x0000000080900000, 0x0000000080900000|100%| O|  |TAMS 0x0000000080900000, 0x0000000080800000| Untracked 
|   9|0x0000000080900000, 0x0000000080a00000, 0x0000000080a00000|100%| O|  |TAMS 0x0000000080a00000, 0x0000000080900000| Untracked 
|  10|0x0000000080a00000, 0x0000000080b00000, 0x0000000080b00000|100%| O|  |TAMS 0x0000000080b00000, 0x0000000080a00000| Untracked 
|  11|0x0000000080b00000, 0x0000000080c00000, 0x0000000080c00000|100%| O|  |TAMS 0x0000000080c00000, 0x0000000080b00000| Untracked 
|  12|0x0000000080c00000, 0x0000000080d00000, 0x0000000080d00000|100%| O|  |TAMS 0x0000000080d00000, 0x0000000080c00000| Untracked 
|  13|0x0000000080d00000, 0x0000000080e00000, 0x0000000080e00000|100%| O|  |TAMS 0x0000000080e00000, 0x0000000080d00000| Untracked 
|  14|0x0000000080e00000, 0x0000000080f00000, 0x0000000080f00000|100%| O|  |TAMS 0x0000000080f00000, 0x0000000080e00000| Untracked 
|  15|0x0000000080f00000, 0x0000000081000000, 0x0000000081000000|100%| O|  |TAMS 0x0000000081000000, 0x0000000080f00000| Untracked 
|  16|0x0000000081000000, 0x0000000081100000, 0x0000000081100000|100%| O|  |TAMS 0x0000000081100000, 0x0000000081000000| Untracked 
|  17|0x0000000081100000, 0x0000000081200000, 0x0000000081200000|100%| O|  |TAMS 0x0000000081200000, 0x0000000081100000| Untracked 
|  18|0x0000000081200000, 0x0000000081300000, 0x0000000081300000|100%| O|  |TAMS 0x0000000081300000, 0x0000000081200000| Untracked 
|  19|0x0000000081300000, 0x0000000081400000, 0x0000000081400000|100%| O|  |TAMS 0x0000000081400000, 0x0000000081300000| Untracked 
|  20|0x0000000081400000, 0x0000000081500000, 0x0000000081500000|100%| O|  |TAMS 0x0000000081500000, 0x0000000081400000| Untracked 
|  21|0x0000000081500000, 0x0000000081600000, 0x0000000081600000|100%| O|  |TAMS 0x0000000081600000, 0x0000000081500000| Untracked 
|  22|0x0000000081600000, 0x0000000081700000, 0x0000000081700000|100%| O|  |TAMS 0x0000000081700000, 0x0000000081600000| Untracked 
|  23|0x0000000081700000, 0x0000000081800000, 0x0000000081800000|100%| O|  |TAMS 0x0000000081800000, 0x0000000081700000| Untracked 
|  24|0x0000000081800000, 0x0000000081900000, 0x0000000081900000|100%|HS|  |TAMS 0x0000000081900000, 0x0000000081800000| Complete 
|  25|0x0000000081900000, 0x0000000081a00000, 0x0000000081a00000|100%| O|  |TAMS 0x0000000081a00000, 0x0000000081900000| Untracked 
|  26|0x0000000081a00000, 0x0000000081b00000, 0x0000000081b00000|100%| O|  |TAMS 0x0000000081b00000, 0x0000000081a00000| Untracked 
|  27|0x0000000081b00000, 0x0000000081c00000, 0x0000000081c00000|100%| O|  |TAMS 0x0000000081c00000, 0x0000000081b00000| Untracked 
|  28|0x0000000081c00000, 0x0000000081d00000, 0x0000000081d00000|100%| O|  |TAMS 0x0000000081d00000, 0x0000000081c00000| Untracked 
|  29|0x0000000081d00000, 0x0000000081e00000, 0x0000000081e00000|100%| O|  |TAMS 0x0000000081e00000, 0x0000000081d00000| Untracked 
|  30|0x0000000081e00000, 0x0000000081f00000, 0x0000000081f00000|100%| O|  |TAMS 0x0000000081f00000, 0x0000000081e00000| Untracked 
|  31|0x0000000081f00000, 0x0000000082000000, 0x0000000082000000|100%| O|  |TAMS 0x0000000082000000, 0x0000000081f00000| Untracked 
|  32|0x0000000082000000, 0x0000000082100000, 0x0000000082100000|100%| O|  |TAMS 0x0000000082100000, 0x0000000082000000| Untracked 
|  33|0x0000000082100000, 0x0000000082200000, 0x0000000082200000|100%|HS|  |TAMS 0x0000000082200000, 0x0000000082100000| Complete 
|  34|0x0000000082200000, 0x0000000082300000, 0x0000000082300000|100%|HS|  |TAMS 0x0000000082300000, 0x0000000082200000| Complete 
|  35|0x0000000082300000, 0x0000000082400000, 0x0000000082400000|100%|HS|  |TAMS 0x0000000082400000, 0x0000000082300000| Complete 
|  36|0x0000000082400000, 0x0000000082500000, 0x0000000082500000|100%|HC|  |TAMS 0x0000000082500000, 0x0000000082400000| Complete 
|  37|0x0000000082500000, 0x0000000082600000, 0x0000000082600000|100%|HS|  |TAMS 0x0000000082600000, 0x0000000082500000| Complete 
|  38|0x0000000082600000, 0x0000000082700000, 0x0000000082700000|100%|HC|  |TAMS 0x0000000082700000, 0x0000000082600000| Complete 
|  39|0x0000000082700000, 0x0000000082800000, 0x0000000082800000|100%| O|  |TAMS 0x0000000082800000, 0x0000000082700000| Untracked 
|  40|0x0000000082800000, 0x0000000082900000, 0x0000000082900000|100%| O|  |TAMS 0x0000000082900000, 0x0000000082800000| Untracked 
|  41|0x0000000082900000, 0x0000000082a00000, 0x0000000082a00000|100%| O|  |TAMS 0x0000000082a00000, 0x0000000082900000| Untracked 
|  42|0x0000000082a00000, 0x0000000082b00000, 0x0000000082b00000|100%|HS|  |TAMS 0x0000000082b00000, 0x0000000082a00000| Complete 
|  43|0x0000000082b00000, 0x0000000082c00000, 0x0000000082c00000|100%|HC|  |TAMS 0x0000000082c00000, 0x0000000082b00000| Complete 
|  44|0x0000000082c00000, 0x0000000082d00000, 0x0000000082d00000|100%|HC|  |TAMS 0x0000000082d00000, 0x0000000082c00000| Complete 
|  45|0x0000000082d00000, 0x0000000082e00000, 0x0000000082e00000|100%|HC|  |TAMS 0x0000000082e00000, 0x0000000082d00000| Complete 
|  46|0x0000000082e00000, 0x0000000082f00000, 0x0000000082f00000|100%|HS|  |TAMS 0x0000000082f00000, 0x0000000082e00000| Complete 
|  47|0x0000000082f00000, 0x0000000083000000, 0x0000000083000000|100%| O|  |TAMS 0x0000000083000000, 0x0000000082f00000| Untracked 
|  48|0x0000000083000000, 0x0000000083100000, 0x0000000083100000|100%| O|  |TAMS 0x0000000083100000, 0x0000000083000000| Untracked 
|  49|0x0000000083100000, 0x0000000083200000, 0x0000000083200000|100%| O|  |TAMS 0x0000000083200000, 0x0000000083100000| Untracked 
|  50|0x0000000083200000, 0x0000000083300000, 0x0000000083300000|100%| O|  |TAMS 0x0000000083300000, 0x0000000083200000| Untracked 
|  51|0x0000000083300000, 0x0000000083400000, 0x0000000083400000|100%| O|  |TAMS 0x0000000083400000, 0x0000000083300000| Untracked 
|  52|0x0000000083400000, 0x0000000083500000, 0x0000000083500000|100%| O|  |TAMS 0x0000000083500000, 0x0000000083400000| Untracked 
|  53|0x0000000083500000, 0x0000000083600000, 0x0000000083600000|100%| O|  |TAMS 0x0000000083600000, 0x0000000083500000| Untracked 
|  54|0x0000000083600000, 0x0000000083700000, 0x0000000083700000|100%| O|  |TAMS 0x0000000083700000, 0x0000000083600000| Untracked 
|  55|0x0000000083700000, 0x0000000083800000, 0x0000000083800000|100%| O|  |TAMS 0x0000000083800000, 0x0000000083700000| Untracked 
|  56|0x0000000083800000, 0x0000000083900000, 0x0000000083900000|100%| O|  |TAMS 0x0000000083900000, 0x0000000083800000| Untracked 
|  57|0x0000000083900000, 0x0000000083a00000, 0x0000000083a00000|100%| O|  |TAMS 0x0000000083a00000, 0x0000000083900000| Untracked 
|  58|0x0000000083a00000, 0x0000000083b00000, 0x0000000083b00000|100%| O|  |TAMS 0x0000000083b00000, 0x0000000083a00000| Untracked 
|  59|0x0000000083b00000, 0x0000000083c00000, 0x0000000083c00000|100%| O|  |TAMS 0x0000000083c00000, 0x0000000083b00000| Untracked 
|  60|0x0000000083c00000, 0x0000000083d00000, 0x0000000083d00000|100%| O|  |TAMS 0x0000000083d00000, 0x0000000083c00000| Untracked 
|  61|0x0000000083d00000, 0x0000000083e00000, 0x0000000083e00000|100%| O|  |TAMS 0x0000000083e00000, 0x0000000083d00000| Untracked 
|  62|0x0000000083e00000, 0x0000000083f00000, 0x0000000083f00000|100%| O|  |TAMS 0x0000000083f00000, 0x0000000083e00000| Untracked 
|  63|0x0000000083f00000, 0x0000000084000000, 0x0000000084000000|100%| O|  |TAMS 0x0000000084000000, 0x0000000083f00000| Untracked 
|  64|0x0000000084000000, 0x0000000084100000, 0x0000000084100000|100%|HS|  |TAMS 0x0000000084100000, 0x0000000084000000| Complete 
|  65|0x0000000084100000, 0x0000000084200000, 0x0000000084200000|100%|HC|  |TAMS 0x0000000084200000, 0x0000000084100000| Complete 
|  66|0x0000000084200000, 0x0000000084300000, 0x0000000084300000|100%|HC|  |TAMS 0x0000000084300000, 0x0000000084200000| Complete 
|  67|0x0000000084300000, 0x0000000084400000, 0x0000000084400000|100%|HC|  |TAMS 0x0000000084400000, 0x0000000084300000| Complete 
|  68|0x0000000084400000, 0x0000000084500000, 0x0000000084500000|100%| O|  |TAMS 0x0000000084500000, 0x0000000084400000| Untracked 
|  69|0x0000000084500000, 0x0000000084600000, 0x0000000084600000|100%| O|  |TAMS 0x0000000084600000, 0x0000000084500000| Untracked 
|  70|0x0000000084600000, 0x0000000084700000, 0x0000000084700000|100%| O|  |TAMS 0x0000000084700000, 0x0000000084600000| Untracked 
|  71|0x0000000084700000, 0x0000000084800000, 0x0000000084800000|100%| O|  |TAMS 0x0000000084800000, 0x0000000084700000| Untracked 
|  72|0x0000000084800000, 0x0000000084900000, 0x0000000084900000|100%| O|  |TAMS 0x0000000084900000, 0x0000000084800000| Untracked 
|  73|0x0000000084900000, 0x0000000084a00000, 0x0000000084a00000|100%| O|  |TAMS 0x0000000084a00000, 0x0000000084900000| Untracked 
|  74|0x0000000084a00000, 0x0000000084b00000, 0x0000000084b00000|100%| O|  |TAMS 0x0000000084b00000, 0x0000000084a00000| Untracked 
|  75|0x0000000084b00000, 0x0000000084c00000, 0x0000000084c00000|100%| O|  |TAMS 0x0000000084c00000, 0x0000000084b00000| Untracked 
|  76|0x0000000084c00000, 0x0000000084d00000, 0x0000000084d00000|100%| O|  |TAMS 0x0000000084d00000, 0x0000000084c00000| Untracked 
|  77|0x0000000084d00000, 0x0000000084e00000, 0x0000000084e00000|100%| O|  |TAMS 0x0000000084e00000, 0x0000000084d00000| Untracked 
|  78|0x0000000084e00000, 0x0000000084f00000, 0x0000000084f00000|100%| O|  |TAMS 0x0000000084f00000, 0x0000000084e00000| Untracked 
|  79|0x0000000084f00000, 0x0000000085000000, 0x0000000085000000|100%| O|  |TAMS 0x0000000085000000, 0x0000000084f00000| Untracked 
|  80|0x0000000085000000, 0x0000000085100000, 0x0000000085100000|100%| O|  |TAMS 0x0000000085100000, 0x0000000085000000| Untracked 
|  81|0x0000000085100000, 0x0000000085200000, 0x0000000085200000|100%| O|  |TAMS 0x0000000085200000, 0x0000000085100000| Untracked 
|  82|0x0000000085200000, 0x0000000085300000, 0x0000000085300000|100%| O|  |TAMS 0x0000000085300000, 0x0000000085200000| Untracked 
|  83|0x0000000085300000, 0x0000000085400000, 0x0000000085400000|100%| O|  |TAMS 0x0000000085400000, 0x0000000085300000| Untracked 
|  84|0x0000000085400000, 0x0000000085500000, 0x0000000085500000|100%| O|  |TAMS 0x0000000085500000, 0x0000000085400000| Untracked 
|  85|0x0000000085500000, 0x0000000085600000, 0x0000000085600000|100%| O|  |TAMS 0x0000000085600000, 0x0000000085500000| Untracked 
|  86|0x0000000085600000, 0x0000000085700000, 0x0000000085700000|100%| O|  |TAMS 0x0000000085700000, 0x0000000085600000| Untracked 
|  87|0x0000000085700000, 0x0000000085800000, 0x0000000085800000|100%| O|  |TAMS 0x0000000085800000, 0x0000000085700000| Untracked 
|  88|0x0000000085800000, 0x0000000085900000, 0x0000000085900000|100%| O|  |TAMS 0x0000000085900000, 0x0000000085800000| Untracked 
|  89|0x0000000085900000, 0x0000000085a00000, 0x0000000085a00000|100%| O|  |TAMS 0x0000000085900000, 0x0000000085900000| Untracked 
|  90|0x0000000085a00000, 0x0000000085b00000, 0x0000000085b00000|100%| O|  |TAMS 0x0000000085a00000, 0x0000000085a00000| Untracked 
|  91|0x0000000085b00000, 0x0000000085c00000, 0x0000000085c00000|100%| O|  |TAMS 0x0000000085b00000, 0x0000000085b00000| Untracked 
|  92|0x0000000085c00000, 0x0000000085d00000, 0x0000000085d00000|100%| O|  |TAMS 0x0000000085d00000, 0x0000000085c00000| Untracked 
|  93|0x0000000085d00000, 0x0000000085e00000, 0x0000000085e00000|100%| O|  |TAMS 0x0000000085e00000, 0x0000000085d00000| Untracked 
|  94|0x0000000085e00000, 0x0000000085f00000, 0x0000000085f00000|100%| O|  |TAMS 0x0000000085f00000, 0x0000000085e00000| Untracked 
|  95|0x0000000085f00000, 0x0000000086000000, 0x0000000086000000|100%| O|  |TAMS 0x0000000086000000, 0x0000000085f00000| Untracked 
|  96|0x0000000086000000, 0x0000000086100000, 0x0000000086100000|100%| O|  |TAMS 0x0000000086100000, 0x0000000086000000| Untracked 
|  97|0x0000000086100000, 0x0000000086200000, 0x0000000086200000|100%| O|  |TAMS 0x0000000086200000, 0x0000000086100000| Untracked 
|  98|0x0000000086200000, 0x0000000086300000, 0x0000000086300000|100%| O|  |TAMS 0x0000000086300000, 0x0000000086200000| Untracked 
|  99|0x0000000086300000, 0x0000000086400000, 0x0000000086400000|100%| O|  |TAMS 0x0000000086400000, 0x0000000086300000| Untracked 
| 100|0x0000000086400000, 0x0000000086500000, 0x0000000086500000|100%| O|  |TAMS 0x0000000086500000, 0x0000000086400000| Untracked 
| 101|0x0000000086500000, 0x0000000086600000, 0x0000000086600000|100%| O|  |TAMS 0x0000000086600000, 0x0000000086500000| Untracked 
| 102|0x0000000086600000, 0x0000000086700000, 0x0000000086700000|100%| O|  |TAMS 0x0000000086700000, 0x0000000086600000| Untracked 
| 103|0x0000000086700000, 0x0000000086800000, 0x0000000086800000|100%| O|  |TAMS 0x0000000086800000, 0x0000000086700000| Untracked 
| 104|0x0000000086800000, 0x0000000086900000, 0x0000000086900000|100%| O|  |TAMS 0x0000000086900000, 0x0000000086800000| Untracked 
| 105|0x0000000086900000, 0x0000000086a00000, 0x0000000086a00000|100%| O|  |TAMS 0x0000000086a00000, 0x0000000086900000| Untracked 
| 106|0x0000000086a00000, 0x0000000086b00000, 0x0000000086b00000|100%| O|  |TAMS 0x0000000086b00000, 0x0000000086a00000| Untracked 
| 107|0x0000000086b00000, 0x0000000086c00000, 0x0000000086c00000|100%| O|  |TAMS 0x0000000086c00000, 0x0000000086b00000| Untracked 
| 108|0x0000000086c00000, 0x0000000086d00000, 0x0000000086d00000|100%| O|  |TAMS 0x0000000086d00000, 0x0000000086c00000| Untracked 
| 109|0x0000000086d00000, 0x0000000086e00000, 0x0000000086e00000|100%| O|  |TAMS 0x0000000086e00000, 0x0000000086d00000| Untracked 
| 110|0x0000000086e00000, 0x0000000086f00000, 0x0000000086f00000|100%| O|  |TAMS 0x0000000086f00000, 0x0000000086e00000| Untracked 
| 111|0x0000000086f00000, 0x0000000087000000, 0x0000000087000000|100%| O|  |TAMS 0x0000000087000000, 0x0000000086f00000| Untracked 
| 112|0x0000000087000000, 0x0000000087100000, 0x0000000087100000|100%| O|  |TAMS 0x0000000087100000, 0x0000000087000000| Untracked 
| 113|0x0000000087100000, 0x0000000087200000, 0x0000000087200000|100%| O|  |TAMS 0x0000000087200000, 0x0000000087100000| Untracked 
| 114|0x0000000087200000, 0x0000000087300000, 0x0000000087300000|100%| O|  |TAMS 0x0000000087200000, 0x0000000087200000| Untracked 
| 115|0x0000000087300000, 0x0000000087400000, 0x0000000087400000|100%| O|  |TAMS 0x0000000087400000, 0x0000000087300000| Untracked 
| 116|0x0000000087400000, 0x0000000087500000, 0x0000000087500000|100%| O|  |TAMS 0x0000000087500000, 0x0000000087400000| Untracked 
| 117|0x0000000087500000, 0x0000000087600000, 0x0000000087600000|100%| O|  |TAMS 0x0000000087600000, 0x0000000087500000| Untracked 
| 118|0x0000000087600000, 0x0000000087700000, 0x0000000087700000|100%| O|  |TAMS 0x0000000087700000, 0x0000000087600000| Untracked 
| 119|0x0000000087700000, 0x0000000087800000, 0x0000000087800000|100%| O|  |TAMS 0x0000000087800000, 0x0000000087700000| Untracked 
| 120|0x0000000087800000, 0x0000000087900000, 0x0000000087900000|100%| O|  |TAMS 0x0000000087800000, 0x0000000087800000| Untracked 
| 121|0x0000000087900000, 0x0000000087a00000, 0x0000000087a00000|100%| O|  |TAMS 0x0000000087900000, 0x0000000087900000| Untracked 
| 122|0x0000000087a00000, 0x0000000087b00000, 0x0000000087b00000|100%| O|  |TAMS 0x0000000087b00000, 0x0000000087a00000| Untracked 
| 123|0x0000000087b00000, 0x0000000087c00000, 0x0000000087c00000|100%| O|  |TAMS 0x0000000087c00000, 0x0000000087b00000| Untracked 
| 124|0x0000000087c00000, 0x0000000087d00000, 0x0000000087d00000|100%| O|  |TAMS 0x0000000087d00000, 0x0000000087c00000| Untracked 
| 125|0x0000000087d00000, 0x0000000087e00000, 0x0000000087e00000|100%| O|  |TAMS 0x0000000087e00000, 0x0000000087d00000| Untracked 
| 126|0x0000000087e00000, 0x0000000087f00000, 0x0000000087f00000|100%| O|  |TAMS 0x0000000087e00000, 0x0000000087e00000| Untracked 
| 127|0x0000000087f00000, 0x0000000088000000, 0x0000000088000000|100%| O|  |TAMS 0x0000000088000000, 0x0000000087f00000| Untracked 
| 128|0x0000000088000000, 0x0000000088100000, 0x0000000088100000|100%| O|  |TAMS 0x0000000088100000, 0x0000000088000000| Untracked 
| 129|0x0000000088100000, 0x0000000088200000, 0x0000000088200000|100%| O|  |TAMS 0x0000000088200000, 0x0000000088100000| Untracked 
| 130|0x0000000088200000, 0x0000000088300000, 0x0000000088300000|100%| O|  |TAMS 0x0000000088300000, 0x0000000088200000| Untracked 
| 131|0x0000000088300000, 0x0000000088400000, 0x0000000088400000|100%| O|  |TAMS 0x0000000088400000, 0x0000000088300000| Untracked 
| 132|0x0000000088400000, 0x0000000088500000, 0x0000000088500000|100%| O|  |TAMS 0x0000000088500000, 0x0000000088400000| Untracked 
| 133|0x0000000088500000, 0x0000000088600000, 0x0000000088600000|100%| O|  |TAMS 0x0000000088600000, 0x0000000088500000| Untracked 
| 134|0x0000000088600000, 0x0000000088700000, 0x0000000088700000|100%| O|  |TAMS 0x0000000088700000, 0x0000000088600000| Untracked 
| 135|0x0000000088700000, 0x0000000088800000, 0x0000000088800000|100%| O|  |TAMS 0x0000000088800000, 0x0000000088700000| Untracked 
| 136|0x0000000088800000, 0x0000000088900000, 0x0000000088900000|100%| O|  |TAMS 0x000000008886da00, 0x0000000088800000| Untracked 
| 137|0x0000000088900000, 0x0000000088a00000, 0x0000000088a00000|100%| O|  |TAMS 0x0000000088900000, 0x0000000088900000| Untracked 
| 138|0x0000000088a00000, 0x0000000088b00000, 0x0000000088b00000|100%| O|  |TAMS 0x0000000088a00000, 0x0000000088a00000| Untracked 
| 139|0x0000000088b00000, 0x0000000088c00000, 0x0000000088c00000|100%| O|  |TAMS 0x0000000088b00000, 0x0000000088b00000| Untracked 
| 140|0x0000000088c00000, 0x0000000088d00000, 0x0000000088d00000|100%| O|  |TAMS 0x0000000088c00000, 0x0000000088c00000| Untracked 
| 141|0x0000000088d00000, 0x0000000088e00000, 0x0000000088e00000|100%| O|  |TAMS 0x0000000088d00000, 0x0000000088d00000| Untracked 
| 142|0x0000000088e00000, 0x0000000088f00000, 0x0000000088f00000|100%| O|  |TAMS 0x0000000088e00000, 0x0000000088e00000| Untracked 
| 143|0x0000000088f00000, 0x0000000089000000, 0x0000000089000000|100%| O|  |TAMS 0x0000000088f00000, 0x0000000088f00000| Untracked 
| 144|0x0000000089000000, 0x0000000089100000, 0x0000000089100000|100%| O|  |TAMS 0x0000000089000000, 0x0000000089000000| Untracked 
| 145|0x0000000089100000, 0x0000000089200000, 0x0000000089200000|100%| O|  |TAMS 0x0000000089100000, 0x0000000089100000| Untracked 
| 146|0x0000000089200000, 0x0000000089300000, 0x0000000089300000|100%| O|  |TAMS 0x0000000089200000, 0x0000000089200000| Untracked 
| 147|0x0000000089300000, 0x0000000089400000, 0x0000000089400000|100%| O|  |TAMS 0x0000000089300000, 0x0000000089300000| Untracked 
| 148|0x0000000089400000, 0x0000000089500000, 0x0000000089500000|100%| O|  |TAMS 0x0000000089400000, 0x0000000089400000| Untracked 
| 149|0x0000000089500000, 0x0000000089600000, 0x0000000089600000|100%| O|  |TAMS 0x0000000089500000, 0x0000000089500000| Untracked 
| 150|0x0000000089600000, 0x0000000089700000, 0x0000000089700000|100%| O|  |TAMS 0x0000000089600000, 0x0000000089600000| Untracked 
| 151|0x0000000089700000, 0x0000000089800000, 0x0000000089800000|100%| O|  |TAMS 0x0000000089700000, 0x0000000089700000| Untracked 
| 152|0x0000000089800000, 0x0000000089900000, 0x0000000089900000|100%| O|  |TAMS 0x0000000089800000, 0x0000000089800000| Untracked 
| 153|0x0000000089900000, 0x0000000089a00000, 0x0000000089a00000|100%| O|  |TAMS 0x0000000089900000, 0x0000000089900000| Untracked 
| 154|0x0000000089a00000, 0x0000000089b00000, 0x0000000089b00000|100%| O|  |TAMS 0x0000000089a00000, 0x0000000089a00000| Untracked 
| 155|0x0000000089b00000, 0x0000000089c00000, 0x0000000089c00000|100%| O|  |TAMS 0x0000000089b00000, 0x0000000089b00000| Untracked 
| 156|0x0000000089c00000, 0x0000000089d00000, 0x0000000089d00000|100%| O|  |TAMS 0x0000000089c00000, 0x0000000089c00000| Untracked 
| 157|0x0000000089d00000, 0x0000000089e00000, 0x0000000089e00000|100%| O|  |TAMS 0x0000000089d00000, 0x0000000089d00000| Untracked 
| 158|0x0000000089e00000, 0x0000000089f00000, 0x0000000089f00000|100%| O|  |TAMS 0x0000000089f00000, 0x0000000089e00000| Untracked 
| 159|0x0000000089f00000, 0x000000008a000000, 0x000000008a000000|100%| O|  |TAMS 0x000000008a000000, 0x0000000089f00000| Untracked 
| 160|0x000000008a000000, 0x000000008a000000, 0x000000008a100000|  0%| F|  |TAMS 0x000000008a000000, 0x000000008a000000| Untracked 
| 161|0x000000008a100000, 0x000000008a100000, 0x000000008a200000|  0%| F|  |TAMS 0x000000008a100000, 0x000000008a100000| Untracked 
| 162|0x000000008a200000, 0x000000008a200000, 0x000000008a300000|  0%| F|  |TAMS 0x000000008a200000, 0x000000008a200000| Untracked 
| 163|0x000000008a300000, 0x000000008a300000, 0x000000008a400000|  0%| F|  |TAMS 0x000000008a300000, 0x000000008a300000| Untracked 
| 164|0x000000008a400000, 0x000000008a400000, 0x000000008a500000|  0%| F|  |TAMS 0x000000008a400000, 0x000000008a400000| Untracked 
| 165|0x000000008a500000, 0x000000008a500000, 0x000000008a600000|  0%| F|  |TAMS 0x000000008a500000, 0x000000008a500000| Untracked 
| 166|0x000000008a600000, 0x000000008a600000, 0x000000008a700000|  0%| F|  |TAMS 0x000000008a600000, 0x000000008a600000| Untracked 
| 167|0x000000008a700000, 0x000000008a700000, 0x000000008a800000|  0%| F|  |TAMS 0x000000008a700000, 0x000000008a700000| Untracked 
| 168|0x000000008a800000, 0x000000008a800000, 0x000000008a900000|  0%| F|  |TAMS 0x000000008a800000, 0x000000008a800000| Untracked 
| 169|0x000000008a900000, 0x000000008a900000, 0x000000008aa00000|  0%| F|  |TAMS 0x000000008a900000, 0x000000008a900000| Untracked 
| 170|0x000000008aa00000, 0x000000008aa00000, 0x000000008ab00000|  0%| F|  |TAMS 0x000000008aa00000, 0x000000008aa00000| Untracked 
| 171|0x000000008ab00000, 0x000000008ab00000, 0x000000008ac00000|  0%| F|  |TAMS 0x000000008ab00000, 0x000000008ab00000| Untracked 
| 172|0x000000008ac00000, 0x000000008ac00000, 0x000000008ad00000|  0%| F|  |TAMS 0x000000008ac00000, 0x000000008ac00000| Untracked 
| 173|0x000000008ad00000, 0x000000008ad00000, 0x000000008ae00000|  0%| F|  |TAMS 0x000000008ad00000, 0x000000008ad00000| Untracked 
| 174|0x000000008ae00000, 0x000000008ae00000, 0x000000008af00000|  0%| F|  |TAMS 0x000000008ae00000, 0x000000008ae00000| Untracked 
| 175|0x000000008af00000, 0x000000008af00000, 0x000000008b000000|  0%| F|  |TAMS 0x000000008af00000, 0x000000008af00000| Untracked 
| 176|0x000000008b000000, 0x000000008b000000, 0x000000008b100000|  0%| F|  |TAMS 0x000000008b000000, 0x000000008b000000| Untracked 
| 177|0x000000008b100000, 0x000000008b100000, 0x000000008b200000|  0%| F|  |TAMS 0x000000008b100000, 0x000000008b100000| Untracked 
| 178|0x000000008b200000, 0x000000008b200000, 0x000000008b300000|  0%| F|  |TAMS 0x000000008b200000, 0x000000008b200000| Untracked 
| 179|0x000000008b300000, 0x000000008b300000, 0x000000008b400000|  0%| F|  |TAMS 0x000000008b300000, 0x000000008b300000| Untracked 
| 180|0x000000008b400000, 0x000000008b400000, 0x000000008b500000|  0%| F|  |TAMS 0x000000008b400000, 0x000000008b400000| Untracked 
| 181|0x000000008b500000, 0x000000008b500000, 0x000000008b600000|  0%| F|  |TAMS 0x000000008b500000, 0x000000008b500000| Untracked 
| 182|0x000000008b600000, 0x000000008b600000, 0x000000008b700000|  0%| F|  |TAMS 0x000000008b600000, 0x000000008b600000| Untracked 
| 183|0x000000008b700000, 0x000000008b700000, 0x000000008b800000|  0%| F|  |TAMS 0x000000008b700000, 0x000000008b700000| Untracked 
| 184|0x000000008b800000, 0x000000008b800000, 0x000000008b900000|  0%| F|  |TAMS 0x000000008b800000, 0x000000008b800000| Untracked 
| 185|0x000000008b900000, 0x000000008b900000, 0x000000008ba00000|  0%| F|  |TAMS 0x000000008b900000, 0x000000008b900000| Untracked 
| 186|0x000000008ba00000, 0x000000008ba00000, 0x000000008bb00000|  0%| F|  |TAMS 0x000000008ba00000, 0x000000008ba00000| Untracked 
| 187|0x000000008bb00000, 0x000000008bb00000, 0x000000008bc00000|  0%| F|  |TAMS 0x000000008bb00000, 0x000000008bb00000| Untracked 
| 188|0x000000008bc00000, 0x000000008bc00000, 0x000000008bd00000|  0%| F|  |TAMS 0x000000008bc00000, 0x000000008bc00000| Untracked 
| 189|0x000000008bd00000, 0x000000008bd00000, 0x000000008be00000|  0%| F|  |TAMS 0x000000008bd00000, 0x000000008bd00000| Untracked 
| 190|0x000000008be00000, 0x000000008be00000, 0x000000008bf00000|  0%| F|  |TAMS 0x000000008be00000, 0x000000008be00000| Untracked 
| 191|0x000000008bf00000, 0x000000008bf00000, 0x000000008c000000|  0%| F|  |TAMS 0x000000008bf00000, 0x000000008bf00000| Untracked 
| 192|0x000000008c000000, 0x000000008c000000, 0x000000008c100000|  0%| F|  |TAMS 0x000000008c000000, 0x000000008c000000| Untracked 
| 193|0x000000008c100000, 0x000000008c100000, 0x000000008c200000|  0%| F|  |TAMS 0x000000008c100000, 0x000000008c100000| Untracked 
| 194|0x000000008c200000, 0x000000008c200000, 0x000000008c300000|  0%| F|  |TAMS 0x000000008c200000, 0x000000008c200000| Untracked 
| 195|0x000000008c300000, 0x000000008c300000, 0x000000008c400000|  0%| F|  |TAMS 0x000000008c300000, 0x000000008c300000| Untracked 
| 196|0x000000008c400000, 0x000000008c400000, 0x000000008c500000|  0%| F|  |TAMS 0x000000008c400000, 0x000000008c400000| Untracked 
| 197|0x000000008c500000, 0x000000008c500000, 0x000000008c600000|  0%| F|  |TAMS 0x000000008c500000, 0x000000008c500000| Untracked 
| 198|0x000000008c600000, 0x000000008c600000, 0x000000008c700000|  0%| F|  |TAMS 0x000000008c600000, 0x000000008c600000| Untracked 
| 199|0x000000008c700000, 0x000000008c700000, 0x000000008c800000|  0%| F|  |TAMS 0x000000008c700000, 0x000000008c700000| Untracked 
| 200|0x000000008c800000, 0x000000008c800000, 0x000000008c900000|  0%| F|  |TAMS 0x000000008c800000, 0x000000008c800000| Untracked 
| 201|0x000000008c900000, 0x000000008c900000, 0x000000008ca00000|  0%| F|  |TAMS 0x000000008c900000, 0x000000008c900000| Untracked 
| 202|0x000000008ca00000, 0x000000008ca00000, 0x000000008cb00000|  0%| F|  |TAMS 0x000000008ca00000, 0x000000008ca00000| Untracked 
| 203|0x000000008cb00000, 0x000000008cb00000, 0x000000008cc00000|  0%| F|  |TAMS 0x000000008cb00000, 0x000000008cb00000| Untracked 
| 204|0x000000008cc00000, 0x000000008cc00000, 0x000000008cd00000|  0%| F|  |TAMS 0x000000008cc00000, 0x000000008cc00000| Untracked 
| 205|0x000000008cd00000, 0x000000008cd00000, 0x000000008ce00000|  0%| F|  |TAMS 0x000000008cd00000, 0x000000008cd00000| Untracked 
| 206|0x000000008ce00000, 0x000000008ce00000, 0x000000008cf00000|  0%| F|  |TAMS 0x000000008ce00000, 0x000000008ce00000| Untracked 
| 207|0x000000008cf00000, 0x000000008cf00000, 0x000000008d000000|  0%| F|  |TAMS 0x000000008cf00000, 0x000000008cf00000| Untracked 
| 208|0x000000008d000000, 0x000000008d000000, 0x000000008d100000|  0%| F|  |TAMS 0x000000008d000000, 0x000000008d000000| Untracked 
| 209|0x000000008d100000, 0x000000008d100000, 0x000000008d200000|  0%| F|  |TAMS 0x000000008d100000, 0x000000008d100000| Untracked 
| 210|0x000000008d200000, 0x000000008d200000, 0x000000008d300000|  0%| F|  |TAMS 0x000000008d200000, 0x000000008d200000| Untracked 
| 211|0x000000008d300000, 0x000000008d300000, 0x000000008d400000|  0%| F|  |TAMS 0x000000008d300000, 0x000000008d300000| Untracked 
| 212|0x000000008d400000, 0x000000008d400000, 0x000000008d500000|  0%| F|  |TAMS 0x000000008d400000, 0x000000008d400000| Untracked 
| 213|0x000000008d500000, 0x000000008d500000, 0x000000008d600000|  0%| F|  |TAMS 0x000000008d500000, 0x000000008d500000| Untracked 
| 214|0x000000008d600000, 0x000000008d600000, 0x000000008d700000|  0%| F|  |TAMS 0x000000008d600000, 0x000000008d600000| Untracked 
| 215|0x000000008d700000, 0x000000008d700000, 0x000000008d800000|  0%| F|  |TAMS 0x000000008d700000, 0x000000008d700000| Untracked 
| 216|0x000000008d800000, 0x000000008d800000, 0x000000008d900000|  0%| F|  |TAMS 0x000000008d800000, 0x000000008d800000| Untracked 
| 217|0x000000008d900000, 0x000000008d900000, 0x000000008da00000|  0%| F|  |TAMS 0x000000008d900000, 0x000000008d900000| Untracked 
| 218|0x000000008da00000, 0x000000008da00000, 0x000000008db00000|  0%| F|  |TAMS 0x000000008da00000, 0x000000008da00000| Untracked 
| 219|0x000000008db00000, 0x000000008db00000, 0x000000008dc00000|  0%| F|  |TAMS 0x000000008db00000, 0x000000008db00000| Untracked 
| 220|0x000000008dc00000, 0x000000008dc00000, 0x000000008dd00000|  0%| F|  |TAMS 0x000000008dc00000, 0x000000008dc00000| Untracked 
| 221|0x000000008dd00000, 0x000000008dd00000, 0x000000008de00000|  0%| F|  |TAMS 0x000000008dd00000, 0x000000008dd00000| Untracked 
| 222|0x000000008de00000, 0x000000008de00000, 0x000000008df00000|  0%| F|  |TAMS 0x000000008de00000, 0x000000008de00000| Untracked 
| 223|0x000000008df00000, 0x000000008df00000, 0x000000008e000000|  0%| F|  |TAMS 0x000000008df00000, 0x000000008df00000| Untracked 
| 224|0x000000008e000000, 0x000000008e000000, 0x000000008e100000|  0%| F|  |TAMS 0x000000008e000000, 0x000000008e000000| Untracked 
| 225|0x000000008e100000, 0x000000008e100000, 0x000000008e200000|  0%| F|  |TAMS 0x000000008e100000, 0x000000008e100000| Untracked 
| 226|0x000000008e200000, 0x000000008e200000, 0x000000008e300000|  0%| F|  |TAMS 0x000000008e200000, 0x000000008e200000| Untracked 
| 227|0x000000008e300000, 0x000000008e300000, 0x000000008e400000|  0%| F|  |TAMS 0x000000008e300000, 0x000000008e300000| Untracked 
| 228|0x000000008e400000, 0x000000008e400000, 0x000000008e500000|  0%| F|  |TAMS 0x000000008e400000, 0x000000008e400000| Untracked 
| 229|0x000000008e500000, 0x000000008e500000, 0x000000008e600000|  0%| F|  |TAMS 0x000000008e500000, 0x000000008e500000| Untracked 
| 230|0x000000008e600000, 0x000000008e600000, 0x000000008e700000|  0%| F|  |TAMS 0x000000008e600000, 0x000000008e600000| Untracked 
| 231|0x000000008e700000, 0x000000008e700000, 0x000000008e800000|  0%| F|  |TAMS 0x000000008e700000, 0x000000008e700000| Untracked 
| 232|0x000000008e800000, 0x000000008e800000, 0x000000008e900000|  0%| F|  |TAMS 0x000000008e800000, 0x000000008e800000| Untracked 
| 233|0x000000008e900000, 0x000000008e900000, 0x000000008ea00000|  0%| F|  |TAMS 0x000000008e900000, 0x000000008e900000| Untracked 
| 234|0x000000008ea00000, 0x000000008ea00000, 0x000000008eb00000|  0%| F|  |TAMS 0x000000008ea00000, 0x000000008ea00000| Untracked 
| 235|0x000000008eb00000, 0x000000008eb00000, 0x000000008ec00000|  0%| F|  |TAMS 0x000000008eb00000, 0x000000008eb00000| Untracked 
| 236|0x000000008ec00000, 0x000000008ec00000, 0x000000008ed00000|  0%| F|  |TAMS 0x000000008ec00000, 0x000000008ec00000| Untracked 
| 237|0x000000008ed00000, 0x000000008ed00000, 0x000000008ee00000|  0%| F|  |TAMS 0x000000008ed00000, 0x000000008ed00000| Untracked 
| 238|0x000000008ee00000, 0x000000008ee00000, 0x000000008ef00000|  0%| F|  |TAMS 0x000000008ee00000, 0x000000008ee00000| Untracked 
| 239|0x000000008ef00000, 0x000000008ef00000, 0x000000008f000000|  0%| F|  |TAMS 0x000000008ef00000, 0x000000008ef00000| Untracked 
| 240|0x000000008f000000, 0x000000008f000000, 0x000000008f100000|  0%| F|  |TAMS 0x000000008f000000, 0x000000008f000000| Untracked 
| 241|0x000000008f100000, 0x000000008f100000, 0x000000008f200000|  0%| F|  |TAMS 0x000000008f100000, 0x000000008f100000| Untracked 
| 242|0x000000008f200000, 0x000000008f200000, 0x000000008f300000|  0%| F|  |TAMS 0x000000008f200000, 0x000000008f200000| Untracked 
| 243|0x000000008f300000, 0x000000008f300000, 0x000000008f400000|  0%| F|  |TAMS 0x000000008f300000, 0x000000008f300000| Untracked 
| 244|0x000000008f400000, 0x000000008f400000, 0x000000008f500000|  0%| F|  |TAMS 0x000000008f400000, 0x000000008f400000| Untracked 
| 245|0x000000008f500000, 0x000000008f500000, 0x000000008f600000|  0%| F|  |TAMS 0x000000008f500000, 0x000000008f500000| Untracked 
| 246|0x000000008f600000, 0x000000008f600000, 0x000000008f700000|  0%| F|  |TAMS 0x000000008f600000, 0x000000008f600000| Untracked 
| 247|0x000000008f700000, 0x000000008f700000, 0x000000008f800000|  0%| F|  |TAMS 0x000000008f700000, 0x000000008f700000| Untracked 
| 248|0x000000008f800000, 0x000000008f800000, 0x000000008f900000|  0%| F|  |TAMS 0x000000008f800000, 0x000000008f800000| Untracked 
| 249|0x000000008f900000, 0x000000008f900000, 0x000000008fa00000|  0%| F|  |TAMS 0x000000008f900000, 0x000000008f900000| Untracked 
| 250|0x000000008fa00000, 0x000000008fa00000, 0x000000008fb00000|  0%| F|  |TAMS 0x000000008fa00000, 0x000000008fa00000| Untracked 
| 251|0x000000008fb00000, 0x000000008fb00000, 0x000000008fc00000|  0%| F|  |TAMS 0x000000008fb00000, 0x000000008fb00000| Untracked 
| 252|0x000000008fc00000, 0x000000008fc00000, 0x000000008fd00000|  0%| F|  |TAMS 0x000000008fc00000, 0x000000008fc00000| Untracked 
| 253|0x000000008fd00000, 0x000000008fd00000, 0x000000008fe00000|  0%| F|  |TAMS 0x000000008fd00000, 0x000000008fd00000| Untracked 
| 254|0x000000008fe00000, 0x000000008fe00000, 0x000000008ff00000|  0%| F|  |TAMS 0x000000008fe00000, 0x000000008fe00000| Untracked 
| 255|0x000000008ff00000, 0x000000008ff00000, 0x0000000090000000|  0%| F|  |TAMS 0x000000008ff00000, 0x000000008ff00000| Untracked 
| 256|0x0000000090000000, 0x0000000090000000, 0x0000000090100000|  0%| F|  |TAMS 0x0000000090000000, 0x0000000090000000| Untracked 
| 257|0x0000000090100000, 0x0000000090100000, 0x0000000090200000|  0%| F|  |TAMS 0x0000000090100000, 0x0000000090100000| Untracked 
| 258|0x0000000090200000, 0x0000000090200000, 0x0000000090300000|  0%| F|  |TAMS 0x0000000090200000, 0x0000000090200000| Untracked 
| 259|0x0000000090300000, 0x0000000090300000, 0x0000000090400000|  0%| F|  |TAMS 0x0000000090300000, 0x0000000090300000| Untracked 
| 260|0x0000000090400000, 0x0000000090400000, 0x0000000090500000|  0%| F|  |TAMS 0x0000000090400000, 0x0000000090400000| Untracked 
| 261|0x0000000090500000, 0x0000000090500000, 0x0000000090600000|  0%| F|  |TAMS 0x0000000090500000, 0x0000000090500000| Untracked 
| 262|0x0000000090600000, 0x0000000090600000, 0x0000000090700000|  0%| F|  |TAMS 0x0000000090600000, 0x0000000090600000| Untracked 
| 263|0x0000000090700000, 0x0000000090700000, 0x0000000090800000|  0%| F|  |TAMS 0x0000000090700000, 0x0000000090700000| Untracked 
| 264|0x0000000090800000, 0x0000000090800000, 0x0000000090900000|  0%| F|  |TAMS 0x0000000090800000, 0x0000000090800000| Untracked 
| 265|0x0000000090900000, 0x0000000090900000, 0x0000000090a00000|  0%| F|  |TAMS 0x0000000090900000, 0x0000000090900000| Untracked 
| 266|0x0000000090a00000, 0x0000000090a00000, 0x0000000090b00000|  0%| F|  |TAMS 0x0000000090a00000, 0x0000000090a00000| Untracked 
| 267|0x0000000090b00000, 0x0000000090c00000, 0x0000000090c00000|100%| S|CS|TAMS 0x0000000090b00000, 0x0000000090b00000| Complete 
| 268|0x0000000090c00000, 0x0000000090d00000, 0x0000000090d00000|100%| S|CS|TAMS 0x0000000090c00000, 0x0000000090c00000| Complete 
| 269|0x0000000090d00000, 0x0000000090d00000, 0x0000000090e00000|  0%| F|  |TAMS 0x0000000090d00000, 0x0000000090d00000| Untracked 
| 270|0x0000000090e00000, 0x0000000090e00000, 0x0000000090f00000|  0%| F|  |TAMS 0x0000000090e00000, 0x0000000090e00000| Untracked 
| 271|0x0000000090f00000, 0x0000000090f00000, 0x0000000091000000|  0%| F|  |TAMS 0x0000000090f00000, 0x0000000090f00000| Untracked 
| 272|0x0000000091000000, 0x0000000091000000, 0x0000000091100000|  0%| F|  |TAMS 0x0000000091000000, 0x0000000091000000| Untracked 
| 273|0x0000000091100000, 0x0000000091100000, 0x0000000091200000|  0%| F|  |TAMS 0x0000000091100000, 0x0000000091100000| Untracked 
| 274|0x0000000091200000, 0x0000000091200000, 0x0000000091300000|  0%| F|  |TAMS 0x0000000091200000, 0x0000000091200000| Untracked 
| 275|0x0000000091300000, 0x0000000091300000, 0x0000000091400000|  0%| F|  |TAMS 0x0000000091300000, 0x0000000091300000| Untracked 
| 276|0x0000000091400000, 0x0000000091400000, 0x0000000091500000|  0%| F|  |TAMS 0x0000000091400000, 0x0000000091400000| Untracked 
| 277|0x0000000091500000, 0x0000000091500000, 0x0000000091600000|  0%| F|  |TAMS 0x0000000091500000, 0x0000000091500000| Untracked 
| 278|0x0000000091600000, 0x0000000091600000, 0x0000000091700000|  0%| F|  |TAMS 0x0000000091600000, 0x0000000091600000| Untracked 
| 279|0x0000000091700000, 0x0000000091700000, 0x0000000091800000|  0%| F|  |TAMS 0x0000000091700000, 0x0000000091700000| Untracked 
| 280|0x0000000091800000, 0x0000000091800000, 0x0000000091900000|  0%| F|  |TAMS 0x0000000091800000, 0x0000000091800000| Untracked 
| 281|0x0000000091900000, 0x0000000091900000, 0x0000000091a00000|  0%| F|  |TAMS 0x0000000091900000, 0x0000000091900000| Untracked 
| 282|0x0000000091a00000, 0x0000000091a00000, 0x0000000091b00000|  0%| F|  |TAMS 0x0000000091a00000, 0x0000000091a00000| Untracked 
| 283|0x0000000091b00000, 0x0000000091b00000, 0x0000000091c00000|  0%| F|  |TAMS 0x0000000091b00000, 0x0000000091b00000| Untracked 

Card table byte_map: [0x0000000015310000,0x0000000015710000] _byte_map_base: 0x0000000014f10000

Marking Bits (Prev, Next): (CMBitMap*) 0x0000000002aaeac0, (CMBitMap*) 0x0000000002aaeb00
 Prev Bits: [0x0000000015b10000, 0x0000000017b10000)
 Next Bits: [0x0000000017b10000, 0x0000000019b10000)

Polling page: 0x0000000002210000

Metaspace:

Usage:
  Non-class:    111.72 MB used.
      Class:     17.36 MB used.
       Both:    129.08 MB used.

Virtual space:
  Non-class space:      120.00 MB reserved,     112.19 MB ( 93%) committed,  15 nodes.
      Class space:        1.00 GB reserved,      17.81 MB (  2%) committed,  1 nodes.
             Both:        1.12 GB reserved,     130.00 MB ( 11%) committed. 

Chunk freelists:
   Non-Class:  3.29 MB
       Class:  2.14 MB
        Both:  5.43 MB

MaxMetaspaceSize: unlimited
CompressedClassSpaceSize: 1.00 GB
Initial GC threshold: 21.00 MB
Current GC threshold: 215.56 MB
CDS: off
MetaspaceReclaimPolicy: balanced
 - commit_granule_bytes: 65536.
 - commit_granule_words: 8192.
 - virtual_space_node_default_size: 1048576.
 - enlarge_chunks_in_place: 1.
 - new_chunks_are_fully_committed: 0.
 - uncommit_free_chunks: 1.
 - use_allocation_guard: 0.
 - handle_deallocations: 1.


Internal statistics:

num_allocs_failed_limit: 12.
num_arena_births: 1516.
num_arena_deaths: 0.
num_vsnodes_births: 16.
num_vsnodes_deaths: 0.
num_space_committed: 2079.
num_space_uncommitted: 0.
num_chunks_returned_to_freelist: 12.
num_chunks_taken_from_freelist: 6620.
num_chunk_merges: 12.
num_chunk_splits: 4415.
num_chunks_enlarged: 2978.
num_purges: 0.
num_inconsistent_stats: 0.

CodeHeap 'non-profiled nmethods': size=120064Kb used=9867Kb max_used=9867Kb free=110196Kb
 bounds [0x000000000d9d0000, 0x000000000e380000, 0x0000000014f10000]
CodeHeap 'profiled nmethods': size=120000Kb used=32891Kb max_used=32891Kb free=87108Kb
 bounds [0x0000000005f10000, 0x0000000007f30000, 0x000000000d440000]
CodeHeap 'non-nmethods': size=5696Kb used=2470Kb max_used=2523Kb free=3225Kb
 bounds [0x000000000d440000, 0x000000000d6d0000, 0x000000000d9d0000]
 total_blobs=17647 nmethods=16622 adapters=937
 compilation: enabled
              stopped_count=0, restarted_count=0
 full_count=0

Compilation events (20 events):
Event: 297.137 Thread 0x000000001ce0ad90 nmethod 19909 0x0000000007f2c610 code [0x0000000007f2c7e0, 0x0000000007f2ccc8]
Event: 297.195 Thread 0x000000001ce0ad90 19910       3       com.android.ide.common.resources.ResourceMergerItem::getSourceType (34 bytes)
Event: 297.196 Thread 0x000000001ce0ad90 nmethod 19910 0x0000000007f2ce90 code [0x0000000007f2d080, 0x0000000007f2d608]
Event: 297.196 Thread 0x000000001ce0ad90 19912       3       com.google.common.collect.LinkedListMultimap$NodeIterator::hasNext (17 bytes)
Event: 297.196 Thread 0x000000001ce0ad90 nmethod 19912 0x0000000007f2d790 code [0x0000000007f2d940, 0x0000000007f2dc28]
Event: 297.196 Thread 0x000000001ce0ad90 19915       3       com.google.common.collect.LinkedListMultimap$NodeIterator::next (58 bytes)
Event: 297.197 Thread 0x000000001ce0ad90 nmethod 19915 0x0000000007f2dd90 code [0x0000000007f2df60, 0x0000000007f2e418]
Event: 297.197 Thread 0x000000001ce0ad90 19913       3       com.google.common.collect.LinkedListMultimap$NodeIterator::next (5 bytes)
Event: 297.197 Thread 0x000000001ce0ad90 nmethod 19913 0x0000000007f2e610 code [0x0000000007f2e7c0, 0x0000000007f2e908]
Event: 297.197 Thread 0x000000001ce0ad90 19914       3       com.google.common.collect.LinkedListMultimap$1ValuesImpl$1::transform (9 bytes)
Event: 297.197 Thread 0x000000001ce0ad90 nmethod 19914 0x0000000007f2e990 code [0x0000000007f2eb40, 0x0000000007f2ee88]
Event: 297.197 Thread 0x000000001ce0ad90 19911       1       com.google.common.collect.LinkedListMultimap::size (5 bytes)
Event: 297.197 Thread 0x000000001ce0ad90 nmethod 19911 0x000000000e372390 code [0x000000000e372520, 0x000000000e3725f8]
Event: 297.197 Thread 0x000000001ce0ad90 19916       1       com.google.common.collect.LinkedListMultimap::access$100 (5 bytes)
Event: 297.197 Thread 0x000000001ce0ad90 nmethod 19916 0x000000000e372690 code [0x000000000e372820, 0x000000000e3728d8]
Event: 297.203 Thread 0x000000001ce00f40 19917       4       com.android.ide.common.resources.ResourceMergerItem::getSourceType (34 bytes)
Event: 297.204 Thread 0x000000001ce00f40 nmethod 19917 0x000000000e372990 code [0x000000000e372b00, 0x000000000e372b98]
Event: 297.204 Thread 0x000000001ce00f40 19918       4       com.google.common.collect.LinkedListMultimap$NodeIterator::hasNext (17 bytes)
Event: 297.205 Thread 0x000000001ce00f40 nmethod 19918 0x000000000e372c90 code [0x000000000e372e00, 0x000000000e372eb8]
Event: 297.205 Thread 0x000000001ce00f40 19919       4       com.google.common.collect.LinkedListMultimap$NodeIterator::next (58 bytes)

GC Heap History (20 events):
Event: 59.757 GC heap after
{Heap after GC invocations=52 (full 0):
 garbage-first heap   total 241664K, used 143360K [0x0000000080000000, 0x0000000100000000)
  region size 1024K, 8 young (8192K), 8 survivors (8192K)
 Metaspace       used 106822K, committed 107584K, reserved 1146880K
  class space    used 14381K, committed 14784K, reserved 1048576K
}
Event: 61.063 GC heap before
{Heap before GC invocations=52 (full 0):
 garbage-first heap   total 241664K, used 195584K [0x0000000080000000, 0x0000000100000000)
  region size 1024K, 60 young (61440K), 8 survivors (8192K)
 Metaspace       used 107940K, committed 108736K, reserved 1146880K
  class space    used 14483K, committed 14912K, reserved 1048576K
}
Event: 61.106 GC heap after
{Heap after GC invocations=53 (full 0):
 garbage-first heap   total 241664K, used 146944K [0x0000000080000000, 0x0000000100000000)
  region size 1024K, 4 young (4096K), 4 survivors (4096K)
 Metaspace       used 107940K, committed 108736K, reserved 1146880K
  class space    used 14483K, committed 14912K, reserved 1048576K
}
Event: 62.126 GC heap before
{Heap before GC invocations=53 (full 0):
 garbage-first heap   total 241664K, used 199168K [0x0000000080000000, 0x0000000100000000)
  region size 1024K, 55 young (56320K), 4 survivors (4096K)
 Metaspace       used 108445K, committed 109248K, reserved 1146880K
  class space    used 14556K, committed 14976K, reserved 1048576K
}
Event: 62.149 GC heap after
{Heap after GC invocations=54 (full 0):
 garbage-first heap   total 241664K, used 145408K [0x0000000080000000, 0x0000000100000000)
  region size 1024K, 2 young (2048K), 2 survivors (2048K)
 Metaspace       used 108445K, committed 109248K, reserved 1146880K
  class space    used 14556K, committed 14976K, reserved 1048576K
}
Event: 99.560 GC heap before
{Heap before GC invocations=54 (full 0):
 garbage-first heap   total 241664K, used 200704K [0x0000000080000000, 0x0000000100000000)
  region size 1024K, 57 young (58368K), 2 survivors (2048K)
 Metaspace       used 112395K, committed 113152K, reserved 1146880K
  class space    used 15103K, committed 15488K, reserved 1048576K
}
Event: 99.588 GC heap after
{Heap after GC invocations=55 (full 0):
 garbage-first heap   total 290816K, used 149442K [0x0000000080000000, 0x0000000100000000)
  region size 1024K, 6 young (6144K), 6 survivors (6144K)
 Metaspace       used 112395K, committed 113152K, reserved 1146880K
  class space    used 15103K, committed 15488K, reserved 1048576K
}
Event: 101.225 GC heap before
{Heap before GC invocations=55 (full 0):
 garbage-first heap   total 290816K, used 188354K [0x0000000080000000, 0x0000000100000000)
  region size 1024K, 44 young (45056K), 6 survivors (6144K)
 Metaspace       used 116155K, committed 116928K, reserved 1155072K
  class space    used 15621K, committed 16000K, reserved 1048576K
}
Event: 101.254 GC heap after
{Heap after GC invocations=56 (full 0):
 garbage-first heap   total 290816K, used 151528K [0x0000000080000000, 0x0000000100000000)
  region size 1024K, 8 young (8192K), 8 survivors (8192K)
 Metaspace       used 116155K, committed 116928K, reserved 1155072K
  class space    used 15621K, committed 16000K, reserved 1048576K
}
Event: 105.312 GC heap before
{Heap before GC invocations=57 (full 0):
 garbage-first heap   total 290816K, used 226280K [0x0000000080000000, 0x0000000100000000)
  region size 1024K, 97 young (99328K), 8 survivors (8192K)
 Metaspace       used 124267K, committed 125056K, reserved 1163264K
  class space    used 16621K, committed 17024K, reserved 1048576K
}
Event: 105.396 GC heap after
{Heap after GC invocations=58 (full 0):
 garbage-first heap   total 290816K, used 141991K [0x0000000080000000, 0x0000000100000000)
  region size 1024K, 13 young (13312K), 13 survivors (13312K)
 Metaspace       used 124267K, committed 125056K, reserved 1163264K
  class space    used 16621K, committed 17024K, reserved 1048576K
}
Event: 105.499 GC heap before
{Heap before GC invocations=58 (full 0):
 garbage-first heap   total 290816K, used 143015K [0x0000000080000000, 0x0000000100000000)
  region size 1024K, 14 young (14336K), 13 survivors (13312K)
 Metaspace       used 124502K, committed 125312K, reserved 1163264K
  class space    used 16621K, committed 17024K, reserved 1048576K
}
Event: 105.571 GC heap after
{Heap after GC invocations=59 (full 0):
 garbage-first heap   total 290816K, used 139702K [0x0000000080000000, 0x0000000100000000)
  region size 1024K, 1 young (1024K), 1 survivors (1024K)
 Metaspace       used 124502K, committed 125312K, reserved 1163264K
  class space    used 16621K, committed 17024K, reserved 1048576K
}
Event: 111.651 GC heap before
{Heap before GC invocations=59 (full 0):
 garbage-first heap   total 290816K, used 270774K [0x0000000080000000, 0x0000000100000000)
  region size 1024K, 99 young (101376K), 1 survivors (1024K)
 Metaspace       used 131427K, committed 132288K, reserved 1171456K
  class space    used 17734K, committed 18176K, reserved 1048576K
}
Event: 111.665 GC heap after
{Heap after GC invocations=60 (full 0):
 garbage-first heap   total 290816K, used 140527K [0x0000000080000000, 0x0000000100000000)
  region size 1024K, 2 young (2048K), 2 survivors (2048K)
 Metaspace       used 131427K, committed 132288K, reserved 1171456K
  class space    used 17734K, committed 18176K, reserved 1048576K
}
Event: 295.194 GC heap before
{Heap before GC invocations=61 (full 0):
 garbage-first heap   total 290816K, used 243951K [0x0000000080000000, 0x0000000100000000)
  region size 1024K, 102 young (104448K), 2 survivors (2048K)
 Metaspace       used 132160K, committed 133120K, reserved 1171456K
  class space    used 17775K, committed 18240K, reserved 1048576K
}
Event: 295.866 GC heap after
{Heap after GC invocations=62 (full 0):
 garbage-first heap   total 290816K, used 162468K [0x0000000080000000, 0x0000000100000000)
  region size 1024K, 13 young (13312K), 13 survivors (13312K)
 Metaspace       used 132160K, committed 133120K, reserved 1171456K
  class space    used 17775K, committed 18240K, reserved 1048576K
}
Event: 295.930 GC heap before
{Heap before GC invocations=62 (full 0):
 garbage-first heap   total 290816K, used 163492K [0x0000000080000000, 0x0000000100000000)
  region size 1024K, 14 young (14336K), 13 survivors (13312K)
 Metaspace       used 132162K, committed 133120K, reserved 1171456K
  class space    used 17775K, committed 18240K, reserved 1048576K
}
Event: 296.079 GC heap after
{Heap after GC invocations=63 (full 0):
 garbage-first heap   total 290816K, used 161792K [0x0000000080000000, 0x0000000100000000)
  region size 1024K, 2 young (2048K), 2 survivors (2048K)
 Metaspace       used 132162K, committed 133120K, reserved 1171456K
  class space    used 17775K, committed 18240K, reserved 1048576K
}
Event: 297.207 GC heap before
{Heap before GC invocations=63 (full 0):
 garbage-first heap   total 290816K, used 175104K [0x0000000080000000, 0x0000000100000000)
  region size 1024K, 15 young (15360K), 2 survivors (2048K)
 Metaspace       used 132177K, committed 133120K, reserved 1171456K
  class space    used 17775K, committed 18240K, reserved 1048576K
}

Dll operation events (3 events):
Event: 0.040 Loaded shared library C:\Program Files\Android\Android Studio\jbr\bin\java.dll
Event: 0.414 Loaded shared library C:\Program Files\Android\Android Studio\jbr\bin\zip.dll
Event: 1.702 Loaded shared library C:\Program Files\Android\Android Studio\jbr\bin\verify.dll

Deoptimization events (20 events):
Event: 293.961 Thread 0x00000000207fd8a0 Uncommon trap: trap_request=0xffffffbe fr.pc=0x000000000e06fb90 relative=0x0000000000000ed0
Event: 293.961 Thread 0x00000000207fd8a0 Uncommon trap: reason=profile_predicate action=maybe_recompile pc=0x000000000e06fb90 method=com.google.common.base.Splitter$SplittingIterator.computeNext()Ljava/lang/String; @ 106 c2
Event: 293.961 Thread 0x00000000207fd8a0 DEOPT PACKING pc=0x000000000e06fb90 sp=0x0000000025efad00
Event: 293.961 Thread 0x00000000207fd8a0 DEOPT UNPACKING pc=0x000000000d49699d sp=0x0000000025efaba8 mode 2
Event: 296.659 Thread 0x00000000207fd8a0 Uncommon trap: trap_request=0xffffffbe fr.pc=0x000000000e365458 relative=0x0000000000000338
Event: 296.659 Thread 0x00000000207fd8a0 Uncommon trap: reason=profile_predicate action=maybe_recompile pc=0x000000000e365458 method=java.util.regex.Pattern$Slice.match(Ljava/util/regex/Matcher;ILjava/lang/CharSequence;)Z @ 18 c2
Event: 296.659 Thread 0x00000000207fd8a0 DEOPT PACKING pc=0x000000000e365458 sp=0x0000000025efaa60
Event: 296.660 Thread 0x00000000207fd8a0 DEOPT UNPACKING pc=0x000000000d49699d sp=0x0000000025efa9d0 mode 2
Event: 296.660 Thread 0x00000000207fd8a0 Uncommon trap: trap_request=0xffffffbe fr.pc=0x000000000e365458 relative=0x0000000000000338
Event: 296.661 Thread 0x00000000207fd8a0 Uncommon trap: reason=profile_predicate action=maybe_recompile pc=0x000000000e365458 method=java.util.regex.Pattern$Slice.match(Ljava/util/regex/Matcher;ILjava/lang/CharSequence;)Z @ 18 c2
Event: 296.661 Thread 0x00000000207fd8a0 DEOPT PACKING pc=0x000000000e365458 sp=0x0000000025efaab0
Event: 296.665 Thread 0x00000000207fd8a0 DEOPT UNPACKING pc=0x000000000d49699d sp=0x0000000025efaa20 mode 2
Event: 296.675 Thread 0x00000000207fd8a0 Uncommon trap: trap_request=0xffffffbe fr.pc=0x000000000e365458 relative=0x0000000000000338
Event: 296.675 Thread 0x00000000207fd8a0 Uncommon trap: reason=profile_predicate action=maybe_recompile pc=0x000000000e365458 method=java.util.regex.Pattern$Slice.match(Ljava/util/regex/Matcher;ILjava/lang/CharSequence;)Z @ 18 c2
Event: 296.675 Thread 0x00000000207fd8a0 DEOPT PACKING pc=0x000000000e365458 sp=0x0000000025efaa60
Event: 296.678 Thread 0x00000000207fd8a0 DEOPT UNPACKING pc=0x000000000d49699d sp=0x0000000025efa9d0 mode 2
Event: 296.678 Thread 0x00000000207fd8a0 Uncommon trap: trap_request=0xffffffbe fr.pc=0x000000000e365458 relative=0x0000000000000338
Event: 296.678 Thread 0x00000000207fd8a0 Uncommon trap: reason=profile_predicate action=maybe_recompile pc=0x000000000e365458 method=java.util.regex.Pattern$Slice.match(Ljava/util/regex/Matcher;ILjava/lang/CharSequence;)Z @ 18 c2
Event: 296.678 Thread 0x00000000207fd8a0 DEOPT PACKING pc=0x000000000e365458 sp=0x0000000025efaab0
Event: 296.678 Thread 0x00000000207fd8a0 DEOPT UNPACKING pc=0x000000000d49699d sp=0x0000000025efaa20 mode 2

Classes unloaded (0 events):
No events

Classes redefined (0 events):
No events

Internal exceptions (20 events):
Event: 110.668 Thread 0x00000000266c42d0 Implicit null exception at 0x000000000db9e5cb to 0x000000000db9e5f0
Event: 111.199 Thread 0x000000001f862b80 Implicit null exception at 0x000000000da10664 to 0x000000000da10a94
Event: 111.640 Thread 0x000000001f862b80 Implicit null exception at 0x000000000df10f0f to 0x000000000df10f5c
Event: 111.761 Thread 0x000000001f862b80 Implicit null exception at 0x000000000dc65b54 to 0x000000000dc65c8c
Event: 268.054 Thread 0x00000000266c2120 Implicit null exception at 0x000000000e0c6d4a to 0x000000000e0c797c
Event: 268.925 Thread 0x00000000266c2120 Implicit null exception at 0x000000000dddb169 to 0x000000000dddc08c
Event: 272.848 Thread 0x00000000266c2120 Exception <a 'sun/nio/fs/WindowsException'{0x0000000090f25110}> (0x0000000090f25110) 
thrown [s\src\hotspot\share\prims\jni.cpp, line 517]
Event: 272.857 Thread 0x00000000266c2120 Exception <a 'sun/nio/fs/WindowsException'{0x0000000090f26798}> (0x0000000090f26798) 
thrown [s\src\hotspot\share\prims\jni.cpp, line 517]
Event: 272.858 Thread 0x00000000266c2120 Exception <a 'sun/nio/fs/WindowsException'{0x0000000090f27e20}> (0x0000000090f27e20) 
thrown [s\src\hotspot\share\prims\jni.cpp, line 517]
Event: 272.860 Thread 0x00000000266c2120 Exception <a 'sun/nio/fs/WindowsException'{0x0000000090f29478}> (0x0000000090f29478) 
thrown [s\src\hotspot\share\prims\jni.cpp, line 517]
Event: 278.294 Thread 0x00000000266c2120 Exception <a 'sun/nio/fs/WindowsException'{0x000000008ee2e148}> (0x000000008ee2e148) 
thrown [s\src\hotspot\share\prims\jni.cpp, line 517]
Event: 278.624 Thread 0x00000000266c2120 Exception <a 'java/lang/NoSuchMethodError'{0x000000008ed34e78}: 'org.gradle.internal.buildoption.BuildOption$Value org.gradle.api.internal.StartParameterInternal.getIsolatedProjects()'> (0x000000008ed34e78) 
thrown [s\src\hotspot\share\interpreter\linkResolver.cpp, line 771]
Event: 282.949 Thread 0x00000000266c2120 Exception <a 'sun/nio/fs/WindowsException'{0x000000008df659a0}> (0x000000008df659a0) 
thrown [s\src\hotspot\share\prims\jni.cpp, line 517]
Event: 285.195 Thread 0x00000000266c2120 Exception <a 'sun/nio/fs/WindowsException'{0x000000008de097f8}> (0x000000008de097f8) 
thrown [s\src\hotspot\share\prims\jni.cpp, line 517]
Event: 285.232 Thread 0x00000000266c2120 Exception <a 'sun/nio/fs/WindowsException'{0x000000008de0ab90}> (0x000000008de0ab90) 
thrown [s\src\hotspot\share\prims\jni.cpp, line 517]
Event: 285.234 Thread 0x00000000266c2120 Exception <a 'sun/nio/fs/WindowsException'{0x000000008de0bf78}> (0x000000008de0bf78) 
thrown [s\src\hotspot\share\prims\jni.cpp, line 517]
Event: 285.235 Thread 0x00000000266c2120 Exception <a 'sun/nio/fs/WindowsException'{0x000000008de0d360}> (0x000000008de0d360) 
thrown [s\src\hotspot\share\prims\jni.cpp, line 517]
Event: 287.489 Thread 0x00000000207fd8a0 Exception <a 'sun/nio/fs/WindowsException'{0x000000008daba190}> (0x000000008daba190) 
thrown [s\src\hotspot\share\prims\jni.cpp, line 517]
Event: 291.642 Thread 0x00000000207fd8a0 Exception <a 'sun/nio/fs/WindowsException'{0x000000008cae66f8}> (0x000000008cae66f8) 
thrown [s\src\hotspot\share\prims\jni.cpp, line 517]
Event: 291.642 Thread 0x00000000207fd8a0 Exception <a 'sun/nio/fs/WindowsException'{0x000000008cae6ab8}> (0x000000008cae6ab8) 
thrown [s\src\hotspot\share\prims\jni.cpp, line 517]

VM Operations (20 events):
Event: 287.718 Executing VM operation: Cleanup done
Event: 288.735 Executing VM operation: Cleanup
Event: 288.754 Executing VM operation: Cleanup done
Event: 289.773 Executing VM operation: Cleanup
Event: 289.796 Executing VM operation: Cleanup done
Event: 290.808 Executing VM operation: Cleanup
Event: 290.811 Executing VM operation: Cleanup done
Event: 291.824 Executing VM operation: Cleanup
Event: 291.864 Executing VM operation: Cleanup done
Event: 292.878 Executing VM operation: Cleanup
Event: 292.881 Executing VM operation: Cleanup done
Event: 293.896 Executing VM operation: Cleanup
Event: 293.946 Executing VM operation: Cleanup done
Event: 294.951 Executing VM operation: Cleanup
Event: 295.015 Executing VM operation: Cleanup done
Event: 295.192 Executing VM operation: G1CollectForAllocation
Event: 295.867 Executing VM operation: G1CollectForAllocation done
Event: 295.918 Executing VM operation: G1CollectForAllocation
Event: 296.220 Executing VM operation: G1CollectForAllocation done
Event: 297.207 Executing VM operation: G1CollectForAllocation

Events (20 events):
Event: 279.133 Thread 0x000000001ce26da0 flushing nmethod 0x0000000007419d10
Event: 279.162 Thread 0x000000001ce26da0 flushing nmethod 0x0000000007713990
Event: 279.164 Thread 0x000000001ce26da0 flushing nmethod 0x0000000007736390
Event: 279.175 Thread 0x000000001ce26da0 flushing nmethod 0x0000000007814c10
Event: 279.185 Thread 0x000000001ce26da0 flushing nmethod 0x00000000078de310
Event: 279.210 Thread 0x000000001ce26da0 flushing nmethod 0x0000000007a18b90
Event: 279.229 Thread 0x000000001ce26da0 flushing nmethod 0x0000000007c04c90
Event: 279.229 Thread 0x000000001ce26da0 flushing nmethod 0x0000000007c06b90
Event: 279.230 Thread 0x000000001ce26da0 flushing nmethod 0x0000000007c25d90
Event: 279.232 Thread 0x000000001ce26da0 flushing nmethod 0x0000000007c52c10
Event: 279.232 Thread 0x000000001ce26da0 flushing nmethod 0x0000000007c77c10
Event: 279.232 Thread 0x000000001ce26da0 flushing nmethod 0x0000000007c7a090
Event: 279.233 Thread 0x000000001ce26da0 flushing nmethod 0x0000000007c81f90
Event: 279.233 Thread 0x000000001ce26da0 flushing nmethod 0x0000000007c82810
Event: 279.233 Thread 0x000000001ce26da0 flushing nmethod 0x0000000007c83010
Event: 279.234 Thread 0x000000001ce26da0 flushing nmethod 0x0000000007c9d090
Event: 287.178 Thread 0x00000000208003f0 Thread added: 0x00000000208003f0
Event: 287.235 Thread 0x00000000207fd8a0 Thread added: 0x00000000207fd8a0
Event: 287.295 Thread 0x00000000207fdd70 Thread added: 0x00000000207fdd70
Event: 289.954 Thread 0x00000000207fe240 Thread added: 0x00000000207fe240


Dynamic libraries:
0x00007ff608830000 - 0x00007ff60883a000 	C:\Program Files\Android\Android Studio\jbr\bin\java.exe
0x00007ff9a9b70000 - 0x00007ff9a9d87000 	C:\Windows\SYSTEM32\ntdll.dll
0x00007ff9a8b00000 - 0x00007ff9a8bc4000 	C:\Windows\System32\KERNEL32.DLL
0x00007ff9a7060000 - 0x00007ff9a7431000 	C:\Windows\System32\KERNELBASE.dll
0x00007ff9a7720000 - 0x00007ff9a7831000 	C:\Windows\System32\ucrtbase.dll
0x00007ff965910000 - 0x00007ff965927000 	C:\Program Files\Android\Android Studio\jbr\bin\jli.dll
0x00007ff9a8440000 - 0x00007ff9a85f1000 	C:\Windows\System32\USER32.dll
0x00007ff9a6f40000 - 0x00007ff9a6f66000 	C:\Windows\System32\win32u.dll
0x00007ff9a90d0000 - 0x00007ff9a90f9000 	C:\Windows\System32\GDI32.dll
0x00007ff9a7440000 - 0x00007ff9a755b000 	C:\Windows\System32\gdi32full.dll
0x00007ff9a6cb0000 - 0x00007ff9a6d4a000 	C:\Windows\System32\msvcp_win.dll
0x00007ff991010000 - 0x00007ff9912a2000 	C:\Windows\WinSxS\amd64_microsoft.windows.common-controls_6595b64144ccf1df_6.0.22621.4830_none_270fe7d773858e80\COMCTL32.dll
0x00007ff9a7900000 - 0x00007ff9a79a7000 	C:\Windows\System32\msvcrt.dll
0x00007ff9912e0000 - 0x00007ff9912fb000 	C:\Program Files\Android\Android Studio\jbr\bin\VCRUNTIME140.dll
0x00007ff9a8ac0000 - 0x00007ff9a8af1000 	C:\Windows\System32\IMM32.DLL
0x00007ff97e2e0000 - 0x00007ff97e2ec000 	C:\Program Files\Android\Android Studio\jbr\bin\vcruntime140_1.dll
0x00007ff964580000 - 0x00007ff96460d000 	C:\Program Files\Android\Android Studio\jbr\bin\msvcp140.dll
0x00007ff961db0000 - 0x00007ff962a1e000 	C:\Program Files\Android\Android Studio\jbr\bin\server\jvm.dll
0x00007ff9a7840000 - 0x00007ff9a78f1000 	C:\Windows\System32\ADVAPI32.dll
0x00007ff9a80e0000 - 0x00007ff9a8187000 	C:\Windows\System32\sechost.dll
0x00007ff9a7030000 - 0x00007ff9a7058000 	C:\Windows\System32\bcrypt.dll
0x00007ff9a9a10000 - 0x00007ff9a9b24000 	C:\Windows\System32\RPCRT4.dll
0x00007ff976ac0000 - 0x00007ff976ac9000 	C:\Windows\SYSTEM32\WSOCK32.dll
0x00007ff9a09d0000 - 0x00007ff9a0a04000 	C:\Windows\SYSTEM32\WINMM.dll
0x00007ff9a8610000 - 0x00007ff9a8681000 	C:\Windows\System32\WS2_32.dll
0x00007ff996780000 - 0x00007ff99678a000 	C:\Windows\SYSTEM32\VERSION.dll
0x00007ff9a5cd0000 - 0x00007ff9a5ce8000 	C:\Windows\SYSTEM32\kernel.appcore.dll
0x00007ff9a12f0000 - 0x00007ff9a12fa000 	C:\Program Files\Android\Android Studio\jbr\bin\jimage.dll
0x00007ff9a4620000 - 0x00007ff9a4852000 	C:\Windows\SYSTEM32\DBGHELP.DLL
0x00007ff9a8d40000 - 0x00007ff9a90d0000 	C:\Windows\System32\combase.dll
0x00007ff9a79b0000 - 0x00007ff9a7a87000 	C:\Windows\System32\OLEAUT32.dll
0x00007ff992730000 - 0x00007ff992762000 	C:\Windows\SYSTEM32\dbgcore.DLL
0x00007ff9a76a0000 - 0x00007ff9a771b000 	C:\Windows\System32\bcryptPrimitives.dll
0x00007ff995e30000 - 0x00007ff995e3e000 	C:\Program Files\Android\Android Studio\jbr\bin\instrument.dll
0x00007ff96dde0000 - 0x00007ff96de05000 	C:\Program Files\Android\Android Studio\jbr\bin\java.dll
0x00007ff96ddc0000 - 0x00007ff96ddd8000 	C:\Program Files\Android\Android Studio\jbr\bin\zip.dll
0x00007ff9a9100000 - 0x00007ff9a9988000 	C:\Windows\System32\SHELL32.dll
0x00007ff9a7560000 - 0x00007ff9a769f000 	C:\Windows\System32\wintypes.dll
0x00007ff9a4a50000 - 0x00007ff9a535d000 	C:\Windows\SYSTEM32\windows.storage.dll
0x00007ff9a8850000 - 0x00007ff9a895a000 	C:\Windows\System32\SHCORE.dll
0x00007ff9a8c60000 - 0x00007ff9a8cbe000 	C:\Windows\System32\shlwapi.dll
0x00007ff9a6be0000 - 0x00007ff9a6c0b000 	C:\Windows\SYSTEM32\profapi.dll
0x00007ff96dd50000 - 0x00007ff96dd69000 	C:\Program Files\Android\Android Studio\jbr\bin\net.dll
0x00007ff9a0770000 - 0x00007ff9a089c000 	C:\Windows\SYSTEM32\WINHTTP.dll
0x00007ff9a6170000 - 0x00007ff9a61da000 	C:\Windows\system32\mswsock.dll
0x00007ff96d7c0000 - 0x00007ff96d7d6000 	C:\Program Files\Android\Android Studio\jbr\bin\nio.dll
0x00007ff9a1530000 - 0x00007ff9a1540000 	C:\Program Files\Android\Android Studio\jbr\bin\verify.dll
0x00007ff971c20000 - 0x00007ff971c47000 	C:\Program Files\Android\Android Studio\jbr\native\68d5fa5c4cc2d200863cafc0d521ce42e7d3e7ee720ec0a83991735586a16f82\windows-amd64\native-platform.dll
0x00007ff95f320000 - 0x00007ff95f464000 	C:\Program Files\Android\Android Studio\jbr\native\e376f236ea51e6404a007f0833ffe2c6e607c4080706a723a18a27aeea778392\windows-amd64\native-platform-file-events.dll
0x00007ff9a14d0000 - 0x00007ff9a14d9000 	C:\Program Files\Android\Android Studio\jbr\bin\management.dll
0x00007ff998840000 - 0x00007ff99884b000 	C:\Program Files\Android\Android Studio\jbr\bin\management_ext.dll
0x00007ff9a80d0000 - 0x00007ff9a80d8000 	C:\Windows\System32\PSAPI.DLL
0x00007ff9a63c0000 - 0x00007ff9a63db000 	C:\Windows\SYSTEM32\CRYPTSP.dll
0x00007ff9a5c20000 - 0x00007ff9a5c57000 	C:\Windows\system32\rsaenh.dll
0x00007ff9a6260000 - 0x00007ff9a6288000 	C:\Windows\SYSTEM32\USERENV.dll
0x00007ff9a63e0000 - 0x00007ff9a63ec000 	C:\Windows\SYSTEM32\CRYPTBASE.dll
0x00007ff9a5770000 - 0x00007ff9a579d000 	C:\Windows\SYSTEM32\IPHLPAPI.DLL
0x00007ff9a8600000 - 0x00007ff9a8609000 	C:\Windows\System32\NSI.dll
0x00007ff9a0580000 - 0x00007ff9a0599000 	C:\Windows\SYSTEM32\dhcpcsvc6.DLL
0x00007ff9a0490000 - 0x00007ff9a04af000 	C:\Windows\SYSTEM32\dhcpcsvc.DLL
0x00007ff9a57f0000 - 0x00007ff9a58f2000 	C:\Windows\SYSTEM32\DNSAPI.dll
0x00007ff979de0000 - 0x00007ff979de8000 	C:\Windows\system32\wshunix.dll
0x00007ff97a020000 - 0x00007ff97a037000 	C:\Windows\system32\napinsp.dll
0x00007ff975130000 - 0x00007ff97514b000 	C:\Windows\system32\pnrpnsp.dll
0x00007ff9704c0000 - 0x00007ff9704d1000 	C:\Windows\System32\winrnr.dll
0x00007ff971380000 - 0x00007ff971395000 	C:\Windows\system32\wshbth.dll
0x00007ff96d7f0000 - 0x00007ff96d817000 	C:\Windows\system32\nlansp_c.dll
0x00007ff994920000 - 0x00007ff99492a000 	C:\Windows\System32\rasadhlp.dll
0x00007ff999e00000 - 0x00007ff999e83000 	C:\Windows\System32\fwpuclnt.dll
0x00007ff9a5de0000 - 0x00007ff9a5e14000 	C:\Windows\SYSTEM32\ntmarta.dll
0x00007ff970230000 - 0x00007ff97024e000 	C:\Users\Admin\AppData\Local\Temp\native-platform2013148452707438860dir\native-platform.dll
0x00007ff97a8b0000 - 0x00007ff97a8b7000 	C:\Program Files\Android\Android Studio\jbr\bin\rmi.dll

dbghelp: loaded successfully - version: 4.0.5 - missing functions: none
symbol engine: initialized successfully - sym options: 0x614 - pdb path: .;C:\Program Files\Android\Android Studio\jbr\bin;C:\Windows\SYSTEM32;C:\Windows\WinSxS\amd64_microsoft.windows.common-controls_6595b64144ccf1df_6.0.22621.4830_none_270fe7d773858e80;C:\Program Files\Android\Android Studio\jbr\bin\server;C:\Program Files\Android\Android Studio\jbr\native\68d5fa5c4cc2d200863cafc0d521ce42e7d3e7ee720ec0a83991735586a16f82\windows-amd64;C:\Program Files\Android\Android Studio\jbr\native\e376f236ea51e6404a007f0833ffe2c6e607c4080706a723a18a27aeea778392\windows-amd64;C:\Users\Admin\AppData\Local\Temp\native-platform2013148452707438860dir

VM Arguments:
jvm_args: --add-opens=java.base/java.util=ALL-UNNAMED --add-opens=java.base/java.lang=ALL-UNNAMED --add-opens=java.base/java.lang.invoke=ALL-UNNAMED --add-opens=java.prefs/java.util.prefs=ALL-UNNAMED --add-opens=java.base/java.nio.charset=ALL-UNNAMED --add-opens=java.base/java.net=ALL-UNNAMED --add-opens=java.base/java.util.concurrent.atomic=ALL-UNNAMED -Xmx2048m -Dfile.encoding=UTF-8 -Duser.country=US -Duser.language=en -Duser.variant -javaagent:C:\Program Files\Android\Android Studio\jbr\wrapper\dists\gradle-8.1.1-all\bs1rrjki8hh9bujwbsqnxtuzr\gradle-8.1.1\lib\agents\gradle-instrumentation-agent-8.1.1.jar 
java_command: org.gradle.launcher.daemon.bootstrap.GradleDaemon 8.1.1
java_class_path (initial): C:\Program Files\Android\Android Studio\jbr\wrapper\dists\gradle-8.1.1-all\bs1rrjki8hh9bujwbsqnxtuzr\gradle-8.1.1\lib\gradle-launcher-8.1.1.jar
Launcher Type: SUN_STANDARD

[Global flags]
     intx CICompilerCount                          = 2                                         {product} {ergonomic}
     uint ConcGCThreads                            = 1                                         {product} {ergonomic}
     uint G1ConcRefinementThreads                  = 2                                         {product} {ergonomic}
   size_t G1HeapRegionSize                         = 1048576                                   {product} {ergonomic}
    uintx GCDrainStackTargetSize                   = 64                                        {product} {ergonomic}
   size_t InitialHeapSize                          = 62914560                                  {product} {ergonomic}
   size_t MarkStackSize                            = 4194304                                   {product} {ergonomic}
   size_t MaxHeapSize                              = 2147483648                                {product} {command line}
   size_t MaxNewSize                               = 1287651328                                {product} {ergonomic}
   size_t MinHeapDeltaBytes                        = 1048576                                   {product} {ergonomic}
   size_t MinHeapSize                              = 8388608                                   {product} {ergonomic}
    uintx NonNMethodCodeHeapSize                   = 5826188                                {pd product} {ergonomic}
    uintx NonProfiledCodeHeapSize                  = 122916026                              {pd product} {ergonomic}
    uintx ProfiledCodeHeapSize                     = 122916026                              {pd product} {ergonomic}
    uintx ReservedCodeCacheSize                    = 251658240                              {pd product} {ergonomic}
     bool SegmentedCodeCache                       = true                                      {product} {ergonomic}
   size_t SoftMaxHeapSize                          = 2147483648                             {manageable} {ergonomic}
     bool UseCompressedClassPointers               = true                           {product lp64_product} {ergonomic}
     bool UseCompressedOops                        = true                           {product lp64_product} {ergonomic}
     bool UseG1GC                                  = true                                      {product} {ergonomic}
     bool UseLargePagesIndividualAllocation        = false                                  {pd product} {ergonomic}

Logging:
Log output configuration:
 #0: stdout all=warning uptime,level,tags
 #1: stderr all=off uptime,level,tags

Environment Variables:
JAVA_HOME=C:\Program Files\Android\Android Studio\jbr

PATH=C:\Program Files (x86)\Common Files\Oracle\Java\java8path;C:\Program Files (x86)\Common Files\Oracle\Java\javapath;C:\Python312\Scripts\;C:\Python312\;C:\Windows\system32;C:\Windows;C:\Windows\System32\Wbem;C:\Windows\System32\WindowsPowerShell\v1.0\;C:\Windows\System32\OpenSSH\;C:\Program Files\dotnet\;C:\Program Files\Microsoft VS Code\bin;C:\Program Files\Git\cmd;C:\ProgramData\chocolatey\bin;C:\Program Files\Android\Android Studio\jbr\bin;C:\Program Files\Java\jdk-23\bin;C:\cygwin64\bin;C:\Program Files\usbipd-win\;C:\xampp\php;C:\ProgramData\ComposerSetup\bin;C:\Users\Admin\AppData\Local\Microsoft\WindowsApps;C:\Users\Admin\AppData\Local\Programs\Microsoft VS Code\bin;C:\Users\Admin\AppData\Local\spicetify;C:\Users\Admin\AppData\Roaming\npm;C:\Program Files\PostgreSQL\17\bin;C:\Users\Admin\AppData\Roaming\Composer\vendor\bin;C:\adb;C:\xampp\mysql\bin;C:\Users\Admin\AppData\Roaming\Python\Python312\Scripts
USERNAME=Admin
OS=Windows_NT
PROCESSOR_IDENTIFIER=Intel64 Family 6 Model 122 Stepping 8, GenuineIntel
TMP=C:\Users\Admin\AppData\Local\Temp
TEMP=C:\Users\Admin\AppData\Local\Temp


JNI global refs:
JNI global refs: 25, weak refs: 1

JNI global refs memory usage: 843, weak refs: 841


---------------  S Y S T E M  ---------------

OS:
 Windows 11 , 64 bit Build 22621 (10.0.22621.4974)
OS uptime: 0 days 0:22 hours
Hyper-V role detected

CPU: total 2 (initial active 2) (2 cores per cpu, 1 threads per core) family 6 model 122 stepping 8 microcode 0x20, cx8, cmov, fxsr, mmx, 3dnowpref, sse, sse2, sse3, ssse3, sse4.1, sse4.2, popcnt, tsc, tscinvbit, aes, erms, clmul, sha, clflush, clflushopt, hv

Memory: 4k page, system-wide physical 3737M (274M free)
TotalPageFile size 9873M (AvailPageFile size 29M)
current process WorkingSet (physical memory assigned to process): 256M, peak: 469M
current process commit charge ("private bytes"): 620M, peak: 1188M

vm_info: OpenJDK 64-Bit Server VM (17.0.6+0-b2043.56-10027231) for windows-amd64 JRE (17.0.6+0-b2043.56-10027231), built on Apr 28 2023 00:43:19 by "androidbuild" with MS VC++ 16.10 / 16.11 (VS2019)

END.
