#
# There is insufficient memory for the Java Runtime Environment to continue.
# Native memory allocation (mmap) failed to map 389021696 bytes for G1 virtual space
# Possible reasons:
#   The system is out of physical RAM or swap space
#   The process is running with CompressedOops enabled, and the Java Heap may be blocking the growth of the native heap
# Possible solutions:
#   Reduce memory load on the system
#   Increase physical memory or swap space
#   Check if swap backing store is full
#   Decrease Java heap size (-Xmx/-Xms)
#   Decrease number of Java threads
#   Decrease Java thread stack sizes (-Xss)
#   Set larger code cache with -XX:ReservedCodeCacheSize=
#   JVM is running with Unscaled Compressed Oops mode in which the Java heap is
#     placed in the first 4GB address space. The Java Heap base address is the
#     maximum limit for the native heap growth. Please use -XX:HeapBaseMinAddress
#     to set the Java Heap base and to place the Java Heap above 4GB virtual address.
# This output file may be truncated or incomplete.
#
#  Out of Memory Error (os_windows.cpp:3769), pid=2824, tid=4784
#
# JRE version: OpenJDK Runtime Environment (17.0.6) (build 17.0.6+0-b2043.56-10027231)
# Java VM: OpenJDK 64-Bit Server VM (17.0.6+0-b2043.56-10027231, mixed mode, tiered, compressed oops, compressed class ptrs, g1 gc, windows-amd64)
# No core dump will be written. Minidumps are not enabled by default on client versions of Windows
#

---------------  S U M M A R Y ------------

Command Line: --add-opens=java.base/java.util=ALL-UNNAMED --add-opens=java.base/java.lang=ALL-UNNAMED --add-opens=java.base/java.lang.invoke=ALL-UNNAMED --add-opens=java.prefs/java.util.prefs=ALL-UNNAMED --add-opens=java.base/java.nio.charset=ALL-UNNAMED --add-opens=java.base/java.net=ALL-UNNAMED --add-opens=java.base/java.util.concurrent.atomic=ALL-UNNAMED -Xmx2048m -Dfile.encoding=UTF-8 -Duser.country=US -Duser.language=en -Duser.variant -javaagent:C:\Program Files\Android\Android Studio\jbr\wrapper\dists\gradle-8.1-bin\2eyty4r6kz6fpakefpk52nbbm\gradle-8.1\lib\agents\gradle-instrumentation-agent-8.1.jar org.gradle.launcher.daemon.bootstrap.GradleDaemon 8.1

Host: Intel(R) Celeron(R) N4020 CPU @ 1.10GHz, 2 cores, 3G,  Windows 11 , 64 bit Build 22621 (10.0.22621.4830)
Time: Sat Mar 15 00:05:13 2025 SE Asia Standard Time elapsed time: 424.559038 seconds (0d 0h 7m 4s)

---------------  T H R E A D  ---------------

Current thread (0x000000001c07b630):  VMThread "VM Thread" [stack: 0x000000001c0e0000,0x000000001c1e0000] [id=4784]

Stack: [0x000000001c0e0000,0x000000001c1e0000]
Native frames: (J=compiled Java code, j=interpreted, Vv=VM code, C=native code)
V  [jvm.dll+0x683c9a]
V  [jvm.dll+0x8427a4]
V  [jvm.dll+0x843f9e]
V  [jvm.dll+0x844603]
V  [jvm.dll+0x249b75]
V  [jvm.dll+0x680b69]
V  [jvm.dll+0x67505a]
V  [jvm.dll+0x309acb]
V  [jvm.dll+0x310f86]
V  [jvm.dll+0x3608ee]
V  [jvm.dll+0x360b1f]
V  [jvm.dll+0x2dfbf8]
V  [jvm.dll+0x2ddec4]
V  [jvm.dll+0x2dd4cc]
V  [jvm.dll+0x322261]
V  [jvm.dll+0x848ccb]
V  [jvm.dll+0x849a04]
V  [jvm.dll+0x849f1d]
V  [jvm.dll+0x84a2f4]
V  [jvm.dll+0x84a3c0]
V  [jvm.dll+0x7f274a]
V  [jvm.dll+0x682ad5]
C  [ucrtbase.dll+0x29333]
C  [KERNEL32.DLL+0x1259d]
C  [ntdll.dll+0x5af38]

VM_Operation (0x00000000217259a0): G1TryInitiateConcMark, mode: safepoint, requested by thread 0x000000001dce5d10


---------------  P R O C E S S  ---------------

Threads class SMR info:
_java_thread_list=0x00000000267337b0, length=46, elements={
0x0000000002ab2470, 0x000000001c09e020, 0x000000001c0a12a0, 0x000000001c0c4000,
0x000000001c0c4c80, 0x000000001c0c8750, 0x000000001cd00470, 0x000000001cd01060,
0x000000001c0ddf20, 0x000000001cd60940, 0x0000000002b659a0, 0x000000001cf71970,
0x000000001f517dc0, 0x000000001f238100, 0x000000001fd3f010, 0x000000001f374a90,
0x000000001f358e00, 0x000000001f781290, 0x000000001dce5d10, 0x000000001e2ab270,
0x000000001e2addc0, 0x000000001e2ad8f0, 0x000000001e2aa400, 0x000000001e2acf50,
0x000000001e2abc10, 0x000000001e2aa8d0, 0x000000001e2aada0, 0x000000001e2ad420,
0x000000001e2ac5b0, 0x000000001f70f340, 0x000000001f70ccc0, 0x000000001f7101b0,
0x000000001f70f810, 0x000000001f70e4d0, 0x000000001f70e000, 0x000000001f710b50,
0x000000001f70c320, 0x000000001f711020, 0x000000001f70c7f0, 0x000000002010c670,
0x0000000020109180, 0x00000000201087e0, 0x0000000020108310, 0x000000002010de80,
0x0000000020108cb0, 0x000000002010e820
}

Java Threads: ( => current thread )
  0x0000000002ab2470 JavaThread "main" [_thread_blocked, id=8360, stack(0x0000000000960000,0x0000000000a60000)]
  0x000000001c09e020 JavaThread "Reference Handler" daemon [_thread_blocked, id=7800, stack(0x000000001c1e0000,0x000000001c2e0000)]
  0x000000001c0a12a0 JavaThread "Finalizer" daemon [_thread_blocked, id=244, stack(0x000000001c2e0000,0x000000001c3e0000)]
  0x000000001c0c4000 JavaThread "Signal Dispatcher" daemon [_thread_blocked, id=8852, stack(0x000000001d100000,0x000000001d200000)]
  0x000000001c0c4c80 JavaThread "Attach Listener" daemon [_thread_blocked, id=8224, stack(0x000000001d200000,0x000000001d300000)]
  0x000000001c0c8750 JavaThread "Service Thread" daemon [_thread_blocked, id=8616, stack(0x000000001d300000,0x000000001d400000)]
  0x000000001cd00470 JavaThread "Monitor Deflation Thread" daemon [_thread_blocked, id=1016, stack(0x000000001d400000,0x000000001d500000)]
  0x000000001cd01060 JavaThread "C2 CompilerThread0" daemon [_thread_blocked, id=9756, stack(0x000000001d500000,0x000000001d600000)]
  0x000000001c0ddf20 JavaThread "C1 CompilerThread0" daemon [_thread_blocked, id=8564, stack(0x000000001d600000,0x000000001d700000)]
  0x000000001cd60940 JavaThread "Sweeper thread" daemon [_thread_blocked, id=2176, stack(0x000000001d700000,0x000000001d800000)]
  0x0000000002b659a0 JavaThread "Common-Cleaner" daemon [_thread_blocked, id=3768, stack(0x000000001d800000,0x000000001d900000)]
  0x000000001cf71970 JavaThread "Notification Thread" daemon [_thread_blocked, id=8216, stack(0x000000001d900000,0x000000001da00000)]
  0x000000001f517dc0 JavaThread "Daemon health stats" [_thread_blocked, id=5264, stack(0x0000000020ba0000,0x0000000020ca0000)]
  0x000000001f238100 JavaThread "Incoming local TCP Connector on port 50847" [_thread_in_native, id=4516, stack(0x0000000020fe0000,0x00000000210e0000)]
  0x000000001fd3f010 JavaThread "Daemon periodic checks" [_thread_blocked, id=8180, stack(0x0000000021230000,0x0000000021330000)]
  0x000000001f374a90 JavaThread "Daemon" [_thread_blocked, id=7856, stack(0x0000000021330000,0x0000000021430000)]
  0x000000001f358e00 JavaThread "Handler for socket connection from /127.0.0.1:50847 to /127.0.0.1:50848" [_thread_in_native, id=3816, stack(0x0000000021430000,0x0000000021530000)]
  0x000000001f781290 JavaThread "Cancel handler" [_thread_blocked, id=3528, stack(0x0000000021530000,0x0000000021630000)]
  0x000000001dce5d10 JavaThread "Daemon worker" [_thread_blocked, id=7604, stack(0x0000000021630000,0x0000000021730000)]
  0x000000001e2ab270 JavaThread "Asynchronous log dispatcher for DefaultDaemonConnection: socket connection from /127.0.0.1:50847 to /127.0.0.1:50848" [_thread_blocked, id=2988, stack(0x0000000022100000,0x0000000022200000)]
  0x000000001e2addc0 JavaThread "Daemon client event forwarder" [_thread_blocked, id=9740, stack(0x0000000022300000,0x0000000022400000)]
  0x000000001e2ad8f0 JavaThread "Cache worker for journal cache (C:\Program Files\Android\Android Studio\jbr\caches\journal-1)" [_thread_blocked, id=3100, stack(0x0000000022400000,0x0000000022500000)]
  0x000000001e2aa400 JavaThread "File lock request listener" [_thread_in_native, id=3412, stack(0x0000000022500000,0x0000000022600000)]
  0x000000001e2acf50 JavaThread "Cache worker for file hash cache (C:\Program Files\Android\Android Studio\jbr\caches\8.1\fileHashes)" [_thread_blocked, id=1536, stack(0x00000000235d0000,0x00000000236d0000)]
  0x000000001e2abc10 JavaThread "File watcher server" daemon [_thread_in_native, id=2620, stack(0x00000000236d0000,0x00000000237d0000)]
  0x000000001e2aa8d0 JavaThread "File watcher consumer" daemon [_thread_blocked, id=6336, stack(0x0000000024000000,0x0000000024100000)]
  0x000000001e2aada0 JavaThread "jar transforms" [_thread_blocked, id=2156, stack(0x0000000024100000,0x0000000024200000)]
  0x000000001e2ad420 JavaThread "jar transforms Thread 2" [_thread_blocked, id=10020, stack(0x0000000024200000,0x0000000024300000)]
  0x000000001e2ac5b0 JavaThread "Cache worker for checksums cache (C:\Users\Admin\AndroidStudioProjects\kurirkilat\.gradle\8.1\checksums)" [_thread_blocked, id=252, stack(0x0000000024300000,0x0000000024400000)]
  0x000000001f70f340 JavaThread "Cache worker for cache directory md-rule (C:\Program Files\Android\Android Studio\jbr\caches\8.1\md-rule)" [_thread_blocked, id=392, stack(0x0000000024400000,0x0000000024500000)]
  0x000000001f70ccc0 JavaThread "Cache worker for file content cache (C:\Program Files\Android\Android Studio\jbr\caches\8.1\fileContent)" [_thread_blocked, id=8380, stack(0x0000000024500000,0x0000000024600000)]
  0x000000001f7101b0 JavaThread "Cache worker for file hash cache (C:\Users\Admin\AndroidStudioProjects\kurirkilat\.gradle\8.1\fileHashes)" [_thread_blocked, id=7192, stack(0x0000000024600000,0x0000000024700000)]
  0x000000001f70f810 JavaThread "Cache worker for cache directory md-supplier (C:\Program Files\Android\Android Studio\jbr\caches\8.1\md-supplier)" [_thread_blocked, id=8420, stack(0x0000000024700000,0x0000000024800000)]
  0x000000001f70e4d0 JavaThread "Cache worker for execution history cache (C:\Program Files\Android\Android Studio\jbr\caches\8.1\executionHistory)" [_thread_blocked, id=6848, stack(0x0000000024800000,0x0000000024900000)]
  0x000000001f70e000 JavaThread "Cache worker for kotlin-dsl (C:\Program Files\Android\Android Studio\jbr\caches\8.1\kotlin-dsl)" [_thread_blocked, id=7968, stack(0x0000000000640000,0x0000000000740000)]
  0x000000001f710b50 JavaThread "Cache worker for dependencies-accessors (C:\Users\Admin\AndroidStudioProjects\kurirkilat\.gradle\8.1\dependencies-accessors)" [_thread_blocked, id=9956, stack(0x0000000024900000,0x0000000024a00000)]
  0x000000001f70c320 JavaThread "Cache worker for Build Output Cleanup Cache (C:\Users\Admin\AndroidStudioProjects\kurirkilat\.gradle\buildOutputCleanup)" [_thread_blocked, id=2348, stack(0x0000000024a00000,0x0000000024b00000)]
  0x000000001f711020 JavaThread "Unconstrained build operations" [_thread_blocked, id=5348, stack(0x0000000024b00000,0x0000000024c00000)]
  0x000000001f70c7f0 JavaThread "Memory manager" [_thread_blocked, id=2276, stack(0x0000000027600000,0x0000000027700000)]
  0x000000002010c670 JavaThread "Execution worker" [_thread_blocked, id=8680, stack(0x0000000000840000,0x0000000000940000)]
  0x0000000020109180 JavaThread "Cache worker for execution history cache (C:\Users\Admin\AndroidStudioProjects\kurirkilat\.gradle\8.1\executionHistory)" [_thread_blocked, id=9132, stack(0x0000000022200000,0x0000000022300000)]
  0x00000000201087e0 JavaThread "idea-tooling-model-converter" [_thread_blocked, id=6292, stack(0x0000000027700000,0x0000000027800000)]
  0x0000000020108310 JavaThread "Unconstrained build operations Thread 2" [_thread_blocked, id=5152, stack(0x000000002a000000,0x000000002a100000)]
  0x000000002010de80 JavaThread "Kotlin DSL Writer" [_thread_blocked, id=9984, stack(0x0000000027400000,0x0000000027500000)]
  0x0000000020108cb0 JavaThread "Unconstrained build operations Thread 3" [_thread_blocked, id=528, stack(0x0000000000740000,0x0000000000840000)]
  0x000000002010e820 JavaThread "Unconstrained build operations Thread 4" [_thread_blocked, id=3720, stack(0x0000000027500000,0x0000000027600000)]

Other Threads:
=>0x000000001c07b630 VMThread "VM Thread" [stack: 0x000000001c0e0000,0x000000001c1e0000] [id=4784]
  0x000000001cef5280 WatcherThread [stack: 0x000000001da00000,0x000000001db00000] [id=5716]
  0x0000000002b0c390 GCTaskThread "GC Thread#0" [stack: 0x00000000197c0000,0x00000000198c0000] [id=5988]
  0x0000000002ab32e0 GCTaskThread "GC Thread#1" [stack: 0x000000001db00000,0x000000001dc00000] [id=6320]
  0x0000000002b1d2d0 ConcurrentGCThread "G1 Main Marker" [stack: 0x00000000198c0000,0x00000000199c0000] [id=4916]
  0x0000000002b1dce0 ConcurrentGCThread "G1 Conc#0" [stack: 0x00000000199c0000,0x0000000019ac0000] [id=6904]
  0x0000000002b52080 ConcurrentGCThread "G1 Refine#0" [stack: 0x000000001bce0000,0x000000001bde0000] [id=980]
  0x0000000002b52aa0 ConcurrentGCThread "G1 Service" [stack: 0x000000001bde0000,0x000000001bee0000] [id=4552]

Threads with active compile tasks:
C2 CompilerThread0   424642 11613 % !   4       java.util.jar.Attributes::read @ 214 (494 bytes)

VM state: at safepoint (normal execution)

VM Mutex/Monitor currently owned by a thread:  ([mutex/lock_event])
[0x0000000002aae9c0] Threads_lock - owner thread: 0x000000001c07b630
[0x0000000002aad850] Heap_lock - owner thread: 0x000000001dce5d10

Heap address: 0x0000000080000000, size: 2048 MB, Compressed Oops mode: 32-bit

CDS archive(s) not mapped
Compressed class space mapped at: 0x0000000100000000-0x0000000140000000, reserved size: 1073741824
Narrow klass base: 0x0000000000000000, Narrow klass shift: 3, Narrow klass range: 0x140000000

GC Precious Log:
 CPUs: 2 total, 2 available
 Memory: 3737M
 Large Page Support: Disabled
 NUMA Support: Disabled
 Compressed Oops: Enabled (32-bit)
 Heap Region Size: 1M
 Heap Min Capacity: 8M
 Heap Initial Capacity: 60M
 Heap Max Capacity: 2G
 Pre-touch: Disabled
 Parallel Workers: 2
 Concurrent Workers: 1
 Concurrent Refinement Workers: 2
 Periodic GC: Disabled

Heap:
 garbage-first heap   total 324608K, used 176896K [0x0000000080000000, 0x0000000100000000)
  region size 1024K, 2 young (2048K), 2 survivors (2048K)
 Metaspace       used 113177K, committed 114048K, reserved 1155072K
  class space    used 15819K, committed 16256K, reserved 1048576K

Heap Regions: E=young(eden), S=young(survivor), O=old, HS=humongous(starts), HC=humongous(continues), CS=collection set, F=free, OA=open archive, CA=closed archive, TAMS=top-at-mark-start (previous, next)
|   0|0x0000000080000000, 0x0000000080100000, 0x0000000080100000|100%| O|  |TAMS 0x0000000080100000, 0x0000000080100000| Untracked 
|   1|0x0000000080100000, 0x0000000080200000, 0x0000000080200000|100%| O|  |TAMS 0x0000000080200000, 0x0000000080200000| Untracked 
|   2|0x0000000080200000, 0x0000000080300000, 0x0000000080300000|100%|HS|  |TAMS 0x0000000080300000, 0x0000000080300000| Complete 
|   3|0x0000000080300000, 0x0000000080400000, 0x0000000080400000|100%|HC|  |TAMS 0x0000000080400000, 0x0000000080400000| Complete 
|   4|0x0000000080400000, 0x0000000080500000, 0x0000000080500000|100%|HC|  |TAMS 0x0000000080500000, 0x0000000080500000| Complete 
|   5|0x0000000080500000, 0x0000000080600000, 0x0000000080600000|100%|HC|  |TAMS 0x0000000080600000, 0x0000000080600000| Complete 
|   6|0x0000000080600000, 0x0000000080700000, 0x0000000080700000|100%| O|  |TAMS 0x0000000080700000, 0x0000000080700000| Untracked 
|   7|0x0000000080700000, 0x0000000080800000, 0x0000000080800000|100%| O|  |TAMS 0x0000000080800000, 0x0000000080800000| Untracked 
|   8|0x0000000080800000, 0x0000000080900000, 0x0000000080900000|100%| O|  |TAMS 0x0000000080900000, 0x0000000080900000| Untracked 
|   9|0x0000000080900000, 0x0000000080a00000, 0x0000000080a00000|100%| O|  |TAMS 0x0000000080a00000, 0x0000000080a00000| Untracked 
|  10|0x0000000080a00000, 0x0000000080b00000, 0x0000000080b00000|100%| O|  |TAMS 0x0000000080b00000, 0x0000000080b00000| Untracked 
|  11|0x0000000080b00000, 0x0000000080c00000, 0x0000000080c00000|100%| O|  |TAMS 0x0000000080c00000, 0x0000000080c00000| Untracked 
|  12|0x0000000080c00000, 0x0000000080d00000, 0x0000000080d00000|100%| O|  |TAMS 0x0000000080d00000, 0x0000000080d00000| Untracked 
|  13|0x0000000080d00000, 0x0000000080e00000, 0x0000000080e00000|100%| O|  |TAMS 0x0000000080e00000, 0x0000000080e00000| Untracked 
|  14|0x0000000080e00000, 0x0000000080f00000, 0x0000000080f00000|100%| O|  |TAMS 0x0000000080f00000, 0x0000000080f00000| Untracked 
|  15|0x0000000080f00000, 0x0000000081000000, 0x0000000081000000|100%| O|  |TAMS 0x0000000081000000, 0x0000000081000000| Untracked 
|  16|0x0000000081000000, 0x0000000081100000, 0x0000000081100000|100%| O|  |TAMS 0x0000000081100000, 0x0000000081100000| Untracked 
|  17|0x0000000081100000, 0x0000000081200000, 0x0000000081200000|100%| O|  |TAMS 0x0000000081200000, 0x0000000081200000| Untracked 
|  18|0x0000000081200000, 0x0000000081300000, 0x0000000081300000|100%|HS|  |TAMS 0x0000000081300000, 0x0000000081300000| Complete 
|  19|0x0000000081300000, 0x0000000081400000, 0x0000000081400000|100%|HC|  |TAMS 0x0000000081400000, 0x0000000081400000| Complete 
|  20|0x0000000081400000, 0x0000000081500000, 0x0000000081500000|100%|HS|  |TAMS 0x0000000081500000, 0x0000000081500000| Complete 
|  21|0x0000000081500000, 0x0000000081600000, 0x0000000081600000|100%|HC|  |TAMS 0x0000000081600000, 0x0000000081600000| Complete 
|  22|0x0000000081600000, 0x0000000081700000, 0x0000000081700000|100%|HC|  |TAMS 0x0000000081700000, 0x0000000081700000| Complete 
|  23|0x0000000081700000, 0x0000000081800000, 0x0000000081800000|100%|HS|  |TAMS 0x0000000081800000, 0x0000000081800000| Complete 
|  24|0x0000000081800000, 0x0000000081900000, 0x0000000081900000|100%|HC|  |TAMS 0x0000000081900000, 0x0000000081900000| Complete 
|  25|0x0000000081900000, 0x0000000081a00000, 0x0000000081a00000|100%|HC|  |TAMS 0x0000000081a00000, 0x0000000081a00000| Complete 
|  26|0x0000000081a00000, 0x0000000081b00000, 0x0000000081b00000|100%| O|  |TAMS 0x0000000081b00000, 0x0000000081b00000| Untracked 
|  27|0x0000000081b00000, 0x0000000081c00000, 0x0000000081c00000|100%| O|  |TAMS 0x0000000081c00000, 0x0000000081c00000| Untracked 
|  28|0x0000000081c00000, 0x0000000081d00000, 0x0000000081d00000|100%|HS|  |TAMS 0x0000000081d00000, 0x0000000081d00000| Complete 
|  29|0x0000000081d00000, 0x0000000081e00000, 0x0000000081e00000|100%|HC|  |TAMS 0x0000000081e00000, 0x0000000081e00000| Complete 
|  30|0x0000000081e00000, 0x0000000081f00000, 0x0000000081f00000|100%|HC|  |TAMS 0x0000000081f00000, 0x0000000081f00000| Complete 
|  31|0x0000000081f00000, 0x0000000082000000, 0x0000000082000000|100%|HC|  |TAMS 0x0000000082000000, 0x0000000082000000| Complete 
|  32|0x0000000082000000, 0x0000000082100000, 0x0000000082100000|100%|HC|  |TAMS 0x0000000082100000, 0x0000000082100000| Complete 
|  33|0x0000000082100000, 0x0000000082200000, 0x0000000082200000|100%|HC|  |TAMS 0x0000000082200000, 0x0000000082200000| Complete 
|  34|0x0000000082200000, 0x0000000082300000, 0x0000000082300000|100%|HC|  |TAMS 0x0000000082300000, 0x0000000082300000| Complete 
|  35|0x0000000082300000, 0x0000000082400000, 0x0000000082400000|100%|HC|  |TAMS 0x0000000082400000, 0x0000000082400000| Complete 
|  36|0x0000000082400000, 0x0000000082500000, 0x0000000082500000|100%|HC|  |TAMS 0x0000000082500000, 0x0000000082500000| Complete 
|  37|0x0000000082500000, 0x0000000082600000, 0x0000000082600000|100%|HC|  |TAMS 0x0000000082600000, 0x0000000082600000| Complete 
|  38|0x0000000082600000, 0x0000000082700000, 0x0000000082700000|100%|HC|  |TAMS 0x0000000082700000, 0x0000000082700000| Complete 
|  39|0x0000000082700000, 0x0000000082800000, 0x0000000082800000|100%|HC|  |TAMS 0x0000000082800000, 0x0000000082800000| Complete 
|  40|0x0000000082800000, 0x0000000082900000, 0x0000000082900000|100%| O|  |TAMS 0x0000000082900000, 0x0000000082900000| Untracked 
|  41|0x0000000082900000, 0x0000000082a00000, 0x0000000082a00000|100%|HS|  |TAMS 0x0000000082a00000, 0x0000000082a00000| Complete 
|  42|0x0000000082a00000, 0x0000000082b00000, 0x0000000082b00000|100%|HC|  |TAMS 0x0000000082b00000, 0x0000000082b00000| Complete 
|  43|0x0000000082b00000, 0x0000000082c00000, 0x0000000082c00000|100%| O|  |TAMS 0x0000000082c00000, 0x0000000082c00000| Untracked 
|  44|0x0000000082c00000, 0x0000000082d00000, 0x0000000082d00000|100%| O|  |TAMS 0x0000000082d00000, 0x0000000082d00000| Untracked 
|  45|0x0000000082d00000, 0x0000000082e00000, 0x0000000082e00000|100%| O|  |TAMS 0x0000000082e00000, 0x0000000082e00000| Untracked 
|  46|0x0000000082e00000, 0x0000000082f00000, 0x0000000082f00000|100%| O|  |TAMS 0x0000000082f00000, 0x0000000082f00000| Untracked 
|  47|0x0000000082f00000, 0x0000000083000000, 0x0000000083000000|100%| O|  |TAMS 0x0000000083000000, 0x0000000083000000| Untracked 
|  48|0x0000000083000000, 0x0000000083100000, 0x0000000083100000|100%| O|  |TAMS 0x0000000083100000, 0x0000000083100000| Untracked 
|  49|0x0000000083100000, 0x0000000083200000, 0x0000000083200000|100%| O|  |TAMS 0x0000000083200000, 0x0000000083200000| Untracked 
|  50|0x0000000083200000, 0x0000000083300000, 0x0000000083300000|100%| O|  |TAMS 0x0000000083300000, 0x0000000083300000| Untracked 
|  51|0x0000000083300000, 0x0000000083400000, 0x0000000083400000|100%| O|  |TAMS 0x0000000083400000, 0x0000000083400000| Untracked 
|  52|0x0000000083400000, 0x0000000083500000, 0x0000000083500000|100%| O|  |TAMS 0x0000000083500000, 0x0000000083500000| Untracked 
|  53|0x0000000083500000, 0x0000000083600000, 0x0000000083600000|100%| O|  |TAMS 0x0000000083600000, 0x0000000083600000| Untracked 
|  54|0x0000000083600000, 0x0000000083700000, 0x0000000083700000|100%| O|  |TAMS 0x0000000083700000, 0x0000000083700000| Untracked 
|  55|0x0000000083700000, 0x0000000083800000, 0x0000000083800000|100%| O|  |TAMS 0x0000000083800000, 0x0000000083800000| Untracked 
|  56|0x0000000083800000, 0x0000000083900000, 0x0000000083900000|100%|HS|  |TAMS 0x0000000083900000, 0x0000000083900000| Complete 
|  57|0x0000000083900000, 0x0000000083a00000, 0x0000000083a00000|100%|HC|  |TAMS 0x0000000083a00000, 0x0000000083a00000| Complete 
|  58|0x0000000083a00000, 0x0000000083b00000, 0x0000000083b00000|100%|HC|  |TAMS 0x0000000083b00000, 0x0000000083b00000| Complete 
|  59|0x0000000083b00000, 0x0000000083c00000, 0x0000000083c00000|100%| O|  |TAMS 0x0000000083c00000, 0x0000000083c00000| Untracked 
|  60|0x0000000083c00000, 0x0000000083d00000, 0x0000000083d00000|100%| O|  |TAMS 0x0000000083d00000, 0x0000000083d00000| Untracked 
|  61|0x0000000083d00000, 0x0000000083e00000, 0x0000000083e00000|100%| O|  |TAMS 0x0000000083e00000, 0x0000000083e00000| Untracked 
|  62|0x0000000083e00000, 0x0000000083f00000, 0x0000000083f00000|100%| O|  |TAMS 0x0000000083f00000, 0x0000000083f00000| Untracked 
|  63|0x0000000083f00000, 0x0000000084000000, 0x0000000084000000|100%| O|  |TAMS 0x0000000084000000, 0x0000000084000000| Untracked 
|  64|0x0000000084000000, 0x0000000084100000, 0x0000000084100000|100%| O|  |TAMS 0x0000000084100000, 0x0000000084100000| Untracked 
|  65|0x0000000084100000, 0x0000000084200000, 0x0000000084200000|100%| O|  |TAMS 0x0000000084200000, 0x0000000084200000| Untracked 
|  66|0x0000000084200000, 0x0000000084300000, 0x0000000084300000|100%| O|  |TAMS 0x0000000084300000, 0x0000000084300000| Untracked 
|  67|0x0000000084300000, 0x0000000084400000, 0x0000000084400000|100%| O|  |TAMS 0x0000000084400000, 0x0000000084400000| Untracked 
|  68|0x0000000084400000, 0x0000000084500000, 0x0000000084500000|100%| O|  |TAMS 0x0000000084500000, 0x0000000084500000| Untracked 
|  69|0x0000000084500000, 0x0000000084600000, 0x0000000084600000|100%|HS|  |TAMS 0x0000000084600000, 0x0000000084600000| Complete 
|  70|0x0000000084600000, 0x0000000084700000, 0x0000000084700000|100%|HS|  |TAMS 0x0000000084700000, 0x0000000084700000| Complete 
|  71|0x0000000084700000, 0x0000000084800000, 0x0000000084800000|100%|HS|  |TAMS 0x0000000084800000, 0x0000000084800000| Complete 
|  72|0x0000000084800000, 0x0000000084900000, 0x0000000084900000|100%|HS|  |TAMS 0x0000000084900000, 0x0000000084900000| Complete 
|  73|0x0000000084900000, 0x0000000084a00000, 0x0000000084a00000|100%|HS|  |TAMS 0x0000000084a00000, 0x0000000084a00000| Complete 
|  74|0x0000000084a00000, 0x0000000084b00000, 0x0000000084b00000|100%|HS|  |TAMS 0x0000000084b00000, 0x0000000084b00000| Complete 
|  75|0x0000000084b00000, 0x0000000084c00000, 0x0000000084c00000|100%|HS|  |TAMS 0x0000000084c00000, 0x0000000084c00000| Complete 
|  76|0x0000000084c00000, 0x0000000084d00000, 0x0000000084d00000|100%|HC|  |TAMS 0x0000000084d00000, 0x0000000084d00000| Complete 
|  77|0x0000000084d00000, 0x0000000084e00000, 0x0000000084e00000|100%|HC|  |TAMS 0x0000000084e00000, 0x0000000084e00000| Complete 
|  78|0x0000000084e00000, 0x0000000084f00000, 0x0000000084f00000|100%| O|  |TAMS 0x0000000084f00000, 0x0000000084f00000| Untracked 
|  79|0x0000000084f00000, 0x0000000085000000, 0x0000000085000000|100%| O|  |TAMS 0x0000000085000000, 0x0000000085000000| Untracked 
|  80|0x0000000085000000, 0x0000000085100000, 0x0000000085100000|100%| O|  |TAMS 0x0000000085100000, 0x0000000085100000| Untracked 
|  81|0x0000000085100000, 0x0000000085200000, 0x0000000085200000|100%| O|  |TAMS 0x0000000085200000, 0x0000000085200000| Untracked 
|  82|0x0000000085200000, 0x0000000085300000, 0x0000000085300000|100%| O|  |TAMS 0x0000000085300000, 0x0000000085300000| Untracked 
|  83|0x0000000085300000, 0x0000000085400000, 0x0000000085400000|100%| O|  |TAMS 0x0000000085400000, 0x0000000085400000| Untracked 
|  84|0x0000000085400000, 0x0000000085500000, 0x0000000085500000|100%| O|  |TAMS 0x0000000085500000, 0x0000000085500000| Untracked 
|  85|0x0000000085500000, 0x0000000085600000, 0x0000000085600000|100%| O|  |TAMS 0x0000000085600000, 0x0000000085600000| Untracked 
|  86|0x0000000085600000, 0x0000000085700000, 0x0000000085700000|100%| O|  |TAMS 0x0000000085700000, 0x0000000085700000| Untracked 
|  87|0x0000000085700000, 0x0000000085800000, 0x0000000085800000|100%| O|  |TAMS 0x0000000085800000, 0x0000000085800000| Untracked 
|  88|0x0000000085800000, 0x0000000085900000, 0x0000000085900000|100%| O|  |TAMS 0x0000000085900000, 0x0000000085900000| Untracked 
|  89|0x0000000085900000, 0x0000000085a00000, 0x0000000085a00000|100%| O|  |TAMS 0x0000000085a00000, 0x0000000085a00000| Untracked 
|  90|0x0000000085a00000, 0x0000000085b00000, 0x0000000085b00000|100%| O|  |TAMS 0x0000000085b00000, 0x0000000085b00000| Untracked 
|  91|0x0000000085b00000, 0x0000000085c00000, 0x0000000085c00000|100%| O|  |TAMS 0x0000000085c00000, 0x0000000085c00000| Untracked 
|  92|0x0000000085c00000, 0x0000000085d00000, 0x0000000085d00000|100%| O|  |TAMS 0x0000000085d00000, 0x0000000085d00000| Untracked 
|  93|0x0000000085d00000, 0x0000000085e00000, 0x0000000085e00000|100%|HS|  |TAMS 0x0000000085e00000, 0x0000000085e00000| Complete 
|  94|0x0000000085e00000, 0x0000000085f00000, 0x0000000085f00000|100%|HC|  |TAMS 0x0000000085f00000, 0x0000000085f00000| Complete 
|  95|0x0000000085f00000, 0x0000000086000000, 0x0000000086000000|100%|HC|  |TAMS 0x0000000086000000, 0x0000000086000000| Complete 
|  96|0x0000000086000000, 0x0000000086100000, 0x0000000086100000|100%| O|  |TAMS 0x0000000086100000, 0x0000000086100000| Untracked 
|  97|0x0000000086100000, 0x0000000086200000, 0x0000000086200000|100%| O|  |TAMS 0x0000000086200000, 0x0000000086200000| Untracked 
|  98|0x0000000086200000, 0x0000000086300000, 0x0000000086300000|100%| O|  |TAMS 0x0000000086300000, 0x0000000086300000| Untracked 
|  99|0x0000000086300000, 0x0000000086400000, 0x0000000086400000|100%| O|  |TAMS 0x0000000086400000, 0x0000000086400000| Untracked 
| 100|0x0000000086400000, 0x0000000086500000, 0x0000000086500000|100%| O|  |TAMS 0x0000000086500000, 0x0000000086500000| Untracked 
| 101|0x0000000086500000, 0x0000000086600000, 0x0000000086600000|100%| O|  |TAMS 0x0000000086600000, 0x0000000086600000| Untracked 
| 102|0x0000000086600000, 0x0000000086700000, 0x0000000086700000|100%| O|  |TAMS 0x0000000086700000, 0x0000000086700000| Untracked 
| 103|0x0000000086700000, 0x0000000086800000, 0x0000000086800000|100%|HS|  |TAMS 0x0000000086800000, 0x0000000086800000| Complete 
| 104|0x0000000086800000, 0x0000000086900000, 0x0000000086900000|100%|HC|  |TAMS 0x0000000086900000, 0x0000000086900000| Complete 
| 105|0x0000000086900000, 0x0000000086a00000, 0x0000000086a00000|100%|HS|  |TAMS 0x0000000086a00000, 0x0000000086a00000| Complete 
| 106|0x0000000086a00000, 0x0000000086b00000, 0x0000000086b00000|100%|HC|  |TAMS 0x0000000086b00000, 0x0000000086b00000| Complete 
| 107|0x0000000086b00000, 0x0000000086c00000, 0x0000000086c00000|100%|HC|  |TAMS 0x0000000086c00000, 0x0000000086c00000| Complete 
| 108|0x0000000086c00000, 0x0000000086d00000, 0x0000000086d00000|100%|HS|  |TAMS 0x0000000086d00000, 0x0000000086d00000| Complete 
| 109|0x0000000086d00000, 0x0000000086e00000, 0x0000000086e00000|100%|HC|  |TAMS 0x0000000086e00000, 0x0000000086e00000| Complete 
| 110|0x0000000086e00000, 0x0000000086f00000, 0x0000000086f00000|100%|HC|  |TAMS 0x0000000086f00000, 0x0000000086f00000| Complete 
| 111|0x0000000086f00000, 0x0000000087000000, 0x0000000087000000|100%| O|  |TAMS 0x0000000087000000, 0x0000000087000000| Untracked 
| 112|0x0000000087000000, 0x0000000087100000, 0x0000000087100000|100%|HS|  |TAMS 0x0000000087100000, 0x0000000087100000| Complete 
| 113|0x0000000087100000, 0x0000000087200000, 0x0000000087200000|100%|HC|  |TAMS 0x0000000087200000, 0x0000000087200000| Complete 
| 114|0x0000000087200000, 0x0000000087300000, 0x0000000087300000|100%|HC|  |TAMS 0x0000000087300000, 0x0000000087300000| Complete 
| 115|0x0000000087300000, 0x0000000087400000, 0x0000000087400000|100%|HC|  |TAMS 0x0000000087400000, 0x0000000087400000| Complete 
| 116|0x0000000087400000, 0x0000000087500000, 0x0000000087500000|100%|HC|  |TAMS 0x0000000087500000, 0x0000000087500000| Complete 
| 117|0x0000000087500000, 0x0000000087600000, 0x0000000087600000|100%|HC|  |TAMS 0x0000000087600000, 0x0000000087600000| Complete 
| 118|0x0000000087600000, 0x0000000087700000, 0x0000000087700000|100%|HC|  |TAMS 0x0000000087700000, 0x0000000087700000| Complete 
| 119|0x0000000087700000, 0x0000000087800000, 0x0000000087800000|100%|HC|  |TAMS 0x0000000087800000, 0x0000000087800000| Complete 
| 120|0x0000000087800000, 0x0000000087900000, 0x0000000087900000|100%|HC|  |TAMS 0x0000000087900000, 0x0000000087900000| Complete 
| 121|0x0000000087900000, 0x0000000087a00000, 0x0000000087a00000|100%|HC|  |TAMS 0x0000000087a00000, 0x0000000087a00000| Complete 
| 122|0x0000000087a00000, 0x0000000087b00000, 0x0000000087b00000|100%|HC|  |TAMS 0x0000000087b00000, 0x0000000087b00000| Complete 
| 123|0x0000000087b00000, 0x0000000087c00000, 0x0000000087c00000|100%|HC|  |TAMS 0x0000000087c00000, 0x0000000087c00000| Complete 
| 124|0x0000000087c00000, 0x0000000087d00000, 0x0000000087d00000|100%|HS|  |TAMS 0x0000000087d00000, 0x0000000087d00000| Complete 
| 125|0x0000000087d00000, 0x0000000087e00000, 0x0000000087e00000|100%|HC|  |TAMS 0x0000000087e00000, 0x0000000087e00000| Complete 
| 126|0x0000000087e00000, 0x0000000087f00000, 0x0000000087f00000|100%| O|  |TAMS 0x0000000087f00000, 0x0000000087f00000| Untracked 
| 127|0x0000000087f00000, 0x0000000088000000, 0x0000000088000000|100%| O|  |TAMS 0x0000000088000000, 0x0000000088000000| Untracked 
| 128|0x0000000088000000, 0x0000000088100000, 0x0000000088100000|100%| O|  |TAMS 0x0000000088100000, 0x0000000088100000| Untracked 
| 129|0x0000000088100000, 0x0000000088200000, 0x0000000088200000|100%| O|  |TAMS 0x0000000088200000, 0x0000000088200000| Untracked 
| 130|0x0000000088200000, 0x0000000088300000, 0x0000000088300000|100%| O|  |TAMS 0x0000000088300000, 0x0000000088300000| Untracked 
| 131|0x0000000088300000, 0x0000000088400000, 0x0000000088400000|100%| O|  |TAMS 0x0000000088400000, 0x0000000088400000| Untracked 
| 132|0x0000000088400000, 0x0000000088500000, 0x0000000088500000|100%| O|  |TAMS 0x0000000088500000, 0x0000000088500000| Untracked 
| 133|0x0000000088500000, 0x0000000088600000, 0x0000000088600000|100%| O|  |TAMS 0x0000000088600000, 0x0000000088600000| Untracked 
| 134|0x0000000088600000, 0x0000000088700000, 0x0000000088700000|100%| O|  |TAMS 0x0000000088700000, 0x0000000088700000| Untracked 
| 135|0x0000000088700000, 0x0000000088800000, 0x0000000088800000|100%| O|  |TAMS 0x0000000088800000, 0x0000000088800000| Untracked 
| 136|0x0000000088800000, 0x0000000088900000, 0x0000000088900000|100%| O|  |TAMS 0x0000000088900000, 0x0000000088900000| Untracked 
| 137|0x0000000088900000, 0x0000000088a00000, 0x0000000088a00000|100%| O|  |TAMS 0x0000000088a00000, 0x0000000088a00000| Untracked 
| 138|0x0000000088a00000, 0x0000000088b00000, 0x0000000088b00000|100%| O|  |TAMS 0x0000000088b00000, 0x0000000088b00000| Untracked 
| 139|0x0000000088b00000, 0x0000000088c00000, 0x0000000088c00000|100%| O|  |TAMS 0x0000000088b00000, 0x0000000088c00000| Untracked 
| 140|0x0000000088c00000, 0x0000000088d00000, 0x0000000088d00000|100%| O|  |TAMS 0x0000000088d00000, 0x0000000088d00000| Untracked 
| 141|0x0000000088d00000, 0x0000000088d00000, 0x0000000088e00000|  0%| F|  |TAMS 0x0000000088d00000, 0x0000000088d00000| Untracked 
| 142|0x0000000088e00000, 0x0000000088f00000, 0x0000000088f00000|100%| O|  |TAMS 0x0000000088f00000, 0x0000000088f00000| Untracked 
| 143|0x0000000088f00000, 0x0000000089000000, 0x0000000089000000|100%| O|  |TAMS 0x0000000089000000, 0x0000000089000000| Untracked 
| 144|0x0000000089000000, 0x0000000089100000, 0x0000000089100000|100%| O|  |TAMS 0x0000000089000000, 0x0000000089100000| Untracked 
| 145|0x0000000089100000, 0x0000000089200000, 0x0000000089200000|100%| O|  |TAMS 0x0000000089200000, 0x0000000089200000| Untracked 
| 146|0x0000000089200000, 0x0000000089300000, 0x0000000089300000|100%| O|  |TAMS 0x0000000089300000, 0x0000000089300000| Untracked 
| 147|0x0000000089300000, 0x0000000089400000, 0x0000000089400000|100%| O|  |TAMS 0x0000000089400000, 0x0000000089400000| Untracked 
| 148|0x0000000089400000, 0x0000000089500000, 0x0000000089500000|100%| O|  |TAMS 0x0000000089500000, 0x0000000089500000| Untracked 
| 149|0x0000000089500000, 0x0000000089600000, 0x0000000089600000|100%| O|  |TAMS 0x0000000089600000, 0x0000000089600000| Untracked 
| 150|0x0000000089600000, 0x0000000089700000, 0x0000000089700000|100%| O|  |TAMS 0x0000000089700000, 0x0000000089700000| Untracked 
| 151|0x0000000089700000, 0x0000000089800000, 0x0000000089800000|100%| O|  |TAMS 0x0000000089800000, 0x0000000089800000| Untracked 
| 152|0x0000000089800000, 0x0000000089900000, 0x0000000089900000|100%| O|  |TAMS 0x0000000089800000, 0x0000000089900000| Untracked 
| 153|0x0000000089900000, 0x0000000089a00000, 0x0000000089a00000|100%| O|  |TAMS 0x0000000089a00000, 0x0000000089a00000| Untracked 
| 154|0x0000000089a00000, 0x0000000089b00000, 0x0000000089b00000|100%| O|  |TAMS 0x0000000089b00000, 0x0000000089b00000| Untracked 
| 155|0x0000000089b00000, 0x0000000089b00000, 0x0000000089c00000|  0%| F|  |TAMS 0x0000000089b00000, 0x0000000089b00000| Untracked 
| 156|0x0000000089c00000, 0x0000000089c00000, 0x0000000089d00000|  0%| F|  |TAMS 0x0000000089c00000, 0x0000000089c00000| Untracked 
| 157|0x0000000089d00000, 0x0000000089e00000, 0x0000000089e00000|100%| O|  |TAMS 0x0000000089e00000, 0x0000000089e00000| Untracked 
| 158|0x0000000089e00000, 0x0000000089f00000, 0x0000000089f00000|100%| O|  |TAMS 0x0000000089f00000, 0x0000000089f00000| Untracked 
| 159|0x0000000089f00000, 0x000000008a000000, 0x000000008a000000|100%| O|  |TAMS 0x000000008a000000, 0x000000008a000000| Untracked 
| 160|0x000000008a000000, 0x000000008a100000, 0x000000008a100000|100%| O|  |TAMS 0x000000008a100000, 0x000000008a100000| Untracked 
| 161|0x000000008a100000, 0x000000008a200000, 0x000000008a200000|100%| O|  |TAMS 0x000000008a200000, 0x000000008a200000| Untracked 
| 162|0x000000008a200000, 0x000000008a300000, 0x000000008a300000|100%| O|  |TAMS 0x000000008a300000, 0x000000008a300000| Untracked 
| 163|0x000000008a300000, 0x000000008a400000, 0x000000008a400000|100%| O|  |TAMS 0x000000008a400000, 0x000000008a400000| Untracked 
| 164|0x000000008a400000, 0x000000008a500000, 0x000000008a500000|100%| O|  |TAMS 0x000000008a500000, 0x000000008a500000| Untracked 
| 165|0x000000008a500000, 0x000000008a600000, 0x000000008a600000|100%| O|  |TAMS 0x000000008a600000, 0x000000008a600000| Untracked 
| 166|0x000000008a600000, 0x000000008a700000, 0x000000008a700000|100%| O|  |TAMS 0x000000008a700000, 0x000000008a700000| Untracked 
| 167|0x000000008a700000, 0x000000008a800000, 0x000000008a800000|100%| O|  |TAMS 0x000000008a71e000, 0x000000008a800000| Untracked 
| 168|0x000000008a800000, 0x000000008a900000, 0x000000008a900000|100%| O|  |TAMS 0x000000008a900000, 0x000000008a900000| Untracked 
| 169|0x000000008a900000, 0x000000008aa00000, 0x000000008aa00000|100%| O|  |TAMS 0x000000008aa00000, 0x000000008aa00000| Untracked 
| 170|0x000000008aa00000, 0x000000008ab00000, 0x000000008ab00000|100%| O|  |TAMS 0x000000008ab00000, 0x000000008ab00000| Untracked 
| 171|0x000000008ab00000, 0x000000008ac00000, 0x000000008ac00000|100%| O|  |TAMS 0x000000008ac00000, 0x000000008ac00000| Untracked 
| 172|0x000000008ac00000, 0x000000008ad00000, 0x000000008ad00000|100%| O|  |TAMS 0x000000008ad00000, 0x000000008ad00000| Untracked 
| 173|0x000000008ad00000, 0x000000008ad00000, 0x000000008ae00000|  0%| F|  |TAMS 0x000000008ad00000, 0x000000008ad00000| Untracked 
| 174|0x000000008ae00000, 0x000000008ae00000, 0x000000008af00000|  0%| F|  |TAMS 0x000000008ae00000, 0x000000008ae00000| Untracked 
| 175|0x000000008af00000, 0x000000008af64600, 0x000000008b000000| 39%| O|  |TAMS 0x000000008af00000, 0x000000008af64600| Untracked 
| 176|0x000000008b000000, 0x000000008b000000, 0x000000008b100000|  0%| F|  |TAMS 0x000000008b000000, 0x000000008b000000| Untracked 
| 177|0x000000008b100000, 0x000000008b100000, 0x000000008b200000|  0%| F|  |TAMS 0x000000008b100000, 0x000000008b100000| Untracked 
| 178|0x000000008b200000, 0x000000008b200000, 0x000000008b300000|  0%| F|  |TAMS 0x000000008b200000, 0x000000008b200000| Untracked 
| 179|0x000000008b300000, 0x000000008b300000, 0x000000008b400000|  0%| F|  |TAMS 0x000000008b300000, 0x000000008b300000| Untracked 
| 180|0x000000008b400000, 0x000000008b400000, 0x000000008b500000|  0%| F|  |TAMS 0x000000008b400000, 0x000000008b400000| Untracked 
| 181|0x000000008b500000, 0x000000008b500000, 0x000000008b600000|  0%| F|  |TAMS 0x000000008b500000, 0x000000008b500000| Untracked 
| 182|0x000000008b600000, 0x000000008b600000, 0x000000008b700000|  0%| F|  |TAMS 0x000000008b600000, 0x000000008b600000| Untracked 
| 183|0x000000008b700000, 0x000000008b700000, 0x000000008b800000|  0%| F|  |TAMS 0x000000008b700000, 0x000000008b700000| Untracked 
| 184|0x000000008b800000, 0x000000008b800000, 0x000000008b900000|  0%| F|  |TAMS 0x000000008b800000, 0x000000008b800000| Untracked 
| 185|0x000000008b900000, 0x000000008b900000, 0x000000008ba00000|  0%| F|  |TAMS 0x000000008b900000, 0x000000008b900000| Untracked 
| 186|0x000000008ba00000, 0x000000008ba00000, 0x000000008bb00000|  0%| F|  |TAMS 0x000000008ba00000, 0x000000008ba00000| Untracked 
| 187|0x000000008bb00000, 0x000000008bb00000, 0x000000008bc00000|  0%| F|  |TAMS 0x000000008bb00000, 0x000000008bb00000| Untracked 
| 188|0x000000008bc00000, 0x000000008bc00000, 0x000000008bd00000|  0%| F|  |TAMS 0x000000008bc00000, 0x000000008bc00000| Untracked 
| 189|0x000000008bd00000, 0x000000008bd00000, 0x000000008be00000|  0%| F|  |TAMS 0x000000008bd00000, 0x000000008bd00000| Untracked 
| 190|0x000000008be00000, 0x000000008bf00000, 0x000000008bf00000|100%| O|  |TAMS 0x000000008bf00000, 0x000000008bf00000| Untracked 
| 191|0x000000008bf00000, 0x000000008bf00000, 0x000000008c000000|  0%| F|  |TAMS 0x000000008bf00000, 0x000000008bf00000| Untracked 
| 192|0x000000008c000000, 0x000000008c000000, 0x000000008c100000|  0%| F|  |TAMS 0x000000008c000000, 0x000000008c000000| Untracked 
| 193|0x000000008c100000, 0x000000008c100000, 0x000000008c200000|  0%| F|  |TAMS 0x000000008c100000, 0x000000008c100000| Untracked 
| 194|0x000000008c200000, 0x000000008c200000, 0x000000008c300000|  0%| F|  |TAMS 0x000000008c200000, 0x000000008c200000| Untracked 
| 195|0x000000008c300000, 0x000000008c300000, 0x000000008c400000|  0%| F|  |TAMS 0x000000008c300000, 0x000000008c300000| Untracked 
| 196|0x000000008c400000, 0x000000008c400000, 0x000000008c500000|  0%| F|  |TAMS 0x000000008c400000, 0x000000008c400000| Untracked 
| 197|0x000000008c500000, 0x000000008c500000, 0x000000008c600000|  0%| F|  |TAMS 0x000000008c500000, 0x000000008c500000| Untracked 
| 198|0x000000008c600000, 0x000000008c600000, 0x000000008c700000|  0%| F|  |TAMS 0x000000008c600000, 0x000000008c600000| Untracked 
| 199|0x000000008c700000, 0x000000008c700000, 0x000000008c800000|  0%| F|  |TAMS 0x000000008c700000, 0x000000008c700000| Untracked 
| 200|0x000000008c800000, 0x000000008c800000, 0x000000008c900000|  0%| F|  |TAMS 0x000000008c800000, 0x000000008c800000| Untracked 
| 201|0x000000008c900000, 0x000000008c900000, 0x000000008ca00000|  0%| F|  |TAMS 0x000000008c900000, 0x000000008c900000| Untracked 
| 202|0x000000008ca00000, 0x000000008ca00000, 0x000000008cb00000|  0%| F|  |TAMS 0x000000008ca00000, 0x000000008ca00000| Untracked 
| 203|0x000000008cb00000, 0x000000008cb00000, 0x000000008cc00000|  0%| F|  |TAMS 0x000000008cb00000, 0x000000008cb00000| Untracked 
| 204|0x000000008cc00000, 0x000000008cc00000, 0x000000008cd00000|  0%| F|  |TAMS 0x000000008cc00000, 0x000000008cc00000| Untracked 
| 205|0x000000008cd00000, 0x000000008cd00000, 0x000000008ce00000|  0%| F|  |TAMS 0x000000008cd00000, 0x000000008cd00000| Untracked 
| 206|0x000000008ce00000, 0x000000008ce00000, 0x000000008cf00000|  0%| F|  |TAMS 0x000000008ce00000, 0x000000008ce00000| Untracked 
| 207|0x000000008cf00000, 0x000000008cf00000, 0x000000008d000000|  0%| F|  |TAMS 0x000000008cf00000, 0x000000008cf00000| Untracked 
| 208|0x000000008d000000, 0x000000008d000000, 0x000000008d100000|  0%| F|  |TAMS 0x000000008d000000, 0x000000008d000000| Untracked 
| 209|0x000000008d100000, 0x000000008d100000, 0x000000008d200000|  0%| F|  |TAMS 0x000000008d100000, 0x000000008d100000| Untracked 
| 210|0x000000008d200000, 0x000000008d200000, 0x000000008d300000|  0%| F|  |TAMS 0x000000008d200000, 0x000000008d200000| Untracked 
| 211|0x000000008d300000, 0x000000008d300000, 0x000000008d400000|  0%| F|  |TAMS 0x000000008d300000, 0x000000008d300000| Untracked 
| 212|0x000000008d400000, 0x000000008d400000, 0x000000008d500000|  0%| F|  |TAMS 0x000000008d400000, 0x000000008d400000| Untracked 
| 213|0x000000008d500000, 0x000000008d500000, 0x000000008d600000|  0%| F|  |TAMS 0x000000008d500000, 0x000000008d500000| Untracked 
| 214|0x000000008d600000, 0x000000008d600000, 0x000000008d700000|  0%| F|  |TAMS 0x000000008d600000, 0x000000008d600000| Untracked 
| 215|0x000000008d700000, 0x000000008d700000, 0x000000008d800000|  0%| F|  |TAMS 0x000000008d700000, 0x000000008d700000| Untracked 
| 216|0x000000008d800000, 0x000000008d800000, 0x000000008d900000|  0%| F|  |TAMS 0x000000008d800000, 0x000000008d800000| Untracked 
| 217|0x000000008d900000, 0x000000008d900000, 0x000000008da00000|  0%| F|  |TAMS 0x000000008d900000, 0x000000008d900000| Untracked 
| 218|0x000000008da00000, 0x000000008da00000, 0x000000008db00000|  0%| F|  |TAMS 0x000000008da00000, 0x000000008da00000| Untracked 
| 219|0x000000008db00000, 0x000000008db00000, 0x000000008dc00000|  0%| F|  |TAMS 0x000000008db00000, 0x000000008db00000| Untracked 
| 220|0x000000008dc00000, 0x000000008dc00000, 0x000000008dd00000|  0%| F|  |TAMS 0x000000008dc00000, 0x000000008dc00000| Untracked 
| 221|0x000000008dd00000, 0x000000008dd00000, 0x000000008de00000|  0%| F|  |TAMS 0x000000008dd00000, 0x000000008dd00000| Untracked 
| 222|0x000000008de00000, 0x000000008de00000, 0x000000008df00000|  0%| F|  |TAMS 0x000000008de00000, 0x000000008de00000| Untracked 
| 223|0x000000008df00000, 0x000000008df00000, 0x000000008e000000|  0%| F|  |TAMS 0x000000008df00000, 0x000000008df00000| Untracked 
| 224|0x000000008e000000, 0x000000008e000000, 0x000000008e100000|  0%| F|  |TAMS 0x000000008e000000, 0x000000008e000000| Untracked 
| 225|0x000000008e100000, 0x000000008e100000, 0x000000008e200000|  0%| F|  |TAMS 0x000000008e100000, 0x000000008e100000| Untracked 
| 226|0x000000008e200000, 0x000000008e200000, 0x000000008e300000|  0%| F|  |TAMS 0x000000008e200000, 0x000000008e200000| Untracked 
| 227|0x000000008e300000, 0x000000008e300000, 0x000000008e400000|  0%| F|  |TAMS 0x000000008e300000, 0x000000008e300000| Untracked 
| 228|0x000000008e400000, 0x000000008e400000, 0x000000008e500000|  0%| F|  |TAMS 0x000000008e400000, 0x000000008e400000| Untracked 
| 229|0x000000008e500000, 0x000000008e500000, 0x000000008e600000|  0%| F|  |TAMS 0x000000008e500000, 0x000000008e500000| Untracked 
| 230|0x000000008e600000, 0x000000008e600000, 0x000000008e700000|  0%| F|  |TAMS 0x000000008e600000, 0x000000008e600000| Untracked 
| 231|0x000000008e700000, 0x000000008e700000, 0x000000008e800000|  0%| F|  |TAMS 0x000000008e700000, 0x000000008e700000| Untracked 
| 232|0x000000008e800000, 0x000000008e800000, 0x000000008e900000|  0%| F|  |TAMS 0x000000008e800000, 0x000000008e800000| Untracked 
| 233|0x000000008e900000, 0x000000008e900000, 0x000000008ea00000|  0%| F|  |TAMS 0x000000008e900000, 0x000000008e900000| Untracked 
| 234|0x000000008ea00000, 0x000000008ea00000, 0x000000008eb00000|  0%| F|  |TAMS 0x000000008ea00000, 0x000000008ea00000| Untracked 
| 235|0x000000008eb00000, 0x000000008eb00000, 0x000000008ec00000|  0%| F|  |TAMS 0x000000008eb00000, 0x000000008eb00000| Untracked 
| 236|0x000000008ec00000, 0x000000008ec00000, 0x000000008ed00000|  0%| F|  |TAMS 0x000000008ec00000, 0x000000008ec00000| Untracked 
| 237|0x000000008ed00000, 0x000000008ed00000, 0x000000008ee00000|  0%| F|  |TAMS 0x000000008ed00000, 0x000000008ed00000| Untracked 
| 238|0x000000008ee00000, 0x000000008ee00000, 0x000000008ef00000|  0%| F|  |TAMS 0x000000008ee00000, 0x000000008ee00000| Untracked 
| 239|0x000000008ef00000, 0x000000008ef00000, 0x000000008f000000|  0%| F|  |TAMS 0x000000008ef00000, 0x000000008ef00000| Untracked 
| 240|0x000000008f000000, 0x000000008f000000, 0x000000008f100000|  0%| F|  |TAMS 0x000000008f000000, 0x000000008f000000| Untracked 
| 241|0x000000008f100000, 0x000000008f100000, 0x000000008f200000|  0%| F|  |TAMS 0x000000008f100000, 0x000000008f100000| Untracked 
| 242|0x000000008f200000, 0x000000008f200000, 0x000000008f300000|  0%| F|  |TAMS 0x000000008f200000, 0x000000008f200000| Untracked 
| 243|0x000000008f300000, 0x000000008f35bd40, 0x000000008f400000| 35%| S|CS|TAMS 0x000000008f300000, 0x000000008f300000| Complete 
| 244|0x000000008f400000, 0x000000008f500000, 0x000000008f500000|100%| S|CS|TAMS 0x000000008f400000, 0x000000008f400000| Complete 
| 245|0x000000008f500000, 0x000000008f500000, 0x000000008f600000|  0%| F|  |TAMS 0x000000008f500000, 0x000000008f500000| Untracked 
| 246|0x000000008f600000, 0x000000008f600000, 0x000000008f700000|  0%| F|  |TAMS 0x000000008f600000, 0x000000008f600000| Untracked 
| 247|0x000000008f700000, 0x000000008f700000, 0x000000008f800000|  0%| F|  |TAMS 0x000000008f700000, 0x000000008f700000| Untracked 
| 248|0x000000008f800000, 0x000000008f800000, 0x000000008f900000|  0%| F|  |TAMS 0x000000008f800000, 0x000000008f800000| Untracked 
| 249|0x000000008f900000, 0x000000008f900000, 0x000000008fa00000|  0%| F|  |TAMS 0x000000008f900000, 0x000000008f900000| Untracked 
| 250|0x000000008fa00000, 0x000000008fa00000, 0x000000008fb00000|  0%| F|  |TAMS 0x000000008fa00000, 0x000000008fa00000| Untracked 
| 251|0x000000008fb00000, 0x000000008fb00000, 0x000000008fc00000|  0%| F|  |TAMS 0x000000008fb00000, 0x000000008fb00000| Untracked 
| 252|0x000000008fc00000, 0x000000008fc00000, 0x000000008fd00000|  0%| F|  |TAMS 0x000000008fc00000, 0x000000008fc00000| Untracked 
| 253|0x000000008fd00000, 0x000000008fd00000, 0x000000008fe00000|  0%| F|  |TAMS 0x000000008fd00000, 0x000000008fd00000| Untracked 
| 254|0x000000008fe00000, 0x000000008fe00000, 0x000000008ff00000|  0%| F|  |TAMS 0x000000008fe00000, 0x000000008fe00000| Untracked 
| 255|0x000000008ff00000, 0x000000008ff00000, 0x0000000090000000|  0%| F|  |TAMS 0x000000008ff00000, 0x000000008ff00000| Untracked 
| 256|0x0000000090000000, 0x0000000090000000, 0x0000000090100000|  0%| F|  |TAMS 0x0000000090000000, 0x0000000090000000| Untracked 
| 257|0x0000000090100000, 0x0000000090100000, 0x0000000090200000|  0%| F|  |TAMS 0x0000000090100000, 0x0000000090100000| Untracked 
| 258|0x0000000090200000, 0x0000000090200000, 0x0000000090300000|  0%| F|  |TAMS 0x0000000090200000, 0x0000000090200000| Untracked 
| 259|0x0000000090300000, 0x0000000090300000, 0x0000000090400000|  0%| F|  |TAMS 0x0000000090300000, 0x0000000090300000| Untracked 
| 260|0x0000000090400000, 0x0000000090400000, 0x0000000090500000|  0%| F|  |TAMS 0x0000000090400000, 0x0000000090400000| Untracked 
| 261|0x0000000090500000, 0x0000000090500000, 0x0000000090600000|  0%| F|  |TAMS 0x0000000090500000, 0x0000000090500000| Untracked 
| 262|0x0000000090600000, 0x0000000090600000, 0x0000000090700000|  0%| F|  |TAMS 0x0000000090600000, 0x0000000090600000| Untracked 
| 263|0x0000000090700000, 0x0000000090700000, 0x0000000090800000|  0%| F|  |TAMS 0x0000000090700000, 0x0000000090700000| Untracked 
| 264|0x0000000090800000, 0x0000000090800000, 0x0000000090900000|  0%| F|  |TAMS 0x0000000090800000, 0x0000000090800000| Untracked 
| 265|0x0000000090900000, 0x0000000090900000, 0x0000000090a00000|  0%| F|  |TAMS 0x0000000090900000, 0x0000000090900000| Untracked 
| 266|0x0000000090a00000, 0x0000000090a00000, 0x0000000090b00000|  0%| F|  |TAMS 0x0000000090a00000, 0x0000000090a00000| Untracked 
| 267|0x0000000090b00000, 0x0000000090b00000, 0x0000000090c00000|  0%| F|  |TAMS 0x0000000090b00000, 0x0000000090b00000| Untracked 
| 268|0x0000000090c00000, 0x0000000090c00000, 0x0000000090d00000|  0%| F|  |TAMS 0x0000000090c00000, 0x0000000090c00000| Untracked 
| 269|0x0000000090d00000, 0x0000000090d00000, 0x0000000090e00000|  0%| F|  |TAMS 0x0000000090d00000, 0x0000000090d00000| Untracked 
| 270|0x0000000090e00000, 0x0000000090e00000, 0x0000000090f00000|  0%| F|  |TAMS 0x0000000090e00000, 0x0000000090e00000| Untracked 
| 271|0x0000000090f00000, 0x0000000090f00000, 0x0000000091000000|  0%| F|  |TAMS 0x0000000090f00000, 0x0000000090f00000| Untracked 
| 272|0x0000000091000000, 0x0000000091000000, 0x0000000091100000|  0%| F|  |TAMS 0x0000000091000000, 0x0000000091000000| Untracked 
| 273|0x0000000091100000, 0x0000000091100000, 0x0000000091200000|  0%| F|  |TAMS 0x0000000091100000, 0x0000000091100000| Untracked 
| 274|0x0000000091200000, 0x0000000091200000, 0x0000000091300000|  0%| F|  |TAMS 0x0000000091200000, 0x0000000091200000| Untracked 
| 275|0x0000000091300000, 0x0000000091300000, 0x0000000091400000|  0%| F|  |TAMS 0x0000000091300000, 0x0000000091300000| Untracked 
| 276|0x0000000091400000, 0x0000000091400000, 0x0000000091500000|  0%| F|  |TAMS 0x0000000091400000, 0x0000000091400000| Untracked 
| 277|0x0000000091500000, 0x0000000091500000, 0x0000000091600000|  0%| F|  |TAMS 0x0000000091500000, 0x0000000091500000| Untracked 
| 278|0x0000000091600000, 0x0000000091600000, 0x0000000091700000|  0%| F|  |TAMS 0x0000000091600000, 0x0000000091600000| Untracked 
| 279|0x0000000091700000, 0x0000000091700000, 0x0000000091800000|  0%| F|  |TAMS 0x0000000091700000, 0x0000000091700000| Untracked 
| 280|0x0000000091800000, 0x0000000091800000, 0x0000000091900000|  0%| F|  |TAMS 0x0000000091800000, 0x0000000091800000| Untracked 
| 281|0x0000000091900000, 0x0000000091900000, 0x0000000091a00000|  0%| F|  |TAMS 0x0000000091900000, 0x0000000091900000| Untracked 
| 282|0x0000000091a00000, 0x0000000091a00000, 0x0000000091b00000|  0%| F|  |TAMS 0x0000000091a00000, 0x0000000091a00000| Untracked 
| 283|0x0000000091b00000, 0x0000000091b00000, 0x0000000091c00000|  0%| F|  |TAMS 0x0000000091b00000, 0x0000000091b00000| Untracked 
| 284|0x0000000091c00000, 0x0000000091c00000, 0x0000000091d00000|  0%| F|  |TAMS 0x0000000091c00000, 0x0000000091c00000| Untracked 
| 285|0x0000000091d00000, 0x0000000091d00000, 0x0000000091e00000|  0%| F|  |TAMS 0x0000000091d00000, 0x0000000091d00000| Untracked 
| 286|0x0000000091e00000, 0x0000000091e00000, 0x0000000091f00000|  0%| F|  |TAMS 0x0000000091e00000, 0x0000000091e00000| Untracked 
| 287|0x0000000091f00000, 0x0000000091f00000, 0x0000000092000000|  0%| F|  |TAMS 0x0000000091f00000, 0x0000000091f00000| Untracked 
| 288|0x0000000092000000, 0x0000000092000000, 0x0000000092100000|  0%| F|  |TAMS 0x0000000092000000, 0x0000000092000000| Untracked 
| 289|0x0000000092100000, 0x0000000092100000, 0x0000000092200000|  0%| F|  |TAMS 0x0000000092100000, 0x0000000092100000| Untracked 
| 290|0x0000000092200000, 0x0000000092200000, 0x0000000092300000|  0%| F|  |TAMS 0x0000000092200000, 0x0000000092200000| Untracked 
| 291|0x0000000092300000, 0x0000000092300000, 0x0000000092400000|  0%| F|  |TAMS 0x0000000092300000, 0x0000000092300000| Untracked 
| 292|0x0000000092400000, 0x0000000092400000, 0x0000000092500000|  0%| F|  |TAMS 0x0000000092400000, 0x0000000092400000| Untracked 
| 293|0x0000000092500000, 0x0000000092500000, 0x0000000092600000|  0%| F|  |TAMS 0x0000000092500000, 0x0000000092500000| Untracked 
| 294|0x0000000092600000, 0x0000000092600000, 0x0000000092700000|  0%| F|  |TAMS 0x0000000092600000, 0x0000000092600000| Untracked 
| 295|0x0000000092700000, 0x0000000092700000, 0x0000000092800000|  0%| F|  |TAMS 0x0000000092700000, 0x0000000092700000| Untracked 
| 296|0x0000000092800000, 0x0000000092800000, 0x0000000092900000|  0%| F|  |TAMS 0x0000000092800000, 0x0000000092800000| Untracked 
| 297|0x0000000092900000, 0x0000000092900000, 0x0000000092a00000|  0%| F|  |TAMS 0x0000000092900000, 0x0000000092900000| Untracked 
| 298|0x0000000092a00000, 0x0000000092a00000, 0x0000000092b00000|  0%| F|  |TAMS 0x0000000092a00000, 0x0000000092a00000| Untracked 
| 299|0x0000000092b00000, 0x0000000092b00000, 0x0000000092c00000|  0%| F|  |TAMS 0x0000000092b00000, 0x0000000092b00000| Untracked 
| 300|0x0000000092c00000, 0x0000000092c00000, 0x0000000092d00000|  0%| F|  |TAMS 0x0000000092c00000, 0x0000000092c00000| Untracked 
| 301|0x0000000092d00000, 0x0000000092d00000, 0x0000000092e00000|  0%| F|  |TAMS 0x0000000092d00000, 0x0000000092d00000| Untracked 
| 302|0x0000000092e00000, 0x0000000092e00000, 0x0000000092f00000|  0%| F|  |TAMS 0x0000000092e00000, 0x0000000092e00000| Untracked 
| 303|0x0000000092f00000, 0x0000000092f00000, 0x0000000093000000|  0%| F|  |TAMS 0x0000000092f00000, 0x0000000092f00000| Untracked 
| 304|0x0000000093000000, 0x0000000093000000, 0x0000000093100000|  0%| F|  |TAMS 0x0000000093000000, 0x0000000093000000| Untracked 
| 305|0x0000000093100000, 0x0000000093100000, 0x0000000093200000|  0%| F|  |TAMS 0x0000000093100000, 0x0000000093100000| Untracked 
| 306|0x0000000093200000, 0x0000000093200000, 0x0000000093300000|  0%| F|  |TAMS 0x0000000093200000, 0x0000000093200000| Untracked 
| 307|0x0000000093300000, 0x0000000093300000, 0x0000000093400000|  0%| F|  |TAMS 0x0000000093300000, 0x0000000093300000| Untracked 
| 308|0x0000000093400000, 0x0000000093400000, 0x0000000093500000|  0%| F|  |TAMS 0x0000000093400000, 0x0000000093400000| Untracked 
| 309|0x0000000093500000, 0x0000000093500000, 0x0000000093600000|  0%| F|  |TAMS 0x0000000093500000, 0x0000000093500000| Untracked 
| 310|0x0000000093600000, 0x0000000093600000, 0x0000000093700000|  0%| F|  |TAMS 0x0000000093600000, 0x0000000093600000| Untracked 
| 311|0x0000000093700000, 0x0000000093700000, 0x0000000093800000|  0%| F|  |TAMS 0x0000000093700000, 0x0000000093700000| Untracked 
| 312|0x0000000093800000, 0x0000000093800000, 0x0000000093900000|  0%| F|  |TAMS 0x0000000093800000, 0x0000000093800000| Untracked 
| 313|0x0000000093900000, 0x0000000093900000, 0x0000000093a00000|  0%| F|  |TAMS 0x0000000093900000, 0x0000000093900000| Untracked 
| 314|0x0000000093a00000, 0x0000000093a00000, 0x0000000093b00000|  0%| F|  |TAMS 0x0000000093a00000, 0x0000000093a00000| Untracked 
| 315|0x0000000093b00000, 0x0000000093b00000, 0x0000000093c00000|  0%| F|  |TAMS 0x0000000093b00000, 0x0000000093b00000| Untracked 
| 316|0x0000000093c00000, 0x0000000093c00000, 0x0000000093d00000|  0%| F|  |TAMS 0x0000000093c00000, 0x0000000093c00000| Untracked 

Card table byte_map: [0x0000000014f70000,0x0000000015370000] _byte_map_base: 0x0000000014b70000

Marking Bits (Prev, Next): (CMBitMap*) 0x0000000002b0c9a0, (CMBitMap*) 0x0000000002b0c9e0
 Prev Bits: [0x0000000015770000, 0x0000000017770000)
 Next Bits: [0x0000000017770000, 0x0000000019770000)

Polling page: 0x0000000000a60000

Metaspace:

Usage:
  Non-class:     95.08 MB used.
      Class:     15.45 MB used.
       Both:    110.53 MB used.

Virtual space:
  Non-class space:      104.00 MB reserved,      95.50 MB ( 92%) committed,  13 nodes.
      Class space:        1.00 GB reserved,      15.88 MB (  2%) committed,  1 nodes.
             Both:        1.10 GB reserved,     111.38 MB ( 10%) committed. 

Chunk freelists:
   Non-Class:  3.81 MB
       Class:  176.00 KB
        Both:  3.98 MB

MaxMetaspaceSize: unlimited
CompressedClassSpaceSize: 1.00 GB
Initial GC threshold: 21.00 MB
Current GC threshold: 185.56 MB
CDS: off
MetaspaceReclaimPolicy: balanced
 - commit_granule_bytes: 65536.
 - commit_granule_words: 8192.
 - virtual_space_node_default_size: 1048576.
 - enlarge_chunks_in_place: 1.
 - new_chunks_are_fully_committed: 0.
 - uncommit_free_chunks: 1.
 - use_allocation_guard: 0.
 - handle_deallocations: 1.


Internal statistics:

num_allocs_failed_limit: 5.
num_arena_births: 1198.
num_arena_deaths: 0.
num_vsnodes_births: 14.
num_vsnodes_deaths: 0.
num_space_committed: 1782.
num_space_uncommitted: 0.
num_chunks_returned_to_freelist: 5.
num_chunks_taken_from_freelist: 5463.
num_chunk_merges: 5.
num_chunk_splits: 3707.
num_chunks_enlarged: 2529.
num_purges: 0.
num_inconsistent_stats: 0.

CodeHeap 'non-profiled nmethods': size=120064Kb used=7295Kb max_used=7295Kb free=112768Kb
 bounds [0x000000000da30000, 0x000000000e150000, 0x0000000014f70000]
CodeHeap 'profiled nmethods': size=120000Kb used=19051Kb max_used=19051Kb free=100948Kb
 bounds [0x0000000005f70000, 0x0000000007210000, 0x000000000d4a0000]
CodeHeap 'non-nmethods': size=5696Kb used=2411Kb max_used=2444Kb free=3284Kb
 bounds [0x000000000d4a0000, 0x000000000d710000, 0x000000000da30000]
 total_blobs=10933 nmethods=9975 adapters=871
 compilation: enabled
              stopped_count=0, restarted_count=0
 full_count=0

Compilation events (20 events):
Event: 424.464 Thread 0x000000001c0ddf20 11609       3       org.gradle.internal.vfs.impl.DefaultSnapshotHierarchy::hasDescendantsUnder (27 bytes)
Event: 424.465 Thread 0x000000001c0ddf20 nmethod 11609 0x0000000007206890 code [0x0000000007206b00, 0x0000000007207718]
Event: 424.465 Thread 0x000000001c0ddf20 11610       3       org.gradle.internal.snapshot.SnapshotUtil$2::handleUnrelatedToAnyChild (5 bytes)
Event: 424.465 Thread 0x000000001c0ddf20 nmethod 11610 0x0000000007207a90 code [0x0000000007207c40, 0x0000000007207e18]
Event: 424.465 Thread 0x000000001c0ddf20 11611       3       org.gradle.internal.snapshot.SingletonChildMap$2::withReplacedChild (16 bytes)
Event: 424.466 Thread 0x000000001c0ddf20 nmethod 11611 0x0000000007207f10 code [0x00000000072080c0, 0x0000000007208328]
Event: 424.466 Thread 0x000000001cd01060 nmethod 11602 0x000000000e14cd90 code [0x000000000e14cf60, 0x000000000e14d718]
Event: 424.466 Thread 0x000000001cd01060 11603       4       org.gradle.internal.fingerprint.impl.DefaultFileSystemLocationFingerprint::appendToHasher (21 bytes)
Event: 424.495 Thread 0x000000001cd01060 nmethod 11603 0x000000000e14de10 code [0x000000000e14e060, 0x000000000e14ee18]
Event: 424.497 Thread 0x000000001c0ddf20 11612 %     3       java.util.jar.Manifest$FastInputStream::readLine @ 86 (296 bytes)
Event: 424.498 Thread 0x000000001cd01060 11613 % !   4       java.util.jar.Attributes::read @ 214 (494 bytes)
Event: 424.499 Thread 0x000000001c0ddf20 nmethod 11612% 0x0000000007208490 code [0x00000000072086c0, 0x0000000007209188]
Event: 424.535 Thread 0x000000001c0ddf20 11614       3       com.google.common.collect.ImmutableSet$RegularSetBuilderImpl::add (68 bytes)
Event: 424.536 Thread 0x000000001c0ddf20 nmethod 11614 0x0000000007209510 code [0x0000000007209720, 0x0000000007209c38]
Event: 424.536 Thread 0x000000001c0ddf20 11615       3       com.google.common.collect.ImmutableSet$SetBuilderImpl::addDedupedElement (28 bytes)
Event: 424.537 Thread 0x000000001c0ddf20 nmethod 11615 0x0000000007209e90 code [0x000000000720a060, 0x000000000720a518]
Event: 424.537 Thread 0x000000001c0ddf20 11616       3       com.google.common.collect.ImmutableSet$SetBuilderImpl::ensureCapacity (32 bytes)
Event: 424.537 Thread 0x000000001c0ddf20 nmethod 11616 0x000000000720a710 code [0x000000000720a8e0, 0x000000000720ab78]
Event: 424.537 Thread 0x000000001c0ddf20 11617       3       com.google.common.collect.ImmutableCollection::<init> (5 bytes)
Event: 424.537 Thread 0x000000001c0ddf20 nmethod 11617 0x000000000720ad10 code [0x000000000720aec0, 0x000000000720b078]

GC Heap History (20 events):
Event: 342.896 GC heap after
{Heap after GC invocations=93 (full 0):
 garbage-first heap   total 288768K, used 171771K [0x0000000080000000, 0x0000000100000000)
  region size 1024K, 2 young (2048K), 2 survivors (2048K)
 Metaspace       used 93450K, committed 94208K, reserved 1130496K
  class space    used 12819K, committed 13184K, reserved 1048576K
}
Event: 343.220 GC heap before
{Heap before GC invocations=93 (full 0):
 garbage-first heap   total 288768K, used 176891K [0x0000000080000000, 0x0000000100000000)
  region size 1024K, 8 young (8192K), 2 survivors (2048K)
 Metaspace       used 93508K, committed 94336K, reserved 1130496K
  class space    used 12827K, committed 13248K, reserved 1048576K
}
Event: 343.235 GC heap after
{Heap after GC invocations=94 (full 0):
 garbage-first heap   total 288768K, used 174203K [0x0000000080000000, 0x0000000100000000)
  region size 1024K, 5 young (5120K), 5 survivors (5120K)
 Metaspace       used 93508K, committed 94336K, reserved 1130496K
  class space    used 12827K, committed 13248K, reserved 1048576K
}
Event: 362.334 GC heap before
{Heap before GC invocations=95 (full 0):
 garbage-first heap   total 295936K, used 245883K [0x0000000080000000, 0x0000000100000000)
  region size 1024K, 52 young (53248K), 5 survivors (5120K)
 Metaspace       used 100410K, committed 101248K, reserved 1138688K
  class space    used 14101K, committed 14528K, reserved 1048576K
}
Event: 362.421 GC heap after
{Heap after GC invocations=96 (full 0):
 garbage-first heap   total 295936K, used 173870K [0x0000000080000000, 0x0000000100000000)
  region size 1024K, 3 young (3072K), 3 survivors (3072K)
 Metaspace       used 100410K, committed 101248K, reserved 1138688K
  class space    used 14101K, committed 14528K, reserved 1048576K
}
Event: 380.060 GC heap before
{Heap before GC invocations=96 (full 0):
 garbage-first heap   total 295936K, used 186158K [0x0000000080000000, 0x0000000100000000)
  region size 1024K, 14 young (14336K), 3 survivors (3072K)
 Metaspace       used 102194K, committed 102976K, reserved 1138688K
  class space    used 14229K, committed 14656K, reserved 1048576K
}
Event: 380.245 GC heap after
{Heap after GC invocations=97 (full 0):
 garbage-first heap   total 295936K, used 172819K [0x0000000080000000, 0x0000000100000000)
  region size 1024K, 1 young (1024K), 1 survivors (1024K)
 Metaspace       used 102194K, committed 102976K, reserved 1138688K
  class space    used 14229K, committed 14656K, reserved 1048576K
}
Event: 399.135 GC heap before
{Heap before GC invocations=97 (full 0):
 garbage-first heap   total 295936K, used 216851K [0x0000000080000000, 0x0000000100000000)
  region size 1024K, 44 young (45056K), 1 survivors (1024K)
 Metaspace       used 107330K, committed 108160K, reserved 1146880K
  class space    used 14967K, committed 15360K, reserved 1048576K
}
Event: 399.291 GC heap after
{Heap after GC invocations=98 (full 0):
 garbage-first heap   total 295936K, used 174505K [0x0000000080000000, 0x0000000100000000)
  region size 1024K, 3 young (3072K), 3 survivors (3072K)
 Metaspace       used 107330K, committed 108160K, reserved 1146880K
  class space    used 14967K, committed 15360K, reserved 1048576K
}
Event: 411.871 GC heap before
{Heap before GC invocations=99 (full 0):
 garbage-first heap   total 304128K, used 203177K [0x0000000080000000, 0x0000000100000000)
  region size 1024K, 32 young (32768K), 3 survivors (3072K)
 Metaspace       used 109936K, committed 110784K, reserved 1146880K
  class space    used 15326K, committed 15744K, reserved 1048576K
}
Event: 411.890 GC heap after
{Heap after GC invocations=100 (full 0):
 garbage-first heap   total 304128K, used 175633K [0x0000000080000000, 0x0000000100000000)
  region size 1024K, 3 young (3072K), 3 survivors (3072K)
 Metaspace       used 109936K, committed 110784K, reserved 1146880K
  class space    used 15326K, committed 15744K, reserved 1048576K
}
Event: 413.368 GC heap before
{Heap before GC invocations=100 (full 0):
 garbage-first heap   total 304128K, used 185873K [0x0000000080000000, 0x0000000100000000)
  region size 1024K, 14 young (14336K), 3 survivors (3072K)
 Metaspace       used 111037K, committed 111872K, reserved 1146880K
  class space    used 15477K, committed 15872K, reserved 1048576K
}
Event: 413.437 GC heap after
{Heap after GC invocations=101 (full 0):
 garbage-first heap   total 304128K, used 174686K [0x0000000080000000, 0x0000000100000000)
  region size 1024K, 1 young (1024K), 1 survivors (1024K)
 Metaspace       used 111037K, committed 111872K, reserved 1146880K
  class space    used 15477K, committed 15872K, reserved 1048576K
}
Event: 420.507 GC heap before
{Heap before GC invocations=101 (full 0):
 garbage-first heap   total 304128K, used 195166K [0x0000000080000000, 0x0000000100000000)
  region size 1024K, 23 young (23552K), 1 survivors (1024K)
 Metaspace       used 113072K, committed 113920K, reserved 1155072K
  class space    used 15801K, committed 16192K, reserved 1048576K
}
Event: 420.517 GC heap after
{Heap after GC invocations=102 (full 0):
 garbage-first heap   total 304128K, used 175457K [0x0000000080000000, 0x0000000100000000)
  region size 1024K, 2 young (2048K), 2 survivors (2048K)
 Metaspace       used 113072K, committed 113920K, reserved 1155072K
  class space    used 15801K, committed 16192K, reserved 1048576K
}
Event: 423.046 GC heap before
{Heap before GC invocations=103 (full 0):
 garbage-first heap   total 324608K, used 251233K [0x0000000080000000, 0x0000000100000000)
  region size 1024K, 74 young (75776K), 2 survivors (2048K)
 Metaspace       used 113131K, committed 113984K, reserved 1155072K
  class space    used 15813K, committed 16256K, reserved 1048576K
}
Event: 423.086 GC heap after
{Heap after GC invocations=104 (full 0):
 garbage-first heap   total 324608K, used 178735K [0x0000000080000000, 0x0000000100000000)
  region size 1024K, 3 young (3072K), 3 survivors (3072K)
 Metaspace       used 113131K, committed 113984K, reserved 1155072K
  class space    used 15813K, committed 16256K, reserved 1048576K
}
Event: 423.317 GC heap before
{Heap before GC invocations=104 (full 0):
 garbage-first heap   total 324608K, used 191023K [0x0000000080000000, 0x0000000100000000)
  region size 1024K, 15 young (15360K), 3 survivors (3072K)
 Metaspace       used 113131K, committed 113984K, reserved 1155072K
  class space    used 15813K, committed 16256K, reserved 1048576K
}
Event: 423.350 GC heap after
{Heap after GC invocations=105 (full 0):
 garbage-first heap   total 324608K, used 177916K [0x0000000080000000, 0x0000000100000000)
  region size 1024K, 1 young (1024K), 1 survivors (1024K)
 Metaspace       used 113131K, committed 113984K, reserved 1155072K
  class space    used 15813K, committed 16256K, reserved 1048576K
}
Event: 424.541 GC heap before
{Heap before GC invocations=105 (full 0):
 garbage-first heap   total 324608K, used 249596K [0x0000000080000000, 0x0000000100000000)
  region size 1024K, 72 young (73728K), 1 survivors (1024K)
 Metaspace       used 113177K, committed 114048K, reserved 1155072K
  class space    used 15819K, committed 16256K, reserved 1048576K
}

Dll operation events (3 events):
Event: 0.598 Loaded shared library C:\Program Files\Android\Android Studio\jbr\bin\java.dll
Event: 2.567 Loaded shared library C:\Program Files\Android\Android Studio\jbr\bin\zip.dll
Event: 5.039 Loaded shared library C:\Program Files\Android\Android Studio\jbr\bin\verify.dll

Deoptimization events (20 events):
Event: 422.489 Thread 0x000000001dce5d10 DEOPT PACKING pc=0x000000000e128a8c sp=0x0000000021726ce0
Event: 422.489 Thread 0x000000001dce5d10 DEOPT UNPACKING pc=0x000000000d4f699d sp=0x0000000021726808 mode 2
Event: 424.406 Thread 0x000000001dce5d10 Uncommon trap: trap_request=0xffffff45 fr.pc=0x000000000e145ac4 relative=0x0000000000000404
Event: 424.406 Thread 0x000000001dce5d10 Uncommon trap: reason=unstable_if action=reinterpret pc=0x000000000e145ac4 method=org.gradle.api.internal.file.archive.impl.FileZipInput$1.computeNext()Lorg/gradle/api/internal/file/archive/ZipEntry; @ 12 c2
Event: 424.406 Thread 0x000000001dce5d10 DEOPT PACKING pc=0x000000000e145ac4 sp=0x0000000021726e10
Event: 424.406 Thread 0x000000001dce5d10 DEOPT UNPACKING pc=0x000000000d4f699d sp=0x0000000021726d98 mode 2
Event: 424.432 Thread 0x000000001dce5d10 DEOPT PACKING pc=0x00000000069c12fb sp=0x0000000021726dd0
Event: 424.432 Thread 0x000000001dce5d10 DEOPT UNPACKING pc=0x000000000d4f7124 sp=0x0000000021726268 mode 0
Event: 424.436 Thread 0x000000001dce5d10 Uncommon trap: trap_request=0xffffff45 fr.pc=0x000000000da4fd78 relative=0x0000000000000598
Event: 424.436 Thread 0x000000001dce5d10 Uncommon trap: reason=unstable_if action=reinterpret pc=0x000000000da4fd78 method=sun.security.provider.DigestBase.engineUpdate([BII)V @ 1 c2
Event: 424.436 Thread 0x000000001dce5d10 DEOPT PACKING pc=0x000000000da4fd78 sp=0x0000000021726d60
Event: 424.437 Thread 0x000000001dce5d10 DEOPT UNPACKING pc=0x000000000d4f699d sp=0x0000000021726d38 mode 2
Event: 424.465 Thread 0x000000001dce5d10 Uncommon trap: trap_request=0xffffffc6 fr.pc=0x000000000e0fd3b0 relative=0x0000000000001570
Event: 424.465 Thread 0x000000001dce5d10 Uncommon trap: reason=bimorphic_or_optimized_type_check action=maybe_recompile pc=0x000000000e0fd3b0 method=org.gradle.internal.snapshot.MediumChildMap.withNode(Lorg/gradle/internal/snapshot/VfsRelativePath;Lorg/gradle/internal/snapshot/CaseSensitivity;Lo
Event: 424.465 Thread 0x000000001dce5d10 DEOPT PACKING pc=0x000000000e0fd3b0 sp=0x0000000021725a30
Event: 424.465 Thread 0x000000001dce5d10 DEOPT UNPACKING pc=0x000000000d4f699d sp=0x0000000021725a18 mode 2
Event: 424.477 Thread 0x000000001dce5d10 Uncommon trap: trap_request=0xffffff45 fr.pc=0x000000000e135bf8 relative=0x0000000000000078
Event: 424.477 Thread 0x000000001dce5d10 Uncommon trap: reason=unstable_if action=reinterpret pc=0x000000000e135bf8 method=java.util.Optional.flatMap(Ljava/util/function/Function;)Ljava/util/Optional; @ 9 c2
Event: 424.477 Thread 0x000000001dce5d10 DEOPT PACKING pc=0x000000000e135bf8 sp=0x0000000021727200
Event: 424.477 Thread 0x000000001dce5d10 DEOPT UNPACKING pc=0x000000000d4f699d sp=0x00000000217271a8 mode 2

Classes unloaded (0 events):
No events

Classes redefined (0 events):
No events

Internal exceptions (20 events):
Event: 362.579 Thread 0x00000000201087e0 Exception <a 'java/lang/NoSuchMethodError'{0x0000000092095990}: static Lorg/jetbrains/plugins/gradle/tooling/serialization/internal/adapter/kotlin/dsl/InternalKotlinDslScriptsModel;.<clinit>()V> (0x0000000092095990) 
thrown [s\src\hotspot\share\prims\jni.cpp, line 1108]
Event: 362.587 Thread 0x00000000201087e0 Exception <a 'java/lang/NoSuchMethodError'{0x00000000920a0810}: static Lorg/jetbrains/plugins/gradle/tooling/serialization/internal/adapter/kotlin/dsl/InternalKotlinDslScriptModel;.<clinit>()V> (0x00000000920a0810) 
thrown [s\src\hotspot\share\prims\jni.cpp, line 1108]
Event: 381.831 Thread 0x000000001dce5d10 Exception <a 'sun/nio/fs/WindowsException'{0x0000000091a0c8e8}> (0x0000000091a0c8e8) 
thrown [s\src\hotspot\share\prims\jni.cpp, line 517]
Event: 384.152 Thread 0x000000001dce5d10 Exception <a 'java/lang/NullPointerException'{0x0000000090d6bcb8}> (0x0000000090d6bcb8) 
thrown [s\src\hotspot\share\interpreter\linkResolver.cpp, line 1447]
Event: 388.011 Thread 0x000000001dce5d10 Implicit null exception at 0x000000000db66601 to 0x000000000db6c6a4
Event: 396.196 Thread 0x000000001dce5d10 Exception <a 'sun/nio/fs/WindowsException'{0x000000008f9a0898}> (0x000000008f9a0898) 
thrown [s\src\hotspot\share\prims\jni.cpp, line 517]
Event: 396.202 Thread 0x000000001dce5d10 Exception <a 'sun/nio/fs/WindowsException'{0x000000008f9a1c18}> (0x000000008f9a1c18) 
thrown [s\src\hotspot\share\prims\jni.cpp, line 517]
Event: 396.203 Thread 0x000000001dce5d10 Exception <a 'sun/nio/fs/WindowsException'{0x000000008f9a2fe8}> (0x000000008f9a2fe8) 
thrown [s\src\hotspot\share\prims\jni.cpp, line 517]
Event: 396.204 Thread 0x000000001dce5d10 Exception <a 'sun/nio/fs/WindowsException'{0x000000008f9a43b8}> (0x000000008f9a43b8) 
thrown [s\src\hotspot\share\prims\jni.cpp, line 517]
Event: 397.420 Thread 0x000000001dce5d10 Exception <a 'java/lang/NoSuchMethodError'{0x000000008f8fd890}: 'java.lang.Object java.lang.invoke.DirectMethodHandle$Holder.invokeSpecial(java.lang.Object, java.lang.Object, long, java.lang.Object, java.lang.Object, java.lang.Object, java.lang.Object, java.lang.Object, java.lang.Object, java.lang.Object, java.lang.Object)'> (0x000000008f8fd890) 
thrown [s\src\hotspot\share\interpreter\linkResolver.cpp, line 771]
Event: 397.423 Thread 0x000000001dce5d10 Exception <a 'java/lang/NoSuchMethodError'{0x000000008f702be0}: 'java.lang.Object java.lang.invoke.DelegatingMethodHandle$Holder.reinvoke_L(java.lang.Object, long, java.lang.Object, java.lang.Object, java.lang.Object, java.lang.Object, java.lang.Object, java.lang.Object, java.lang.Object, java.lang.Object)'> (0x000000008f702be0) 
thrown [s\src\hotspot\share\interpreter\linkResolver.cpp, line 771]
Event: 397.444 Thread 0x000000001dce5d10 Exception <a 'java/lang/NoSuchMethodError'{0x000000008f725208}: 'java.lang.Object java.lang.invoke.Invokers$Holder.linkToTargetMethod(java.lang.Object, java.lang.Object, java.lang.Object, java.lang.Object, java.lang.Object, java.lang.Object, java.lang.Object, java.lang.Object, java.lang.Object)'> (0x000000008f725208) 
thrown [s\src\hotspot\share\interpreter\linkResolver.cpp, line 771]
Event: 399.601 Thread 0x000000001c0a12a0 Implicit null exception at 0x000000000de4ebfd to 0x000000000de4f324
Event: 409.443 Thread 0x000000001dce5d10 Exception <a 'java/lang/NoSuchMethodError'{0x00000000915018d8}: 'java.lang.Object java.lang.invoke.DirectMethodHandle$Holder.newInvokeSpecial(java.lang.Object, java.lang.Object, java.lang.Object, java.lang.Object, int, java.lang.Object)'> (0x00000000915018d8) 
thrown [s\src\hotspot\share\interpreter\linkResolver.cpp, line 771]
Event: 409.446 Thread 0x000000001dce5d10 Exception <a 'java/lang/NoSuchMethodError'{0x0000000091506940}: 'java.lang.Object java.lang.invoke.Invokers$Holder.linkToTargetMethod(java.lang.Object, java.lang.Object, java.lang.Object, int, java.lang.Object, java.lang.Object)'> (0x0000000091506940) 
thrown [s\src\hotspot\share\interpreter\linkResolver.cpp, line 771]
Event: 413.454 Thread 0x000000001dce5d10 Exception <a 'java/lang/NoSuchMethodError'{0x000000009284cb48}: 'java.lang.Object java.lang.invoke.DirectMethodHandle$Holder.invokeStaticInit(java.lang.Object, java.lang.Object, java.lang.Object, java.lang.Object, java.lang.Object, java.lang.Object, java.lang.Object, java.lang.Object, java.lang.Object, java.lang.Object, java.lang.Object, java.lang.Object, java.lang.Object, java.lang.Object, java.lang.Object, java.lang.Object, java.lang.Object, java.lang.Object, java.lang.Object, java.lang.Object, int, java
Event: 414.871 Thread 0x000000001dce5d10 Exception <a 'java/lang/NoSuchMethodError'{0x0000000091bdf3a0}: 'java.lang.Object java.lang.invoke.DirectMethodHandle$Holder.invokeStatic(java.lang.Object, int, java.lang.Object, java.lang.Object)'> (0x0000000091bdf3a0) 
thrown [s\src\hotspot\share\interpreter\linkResolver.cpp, line 771]
Event: 414.879 Thread 0x000000001dce5d10 Exception <a 'java/lang/NoSuchMethodError'{0x0000000091bf5318}: 'java.lang.Object java.lang.invoke.DirectMethodHandle$Holder.invokeStatic(java.lang.Object, java.lang.Object, int, java.lang.Object, java.lang.Object)'> (0x0000000091bf5318) 
thrown [s\src\hotspot\share\interpreter\linkResolver.cpp, line 771]
Event: 417.134 Thread 0x000000001dce5d10 Exception <a 'java/lang/NoSuchMethodError'{0x000000009187cbf8}: 'int java.lang.invoke.DirectMethodHandle$Holder.invokeSpecialIFC(java.lang.Object, java.lang.Object, java.lang.Object)'> (0x000000009187cbf8) 
thrown [s\src\hotspot\share\interpreter\linkResolver.cpp, line 771]
Event: 417.966 Thread 0x000000001dce5d10 Exception <a 'java/lang/NoSuchMethodError'{0x000000009149f300}: 'void java.lang.invoke.DirectMethodHandle$Holder.invokeSpecial(java.lang.Object, java.lang.Object, java.lang.Object, java.lang.Object, int, java.lang.Object, java.lang.Object)'> (0x000000009149f300) 
thrown [s\src\hotspot\share\interpreter\linkResolver.cpp, line 771]

VM Operations (20 events):
Event: 417.017 Executing VM operation: Cleanup done
Event: 418.018 Executing VM operation: Cleanup
Event: 418.048 Executing VM operation: Cleanup done
Event: 419.050 Executing VM operation: Cleanup
Event: 419.050 Executing VM operation: Cleanup done
Event: 420.507 Executing VM operation: G1TryInitiateConcMark
Event: 420.517 Executing VM operation: G1TryInitiateConcMark done
Event: 421.084 Executing VM operation: G1Concurrent
Event: 421.330 Executing VM operation: G1Concurrent done
Event: 421.532 Executing VM operation: G1Concurrent
Event: 421.533 Executing VM operation: G1Concurrent done
Event: 422.538 Executing VM operation: Cleanup
Event: 422.538 Executing VM operation: Cleanup done
Event: 423.046 Executing VM operation: G1CollectForAllocation
Event: 423.118 Executing VM operation: G1CollectForAllocation done
Event: 423.317 Executing VM operation: G1CollectForAllocation
Event: 423.350 Executing VM operation: G1CollectForAllocation done
Event: 424.364 Executing VM operation: Cleanup
Event: 424.365 Executing VM operation: Cleanup done
Event: 424.540 Executing VM operation: G1TryInitiateConcMark

Events (20 events):
Event: 411.589 loading class java/io/UTFDataFormatException done
Event: 414.995 loading class java/util/stream/SortedOps
Event: 414.996 loading class java/util/stream/SortedOps done
Event: 414.997 loading class java/util/stream/SortedOps$OfRef
Event: 414.998 loading class java/util/stream/ReferencePipeline$StatefulOp
Event: 414.999 loading class java/util/stream/ReferencePipeline$StatefulOp done
Event: 415.001 loading class java/util/stream/SortedOps$OfRef done
Event: 415.005 loading class java/util/Comparators$NaturalOrderComparator
Event: 415.006 loading class java/util/Comparators$NaturalOrderComparator done
Event: 415.144 loading class java/util/stream/SortedOps$SizedRefSortingSink
Event: 415.145 loading class java/util/stream/SortedOps$AbstractRefSortingSink
Event: 415.147 loading class java/util/stream/SortedOps$AbstractRefSortingSink done
Event: 415.147 loading class java/util/stream/SortedOps$SizedRefSortingSink done
Event: 420.437 Thread 0x000000002010e820 Thread added: 0x000000002010e820
Event: 420.676 loading class java/util/stream/SortedOps$RefSortingSink
Event: 420.677 loading class java/util/stream/SortedOps$RefSortingSink done
Event: 424.489 loading class java/util/jar/JarOutputStream
Event: 424.490 loading class java/util/zip/ZipOutputStream
Event: 424.494 loading class java/util/zip/ZipOutputStream done
Event: 424.494 loading class java/util/jar/JarOutputStream done


Dynamic libraries:
0x00007ff718870000 - 0x00007ff71887a000 	C:\Program Files\Android\Android Studio\jbr\bin\java.exe
0x00007ff94b9f0000 - 0x00007ff94bc07000 	C:\Windows\SYSTEM32\ntdll.dll
0x00007ff94a580000 - 0x00007ff94a644000 	C:\Windows\System32\KERNEL32.DLL
0x00007ff948ca0000 - 0x00007ff949070000 	C:\Windows\System32\KERNELBASE.dll
0x00007ff949280000 - 0x00007ff949391000 	C:\Windows\System32\ucrtbase.dll
0x00007ff90e020000 - 0x00007ff90e037000 	C:\Program Files\Android\Android Studio\jbr\bin\jli.dll
0x00007ff9123c0000 - 0x00007ff9123db000 	C:\Program Files\Android\Android Studio\jbr\bin\VCRUNTIME140.dll
0x00007ff94b790000 - 0x00007ff94b93e000 	C:\Windows\System32\USER32.dll
0x00007ff949130000 - 0x00007ff949156000 	C:\Windows\System32\win32u.dll
0x00007ff9498b0000 - 0x00007ff9498d9000 	C:\Windows\System32\GDI32.dll
0x00007ff9493a0000 - 0x00007ff9494bb000 	C:\Windows\System32\gdi32full.dll
0x00007ff9491e0000 - 0x00007ff94927a000 	C:\Windows\System32\msvcp_win.dll
0x00007ff926a30000 - 0x00007ff926cc2000 	C:\Windows\WinSxS\amd64_microsoft.windows.common-controls_6595b64144ccf1df_6.0.22621.4830_none_270fe7d773858e80\COMCTL32.dll
0x00007ff949b00000 - 0x00007ff949ba7000 	C:\Windows\System32\msvcrt.dll
0x00007ff94b750000 - 0x00007ff94b781000 	C:\Windows\System32\IMM32.DLL
0x00007ff936ff0000 - 0x00007ff936ffc000 	C:\Program Files\Android\Android Studio\jbr\bin\vcruntime140_1.dll
0x00007ff911910000 - 0x00007ff91199d000 	C:\Program Files\Android\Android Studio\jbr\bin\msvcp140.dll
0x00007ff8fec20000 - 0x00007ff8ff88e000 	C:\Program Files\Android\Android Studio\jbr\bin\server\jvm.dll
0x00007ff94a270000 - 0x00007ff94a321000 	C:\Windows\System32\ADVAPI32.dll
0x00007ff949a50000 - 0x00007ff949af7000 	C:\Windows\System32\sechost.dll
0x00007ff9494c0000 - 0x00007ff9494e8000 	C:\Windows\System32\bcrypt.dll
0x00007ff9496e0000 - 0x00007ff9497f4000 	C:\Windows\System32\RPCRT4.dll
0x00007ff90c710000 - 0x00007ff90c719000 	C:\Windows\SYSTEM32\WSOCK32.dll
0x00007ff949d10000 - 0x00007ff949d81000 	C:\Windows\System32\WS2_32.dll
0x00007ff942a70000 - 0x00007ff942aa4000 	C:\Windows\SYSTEM32\WINMM.dll
0x00007ff9385c0000 - 0x00007ff9385ca000 	C:\Windows\SYSTEM32\VERSION.dll
0x00007ff947ca0000 - 0x00007ff947cb8000 	C:\Windows\SYSTEM32\kernel.appcore.dll
0x00007ff9120b0000 - 0x00007ff9120ba000 	C:\Program Files\Android\Android Studio\jbr\bin\jimage.dll
0x00007ff946680000 - 0x00007ff9468b2000 	C:\Windows\SYSTEM32\DBGHELP.DLL
0x00007ff94a660000 - 0x00007ff94a9f0000 	C:\Windows\System32\combase.dll
0x00007ff94b430000 - 0x00007ff94b507000 	C:\Windows\System32\OLEAUT32.dll
0x00007ff9345e0000 - 0x00007ff934612000 	C:\Windows\SYSTEM32\dbgcore.DLL
0x00007ff949660000 - 0x00007ff9496db000 	C:\Windows\System32\bcryptPrimitives.dll
0x00007ff90e040000 - 0x00007ff90e04e000 	C:\Program Files\Android\Android Studio\jbr\bin\instrument.dll
0x00007ff911480000 - 0x00007ff9114a5000 	C:\Program Files\Android\Android Studio\jbr\bin\java.dll
0x00007ff911460000 - 0x00007ff911478000 	C:\Program Files\Android\Android Studio\jbr\bin\zip.dll
0x00007ff94ab80000 - 0x00007ff94b3f8000 	C:\Windows\System32\SHELL32.dll
0x00007ff946ba0000 - 0x00007ff9474b0000 	C:\Windows\SYSTEM32\windows.storage.dll
0x00007ff946a60000 - 0x00007ff946b9f000 	C:\Windows\SYSTEM32\wintypes.dll
0x00007ff949940000 - 0x00007ff949a4a000 	C:\Windows\System32\SHCORE.dll
0x00007ff94a210000 - 0x00007ff94a26e000 	C:\Windows\System32\shlwapi.dll
0x00007ff948bd0000 - 0x00007ff948bfb000 	C:\Windows\SYSTEM32\profapi.dll
0x00007ff9112e0000 - 0x00007ff9112f9000 	C:\Program Files\Android\Android Studio\jbr\bin\net.dll
0x00007ff942660000 - 0x00007ff94278c000 	C:\Windows\SYSTEM32\WINHTTP.dll
0x00007ff948120000 - 0x00007ff94818a000 	C:\Windows\system32\mswsock.dll
0x00007ff910d90000 - 0x00007ff910da6000 	C:\Program Files\Android\Android Studio\jbr\bin\nio.dll
0x00007ff911350000 - 0x00007ff911360000 	C:\Program Files\Android\Android Studio\jbr\bin\verify.dll
0x00007ff925fd0000 - 0x00007ff925ff7000 	C:\Program Files\Android\Android Studio\jbr\native\68d5fa5c4cc2d200863cafc0d521ce42e7d3e7ee720ec0a83991735586a16f82\windows-amd64\native-platform.dll
0x00007ff90f640000 - 0x00007ff90f784000 	C:\Program Files\Android\Android Studio\jbr\native\e376f236ea51e6404a007f0833ffe2c6e607c4080706a723a18a27aeea778392\windows-amd64\native-platform-file-events.dll
0x00007ff918290000 - 0x00007ff918299000 	C:\Program Files\Android\Android Studio\jbr\bin\management.dll
0x00007ff9113d0000 - 0x00007ff9113db000 	C:\Program Files\Android\Android Studio\jbr\bin\management_ext.dll
0x00007ff94a650000 - 0x00007ff94a658000 	C:\Windows\System32\PSAPI.DLL
0x00007ff948330000 - 0x00007ff94834b000 	C:\Windows\SYSTEM32\CRYPTSP.dll
0x00007ff947c00000 - 0x00007ff947c35000 	C:\Windows\system32\rsaenh.dll
0x00007ff9481c0000 - 0x00007ff9481e8000 	C:\Windows\SYSTEM32\USERENV.dll
0x00007ff948320000 - 0x00007ff94832c000 	C:\Windows\SYSTEM32\CRYPTBASE.dll
0x00007ff947750000 - 0x00007ff94777d000 	C:\Windows\SYSTEM32\IPHLPAPI.DLL
0x00007ff94b510000 - 0x00007ff94b519000 	C:\Windows\System32\NSI.dll
0x00007ff942450000 - 0x00007ff942469000 	C:\Windows\SYSTEM32\dhcpcsvc6.DLL
0x00007ff942430000 - 0x00007ff94244f000 	C:\Windows\SYSTEM32\dhcpcsvc.DLL
0x00007ff9477d0000 - 0x00007ff9478d2000 	C:\Windows\SYSTEM32\DNSAPI.dll
0x00007ff91ed20000 - 0x00007ff91ed28000 	C:\Windows\system32\wshunix.dll

dbghelp: loaded successfully - version: 4.0.5 - missing functions: none
symbol engine: initialized successfully - sym options: 0x614 - pdb path: .;C:\Program Files\Android\Android Studio\jbr\bin;C:\Windows\SYSTEM32;C:\Windows\WinSxS\amd64_microsoft.windows.common-controls_6595b64144ccf1df_6.0.22621.4830_none_270fe7d773858e80;C:\Program Files\Android\Android Studio\jbr\bin\server;C:\Program Files\Android\Android Studio\jbr\native\68d5fa5c4cc2d200863cafc0d521ce42e7d3e7ee720ec0a83991735586a16f82\windows-amd64;C:\Program Files\Android\Android Studio\jbr\native\e376f236ea51e6404a007f0833ffe2c6e607c4080706a723a18a27aeea778392\windows-amd64

VM Arguments:
jvm_args: --add-opens=java.base/java.util=ALL-UNNAMED --add-opens=java.base/java.lang=ALL-UNNAMED --add-opens=java.base/java.lang.invoke=ALL-UNNAMED --add-opens=java.prefs/java.util.prefs=ALL-UNNAMED --add-opens=java.base/java.nio.charset=ALL-UNNAMED --add-opens=java.base/java.net=ALL-UNNAMED --add-opens=java.base/java.util.concurrent.atomic=ALL-UNNAMED -Xmx2048m -Dfile.encoding=UTF-8 -Duser.country=US -Duser.language=en -Duser.variant -javaagent:C:\Program Files\Android\Android Studio\jbr\wrapper\dists\gradle-8.1-bin\2eyty4r6kz6fpakefpk52nbbm\gradle-8.1\lib\agents\gradle-instrumentation-agent-8.1.jar 
java_command: org.gradle.launcher.daemon.bootstrap.GradleDaemon 8.1
java_class_path (initial): C:\Program Files\Android\Android Studio\jbr\wrapper\dists\gradle-8.1-bin\2eyty4r6kz6fpakefpk52nbbm\gradle-8.1\lib\gradle-launcher-8.1.jar
Launcher Type: SUN_STANDARD

[Global flags]
     intx CICompilerCount                          = 2                                         {product} {ergonomic}
     uint ConcGCThreads                            = 1                                         {product} {ergonomic}
     uint G1ConcRefinementThreads                  = 2                                         {product} {ergonomic}
   size_t G1HeapRegionSize                         = 1048576                                   {product} {ergonomic}
    uintx GCDrainStackTargetSize                   = 64                                        {product} {ergonomic}
   size_t InitialHeapSize                          = 62914560                                  {product} {ergonomic}
   size_t MarkStackSize                            = 4194304                                   {product} {ergonomic}
   size_t MaxHeapSize                              = 2147483648                                {product} {command line}
   size_t MaxNewSize                               = 1287651328                                {product} {ergonomic}
   size_t MinHeapDeltaBytes                        = 1048576                                   {product} {ergonomic}
   size_t MinHeapSize                              = 8388608                                   {product} {ergonomic}
    uintx NonNMethodCodeHeapSize                   = 5826188                                {pd product} {ergonomic}
    uintx NonProfiledCodeHeapSize                  = 122916026                              {pd product} {ergonomic}
    uintx ProfiledCodeHeapSize                     = 122916026                              {pd product} {ergonomic}
    uintx ReservedCodeCacheSize                    = 251658240                              {pd product} {ergonomic}
     bool SegmentedCodeCache                       = true                                      {product} {ergonomic}
   size_t SoftMaxHeapSize                          = 2147483648                             {manageable} {ergonomic}
     bool UseCompressedClassPointers               = true                           {product lp64_product} {ergonomic}
     bool UseCompressedOops                        = true                           {product lp64_product} {ergonomic}
     bool UseG1GC                                  = true                                      {product} {ergonomic}
     bool UseLargePagesIndividualAllocation        = false                                  {pd product} {ergonomic}

Logging:
Log output configuration:
 #0: stdout all=warning uptime,level,tags
 #1: stderr all=off uptime,level,tags

Environment Variables:
JAVA_HOME=C:\Program Files\Java\jdk-23
PATH=C:\Program Files (x86)\Common Files\Oracle\Java\java8path;C:\Program Files (x86)\Common Files\Oracle\Java\javapath;C:\Python312\Scripts\;C:\Python312\;C:\Windows\system32;C:\Windows;C:\Windows\System32\Wbem;C:\Windows\System32\WindowsPowerShell\v1.0\;C:\Windows\System32\OpenSSH\;C:\Program Files\dotnet\;C:\Program Files\Microsoft VS Code\bin;C:\Program Files\Git\cmd;C:\ProgramData\chocolatey\bin;C:\Program Files\Android\Android Studio\jbr\bin;C:\Program Files\Java\jdk-23\bin;C:\cygwin64\bin;C:\Program Files\nodejs\;C:\Program Files\usbipd-win\;C:\xampp\php;C:\ProgramData\ComposerSetup\bin;C:\Users\Admin\AppData\Local\Microsoft\WindowsApps;C:\Users\Admin\AppData\Local\Programs\Microsoft VS Code\bin;C:\Users\Admin\AppData\Local\spicetify;C:\Users\Admin\AppData\Roaming\npm;C:\Program Files\PostgreSQL\17\bin;C:\Users\Admin\AppData\Roaming\Composer\vendor\bin;C:\adb;C:\xampp\mysql\bin;C:\Users\Admin\AppData\Roaming\Python\Python312\Scripts
USERNAME=Admin
OS=Windows_NT
PROCESSOR_IDENTIFIER=Intel64 Family 6 Model 122 Stepping 8, GenuineIntel
TMP=C:\Users\Admin\AppData\Local\Temp
TEMP=C:\Users\Admin\AppData\Local\Temp


JNI global refs:
JNI global refs: 24, weak refs: 0

JNI global refs memory usage: 843, weak refs: 841


---------------  S Y S T E M  ---------------

OS:
 Windows 11 , 64 bit Build 22621 (10.0.22621.4830)
OS uptime: 0 days 4:33 hours
Hyper-V role detected

CPU: total 2 (initial active 2) (2 cores per cpu, 1 threads per core) family 6 model 122 stepping 8 microcode 0x20, cx8, cmov, fxsr, mmx, 3dnowpref, sse, sse2, sse3, ssse3, sse4.1, sse4.2, popcnt, tsc, tscinvbit, aes, erms, clmul, sha, clflush, clflushopt, hv

Memory: 4k page, system-wide physical 3737M (50M free)
TotalPageFile size 9881M (AvailPageFile size 262M)
current process WorkingSet (physical memory assigned to process): 331M, peak: 349M
current process commit charge ("private bytes"): 604M, peak: 975M

vm_info: OpenJDK 64-Bit Server VM (17.0.6+0-b2043.56-10027231) for windows-amd64 JRE (17.0.6+0-b2043.56-10027231), built on Apr 28 2023 00:43:19 by "androidbuild" with MS VC++ 16.10 / 16.11 (VS2019)

END.
