#
# There is insufficient memory for the Java Runtime Environment to continue.
# Native memory allocation (mmap) failed to map 546308096 bytes for G1 virtual space
# Possible reasons:
#   The system is out of physical RAM or swap space
#   The process is running with CompressedOops enabled, and the Java Heap may be blocking the growth of the native heap
# Possible solutions:
#   Reduce memory load on the system
#   Increase physical memory or swap space
#   Check if swap backing store is full
#   Decrease Java heap size (-Xmx/-Xms)
#   Decrease number of Java threads
#   Decrease Java thread stack sizes (-Xss)
#   Set larger code cache with -XX:ReservedCodeCacheSize=
#   JVM is running with Unscaled Compressed Oops mode in which the Java heap is
#     placed in the first 4GB address space. The Java Heap base address is the
#     maximum limit for the native heap growth. Please use -XX:HeapBaseMinAddress
#     to set the Java Heap base and to place the Java Heap above 4GB virtual address.
# This output file may be truncated or incomplete.
#
#  Out of Memory Error (os_windows.cpp:3769), pid=10500, tid=4208
#
# JRE version: OpenJDK Runtime Environment (17.0.6) (build 17.0.6+0-b2043.56-10027231)
# Java VM: OpenJDK 64-Bit Server VM (17.0.6+0-b2043.56-10027231, mixed mode, tiered, compressed oops, compressed class ptrs, g1 gc, windows-amd64)
# No core dump will be written. Minidumps are not enabled by default on client versions of Windows
#

---------------  S U M M A R Y ------------

Command Line: --add-opens=java.base/java.util=ALL-UNNAMED --add-opens=java.base/java.lang=ALL-UNNAMED --add-opens=java.base/java.lang.invoke=ALL-UNNAMED --add-opens=java.prefs/java.util.prefs=ALL-UNNAMED --add-opens=java.base/java.nio.charset=ALL-UNNAMED --add-opens=java.base/java.net=ALL-UNNAMED --add-opens=java.base/java.util.concurrent.atomic=ALL-UNNAMED -Xmx2048m -Dfile.encoding=UTF-8 -Duser.country=US -Duser.language=en -Duser.variant -javaagent:C:\Program Files\Android\Android Studio\jbr\wrapper\dists\gradle-8.1.1-all\bs1rrjki8hh9bujwbsqnxtuzr\gradle-8.1.1\lib\agents\gradle-instrumentation-agent-8.1.1.jar org.gradle.launcher.daemon.bootstrap.GradleDaemon 8.1.1

Host: Intel(R) Celeron(R) N4020 CPU @ 1.10GHz, 2 cores, 3G,  Windows 11 , 64 bit Build 22621 (10.0.22621.5124)
Time: Sat Apr 26 20:03:49 2025 SE Asia Standard Time elapsed time: 301.807119 seconds (0d 0h 5m 1s)

---------------  T H R E A D  ---------------

Current thread (0x000000001c01bbb0):  VMThread "VM Thread" [stack: 0x000000001c0d0000,0x000000001c1d0000] [id=4208]

Stack: [0x000000001c0d0000,0x000000001c1d0000]
Native frames: (J=compiled Java code, j=interpreted, Vv=VM code, C=native code)
V  [jvm.dll+0x683c9a]
V  [jvm.dll+0x8427a4]
V  [jvm.dll+0x843f9e]
V  [jvm.dll+0x844603]
V  [jvm.dll+0x249b75]
V  [jvm.dll+0x680b69]
V  [jvm.dll+0x67505a]
V  [jvm.dll+0x309acb]
V  [jvm.dll+0x310f86]
V  [jvm.dll+0x3608ee]
V  [jvm.dll+0x360b1f]
V  [jvm.dll+0x2dfbf8]
V  [jvm.dll+0x2ddec4]
V  [jvm.dll+0x2dd4cc]
V  [jvm.dll+0x322261]
V  [jvm.dll+0x848ccb]
V  [jvm.dll+0x849a04]
V  [jvm.dll+0x849f1d]
V  [jvm.dll+0x84a2f4]
V  [jvm.dll+0x84a3c0]
V  [jvm.dll+0x7f274a]
V  [jvm.dll+0x682ad5]
C  [ucrtbase.dll+0x29333]
C  [KERNEL32.DLL+0x1259d]
C  [ntdll.dll+0x5af38]

VM_Operation (0x00000000260f8600): G1TryInitiateConcMark, mode: safepoint, requested by thread 0x0000000023459760


---------------  P R O C E S S  ---------------

Threads class SMR info:
_java_thread_list=0x000000002325f9b0, length=52, elements={
0x0000000002afcae0, 0x000000001c09e670, 0x000000001c09f4e0, 0x000000001c0c1120,
0x000000001c0c1f90, 0x000000001c0c3950, 0x000000001c0c4300, 0x000000001c0c55f0,
0x000000001cd23280, 0x000000001cd24f90, 0x000000001cdef9a0, 0x000000001cf3c3c0,
0x000000001e4a4040, 0x000000001fca81c0, 0x000000001ee457a0, 0x000000001f19e8a0,
0x000000001f19f240, 0x000000001f1a00b0, 0x000000001f19f710, 0x000000001f1a0580,
0x000000001f19df00, 0x000000001e18bdf0, 0x000000001e189c40, 0x000000001e18a110,
0x000000001e18b450, 0x000000001f34f8d0, 0x000000001ed2c9a0, 0x000000001ed2e680,
0x000000001ed30830, 0x000000001ed2eb50, 0x000000001ed33380, 0x000000001ed30d00,
0x000000002345a100, 0x000000001f1a13f0, 0x000000001f1a0f20, 0x000000001f19ed70,
0x000000001f1a18c0, 0x000000001f19fbe0, 0x000000001f1a0a50, 0x0000000023455da0,
0x0000000023454a60, 0x000000002345af70, 0x0000000023458dc0, 0x0000000023458420,
0x000000002345aaa0, 0x0000000023454f30, 0x0000000023456740, 0x0000000023459760,
0x0000000023456c10, 0x0000000023459c30, 0x0000000023457a80, 0x000000001ed2d810
}

Java Threads: ( => current thread )
  0x0000000002afcae0 JavaThread "main" [_thread_blocked, id=9708, stack(0x00000000021b0000,0x00000000022b0000)]
  0x000000001c09e670 JavaThread "Reference Handler" daemon [_thread_blocked, id=8704, stack(0x000000001c1d0000,0x000000001c2d0000)]
  0x000000001c09f4e0 JavaThread "Finalizer" daemon [_thread_blocked, id=10856, stack(0x000000001c2d0000,0x000000001c3d0000)]
  0x000000001c0c1120 JavaThread "Signal Dispatcher" daemon [_thread_blocked, id=2112, stack(0x000000001d110000,0x000000001d210000)]
  0x000000001c0c1f90 JavaThread "Attach Listener" daemon [_thread_blocked, id=2932, stack(0x000000001d210000,0x000000001d310000)]
  0x000000001c0c3950 JavaThread "Service Thread" daemon [_thread_blocked, id=1480, stack(0x000000001d310000,0x000000001d410000)]
  0x000000001c0c4300 JavaThread "Monitor Deflation Thread" daemon [_thread_blocked, id=9964, stack(0x000000001d410000,0x000000001d510000)]
  0x000000001c0c55f0 JavaThread "C2 CompilerThread0" daemon [_thread_blocked, id=3068, stack(0x000000001d510000,0x000000001d610000)]
  0x000000001cd23280 JavaThread "C1 CompilerThread0" daemon [_thread_blocked, id=4888, stack(0x000000001d610000,0x000000001d710000)]
  0x000000001cd24f90 JavaThread "Sweeper thread" daemon [_thread_blocked, id=8420, stack(0x000000001d710000,0x000000001d810000)]
  0x000000001cdef9a0 JavaThread "Common-Cleaner" daemon [_thread_blocked, id=8640, stack(0x000000001d810000,0x000000001d910000)]
  0x000000001cf3c3c0 JavaThread "Notification Thread" daemon [_thread_blocked, id=5008, stack(0x000000001d910000,0x000000001da10000)]
  0x000000001e4a4040 JavaThread "Daemon health stats" [_thread_blocked, id=1856, stack(0x0000000020bd0000,0x0000000020cd0000)]
  0x000000001fca81c0 JavaThread "Incoming local TCP Connector on port 51279" [_thread_in_native, id=3424, stack(0x0000000021010000,0x0000000021110000)]
  0x000000001ee457a0 JavaThread "Daemon periodic checks" [_thread_blocked, id=8584, stack(0x0000000021260000,0x0000000021360000)]
  0x000000001f19e8a0 JavaThread "Cache worker for journal cache (C:\Program Files\Android\Android Studio\jbr\caches\journal-1)" [_thread_blocked, id=5020, stack(0x0000000022400000,0x0000000022500000)]
  0x000000001f19f240 JavaThread "File lock request listener" [_thread_in_native, id=8724, stack(0x0000000022500000,0x0000000022600000)]
  0x000000001f1a00b0 JavaThread "Cache worker for file hash cache (C:\Program Files\Android\Android Studio\jbr\caches\8.1.1\fileHashes)" [_thread_blocked, id=7408, stack(0x0000000023950000,0x0000000023a50000)]
  0x000000001f19f710 JavaThread "File watcher server" daemon [_thread_blocked, id=10484, stack(0x00000000235d0000,0x00000000236d0000)]
  0x000000001f1a0580 JavaThread "File watcher consumer" daemon [_thread_blocked, id=6860, stack(0x00000000236d0000,0x00000000237d0000)]
  0x000000001f19df00 JavaThread "Cache worker for file content cache (C:\Program Files\Android\Android Studio\jbr\caches\8.1.1\fileContent)" [_thread_blocked, id=856, stack(0x0000000024400000,0x0000000024500000)]
  0x000000001e18bdf0 JavaThread "Cache worker for execution history cache (C:\Program Files\Android\Android Studio\jbr\caches\8.1.1\executionHistory)" [_thread_blocked, id=9496, stack(0x0000000024700000,0x0000000024800000)]
  0x000000001e189c40 JavaThread "jar transforms" [_thread_blocked, id=3292, stack(0x0000000024800000,0x0000000024900000)]
  0x000000001e18a110 JavaThread "jar transforms Thread 2" [_thread_blocked, id=9600, stack(0x0000000024a00000,0x0000000024b00000)]
  0x000000001e18b450 JavaThread "Cache worker for kotlin-dsl (C:\Program Files\Android\Android Studio\jbr\caches\8.1.1\kotlin-dsl)" [_thread_blocked, id=8360, stack(0x0000000024b00000,0x0000000024c00000)]
  0x000000001f34f8d0 JavaThread "Memory manager" [_thread_blocked, id=4560, stack(0x0000000026120000,0x0000000026220000)]
  0x000000001ed2c9a0 JavaThread "RMI Scheduler(0)" daemon [_thread_blocked, id=2224, stack(0x000000002df00000,0x000000002e000000)]
  0x000000001ed2e680 JavaThread "RMI GC Daemon" daemon [_thread_blocked, id=11228, stack(0x000000002e100000,0x000000002e200000)]
  0x000000001ed30830 JavaThread "RMI TCP Accept-0" daemon [_thread_in_native, id=10316, stack(0x000000002e200000,0x000000002e300000)]
  0x000000001ed2eb50 JavaThread "RMI Reaper" [_thread_blocked, id=11140, stack(0x000000002e300000,0x000000002e400000)]
  0x000000001ed33380 JavaThread "Daemon Thread 2" [_thread_blocked, id=10560, stack(0x00000000006a0000,0x00000000007a0000)]
  0x000000001ed30d00 JavaThread "Daemon worker Thread 2" [_thread_blocked, id=10072, stack(0x0000000021360000,0x0000000021460000)]
  0x000000002345a100 JavaThread "included builds" [_thread_blocked, id=10104, stack(0x0000000025d00000,0x0000000025e00000)]
  0x000000001f1a13f0 JavaThread "ForkJoinPool.commonPool-worker-2" daemon [_thread_blocked, id=9388, stack(0x000000002c610000,0x000000002c710000)]
  0x000000001f1a0f20 JavaThread "Handler for socket connection from /127.0.0.1:51279 to /127.0.0.1:51308" [_thread_in_native, id=5464, stack(0x00000000007a0000,0x00000000008a0000)]
  0x000000001f19ed70 JavaThread "Cancel handler" [_thread_blocked, id=11004, stack(0x00000000008a0000,0x00000000009a0000)]
  0x000000001f1a18c0 JavaThread "Asynchronous log dispatcher for DefaultDaemonConnection: socket connection from /127.0.0.1:51279 to /127.0.0.1:51308" [_thread_blocked, id=6124, stack(0x0000000021460000,0x0000000021560000)]
  0x000000001f19fbe0 JavaThread "Stdin handler" [_thread_blocked, id=5436, stack(0x0000000021560000,0x0000000021660000)]
  0x000000001f1a0a50 JavaThread "Daemon client event forwarder" [_thread_blocked, id=11032, stack(0x0000000021660000,0x0000000021760000)]
  0x0000000023455da0 JavaThread "Cache worker for checksums cache (C:\Users\Admin\AndroidStudioProjects\kurirkilat\.gradle\8.1.1\checksums)" [_thread_blocked, id=3212, stack(0x00000000222e0000,0x00000000223e0000)]
  0x0000000023454a60 JavaThread "Cache worker for cache directory md-rule (C:\Program Files\Android\Android Studio\jbr\caches\8.1.1\md-rule)" [_thread_blocked, id=7848, stack(0x00000000237d0000,0x00000000238d0000)]
  0x000000002345af70 JavaThread "Cache worker for file hash cache (C:\Users\Admin\AndroidStudioProjects\kurirkilat\.gradle\8.1.1\fileHashes)" [_thread_blocked, id=7200, stack(0x0000000022100000,0x0000000022200000)]
  0x0000000023458dc0 JavaThread "Cache worker for cache directory md-supplier (C:\Program Files\Android\Android Studio\jbr\caches\8.1.1\md-supplier)" [_thread_blocked, id=10340, stack(0x0000000023a50000,0x0000000023b50000)]
  0x0000000023458420 JavaThread "Cache worker for dependencies-accessors (C:\Users\Admin\AndroidStudioProjects\kurirkilat\.gradle\8.1.1\dependencies-accessors)" [_thread_blocked, id=10584, stack(0x0000000024500000,0x0000000024600000)]
  0x000000002345aaa0 JavaThread "Cache worker for Build Output Cleanup Cache (C:\Users\Admin\AndroidStudioProjects\kurirkilat\.gradle\buildOutputCleanup)" [_thread_blocked, id=10108, stack(0x0000000024600000,0x0000000024700000)]
  0x0000000023454f30 JavaThread "Unconstrained build operations" [_thread_blocked, id=9044, stack(0x0000000025c00000,0x0000000025d00000)]
  0x0000000023456740 JavaThread "build event listener" [_thread_blocked, id=2024, stack(0x0000000025e00000,0x0000000025f00000)]
  0x0000000023459760 JavaThread "included builds" [_thread_blocked, id=2180, stack(0x0000000026000000,0x0000000026100000)]
  0x0000000023456c10 JavaThread "Execution worker" [_thread_blocked, id=9868, stack(0x0000000027230000,0x0000000027330000)]
  0x0000000023459c30 JavaThread "Cache worker for execution history cache (C:\Users\Admin\AndroidStudioProjects\kurirkilat\.gradle\8.1.1\executionHistory)" [_thread_blocked, id=9628, stack(0x0000000028c00000,0x0000000028d00000)]
  0x0000000023457a80 JavaThread "Unconstrained build operations Thread 2" [_thread_blocked, id=2856, stack(0x0000000029dc0000,0x0000000029ec0000)]
  0x000000001ed2d810 JavaThread "Unconstrained build operations Thread 3" [_thread_blocked, id=4292, stack(0x0000000029ec0000,0x0000000029fc0000)]

Other Threads:
=>0x000000001c01bbb0 VMThread "VM Thread" [stack: 0x000000001c0d0000,0x000000001c1d0000] [id=4208]
  0x000000001cfdaca0 WatcherThread [stack: 0x000000001da10000,0x000000001db10000] [id=8524]
  0x0000000002b58330 GCTaskThread "GC Thread#0" [stack: 0x00000000197b0000,0x00000000198b0000] [id=5340]
  0x000000001d045560 GCTaskThread "GC Thread#1" [stack: 0x000000001e310000,0x000000001e410000] [id=8980]
  0x0000000002b69a10 ConcurrentGCThread "G1 Main Marker" [stack: 0x00000000198b0000,0x00000000199b0000] [id=7580]
  0x0000000002b6a420 ConcurrentGCThread "G1 Conc#0" [stack: 0x00000000199b0000,0x0000000019ab0000] [id=10272]
  0x0000000002b9cfd0 ConcurrentGCThread "G1 Refine#0" [stack: 0x000000001bcd0000,0x000000001bdd0000] [id=1628]
  0x000000002087d760 ConcurrentGCThread "G1 Refine#1" [stack: 0x0000000024900000,0x0000000024a00000] [id=6172]
  0x0000000002b9d9f0 ConcurrentGCThread "G1 Service" [stack: 0x000000001bdd0000,0x000000001bed0000] [id=8096]

Threads with active compile tasks:
C2 CompilerThread0   301905 21589 % !   4       com.android.ide.common.resources.DataMerger::mergeData @ 247 (611 bytes)

VM state: at safepoint (normal execution)

VM Mutex/Monitor currently owned by a thread:  ([mutex/lock_event])
[0x0000000002af72f0] Threads_lock - owner thread: 0x000000001c01bbb0
[0x0000000002af84f0] Heap_lock - owner thread: 0x0000000023459760

Heap address: 0x0000000080000000, size: 2048 MB, Compressed Oops mode: 32-bit

CDS archive(s) not mapped
Compressed class space mapped at: 0x0000000100000000-0x0000000140000000, reserved size: 1073741824
Narrow klass base: 0x0000000000000000, Narrow klass shift: 3, Narrow klass range: 0x140000000

GC Precious Log:
 CPUs: 2 total, 2 available
 Memory: 3737M
 Large Page Support: Disabled
 NUMA Support: Disabled
 Compressed Oops: Enabled (32-bit)
 Heap Region Size: 1M
 Heap Min Capacity: 8M
 Heap Initial Capacity: 60M
 Heap Max Capacity: 2G
 Pre-touch: Disabled
 Parallel Workers: 2
 Concurrent Workers: 1
 Concurrent Refinement Workers: 2
 Periodic GC: Disabled

Heap:
 garbage-first heap   total 338944K, used 176128K [0x0000000080000000, 0x0000000100000000)
  region size 1024K, 9 young (9216K), 9 survivors (9216K)
 Metaspace       used 133048K, committed 134016K, reserved 1171456K
  class space    used 17807K, committed 18304K, reserved 1048576K

Heap Regions: E=young(eden), S=young(survivor), O=old, HS=humongous(starts), HC=humongous(continues), CS=collection set, F=free, OA=open archive, CA=closed archive, TAMS=top-at-mark-start (previous, next)
|   0|0x0000000080000000, 0x0000000080100000, 0x0000000080100000|100%| O|  |TAMS 0x0000000080100000, 0x0000000080100000| Untracked 
|   1|0x0000000080100000, 0x0000000080200000, 0x0000000080200000|100%| O|  |TAMS 0x0000000080200000, 0x0000000080200000| Untracked 
|   2|0x0000000080200000, 0x0000000080300000, 0x0000000080300000|100%|HS|  |TAMS 0x0000000080300000, 0x0000000080300000| Complete 
|   3|0x0000000080300000, 0x0000000080400000, 0x0000000080400000|100%|HC|  |TAMS 0x0000000080400000, 0x0000000080400000| Complete 
|   4|0x0000000080400000, 0x0000000080500000, 0x0000000080500000|100%|HC|  |TAMS 0x0000000080500000, 0x0000000080500000| Complete 
|   5|0x0000000080500000, 0x0000000080600000, 0x0000000080600000|100%|HC|  |TAMS 0x0000000080600000, 0x0000000080600000| Complete 
|   6|0x0000000080600000, 0x0000000080700000, 0x0000000080700000|100%| O|  |TAMS 0x0000000080700000, 0x0000000080700000| Untracked 
|   7|0x0000000080700000, 0x0000000080800000, 0x0000000080800000|100%| O|  |TAMS 0x0000000080800000, 0x0000000080800000| Untracked 
|   8|0x0000000080800000, 0x0000000080900000, 0x0000000080900000|100%| O|  |TAMS 0x0000000080900000, 0x0000000080900000| Untracked 
|   9|0x0000000080900000, 0x0000000080a00000, 0x0000000080a00000|100%| O|  |TAMS 0x0000000080a00000, 0x0000000080a00000| Untracked 
|  10|0x0000000080a00000, 0x0000000080b00000, 0x0000000080b00000|100%| O|  |TAMS 0x0000000080b00000, 0x0000000080b00000| Untracked 
|  11|0x0000000080b00000, 0x0000000080c00000, 0x0000000080c00000|100%| O|  |TAMS 0x0000000080c00000, 0x0000000080c00000| Untracked 
|  12|0x0000000080c00000, 0x0000000080d00000, 0x0000000080d00000|100%| O|  |TAMS 0x0000000080d00000, 0x0000000080d00000| Untracked 
|  13|0x0000000080d00000, 0x0000000080e00000, 0x0000000080e00000|100%| O|  |TAMS 0x0000000080e00000, 0x0000000080e00000| Untracked 
|  14|0x0000000080e00000, 0x0000000080f00000, 0x0000000080f00000|100%| O|  |TAMS 0x0000000080f00000, 0x0000000080f00000| Untracked 
|  15|0x0000000080f00000, 0x0000000081000000, 0x0000000081000000|100%| O|  |TAMS 0x0000000081000000, 0x0000000081000000| Untracked 
|  16|0x0000000081000000, 0x0000000081100000, 0x0000000081100000|100%| O|  |TAMS 0x0000000081100000, 0x0000000081100000| Untracked 
|  17|0x0000000081100000, 0x0000000081200000, 0x0000000081200000|100%| O|  |TAMS 0x0000000081200000, 0x0000000081200000| Untracked 
|  18|0x0000000081200000, 0x0000000081300000, 0x0000000081300000|100%| O|  |TAMS 0x0000000081300000, 0x0000000081300000| Untracked 
|  19|0x0000000081300000, 0x0000000081400000, 0x0000000081400000|100%| O|  |TAMS 0x0000000081400000, 0x0000000081400000| Untracked 
|  20|0x0000000081400000, 0x0000000081500000, 0x0000000081500000|100%| O|  |TAMS 0x0000000081500000, 0x0000000081500000| Untracked 
|  21|0x0000000081500000, 0x0000000081600000, 0x0000000081600000|100%| O|  |TAMS 0x0000000081600000, 0x0000000081600000| Untracked 
|  22|0x0000000081600000, 0x0000000081700000, 0x0000000081700000|100%| O|  |TAMS 0x0000000081700000, 0x0000000081700000| Untracked 
|  23|0x0000000081700000, 0x0000000081800000, 0x0000000081800000|100%| O|  |TAMS 0x0000000081800000, 0x0000000081800000| Untracked 
|  24|0x0000000081800000, 0x0000000081900000, 0x0000000081900000|100%| O|  |TAMS 0x0000000081900000, 0x0000000081900000| Untracked 
|  25|0x0000000081900000, 0x0000000081a00000, 0x0000000081a00000|100%| O|  |TAMS 0x0000000081a00000, 0x0000000081a00000| Untracked 
|  26|0x0000000081a00000, 0x0000000081b00000, 0x0000000081b00000|100%| O|  |TAMS 0x0000000081b00000, 0x0000000081b00000| Untracked 
|  27|0x0000000081b00000, 0x0000000081c00000, 0x0000000081c00000|100%| O|  |TAMS 0x0000000081c00000, 0x0000000081c00000| Untracked 
|  28|0x0000000081c00000, 0x0000000081d00000, 0x0000000081d00000|100%| O|  |TAMS 0x0000000081d00000, 0x0000000081d00000| Untracked 
|  29|0x0000000081d00000, 0x0000000081e00000, 0x0000000081e00000|100%|HS|  |TAMS 0x0000000081e00000, 0x0000000081e00000| Complete 
|  30|0x0000000081e00000, 0x0000000081f00000, 0x0000000081f00000|100%|HS|  |TAMS 0x0000000081f00000, 0x0000000081f00000| Complete 
|  31|0x0000000081f00000, 0x0000000082000000, 0x0000000082000000|100%|HS|  |TAMS 0x0000000082000000, 0x0000000082000000| Complete 
|  32|0x0000000082000000, 0x0000000082100000, 0x0000000082100000|100%|HS|  |TAMS 0x0000000082100000, 0x0000000082100000| Complete 
|  33|0x0000000082100000, 0x0000000082200000, 0x0000000082200000|100%|HC|  |TAMS 0x0000000082200000, 0x0000000082200000| Complete 
|  34|0x0000000082200000, 0x0000000082300000, 0x0000000082300000|100%|HS|  |TAMS 0x0000000082300000, 0x0000000082300000| Complete 
|  35|0x0000000082300000, 0x0000000082400000, 0x0000000082400000|100%|HC|  |TAMS 0x0000000082400000, 0x0000000082400000| Complete 
|  36|0x0000000082400000, 0x0000000082500000, 0x0000000082500000|100%|HS|  |TAMS 0x0000000082500000, 0x0000000082500000| Complete 
|  37|0x0000000082500000, 0x0000000082600000, 0x0000000082600000|100%|HC|  |TAMS 0x0000000082600000, 0x0000000082600000| Complete 
|  38|0x0000000082600000, 0x0000000082700000, 0x0000000082700000|100%|HC|  |TAMS 0x0000000082700000, 0x0000000082700000| Complete 
|  39|0x0000000082700000, 0x0000000082800000, 0x0000000082800000|100%|HC|  |TAMS 0x0000000082800000, 0x0000000082800000| Complete 
|  40|0x0000000082800000, 0x0000000082900000, 0x0000000082900000|100%| O|  |TAMS 0x0000000082900000, 0x0000000082900000| Untracked 
|  41|0x0000000082900000, 0x0000000082a00000, 0x0000000082a00000|100%|HS|  |TAMS 0x0000000082a00000, 0x0000000082a00000| Complete 
|  42|0x0000000082a00000, 0x0000000082b00000, 0x0000000082b00000|100%| O|  |TAMS 0x0000000082b00000, 0x0000000082b00000| Untracked 
|  43|0x0000000082b00000, 0x0000000082c00000, 0x0000000082c00000|100%| O|  |TAMS 0x0000000082c00000, 0x0000000082c00000| Untracked 
|  44|0x0000000082c00000, 0x0000000082d00000, 0x0000000082d00000|100%| O|  |TAMS 0x0000000082d00000, 0x0000000082d00000| Untracked 
|  45|0x0000000082d00000, 0x0000000082e00000, 0x0000000082e00000|100%| O|  |TAMS 0x0000000082e00000, 0x0000000082e00000| Untracked 
|  46|0x0000000082e00000, 0x0000000082f00000, 0x0000000082f00000|100%| O|  |TAMS 0x0000000082f00000, 0x0000000082f00000| Untracked 
|  47|0x0000000082f00000, 0x0000000083000000, 0x0000000083000000|100%| O|  |TAMS 0x0000000083000000, 0x0000000083000000| Untracked 
|  48|0x0000000083000000, 0x0000000083100000, 0x0000000083100000|100%| O|  |TAMS 0x0000000083100000, 0x0000000083100000| Untracked 
|  49|0x0000000083100000, 0x0000000083200000, 0x0000000083200000|100%| O|  |TAMS 0x0000000083200000, 0x0000000083200000| Untracked 
|  50|0x0000000083200000, 0x0000000083300000, 0x0000000083300000|100%| O|  |TAMS 0x0000000083300000, 0x0000000083300000| Untracked 
|  51|0x0000000083300000, 0x0000000083400000, 0x0000000083400000|100%| O|  |TAMS 0x0000000083300000, 0x0000000083300000| Untracked 
|  52|0x0000000083400000, 0x0000000083500000, 0x0000000083500000|100%| O|  |TAMS 0x0000000083500000, 0x0000000083500000| Untracked 
|  53|0x0000000083500000, 0x0000000083600000, 0x0000000083600000|100%| O|  |TAMS 0x0000000083600000, 0x0000000083600000| Untracked 
|  54|0x0000000083600000, 0x0000000083700000, 0x0000000083700000|100%| O|  |TAMS 0x0000000083700000, 0x0000000083700000| Untracked 
|  55|0x0000000083700000, 0x0000000083800000, 0x0000000083800000|100%| O|  |TAMS 0x0000000083800000, 0x0000000083800000| Untracked 
|  56|0x0000000083800000, 0x0000000083900000, 0x0000000083900000|100%| O|  |TAMS 0x0000000083900000, 0x0000000083900000| Untracked 
|  57|0x0000000083900000, 0x0000000083a00000, 0x0000000083a00000|100%| O|  |TAMS 0x0000000083a00000, 0x0000000083a00000| Untracked 
|  58|0x0000000083a00000, 0x0000000083b00000, 0x0000000083b00000|100%| O|  |TAMS 0x0000000083b00000, 0x0000000083b00000| Untracked 
|  59|0x0000000083b00000, 0x0000000083c00000, 0x0000000083c00000|100%| O|  |TAMS 0x0000000083c00000, 0x0000000083c00000| Untracked 
|  60|0x0000000083c00000, 0x0000000083d00000, 0x0000000083d00000|100%| O|  |TAMS 0x0000000083d00000, 0x0000000083d00000| Untracked 
|  61|0x0000000083d00000, 0x0000000083e00000, 0x0000000083e00000|100%| O|  |TAMS 0x0000000083e00000, 0x0000000083e00000| Untracked 
|  62|0x0000000083e00000, 0x0000000083f00000, 0x0000000083f00000|100%|HS|  |TAMS 0x0000000083f00000, 0x0000000083f00000| Complete 
|  63|0x0000000083f00000, 0x0000000084000000, 0x0000000084000000|100%|HC|  |TAMS 0x0000000084000000, 0x0000000084000000| Complete 
|  64|0x0000000084000000, 0x0000000084100000, 0x0000000084100000|100%|HC|  |TAMS 0x0000000084100000, 0x0000000084100000| Complete 
|  65|0x0000000084100000, 0x0000000084200000, 0x0000000084200000|100%|HC|  |TAMS 0x0000000084200000, 0x0000000084200000| Complete 
|  66|0x0000000084200000, 0x0000000084300000, 0x0000000084300000|100%| O|  |TAMS 0x0000000084300000, 0x0000000084300000| Untracked 
|  67|0x0000000084300000, 0x0000000084400000, 0x0000000084400000|100%| O|  |TAMS 0x0000000084400000, 0x0000000084400000| Untracked 
|  68|0x0000000084400000, 0x0000000084500000, 0x0000000084500000|100%| O|  |TAMS 0x0000000084500000, 0x0000000084500000| Untracked 
|  69|0x0000000084500000, 0x0000000084600000, 0x0000000084600000|100%| O|  |TAMS 0x0000000084600000, 0x0000000084600000| Untracked 
|  70|0x0000000084600000, 0x0000000084700000, 0x0000000084700000|100%| O|  |TAMS 0x0000000084700000, 0x0000000084700000| Untracked 
|  71|0x0000000084700000, 0x0000000084800000, 0x0000000084800000|100%| O|  |TAMS 0x0000000084800000, 0x0000000084800000| Untracked 
|  72|0x0000000084800000, 0x0000000084900000, 0x0000000084900000|100%| O|  |TAMS 0x0000000084900000, 0x0000000084900000| Untracked 
|  73|0x0000000084900000, 0x0000000084a00000, 0x0000000084a00000|100%| O|  |TAMS 0x0000000084a00000, 0x0000000084a00000| Untracked 
|  74|0x0000000084a00000, 0x0000000084b00000, 0x0000000084b00000|100%| O|  |TAMS 0x0000000084b00000, 0x0000000084b00000| Untracked 
|  75|0x0000000084b00000, 0x0000000084c00000, 0x0000000084c00000|100%| O|  |TAMS 0x0000000084c00000, 0x0000000084c00000| Untracked 
|  76|0x0000000084c00000, 0x0000000084d00000, 0x0000000084d00000|100%| O|  |TAMS 0x0000000084c00000, 0x0000000084d00000| Untracked 
|  77|0x0000000084d00000, 0x0000000084e00000, 0x0000000084e00000|100%| O|  |TAMS 0x0000000084e00000, 0x0000000084e00000| Untracked 
|  78|0x0000000084e00000, 0x0000000084f00000, 0x0000000084f00000|100%| O|  |TAMS 0x0000000084f00000, 0x0000000084f00000| Untracked 
|  79|0x0000000084f00000, 0x0000000085000000, 0x0000000085000000|100%| O|  |TAMS 0x0000000085000000, 0x0000000085000000| Untracked 
|  80|0x0000000085000000, 0x0000000085100000, 0x0000000085100000|100%| O|  |TAMS 0x0000000085100000, 0x0000000085100000| Untracked 
|  81|0x0000000085100000, 0x0000000085200000, 0x0000000085200000|100%| O|  |TAMS 0x0000000085200000, 0x0000000085200000| Untracked 
|  82|0x0000000085200000, 0x0000000085300000, 0x0000000085300000|100%| O|  |TAMS 0x0000000085300000, 0x0000000085300000| Untracked 
|  83|0x0000000085300000, 0x0000000085400000, 0x0000000085400000|100%| O|  |TAMS 0x0000000085400000, 0x0000000085400000| Untracked 
|  84|0x0000000085400000, 0x0000000085500000, 0x0000000085500000|100%| O|  |TAMS 0x0000000085500000, 0x0000000085500000| Untracked 
|  85|0x0000000085500000, 0x0000000085600000, 0x0000000085600000|100%| O|  |TAMS 0x0000000085600000, 0x0000000085600000| Untracked 
|  86|0x0000000085600000, 0x0000000085700000, 0x0000000085700000|100%| O|  |TAMS 0x0000000085600000, 0x0000000085700000| Untracked 
|  87|0x0000000085700000, 0x0000000085800000, 0x0000000085800000|100%| O|  |TAMS 0x0000000085800000, 0x0000000085800000| Untracked 
|  88|0x0000000085800000, 0x0000000085900000, 0x0000000085900000|100%| O|  |TAMS 0x0000000085900000, 0x0000000085900000| Untracked 
|  89|0x0000000085900000, 0x0000000085a00000, 0x0000000085a00000|100%| O|  |TAMS 0x0000000085900000, 0x0000000085a00000| Untracked 
|  90|0x0000000085a00000, 0x0000000085b00000, 0x0000000085b00000|100%| O|  |TAMS 0x0000000085b00000, 0x0000000085b00000| Untracked 
|  91|0x0000000085b00000, 0x0000000085c00000, 0x0000000085c00000|100%| O|  |TAMS 0x0000000085b00000, 0x0000000085b00000| Untracked 
|  92|0x0000000085c00000, 0x0000000085d00000, 0x0000000085d00000|100%| O|  |TAMS 0x0000000085d00000, 0x0000000085d00000| Untracked 
|  93|0x0000000085d00000, 0x0000000085e00000, 0x0000000085e00000|100%| O|  |TAMS 0x0000000085e00000, 0x0000000085e00000| Untracked 
|  94|0x0000000085e00000, 0x0000000085f00000, 0x0000000085f00000|100%| O|  |TAMS 0x0000000085e00000, 0x0000000085e00000| Untracked 
|  95|0x0000000085f00000, 0x0000000086000000, 0x0000000086000000|100%| O|  |TAMS 0x0000000086000000, 0x0000000086000000| Untracked 
|  96|0x0000000086000000, 0x0000000086100000, 0x0000000086100000|100%| O|  |TAMS 0x0000000086100000, 0x0000000086100000| Untracked 
|  97|0x0000000086100000, 0x0000000086200000, 0x0000000086200000|100%| O|  |TAMS 0x0000000086200000, 0x0000000086200000| Untracked 
|  98|0x0000000086200000, 0x0000000086300000, 0x0000000086300000|100%| O|  |TAMS 0x0000000086300000, 0x0000000086300000| Untracked 
|  99|0x0000000086300000, 0x0000000086400000, 0x0000000086400000|100%| O|  |TAMS 0x0000000086400000, 0x0000000086400000| Untracked 
| 100|0x0000000086400000, 0x0000000086500000, 0x0000000086500000|100%| O|  |TAMS 0x0000000086500000, 0x0000000086500000| Untracked 
| 101|0x0000000086500000, 0x0000000086600000, 0x0000000086600000|100%| O|  |TAMS 0x0000000086600000, 0x0000000086600000| Untracked 
| 102|0x0000000086600000, 0x0000000086700000, 0x0000000086700000|100%| O|  |TAMS 0x0000000086700000, 0x0000000086700000| Untracked 
| 103|0x0000000086700000, 0x0000000086800000, 0x0000000086800000|100%| O|  |TAMS 0x0000000086800000, 0x0000000086800000| Untracked 
| 104|0x0000000086800000, 0x0000000086900000, 0x0000000086900000|100%| O|  |TAMS 0x0000000086900000, 0x0000000086900000| Untracked 
| 105|0x0000000086900000, 0x0000000086a00000, 0x0000000086a00000|100%| O|  |TAMS 0x0000000086a00000, 0x0000000086a00000| Untracked 
| 106|0x0000000086a00000, 0x0000000086b00000, 0x0000000086b00000|100%| O|  |TAMS 0x0000000086b00000, 0x0000000086b00000| Untracked 
| 107|0x0000000086b00000, 0x0000000086c00000, 0x0000000086c00000|100%| O|  |TAMS 0x0000000086c00000, 0x0000000086c00000| Untracked 
| 108|0x0000000086c00000, 0x0000000086d00000, 0x0000000086d00000|100%| O|  |TAMS 0x0000000086d00000, 0x0000000086d00000| Untracked 
| 109|0x0000000086d00000, 0x0000000086e00000, 0x0000000086e00000|100%| O|  |TAMS 0x0000000086e00000, 0x0000000086e00000| Untracked 
| 110|0x0000000086e00000, 0x0000000086f00000, 0x0000000086f00000|100%| O|  |TAMS 0x0000000086f00000, 0x0000000086f00000| Untracked 
| 111|0x0000000086f00000, 0x0000000087000000, 0x0000000087000000|100%| O|  |TAMS 0x0000000087000000, 0x0000000087000000| Untracked 
| 112|0x0000000087000000, 0x0000000087100000, 0x0000000087100000|100%| O|  |TAMS 0x0000000087100000, 0x0000000087100000| Untracked 
| 113|0x0000000087100000, 0x0000000087200000, 0x0000000087200000|100%| O|  |TAMS 0x0000000087100000, 0x0000000087100000| Untracked 
| 114|0x0000000087200000, 0x0000000087300000, 0x0000000087300000|100%| O|  |TAMS 0x0000000087300000, 0x0000000087300000| Untracked 
| 115|0x0000000087300000, 0x0000000087400000, 0x0000000087400000|100%| O|  |TAMS 0x0000000087400000, 0x0000000087400000| Untracked 
| 116|0x0000000087400000, 0x0000000087500000, 0x0000000087500000|100%| O|  |TAMS 0x0000000087476600, 0x0000000087500000| Untracked 
| 117|0x0000000087500000, 0x0000000087600000, 0x0000000087600000|100%| O|  |TAMS 0x0000000087500000, 0x0000000087600000| Untracked 
| 118|0x0000000087600000, 0x0000000087700000, 0x0000000087700000|100%| O|  |TAMS 0x0000000087600000, 0x0000000087700000| Untracked 
| 119|0x0000000087700000, 0x0000000087800000, 0x0000000087800000|100%| O|  |TAMS 0x0000000087700000, 0x0000000087800000| Untracked 
| 120|0x0000000087800000, 0x0000000087900000, 0x0000000087900000|100%| O|  |TAMS 0x0000000087800000, 0x0000000087900000| Untracked 
| 121|0x0000000087900000, 0x0000000087a00000, 0x0000000087a00000|100%| O|  |TAMS 0x0000000087900000, 0x0000000087a00000| Untracked 
| 122|0x0000000087a00000, 0x0000000087b00000, 0x0000000087b00000|100%| O|  |TAMS 0x0000000087a00000, 0x0000000087b00000| Untracked 
| 123|0x0000000087b00000, 0x0000000087c00000, 0x0000000087c00000|100%| O|  |TAMS 0x0000000087b00000, 0x0000000087c00000| Untracked 
| 124|0x0000000087c00000, 0x0000000087d00000, 0x0000000087d00000|100%| O|  |TAMS 0x0000000087c00000, 0x0000000087d00000| Untracked 
| 125|0x0000000087d00000, 0x0000000087e00000, 0x0000000087e00000|100%| O|  |TAMS 0x0000000087d00000, 0x0000000087e00000| Untracked 
| 126|0x0000000087e00000, 0x0000000087f00000, 0x0000000087f00000|100%| O|  |TAMS 0x0000000087e00000, 0x0000000087f00000| Untracked 
| 127|0x0000000087f00000, 0x0000000088000000, 0x0000000088000000|100%| O|  |TAMS 0x0000000087f00000, 0x0000000088000000| Untracked 
| 128|0x0000000088000000, 0x0000000088100000, 0x0000000088100000|100%| O|  |TAMS 0x0000000088000000, 0x0000000088100000| Untracked 
| 129|0x0000000088100000, 0x0000000088200000, 0x0000000088200000|100%| O|  |TAMS 0x0000000088100000, 0x0000000088200000| Untracked 
| 130|0x0000000088200000, 0x0000000088300000, 0x0000000088300000|100%| O|  |TAMS 0x0000000088200000, 0x0000000088300000| Untracked 
| 131|0x0000000088300000, 0x0000000088400000, 0x0000000088400000|100%| O|  |TAMS 0x0000000088300000, 0x0000000088400000| Untracked 
| 132|0x0000000088400000, 0x0000000088500000, 0x0000000088500000|100%| O|  |TAMS 0x0000000088400000, 0x0000000088500000| Untracked 
| 133|0x0000000088500000, 0x0000000088600000, 0x0000000088600000|100%| O|  |TAMS 0x0000000088500000, 0x0000000088500000| Untracked 
| 134|0x0000000088600000, 0x0000000088700000, 0x0000000088700000|100%| O|  |TAMS 0x0000000088600000, 0x0000000088600000| Untracked 
| 135|0x0000000088700000, 0x0000000088800000, 0x0000000088800000|100%| O|  |TAMS 0x0000000088700000, 0x0000000088800000| Untracked 
| 136|0x0000000088800000, 0x0000000088900000, 0x0000000088900000|100%| O|  |TAMS 0x0000000088900000, 0x0000000088900000| Untracked 
| 137|0x0000000088900000, 0x0000000088a00000, 0x0000000088a00000|100%| O|  |TAMS 0x0000000088a00000, 0x0000000088a00000| Untracked 
| 138|0x0000000088a00000, 0x0000000088b00000, 0x0000000088b00000|100%| O|  |TAMS 0x0000000088b00000, 0x0000000088b00000| Untracked 
| 139|0x0000000088b00000, 0x0000000088c00000, 0x0000000088c00000|100%| O|  |TAMS 0x0000000088c00000, 0x0000000088c00000| Untracked 
| 140|0x0000000088c00000, 0x0000000088d00000, 0x0000000088d00000|100%| O|  |TAMS 0x0000000088d00000, 0x0000000088d00000| Untracked 
| 141|0x0000000088d00000, 0x0000000088e00000, 0x0000000088e00000|100%| O|  |TAMS 0x0000000088e00000, 0x0000000088e00000| Untracked 
| 142|0x0000000088e00000, 0x0000000088f00000, 0x0000000088f00000|100%| O|  |TAMS 0x0000000088f00000, 0x0000000088f00000| Untracked 
| 143|0x0000000088f00000, 0x0000000088f00000, 0x0000000089000000|  0%| F|  |TAMS 0x0000000088f00000, 0x0000000088f00000| Untracked 
| 144|0x0000000089000000, 0x0000000089100000, 0x0000000089100000|100%| O|  |TAMS 0x0000000089100000, 0x0000000089100000| Untracked 
| 145|0x0000000089100000, 0x0000000089200000, 0x0000000089200000|100%| O|  |TAMS 0x0000000089200000, 0x0000000089200000| Untracked 
| 146|0x0000000089200000, 0x0000000089300000, 0x0000000089300000|100%| O|  |TAMS 0x0000000089200000, 0x0000000089300000| Untracked 
| 147|0x0000000089300000, 0x0000000089400000, 0x0000000089400000|100%| O|  |TAMS 0x0000000089400000, 0x0000000089400000| Untracked 
| 148|0x0000000089400000, 0x0000000089500000, 0x0000000089500000|100%| O|  |TAMS 0x0000000089500000, 0x0000000089500000| Untracked 
| 149|0x0000000089500000, 0x0000000089600000, 0x0000000089600000|100%| O|  |TAMS 0x0000000089600000, 0x0000000089600000| Untracked 
| 150|0x0000000089600000, 0x0000000089700000, 0x0000000089700000|100%| O|  |TAMS 0x0000000089700000, 0x0000000089700000| Untracked 
| 151|0x0000000089700000, 0x0000000089800000, 0x0000000089800000|100%| O|  |TAMS 0x0000000089800000, 0x0000000089800000| Untracked 
| 152|0x0000000089800000, 0x0000000089900000, 0x0000000089900000|100%| O|  |TAMS 0x0000000089900000, 0x0000000089900000| Untracked 
| 153|0x0000000089900000, 0x0000000089a00000, 0x0000000089a00000|100%| O|  |TAMS 0x0000000089a00000, 0x0000000089a00000| Untracked 
| 154|0x0000000089a00000, 0x0000000089b00000, 0x0000000089b00000|100%| O|  |TAMS 0x0000000089b00000, 0x0000000089b00000| Untracked 
| 155|0x0000000089b00000, 0x0000000089c00000, 0x0000000089c00000|100%| O|  |TAMS 0x0000000089c00000, 0x0000000089c00000| Untracked 
| 156|0x0000000089c00000, 0x0000000089d00000, 0x0000000089d00000|100%| O|  |TAMS 0x0000000089d00000, 0x0000000089d00000| Untracked 
| 157|0x0000000089d00000, 0x0000000089d00000, 0x0000000089e00000|  0%| F|  |TAMS 0x0000000089d00000, 0x0000000089d00000| Untracked 
| 158|0x0000000089e00000, 0x0000000089e00000, 0x0000000089f00000|  0%| F|  |TAMS 0x0000000089e00000, 0x0000000089e00000| Untracked 
| 159|0x0000000089f00000, 0x0000000089f00000, 0x000000008a000000|  0%| F|  |TAMS 0x0000000089f00000, 0x0000000089f00000| Untracked 
| 160|0x000000008a000000, 0x000000008a000000, 0x000000008a100000|  0%| F|  |TAMS 0x000000008a000000, 0x000000008a000000| Untracked 
| 161|0x000000008a100000, 0x000000008a100000, 0x000000008a200000|  0%| F|  |TAMS 0x000000008a100000, 0x000000008a100000| Untracked 
| 162|0x000000008a200000, 0x000000008a300000, 0x000000008a300000|100%| O|  |TAMS 0x000000008a200000, 0x000000008a300000| Untracked 
| 163|0x000000008a300000, 0x000000008a400000, 0x000000008a400000|100%| O|  |TAMS 0x000000008a300000, 0x000000008a400000| Untracked 
| 164|0x000000008a400000, 0x000000008a500000, 0x000000008a500000|100%| O|  |TAMS 0x000000008a400000, 0x000000008a500000| Untracked 
| 165|0x000000008a500000, 0x000000008a600000, 0x000000008a600000|100%| O|  |TAMS 0x000000008a500000, 0x000000008a600000| Untracked 
| 166|0x000000008a600000, 0x000000008a600000, 0x000000008a700000|  0%| F|  |TAMS 0x000000008a600000, 0x000000008a600000| Untracked 
| 167|0x000000008a700000, 0x000000008a700000, 0x000000008a800000|  0%| F|  |TAMS 0x000000008a700000, 0x000000008a700000| Untracked 
| 168|0x000000008a800000, 0x000000008a800000, 0x000000008a900000|  0%| F|  |TAMS 0x000000008a800000, 0x000000008a800000| Untracked 
| 169|0x000000008a900000, 0x000000008a900000, 0x000000008aa00000|  0%| F|  |TAMS 0x000000008a900000, 0x000000008a900000| Untracked 
| 170|0x000000008aa00000, 0x000000008aa00000, 0x000000008ab00000|  0%| F|  |TAMS 0x000000008aa00000, 0x000000008aa00000| Untracked 
| 171|0x000000008ab00000, 0x000000008ab00000, 0x000000008ac00000|  0%| F|  |TAMS 0x000000008ab00000, 0x000000008ab00000| Untracked 
| 172|0x000000008ac00000, 0x000000008ac00000, 0x000000008ad00000|  0%| F|  |TAMS 0x000000008ac00000, 0x000000008ac00000| Untracked 
| 173|0x000000008ad00000, 0x000000008ad00000, 0x000000008ae00000|  0%| F|  |TAMS 0x000000008ad00000, 0x000000008ad00000| Untracked 
| 174|0x000000008ae00000, 0x000000008ae00000, 0x000000008af00000|  0%| F|  |TAMS 0x000000008ae00000, 0x000000008ae00000| Untracked 
| 175|0x000000008af00000, 0x000000008af00000, 0x000000008b000000|  0%| F|  |TAMS 0x000000008af00000, 0x000000008af00000| Untracked 
| 176|0x000000008b000000, 0x000000008b000000, 0x000000008b100000|  0%| F|  |TAMS 0x000000008b000000, 0x000000008b000000| Untracked 
| 177|0x000000008b100000, 0x000000008b100000, 0x000000008b200000|  0%| F|  |TAMS 0x000000008b100000, 0x000000008b100000| Untracked 
| 178|0x000000008b200000, 0x000000008b200000, 0x000000008b300000|  0%| F|  |TAMS 0x000000008b200000, 0x000000008b200000| Untracked 
| 179|0x000000008b300000, 0x000000008b300000, 0x000000008b400000|  0%| F|  |TAMS 0x000000008b300000, 0x000000008b300000| Untracked 
| 180|0x000000008b400000, 0x000000008b400000, 0x000000008b500000|  0%| F|  |TAMS 0x000000008b400000, 0x000000008b400000| Untracked 
| 181|0x000000008b500000, 0x000000008b500000, 0x000000008b600000|  0%| F|  |TAMS 0x000000008b500000, 0x000000008b500000| Untracked 
| 182|0x000000008b600000, 0x000000008b600000, 0x000000008b700000|  0%| F|  |TAMS 0x000000008b600000, 0x000000008b600000| Untracked 
| 183|0x000000008b700000, 0x000000008b700000, 0x000000008b800000|  0%| F|  |TAMS 0x000000008b700000, 0x000000008b700000| Untracked 
| 184|0x000000008b800000, 0x000000008b800000, 0x000000008b900000|  0%| F|  |TAMS 0x000000008b800000, 0x000000008b800000| Untracked 
| 185|0x000000008b900000, 0x000000008b900000, 0x000000008ba00000|  0%| F|  |TAMS 0x000000008b900000, 0x000000008b900000| Untracked 
| 186|0x000000008ba00000, 0x000000008ba00000, 0x000000008bb00000|  0%| F|  |TAMS 0x000000008ba00000, 0x000000008ba00000| Untracked 
| 187|0x000000008bb00000, 0x000000008bb00000, 0x000000008bc00000|  0%| F|  |TAMS 0x000000008bb00000, 0x000000008bb00000| Untracked 
| 188|0x000000008bc00000, 0x000000008bc00000, 0x000000008bd00000|  0%| F|  |TAMS 0x000000008bc00000, 0x000000008bc00000| Untracked 
| 189|0x000000008bd00000, 0x000000008bd00000, 0x000000008be00000|  0%| F|  |TAMS 0x000000008bd00000, 0x000000008bd00000| Untracked 
| 190|0x000000008be00000, 0x000000008be00000, 0x000000008bf00000|  0%| F|  |TAMS 0x000000008be00000, 0x000000008be00000| Untracked 
| 191|0x000000008bf00000, 0x000000008bf00000, 0x000000008c000000|  0%| F|  |TAMS 0x000000008bf00000, 0x000000008bf00000| Untracked 
| 192|0x000000008c000000, 0x000000008c000000, 0x000000008c100000|  0%| F|  |TAMS 0x000000008c000000, 0x000000008c000000| Untracked 
| 193|0x000000008c100000, 0x000000008c100000, 0x000000008c200000|  0%| F|  |TAMS 0x000000008c100000, 0x000000008c100000| Untracked 
| 194|0x000000008c200000, 0x000000008c200000, 0x000000008c300000|  0%| F|  |TAMS 0x000000008c200000, 0x000000008c200000| Untracked 
| 195|0x000000008c300000, 0x000000008c300000, 0x000000008c400000|  0%| F|  |TAMS 0x000000008c300000, 0x000000008c300000| Untracked 
| 196|0x000000008c400000, 0x000000008c400000, 0x000000008c500000|  0%| F|  |TAMS 0x000000008c400000, 0x000000008c400000| Untracked 
| 197|0x000000008c500000, 0x000000008c500000, 0x000000008c600000|  0%| F|  |TAMS 0x000000008c500000, 0x000000008c500000| Untracked 
| 198|0x000000008c600000, 0x000000008c600000, 0x000000008c700000|  0%| F|  |TAMS 0x000000008c600000, 0x000000008c600000| Untracked 
| 199|0x000000008c700000, 0x000000008c700000, 0x000000008c800000|  0%| F|  |TAMS 0x000000008c700000, 0x000000008c700000| Untracked 
| 200|0x000000008c800000, 0x000000008c800000, 0x000000008c900000|  0%| F|  |TAMS 0x000000008c800000, 0x000000008c800000| Untracked 
| 201|0x000000008c900000, 0x000000008c900000, 0x000000008ca00000|  0%| F|  |TAMS 0x000000008c900000, 0x000000008c900000| Untracked 
| 202|0x000000008ca00000, 0x000000008ca00000, 0x000000008cb00000|  0%| F|  |TAMS 0x000000008ca00000, 0x000000008ca00000| Untracked 
| 203|0x000000008cb00000, 0x000000008cb00000, 0x000000008cc00000|  0%| F|  |TAMS 0x000000008cb00000, 0x000000008cb00000| Untracked 
| 204|0x000000008cc00000, 0x000000008cc00000, 0x000000008cd00000|  0%| F|  |TAMS 0x000000008cc00000, 0x000000008cc00000| Untracked 
| 205|0x000000008cd00000, 0x000000008cd00000, 0x000000008ce00000|  0%| F|  |TAMS 0x000000008cd00000, 0x000000008cd00000| Untracked 
| 206|0x000000008ce00000, 0x000000008ce00000, 0x000000008cf00000|  0%| F|  |TAMS 0x000000008ce00000, 0x000000008ce00000| Untracked 
| 207|0x000000008cf00000, 0x000000008cf00000, 0x000000008d000000|  0%| F|  |TAMS 0x000000008cf00000, 0x000000008cf00000| Untracked 
| 208|0x000000008d000000, 0x000000008d000000, 0x000000008d100000|  0%| F|  |TAMS 0x000000008d000000, 0x000000008d000000| Untracked 
| 209|0x000000008d100000, 0x000000008d100000, 0x000000008d200000|  0%| F|  |TAMS 0x000000008d100000, 0x000000008d100000| Untracked 
| 210|0x000000008d200000, 0x000000008d200000, 0x000000008d300000|  0%| F|  |TAMS 0x000000008d200000, 0x000000008d200000| Untracked 
| 211|0x000000008d300000, 0x000000008d300000, 0x000000008d400000|  0%| F|  |TAMS 0x000000008d300000, 0x000000008d300000| Untracked 
| 212|0x000000008d400000, 0x000000008d400000, 0x000000008d500000|  0%| F|  |TAMS 0x000000008d400000, 0x000000008d400000| Untracked 
| 213|0x000000008d500000, 0x000000008d500000, 0x000000008d600000|  0%| F|  |TAMS 0x000000008d500000, 0x000000008d500000| Untracked 
| 214|0x000000008d600000, 0x000000008d600000, 0x000000008d700000|  0%| F|  |TAMS 0x000000008d600000, 0x000000008d600000| Untracked 
| 215|0x000000008d700000, 0x000000008d700000, 0x000000008d800000|  0%| F|  |TAMS 0x000000008d700000, 0x000000008d700000| Untracked 
| 216|0x000000008d800000, 0x000000008d800000, 0x000000008d900000|  0%| F|  |TAMS 0x000000008d800000, 0x000000008d800000| Untracked 
| 217|0x000000008d900000, 0x000000008d900000, 0x000000008da00000|  0%| F|  |TAMS 0x000000008d900000, 0x000000008d900000| Untracked 
| 218|0x000000008da00000, 0x000000008da00000, 0x000000008db00000|  0%| F|  |TAMS 0x000000008da00000, 0x000000008da00000| Untracked 
| 219|0x000000008db00000, 0x000000008db00000, 0x000000008dc00000|  0%| F|  |TAMS 0x000000008db00000, 0x000000008db00000| Untracked 
| 220|0x000000008dc00000, 0x000000008dc00000, 0x000000008dd00000|  0%| F|  |TAMS 0x000000008dc00000, 0x000000008dc00000| Untracked 
| 221|0x000000008dd00000, 0x000000008dd00000, 0x000000008de00000|  0%| F|  |TAMS 0x000000008dd00000, 0x000000008dd00000| Untracked 
| 222|0x000000008de00000, 0x000000008de00000, 0x000000008df00000|  0%| F|  |TAMS 0x000000008de00000, 0x000000008de00000| Untracked 
| 223|0x000000008df00000, 0x000000008df00000, 0x000000008e000000|  0%| F|  |TAMS 0x000000008df00000, 0x000000008df00000| Untracked 
| 224|0x000000008e000000, 0x000000008e000000, 0x000000008e100000|  0%| F|  |TAMS 0x000000008e000000, 0x000000008e000000| Untracked 
| 225|0x000000008e100000, 0x000000008e100000, 0x000000008e200000|  0%| F|  |TAMS 0x000000008e100000, 0x000000008e100000| Untracked 
| 226|0x000000008e200000, 0x000000008e200000, 0x000000008e300000|  0%| F|  |TAMS 0x000000008e200000, 0x000000008e200000| Untracked 
| 227|0x000000008e300000, 0x000000008e300000, 0x000000008e400000|  0%| F|  |TAMS 0x000000008e300000, 0x000000008e300000| Untracked 
| 228|0x000000008e400000, 0x000000008e400000, 0x000000008e500000|  0%| F|  |TAMS 0x000000008e400000, 0x000000008e400000| Untracked 
| 229|0x000000008e500000, 0x000000008e500000, 0x000000008e600000|  0%| F|  |TAMS 0x000000008e500000, 0x000000008e500000| Untracked 
| 230|0x000000008e600000, 0x000000008e600000, 0x000000008e700000|  0%| F|  |TAMS 0x000000008e600000, 0x000000008e600000| Untracked 
| 231|0x000000008e700000, 0x000000008e700000, 0x000000008e800000|  0%| F|  |TAMS 0x000000008e700000, 0x000000008e700000| Untracked 
| 232|0x000000008e800000, 0x000000008e800000, 0x000000008e900000|  0%| F|  |TAMS 0x000000008e800000, 0x000000008e800000| Untracked 
| 233|0x000000008e900000, 0x000000008e900000, 0x000000008ea00000|  0%| F|  |TAMS 0x000000008e900000, 0x000000008e900000| Untracked 
| 234|0x000000008ea00000, 0x000000008ea00000, 0x000000008eb00000|  0%| F|  |TAMS 0x000000008ea00000, 0x000000008ea00000| Untracked 
| 235|0x000000008eb00000, 0x000000008eb00000, 0x000000008ec00000|  0%| F|  |TAMS 0x000000008eb00000, 0x000000008eb00000| Untracked 
| 236|0x000000008ec00000, 0x000000008ec00000, 0x000000008ed00000|  0%| F|  |TAMS 0x000000008ec00000, 0x000000008ec00000| Untracked 
| 237|0x000000008ed00000, 0x000000008ed00000, 0x000000008ee00000|  0%| F|  |TAMS 0x000000008ed00000, 0x000000008ed00000| Untracked 
| 238|0x000000008ee00000, 0x000000008ee00000, 0x000000008ef00000|  0%| F|  |TAMS 0x000000008ee00000, 0x000000008ee00000| Untracked 
| 239|0x000000008ef00000, 0x000000008f000000, 0x000000008f000000|100%| S|CS|TAMS 0x000000008ef00000, 0x000000008ef00000| Complete 
| 240|0x000000008f000000, 0x000000008f100000, 0x000000008f100000|100%| S|CS|TAMS 0x000000008f000000, 0x000000008f000000| Complete 
| 241|0x000000008f100000, 0x000000008f200000, 0x000000008f200000|100%| S|CS|TAMS 0x000000008f100000, 0x000000008f100000| Complete 
| 242|0x000000008f200000, 0x000000008f300000, 0x000000008f300000|100%| S|CS|TAMS 0x000000008f200000, 0x000000008f200000| Complete 
| 243|0x000000008f300000, 0x000000008f400000, 0x000000008f400000|100%| S|CS|TAMS 0x000000008f300000, 0x000000008f300000| Complete 
| 244|0x000000008f400000, 0x000000008f500000, 0x000000008f500000|100%| S|CS|TAMS 0x000000008f400000, 0x000000008f400000| Complete 
| 245|0x000000008f500000, 0x000000008f600000, 0x000000008f600000|100%| S|CS|TAMS 0x000000008f500000, 0x000000008f500000| Complete 
| 246|0x000000008f600000, 0x000000008f700000, 0x000000008f700000|100%| S|CS|TAMS 0x000000008f600000, 0x000000008f600000| Complete 
| 247|0x000000008f700000, 0x000000008f800000, 0x000000008f800000|100%| S|CS|TAMS 0x000000008f700000, 0x000000008f700000| Complete 
| 248|0x000000008f800000, 0x000000008f800000, 0x000000008f900000|  0%| F|  |TAMS 0x000000008f800000, 0x000000008f800000| Untracked 
| 249|0x000000008f900000, 0x000000008f900000, 0x000000008fa00000|  0%| F|  |TAMS 0x000000008f900000, 0x000000008f900000| Untracked 
| 250|0x000000008fa00000, 0x000000008fa00000, 0x000000008fb00000|  0%| F|  |TAMS 0x000000008fa00000, 0x000000008fa00000| Untracked 
| 251|0x000000008fb00000, 0x000000008fb00000, 0x000000008fc00000|  0%| F|  |TAMS 0x000000008fb00000, 0x000000008fb00000| Untracked 
| 252|0x000000008fc00000, 0x000000008fc00000, 0x000000008fd00000|  0%| F|  |TAMS 0x000000008fc00000, 0x000000008fc00000| Untracked 
| 253|0x000000008fd00000, 0x000000008fd00000, 0x000000008fe00000|  0%| F|  |TAMS 0x000000008fd00000, 0x000000008fd00000| Untracked 
| 254|0x000000008fe00000, 0x000000008fe00000, 0x000000008ff00000|  0%| F|  |TAMS 0x000000008fe00000, 0x000000008fe00000| Untracked 
| 255|0x000000008ff00000, 0x000000008ff00000, 0x0000000090000000|  0%| F|  |TAMS 0x000000008ff00000, 0x000000008ff00000| Untracked 
| 256|0x0000000090000000, 0x0000000090000000, 0x0000000090100000|  0%| F|  |TAMS 0x0000000090000000, 0x0000000090000000| Untracked 
| 257|0x0000000090100000, 0x0000000090100000, 0x0000000090200000|  0%| F|  |TAMS 0x0000000090100000, 0x0000000090100000| Untracked 
| 258|0x0000000090200000, 0x0000000090200000, 0x0000000090300000|  0%| F|  |TAMS 0x0000000090200000, 0x0000000090200000| Untracked 
| 259|0x0000000090300000, 0x0000000090300000, 0x0000000090400000|  0%| F|  |TAMS 0x0000000090300000, 0x0000000090300000| Untracked 
| 260|0x0000000090400000, 0x0000000090400000, 0x0000000090500000|  0%| F|  |TAMS 0x0000000090400000, 0x0000000090400000| Untracked 
| 261|0x0000000090500000, 0x0000000090500000, 0x0000000090600000|  0%| F|  |TAMS 0x0000000090500000, 0x0000000090500000| Untracked 
| 262|0x0000000090600000, 0x0000000090600000, 0x0000000090700000|  0%| F|  |TAMS 0x0000000090600000, 0x0000000090600000| Untracked 
| 263|0x0000000090700000, 0x0000000090700000, 0x0000000090800000|  0%| F|  |TAMS 0x0000000090700000, 0x0000000090700000| Untracked 
| 264|0x0000000090800000, 0x0000000090800000, 0x0000000090900000|  0%| F|  |TAMS 0x0000000090800000, 0x0000000090800000| Untracked 
| 265|0x0000000090900000, 0x0000000090900000, 0x0000000090a00000|  0%| F|  |TAMS 0x0000000090900000, 0x0000000090900000| Untracked 
| 266|0x0000000090a00000, 0x0000000090a00000, 0x0000000090b00000|  0%| F|  |TAMS 0x0000000090a00000, 0x0000000090a00000| Untracked 
| 267|0x0000000090b00000, 0x0000000090b00000, 0x0000000090c00000|  0%| F|  |TAMS 0x0000000090b00000, 0x0000000090b00000| Untracked 
| 268|0x0000000090c00000, 0x0000000090c00000, 0x0000000090d00000|  0%| F|  |TAMS 0x0000000090c00000, 0x0000000090c00000| Untracked 
| 269|0x0000000090d00000, 0x0000000090d00000, 0x0000000090e00000|  0%| F|  |TAMS 0x0000000090d00000, 0x0000000090d00000| Untracked 
| 270|0x0000000090e00000, 0x0000000090e00000, 0x0000000090f00000|  0%| F|  |TAMS 0x0000000090e00000, 0x0000000090e00000| Untracked 
| 271|0x0000000090f00000, 0x0000000090f00000, 0x0000000091000000|  0%| F|  |TAMS 0x0000000090f00000, 0x0000000090f00000| Untracked 
| 272|0x0000000091000000, 0x0000000091000000, 0x0000000091100000|  0%| F|  |TAMS 0x0000000091000000, 0x0000000091000000| Untracked 
| 273|0x0000000091100000, 0x0000000091100000, 0x0000000091200000|  0%| F|  |TAMS 0x0000000091100000, 0x0000000091100000| Untracked 
| 274|0x0000000091200000, 0x0000000091200000, 0x0000000091300000|  0%| F|  |TAMS 0x0000000091200000, 0x0000000091200000| Untracked 
| 275|0x0000000091300000, 0x0000000091300000, 0x0000000091400000|  0%| F|  |TAMS 0x0000000091300000, 0x0000000091300000| Untracked 
| 276|0x0000000091400000, 0x0000000091400000, 0x0000000091500000|  0%| F|  |TAMS 0x0000000091400000, 0x0000000091400000| Untracked 
| 277|0x0000000091500000, 0x0000000091500000, 0x0000000091600000|  0%| F|  |TAMS 0x0000000091500000, 0x0000000091500000| Untracked 
| 278|0x0000000091600000, 0x0000000091600000, 0x0000000091700000|  0%| F|  |TAMS 0x0000000091600000, 0x0000000091600000| Untracked 
| 279|0x0000000091700000, 0x0000000091700000, 0x0000000091800000|  0%| F|  |TAMS 0x0000000091700000, 0x0000000091700000| Untracked 
| 280|0x0000000091800000, 0x0000000091800000, 0x0000000091900000|  0%| F|  |TAMS 0x0000000091800000, 0x0000000091800000| Untracked 
| 281|0x0000000091900000, 0x0000000091900000, 0x0000000091a00000|  0%| F|  |TAMS 0x0000000091900000, 0x0000000091900000| Untracked 
| 282|0x0000000091a00000, 0x0000000091a00000, 0x0000000091b00000|  0%| F|  |TAMS 0x0000000091a00000, 0x0000000091a00000| Untracked 
| 283|0x0000000091b00000, 0x0000000091b00000, 0x0000000091c00000|  0%| F|  |TAMS 0x0000000091b00000, 0x0000000091b00000| Untracked 
| 284|0x0000000091c00000, 0x0000000091c00000, 0x0000000091d00000|  0%| F|  |TAMS 0x0000000091c00000, 0x0000000091c00000| Untracked 
| 285|0x0000000091d00000, 0x0000000091d00000, 0x0000000091e00000|  0%| F|  |TAMS 0x0000000091d00000, 0x0000000091d00000| Untracked 
| 286|0x0000000091e00000, 0x0000000091e00000, 0x0000000091f00000|  0%| F|  |TAMS 0x0000000091e00000, 0x0000000091e00000| Untracked 
| 287|0x0000000091f00000, 0x0000000091f00000, 0x0000000092000000|  0%| F|  |TAMS 0x0000000091f00000, 0x0000000091f00000| Untracked 
| 288|0x0000000092000000, 0x0000000092000000, 0x0000000092100000|  0%| F|  |TAMS 0x0000000092000000, 0x0000000092000000| Untracked 
| 289|0x0000000092100000, 0x0000000092100000, 0x0000000092200000|  0%| F|  |TAMS 0x0000000092100000, 0x0000000092100000| Untracked 
| 290|0x0000000092200000, 0x0000000092200000, 0x0000000092300000|  0%| F|  |TAMS 0x0000000092200000, 0x0000000092200000| Untracked 
| 291|0x0000000092300000, 0x0000000092300000, 0x0000000092400000|  0%| F|  |TAMS 0x0000000092300000, 0x0000000092300000| Untracked 
| 292|0x0000000092400000, 0x0000000092400000, 0x0000000092500000|  0%| F|  |TAMS 0x0000000092400000, 0x0000000092400000| Untracked 
| 293|0x0000000092500000, 0x0000000092500000, 0x0000000092600000|  0%| F|  |TAMS 0x0000000092500000, 0x0000000092500000| Untracked 
| 294|0x0000000092600000, 0x0000000092600000, 0x0000000092700000|  0%| F|  |TAMS 0x0000000092600000, 0x0000000092600000| Untracked 
| 295|0x0000000092700000, 0x0000000092700000, 0x0000000092800000|  0%| F|  |TAMS 0x0000000092700000, 0x0000000092700000| Untracked 
| 296|0x0000000092800000, 0x0000000092800000, 0x0000000092900000|  0%| F|  |TAMS 0x0000000092800000, 0x0000000092800000| Untracked 
| 297|0x0000000092900000, 0x0000000092900000, 0x0000000092a00000|  0%| F|  |TAMS 0x0000000092900000, 0x0000000092900000| Untracked 
| 298|0x0000000092a00000, 0x0000000092a00000, 0x0000000092b00000|  0%| F|  |TAMS 0x0000000092a00000, 0x0000000092a00000| Untracked 
| 299|0x0000000092b00000, 0x0000000092b00000, 0x0000000092c00000|  0%| F|  |TAMS 0x0000000092b00000, 0x0000000092b00000| Untracked 
| 300|0x0000000092c00000, 0x0000000092c00000, 0x0000000092d00000|  0%| F|  |TAMS 0x0000000092c00000, 0x0000000092c00000| Untracked 
| 301|0x0000000092d00000, 0x0000000092d00000, 0x0000000092e00000|  0%| F|  |TAMS 0x0000000092d00000, 0x0000000092d00000| Untracked 
| 302|0x0000000092e00000, 0x0000000092e00000, 0x0000000092f00000|  0%| F|  |TAMS 0x0000000092e00000, 0x0000000092e00000| Untracked 
| 303|0x0000000092f00000, 0x0000000092f00000, 0x0000000093000000|  0%| F|  |TAMS 0x0000000092f00000, 0x0000000092f00000| Untracked 
| 304|0x0000000093000000, 0x0000000093000000, 0x0000000093100000|  0%| F|  |TAMS 0x0000000093000000, 0x0000000093000000| Untracked 
| 305|0x0000000093100000, 0x0000000093100000, 0x0000000093200000|  0%| F|  |TAMS 0x0000000093100000, 0x0000000093100000| Untracked 
| 306|0x0000000093200000, 0x0000000093200000, 0x0000000093300000|  0%| F|  |TAMS 0x0000000093200000, 0x0000000093200000| Untracked 
| 307|0x0000000093300000, 0x0000000093300000, 0x0000000093400000|  0%| F|  |TAMS 0x0000000093300000, 0x0000000093300000| Untracked 
| 308|0x0000000093400000, 0x0000000093400000, 0x0000000093500000|  0%| F|  |TAMS 0x0000000093400000, 0x0000000093400000| Untracked 
| 309|0x0000000093500000, 0x0000000093500000, 0x0000000093600000|  0%| F|  |TAMS 0x0000000093500000, 0x0000000093500000| Untracked 
| 310|0x0000000093600000, 0x0000000093600000, 0x0000000093700000|  0%| F|  |TAMS 0x0000000093600000, 0x0000000093600000| Untracked 
| 311|0x0000000093700000, 0x0000000093700000, 0x0000000093800000|  0%| F|  |TAMS 0x0000000093700000, 0x0000000093700000| Untracked 
| 312|0x0000000093800000, 0x0000000093800000, 0x0000000093900000|  0%| F|  |TAMS 0x0000000093800000, 0x0000000093800000| Untracked 
| 313|0x0000000093900000, 0x0000000093900000, 0x0000000093a00000|  0%| F|  |TAMS 0x0000000093900000, 0x0000000093900000| Untracked 
| 314|0x0000000093a00000, 0x0000000093a00000, 0x0000000093b00000|  0%| F|  |TAMS 0x0000000093a00000, 0x0000000093a00000| Untracked 
| 315|0x0000000093b00000, 0x0000000093b00000, 0x0000000093c00000|  0%| F|  |TAMS 0x0000000093b00000, 0x0000000093b00000| Untracked 
| 316|0x0000000093c00000, 0x0000000093c00000, 0x0000000093d00000|  0%| F|  |TAMS 0x0000000093c00000, 0x0000000093c00000| Untracked 
| 317|0x0000000093d00000, 0x0000000093d00000, 0x0000000093e00000|  0%| F|  |TAMS 0x0000000093d00000, 0x0000000093d00000| Untracked 
| 318|0x0000000093e00000, 0x0000000093e00000, 0x0000000093f00000|  0%| F|  |TAMS 0x0000000093e00000, 0x0000000093e00000| Untracked 
| 319|0x0000000093f00000, 0x0000000093f00000, 0x0000000094000000|  0%| F|  |TAMS 0x0000000093f00000, 0x0000000093f00000| Untracked 
| 320|0x0000000094000000, 0x0000000094000000, 0x0000000094100000|  0%| F|  |TAMS 0x0000000094000000, 0x0000000094000000| Untracked 
| 321|0x0000000094100000, 0x0000000094100000, 0x0000000094200000|  0%| F|  |TAMS 0x0000000094100000, 0x0000000094100000| Untracked 
| 322|0x0000000094200000, 0x0000000094200000, 0x0000000094300000|  0%| F|  |TAMS 0x0000000094200000, 0x0000000094200000| Untracked 
| 323|0x0000000094300000, 0x0000000094300000, 0x0000000094400000|  0%| F|  |TAMS 0x0000000094300000, 0x0000000094300000| Untracked 
| 324|0x0000000094400000, 0x0000000094400000, 0x0000000094500000|  0%| F|  |TAMS 0x0000000094400000, 0x0000000094400000| Untracked 
| 325|0x0000000094500000, 0x0000000094500000, 0x0000000094600000|  0%| F|  |TAMS 0x0000000094500000, 0x0000000094500000| Untracked 
| 326|0x0000000094600000, 0x0000000094600000, 0x0000000094700000|  0%| F|  |TAMS 0x0000000094600000, 0x0000000094600000| Untracked 
|2044|0x00000000ffc00000, 0x00000000ffd00000, 0x00000000ffd00000|100%| O|  |TAMS 0x00000000ffd00000, 0x00000000ffd00000| Untracked 
|2045|0x00000000ffd00000, 0x00000000ffd00000, 0x00000000ffe00000|  0%| F|  |TAMS 0x00000000ffd00000, 0x00000000ffd00000| Untracked 
|2046|0x00000000ffe00000, 0x00000000fff00000, 0x00000000fff00000|100%| O|  |TAMS 0x00000000fff00000, 0x00000000fff00000| Untracked 
|2047|0x00000000fff00000, 0x0000000100000000, 0x0000000100000000|100%| O|  |TAMS 0x0000000100000000, 0x0000000100000000| Untracked 

Card table byte_map: [0x0000000014fb0000,0x00000000153b0000] _byte_map_base: 0x0000000014bb0000

Marking Bits (Prev, Next): (CMBitMap*) 0x0000000002b58940, (CMBitMap*) 0x0000000002b58980
 Prev Bits: [0x00000000157b0000, 0x00000000177b0000)
 Next Bits: [0x00000000177b0000, 0x00000000197b0000)

Polling page: 0x0000000000560000

Metaspace:

Usage:
  Non-class:    112.54 MB used.
      Class:     17.39 MB used.
       Both:    129.93 MB used.

Virtual space:
  Non-class space:      120.00 MB reserved,     113.00 MB ( 94%) committed,  15 nodes.
      Class space:        1.00 GB reserved,      17.88 MB (  2%) committed,  1 nodes.
             Both:        1.12 GB reserved,     130.88 MB ( 11%) committed. 

Chunk freelists:
   Non-Class:  2.63 MB
       Class:  2.19 MB
        Both:  4.82 MB

MaxMetaspaceSize: unlimited
CompressedClassSpaceSize: 1.00 GB
Initial GC threshold: 21.00 MB
Current GC threshold: 217.44 MB
CDS: off
MetaspaceReclaimPolicy: balanced
 - commit_granule_bytes: 65536.
 - commit_granule_words: 8192.
 - virtual_space_node_default_size: 1048576.
 - enlarge_chunks_in_place: 1.
 - new_chunks_are_fully_committed: 0.
 - uncommit_free_chunks: 1.
 - use_allocation_guard: 0.
 - handle_deallocations: 1.


Internal statistics:

num_allocs_failed_limit: 9.
num_arena_births: 1610.
num_arena_deaths: 2.
num_vsnodes_births: 16.
num_vsnodes_deaths: 0.
num_space_committed: 2093.
num_space_uncommitted: 0.
num_chunks_returned_to_freelist: 12.
num_chunks_taken_from_freelist: 6772.
num_chunk_merges: 9.
num_chunk_splits: 4506.
num_chunks_enlarged: 3006.
num_purges: 2.
num_inconsistent_stats: 0.

CodeHeap 'non-profiled nmethods': size=120064Kb used=11022Kb max_used=11022Kb free=109041Kb
 bounds [0x000000000da70000, 0x000000000e540000, 0x0000000014fb0000]
CodeHeap 'profiled nmethods': size=120000Kb used=34949Kb max_used=34949Kb free=85050Kb
 bounds [0x0000000005fb0000, 0x00000000081e0000, 0x000000000d4e0000]
CodeHeap 'non-nmethods': size=5696Kb used=2469Kb max_used=2530Kb free=3226Kb
 bounds [0x000000000d4e0000, 0x000000000d760000, 0x000000000da70000]
 total_blobs=18578 nmethods=17554 adapters=935
 compilation: enabled
              stopped_count=0, restarted_count=0
 full_count=0

Compilation events (20 events):
Event: 301.448 Thread 0x000000001cd23280 21586 % !   3       com.android.ide.common.resources.DataMerger::mergeData @ 247 (611 bytes)
Event: 301.455 Thread 0x000000001cd23280 nmethod 21586% 0x00000000081b9a90 code [0x00000000081ba2c0, 0x00000000081bfea8]
Event: 301.456 Thread 0x000000001cd23280 21587   !   3       com.android.ide.common.resources.DataMerger::mergeData (611 bytes)
Event: 301.461 Thread 0x000000001cd23280 nmethod 21587 0x00000000081c2710 code [0x00000000081c2f40, 0x00000000081c8538]
Event: 301.534 Thread 0x000000001c0c55f0 nmethod 21550 0x000000000e526810 code [0x000000000e526d80, 0x000000000e52df78]
Event: 301.534 Thread 0x000000001c0c55f0 21551       4       org.apache.xerces.parsers.AbstractDOMParser::startElement (883 bytes)
Event: 301.558 Thread 0x000000001c0c55f0 nmethod 21551 0x000000000e531b90 code [0x000000000e531d80, 0x000000000e532a78]
Event: 301.558 Thread 0x000000001c0c55f0 21589 % !   4       com.android.ide.common.resources.DataMerger::mergeData @ 247 (611 bytes)
Event: 301.561 Thread 0x000000001cd23280 21592       2       com.google.gson.stream.JsonWriter::endObject (9 bytes)
Event: 301.562 Thread 0x000000001cd23280 nmethod 21592 0x00000000081cac90 code [0x00000000081cae20, 0x00000000081caf48]
Event: 301.562 Thread 0x000000001cd23280 21593       2       com.google.gson.stream.JsonWriter::beginObject (12 bytes)
Event: 301.562 Thread 0x000000001cd23280 nmethod 21593 0x00000000081cb010 code [0x00000000081cb1e0, 0x00000000081cb3e8]
Event: 301.579 Thread 0x000000001cd23280 21603       2       com.android.ide.common.resources.ResourceSet::appendToXml (65 bytes)
Event: 301.579 Thread 0x000000001cd23280 nmethod 21603 0x00000000081cb510 code [0x00000000081cb6e0, 0x00000000081cb938]
Event: 301.649 Thread 0x000000001cd23280 21605       2       java.util.Formatter::parse (216 bytes)
Event: 301.652 Thread 0x000000001cd23280 nmethod 21605 0x00000000081cba90 code [0x00000000081cbde0, 0x00000000081cd128]
Event: 301.734 Thread 0x000000001cd23280 21608       3       com.android.utils.XmlUtils::append (597 bytes)
Event: 301.737 Thread 0x000000001cd23280 nmethod 21608 0x00000000081cdd90 code [0x00000000081ce3c0, 0x00000000081d13d8]
Event: 301.743 Thread 0x000000001cd23280 21610       2       com.android.utils.XmlUtils::appendXmlAttributeValue (11 bytes)
Event: 301.743 Thread 0x000000001cd23280 nmethod 21610 0x00000000081d2590 code [0x00000000081d2720, 0x00000000081d2848]

GC Heap History (20 events):
Event: 105.069 GC heap after
{Heap after GC invocations=53 (full 0):
 garbage-first heap   total 290816K, used 137075K [0x0000000080000000, 0x0000000100000000)
  region size 1024K, 9 young (9216K), 9 survivors (9216K)
 Metaspace       used 128770K, committed 129600K, reserved 1163264K
  class space    used 17350K, committed 17792K, reserved 1048576K
}
Event: 105.096 GC heap before
{Heap before GC invocations=53 (full 0):
 garbage-first heap   total 290816K, used 139123K [0x0000000080000000, 0x0000000100000000)
  region size 1024K, 11 young (11264K), 9 survivors (9216K)
 Metaspace       used 128770K, committed 129600K, reserved 1163264K
  class space    used 17350K, committed 17792K, reserved 1048576K
}
Event: 105.118 GC heap after
{Heap after GC invocations=54 (full 0):
 garbage-first heap   total 290816K, used 137590K [0x0000000080000000, 0x0000000100000000)
  region size 1024K, 7 young (7168K), 7 survivors (7168K)
 Metaspace       used 128770K, committed 129600K, reserved 1163264K
  class space    used 17350K, committed 17792K, reserved 1048576K
}
Event: 245.638 GC heap before
{Heap before GC invocations=55 (full 0):
 garbage-first heap   total 290816K, used 267638K [0x0000000080000000, 0x0000000100000000)
  region size 1024K, 110 young (112640K), 7 survivors (7168K)
 Metaspace       used 132141K, committed 133056K, reserved 1171456K
  class space    used 17770K, committed 18240K, reserved 1048576K
}
Event: 246.195 GC heap after
{Heap after GC invocations=56 (full 0):
 garbage-first heap   total 290816K, used 139126K [0x0000000080000000, 0x0000000100000000)
  region size 1024K, 9 young (9216K), 9 survivors (9216K)
 Metaspace       used 132141K, committed 133056K, reserved 1171456K
  class space    used 17770K, committed 18240K, reserved 1048576K
}
Event: 246.922 GC heap before
{Heap before GC invocations=56 (full 0):
 garbage-first heap   total 290816K, used 144246K [0x0000000080000000, 0x0000000100000000)
  region size 1024K, 14 young (14336K), 9 survivors (9216K)
 Metaspace       used 132236K, committed 133184K, reserved 1171456K
  class space    used 17774K, committed 18240K, reserved 1048576K
}
Event: 247.025 GC heap after
{Heap after GC invocations=57 (full 0):
 garbage-first heap   total 290816K, used 135920K [0x0000000080000000, 0x0000000100000000)
  region size 1024K, 1 young (1024K), 1 survivors (1024K)
 Metaspace       used 132236K, committed 133184K, reserved 1171456K
  class space    used 17774K, committed 18240K, reserved 1048576K
}
Event: 248.244 GC heap before
{Heap before GC invocations=57 (full 0):
 garbage-first heap   total 290816K, used 156400K [0x0000000080000000, 0x0000000100000000)
  region size 1024K, 22 young (22528K), 1 survivors (1024K)
 Metaspace       used 132294K, committed 133184K, reserved 1171456K
  class space    used 17774K, committed 18240K, reserved 1048576K
}
Event: 248.285 GC heap after
{Heap after GC invocations=58 (full 0):
 garbage-first heap   total 290816K, used 138483K [0x0000000080000000, 0x0000000100000000)
  region size 1024K, 4 young (4096K), 4 survivors (4096K)
 Metaspace       used 132294K, committed 133184K, reserved 1171456K
  class space    used 17774K, committed 18240K, reserved 1048576K
}
Event: 258.538 GC heap before
{Heap before GC invocations=59 (full 0):
 garbage-first heap   total 290816K, used 270579K [0x0000000080000000, 0x0000000100000000)
  region size 1024K, 102 young (104448K), 4 survivors (4096K)
 Metaspace       used 132537K, committed 133440K, reserved 1171456K
  class space    used 17784K, committed 18240K, reserved 1048576K
}
Event: 258.569 GC heap after
{Heap after GC invocations=60 (full 0):
 garbage-first heap   total 290816K, used 143088K [0x0000000080000000, 0x0000000100000000)
  region size 1024K, 9 young (9216K), 9 survivors (9216K)
 Metaspace       used 132537K, committed 133440K, reserved 1171456K
  class space    used 17784K, committed 18240K, reserved 1048576K
}
Event: 258.612 GC heap before
{Heap before GC invocations=60 (full 0):
 garbage-first heap   total 290816K, used 148208K [0x0000000080000000, 0x0000000100000000)
  region size 1024K, 14 young (14336K), 9 survivors (9216K)
 Metaspace       used 132537K, committed 133440K, reserved 1171456K
  class space    used 17784K, committed 18240K, reserved 1048576K
}
Event: 258.656 GC heap after
{Heap after GC invocations=61 (full 0):
 garbage-first heap   total 290816K, used 141785K [0x0000000080000000, 0x0000000100000000)
  region size 1024K, 2 young (2048K), 2 survivors (2048K)
 Metaspace       used 132537K, committed 133440K, reserved 1171456K
  class space    used 17784K, committed 18240K, reserved 1048576K
}
Event: 259.908 GC heap before
{Heap before GC invocations=61 (full 0):
 garbage-first heap   total 290816K, used 173529K [0x0000000080000000, 0x0000000100000000)
  region size 1024K, 35 young (35840K), 2 survivors (2048K)
 Metaspace       used 132633K, committed 133568K, reserved 1171456K
  class space    used 17788K, committed 18240K, reserved 1048576K
}
Event: 259.917 GC heap after
{Heap after GC invocations=62 (full 0):
 garbage-first heap   total 290816K, used 141316K [0x0000000080000000, 0x0000000100000000)
  region size 1024K, 2 young (2048K), 2 survivors (2048K)
 Metaspace       used 132633K, committed 133568K, reserved 1171456K
  class space    used 17788K, committed 18240K, reserved 1048576K
}
Event: 301.195 GC heap before
{Heap before GC invocations=63 (full 0):
 garbage-first heap   total 290816K, used 266244K [0x0000000080000000, 0x0000000100000000)
  region size 1024K, 101 young (103424K), 2 survivors (2048K)
 Metaspace       used 133030K, committed 134016K, reserved 1171456K
  class space    used 17807K, committed 18304K, reserved 1048576K
}
Event: 301.266 GC heap after
{Heap after GC invocations=64 (full 0):
 garbage-first heap   total 290816K, used 161779K [0x0000000080000000, 0x0000000100000000)
  region size 1024K, 13 young (13312K), 13 survivors (13312K)
 Metaspace       used 133030K, committed 134016K, reserved 1171456K
  class space    used 17807K, committed 18304K, reserved 1048576K
}
Event: 301.271 GC heap before
{Heap before GC invocations=64 (full 0):
 garbage-first heap   total 290816K, used 162803K [0x0000000080000000, 0x0000000100000000)
  region size 1024K, 14 young (14336K), 13 survivors (13312K)
 Metaspace       used 133030K, committed 134016K, reserved 1171456K
  class space    used 17807K, committed 18304K, reserved 1048576K
}
Event: 301.328 GC heap after
{Heap after GC invocations=65 (full 0):
 garbage-first heap   total 290816K, used 162304K [0x0000000080000000, 0x0000000100000000)
  region size 1024K, 2 young (2048K), 2 survivors (2048K)
 Metaspace       used 133030K, committed 134016K, reserved 1171456K
  class space    used 17807K, committed 18304K, reserved 1048576K
}
Event: 301.745 GC heap before
{Heap before GC invocations=65 (full 0):
 garbage-first heap   total 290816K, used 192000K [0x0000000080000000, 0x0000000100000000)
  region size 1024K, 33 young (33792K), 2 survivors (2048K)
 Metaspace       used 133048K, committed 134016K, reserved 1171456K
  class space    used 17807K, committed 18304K, reserved 1048576K
}

Dll operation events (3 events):
Event: 0.076 Loaded shared library C:\Program Files\Android\Android Studio\jbr\bin\java.dll
Event: 0.572 Loaded shared library C:\Program Files\Android\Android Studio\jbr\bin\zip.dll
Event: 1.835 Loaded shared library C:\Program Files\Android\Android Studio\jbr\bin\verify.dll

Deoptimization events (20 events):
Event: 296.978 Thread 0x000000001ed30d00 Uncommon trap: trap_request=0xffffffde fr.pc=0x000000000db02ff8 relative=0x0000000000000638
Event: 296.978 Thread 0x000000001ed30d00 Uncommon trap: reason=class_check action=maybe_recompile pc=0x000000000db02ff8 method=org.gradle.cache.internal.LockOnDemandCrossProcessCacheAccess.incrementLockCount()V @ 97 c2
Event: 296.978 Thread 0x000000001ed30d00 DEOPT PACKING pc=0x000000000db02ff8 sp=0x0000000021456620
Event: 296.979 Thread 0x000000001ed30d00 DEOPT UNPACKING pc=0x000000000d53699d sp=0x00000000214565d0 mode 2
Event: 298.748 Thread 0x000000001ed30d00 Uncommon trap: trap_request=0xffffffc6 fr.pc=0x000000000e22f108 relative=0x0000000000004ec8
Event: 298.748 Thread 0x000000001ed30d00 Uncommon trap: reason=bimorphic_or_optimized_type_check action=maybe_recompile pc=0x000000000e22f108 method=org.gradle.internal.execution.steps.IdentifyStep.createIdentityContextInternal(Lorg/gradle/internal/execution/UnitOfWork;Lorg/gradle/internal/execu
Event: 298.748 Thread 0x000000001ed30d00 DEOPT PACKING pc=0x000000000e22f108 sp=0x0000000021459620
Event: 298.749 Thread 0x000000001ed30d00 DEOPT UNPACKING pc=0x000000000d53699d sp=0x0000000021459568 mode 2
Event: 298.755 Thread 0x000000001ed30d00 Uncommon trap: trap_request=0xffffff45 fr.pc=0x000000000dfddda8 relative=0x0000000000002468
Event: 298.755 Thread 0x000000001ed30d00 Uncommon trap: reason=unstable_if action=reinterpret pc=0x000000000dfddda8 method=com.google.common.collect.MapMakerInternalMap$Segment.put(Ljava/lang/Object;ILjava/lang/Object;Z)Ljava/lang/Object; @ 92 c2
Event: 298.755 Thread 0x000000001ed30d00 DEOPT PACKING pc=0x000000000dfddda8 sp=0x0000000021458ce0
Event: 298.755 Thread 0x000000001ed30d00 DEOPT UNPACKING pc=0x000000000d53699d sp=0x0000000021458ba0 mode 2
Event: 301.572 Thread 0x0000000023459760 Uncommon trap: trap_request=0xffffffc6 fr.pc=0x000000000e03d3fc relative=0x0000000000000a3c
Event: 301.572 Thread 0x0000000023459760 Uncommon trap: reason=bimorphic_or_optimized_type_check action=maybe_recompile pc=0x000000000e03d3fc method=org.apache.xerces.dom.ParentNode.internalInsertBefore(Lorg/w3c/dom/Node;Lorg/w3c/dom/Node;Z)Lorg/w3c/dom/Node; @ 555 c2
Event: 301.572 Thread 0x0000000023459760 DEOPT PACKING pc=0x000000000e03d3fc sp=0x00000000260fa4a0
Event: 301.572 Thread 0x0000000023459760 DEOPT UNPACKING pc=0x000000000d53699d sp=0x00000000260fa438 mode 2
Event: 301.733 Thread 0x0000000023459760 Uncommon trap: trap_request=0xffffff45 fr.pc=0x000000000e482828 relative=0x0000000000004148
Event: 301.733 Thread 0x0000000023459760 Uncommon trap: reason=unstable_if action=reinterpret pc=0x000000000e482828 method=java.lang.String.lastIndexOf(II)I @ 4 c2
Event: 301.733 Thread 0x0000000023459760 DEOPT PACKING pc=0x000000000e482828 sp=0x00000000260f9f30
Event: 301.734 Thread 0x0000000023459760 DEOPT UNPACKING pc=0x000000000d53699d sp=0x00000000260f9dc0 mode 2

Classes unloaded (1 events):
Event: 105.491 Thread 0x000000001c01bbb0 Unloading class 0x0000000100f2a000 'jdk/internal/reflect/GeneratedSerializationConstructorAccessor149'

Classes redefined (0 events):
No events

Internal exceptions (20 events):
Event: 253.972 Thread 0x0000000023455da0 Exception <a 'sun/nio/fs/WindowsException'{0x000000008e268f58}> (0x000000008e268f58) 
thrown [s\src\hotspot\share\prims\jni.cpp, line 517]
Event: 253.972 Thread 0x0000000023455da0 Exception <a 'sun/nio/fs/WindowsException'{0x000000008c5945a0}> (0x000000008c5945a0) 
thrown [s\src\hotspot\share\prims\jni.cpp, line 517]
Event: 258.681 Thread 0x0000000023455da0 Exception <a 'sun/nio/fs/WindowsException'{0x00000000946cd9b8}> (0x00000000946cd9b8) 
thrown [s\src\hotspot\share\prims\jni.cpp, line 517]
Event: 258.682 Thread 0x0000000023455da0 Exception <a 'sun/nio/fs/WindowsException'{0x00000000946cddf8}> (0x00000000946cddf8) 
thrown [s\src\hotspot\share\prims\jni.cpp, line 517]
Event: 260.738 Thread 0x000000001ed30d00 Exception <a 'sun/nio/fs/WindowsException'{0x0000000094667fe8}> (0x0000000094667fe8) 
thrown [s\src\hotspot\share\prims\jni.cpp, line 517]
Event: 260.738 Thread 0x000000001ed30d00 Exception <a 'sun/nio/fs/WindowsException'{0x00000000946683c8}> (0x00000000946683c8) 
thrown [s\src\hotspot\share\prims\jni.cpp, line 517]
Event: 260.739 Thread 0x000000001ed30d00 Exception <a 'sun/nio/fs/WindowsException'{0x000000009466a2b8}> (0x000000009466a2b8) 
thrown [s\src\hotspot\share\prims\jni.cpp, line 517]
Event: 261.217 Thread 0x000000001ed30d00 Implicit null exception at 0x000000000e160569 to 0x000000000e1653f0
Event: 296.219 Thread 0x000000001ed30d00 Exception <a 'sun/nio/fs/WindowsException'{0x0000000090d6ca98}> (0x0000000090d6ca98) 
thrown [s\src\hotspot\share\prims\jni.cpp, line 517]
Event: 296.219 Thread 0x000000001ed30d00 Exception <a 'sun/nio/fs/WindowsException'{0x0000000090d6e120}> (0x0000000090d6e120) 
thrown [s\src\hotspot\share\prims\jni.cpp, line 517]
Event: 296.220 Thread 0x000000001ed30d00 Exception <a 'sun/nio/fs/WindowsException'{0x0000000090d6f7a8}> (0x0000000090d6f7a8) 
thrown [s\src\hotspot\share\prims\jni.cpp, line 517]
Event: 296.221 Thread 0x000000001ed30d00 Exception <a 'sun/nio/fs/WindowsException'{0x0000000090d70e00}> (0x0000000090d70e00) 
thrown [s\src\hotspot\share\prims\jni.cpp, line 517]
Event: 298.474 Thread 0x000000001ed30d00 Exception <a 'sun/nio/fs/WindowsException'{0x000000008ebcbfa0}> (0x000000008ebcbfa0) 
thrown [s\src\hotspot\share\prims\jni.cpp, line 517]
Event: 298.596 Thread 0x000000001ed30d00 Exception <a 'java/lang/NoSuchMethodError'{0x000000008eaca510}: 'org.gradle.internal.buildoption.BuildOption$Value org.gradle.api.internal.StartParameterInternal.getIsolatedProjects()'> (0x000000008eaca510) 
thrown [s\src\hotspot\share\interpreter\linkResolver.cpp, line 771]
Event: 299.296 Thread 0x000000001ed30d00 Exception <a 'sun/nio/fs/WindowsException'{0x000000008dcbb768}> (0x000000008dcbb768) 
thrown [s\src\hotspot\share\prims\jni.cpp, line 517]
Event: 299.351 Thread 0x000000001ed30d00 Exception <a 'sun/nio/fs/WindowsException'{0x000000008db521b8}> (0x000000008db521b8) 
thrown [s\src\hotspot\share\prims\jni.cpp, line 517]
Event: 299.351 Thread 0x000000001ed30d00 Exception <a 'sun/nio/fs/WindowsException'{0x000000008db53550}> (0x000000008db53550) 
thrown [s\src\hotspot\share\prims\jni.cpp, line 517]
Event: 299.351 Thread 0x000000001ed30d00 Exception <a 'sun/nio/fs/WindowsException'{0x000000008db54938}> (0x000000008db54938) 
thrown [s\src\hotspot\share\prims\jni.cpp, line 517]
Event: 299.351 Thread 0x000000001ed30d00 Exception <a 'sun/nio/fs/WindowsException'{0x000000008db55d20}> (0x000000008db55d20) 
thrown [s\src\hotspot\share\prims\jni.cpp, line 517]
Event: 300.035 Thread 0x0000000023456c10 Exception <a 'sun/nio/fs/WindowsException'{0x000000008d6331c0}> (0x000000008d6331c0) 
thrown [s\src\hotspot\share\prims\jni.cpp, line 517]

VM Operations (20 events):
Event: 260.405 Executing VM operation: G1Concurrent done
Event: 261.405 Executing VM operation: Cleanup
Event: 261.406 Executing VM operation: Cleanup done
Event: 294.977 Executing VM operation: Cleanup
Event: 294.977 Executing VM operation: Cleanup done
Event: 295.981 Executing VM operation: Cleanup
Event: 295.984 Executing VM operation: Cleanup done
Event: 296.984 Executing VM operation: Cleanup
Event: 296.987 Executing VM operation: Cleanup done
Event: 298.084 Executing VM operation: Cleanup
Event: 298.084 Executing VM operation: Cleanup done
Event: 299.345 Executing VM operation: ICBufferFull
Event: 299.346 Executing VM operation: ICBufferFull done
Event: 300.346 Executing VM operation: Cleanup
Event: 300.346 Executing VM operation: Cleanup done
Event: 301.194 Executing VM operation: G1CollectForAllocation
Event: 301.266 Executing VM operation: G1CollectForAllocation done
Event: 301.271 Executing VM operation: G1CollectForAllocation
Event: 301.329 Executing VM operation: G1CollectForAllocation done
Event: 301.745 Executing VM operation: G1TryInitiateConcMark

Events (20 events):
Event: 261.295 Thread 0x000000001ed316a0 Thread exited: 0x000000001ed316a0
Event: 261.308 Thread 0x000000001ed2d810 Thread exited: 0x000000001ed2d810
Event: 294.605 Thread 0x000000001f1a0f20 Thread added: 0x000000001f1a0f20
Event: 294.622 Thread 0x000000001f19ed70 Thread added: 0x000000001f19ed70
Event: 294.691 Thread 0x000000001f1a18c0 Thread added: 0x000000001f1a18c0
Event: 294.701 Thread 0x000000001f19fbe0 Thread added: 0x000000001f19fbe0
Event: 294.702 Thread 0x000000001f1a0a50 Thread added: 0x000000001f1a0a50
Event: 295.360 Thread 0x0000000023455da0 Thread added: 0x0000000023455da0
Event: 295.368 Thread 0x0000000023454a60 Thread added: 0x0000000023454a60
Event: 295.381 Thread 0x000000002345af70 Thread added: 0x000000002345af70
Event: 295.987 Thread 0x0000000023458dc0 Thread added: 0x0000000023458dc0
Event: 296.521 Thread 0x0000000023458420 Thread added: 0x0000000023458420
Event: 296.973 Thread 0x000000002345aaa0 Thread added: 0x000000002345aaa0
Event: 298.155 Thread 0x0000000023454f30 Thread added: 0x0000000023454f30
Event: 298.400 Thread 0x0000000023456740 Thread added: 0x0000000023456740
Event: 299.977 Thread 0x0000000023459760 Thread added: 0x0000000023459760
Event: 299.979 Thread 0x0000000023456c10 Thread added: 0x0000000023456c10
Event: 299.982 Thread 0x0000000023459c30 Thread added: 0x0000000023459c30
Event: 300.478 Thread 0x0000000023457a80 Thread added: 0x0000000023457a80
Event: 300.511 Thread 0x000000001ed2d810 Thread added: 0x000000001ed2d810


Dynamic libraries:
0x00007ff7e2880000 - 0x00007ff7e288a000 	C:\Program Files\Android\Android Studio\jbr\bin\java.exe
0x00007ff8a5610000 - 0x00007ff8a5827000 	C:\Windows\SYSTEM32\ntdll.dll
0x00007ff8a4c80000 - 0x00007ff8a4d44000 	C:\Windows\System32\KERNEL32.DLL
0x00007ff8a2ea0000 - 0x00007ff8a3273000 	C:\Windows\System32\KERNELBASE.dll
0x00007ff89f460000 - 0x00007ff89f4f7000 	C:\Windows\SYSTEM32\apphelp.dll
0x00007ff8a2d50000 - 0x00007ff8a2e61000 	C:\Windows\System32\ucrtbase.dll
0x00007ff892760000 - 0x00007ff89277b000 	C:\Program Files\Android\Android Studio\jbr\bin\VCRUNTIME140.dll
0x00007ff892530000 - 0x00007ff892547000 	C:\Program Files\Android\Android Studio\jbr\bin\jli.dll
0x00007ff8a4da0000 - 0x00007ff8a4f51000 	C:\Windows\System32\USER32.dll
0x00007ff8a2e70000 - 0x00007ff8a2e96000 	C:\Windows\System32\win32u.dll
0x00007ff8a3980000 - 0x00007ff8a39a9000 	C:\Windows\System32\GDI32.dll
0x00007ff8a2930000 - 0x00007ff8a2a4b000 	C:\Windows\System32\gdi32full.dll
0x00007ff8a2720000 - 0x00007ff8a27ba000 	C:\Windows\System32\msvcp_win.dll
0x00007ff88de70000 - 0x00007ff88e108000 	C:\Windows\WinSxS\amd64_microsoft.windows.common-controls_6595b64144ccf1df_6.0.22621.5124_none_270e8f4f7386d69d\COMCTL32.dll
0x00007ff8a32f0000 - 0x00007ff8a3397000 	C:\Windows\System32\msvcrt.dll
0x00007ff8a32b0000 - 0x00007ff8a32e1000 	C:\Windows\System32\IMM32.DLL
0x00007ff892750000 - 0x00007ff89275c000 	C:\Program Files\Android\Android Studio\jbr\bin\vcruntime140_1.dll
0x00007ff888ff0000 - 0x00007ff88907d000 	C:\Program Files\Android\Android Studio\jbr\bin\msvcp140.dll
0x00007ff85f280000 - 0x00007ff85feee000 	C:\Program Files\Android\Android Studio\jbr\bin\server\jvm.dll
0x00007ff8a39b0000 - 0x00007ff8a3a61000 	C:\Windows\System32\ADVAPI32.dll
0x00007ff8a4310000 - 0x00007ff8a43b7000 	C:\Windows\System32\sechost.dll
0x00007ff8a3280000 - 0x00007ff8a32a8000 	C:\Windows\System32\bcrypt.dll
0x00007ff8a33a0000 - 0x00007ff8a34b4000 	C:\Windows\System32\RPCRT4.dll
0x00007ff89c3c0000 - 0x00007ff89c3f4000 	C:\Windows\SYSTEM32\WINMM.dll
0x00007ff891240000 - 0x00007ff89124a000 	C:\Windows\SYSTEM32\VERSION.dll
0x00007ff871570000 - 0x00007ff871579000 	C:\Windows\SYSTEM32\WSOCK32.dll
0x00007ff8a51b0000 - 0x00007ff8a5221000 	C:\Windows\System32\WS2_32.dll
0x00007ff8a1720000 - 0x00007ff8a1738000 	C:\Windows\SYSTEM32\kernel.appcore.dll
0x00007ff89f320000 - 0x00007ff89f32a000 	C:\Program Files\Android\Android Studio\jbr\bin\jimage.dll
0x00007ff8a0060000 - 0x00007ff8a0292000 	C:\Windows\SYSTEM32\DBGHELP.DLL
0x00007ff8a5230000 - 0x00007ff8a55c2000 	C:\Windows\System32\combase.dll
0x00007ff8a3740000 - 0x00007ff8a3817000 	C:\Windows\System32\OLEAUT32.dll
0x00007ff88db20000 - 0x00007ff88db52000 	C:\Windows\SYSTEM32\dbgcore.DLL
0x00007ff8a2a50000 - 0x00007ff8a2acb000 	C:\Windows\System32\bcryptPrimitives.dll
0x00007ff892780000 - 0x00007ff89278e000 	C:\Program Files\Android\Android Studio\jbr\bin\instrument.dll
0x00007ff89cbb0000 - 0x00007ff89cbd5000 	C:\Program Files\Android\Android Studio\jbr\bin\java.dll
0x00007ff892800000 - 0x00007ff892818000 	C:\Program Files\Android\Android Studio\jbr\bin\zip.dll
0x00007ff8a43e0000 - 0x00007ff8a4c76000 	C:\Windows\System32\SHELL32.dll
0x00007ff8a2c10000 - 0x00007ff8a2d4f000 	C:\Windows\System32\wintypes.dll
0x00007ff8a0600000 - 0x00007ff8a0f1a000 	C:\Windows\SYSTEM32\windows.storage.dll
0x00007ff8a3d70000 - 0x00007ff8a3e7a000 	C:\Windows\System32\SHCORE.dll
0x00007ff8a5140000 - 0x00007ff8a51a3000 	C:\Windows\System32\shlwapi.dll
0x00007ff8a2650000 - 0x00007ff8a267b000 	C:\Windows\SYSTEM32\profapi.dll
0x00007ff8926b0000 - 0x00007ff8926c9000 	C:\Program Files\Android\Android Studio\jbr\bin\net.dll
0x00007ff89b150000 - 0x00007ff89b27c000 	C:\Windows\SYSTEM32\WINHTTP.dll
0x00007ff8a1ba0000 - 0x00007ff8a1c0a000 	C:\Windows\system32\mswsock.dll
0x00007ff892690000 - 0x00007ff8926a6000 	C:\Program Files\Android\Android Studio\jbr\bin\nio.dll
0x00007ff89d7c0000 - 0x00007ff89d7d0000 	C:\Program Files\Android\Android Studio\jbr\bin\verify.dll
0x00007ff871a40000 - 0x00007ff871a67000 	C:\Program Files\Android\Android Studio\jbr\native\68d5fa5c4cc2d200863cafc0d521ce42e7d3e7ee720ec0a83991735586a16f82\windows-amd64\native-platform.dll
0x00007ff85ba10000 - 0x00007ff85bb54000 	C:\Program Files\Android\Android Studio\jbr\native\e376f236ea51e6404a007f0833ffe2c6e607c4080706a723a18a27aeea778392\windows-amd64\native-platform-file-events.dll
0x00007ff89cba0000 - 0x00007ff89cba9000 	C:\Program Files\Android\Android Studio\jbr\bin\management.dll
0x00007ff8927f0000 - 0x00007ff8927fb000 	C:\Program Files\Android\Android Studio\jbr\bin\management_ext.dll
0x00007ff8a43c0000 - 0x00007ff8a43c8000 	C:\Windows\System32\PSAPI.DLL
0x00007ff8a1dc0000 - 0x00007ff8a1ddb000 	C:\Windows\SYSTEM32\CRYPTSP.dll
0x00007ff8a1680000 - 0x00007ff8a16b7000 	C:\Windows\system32\rsaenh.dll
0x00007ff8a1c60000 - 0x00007ff8a1c88000 	C:\Windows\SYSTEM32\USERENV.dll
0x00007ff8a1de0000 - 0x00007ff8a1dec000 	C:\Windows\SYSTEM32\CRYPTBASE.dll
0x00007ff8a11c0000 - 0x00007ff8a11ed000 	C:\Windows\SYSTEM32\IPHLPAPI.DLL
0x00007ff8a3e80000 - 0x00007ff8a3e89000 	C:\Windows\System32\NSI.dll
0x00007ff89af90000 - 0x00007ff89afa9000 	C:\Windows\SYSTEM32\dhcpcsvc6.DLL
0x00007ff89af20000 - 0x00007ff89af3f000 	C:\Windows\SYSTEM32\dhcpcsvc.DLL
0x00007ff8a1240000 - 0x00007ff8a1342000 	C:\Windows\SYSTEM32\DNSAPI.dll
0x00007ff873ad0000 - 0x00007ff873ad8000 	C:\Windows\system32\wshunix.dll
0x00007ff868ca0000 - 0x00007ff868cb7000 	C:\Windows\system32\napinsp.dll
0x00007ff862b70000 - 0x00007ff862b8b000 	C:\Windows\system32\pnrpnsp.dll
0x00007ff861850000 - 0x00007ff861861000 	C:\Windows\System32\winrnr.dll
0x00007ff86c840000 - 0x00007ff86c855000 	C:\Windows\system32\wshbth.dll
0x00007ff86b170000 - 0x00007ff86b197000 	C:\Windows\system32\nlansp_c.dll
0x00007ff892be0000 - 0x00007ff892bea000 	C:\Windows\System32\rasadhlp.dll
0x00007ff898fe0000 - 0x00007ff899063000 	C:\Windows\System32\fwpuclnt.dll
0x00007ff8a1840000 - 0x00007ff8a1874000 	C:\Windows\SYSTEM32\ntmarta.dll
0x00007ff888ef0000 - 0x00007ff888ef7000 	C:\Program Files\Android\Android Studio\jbr\bin\rmi.dll

dbghelp: loaded successfully - version: 4.0.5 - missing functions: none
symbol engine: initialized successfully - sym options: 0x614 - pdb path: .;C:\Program Files\Android\Android Studio\jbr\bin;C:\Windows\SYSTEM32;C:\Windows\WinSxS\amd64_microsoft.windows.common-controls_6595b64144ccf1df_6.0.22621.5124_none_270e8f4f7386d69d;C:\Program Files\Android\Android Studio\jbr\bin\server;C:\Program Files\Android\Android Studio\jbr\native\68d5fa5c4cc2d200863cafc0d521ce42e7d3e7ee720ec0a83991735586a16f82\windows-amd64;C:\Program Files\Android\Android Studio\jbr\native\e376f236ea51e6404a007f0833ffe2c6e607c4080706a723a18a27aeea778392\windows-amd64

VM Arguments:
jvm_args: --add-opens=java.base/java.util=ALL-UNNAMED --add-opens=java.base/java.lang=ALL-UNNAMED --add-opens=java.base/java.lang.invoke=ALL-UNNAMED --add-opens=java.prefs/java.util.prefs=ALL-UNNAMED --add-opens=java.base/java.nio.charset=ALL-UNNAMED --add-opens=java.base/java.net=ALL-UNNAMED --add-opens=java.base/java.util.concurrent.atomic=ALL-UNNAMED -Xmx2048m -Dfile.encoding=UTF-8 -Duser.country=US -Duser.language=en -Duser.variant -javaagent:C:\Program Files\Android\Android Studio\jbr\wrapper\dists\gradle-8.1.1-all\bs1rrjki8hh9bujwbsqnxtuzr\gradle-8.1.1\lib\agents\gradle-instrumentation-agent-8.1.1.jar 
java_command: org.gradle.launcher.daemon.bootstrap.GradleDaemon 8.1.1
java_class_path (initial): C:\Program Files\Android\Android Studio\jbr\wrapper\dists\gradle-8.1.1-all\bs1rrjki8hh9bujwbsqnxtuzr\gradle-8.1.1\lib\gradle-launcher-8.1.1.jar
Launcher Type: SUN_STANDARD

[Global flags]
     intx CICompilerCount                          = 2                                         {product} {ergonomic}
     uint ConcGCThreads                            = 1                                         {product} {ergonomic}
     uint G1ConcRefinementThreads                  = 2                                         {product} {ergonomic}
   size_t G1HeapRegionSize                         = 1048576                                   {product} {ergonomic}
    uintx GCDrainStackTargetSize                   = 64                                        {product} {ergonomic}
   size_t InitialHeapSize                          = 62914560                                  {product} {ergonomic}
   size_t MarkStackSize                            = 4194304                                   {product} {ergonomic}
   size_t MaxHeapSize                              = 2147483648                                {product} {command line}
   size_t MaxNewSize                               = 1287651328                                {product} {ergonomic}
   size_t MinHeapDeltaBytes                        = 1048576                                   {product} {ergonomic}
   size_t MinHeapSize                              = 8388608                                   {product} {ergonomic}
    uintx NonNMethodCodeHeapSize                   = 5826188                                {pd product} {ergonomic}
    uintx NonProfiledCodeHeapSize                  = 122916026                              {pd product} {ergonomic}
    uintx ProfiledCodeHeapSize                     = 122916026                              {pd product} {ergonomic}
    uintx ReservedCodeCacheSize                    = 251658240                              {pd product} {ergonomic}
     bool SegmentedCodeCache                       = true                                      {product} {ergonomic}
   size_t SoftMaxHeapSize                          = 2147483648                             {manageable} {ergonomic}
     bool UseCompressedClassPointers               = true                           {product lp64_product} {ergonomic}
     bool UseCompressedOops                        = true                           {product lp64_product} {ergonomic}
     bool UseG1GC                                  = true                                      {product} {ergonomic}
     bool UseLargePagesIndividualAllocation        = false                                  {pd product} {ergonomic}

Logging:
Log output configuration:
 #0: stdout all=warning uptime,level,tags
 #1: stderr all=off uptime,level,tags

Environment Variables:
JAVA_HOME=C:\Program Files\Android\Android Studio\jbr

PATH=C:\Program Files (x86)\Common Files\Oracle\Java\java8path;C:\Program Files (x86)\Common Files\Oracle\Java\javapath;C:\Python312\Scripts\;C:\Python312\;C:\Windows\system32;C:\Windows;C:\Windows\System32\Wbem;C:\Windows\System32\WindowsPowerShell\v1.0\;C:\Windows\System32\OpenSSH\;C:\Program Files\dotnet\;C:\Program Files\Microsoft VS Code\bin;C:\Program Files\Git\cmd;C:\ProgramData\chocolatey\bin;C:\Program Files\Android\Android Studio\jbr\bin;C:\Program Files\Java\jdk-23\bin;C:\cygwin64\bin;C:\Program Files\usbipd-win\;C:\xampp\php;C:\ProgramData\ComposerSetup\bin;C:\Users\Admin\AppData\Local\Microsoft\WindowsApps;C:\Users\Admin\AppData\Local\Programs\Microsoft VS Code\bin;C:\Users\Admin\AppData\Local\spicetify;C:\Users\Admin\AppData\Roaming\npm;C:\Program Files\PostgreSQL\17\bin;C:\Users\Admin\AppData\Roaming\Composer\vendor\bin;C:\adb;C:\xampp\mysql\bin;;c:\Users\Admin\AppData\Local\Programs\cursor\resources\app\bin;C:\Program Files\nodejs\;C:\Users\Admin\AppData\Roaming\Python\Python312\Scripts
USERNAME=Admin
OS=Windows_NT
PROCESSOR_IDENTIFIER=Intel64 Family 6 Model 122 Stepping 8, GenuineIntel
TMP=C:\Users\Admin\AppData\Local\Temp
TEMP=C:\Users\Admin\AppData\Local\Temp


JNI global refs:
JNI global refs: 26, weak refs: 29

JNI global refs memory usage: 843, weak refs: 841


---------------  S Y S T E M  ---------------

OS:
 Windows 11 , 64 bit Build 22621 (10.0.22621.5124)
OS uptime: 0 days 6:21 hours
Hyper-V role detected

CPU: total 2 (initial active 2) (2 cores per cpu, 1 threads per core) family 6 model 122 stepping 8 microcode 0x20, cx8, cmov, fxsr, mmx, 3dnowpref, sse, sse2, sse3, ssse3, sse4.1, sse4.2, popcnt, tsc, tscinvbit, aes, erms, clmul, sha, clflush, clflushopt, hv

Memory: 4k page, system-wide physical 3737M (60M free)
TotalPageFile size 9881M (AvailPageFile size 452M)
current process WorkingSet (physical memory assigned to process): 478M, peak: 541M
current process commit charge ("private bytes"): 681M, peak: 1202M

vm_info: OpenJDK 64-Bit Server VM (17.0.6+0-b2043.56-10027231) for windows-amd64 JRE (17.0.6+0-b2043.56-10027231), built on Apr 28 2023 00:43:19 by "androidbuild" with MS VC++ 16.10 / 16.11 (VS2019)

END.
