#
# There is insufficient memory for the Java Runtime Environment to continue.
# Native memory allocation (mmap) failed to map 65536 bytes for Failed to commit metaspace.
# Possible reasons:
#   The system is out of physical RAM or swap space
#   The process is running with CompressedOops enabled, and the Java Heap may be blocking the growth of the native heap
# Possible solutions:
#   Reduce memory load on the system
#   Increase physical memory or swap space
#   Check if swap backing store is full
#   Decrease Java heap size (-Xmx/-Xms)
#   Decrease number of Java threads
#   Decrease Java thread stack sizes (-Xss)
#   Set larger code cache with -XX:ReservedCodeCacheSize=
#   JVM is running with Unscaled Compressed Oops mode in which the Java heap is
#     placed in the first 4GB address space. The Java Heap base address is the
#     maximum limit for the native heap growth. Please use -XX:HeapBaseMinAddress
#     to set the Java Heap base and to place the Java Heap above 4GB virtual address.
# This output file may be truncated or incomplete.
#
#  Out of Memory Error (virtualSpaceNode.cpp:110), pid=2788, tid=8312
#
# JRE version: OpenJDK Runtime Environment (17.0.6) (build 17.0.6+0-b2043.56-10027231)
# Java VM: OpenJDK 64-Bit Server VM (17.0.6+0-b2043.56-10027231, mixed mode, tiered, compressed oops, compressed class ptrs, g1 gc, windows-amd64)
# No core dump will be written. Minidumps are not enabled by default on client versions of Windows
#

---------------  S U M M A R Y ------------

Command Line: --add-opens=java.base/java.util=ALL-UNNAMED --add-opens=java.base/java.lang=ALL-UNNAMED --add-opens=java.base/java.lang.invoke=ALL-UNNAMED --add-opens=java.prefs/java.util.prefs=ALL-UNNAMED --add-opens=java.base/java.nio.charset=ALL-UNNAMED --add-opens=java.base/java.net=ALL-UNNAMED --add-opens=java.base/java.util.concurrent.atomic=ALL-UNNAMED -Xmx2048m -Dfile.encoding=UTF-8 -Duser.country=US -Duser.language=en -Duser.variant -javaagent:C:\Program Files\Android\Android Studio\jbr\wrapper\dists\gradle-8.6-bin\afr5mpiioh2wthjmwnkmdsd5w\gradle-8.6\lib\agents\gradle-instrumentation-agent-8.6.jar org.gradle.launcher.daemon.bootstrap.GradleDaemon 8.6

Host: Intel(R) Celeron(R) N4020 CPU @ 1.10GHz, 2 cores, 3G,  Windows 11 , 64 bit Build 22621 (10.0.22621.4830)
Time: Fri Mar 14 23:03:53 2025 SE Asia Standard Time elapsed time: 304.548098 seconds (0d 0h 5m 4s)

---------------  T H R E A D  ---------------

Current thread (0x000000001f088760):  JavaThread "Asynchronous log dispatcher for DefaultDaemonConnection: socket connection from /127.0.0.1:50549 to /127.0.0.1:50550" [_thread_in_vm, id=8312, stack(0x0000000022100000,0x0000000022200000)]

Stack: [0x0000000022100000,0x0000000022200000]
Native frames: (J=compiled Java code, j=interpreted, Vv=VM code, C=native code)
V  [jvm.dll+0x683c9a]
V  [jvm.dll+0x8427a4]
V  [jvm.dll+0x843f9e]
V  [jvm.dll+0x844603]
V  [jvm.dll+0x249b75]
V  [jvm.dll+0x83e7fb]
V  [jvm.dll+0x628006]
V  [jvm.dll+0x62806a]
V  [jvm.dll+0x62a87a]
V  [jvm.dll+0x6289a6]
V  [jvm.dll+0x6327d7]
V  [jvm.dll+0x1eda2b]
V  [jvm.dll+0x1edf65]
V  [jvm.dll+0x1ee884]
V  [jvm.dll+0x1e3dcc]
V  [jvm.dll+0x547fed]
V  [jvm.dll+0x1f46eb]
V  [jvm.dll+0x7bc7cb]
V  [jvm.dll+0x7bdc12]
V  [jvm.dll+0x7bdf48]
V  [jvm.dll+0x24190e]
V  [jvm.dll+0x241b5f]
V  [jvm.dll+0x565e33]
V  [jvm.dll+0x568344]
V  [jvm.dll+0x387f4b]
V  [jvm.dll+0x387a02]
C  0x000000000d4b85f2

Java frames: (J=compiled Java code, j=interpreted, Vv=VM code)
j  java.util.Collections.emptyListIterator()Ljava/util/ListIterator;+0 java.base@17.0.6
j  java.util.Collections$EmptyList.listIterator()Ljava/util/ListIterator;+0 java.base@17.0.6
J 23337 c1 java.util.AbstractList.indexOf(Ljava/lang/Object;)I java.base@17.0.6 (65 bytes) @ 0x000000000618ba5c [0x000000000618b960+0x00000000000000fc]
J 23322 c1 org.gradle.internal.serialize.ExceptionPlaceholder$2.transform(Ljava/lang/Object;)Ljava/lang/Object; (70 bytes) @ 0x000000000674156c [0x0000000006741420+0x000000000000014c]
J 23320 c1 org.gradle.internal.serialize.ExceptionReplacingObjectOutputStream.replaceObject(Ljava/lang/Object;)Ljava/lang/Object; (11 bytes) @ 0x0000000005fc32cc [0x0000000005fc3140+0x000000000000018c]
j  java.io.ObjectOutputStream.writeObject0(Ljava/lang/Object;Z)V+240 java.base@17.0.6
J 23319 c1 java.io.ObjectOutputStream.defaultWriteFields(Ljava/lang/Object;Ljava/io/ObjectStreamClass;)V java.base@17.0.6 (288 bytes) @ 0x000000000737bf24 [0x000000000737b820+0x0000000000000704]
J 14667 c1 java.io.ObjectOutputStream.defaultWriteObject()V java.base@17.0.6 (54 bytes) @ 0x00000000077ed3fc [0x00000000077ed140+0x00000000000002bc]
j  java.lang.Throwable.writeObject(Ljava/io/ObjectOutputStream;)V+25 java.base@17.0.6
v  ~StubRoutines::call_stub
J 2502  jdk.internal.reflect.NativeMethodAccessorImpl.invoke0(Ljava/lang/reflect/Method;Ljava/lang/Object;[Ljava/lang/Object;)Ljava/lang/Object; java.base@17.0.6 (0 bytes) @ 0x000000000db7241f [0x000000000db723a0+0x000000000000007f]
J 2501 c1 jdk.internal.reflect.NativeMethodAccessorImpl.invoke(Ljava/lang/Object;[Ljava/lang/Object;)Ljava/lang/Object; java.base@17.0.6 (137 bytes) @ 0x000000000647ff0c [0x000000000647fc00+0x000000000000030c]
J 22016 c2 java.io.ObjectOutputStream.writeSerialData(Ljava/lang/Object;Ljava/io/ObjectStreamClass;)V java.base@17.0.6 (223 bytes) @ 0x000000000e4ced5c [0x000000000e4ce900+0x000000000000045c]
J 14472 c1 java.io.ObjectOutputStream.writeOrdinaryObject(Ljava/lang/Object;Ljava/io/ObjectStreamClass;Z)V java.base@17.0.6 (196 bytes) @ 0x000000000777ec7c [0x000000000777e6a0+0x00000000000005dc]
j  java.io.ObjectOutputStream.writeObject0(Ljava/lang/Object;Z)V+506 java.base@17.0.6
J 23011 c2 java.io.ObjectOutputStream.writeObject(Ljava/lang/Object;)V java.base@17.0.6 (38 bytes) @ 0x000000000e5bec64 [0x000000000e5bec20+0x0000000000000044]
j  org.gradle.internal.serialize.ExceptionPlaceholder.<init>(Ljava/lang/Throwable;Lorg/gradle/internal/InternalTransformer;Ljava/util/Set;)V+237
j  org.gradle.internal.serialize.ExceptionPlaceholder.convertToExceptionPlaceholderList(Ljava/util/List;Lorg/gradle/internal/InternalTransformer;Ljava/util/Set;)Ljava/util/List;+39
j  org.gradle.internal.serialize.ExceptionPlaceholder.<init>(Ljava/lang/Throwable;Lorg/gradle/internal/InternalTransformer;Ljava/util/Set;)V+264
j  org.gradle.internal.serialize.ExceptionPlaceholder.convertToExceptionPlaceholderList(Ljava/util/List;Lorg/gradle/internal/InternalTransformer;Ljava/util/Set;)Ljava/util/List;+39
j  org.gradle.internal.serialize.ExceptionPlaceholder.<init>(Ljava/lang/Throwable;Lorg/gradle/internal/InternalTransformer;Ljava/util/Set;)V+264
j  org.gradle.internal.serialize.ExceptionPlaceholder.convertToExceptionPlaceholderList(Ljava/util/List;Lorg/gradle/internal/InternalTransformer;Ljava/util/Set;)Ljava/util/List;+39
j  org.gradle.internal.serialize.ExceptionPlaceholder.<init>(Ljava/lang/Throwable;Lorg/gradle/internal/InternalTransformer;Ljava/util/Set;)V+264
j  org.gradle.internal.serialize.TopLevelExceptionPlaceholder.<init>(Ljava/lang/Throwable;Lorg/gradle/internal/InternalTransformer;)V+12
j  org.gradle.internal.serialize.ExceptionReplacingObjectOutputStream.doReplaceObject(Ljava/lang/Object;)Ljava/lang/Object;+19
j  org.gradle.internal.serialize.ExceptionReplacingObjectOutputStream$1.transform(Ljava/lang/Object;)Ljava/lang/Object;+5
j  org.gradle.internal.serialize.ExceptionReplacingObjectOutputStream.replaceObject(Ljava/lang/Object;)Ljava/lang/Object;+5
j  java.io.ObjectOutputStream.writeObject0(Ljava/lang/Object;Z)V+240 java.base@17.0.6
J 23011 c2 java.io.ObjectOutputStream.writeObject(Ljava/lang/Object;)V java.base@17.0.6 (38 bytes) @ 0x000000000e5bec64 [0x000000000e5bec20+0x0000000000000044]
j  org.gradle.internal.serialize.Message.send(Ljava/lang/Object;Ljava/io/OutputStream;)V+11
j  org.gradle.internal.serialize.BaseSerializerFactory$ThrowableSerializer.write(Lorg/gradle/internal/serialize/Encoder;Ljava/lang/Throwable;)V+7
j  org.gradle.internal.serialize.BaseSerializerFactory$ThrowableSerializer.write(Lorg/gradle/internal/serialize/Encoder;Ljava/lang/Object;)V+6
j  org.gradle.internal.logging.serializer.LogEventSerializer.write(Lorg/gradle/internal/serialize/Encoder;Lorg/gradle/internal/logging/events/LogEvent;)V+53
j  org.gradle.internal.logging.serializer.LogEventSerializer.write(Lorg/gradle/internal/serialize/Encoder;Ljava/lang/Object;)V+6
J 22591 c2 org.gradle.launcher.daemon.protocol.DaemonMessageSerializer$OutputMessageSerializer.write(Lorg/gradle/internal/serialize/Encoder;Ljava/lang/Object;)V (10 bytes) @ 0x000000000e55e2c0 [0x000000000e55e0e0+0x00000000000001e0]
J 22161 c2 org.gradle.launcher.daemon.server.SynchronizedDispatchConnection.dispatchAndFlush(Ljava/lang/Object;)V (118 bytes) @ 0x000000000e50f9b4 [0x000000000e50f6a0+0x0000000000000314]
J 22590 c2 org.gradle.launcher.daemon.server.exec.LogToClient$AsynchronousLogDispatcher.dispatchAsync(Lorg/gradle/internal/logging/events/OutputEvent;)V (33 bytes) @ 0x000000000e55dc50 [0x000000000e55dba0+0x00000000000000b0]
j  org.gradle.launcher.daemon.server.exec.LogToClient$AsynchronousLogDispatcher.run()V+35
v  ~StubRoutines::call_stub

---------------  P R O C E S S  ---------------

Threads class SMR info:
_java_thread_list=0x000000003212cd80, length=44, elements={
0x0000000002ab8400, 0x000000001c06d160, 0x000000001c0702f0, 0x000000001c090290,
0x000000001c091010, 0x000000001c092ad0, 0x000000001c093480, 0x000000001c0ca730,
0x000000001c0d17f0, 0x000000001c0db4a0, 0x0000000002b68b30, 0x000000001cf009c0,
0x000000001e6cc280, 0x000000001ebeac90, 0x000000001e5d85b0, 0x000000001ee615f0,
0x000000001f2c93c0, 0x000000001d0fd440, 0x000000001f086a80, 0x000000001f088760,
0x000000001f0865b0, 0x000000001f087420, 0x000000001f0860e0, 0x000000001f0895d0,
0x000000001f088c30, 0x000000001f085c10, 0x000000001f087dc0, 0x000000001f089100,
0x000000001f088290, 0x000000002288b230, 0x0000000022888210, 0x0000000022889ef0,
0x000000002288c570, 0x00000000228873a0, 0x0000000022886ed0, 0x00000000227c5b90,
0x00000000227c4380, 0x00000000227c21d0, 0x00000000259256d0, 0x0000000025927d50,
0x0000000025927880, 0x00000000259209d0, 0x0000000025921370, 0x0000000025902fd0
}

Java Threads: ( => current thread )
  0x0000000002ab8400 JavaThread "main" [_thread_blocked, id=2376, stack(0x0000000002170000,0x0000000002270000)]
  0x000000001c06d160 JavaThread "Reference Handler" daemon [_thread_blocked, id=6544, stack(0x000000001c1e0000,0x000000001c2e0000)]
  0x000000001c0702f0 JavaThread "Finalizer" daemon [_thread_blocked, id=4520, stack(0x000000001c2e0000,0x000000001c3e0000)]
  0x000000001c090290 JavaThread "Signal Dispatcher" daemon [_thread_blocked, id=8896, stack(0x000000001d100000,0x000000001d200000)]
  0x000000001c091010 JavaThread "Attach Listener" daemon [_thread_blocked, id=1468, stack(0x000000001d200000,0x000000001d300000)]
  0x000000001c092ad0 JavaThread "Service Thread" daemon [_thread_blocked, id=2084, stack(0x000000001d300000,0x000000001d400000)]
  0x000000001c093480 JavaThread "Monitor Deflation Thread" daemon [_thread_blocked, id=8144, stack(0x000000001d400000,0x000000001d500000)]
  0x000000001c0ca730 JavaThread "C2 CompilerThread0" daemon [_thread_in_native, id=1584, stack(0x000000001d500000,0x000000001d600000)]
  0x000000001c0d17f0 JavaThread "C1 CompilerThread0" daemon [_thread_blocked, id=2644, stack(0x000000001d600000,0x000000001d700000)]
  0x000000001c0db4a0 JavaThread "Sweeper thread" daemon [_thread_blocked, id=6112, stack(0x000000001d700000,0x000000001d800000)]
  0x0000000002b68b30 JavaThread "Common-Cleaner" daemon [_thread_blocked, id=9528, stack(0x000000001d800000,0x000000001d900000)]
  0x000000001cf009c0 JavaThread "Notification Thread" daemon [_thread_blocked, id=3524, stack(0x000000001d900000,0x000000001da00000)]
  0x000000001e6cc280 JavaThread "Daemon health stats" [_thread_blocked, id=5040, stack(0x000000001fc00000,0x000000001fd00000)]
  0x000000001ebeac90 JavaThread "Incoming local TCP Connector on port 50549" [_thread_in_native, id=1308, stack(0x0000000021010000,0x0000000021110000)]
  0x000000001e5d85b0 JavaThread "Daemon periodic checks" [_thread_blocked, id=5680, stack(0x0000000021260000,0x0000000021360000)]
  0x000000001ee615f0 JavaThread "Daemon" [_thread_blocked, id=8364, stack(0x0000000021360000,0x0000000021460000)]
  0x000000001f2c93c0 JavaThread "Handler for socket connection from /127.0.0.1:50549 to /127.0.0.1:50550" [_thread_in_native, id=3412, stack(0x0000000021460000,0x0000000021560000)]
  0x000000001d0fd440 JavaThread "Cancel handler" [_thread_blocked, id=2612, stack(0x0000000021560000,0x0000000021660000)]
  0x000000001f086a80 JavaThread "Daemon worker" [_thread_in_vm, id=7812, stack(0x0000000021660000,0x0000000021760000)]
=>0x000000001f088760 JavaThread "Asynchronous log dispatcher for DefaultDaemonConnection: socket connection from /127.0.0.1:50549 to /127.0.0.1:50550" [_thread_in_vm, id=8312, stack(0x0000000022100000,0x0000000022200000)]
  0x000000001f0865b0 JavaThread "Daemon client event forwarder" [_thread_blocked, id=9912, stack(0x0000000022300000,0x0000000022400000)]
  0x000000001f087420 JavaThread "Cache worker for journal cache (C:\Program Files\Android\Android Studio\jbr\caches\journal-1)" [_thread_blocked, id=7884, stack(0x0000000023650000,0x0000000023750000)]
  0x000000001f0860e0 JavaThread "File lock request listener" [_thread_in_native, id=7316, stack(0x0000000023750000,0x0000000023850000)]
  0x000000001f0895d0 JavaThread "Cache worker for file hash cache (C:\Program Files\Android\Android Studio\jbr\caches\8.6\fileHashes)" [_thread_blocked, id=3592, stack(0x0000000023520000,0x0000000023620000)]
  0x000000001f088c30 JavaThread "File watcher server" daemon [_thread_in_native, id=9616, stack(0x00000000233d0000,0x00000000234d0000)]
  0x000000001f085c10 JavaThread "File watcher consumer" daemon [_thread_blocked, id=2072, stack(0x0000000023850000,0x0000000023950000)]
  0x000000001f087dc0 JavaThread "jar transforms" [_thread_blocked, id=2016, stack(0x0000000023950000,0x0000000023a50000)]
  0x000000001f089100 JavaThread "jar transforms Thread 2" [_thread_blocked, id=5716, stack(0x0000000023a50000,0x0000000023b50000)]
  0x000000001f088290 JavaThread "Cache worker for checksums cache (C:\Users\Admin\AndroidStudioProjects\kurirkilat\.gradle\8.6\checksums)" [_thread_blocked, id=8044, stack(0x0000000024400000,0x0000000024500000)]
  0x000000002288b230 JavaThread "Cache worker for file hash cache (C:\Users\Admin\AndroidStudioProjects\kurirkilat\.gradle\8.6\fileHashes)" [_thread_blocked, id=7836, stack(0x0000000024500000,0x0000000024600000)]
  0x0000000022888210 JavaThread "Cache worker for cache directory md-supplier (C:\Program Files\Android\Android Studio\jbr\caches\8.6\md-supplier)" [_thread_blocked, id=1252, stack(0x0000000024600000,0x0000000024700000)]
  0x0000000022889ef0 JavaThread "Cache worker for cache directory md-rule (C:\Program Files\Android\Android Studio\jbr\caches\8.6\md-rule)" [_thread_blocked, id=9940, stack(0x0000000024700000,0x0000000024800000)]
  0x000000002288c570 JavaThread "Cache worker for file content cache (C:\Program Files\Android\Android Studio\jbr\caches\8.6\fileContent)" [_thread_blocked, id=8744, stack(0x0000000024800000,0x0000000024900000)]
  0x00000000228873a0 JavaThread "Unconstrained build operations" [_thread_blocked, id=6236, stack(0x0000000024900000,0x0000000024a00000)]
  0x0000000022886ed0 JavaThread "Unconstrained build operations Thread 2" [_thread_blocked, id=2568, stack(0x0000000024a00000,0x0000000024b00000)]
  0x00000000227c5b90 JavaThread "Cache worker for Build Output Cleanup Cache (C:\Users\Admin\AndroidStudioProjects\kurirkilat\.gradle\buildOutputCleanup)" [_thread_blocked, id=10096, stack(0x0000000027500000,0x0000000027600000)]
  0x00000000227c4380 JavaThread "Kotlin DSL Writer" [_thread_blocked, id=5632, stack(0x0000000027600000,0x0000000027700000)]
  0x00000000227c21d0 JavaThread "Unconstrained build operations Thread 3" [_thread_blocked, id=5152, stack(0x0000000000620000,0x0000000000720000)]
  0x00000000259256d0 JavaThread "Memory manager" [_thread_blocked, id=8540, stack(0x0000000022200000,0x0000000022300000)]
  0x0000000025927d50 JavaThread "build event listener" [_thread_blocked, id=1272, stack(0x0000000000720000,0x0000000000820000)]
  0x0000000025927880 JavaThread "Execution worker" [_thread_blocked, id=8300, stack(0x0000000024b00000,0x0000000024c00000)]
  0x00000000259209d0 JavaThread "Cache worker for execution history cache (C:\Users\Admin\AndroidStudioProjects\kurirkilat\.gradle\8.6\executionHistory)" [_thread_blocked, id=9960, stack(0x000000002e400000,0x000000002e500000)]
  0x0000000025921370 JavaThread "idea-tooling-model-converter" [_thread_blocked, id=4084, stack(0x000000002e500000,0x000000002e600000)]
  0x0000000025902fd0 JavaThread "Unconstrained build operations Thread 4" [_thread_blocked, id=7864, stack(0x000000002f690000,0x000000002f790000)]

Other Threads:
  0x000000001c06a320 VMThread "VM Thread" [stack: 0x000000001c0e0000,0x000000001c1e0000] [id=9688]
  0x0000000002ab9270 WatcherThread [stack: 0x000000001da00000,0x000000001db00000] [id=9876]
  0x000000000051e800 GCTaskThread "GC Thread#0" [stack: 0x00000000197c0000,0x00000000198c0000] [id=8688]
  0x000000001cfb1920 GCTaskThread "GC Thread#1" [stack: 0x000000001db00000,0x000000001dc00000] [id=4784]
  0x0000000002b1e980 ConcurrentGCThread "G1 Main Marker" [stack: 0x00000000198c0000,0x00000000199c0000] [id=8668]
  0x0000000002b1f2a0 ConcurrentGCThread "G1 Conc#0" [stack: 0x00000000199c0000,0x0000000019ac0000] [id=1980]
  0x0000000002b544a0 ConcurrentGCThread "G1 Refine#0" [stack: 0x000000001bce0000,0x000000001bde0000] [id=9484]
  0x0000000002b54ec0 ConcurrentGCThread "G1 Service" [stack: 0x000000001bde0000,0x000000001bee0000] [id=1968]

Threads with active compile tasks:
C2 CompilerThread0   304613 23314   !   4       java.io.ObjectOutputStream::writeObject0 (620 bytes)

VM state: not at safepoint (normal execution)

VM Mutex/Monitor currently owned by a thread:  ([mutex/lock_event])
[0x0000000002aa07e0] Metaspace_lock - owner thread: 0x000000001f088760

Heap address: 0x0000000080000000, size: 2048 MB, Compressed Oops mode: 32-bit

CDS archive(s) not mapped
Compressed class space mapped at: 0x0000000100000000-0x0000000140000000, reserved size: 1073741824
Narrow klass base: 0x0000000000000000, Narrow klass shift: 3, Narrow klass range: 0x140000000

GC Precious Log:
 CPUs: 2 total, 2 available
 Memory: 3737M
 Large Page Support: Disabled
 NUMA Support: Disabled
 Compressed Oops: Enabled (32-bit)
 Heap Region Size: 1M
 Heap Min Capacity: 8M
 Heap Initial Capacity: 60M
 Heap Max Capacity: 2G
 Pre-touch: Disabled
 Parallel Workers: 2
 Concurrent Workers: 1
 Concurrent Refinement Workers: 2
 Periodic GC: Disabled

Heap:
 garbage-first heap   total 346112K, used 257023K [0x0000000080000000, 0x0000000100000000)
  region size 1024K, 14 young (14336K), 5 survivors (5120K)
 Metaspace       used 172623K, committed 173568K, reserved 1204224K
  class space    used 22053K, committed 22528K, reserved 1048576K

Heap Regions: E=young(eden), S=young(survivor), O=old, HS=humongous(starts), HC=humongous(continues), CS=collection set, F=free, OA=open archive, CA=closed archive, TAMS=top-at-mark-start (previous, next)
|   0|0x0000000080000000, 0x0000000080100000, 0x0000000080100000|100%| O|  |TAMS 0x0000000080100000, 0x0000000080000000| Untracked 
|   1|0x0000000080100000, 0x0000000080200000, 0x0000000080200000|100%| O|  |TAMS 0x0000000080200000, 0x0000000080100000| Untracked 
|   2|0x0000000080200000, 0x0000000080300000, 0x0000000080300000|100%|HS|  |TAMS 0x0000000080300000, 0x0000000080200000| Complete 
|   3|0x0000000080300000, 0x0000000080400000, 0x0000000080400000|100%|HC|  |TAMS 0x0000000080400000, 0x0000000080300000| Complete 
|   4|0x0000000080400000, 0x0000000080500000, 0x0000000080500000|100%|HC|  |TAMS 0x0000000080500000, 0x0000000080400000| Complete 
|   5|0x0000000080500000, 0x0000000080600000, 0x0000000080600000|100%|HC|  |TAMS 0x0000000080600000, 0x0000000080500000| Complete 
|   6|0x0000000080600000, 0x0000000080700000, 0x0000000080700000|100%| O|  |TAMS 0x0000000080700000, 0x0000000080600000| Untracked 
|   7|0x0000000080700000, 0x0000000080800000, 0x0000000080800000|100%| O|  |TAMS 0x0000000080800000, 0x0000000080700000| Untracked 
|   8|0x0000000080800000, 0x0000000080900000, 0x0000000080900000|100%| O|  |TAMS 0x0000000080900000, 0x0000000080800000| Untracked 
|   9|0x0000000080900000, 0x0000000080a00000, 0x0000000080a00000|100%| O|  |TAMS 0x0000000080a00000, 0x0000000080900000| Untracked 
|  10|0x0000000080a00000, 0x0000000080b00000, 0x0000000080b00000|100%| O|  |TAMS 0x0000000080b00000, 0x0000000080a00000| Untracked 
|  11|0x0000000080b00000, 0x0000000080c00000, 0x0000000080c00000|100%| O|  |TAMS 0x0000000080c00000, 0x0000000080b00000| Untracked 
|  12|0x0000000080c00000, 0x0000000080d00000, 0x0000000080d00000|100%| O|  |TAMS 0x0000000080d00000, 0x0000000080c00000| Untracked 
|  13|0x0000000080d00000, 0x0000000080e00000, 0x0000000080e00000|100%| O|  |TAMS 0x0000000080e00000, 0x0000000080d00000| Untracked 
|  14|0x0000000080e00000, 0x0000000080f00000, 0x0000000080f00000|100%| O|  |TAMS 0x0000000080f00000, 0x0000000080e00000| Untracked 
|  15|0x0000000080f00000, 0x0000000081000000, 0x0000000081000000|100%| O|  |TAMS 0x0000000081000000, 0x0000000080f00000| Untracked 
|  16|0x0000000081000000, 0x0000000081100000, 0x0000000081100000|100%| O|  |TAMS 0x0000000081100000, 0x0000000081000000| Untracked 
|  17|0x0000000081100000, 0x0000000081200000, 0x0000000081200000|100%| O|  |TAMS 0x0000000081200000, 0x0000000081100000| Untracked 
|  18|0x0000000081200000, 0x0000000081300000, 0x0000000081300000|100%| O|  |TAMS 0x0000000081300000, 0x0000000081200000| Untracked 
|  19|0x0000000081300000, 0x0000000081400000, 0x0000000081400000|100%| O|  |TAMS 0x0000000081400000, 0x0000000081300000| Untracked 
|  20|0x0000000081400000, 0x0000000081500000, 0x0000000081500000|100%| O|  |TAMS 0x0000000081500000, 0x0000000081400000| Untracked 
|  21|0x0000000081500000, 0x0000000081600000, 0x0000000081600000|100%|HS|  |TAMS 0x0000000081600000, 0x0000000081500000| Complete 
|  22|0x0000000081600000, 0x0000000081700000, 0x0000000081700000|100%|HC|  |TAMS 0x0000000081700000, 0x0000000081600000| Complete 
|  23|0x0000000081700000, 0x0000000081800000, 0x0000000081800000|100%|HS|  |TAMS 0x0000000081800000, 0x0000000081700000| Complete 
|  24|0x0000000081800000, 0x0000000081900000, 0x0000000081900000|100%|HC|  |TAMS 0x0000000081900000, 0x0000000081800000| Complete 
|  25|0x0000000081900000, 0x0000000081a00000, 0x0000000081a00000|100%|HC|  |TAMS 0x0000000081a00000, 0x0000000081900000| Complete 
|  26|0x0000000081a00000, 0x0000000081b00000, 0x0000000081b00000|100%|HS|  |TAMS 0x0000000081b00000, 0x0000000081a00000| Complete 
|  27|0x0000000081b00000, 0x0000000081c00000, 0x0000000081c00000|100%|HC|  |TAMS 0x0000000081c00000, 0x0000000081b00000| Complete 
|  28|0x0000000081c00000, 0x0000000081d00000, 0x0000000081d00000|100%|HC|  |TAMS 0x0000000081d00000, 0x0000000081c00000| Complete 
|  29|0x0000000081d00000, 0x0000000081e00000, 0x0000000081e00000|100%| O|  |TAMS 0x0000000081e00000, 0x0000000081d00000| Untracked 
|  30|0x0000000081e00000, 0x0000000081f00000, 0x0000000081f00000|100%| O|  |TAMS 0x0000000081f00000, 0x0000000081e00000| Untracked 
|  31|0x0000000081f00000, 0x0000000082000000, 0x0000000082000000|100%| O|  |TAMS 0x0000000082000000, 0x0000000081f00000| Untracked 
|  32|0x0000000082000000, 0x0000000082100000, 0x0000000082100000|100%|HS|  |TAMS 0x0000000082100000, 0x0000000082000000| Complete 
|  33|0x0000000082100000, 0x0000000082200000, 0x0000000082200000|100%|HC|  |TAMS 0x0000000082200000, 0x0000000082100000| Complete 
|  34|0x0000000082200000, 0x0000000082300000, 0x0000000082300000|100%|HC|  |TAMS 0x0000000082300000, 0x0000000082200000| Complete 
|  35|0x0000000082300000, 0x0000000082400000, 0x0000000082400000|100%|HC|  |TAMS 0x0000000082400000, 0x0000000082300000| Complete 
|  36|0x0000000082400000, 0x0000000082500000, 0x0000000082500000|100%|HC|  |TAMS 0x0000000082500000, 0x0000000082400000| Complete 
|  37|0x0000000082500000, 0x0000000082600000, 0x0000000082600000|100%|HC|  |TAMS 0x0000000082600000, 0x0000000082500000| Complete 
|  38|0x0000000082600000, 0x0000000082700000, 0x0000000082700000|100%|HC|  |TAMS 0x0000000082700000, 0x0000000082600000| Complete 
|  39|0x0000000082700000, 0x0000000082800000, 0x0000000082800000|100%|HC|  |TAMS 0x0000000082800000, 0x0000000082700000| Complete 
|  40|0x0000000082800000, 0x0000000082900000, 0x0000000082900000|100%|HC|  |TAMS 0x0000000082900000, 0x0000000082800000| Complete 
|  41|0x0000000082900000, 0x0000000082a00000, 0x0000000082a00000|100%|HC|  |TAMS 0x0000000082a00000, 0x0000000082900000| Complete 
|  42|0x0000000082a00000, 0x0000000082b00000, 0x0000000082b00000|100%|HC|  |TAMS 0x0000000082b00000, 0x0000000082a00000| Complete 
|  43|0x0000000082b00000, 0x0000000082c00000, 0x0000000082c00000|100%|HC|  |TAMS 0x0000000082c00000, 0x0000000082b00000| Complete 
|  44|0x0000000082c00000, 0x0000000082d00000, 0x0000000082d00000|100%|HS|  |TAMS 0x0000000082d00000, 0x0000000082c00000| Complete 
|  45|0x0000000082d00000, 0x0000000082e00000, 0x0000000082e00000|100%|HC|  |TAMS 0x0000000082e00000, 0x0000000082d00000| Complete 
|  46|0x0000000082e00000, 0x0000000082f00000, 0x0000000082f00000|100%| O|  |TAMS 0x0000000082f00000, 0x0000000082e00000| Untracked 
|  47|0x0000000082f00000, 0x0000000083000000, 0x0000000083000000|100%| O|  |TAMS 0x0000000083000000, 0x0000000082f00000| Untracked 
|  48|0x0000000083000000, 0x0000000083100000, 0x0000000083100000|100%| O|  |TAMS 0x0000000083100000, 0x0000000083000000| Untracked 
|  49|0x0000000083100000, 0x0000000083200000, 0x0000000083200000|100%| O|  |TAMS 0x0000000083200000, 0x0000000083100000| Untracked 
|  50|0x0000000083200000, 0x0000000083300000, 0x0000000083300000|100%| O|  |TAMS 0x0000000083300000, 0x0000000083200000| Untracked 
|  51|0x0000000083300000, 0x0000000083400000, 0x0000000083400000|100%| O|  |TAMS 0x0000000083400000, 0x0000000083300000| Untracked 
|  52|0x0000000083400000, 0x0000000083500000, 0x0000000083500000|100%|HS|  |TAMS 0x0000000083500000, 0x0000000083400000| Complete 
|  53|0x0000000083500000, 0x0000000083600000, 0x0000000083600000|100%|HC|  |TAMS 0x0000000083600000, 0x0000000083500000| Complete 
|  54|0x0000000083600000, 0x0000000083700000, 0x0000000083700000|100%|HC|  |TAMS 0x0000000083700000, 0x0000000083600000| Complete 
|  55|0x0000000083700000, 0x0000000083800000, 0x0000000083800000|100%|HS|  |TAMS 0x0000000083800000, 0x0000000083700000| Complete 
|  56|0x0000000083800000, 0x0000000083900000, 0x0000000083900000|100%|HC|  |TAMS 0x0000000083900000, 0x0000000083800000| Complete 
|  57|0x0000000083900000, 0x0000000083a00000, 0x0000000083a00000|100%|HC|  |TAMS 0x0000000083a00000, 0x0000000083900000| Complete 
|  58|0x0000000083a00000, 0x0000000083b00000, 0x0000000083b00000|100%| O|  |TAMS 0x0000000083b00000, 0x0000000083a00000| Untracked 
|  59|0x0000000083b00000, 0x0000000083c00000, 0x0000000083c00000|100%| O|  |TAMS 0x0000000083c00000, 0x0000000083b00000| Untracked 
|  60|0x0000000083c00000, 0x0000000083d00000, 0x0000000083d00000|100%| O|  |TAMS 0x0000000083d00000, 0x0000000083c00000| Untracked 
|  61|0x0000000083d00000, 0x0000000083e00000, 0x0000000083e00000|100%| O|  |TAMS 0x0000000083e00000, 0x0000000083d00000| Untracked 
|  62|0x0000000083e00000, 0x0000000083f00000, 0x0000000083f00000|100%|HS|  |TAMS 0x0000000083f00000, 0x0000000083e00000| Complete 
|  63|0x0000000083f00000, 0x0000000084000000, 0x0000000084000000|100%|HC|  |TAMS 0x0000000084000000, 0x0000000083f00000| Complete 
|  64|0x0000000084000000, 0x0000000084100000, 0x0000000084100000|100%|HC|  |TAMS 0x0000000084100000, 0x0000000084000000| Complete 
|  65|0x0000000084100000, 0x0000000084200000, 0x0000000084200000|100%| O|  |TAMS 0x0000000084100000, 0x0000000084100000| Untracked 
|  66|0x0000000084200000, 0x0000000084300000, 0x0000000084300000|100%| O|  |TAMS 0x0000000084300000, 0x0000000084200000| Untracked 
|  67|0x0000000084300000, 0x0000000084400000, 0x0000000084400000|100%| O|  |TAMS 0x0000000084400000, 0x0000000084300000| Untracked 
|  68|0x0000000084400000, 0x0000000084500000, 0x0000000084500000|100%| O|  |TAMS 0x0000000084500000, 0x0000000084400000| Untracked 
|  69|0x0000000084500000, 0x0000000084600000, 0x0000000084600000|100%| O|  |TAMS 0x0000000084600000, 0x0000000084500000| Untracked 
|  70|0x0000000084600000, 0x0000000084700000, 0x0000000084700000|100%|HS|  |TAMS 0x0000000084600000, 0x0000000084600000| Complete 
|  71|0x0000000084700000, 0x0000000084800000, 0x0000000084800000|100%|HC|  |TAMS 0x0000000084700000, 0x0000000084700000| Complete 
|  72|0x0000000084800000, 0x0000000084900000, 0x0000000084900000|100%|HS|  |TAMS 0x0000000084800000, 0x0000000084800000| Complete 
|  73|0x0000000084900000, 0x0000000084a00000, 0x0000000084a00000|100%|HC|  |TAMS 0x0000000084900000, 0x0000000084900000| Complete 
|  74|0x0000000084a00000, 0x0000000084b00000, 0x0000000084b00000|100%|HC|  |TAMS 0x0000000084a00000, 0x0000000084a00000| Complete 
|  75|0x0000000084b00000, 0x0000000084c00000, 0x0000000084c00000|100%| O|  |TAMS 0x0000000084b00000, 0x0000000084b00000| Untracked 
|  76|0x0000000084c00000, 0x0000000084d00000, 0x0000000084d00000|100%| O|  |TAMS 0x0000000084d00000, 0x0000000084c00000| Untracked 
|  77|0x0000000084d00000, 0x0000000084e00000, 0x0000000084e00000|100%| O|  |TAMS 0x0000000084e00000, 0x0000000084d00000| Untracked 
|  78|0x0000000084e00000, 0x0000000084f00000, 0x0000000084f00000|100%| O|  |TAMS 0x0000000084f00000, 0x0000000084e00000| Untracked 
|  79|0x0000000084f00000, 0x0000000085000000, 0x0000000085000000|100%| O|  |TAMS 0x0000000085000000, 0x0000000084f00000| Untracked 
|  80|0x0000000085000000, 0x0000000085100000, 0x0000000085100000|100%| O|  |TAMS 0x0000000085100000, 0x0000000085000000| Untracked 
|  81|0x0000000085100000, 0x0000000085200000, 0x0000000085200000|100%| O|  |TAMS 0x0000000085200000, 0x0000000085100000| Untracked 
|  82|0x0000000085200000, 0x0000000085300000, 0x0000000085300000|100%| O|  |TAMS 0x0000000085200000, 0x0000000085200000| Untracked 
|  83|0x0000000085300000, 0x0000000085400000, 0x0000000085400000|100%| O|  |TAMS 0x0000000085400000, 0x0000000085300000| Untracked 
|  84|0x0000000085400000, 0x0000000085500000, 0x0000000085500000|100%| O|  |TAMS 0x0000000085400000, 0x0000000085400000| Untracked 
|  85|0x0000000085500000, 0x0000000085600000, 0x0000000085600000|100%| O|  |TAMS 0x0000000085500000, 0x0000000085500000| Untracked 
|  86|0x0000000085600000, 0x0000000085700000, 0x0000000085700000|100%| O|  |TAMS 0x0000000085700000, 0x0000000085600000| Untracked 
|  87|0x0000000085700000, 0x0000000085800000, 0x0000000085800000|100%| O|  |TAMS 0x0000000085800000, 0x0000000085700000| Untracked 
|  88|0x0000000085800000, 0x0000000085900000, 0x0000000085900000|100%| O|  |TAMS 0x0000000085900000, 0x0000000085800000| Untracked 
|  89|0x0000000085900000, 0x0000000085a00000, 0x0000000085a00000|100%| O|  |TAMS 0x0000000085a00000, 0x0000000085900000| Untracked 
|  90|0x0000000085a00000, 0x0000000085b00000, 0x0000000085b00000|100%| O|  |TAMS 0x0000000085b00000, 0x0000000085a00000| Untracked 
|  91|0x0000000085b00000, 0x0000000085c00000, 0x0000000085c00000|100%| O|  |TAMS 0x0000000085c00000, 0x0000000085b00000| Untracked 
|  92|0x0000000085c00000, 0x0000000085d00000, 0x0000000085d00000|100%| O|  |TAMS 0x0000000085d00000, 0x0000000085c00000| Untracked 
|  93|0x0000000085d00000, 0x0000000085e00000, 0x0000000085e00000|100%| O|  |TAMS 0x0000000085e00000, 0x0000000085d00000| Untracked 
|  94|0x0000000085e00000, 0x0000000085f00000, 0x0000000085f00000|100%| O|  |TAMS 0x0000000085f00000, 0x0000000085e00000| Untracked 
|  95|0x0000000085f00000, 0x0000000086000000, 0x0000000086000000|100%| O|  |TAMS 0x0000000086000000, 0x0000000085f00000| Untracked 
|  96|0x0000000086000000, 0x0000000086100000, 0x0000000086100000|100%| O|  |TAMS 0x0000000086100000, 0x0000000086000000| Untracked 
|  97|0x0000000086100000, 0x0000000086200000, 0x0000000086200000|100%| O|  |TAMS 0x0000000086200000, 0x0000000086100000| Untracked 
|  98|0x0000000086200000, 0x0000000086300000, 0x0000000086300000|100%| O|  |TAMS 0x0000000086300000, 0x0000000086200000| Untracked 
|  99|0x0000000086300000, 0x0000000086400000, 0x0000000086400000|100%| O|  |TAMS 0x0000000086400000, 0x0000000086300000| Untracked 
| 100|0x0000000086400000, 0x0000000086500000, 0x0000000086500000|100%| O|  |TAMS 0x0000000086500000, 0x0000000086400000| Untracked 
| 101|0x0000000086500000, 0x0000000086600000, 0x0000000086600000|100%| O|  |TAMS 0x0000000086600000, 0x0000000086500000| Untracked 
| 102|0x0000000086600000, 0x0000000086700000, 0x0000000086700000|100%| O|  |TAMS 0x0000000086700000, 0x0000000086600000| Untracked 
| 103|0x0000000086700000, 0x0000000086800000, 0x0000000086800000|100%| O|  |TAMS 0x0000000086800000, 0x0000000086700000| Untracked 
| 104|0x0000000086800000, 0x0000000086900000, 0x0000000086900000|100%| O|  |TAMS 0x0000000086900000, 0x0000000086800000| Untracked 
| 105|0x0000000086900000, 0x0000000086a00000, 0x0000000086a00000|100%| O|  |TAMS 0x0000000086a00000, 0x0000000086900000| Untracked 
| 106|0x0000000086a00000, 0x0000000086b00000, 0x0000000086b00000|100%| O|  |TAMS 0x0000000086b00000, 0x0000000086a00000| Untracked 
| 107|0x0000000086b00000, 0x0000000086c00000, 0x0000000086c00000|100%| O|  |TAMS 0x0000000086c00000, 0x0000000086b00000| Untracked 
| 108|0x0000000086c00000, 0x0000000086d00000, 0x0000000086d00000|100%| O|  |TAMS 0x0000000086d00000, 0x0000000086c00000| Untracked 
| 109|0x0000000086d00000, 0x0000000086e00000, 0x0000000086e00000|100%| O|  |TAMS 0x0000000086e00000, 0x0000000086d00000| Untracked 
| 110|0x0000000086e00000, 0x0000000086f00000, 0x0000000086f00000|100%| O|  |TAMS 0x0000000086f00000, 0x0000000086e00000| Untracked 
| 111|0x0000000086f00000, 0x0000000087000000, 0x0000000087000000|100%| O|  |TAMS 0x0000000087000000, 0x0000000086f00000| Untracked 
| 112|0x0000000087000000, 0x0000000087100000, 0x0000000087100000|100%| O|  |TAMS 0x0000000087000000, 0x0000000087000000| Untracked 
| 113|0x0000000087100000, 0x0000000087200000, 0x0000000087200000|100%| O|  |TAMS 0x0000000087100000, 0x0000000087100000| Untracked 
| 114|0x0000000087200000, 0x0000000087300000, 0x0000000087300000|100%| O|  |TAMS 0x0000000087200000, 0x0000000087200000| Untracked 
| 115|0x0000000087300000, 0x0000000087400000, 0x0000000087400000|100%| O|  |TAMS 0x0000000087400000, 0x0000000087300000| Untracked 
| 116|0x0000000087400000, 0x0000000087500000, 0x0000000087500000|100%| O|  |TAMS 0x0000000087500000, 0x0000000087400000| Untracked 
| 117|0x0000000087500000, 0x0000000087600000, 0x0000000087600000|100%| O|  |TAMS 0x0000000087500000, 0x0000000087500000| Untracked 
| 118|0x0000000087600000, 0x0000000087700000, 0x0000000087700000|100%|HS|  |TAMS 0x0000000087600000, 0x0000000087600000| Complete 
| 119|0x0000000087700000, 0x0000000087800000, 0x0000000087800000|100%| O|  |TAMS 0x0000000087800000, 0x0000000087700000| Untracked 
| 120|0x0000000087800000, 0x0000000087900000, 0x0000000087900000|100%|HS|  |TAMS 0x0000000087800000, 0x0000000087800000| Complete 
| 121|0x0000000087900000, 0x0000000087a00000, 0x0000000087a00000|100%|HS|  |TAMS 0x0000000087900000, 0x0000000087900000| Complete 
| 122|0x0000000087a00000, 0x0000000087b00000, 0x0000000087b00000|100%|HS|  |TAMS 0x0000000087a00000, 0x0000000087a00000| Complete 
| 123|0x0000000087b00000, 0x0000000087c00000, 0x0000000087c00000|100%|HC|  |TAMS 0x0000000087b00000, 0x0000000087b00000| Complete 
| 124|0x0000000087c00000, 0x0000000087d00000, 0x0000000087d00000|100%|HS|  |TAMS 0x0000000087c00000, 0x0000000087c00000| Complete 
| 125|0x0000000087d00000, 0x0000000087e00000, 0x0000000087e00000|100%|HC|  |TAMS 0x0000000087d00000, 0x0000000087d00000| Complete 
| 126|0x0000000087e00000, 0x0000000087f00000, 0x0000000087f00000|100%|HS|  |TAMS 0x0000000087e00000, 0x0000000087e00000| Complete 
| 127|0x0000000087f00000, 0x0000000088000000, 0x0000000088000000|100%| O|  |TAMS 0x0000000088000000, 0x0000000087f00000| Untracked 
| 128|0x0000000088000000, 0x0000000088100000, 0x0000000088100000|100%|HS|  |TAMS 0x0000000088000000, 0x0000000088000000| Complete 
| 129|0x0000000088100000, 0x0000000088200000, 0x0000000088200000|100%| O|  |TAMS 0x0000000088200000, 0x0000000088100000| Untracked 
| 130|0x0000000088200000, 0x0000000088300000, 0x0000000088300000|100%|HS|  |TAMS 0x0000000088200000, 0x0000000088200000| Complete 
| 131|0x0000000088300000, 0x0000000088400000, 0x0000000088400000|100%|HC|  |TAMS 0x0000000088300000, 0x0000000088300000| Complete 
| 132|0x0000000088400000, 0x0000000088500000, 0x0000000088500000|100%|HC|  |TAMS 0x0000000088400000, 0x0000000088400000| Complete 
| 133|0x0000000088500000, 0x0000000088600000, 0x0000000088600000|100%|HC|  |TAMS 0x0000000088500000, 0x0000000088500000| Complete 
| 134|0x0000000088600000, 0x0000000088700000, 0x0000000088700000|100%| O|  |TAMS 0x0000000088600000, 0x0000000088600000| Untracked 
| 135|0x0000000088700000, 0x0000000088800000, 0x0000000088800000|100%| O|  |TAMS 0x0000000088800000, 0x0000000088700000| Untracked 
| 136|0x0000000088800000, 0x0000000088900000, 0x0000000088900000|100%| O|  |TAMS 0x0000000088900000, 0x0000000088800000| Untracked 
| 137|0x0000000088900000, 0x0000000088a00000, 0x0000000088a00000|100%| O|  |TAMS 0x0000000088a00000, 0x0000000088900000| Untracked 
| 138|0x0000000088a00000, 0x0000000088b00000, 0x0000000088b00000|100%| O|  |TAMS 0x0000000088b00000, 0x0000000088a00000| Untracked 
| 139|0x0000000088b00000, 0x0000000088c00000, 0x0000000088c00000|100%| O|  |TAMS 0x0000000088c00000, 0x0000000088b00000| Untracked 
| 140|0x0000000088c00000, 0x0000000088d00000, 0x0000000088d00000|100%| O|  |TAMS 0x0000000088c90600, 0x0000000088c00000| Untracked 
| 141|0x0000000088d00000, 0x0000000088e00000, 0x0000000088e00000|100%|HS|  |TAMS 0x0000000088d00000, 0x0000000088d00000| Complete 
| 142|0x0000000088e00000, 0x0000000088f00000, 0x0000000088f00000|100%| O|  |TAMS 0x0000000088e00000, 0x0000000088e00000| Untracked 
| 143|0x0000000088f00000, 0x0000000089000000, 0x0000000089000000|100%| O|  |TAMS 0x0000000088f00000, 0x0000000088f00000| Untracked 
| 144|0x0000000089000000, 0x0000000089100000, 0x0000000089100000|100%| O|  |TAMS 0x0000000089000000, 0x0000000089000000| Untracked 
| 145|0x0000000089100000, 0x0000000089200000, 0x0000000089200000|100%|HS|  |TAMS 0x0000000089100000, 0x0000000089100000| Complete 
| 146|0x0000000089200000, 0x0000000089300000, 0x0000000089300000|100%|HS|  |TAMS 0x0000000089200000, 0x0000000089200000| Complete 
| 147|0x0000000089300000, 0x0000000089400000, 0x0000000089400000|100%|HC|  |TAMS 0x0000000089300000, 0x0000000089300000| Complete 
| 148|0x0000000089400000, 0x0000000089500000, 0x0000000089500000|100%|HC|  |TAMS 0x0000000089400000, 0x0000000089400000| Complete 
| 149|0x0000000089500000, 0x0000000089600000, 0x0000000089600000|100%|HC|  |TAMS 0x0000000089500000, 0x0000000089500000| Complete 
| 150|0x0000000089600000, 0x0000000089700000, 0x0000000089700000|100%| O|  |TAMS 0x0000000089600000, 0x0000000089600000| Untracked 
| 151|0x0000000089700000, 0x0000000089800000, 0x0000000089800000|100%| O|  |TAMS 0x0000000089700000, 0x0000000089700000| Untracked 
| 152|0x0000000089800000, 0x0000000089900000, 0x0000000089900000|100%| O|  |TAMS 0x0000000089800000, 0x0000000089800000| Untracked 
| 153|0x0000000089900000, 0x0000000089a00000, 0x0000000089a00000|100%| O|  |TAMS 0x0000000089900000, 0x0000000089900000| Untracked 
| 154|0x0000000089a00000, 0x0000000089b00000, 0x0000000089b00000|100%| O|  |TAMS 0x0000000089a00000, 0x0000000089a00000| Untracked 
| 155|0x0000000089b00000, 0x0000000089c00000, 0x0000000089c00000|100%| O|  |TAMS 0x0000000089b00000, 0x0000000089b00000| Untracked 
| 156|0x0000000089c00000, 0x0000000089d00000, 0x0000000089d00000|100%| O|  |TAMS 0x0000000089c00000, 0x0000000089c00000| Untracked 
| 157|0x0000000089d00000, 0x0000000089e00000, 0x0000000089e00000|100%| O|  |TAMS 0x0000000089d00000, 0x0000000089d00000| Untracked 
| 158|0x0000000089e00000, 0x0000000089f00000, 0x0000000089f00000|100%| O|  |TAMS 0x0000000089e00000, 0x0000000089e00000| Untracked 
| 159|0x0000000089f00000, 0x000000008a000000, 0x000000008a000000|100%| O|  |TAMS 0x0000000089f00000, 0x0000000089f00000| Untracked 
| 160|0x000000008a000000, 0x000000008a100000, 0x000000008a100000|100%| O|  |TAMS 0x000000008a000000, 0x000000008a000000| Untracked 
| 161|0x000000008a100000, 0x000000008a200000, 0x000000008a200000|100%| O|  |TAMS 0x000000008a100000, 0x000000008a100000| Untracked 
| 162|0x000000008a200000, 0x000000008a300000, 0x000000008a300000|100%| O|  |TAMS 0x000000008a200000, 0x000000008a200000| Untracked 
| 163|0x000000008a300000, 0x000000008a400000, 0x000000008a400000|100%| O|  |TAMS 0x000000008a300000, 0x000000008a300000| Untracked 
| 164|0x000000008a400000, 0x000000008a500000, 0x000000008a500000|100%| O|  |TAMS 0x000000008a400000, 0x000000008a400000| Untracked 
| 165|0x000000008a500000, 0x000000008a600000, 0x000000008a600000|100%| O|  |TAMS 0x000000008a500000, 0x000000008a500000| Untracked 
| 166|0x000000008a600000, 0x000000008a700000, 0x000000008a700000|100%| O|  |TAMS 0x000000008a600000, 0x000000008a600000| Untracked 
| 167|0x000000008a700000, 0x000000008a800000, 0x000000008a800000|100%| O|  |TAMS 0x000000008a700000, 0x000000008a700000| Untracked 
| 168|0x000000008a800000, 0x000000008a900000, 0x000000008a900000|100%| O|  |TAMS 0x000000008a800000, 0x000000008a800000| Untracked 
| 169|0x000000008a900000, 0x000000008aa00000, 0x000000008aa00000|100%| O|  |TAMS 0x000000008a900000, 0x000000008a900000| Untracked 
| 170|0x000000008aa00000, 0x000000008ab00000, 0x000000008ab00000|100%| O|  |TAMS 0x000000008aa00000, 0x000000008aa00000| Untracked 
| 171|0x000000008ab00000, 0x000000008ac00000, 0x000000008ac00000|100%| O|  |TAMS 0x000000008ab00000, 0x000000008ab00000| Untracked 
| 172|0x000000008ac00000, 0x000000008ad00000, 0x000000008ad00000|100%| O|  |TAMS 0x000000008ac00000, 0x000000008ac00000| Untracked 
| 173|0x000000008ad00000, 0x000000008ae00000, 0x000000008ae00000|100%| O|  |TAMS 0x000000008ad00000, 0x000000008ad00000| Untracked 
| 174|0x000000008ae00000, 0x000000008af00000, 0x000000008af00000|100%| O|  |TAMS 0x000000008ae00000, 0x000000008ae00000| Untracked 
| 175|0x000000008af00000, 0x000000008b000000, 0x000000008b000000|100%| O|  |TAMS 0x000000008af00000, 0x000000008af00000| Untracked 
| 176|0x000000008b000000, 0x000000008b100000, 0x000000008b100000|100%| O|  |TAMS 0x000000008b000000, 0x000000008b000000| Untracked 
| 177|0x000000008b100000, 0x000000008b200000, 0x000000008b200000|100%| O|  |TAMS 0x000000008b100000, 0x000000008b100000| Untracked 
| 178|0x000000008b200000, 0x000000008b300000, 0x000000008b300000|100%| O|  |TAMS 0x000000008b200000, 0x000000008b200000| Untracked 
| 179|0x000000008b300000, 0x000000008b400000, 0x000000008b400000|100%| O|  |TAMS 0x000000008b300000, 0x000000008b300000| Untracked 
| 180|0x000000008b400000, 0x000000008b500000, 0x000000008b500000|100%| O|  |TAMS 0x000000008b400000, 0x000000008b400000| Untracked 
| 181|0x000000008b500000, 0x000000008b600000, 0x000000008b600000|100%| O|  |TAMS 0x000000008b500000, 0x000000008b500000| Untracked 
| 182|0x000000008b600000, 0x000000008b700000, 0x000000008b700000|100%| O|  |TAMS 0x000000008b600000, 0x000000008b600000| Untracked 
| 183|0x000000008b700000, 0x000000008b800000, 0x000000008b800000|100%| O|  |TAMS 0x000000008b700000, 0x000000008b700000| Untracked 
| 184|0x000000008b800000, 0x000000008b900000, 0x000000008b900000|100%| O|  |TAMS 0x000000008b800000, 0x000000008b800000| Untracked 
| 185|0x000000008b900000, 0x000000008ba00000, 0x000000008ba00000|100%| O|  |TAMS 0x000000008b900000, 0x000000008b900000| Untracked 
| 186|0x000000008ba00000, 0x000000008bb00000, 0x000000008bb00000|100%| O|  |TAMS 0x000000008ba00000, 0x000000008ba00000| Untracked 
| 187|0x000000008bb00000, 0x000000008bc00000, 0x000000008bc00000|100%| O|  |TAMS 0x000000008bb00000, 0x000000008bb00000| Untracked 
| 188|0x000000008bc00000, 0x000000008bd00000, 0x000000008bd00000|100%| O|  |TAMS 0x000000008bc00000, 0x000000008bc00000| Untracked 
| 189|0x000000008bd00000, 0x000000008be00000, 0x000000008be00000|100%| O|  |TAMS 0x000000008bd00000, 0x000000008bd00000| Untracked 
| 190|0x000000008be00000, 0x000000008bf00000, 0x000000008bf00000|100%| O|  |TAMS 0x000000008be00000, 0x000000008be00000| Untracked 
| 191|0x000000008bf00000, 0x000000008c000000, 0x000000008c000000|100%| O|  |TAMS 0x000000008bf00000, 0x000000008bf00000| Untracked 
| 192|0x000000008c000000, 0x000000008c100000, 0x000000008c100000|100%| O|  |TAMS 0x000000008c000000, 0x000000008c000000| Untracked 
| 193|0x000000008c100000, 0x000000008c200000, 0x000000008c200000|100%| O|  |TAMS 0x000000008c100000, 0x000000008c100000| Untracked 
| 194|0x000000008c200000, 0x000000008c300000, 0x000000008c300000|100%| O|  |TAMS 0x000000008c200000, 0x000000008c200000| Untracked 
| 195|0x000000008c300000, 0x000000008c400000, 0x000000008c400000|100%| O|  |TAMS 0x000000008c300000, 0x000000008c300000| Untracked 
| 196|0x000000008c400000, 0x000000008c500000, 0x000000008c500000|100%| O|  |TAMS 0x000000008c400000, 0x000000008c400000| Untracked 
| 197|0x000000008c500000, 0x000000008c600000, 0x000000008c600000|100%| O|  |TAMS 0x000000008c500000, 0x000000008c500000| Untracked 
| 198|0x000000008c600000, 0x000000008c700000, 0x000000008c700000|100%| O|  |TAMS 0x000000008c600000, 0x000000008c600000| Untracked 
| 199|0x000000008c700000, 0x000000008c800000, 0x000000008c800000|100%| O|  |TAMS 0x000000008c700000, 0x000000008c700000| Untracked 
| 200|0x000000008c800000, 0x000000008c900000, 0x000000008c900000|100%| O|  |TAMS 0x000000008c800000, 0x000000008c800000| Untracked 
| 201|0x000000008c900000, 0x000000008ca00000, 0x000000008ca00000|100%|HS|  |TAMS 0x000000008c900000, 0x000000008c900000| Complete 
| 202|0x000000008ca00000, 0x000000008cb00000, 0x000000008cb00000|100%|HC|  |TAMS 0x000000008ca00000, 0x000000008ca00000| Complete 
| 203|0x000000008cb00000, 0x000000008cc00000, 0x000000008cc00000|100%|HC|  |TAMS 0x000000008cb00000, 0x000000008cb00000| Complete 
| 204|0x000000008cc00000, 0x000000008cd00000, 0x000000008cd00000|100%|HS|  |TAMS 0x000000008cc00000, 0x000000008cc00000| Complete 
| 205|0x000000008cd00000, 0x000000008ce00000, 0x000000008ce00000|100%|HC|  |TAMS 0x000000008cd00000, 0x000000008cd00000| Complete 
| 206|0x000000008ce00000, 0x000000008cf00000, 0x000000008cf00000|100%|HC|  |TAMS 0x000000008ce00000, 0x000000008ce00000| Complete 
| 207|0x000000008cf00000, 0x000000008d000000, 0x000000008d000000|100%|HC|  |TAMS 0x000000008cf00000, 0x000000008cf00000| Complete 
| 208|0x000000008d000000, 0x000000008d100000, 0x000000008d100000|100%|HC|  |TAMS 0x000000008d000000, 0x000000008d000000| Complete 
| 209|0x000000008d100000, 0x000000008d200000, 0x000000008d200000|100%|HC|  |TAMS 0x000000008d100000, 0x000000008d100000| Complete 
| 210|0x000000008d200000, 0x000000008d300000, 0x000000008d300000|100%|HC|  |TAMS 0x000000008d200000, 0x000000008d200000| Complete 
| 211|0x000000008d300000, 0x000000008d400000, 0x000000008d400000|100%|HC|  |TAMS 0x000000008d300000, 0x000000008d300000| Complete 
| 212|0x000000008d400000, 0x000000008d500000, 0x000000008d500000|100%|HC|  |TAMS 0x000000008d400000, 0x000000008d400000| Complete 
| 213|0x000000008d500000, 0x000000008d600000, 0x000000008d600000|100%|HC|  |TAMS 0x000000008d500000, 0x000000008d500000| Complete 
| 214|0x000000008d600000, 0x000000008d700000, 0x000000008d700000|100%|HC|  |TAMS 0x000000008d600000, 0x000000008d600000| Complete 
| 215|0x000000008d700000, 0x000000008d800000, 0x000000008d800000|100%|HC|  |TAMS 0x000000008d700000, 0x000000008d700000| Complete 
| 216|0x000000008d800000, 0x000000008d900000, 0x000000008d900000|100%|HS|  |TAMS 0x000000008d800000, 0x000000008d800000| Complete 
| 217|0x000000008d900000, 0x000000008da00000, 0x000000008da00000|100%|HC|  |TAMS 0x000000008d900000, 0x000000008d900000| Complete 
| 218|0x000000008da00000, 0x000000008db00000, 0x000000008db00000|100%| O|  |TAMS 0x000000008da00000, 0x000000008da00000| Untracked 
| 219|0x000000008db00000, 0x000000008dc00000, 0x000000008dc00000|100%| O|  |TAMS 0x000000008db00000, 0x000000008db00000| Untracked 
| 220|0x000000008dc00000, 0x000000008dd00000, 0x000000008dd00000|100%| O|  |TAMS 0x000000008dc00000, 0x000000008dc00000| Untracked 
| 221|0x000000008dd00000, 0x000000008de00000, 0x000000008de00000|100%| O|  |TAMS 0x000000008dd00000, 0x000000008dd00000| Untracked 
| 222|0x000000008de00000, 0x000000008df00000, 0x000000008df00000|100%| O|  |TAMS 0x000000008de00000, 0x000000008de00000| Untracked 
| 223|0x000000008df00000, 0x000000008e000000, 0x000000008e000000|100%| O|  |TAMS 0x000000008df00000, 0x000000008df00000| Untracked 
| 224|0x000000008e000000, 0x000000008e100000, 0x000000008e100000|100%| O|  |TAMS 0x000000008e000000, 0x000000008e000000| Untracked 
| 225|0x000000008e100000, 0x000000008e200000, 0x000000008e200000|100%| O|  |TAMS 0x000000008e100000, 0x000000008e100000| Untracked 
| 226|0x000000008e200000, 0x000000008e300000, 0x000000008e300000|100%| O|  |TAMS 0x000000008e200000, 0x000000008e200000| Untracked 
| 227|0x000000008e300000, 0x000000008e400000, 0x000000008e400000|100%| O|  |TAMS 0x000000008e300000, 0x000000008e300000| Untracked 
| 228|0x000000008e400000, 0x000000008e500000, 0x000000008e500000|100%| O|  |TAMS 0x000000008e400000, 0x000000008e400000| Untracked 
| 229|0x000000008e500000, 0x000000008e600000, 0x000000008e600000|100%| O|  |TAMS 0x000000008e500000, 0x000000008e500000| Untracked 
| 230|0x000000008e600000, 0x000000008e700000, 0x000000008e700000|100%| O|  |TAMS 0x000000008e600000, 0x000000008e600000| Untracked 
| 231|0x000000008e700000, 0x000000008e800000, 0x000000008e800000|100%| O|  |TAMS 0x000000008e700000, 0x000000008e700000| Untracked 
| 232|0x000000008e800000, 0x000000008e900000, 0x000000008e900000|100%| O|  |TAMS 0x000000008e800000, 0x000000008e800000| Untracked 
| 233|0x000000008e900000, 0x000000008ea00000, 0x000000008ea00000|100%| O|  |TAMS 0x000000008e900000, 0x000000008e900000| Untracked 
| 234|0x000000008ea00000, 0x000000008eb00000, 0x000000008eb00000|100%| O|  |TAMS 0x000000008ea00000, 0x000000008ea00000| Untracked 
| 235|0x000000008eb00000, 0x000000008ec00000, 0x000000008ec00000|100%| O|  |TAMS 0x000000008eb00000, 0x000000008eb00000| Untracked 
| 236|0x000000008ec00000, 0x000000008ed00000, 0x000000008ed00000|100%| O|  |TAMS 0x000000008ec00000, 0x000000008ec00000| Untracked 
| 237|0x000000008ed00000, 0x000000008ee00000, 0x000000008ee00000|100%| O|  |TAMS 0x000000008ed00000, 0x000000008ed00000| Untracked 
| 238|0x000000008ee00000, 0x000000008ef00000, 0x000000008ef00000|100%| O|  |TAMS 0x000000008ee00000, 0x000000008ee00000| Untracked 
| 239|0x000000008ef00000, 0x000000008ef80000, 0x000000008f000000| 50%| O|  |TAMS 0x000000008ef00000, 0x000000008ef00000| Untracked 
| 240|0x000000008f000000, 0x000000008f000000, 0x000000008f100000|  0%| F|  |TAMS 0x000000008f000000, 0x000000008f000000| Untracked 
| 241|0x000000008f100000, 0x000000008f100000, 0x000000008f200000|  0%| F|  |TAMS 0x000000008f100000, 0x000000008f100000| Untracked 
| 242|0x000000008f200000, 0x000000008f200000, 0x000000008f300000|  0%| F|  |TAMS 0x000000008f200000, 0x000000008f200000| Untracked 
| 243|0x000000008f300000, 0x000000008f300000, 0x000000008f400000|  0%| F|  |TAMS 0x000000008f300000, 0x000000008f300000| Untracked 
| 244|0x000000008f400000, 0x000000008f400000, 0x000000008f500000|  0%| F|  |TAMS 0x000000008f400000, 0x000000008f400000| Untracked 
| 245|0x000000008f500000, 0x000000008f500000, 0x000000008f600000|  0%| F|  |TAMS 0x000000008f500000, 0x000000008f500000| Untracked 
| 246|0x000000008f600000, 0x000000008f600000, 0x000000008f700000|  0%| F|  |TAMS 0x000000008f600000, 0x000000008f600000| Untracked 
| 247|0x000000008f700000, 0x000000008f700000, 0x000000008f800000|  0%| F|  |TAMS 0x000000008f700000, 0x000000008f700000| Untracked 
| 248|0x000000008f800000, 0x000000008f800000, 0x000000008f900000|  0%| F|  |TAMS 0x000000008f800000, 0x000000008f800000| Untracked 
| 249|0x000000008f900000, 0x000000008f900000, 0x000000008fa00000|  0%| F|  |TAMS 0x000000008f900000, 0x000000008f900000| Untracked 
| 250|0x000000008fa00000, 0x000000008fa00000, 0x000000008fb00000|  0%| F|  |TAMS 0x000000008fa00000, 0x000000008fa00000| Untracked 
| 251|0x000000008fb00000, 0x000000008fb00000, 0x000000008fc00000|  0%| F|  |TAMS 0x000000008fb00000, 0x000000008fb00000| Untracked 
| 252|0x000000008fc00000, 0x000000008fc00000, 0x000000008fd00000|  0%| F|  |TAMS 0x000000008fc00000, 0x000000008fc00000| Untracked 
| 253|0x000000008fd00000, 0x000000008fd00000, 0x000000008fe00000|  0%| F|  |TAMS 0x000000008fd00000, 0x000000008fd00000| Untracked 
| 254|0x000000008fe00000, 0x000000008fe00000, 0x000000008ff00000|  0%| F|  |TAMS 0x000000008fe00000, 0x000000008fe00000| Untracked 
| 255|0x000000008ff00000, 0x000000008ff00000, 0x0000000090000000|  0%| F|  |TAMS 0x000000008ff00000, 0x000000008ff00000| Untracked 
| 256|0x0000000090000000, 0x0000000090000000, 0x0000000090100000|  0%| F|  |TAMS 0x0000000090000000, 0x0000000090000000| Untracked 
| 257|0x0000000090100000, 0x0000000090100000, 0x0000000090200000|  0%| F|  |TAMS 0x0000000090100000, 0x0000000090100000| Untracked 
| 258|0x0000000090200000, 0x0000000090200000, 0x0000000090300000|  0%| F|  |TAMS 0x0000000090200000, 0x0000000090200000| Untracked 
| 259|0x0000000090300000, 0x0000000090300000, 0x0000000090400000|  0%| F|  |TAMS 0x0000000090300000, 0x0000000090300000| Untracked 
| 260|0x0000000090400000, 0x0000000090400000, 0x0000000090500000|  0%| F|  |TAMS 0x0000000090400000, 0x0000000090400000| Untracked 
| 261|0x0000000090500000, 0x0000000090500000, 0x0000000090600000|  0%| F|  |TAMS 0x0000000090500000, 0x0000000090500000| Untracked 
| 262|0x0000000090600000, 0x0000000090600000, 0x0000000090700000|  0%| F|  |TAMS 0x0000000090600000, 0x0000000090600000| Untracked 
| 263|0x0000000090700000, 0x0000000090700000, 0x0000000090800000|  0%| F|  |TAMS 0x0000000090700000, 0x0000000090700000| Untracked 
| 264|0x0000000090800000, 0x0000000090800000, 0x0000000090900000|  0%| F|  |TAMS 0x0000000090800000, 0x0000000090800000| Untracked 
| 265|0x0000000090900000, 0x0000000090900000, 0x0000000090a00000|  0%| F|  |TAMS 0x0000000090900000, 0x0000000090900000| Untracked 
| 266|0x0000000090a00000, 0x0000000090a00000, 0x0000000090b00000|  0%| F|  |TAMS 0x0000000090a00000, 0x0000000090a00000| Untracked 
| 267|0x0000000090b00000, 0x0000000090b00000, 0x0000000090c00000|  0%| F|  |TAMS 0x0000000090b00000, 0x0000000090b00000| Untracked 
| 268|0x0000000090c00000, 0x0000000090c00000, 0x0000000090d00000|  0%| F|  |TAMS 0x0000000090c00000, 0x0000000090c00000| Untracked 
| 269|0x0000000090d00000, 0x0000000090d00000, 0x0000000090e00000|  0%| F|  |TAMS 0x0000000090d00000, 0x0000000090d00000| Untracked 
| 270|0x0000000090e00000, 0x0000000090e00000, 0x0000000090f00000|  0%| F|  |TAMS 0x0000000090e00000, 0x0000000090e00000| Untracked 
| 271|0x0000000090f00000, 0x0000000090f00000, 0x0000000091000000|  0%| F|  |TAMS 0x0000000090f00000, 0x0000000090f00000| Untracked 
| 272|0x0000000091000000, 0x0000000091000000, 0x0000000091100000|  0%| F|  |TAMS 0x0000000091000000, 0x0000000091000000| Untracked 
| 273|0x0000000091100000, 0x0000000091100000, 0x0000000091200000|  0%| F|  |TAMS 0x0000000091100000, 0x0000000091100000| Untracked 
| 274|0x0000000091200000, 0x0000000091200000, 0x0000000091300000|  0%| F|  |TAMS 0x0000000091200000, 0x0000000091200000| Untracked 
| 275|0x0000000091300000, 0x0000000091300000, 0x0000000091400000|  0%| F|  |TAMS 0x0000000091300000, 0x0000000091300000| Untracked 
| 276|0x0000000091400000, 0x0000000091400000, 0x0000000091500000|  0%| F|  |TAMS 0x0000000091400000, 0x0000000091400000| Untracked 
| 277|0x0000000091500000, 0x0000000091500000, 0x0000000091600000|  0%| F|  |TAMS 0x0000000091500000, 0x0000000091500000| Untracked 
| 278|0x0000000091600000, 0x000000009167fc70, 0x0000000091700000| 49%| S|CS|TAMS 0x0000000091600000, 0x0000000091600000| Complete 
| 279|0x0000000091700000, 0x0000000091800000, 0x0000000091800000|100%| S|CS|TAMS 0x0000000091700000, 0x0000000091700000| Complete 
| 280|0x0000000091800000, 0x0000000091900000, 0x0000000091900000|100%| S|CS|TAMS 0x0000000091800000, 0x0000000091800000| Complete 
| 281|0x0000000091900000, 0x0000000091a00000, 0x0000000091a00000|100%| S|CS|TAMS 0x0000000091900000, 0x0000000091900000| Complete 
| 282|0x0000000091a00000, 0x0000000091b00000, 0x0000000091b00000|100%| S|CS|TAMS 0x0000000091a00000, 0x0000000091a00000| Complete 
| 283|0x0000000091b00000, 0x0000000091b00000, 0x0000000091c00000|  0%| F|  |TAMS 0x0000000091b00000, 0x0000000091b00000| Untracked 
| 284|0x0000000091c00000, 0x0000000091c00000, 0x0000000091d00000|  0%| F|  |TAMS 0x0000000091c00000, 0x0000000091c00000| Untracked 
| 285|0x0000000091d00000, 0x0000000091d00000, 0x0000000091e00000|  0%| F|  |TAMS 0x0000000091d00000, 0x0000000091d00000| Untracked 
| 286|0x0000000091e00000, 0x0000000091e00000, 0x0000000091f00000|  0%| F|  |TAMS 0x0000000091e00000, 0x0000000091e00000| Untracked 
| 287|0x0000000091f00000, 0x0000000091f00000, 0x0000000092000000|  0%| F|  |TAMS 0x0000000091f00000, 0x0000000091f00000| Untracked 
| 288|0x0000000092000000, 0x0000000092000000, 0x0000000092100000|  0%| F|  |TAMS 0x0000000092000000, 0x0000000092000000| Untracked 
| 289|0x0000000092100000, 0x0000000092100000, 0x0000000092200000|  0%| F|  |TAMS 0x0000000092100000, 0x0000000092100000| Untracked 
| 290|0x0000000092200000, 0x0000000092200000, 0x0000000092300000|  0%| F|  |TAMS 0x0000000092200000, 0x0000000092200000| Untracked 
| 291|0x0000000092300000, 0x0000000092300000, 0x0000000092400000|  0%| F|  |TAMS 0x0000000092300000, 0x0000000092300000| Untracked 
| 292|0x0000000092400000, 0x0000000092400000, 0x0000000092500000|  0%| F|  |TAMS 0x0000000092400000, 0x0000000092400000| Untracked 
| 293|0x0000000092500000, 0x0000000092500000, 0x0000000092600000|  0%| F|  |TAMS 0x0000000092500000, 0x0000000092500000| Untracked 
| 294|0x0000000092600000, 0x0000000092600000, 0x0000000092700000|  0%| F|  |TAMS 0x0000000092600000, 0x0000000092600000| Untracked 
| 295|0x0000000092700000, 0x0000000092700000, 0x0000000092800000|  0%| F|  |TAMS 0x0000000092700000, 0x0000000092700000| Untracked 
| 296|0x0000000092800000, 0x0000000092800000, 0x0000000092900000|  0%| F|  |TAMS 0x0000000092800000, 0x0000000092800000| Untracked 
| 297|0x0000000092900000, 0x0000000092900000, 0x0000000092a00000|  0%| F|  |TAMS 0x0000000092900000, 0x0000000092900000| Untracked 
| 298|0x0000000092a00000, 0x0000000092a00000, 0x0000000092b00000|  0%| F|  |TAMS 0x0000000092a00000, 0x0000000092a00000| Untracked 
| 299|0x0000000092b00000, 0x0000000092b00000, 0x0000000092c00000|  0%| F|  |TAMS 0x0000000092b00000, 0x0000000092b00000| Untracked 
| 300|0x0000000092c00000, 0x0000000092c00000, 0x0000000092d00000|  0%| F|  |TAMS 0x0000000092c00000, 0x0000000092c00000| Untracked 
| 301|0x0000000092d00000, 0x0000000092d00000, 0x0000000092e00000|  0%| F|  |TAMS 0x0000000092d00000, 0x0000000092d00000| Untracked 
| 302|0x0000000092e00000, 0x0000000092e00000, 0x0000000092f00000|  0%| F|  |TAMS 0x0000000092e00000, 0x0000000092e00000| Untracked 
| 303|0x0000000092f00000, 0x0000000092f00000, 0x0000000093000000|  0%| F|  |TAMS 0x0000000092f00000, 0x0000000092f00000| Untracked 
| 304|0x0000000093000000, 0x0000000093000000, 0x0000000093100000|  0%| F|  |TAMS 0x0000000093000000, 0x0000000093000000| Untracked 
| 305|0x0000000093100000, 0x0000000093100000, 0x0000000093200000|  0%| F|  |TAMS 0x0000000093100000, 0x0000000093100000| Untracked 
| 306|0x0000000093200000, 0x0000000093200000, 0x0000000093300000|  0%| F|  |TAMS 0x0000000093200000, 0x0000000093200000| Untracked 
| 307|0x0000000093300000, 0x0000000093300000, 0x0000000093400000|  0%| F|  |TAMS 0x0000000093300000, 0x0000000093300000| Untracked 
| 308|0x0000000093400000, 0x0000000093400000, 0x0000000093500000|  0%| F|  |TAMS 0x0000000093400000, 0x0000000093400000| Untracked 
| 309|0x0000000093500000, 0x0000000093500000, 0x0000000093600000|  0%| F|  |TAMS 0x0000000093500000, 0x0000000093500000| Untracked 
| 310|0x0000000093600000, 0x0000000093600000, 0x0000000093700000|  0%| F|  |TAMS 0x0000000093600000, 0x0000000093600000| Untracked 
| 311|0x0000000093700000, 0x0000000093700000, 0x0000000093800000|  0%| F|  |TAMS 0x0000000093700000, 0x0000000093700000| Untracked 
| 312|0x0000000093800000, 0x0000000093800000, 0x0000000093900000|  0%| F|  |TAMS 0x0000000093800000, 0x0000000093800000| Untracked 
| 313|0x0000000093900000, 0x0000000093900000, 0x0000000093a00000|  0%| F|  |TAMS 0x0000000093900000, 0x0000000093900000| Untracked 
| 314|0x0000000093a00000, 0x0000000093a00000, 0x0000000093b00000|  0%| F|  |TAMS 0x0000000093a00000, 0x0000000093a00000| Untracked 
| 315|0x0000000093b00000, 0x0000000093b00000, 0x0000000093c00000|  0%| F|  |TAMS 0x0000000093b00000, 0x0000000093b00000| Untracked 
| 316|0x0000000093c00000, 0x0000000093c00000, 0x0000000093d00000|  0%| F|  |TAMS 0x0000000093c00000, 0x0000000093c00000| Untracked 
| 317|0x0000000093d00000, 0x0000000093d00000, 0x0000000093e00000|  0%| F|  |TAMS 0x0000000093d00000, 0x0000000093d00000| Untracked 
| 318|0x0000000093e00000, 0x0000000093e00000, 0x0000000093f00000|  0%| F|  |TAMS 0x0000000093e00000, 0x0000000093e00000| Untracked 
| 319|0x0000000093f00000, 0x0000000093f00000, 0x0000000094000000|  0%| F|  |TAMS 0x0000000093f00000, 0x0000000093f00000| Untracked 
| 320|0x0000000094000000, 0x0000000094000000, 0x0000000094100000|  0%| F|  |TAMS 0x0000000094000000, 0x0000000094000000| Untracked 
| 321|0x0000000094100000, 0x0000000094100000, 0x0000000094200000|  0%| F|  |TAMS 0x0000000094100000, 0x0000000094100000| Untracked 
| 322|0x0000000094200000, 0x0000000094200000, 0x0000000094300000|  0%| F|  |TAMS 0x0000000094200000, 0x0000000094200000| Untracked 
| 323|0x0000000094300000, 0x0000000094300000, 0x0000000094400000|  0%| F|  |TAMS 0x0000000094300000, 0x0000000094300000| Untracked 
| 324|0x0000000094400000, 0x0000000094400000, 0x0000000094500000|  0%| F|  |TAMS 0x0000000094400000, 0x0000000094400000| Untracked 
| 325|0x0000000094500000, 0x0000000094500000, 0x0000000094600000|  0%| F|  |TAMS 0x0000000094500000, 0x0000000094500000| Untracked 
| 326|0x0000000094600000, 0x0000000094600000, 0x0000000094700000|  0%| F|  |TAMS 0x0000000094600000, 0x0000000094600000| Untracked 
| 327|0x0000000094700000, 0x0000000094700000, 0x0000000094800000|  0%| F|  |TAMS 0x0000000094700000, 0x0000000094700000| Untracked 
| 328|0x0000000094800000, 0x0000000094800000, 0x0000000094900000|  0%| F|  |TAMS 0x0000000094800000, 0x0000000094800000| Untracked 
| 329|0x0000000094900000, 0x0000000094a00000, 0x0000000094a00000|100%| E|  |TAMS 0x0000000094900000, 0x0000000094900000| Complete 
| 330|0x0000000094a00000, 0x0000000094b00000, 0x0000000094b00000|100%| E|CS|TAMS 0x0000000094a00000, 0x0000000094a00000| Complete 
| 331|0x0000000094b00000, 0x0000000094c00000, 0x0000000094c00000|100%| E|CS|TAMS 0x0000000094b00000, 0x0000000094b00000| Complete 
| 332|0x0000000094c00000, 0x0000000094d00000, 0x0000000094d00000|100%| E|  |TAMS 0x0000000094c00000, 0x0000000094c00000| Complete 
| 333|0x0000000094d00000, 0x0000000094e00000, 0x0000000094e00000|100%| E|CS|TAMS 0x0000000094d00000, 0x0000000094d00000| Complete 
| 334|0x0000000094e00000, 0x0000000094f00000, 0x0000000094f00000|100%| E|CS|TAMS 0x0000000094e00000, 0x0000000094e00000| Complete 
| 335|0x0000000094f00000, 0x0000000095000000, 0x0000000095000000|100%| E|CS|TAMS 0x0000000094f00000, 0x0000000094f00000| Complete 
| 336|0x0000000095000000, 0x0000000095100000, 0x0000000095100000|100%| E|CS|TAMS 0x0000000095000000, 0x0000000095000000| Complete 
| 337|0x0000000095100000, 0x0000000095200000, 0x0000000095200000|100%| E|CS|TAMS 0x0000000095100000, 0x0000000095100000| Complete 

Card table byte_map: [0x0000000014f70000,0x0000000015370000] _byte_map_base: 0x0000000014b70000

Marking Bits (Prev, Next): (CMBitMap*) 0x0000000002b0d8b0, (CMBitMap*) 0x0000000002b0d8f0
 Prev Bits: [0x0000000015770000, 0x0000000017770000)
 Next Bits: [0x0000000017770000, 0x0000000019770000)

Polling page: 0x0000000000960000

Metaspace:

Usage:
  Non-class:    147.04 MB used.
      Class:     21.54 MB used.
       Both:    168.58 MB used.

Virtual space:
  Non-class space:      152.00 MB reserved,     147.50 MB ( 97%) committed,  19 nodes.
      Class space:        1.00 GB reserved,      22.00 MB (  2%) committed,  1 nodes.
             Both:        1.15 GB reserved,     169.50 MB ( 14%) committed. 

Chunk freelists:
   Non-Class:  3.70 MB
       Class:  1.98 MB
        Both:  5.68 MB

MaxMetaspaceSize: unlimited
CompressedClassSpaceSize: 1.00 GB
Initial GC threshold: 21.00 MB
Current GC threshold: 222.50 MB
CDS: off
MetaspaceReclaimPolicy: balanced
 - commit_granule_bytes: 65536.
 - commit_granule_words: 8192.
 - virtual_space_node_default_size: 1048576.
 - enlarge_chunks_in_place: 1.
 - new_chunks_are_fully_committed: 0.
 - uncommit_free_chunks: 1.
 - use_allocation_guard: 0.
 - handle_deallocations: 1.


Internal statistics:

num_allocs_failed_limit: 12.
num_arena_births: 1318.
num_arena_deaths: 0.
num_vsnodes_births: 20.
num_vsnodes_deaths: 0.
num_space_committed: 2710.
num_space_uncommitted: 0.
num_chunks_returned_to_freelist: 12.
num_chunks_taken_from_freelist: 7460.
num_chunk_merges: 12.
num_chunk_splits: 5475.
num_chunks_enlarged: 4192.
num_purges: 0.
num_inconsistent_stats: 0.

CodeHeap 'non-profiled nmethods': size=120064Kb used=12356Kb max_used=12356Kb free=107707Kb
 bounds [0x000000000da30000, 0x000000000e650000, 0x0000000014f70000]
CodeHeap 'profiled nmethods': size=120000Kb used=35885Kb max_used=38217Kb free=84114Kb
 bounds [0x0000000005f70000, 0x00000000084d0000, 0x000000000d4a0000]
CodeHeap 'non-nmethods': size=5696Kb used=2614Kb max_used=2663Kb free=3082Kb
 bounds [0x000000000d4a0000, 0x000000000d740000, 0x000000000da30000]
 total_blobs=19633 nmethods=18437 adapters=1107
 compilation: enabled
              stopped_count=0, restarted_count=0
 full_count=0

Compilation events (20 events):
Event: 304.528 Thread 0x000000001c0d17f0 23352       2       org.gradle.api.internal.artifacts.ivyservice.ivyresolve.CachingModuleComponentRepository::access$1100 (6 bytes)
Event: 304.529 Thread 0x000000001c0d17f0 nmethod 23352 0x0000000006412410 code [0x00000000064125e0, 0x00000000064127b8]
Event: 304.529 Thread 0x000000001c0d17f0 23353       2       org.gradle.api.internal.artifacts.ivyservice.modulecache.artifacts.ArtifactsAtRepositoryKey::<init> (20 bytes)
Event: 304.529 Thread 0x000000001c0d17f0 nmethod 23353 0x0000000006830790 code [0x0000000006830920, 0x0000000006830b38]
Event: 304.532 Thread 0x000000001c0d17f0 23354       2       org.gradle.api.internal.artifacts.query.DefaultArtifactResolutionQuery::validateComponentIdentifier (78 bytes)
Event: 304.533 Thread 0x000000001c0d17f0 nmethod 23354 0x0000000006739090 code [0x0000000006739360, 0x000000000673a048]
Event: 304.533 Thread 0x000000001c0d17f0 23355       2       org.gradle.api.internal.artifacts.query.DefaultArtifactResolutionQuery::buildComponentResult (108 bytes)
Event: 304.534 Thread 0x000000001c0d17f0 nmethod 23355 0x00000000062d6390 code [0x00000000062d6600, 0x00000000062d6db8]
Event: 304.534 Thread 0x000000001c0d17f0 23356       2       org.gradle.api.internal.artifacts.result.DefaultComponentArtifactsResult::<init> (21 bytes)
Event: 304.535 Thread 0x000000001c0d17f0 nmethod 23356 0x000000000615f490 code [0x000000000615f660, 0x000000000615f8c8]
Event: 304.535 Thread 0x000000001c0d17f0 23357       2       org.gradle.internal.component.external.model.DefaultModuleComponentIdentifier::getDisplayName (87 bytes)
Event: 304.536 Thread 0x000000001c0d17f0 nmethod 23357 0x0000000006a78390 code [0x0000000006a785c0, 0x0000000006a78978]
Event: 304.536 Thread 0x000000001c0d17f0 23358       2       org.gradle.internal.resolve.result.DefaultBuildableArtifactResolveResult::getResult (8 bytes)
Event: 304.536 Thread 0x000000001c0d17f0 nmethod 23358 0x0000000006499090 code [0x0000000006499240, 0x00000000064994a8]
Event: 304.537 Thread 0x000000001c0d17f0 23359       2       org.gradle.api.internal.artifacts.ivyservice.ivyresolve.ResolveIvyFactory::verifiedArtifact (11 bytes)
Event: 304.537 Thread 0x000000001c0d17f0 nmethod 23359 0x0000000006426610 code [0x00000000064267a0, 0x00000000064268d8]
Event: 304.537 Thread 0x000000001c0d17f0 23360       2       org.gradle.api.internal.artifacts.result.DefaultComponentArtifactsResult::addArtifact (12 bytes)
Event: 304.537 Thread 0x000000001c0d17f0 nmethod 23360 0x0000000006493d10 code [0x0000000006493ea0, 0x0000000006493fc8]
Event: 304.537 Thread 0x000000001c0d17f0 23361       2       org.gradle.internal.resolve.ResolveExceptionAnalyzer::hasCriticalFailure (40 bytes)
Event: 304.538 Thread 0x000000001c0d17f0 nmethod 23361 0x000000000623a090 code [0x000000000623a280, 0x000000000623a628]

GC Heap History (20 events):
Event: 218.685 GC heap before
{Heap before GC invocations=179 (full 0):
 garbage-first heap   total 346112K, used 304085K [0x0000000080000000, 0x0000000100000000)
  region size 1024K, 75 young (76800K), 12 survivors (12288K)
 Metaspace       used 172402K, committed 173376K, reserved 1204224K
  class space    used 22022K, committed 22464K, reserved 1048576K
}
Event: 218.722 GC heap after
{Heap after GC invocations=180 (full 0):
 garbage-first heap   total 346112K, used 241578K [0x0000000080000000, 0x0000000100000000)
  region size 1024K, 3 young (3072K), 3 survivors (3072K)
 Metaspace       used 172402K, committed 173376K, reserved 1204224K
  class space    used 22022K, committed 22464K, reserved 1048576K
}
Event: 227.167 GC heap before
{Heap before GC invocations=180 (full 0):
 garbage-first heap   total 346112K, used 299946K [0x0000000080000000, 0x0000000100000000)
  region size 1024K, 60 young (61440K), 3 survivors (3072K)
 Metaspace       used 172411K, committed 173376K, reserved 1204224K
  class space    used 22022K, committed 22464K, reserved 1048576K
}
Event: 227.179 GC heap after
{Heap after GC invocations=181 (full 0):
 garbage-first heap   total 346112K, used 241424K [0x0000000080000000, 0x0000000100000000)
  region size 1024K, 3 young (3072K), 3 survivors (3072K)
 Metaspace       used 172411K, committed 173376K, reserved 1204224K
  class space    used 22022K, committed 22464K, reserved 1048576K
}
Event: 236.065 GC heap before
{Heap before GC invocations=181 (full 0):
 garbage-first heap   total 346112K, used 301840K [0x0000000080000000, 0x0000000100000000)
  region size 1024K, 62 young (63488K), 3 survivors (3072K)
 Metaspace       used 172411K, committed 173376K, reserved 1204224K
  class space    used 22022K, committed 22464K, reserved 1048576K
}
Event: 236.072 GC heap after
{Heap after GC invocations=182 (full 0):
 garbage-first heap   total 346112K, used 241286K [0x0000000080000000, 0x0000000100000000)
  region size 1024K, 3 young (3072K), 3 survivors (3072K)
 Metaspace       used 172411K, committed 173376K, reserved 1204224K
  class space    used 22022K, committed 22464K, reserved 1048576K
}
Event: 246.708 GC heap before
{Heap before GC invocations=182 (full 0):
 garbage-first heap   total 346112K, used 302726K [0x0000000080000000, 0x0000000100000000)
  region size 1024K, 63 young (64512K), 3 survivors (3072K)
 Metaspace       used 172411K, committed 173376K, reserved 1204224K
  class space    used 22022K, committed 22464K, reserved 1048576K
}
Event: 246.715 GC heap after
{Heap after GC invocations=183 (full 0):
 garbage-first heap   total 346112K, used 241203K [0x0000000080000000, 0x0000000100000000)
  region size 1024K, 3 young (3072K), 3 survivors (3072K)
 Metaspace       used 172411K, committed 173376K, reserved 1204224K
  class space    used 22022K, committed 22464K, reserved 1048576K
}
Event: 257.115 GC heap before
{Heap before GC invocations=183 (full 0):
 garbage-first heap   total 346112K, used 304691K [0x0000000080000000, 0x0000000100000000)
  region size 1024K, 65 young (66560K), 3 survivors (3072K)
 Metaspace       used 172414K, committed 173376K, reserved 1204224K
  class space    used 22022K, committed 22464K, reserved 1048576K
}
Event: 257.122 GC heap after
{Heap after GC invocations=184 (full 0):
 garbage-first heap   total 346112K, used 241183K [0x0000000080000000, 0x0000000100000000)
  region size 1024K, 3 young (3072K), 3 survivors (3072K)
 Metaspace       used 172414K, committed 173376K, reserved 1204224K
  class space    used 22022K, committed 22464K, reserved 1048576K
}
Event: 268.832 GC heap before
{Heap before GC invocations=184 (full 0):
 garbage-first heap   total 346112K, used 305695K [0x0000000080000000, 0x0000000100000000)
  region size 1024K, 66 young (67584K), 3 survivors (3072K)
 Metaspace       used 172424K, committed 173376K, reserved 1204224K
  class space    used 22022K, committed 22464K, reserved 1048576K
}
Event: 268.841 GC heap after
{Heap after GC invocations=185 (full 0):
 garbage-first heap   total 346112K, used 241177K [0x0000000080000000, 0x0000000100000000)
  region size 1024K, 3 young (3072K), 3 survivors (3072K)
 Metaspace       used 172424K, committed 173376K, reserved 1204224K
  class space    used 22022K, committed 22464K, reserved 1048576K
}
Event: 282.444 GC heap before
{Heap before GC invocations=185 (full 0):
 garbage-first heap   total 346112K, used 306713K [0x0000000080000000, 0x0000000100000000)
  region size 1024K, 67 young (68608K), 3 survivors (3072K)
 Metaspace       used 172427K, committed 173376K, reserved 1204224K
  class space    used 22022K, committed 22464K, reserved 1048576K
}
Event: 282.458 GC heap after
{Heap after GC invocations=186 (full 0):
 garbage-first heap   total 346112K, used 236058K [0x0000000080000000, 0x0000000100000000)
  region size 1024K, 4 young (4096K), 4 survivors (4096K)
 Metaspace       used 172427K, committed 173376K, reserved 1204224K
  class space    used 22022K, committed 22464K, reserved 1048576K
}
Event: 293.850 GC heap before
{Heap before GC invocations=186 (full 0):
 garbage-first heap   total 346112K, used 304666K [0x0000000080000000, 0x0000000100000000)
  region size 1024K, 72 young (73728K), 4 survivors (4096K)
 Metaspace       used 172428K, committed 173376K, reserved 1204224K
  class space    used 22022K, committed 22464K, reserved 1048576K
}
Event: 293.878 GC heap after
{Heap after GC invocations=187 (full 0):
 garbage-first heap   total 346112K, used 240554K [0x0000000080000000, 0x0000000100000000)
  region size 1024K, 8 young (8192K), 8 survivors (8192K)
 Metaspace       used 172428K, committed 173376K, reserved 1204224K
  class space    used 22022K, committed 22464K, reserved 1048576K
}
Event: 299.666 GC heap before
{Heap before GC invocations=187 (full 0):
 garbage-first heap   total 346112K, used 303018K [0x0000000080000000, 0x0000000100000000)
  region size 1024K, 69 young (70656K), 8 survivors (8192K)
 Metaspace       used 172428K, committed 173376K, reserved 1204224K
  class space    used 22022K, committed 22464K, reserved 1048576K
}
Event: 299.697 GC heap after
{Heap after GC invocations=188 (full 0):
 garbage-first heap   total 346112K, used 245464K [0x0000000080000000, 0x0000000100000000)
  region size 1024K, 5 young (5120K), 5 survivors (5120K)
 Metaspace       used 172428K, committed 173376K, reserved 1204224K
  class space    used 22022K, committed 22464K, reserved 1048576K
}
Event: 303.985 GC heap before
{Heap before GC invocations=188 (full 0):
 garbage-first heap   total 346112K, used 301784K [0x0000000080000000, 0x0000000100000000)
  region size 1024K, 60 young (61440K), 5 survivors (5120K)
 Metaspace       used 172428K, committed 173376K, reserved 1204224K
  class space    used 22022K, committed 22464K, reserved 1048576K
}
Event: 304.015 GC heap after
{Heap after GC invocations=189 (full 0):
 garbage-first heap   total 346112K, used 249855K [0x0000000080000000, 0x0000000100000000)
  region size 1024K, 5 young (5120K), 5 survivors (5120K)
 Metaspace       used 172428K, committed 173376K, reserved 1204224K
  class space    used 22022K, committed 22464K, reserved 1048576K
}

Dll operation events (3 events):
Event: 0.051 Loaded shared library C:\Program Files\Android\Android Studio\jbr\bin\java.dll
Event: 0.539 Loaded shared library C:\Program Files\Android\Android Studio\jbr\bin\zip.dll
Event: 1.490 Loaded shared library C:\Program Files\Android\Android Studio\jbr\bin\verify.dll

Deoptimization events (20 events):
Event: 304.474 Thread 0x000000001f088760 Uncommon trap: trap_request=0xffffffde fr.pc=0x000000000e4d8198 relative=0x0000000000003a18
Event: 304.474 Thread 0x000000001f088760 Uncommon trap: reason=class_check action=maybe_recompile pc=0x000000000e4d8198 method=java.io.ObjectOutputStream.writeObject0(Ljava/lang/Object;Z)V @ 240 c2
Event: 304.474 Thread 0x000000001f088760 DEOPT PACKING pc=0x000000000e4d8198 sp=0x00000000221fe2c0
Event: 304.474 Thread 0x000000001f088760 DEOPT UNPACKING pc=0x000000000d4f699d sp=0x00000000221fe288 mode 2
Event: 304.478 Thread 0x000000001f088760 Uncommon trap: trap_request=0xffffff45 fr.pc=0x000000000e4c9f90 relative=0x0000000000001390
Event: 304.479 Thread 0x000000001f088760 Uncommon trap: reason=unstable_if action=reinterpret pc=0x000000000e4c9f90 method=java.io.ObjectStreamClass$FieldReflector.getPrimFieldValues(Ljava/lang/Object;[B)V @ 44 c2
Event: 304.479 Thread 0x000000001f088760 DEOPT PACKING pc=0x000000000e4c9f90 sp=0x00000000221fdef0
Event: 304.479 Thread 0x000000001f088760 DEOPT UNPACKING pc=0x000000000d4f699d sp=0x00000000221fddc8 mode 2
Event: 304.479 Thread 0x000000001f088760 Uncommon trap: trap_request=0xffffffde fr.pc=0x000000000e066978 relative=0x0000000000000178
Event: 304.479 Thread 0x000000001f088760 Uncommon trap: reason=class_check action=maybe_recompile pc=0x000000000e066978 method=java.lang.String.equals(Ljava/lang/Object;)Z @ 8 c2
Event: 304.479 Thread 0x000000001f088760 DEOPT PACKING pc=0x000000000e066978 sp=0x00000000221fdc60
Event: 304.479 Thread 0x000000001f088760 DEOPT UNPACKING pc=0x000000000d4f699d sp=0x00000000221fdbe8 mode 2
Event: 304.479 Thread 0x000000001f088760 Uncommon trap: trap_request=0xffffffde fr.pc=0x000000000e066978 relative=0x0000000000000178
Event: 304.479 Thread 0x000000001f088760 Uncommon trap: reason=class_check action=maybe_recompile pc=0x000000000e066978 method=java.lang.String.equals(Ljava/lang/Object;)Z @ 8 c2
Event: 304.479 Thread 0x000000001f088760 DEOPT PACKING pc=0x000000000e066978 sp=0x00000000221fdc60
Event: 304.479 Thread 0x000000001f088760 DEOPT UNPACKING pc=0x000000000d4f699d sp=0x00000000221fdbe8 mode 2
Event: 304.479 Thread 0x000000001f088760 Uncommon trap: trap_request=0xffffffde fr.pc=0x000000000e066978 relative=0x0000000000000178
Event: 304.479 Thread 0x000000001f088760 Uncommon trap: reason=class_check action=maybe_recompile pc=0x000000000e066978 method=java.lang.String.equals(Ljava/lang/Object;)Z @ 8 c2
Event: 304.479 Thread 0x000000001f088760 DEOPT PACKING pc=0x000000000e066978 sp=0x00000000221fdc60
Event: 304.479 Thread 0x000000001f088760 DEOPT UNPACKING pc=0x000000000d4f699d sp=0x00000000221fdbe8 mode 2

Classes unloaded (0 events):
No events

Classes redefined (0 events):
No events

Internal exceptions (20 events):
Event: 190.316 Thread 0x000000001f086a80 Exception <a 'java/lang/ClassNotFoundException'{0x00000000943e5390}: org/gradle/internal/classpath/DefaultClassPathBeanInfo> (0x00000000943e5390) 
thrown [s\src\hotspot\share\classfile\systemDictionary.cpp, line 256]
Event: 190.316 Thread 0x000000001f086a80 Exception <a 'java/lang/ClassNotFoundException'{0x00000000943ed630}: org/gradle/internal/classpath/DefaultClassPathCustomizer> (0x00000000943ed630) 
thrown [s\src\hotspot\share\classfile\systemDictionary.cpp, line 256]
Event: 190.343 Thread 0x000000001f086a80 Exception <a 'java/lang/ClassNotFoundException'{0x0000000094107550}: org/gradle/internal/classpath/DefaultClassPath$ImmutableUniqueListBeanInfo> (0x0000000094107550) 
thrown [s\src\hotspot\share\classfile\systemDictionary.cpp, line 256]
Event: 190.343 Thread 0x000000001f086a80 Exception <a 'java/lang/ClassNotFoundException'{0x000000009410bb90}: java/util/AbstractListBeanInfo> (0x000000009410bb90) 
thrown [s\src\hotspot\share\classfile\systemDictionary.cpp, line 256]
Event: 190.344 Thread 0x000000001f086a80 Exception <a 'java/lang/ClassNotFoundException'{0x00000000941101a8}: java/util/AbstractListCustomizer> (0x00000000941101a8) 
thrown [s\src\hotspot\share\classfile\systemDictionary.cpp, line 256]
Event: 190.345 Thread 0x000000001f086a80 Exception <a 'java/lang/ClassNotFoundException'{0x0000000094123bf0}: org/gradle/internal/classpath/DefaultClassPath$ImmutableUniqueListCustomizer> (0x0000000094123bf0) 
thrown [s\src\hotspot\share\classfile\systemDictionary.cpp, line 256]
Event: 190.366 Thread 0x000000001f086a80 Exception <a 'java/lang/ClassNotFoundException'{0x000000009416dea0}: org/jetbrains/plugins/gradle/model/DefaultDependencyAccessorsModelBeanInfo> (0x000000009416dea0) 
thrown [s\src\hotspot\share\classfile\systemDictionary.cpp, line 256]
Event: 190.367 Thread 0x000000001f086a80 Exception <a 'java/lang/ClassNotFoundException'{0x0000000094176420}: org/jetbrains/plugins/gradle/model/DefaultDependencyAccessorsModelCustomizer> (0x0000000094176420) 
thrown [s\src\hotspot\share\classfile\systemDictionary.cpp, line 256]
Event: 190.385 Thread 0x0000000025921370 Exception <a 'java/lang/NoSuchMethodError'{0x00000000947eb620}: static Lorg/jetbrains/plugins/gradle/tooling/internal/VersionCatalogsModelImpl;.<clinit>()V> (0x00000000947eb620) 
thrown [s\src\hotspot\share\prims\jni.cpp, line 1108]
Event: 190.429 Thread 0x000000001f086a80 Exception <a 'java/lang/ClassNotFoundException'{0x0000000093e85040}: org/gradle/api/internal/tasks/DefaultSourceSetContainer_DecoratedBeanInfo> (0x0000000093e85040) 
thrown [s\src\hotspot\share\classfile\systemDictionary.cpp, line 256]
Event: 190.430 Thread 0x000000001f086a80 Exception <a 'java/lang/ClassNotFoundException'{0x0000000093e8f410}: org/gradle/api/internal/tasks/DefaultSourceSetContainerBeanInfo> (0x0000000093e8f410) 
thrown [s\src\hotspot\share\classfile\systemDictionary.cpp, line 256]
Event: 190.431 Thread 0x000000001f086a80 Exception <a 'java/lang/ClassNotFoundException'{0x0000000093e99800}: org/gradle/api/internal/tasks/DefaultSourceSetContainerCustomizer> (0x0000000093e99800) 
thrown [s\src\hotspot\share\classfile\systemDictionary.cpp, line 256]
Event: 190.432 Thread 0x000000001f086a80 Exception <a 'java/lang/ClassNotFoundException'{0x0000000093eaf978}: org/gradle/api/internal/tasks/DefaultSourceSetContainer_DecoratedCustomizer> (0x0000000093eaf978) 
thrown [s\src\hotspot\share\classfile\systemDictionary.cpp, line 256]
Event: 218.180 Thread 0x000000001f086a80 Exception <a 'java/lang/NoSuchMethodError'{0x00000000917c4498}: 'java.lang.Object java.lang.invoke.DirectMethodHandle$Holder.invokeSpecialIFC(java.lang.Object, java.lang.Object, java.lang.Object)'> (0x00000000917c4498) 
thrown [s\src\hotspot\share\interpreter\linkResolver.cpp, line 771]
Event: 304.309 Thread 0x000000001f086a80 Exception <a 'sun/nio/fs/WindowsException'{0x0000000094c377e0}> (0x0000000094c377e0) 
thrown [s\src\hotspot\share\prims\jni.cpp, line 517]
Event: 304.473 Thread 0x000000001f088760 Exception <a 'java/lang/NoSuchMethodError'{0x0000000094aee418}: static Lorg/gradle/internal/operations/MultipleBuildOperationFailures;.<clinit>()V> (0x0000000094aee418) 
thrown [s\src\hotspot\share\prims\jni.cpp, line 1108]
Event: 304.474 Thread 0x000000001f088760 Exception <a 'java/lang/NoSuchMethodError'{0x0000000094af0b10}: static Lorg/gradle/internal/exceptions/DefaultMultiCauseException;.<clinit>()V> (0x0000000094af0b10) 
thrown [s\src\hotspot\share\prims\jni.cpp, line 1108]
Event: 304.474 Thread 0x000000001f088760 Exception <a 'java/lang/NoSuchMethodError'{0x0000000094af4dd0}: static Lorg/gradle/api/GradleException;.<clinit>()V> (0x0000000094af4dd0) 
thrown [s\src\hotspot\share\prims\jni.cpp, line 1108]
Event: 304.474 Thread 0x000000001f088760 Exception <a 'java/lang/NoSuchMethodError'{0x0000000094af6ae8}: static [Ljava/lang/StackTraceElement;.<clinit>()V> (0x0000000094af6ae8) 
thrown [s\src\hotspot\share\prims\jni.cpp, line 1108]
Event: 304.506 Thread 0x000000001f088760 Exception <a 'java/lang/NoSuchMethodError'{0x000000009493bf28}: static Lorg/gradle/internal/execution/OutputSnapshotter$OutputFileSnapshottingException;.<clinit>()V> (0x000000009493bf28) 
thrown [s\src\hotspot\share\prims\jni.cpp, line 1108]

VM Operations (20 events):
Event: 293.850 Executing VM operation: G1CollectForAllocation
Event: 293.878 Executing VM operation: G1CollectForAllocation done
Event: 297.901 Executing VM operation: Cleanup
Event: 297.901 Executing VM operation: Cleanup done
Event: 298.912 Executing VM operation: Cleanup
Event: 298.912 Executing VM operation: Cleanup done
Event: 299.666 Executing VM operation: G1CollectForAllocation
Event: 299.697 Executing VM operation: G1CollectForAllocation done
Event: 300.702 Executing VM operation: Cleanup
Event: 300.702 Executing VM operation: Cleanup done
Event: 302.721 Executing VM operation: Cleanup
Event: 302.722 Executing VM operation: Cleanup done
Event: 303.724 Executing VM operation: Cleanup
Event: 303.724 Executing VM operation: Cleanup done
Event: 303.985 Executing VM operation: G1CollectForAllocation
Event: 304.015 Executing VM operation: G1CollectForAllocation done
Event: 304.315 Executing VM operation: HandshakeAllThreads
Event: 304.316 Executing VM operation: HandshakeAllThreads done
Event: 304.331 Executing VM operation: HandshakeAllThreads
Event: 304.331 Executing VM operation: HandshakeAllThreads done

Events (20 events):
Event: 281.139 Thread 0x000000001c0db4a0 flushing nmethod 0x0000000008466710
Event: 281.139 Thread 0x000000001c0db4a0 flushing nmethod 0x0000000008466f10
Event: 281.139 Thread 0x000000001c0db4a0 flushing nmethod 0x0000000008467990
Event: 281.139 Thread 0x000000001c0db4a0 flushing nmethod 0x000000000848ff10
Event: 281.139 Thread 0x000000001c0db4a0 flushing nmethod 0x00000000084a0010
Event: 281.139 Thread 0x000000001c0db4a0 flushing nmethod 0x00000000084a1b90
Event: 281.139 Thread 0x000000001c0db4a0 flushing nmethod 0x00000000084a2010
Event: 281.139 Thread 0x000000001c0db4a0 flushing nmethod 0x00000000084a2490
Event: 281.139 Thread 0x000000001c0db4a0 flushing nmethod 0x00000000084a6010
Event: 281.139 Thread 0x000000001c0db4a0 flushing nmethod 0x00000000084a7c10
Event: 281.139 Thread 0x000000001c0db4a0 flushing nmethod 0x00000000084a8b10
Event: 281.139 Thread 0x000000001c0db4a0 flushing nmethod 0x00000000084aa890
Event: 281.139 Thread 0x000000001c0db4a0 flushing nmethod 0x00000000084abd10
Event: 304.317 loading class java/nio/file/FileSystemLoopException
Event: 304.319 loading class java/nio/file/FileSystemLoopException done
Event: 304.361 loading class java/lang/Throwable$WrappedPrintWriter
Event: 304.362 loading class java/lang/Throwable$PrintStreamOrWriter
Event: 304.362 loading class java/lang/Throwable$PrintStreamOrWriter done
Event: 304.362 loading class java/lang/Throwable$WrappedPrintWriter done
Event: 304.516 loading class java/util/Collections$EmptyListIterator


Dynamic libraries:
0x00007ff718870000 - 0x00007ff71887a000 	C:\Program Files\Android\Android Studio\jbr\bin\java.exe
0x00007ff94b9f0000 - 0x00007ff94bc07000 	C:\Windows\SYSTEM32\ntdll.dll
0x00007ff94a580000 - 0x00007ff94a644000 	C:\Windows\System32\KERNEL32.DLL
0x00007ff948ca0000 - 0x00007ff949070000 	C:\Windows\System32\KERNELBASE.dll
0x00007ff949280000 - 0x00007ff949391000 	C:\Windows\System32\ucrtbase.dll
0x00007ff9123c0000 - 0x00007ff9123db000 	C:\Program Files\Android\Android Studio\jbr\bin\VCRUNTIME140.dll
0x00007ff90e020000 - 0x00007ff90e037000 	C:\Program Files\Android\Android Studio\jbr\bin\jli.dll
0x00007ff94b790000 - 0x00007ff94b93e000 	C:\Windows\System32\USER32.dll
0x00007ff949130000 - 0x00007ff949156000 	C:\Windows\System32\win32u.dll
0x00007ff9498b0000 - 0x00007ff9498d9000 	C:\Windows\System32\GDI32.dll
0x00007ff9493a0000 - 0x00007ff9494bb000 	C:\Windows\System32\gdi32full.dll
0x00007ff9491e0000 - 0x00007ff94927a000 	C:\Windows\System32\msvcp_win.dll
0x00007ff926a30000 - 0x00007ff926cc2000 	C:\Windows\WinSxS\amd64_microsoft.windows.common-controls_6595b64144ccf1df_6.0.22621.4830_none_270fe7d773858e80\COMCTL32.dll
0x00007ff949b00000 - 0x00007ff949ba7000 	C:\Windows\System32\msvcrt.dll
0x00007ff94b750000 - 0x00007ff94b781000 	C:\Windows\System32\IMM32.DLL
0x00007ff936ff0000 - 0x00007ff936ffc000 	C:\Program Files\Android\Android Studio\jbr\bin\vcruntime140_1.dll
0x00007ff911910000 - 0x00007ff91199d000 	C:\Program Files\Android\Android Studio\jbr\bin\msvcp140.dll
0x00007ff8fec20000 - 0x00007ff8ff88e000 	C:\Program Files\Android\Android Studio\jbr\bin\server\jvm.dll
0x00007ff94a270000 - 0x00007ff94a321000 	C:\Windows\System32\ADVAPI32.dll
0x00007ff949a50000 - 0x00007ff949af7000 	C:\Windows\System32\sechost.dll
0x00007ff9494c0000 - 0x00007ff9494e8000 	C:\Windows\System32\bcrypt.dll
0x00007ff9496e0000 - 0x00007ff9497f4000 	C:\Windows\System32\RPCRT4.dll
0x00007ff9385c0000 - 0x00007ff9385ca000 	C:\Windows\SYSTEM32\VERSION.dll
0x00007ff90c710000 - 0x00007ff90c719000 	C:\Windows\SYSTEM32\WSOCK32.dll
0x00007ff942a70000 - 0x00007ff942aa4000 	C:\Windows\SYSTEM32\WINMM.dll
0x00007ff949d10000 - 0x00007ff949d81000 	C:\Windows\System32\WS2_32.dll
0x00007ff947ca0000 - 0x00007ff947cb8000 	C:\Windows\SYSTEM32\kernel.appcore.dll
0x00007ff9120b0000 - 0x00007ff9120ba000 	C:\Program Files\Android\Android Studio\jbr\bin\jimage.dll
0x00007ff946680000 - 0x00007ff9468b2000 	C:\Windows\SYSTEM32\DBGHELP.DLL
0x00007ff94a660000 - 0x00007ff94a9f0000 	C:\Windows\System32\combase.dll
0x00007ff94b430000 - 0x00007ff94b507000 	C:\Windows\System32\OLEAUT32.dll
0x00007ff9345e0000 - 0x00007ff934612000 	C:\Windows\SYSTEM32\dbgcore.DLL
0x00007ff949660000 - 0x00007ff9496db000 	C:\Windows\System32\bcryptPrimitives.dll
0x00007ff90e040000 - 0x00007ff90e04e000 	C:\Program Files\Android\Android Studio\jbr\bin\instrument.dll
0x00007ff911480000 - 0x00007ff9114a5000 	C:\Program Files\Android\Android Studio\jbr\bin\java.dll
0x00007ff911460000 - 0x00007ff911478000 	C:\Program Files\Android\Android Studio\jbr\bin\zip.dll
0x00007ff94ab80000 - 0x00007ff94b3f8000 	C:\Windows\System32\SHELL32.dll
0x00007ff946ba0000 - 0x00007ff9474b0000 	C:\Windows\SYSTEM32\windows.storage.dll
0x00007ff946a60000 - 0x00007ff946b9f000 	C:\Windows\SYSTEM32\wintypes.dll
0x00007ff949940000 - 0x00007ff949a4a000 	C:\Windows\System32\SHCORE.dll
0x00007ff94a210000 - 0x00007ff94a26e000 	C:\Windows\System32\shlwapi.dll
0x00007ff948bd0000 - 0x00007ff948bfb000 	C:\Windows\SYSTEM32\profapi.dll
0x00007ff9112e0000 - 0x00007ff9112f9000 	C:\Program Files\Android\Android Studio\jbr\bin\net.dll
0x00007ff942660000 - 0x00007ff94278c000 	C:\Windows\SYSTEM32\WINHTTP.dll
0x00007ff948120000 - 0x00007ff94818a000 	C:\Windows\system32\mswsock.dll
0x00007ff910d90000 - 0x00007ff910da6000 	C:\Program Files\Android\Android Studio\jbr\bin\nio.dll
0x00007ff911350000 - 0x00007ff911360000 	C:\Program Files\Android\Android Studio\jbr\bin\verify.dll
0x00007ff90e090000 - 0x00007ff90e0b7000 	C:\Program Files\Android\Android Studio\jbr\native\c067742578af261105cb4f569cf0c3c89f3d7b1fecec35dd04571415982c5e48\windows-amd64\native-platform.dll
0x00007ff904440000 - 0x00007ff904584000 	C:\Program Files\Android\Android Studio\jbr\native\38dada09dfb8b06ba9b0570ebf7e218e3eb74d4ef43ca46872605cf95ebc2f47\windows-amd64\native-platform-file-events.dll
0x00007ff918290000 - 0x00007ff918299000 	C:\Program Files\Android\Android Studio\jbr\bin\management.dll
0x00007ff9113d0000 - 0x00007ff9113db000 	C:\Program Files\Android\Android Studio\jbr\bin\management_ext.dll
0x00007ff94a650000 - 0x00007ff94a658000 	C:\Windows\System32\PSAPI.DLL
0x00007ff948330000 - 0x00007ff94834b000 	C:\Windows\SYSTEM32\CRYPTSP.dll
0x00007ff947c00000 - 0x00007ff947c35000 	C:\Windows\system32\rsaenh.dll
0x00007ff9481c0000 - 0x00007ff9481e8000 	C:\Windows\SYSTEM32\USERENV.dll
0x00007ff948320000 - 0x00007ff94832c000 	C:\Windows\SYSTEM32\CRYPTBASE.dll
0x00007ff947750000 - 0x00007ff94777d000 	C:\Windows\SYSTEM32\IPHLPAPI.DLL
0x00007ff94b510000 - 0x00007ff94b519000 	C:\Windows\System32\NSI.dll
0x00007ff942450000 - 0x00007ff942469000 	C:\Windows\SYSTEM32\dhcpcsvc6.DLL
0x00007ff942430000 - 0x00007ff94244f000 	C:\Windows\SYSTEM32\dhcpcsvc.DLL
0x00007ff9477d0000 - 0x00007ff9478d2000 	C:\Windows\SYSTEM32\DNSAPI.dll
0x00007ff91ed20000 - 0x00007ff91ed28000 	C:\Windows\system32\wshunix.dll
0x00007ff93acb0000 - 0x00007ff93acba000 	C:\Windows\System32\rasadhlp.dll
0x00007ff93f450000 - 0x00007ff93f4d3000 	C:\Windows\System32\fwpuclnt.dll

dbghelp: loaded successfully - version: 4.0.5 - missing functions: none
symbol engine: initialized successfully - sym options: 0x614 - pdb path: .;C:\Program Files\Android\Android Studio\jbr\bin;C:\Windows\SYSTEM32;C:\Windows\WinSxS\amd64_microsoft.windows.common-controls_6595b64144ccf1df_6.0.22621.4830_none_270fe7d773858e80;C:\Program Files\Android\Android Studio\jbr\bin\server;C:\Program Files\Android\Android Studio\jbr\native\c067742578af261105cb4f569cf0c3c89f3d7b1fecec35dd04571415982c5e48\windows-amd64;C:\Program Files\Android\Android Studio\jbr\native\38dada09dfb8b06ba9b0570ebf7e218e3eb74d4ef43ca46872605cf95ebc2f47\windows-amd64

VM Arguments:
jvm_args: --add-opens=java.base/java.util=ALL-UNNAMED --add-opens=java.base/java.lang=ALL-UNNAMED --add-opens=java.base/java.lang.invoke=ALL-UNNAMED --add-opens=java.prefs/java.util.prefs=ALL-UNNAMED --add-opens=java.base/java.nio.charset=ALL-UNNAMED --add-opens=java.base/java.net=ALL-UNNAMED --add-opens=java.base/java.util.concurrent.atomic=ALL-UNNAMED -Xmx2048m -Dfile.encoding=UTF-8 -Duser.country=US -Duser.language=en -Duser.variant -javaagent:C:\Program Files\Android\Android Studio\jbr\wrapper\dists\gradle-8.6-bin\afr5mpiioh2wthjmwnkmdsd5w\gradle-8.6\lib\agents\gradle-instrumentation-agent-8.6.jar 
java_command: org.gradle.launcher.daemon.bootstrap.GradleDaemon 8.6
java_class_path (initial): C:\Program Files\Android\Android Studio\jbr\wrapper\dists\gradle-8.6-bin\afr5mpiioh2wthjmwnkmdsd5w\gradle-8.6\lib\gradle-launcher-8.6.jar
Launcher Type: SUN_STANDARD

[Global flags]
     intx CICompilerCount                          = 2                                         {product} {ergonomic}
     uint ConcGCThreads                            = 1                                         {product} {ergonomic}
     uint G1ConcRefinementThreads                  = 2                                         {product} {ergonomic}
   size_t G1HeapRegionSize                         = 1048576                                   {product} {ergonomic}
    uintx GCDrainStackTargetSize                   = 64                                        {product} {ergonomic}
   size_t InitialHeapSize                          = 62914560                                  {product} {ergonomic}
   size_t MarkStackSize                            = 4194304                                   {product} {ergonomic}
   size_t MaxHeapSize                              = 2147483648                                {product} {command line}
   size_t MaxNewSize                               = 1287651328                                {product} {ergonomic}
   size_t MinHeapDeltaBytes                        = 1048576                                   {product} {ergonomic}
   size_t MinHeapSize                              = 8388608                                   {product} {ergonomic}
    uintx NonNMethodCodeHeapSize                   = 5826188                                {pd product} {ergonomic}
    uintx NonProfiledCodeHeapSize                  = 122916026                              {pd product} {ergonomic}
    uintx ProfiledCodeHeapSize                     = 122916026                              {pd product} {ergonomic}
    uintx ReservedCodeCacheSize                    = 251658240                              {pd product} {ergonomic}
     bool SegmentedCodeCache                       = true                                      {product} {ergonomic}
   size_t SoftMaxHeapSize                          = 2147483648                             {manageable} {ergonomic}
     bool UseCompressedClassPointers               = true                           {product lp64_product} {ergonomic}
     bool UseCompressedOops                        = true                           {product lp64_product} {ergonomic}
     bool UseG1GC                                  = true                                      {product} {ergonomic}
     bool UseLargePagesIndividualAllocation        = false                                  {pd product} {ergonomic}

Logging:
Log output configuration:
 #0: stdout all=warning uptime,level,tags
 #1: stderr all=off uptime,level,tags

Environment Variables:
JAVA_HOME=C:\Program Files\Java\jdk-23
PATH=C:\Program Files (x86)\Common Files\Oracle\Java\java8path;C:\Program Files (x86)\Common Files\Oracle\Java\javapath;C:\Python312\Scripts\;C:\Python312\;C:\Windows\system32;C:\Windows;C:\Windows\System32\Wbem;C:\Windows\System32\WindowsPowerShell\v1.0\;C:\Windows\System32\OpenSSH\;C:\Program Files\dotnet\;C:\Program Files\Microsoft VS Code\bin;C:\Program Files\Git\cmd;C:\ProgramData\chocolatey\bin;C:\Program Files\Android\Android Studio\jbr\bin;C:\Program Files\Java\jdk-23\bin;C:\cygwin64\bin;C:\Program Files\nodejs\;C:\Program Files\usbipd-win\;C:\xampp\php;C:\ProgramData\ComposerSetup\bin;C:\Users\Admin\AppData\Local\Microsoft\WindowsApps;C:\Users\Admin\AppData\Local\Programs\Microsoft VS Code\bin;C:\Users\Admin\AppData\Local\spicetify;C:\Users\Admin\AppData\Roaming\npm;C:\Program Files\PostgreSQL\17\bin;C:\Users\Admin\AppData\Roaming\Composer\vendor\bin;C:\adb;C:\xampp\mysql\bin;C:\Users\Admin\AppData\Roaming\Python\Python312\Scripts
USERNAME=Admin
OS=Windows_NT
PROCESSOR_IDENTIFIER=Intel64 Family 6 Model 122 Stepping 8, GenuineIntel
TMP=C:\Users\Admin\AppData\Local\Temp
TEMP=C:\Users\Admin\AppData\Local\Temp


JNI global refs:
JNI global refs: 25, weak refs: 1

JNI global refs memory usage: 843, weak refs: 841


---------------  S Y S T E M  ---------------

OS:
 Windows 11 , 64 bit Build 22621 (10.0.22621.4830)
OS uptime: 0 days 3:31 hours
Hyper-V role detected

CPU: total 2 (initial active 2) (2 cores per cpu, 1 threads per core) family 6 model 122 stepping 8 microcode 0x20, cx8, cmov, fxsr, mmx, 3dnowpref, sse, sse2, sse3, ssse3, sse4.1, sse4.2, popcnt, tsc, tscinvbit, aes, erms, clmul, sha, clflush, clflushopt, hv

Memory: 4k page, system-wide physical 3737M (69M free)
TotalPageFile size 9881M (AvailPageFile size 0M)
current process WorkingSet (physical memory assigned to process): 399M, peak: 603M
current process commit charge ("private bytes"): 738M, peak: 741M

vm_info: OpenJDK 64-Bit Server VM (17.0.6+0-b2043.56-10027231) for windows-amd64 JRE (17.0.6+0-b2043.56-10027231), built on Apr 28 2023 00:43:19 by "androidbuild" with MS VC++ 16.10 / 16.11 (VS2019)

END.
