#
# There is insufficient memory for the Java Runtime Environment to continue.
# Native memory allocation (mmap) failed to map 627048448 bytes for G1 virtual space
# Possible reasons:
#   The system is out of physical RAM or swap space
#   The process is running with CompressedOops enabled, and the Java Heap may be blocking the growth of the native heap
# Possible solutions:
#   Reduce memory load on the system
#   Increase physical memory or swap space
#   Check if swap backing store is full
#   Decrease Java heap size (-Xmx/-Xms)
#   Decrease number of Java threads
#   Decrease Java thread stack sizes (-Xss)
#   Set larger code cache with -XX:ReservedCodeCacheSize=
#   JVM is running with Unscaled Compressed Oops mode in which the Java heap is
#     placed in the first 4GB address space. The Java Heap base address is the
#     maximum limit for the native heap growth. Please use -XX:HeapBaseMinAddress
#     to set the Java Heap base and to place the Java Heap above 4GB virtual address.
# This output file may be truncated or incomplete.
#
#  Out of Memory Error (os_windows.cpp:3769), pid=4448, tid=2528
#
# JRE version: OpenJDK Runtime Environment (17.0.6) (build 17.0.6+0-b2043.56-10027231)
# Java VM: OpenJDK 64-Bit Server VM (17.0.6+0-b2043.56-10027231, mixed mode, tiered, compressed oops, compressed class ptrs, g1 gc, windows-amd64)
# No core dump will be written. Minidumps are not enabled by default on client versions of Windows
#

---------------  S U M M A R Y ------------

Command Line: --add-opens=java.base/java.util=ALL-UNNAMED --add-opens=java.base/java.lang=ALL-UNNAMED --add-opens=java.base/java.lang.invoke=ALL-UNNAMED --add-opens=java.prefs/java.util.prefs=ALL-UNNAMED --add-opens=java.base/java.nio.charset=ALL-UNNAMED --add-opens=java.base/java.net=ALL-UNNAMED --add-opens=java.base/java.util.concurrent.atomic=ALL-UNNAMED -Xmx2048m -Dfile.encoding=UTF-8 -Duser.country=US -Duser.language=en -Duser.variant -javaagent:C:\Program Files\Android\Android Studio\jbr\wrapper\dists\gradle-8.1.1-all\bs1rrjki8hh9bujwbsqnxtuzr\gradle-8.1.1\lib\agents\gradle-instrumentation-agent-8.1.1.jar org.gradle.launcher.daemon.bootstrap.GradleDaemon 8.1.1

Host: Intel(R) Celeron(R) N4020 CPU @ 1.10GHz, 2 cores, 3G,  Windows 11 , 64 bit Build 22621 (10.0.22621.5124)
Time: Sun Apr 27 21:26:03 2025 SE Asia Standard Time elapsed time: 4336.008762 seconds (0d 1h 12m 16s)

---------------  T H R E A D  ---------------

Current thread (0x000000001c0a3a20):  VMThread "VM Thread" [stack: 0x000000001c100000,0x000000001c200000] [id=2528]

Stack: [0x000000001c100000,0x000000001c200000]
Native frames: (J=compiled Java code, j=interpreted, Vv=VM code, C=native code)
V  [jvm.dll+0x683c9a]
V  [jvm.dll+0x8427a4]
V  [jvm.dll+0x843f9e]
V  [jvm.dll+0x844603]
V  [jvm.dll+0x249b75]
V  [jvm.dll+0x680b69]
V  [jvm.dll+0x67505a]
V  [jvm.dll+0x309acb]
V  [jvm.dll+0x310f86]
V  [jvm.dll+0x3608ee]
V  [jvm.dll+0x360b1f]
V  [jvm.dll+0x2dfbf8]
V  [jvm.dll+0x2ddec4]
V  [jvm.dll+0x2dd4cc]
V  [jvm.dll+0x321f3b]
V  [jvm.dll+0x848ccb]
V  [jvm.dll+0x849a04]
V  [jvm.dll+0x849f1d]
V  [jvm.dll+0x84a2f4]
V  [jvm.dll+0x84a3c0]
V  [jvm.dll+0x7f274a]
V  [jvm.dll+0x682ad5]
C  [ucrtbase.dll+0x29333]
C  [KERNEL32.DLL+0x1259d]
C  [ntdll.dll+0x5af38]

VM_Operation (0x00000000260f8ca0): G1CollectForAllocation, mode: safepoint, requested by thread 0x0000000026e28090


---------------  P R O C E S S  ---------------

Threads class SMR info:
_java_thread_list=0x000000002b451a10, length=53, elements={
0x0000000002b2c1a0, 0x000000001c0c9020, 0x000000001c0cc2a0, 0x000000001c0f6630,
0x000000001cd1a090, 0x000000001cd1c960, 0x000000001cd1d310, 0x000000001cd1dff0,
0x000000001cd20e90, 0x000000001cd55450, 0x000000001c033480, 0x000000001cfee630,
0x000000001fffe050, 0x000000001f905a20, 0x000000001f782990, 0x000000001f290c00,
0x000000001f28ef20, 0x000000001f28f3f0, 0x000000001f28f8c0, 0x000000001f28fd90,
0x000000001f2915a0, 0x000000001fe4a890, 0x000000001fe4ad60, 0x000000001fe48bb0,
0x000000001fe4bbd0, 0x000000001fe46530, 0x0000000020de0b50, 0x0000000020de36a0,
0x0000000020de2830, 0x0000000020de2360, 0x0000000020ddf810, 0x0000000020de6b90,
0x0000000020ddfce0, 0x0000000020de1e90, 0x0000000020de2d00, 0x0000000020de4510,
0x0000000020de31d0, 0x0000000020de49e0, 0x0000000026e2b580, 0x0000000026e2a710,
0x0000000026e2ba50, 0x0000000026e24ba0, 0x0000000026e263b0, 0x0000000026e25540,
0x0000000026e26880, 0x0000000026e27220, 0x0000000026e28090, 0x000000001fe4d8b0,
0x000000001fe46060, 0x000000001fe49a20, 0x000000001fe46a00, 0x000000001fe49ef0,
0x000000001fe47870
}

Java Threads: ( => current thread )
  0x0000000002b2c1a0 JavaThread "main" [_thread_blocked, id=3744, stack(0x00000000021e0000,0x00000000022e0000)]
  0x000000001c0c9020 JavaThread "Reference Handler" daemon [_thread_blocked, id=3220, stack(0x000000001c200000,0x000000001c300000)]
  0x000000001c0cc2a0 JavaThread "Finalizer" daemon [_thread_blocked, id=6764, stack(0x000000001c300000,0x000000001c400000)]
  0x000000001c0f6630 JavaThread "Signal Dispatcher" daemon [_thread_blocked, id=7068, stack(0x000000001d110000,0x000000001d210000)]
  0x000000001cd1a090 JavaThread "Attach Listener" daemon [_thread_blocked, id=4476, stack(0x000000001d210000,0x000000001d310000)]
  0x000000001cd1c960 JavaThread "Service Thread" daemon [_thread_blocked, id=3308, stack(0x000000001d310000,0x000000001d410000)]
  0x000000001cd1d310 JavaThread "Monitor Deflation Thread" daemon [_thread_blocked, id=8708, stack(0x000000001d410000,0x000000001d510000)]
  0x000000001cd1dff0 JavaThread "C2 CompilerThread0" daemon [_thread_blocked, id=6580, stack(0x000000001d510000,0x000000001d610000)]
  0x000000001cd20e90 JavaThread "C1 CompilerThread0" daemon [_thread_blocked, id=8876, stack(0x000000001d610000,0x000000001d710000)]
  0x000000001cd55450 JavaThread "Sweeper thread" daemon [_thread_blocked, id=2352, stack(0x000000001d710000,0x000000001d810000)]
  0x000000001c033480 JavaThread "Common-Cleaner" daemon [_thread_blocked, id=6956, stack(0x000000001d810000,0x000000001d910000)]
  0x000000001cfee630 JavaThread "Notification Thread" daemon [_thread_blocked, id=8712, stack(0x000000001d910000,0x000000001da10000)]
  0x000000001fffe050 JavaThread "Daemon health stats" [_thread_blocked, id=9896, stack(0x000000001e410000,0x000000001e510000)]
  0x000000001f905a20 JavaThread "Incoming local TCP Connector on port 51796" [_thread_in_native, id=5136, stack(0x000000001e510000,0x000000001e610000)]
  0x000000001f782990 JavaThread "Daemon periodic checks" [_thread_blocked, id=4424, stack(0x00000000212e0000,0x00000000213e0000)]
  0x000000001f290c00 JavaThread "Cache worker for journal cache (C:\Program Files\Android\Android Studio\jbr\caches\journal-1)" [_thread_blocked, id=4336, stack(0x00000000233d0000,0x00000000234d0000)]
  0x000000001f28ef20 JavaThread "File lock request listener" [_thread_in_native, id=1768, stack(0x0000000023750000,0x0000000023850000)]
  0x000000001f28f3f0 JavaThread "Cache worker for file hash cache (C:\Program Files\Android\Android Studio\jbr\caches\8.1.1\fileHashes)" [_thread_blocked, id=9808, stack(0x0000000023640000,0x0000000023740000)]
  0x000000001f28f8c0 JavaThread "File watcher server" daemon [_thread_blocked, id=900, stack(0x00000000234d0000,0x00000000235d0000)]
  0x000000001f28fd90 JavaThread "File watcher consumer" daemon [_thread_blocked, id=10144, stack(0x0000000023850000,0x0000000023950000)]
  0x000000001f2915a0 JavaThread "Cache worker for file content cache (C:\Program Files\Android\Android Studio\jbr\caches\8.1.1\fileContent)" [_thread_blocked, id=9332, stack(0x0000000023950000,0x0000000023a50000)]
  0x000000001fe4a890 JavaThread "Cache worker for execution history cache (C:\Program Files\Android\Android Studio\jbr\caches\8.1.1\executionHistory)" [_thread_blocked, id=9804, stack(0x00000000246e0000,0x00000000247e0000)]
  0x000000001fe4ad60 JavaThread "jar transforms" [_thread_blocked, id=4684, stack(0x0000000024ab0000,0x0000000024bb0000)]
  0x000000001fe48bb0 JavaThread "jar transforms Thread 2" [_thread_blocked, id=9984, stack(0x0000000024bb0000,0x0000000024cb0000)]
  0x000000001fe4bbd0 JavaThread "Cache worker for kotlin-dsl (C:\Program Files\Android\Android Studio\jbr\caches\8.1.1\kotlin-dsl)" [_thread_blocked, id=4656, stack(0x0000000024cb0000,0x0000000024db0000)]
  0x000000001fe46530 JavaThread "Memory manager" [_thread_blocked, id=9640, stack(0x0000000026200000,0x0000000026300000)]
  0x0000000020de0b50 JavaThread "RMI Scheduler(0)" daemon [_thread_blocked, id=7244, stack(0x000000002e040000,0x000000002e140000)]
  0x0000000020de36a0 JavaThread "RMI GC Daemon" daemon [_thread_blocked, id=6408, stack(0x000000002e240000,0x000000002e340000)]
  0x0000000020de2830 JavaThread "RMI TCP Accept-0" daemon [_thread_in_native, id=7964, stack(0x000000002ec00000,0x000000002ed00000)]
  0x0000000020de2360 JavaThread "RMI Reaper" [_thread_blocked, id=10148, stack(0x000000002ed00000,0x000000002ee00000)]
  0x0000000020ddf810 JavaThread "RMI TCP Connection(idle)" daemon [_thread_blocked, id=1436, stack(0x0000000000690000,0x0000000000790000)]
  0x0000000020de6b90 JavaThread "Daemon Thread 6" [_thread_blocked, id=2496, stack(0x0000000000790000,0x0000000000890000)]
  0x0000000020ddfce0 JavaThread "Handler for socket connection from /127.0.0.1:51796 to /127.0.0.1:52693" [_thread_in_native, id=2684, stack(0x0000000000890000,0x0000000000990000)]
  0x0000000020de1e90 JavaThread "Cancel handler" [_thread_blocked, id=9776, stack(0x00000000213e0000,0x00000000214e0000)]
  0x0000000020de2d00 JavaThread "Daemon worker Thread 6" [_thread_blocked, id=10052, stack(0x00000000214e0000,0x00000000215e0000)]
  0x0000000020de4510 JavaThread "Asynchronous log dispatcher for DefaultDaemonConnection: socket connection from /127.0.0.1:51796 to /127.0.0.1:52693" [_thread_blocked, id=3160, stack(0x00000000215e0000,0x00000000216e0000)]
  0x0000000020de31d0 JavaThread "Stdin handler" [_thread_blocked, id=9636, stack(0x00000000216e0000,0x00000000217e0000)]
  0x0000000020de49e0 JavaThread "Daemon client event forwarder" [_thread_blocked, id=4060, stack(0x0000000022100000,0x0000000022200000)]
  0x0000000026e2b580 JavaThread "Cache worker for checksums cache (C:\Users\Admin\AndroidStudioProjects\kurirkilat\.gradle\8.1.1\checksums)" [_thread_blocked, id=8108, stack(0x0000000022200000,0x0000000022300000)]
  0x0000000026e2a710 JavaThread "Cache worker for cache directory md-rule (C:\Program Files\Android\Android Studio\jbr\caches\8.1.1\md-rule)" [_thread_blocked, id=6736, stack(0x0000000022300000,0x0000000022400000)]
  0x0000000026e2ba50 JavaThread "Cache worker for file hash cache (C:\Users\Admin\AndroidStudioProjects\kurirkilat\.gradle\8.1.1\fileHashes)" [_thread_blocked, id=7696, stack(0x0000000023a50000,0x0000000023b50000)]
  0x0000000026e24ba0 JavaThread "Cache worker for cache directory md-supplier (C:\Program Files\Android\Android Studio\jbr\caches\8.1.1\md-supplier)" [_thread_blocked, id=10192, stack(0x0000000024400000,0x0000000024500000)]
  0x0000000026e263b0 JavaThread "Cache worker for dependencies-accessors (C:\Users\Admin\AndroidStudioProjects\kurirkilat\.gradle\8.1.1\dependencies-accessors)" [_thread_blocked, id=9660, stack(0x0000000024500000,0x0000000024600000)]
  0x0000000026e25540 JavaThread "Cache worker for Build Output Cleanup Cache (C:\Users\Admin\AndroidStudioProjects\kurirkilat\.gradle\buildOutputCleanup)" [_thread_blocked, id=3672, stack(0x00000000248e0000,0x00000000249e0000)]
  0x0000000026e26880 JavaThread "Unconstrained build operations" [_thread_blocked, id=7108, stack(0x0000000024db0000,0x0000000024eb0000)]
  0x0000000026e27220 JavaThread "build event listener" [_thread_blocked, id=9136, stack(0x0000000024eb0000,0x0000000024fb0000)]
  0x0000000026e28090 JavaThread "included builds" [_thread_blocked, id=9100, stack(0x0000000026000000,0x0000000026100000)]
  0x000000001fe4d8b0 JavaThread "Execution worker" [_thread_blocked, id=8148, stack(0x0000000026100000,0x0000000026200000)]
  0x000000001fe46060 JavaThread "Cache worker for execution history cache (C:\Users\Admin\AndroidStudioProjects\kurirkilat\.gradle\8.1.1\executionHistory)" [_thread_blocked, id=5132, stack(0x0000000026300000,0x0000000026400000)]
  0x000000001fe49a20 JavaThread "Unconstrained build operations Thread 2" [_thread_blocked, id=9584, stack(0x0000000026400000,0x0000000026500000)]
  0x000000001fe46a00 JavaThread "Unconstrained build operations Thread 3" [_thread_blocked, id=4832, stack(0x0000000027510000,0x0000000027610000)]
  0x000000001fe49ef0 JavaThread "Unconstrained build operations Thread 4" [_thread_blocked, id=4464, stack(0x0000000027610000,0x0000000027710000)]
  0x000000001fe47870 JavaThread "Unconstrained build operations Thread 5" [_thread_blocked, id=9408, stack(0x0000000027710000,0x0000000027810000)]

Other Threads:
=>0x000000001c0a3a20 VMThread "VM Thread" [stack: 0x000000001c100000,0x000000001c200000] [id=2528]
  0x000000001cf5f160 WatcherThread [stack: 0x000000001da10000,0x000000001db10000] [id=10116]
  0x0000000002b88010 GCTaskThread "GC Thread#0" [stack: 0x00000000197e0000,0x00000000198e0000] [id=9504]
  0x000000001cfc5790 GCTaskThread "GC Thread#1" [stack: 0x000000001e310000,0x000000001e410000] [id=9576]
  0x0000000002b996f0 ConcurrentGCThread "G1 Main Marker" [stack: 0x00000000198e0000,0x00000000199e0000] [id=7216]
  0x0000000002b9a100 ConcurrentGCThread "G1 Conc#0" [stack: 0x00000000199e0000,0x0000000019ae0000] [id=1944]
  0x0000000002bccc30 ConcurrentGCThread "G1 Refine#0" [stack: 0x000000001bd00000,0x000000001be00000] [id=2228]
  0x00000000200e3d00 ConcurrentGCThread "G1 Refine#1" [stack: 0x00000000247e0000,0x00000000248e0000] [id=2416]
  0x0000000002bcd650 ConcurrentGCThread "G1 Service" [stack: 0x000000001be00000,0x000000001bf00000] [id=8224]

Threads with active compile tasks:

VM state: at safepoint (normal execution)

VM Mutex/Monitor currently owned by a thread:  ([mutex/lock_event])
[0x0000000002b27850] Threads_lock - owner thread: 0x000000001c0a3a20
[0x0000000002b27c40] Heap_lock - owner thread: 0x0000000026e28090

Heap address: 0x0000000080000000, size: 2048 MB, Compressed Oops mode: 32-bit

CDS archive(s) not mapped
Compressed class space mapped at: 0x0000000100000000-0x0000000140000000, reserved size: 1073741824
Narrow klass base: 0x0000000000000000, Narrow klass shift: 3, Narrow klass range: 0x140000000

GC Precious Log:
 CPUs: 2 total, 2 available
 Memory: 3737M
 Large Page Support: Disabled
 NUMA Support: Disabled
 Compressed Oops: Enabled (32-bit)
 Heap Region Size: 1M
 Heap Min Capacity: 8M
 Heap Initial Capacity: 60M
 Heap Max Capacity: 2G
 Pre-touch: Disabled
 Parallel Workers: 2
 Concurrent Workers: 1
 Concurrent Refinement Workers: 2
 Periodic GC: Disabled

Heap:
 garbage-first heap   total 306176K, used 154302K [0x0000000080000000, 0x0000000100000000)
  region size 1024K, 7 young (7168K), 7 survivors (7168K)
 Metaspace       used 135945K, committed 137024K, reserved 1171456K
  class space    used 18200K, committed 18688K, reserved 1048576K

Heap Regions: E=young(eden), S=young(survivor), O=old, HS=humongous(starts), HC=humongous(continues), CS=collection set, F=free, OA=open archive, CA=closed archive, TAMS=top-at-mark-start (previous, next)
|   0|0x0000000080000000, 0x0000000080100000, 0x0000000080100000|100%| O|  |TAMS 0x0000000080100000, 0x0000000080100000| Untracked 
|   1|0x0000000080100000, 0x0000000080200000, 0x0000000080200000|100%| O|  |TAMS 0x0000000080200000, 0x0000000080200000| Untracked 
|   2|0x0000000080200000, 0x0000000080300000, 0x0000000080300000|100%|HS|  |TAMS 0x0000000080300000, 0x0000000080300000| Complete 
|   3|0x0000000080300000, 0x0000000080400000, 0x0000000080400000|100%|HC|  |TAMS 0x0000000080400000, 0x0000000080400000| Complete 
|   4|0x0000000080400000, 0x0000000080500000, 0x0000000080500000|100%|HC|  |TAMS 0x0000000080500000, 0x0000000080500000| Complete 
|   5|0x0000000080500000, 0x0000000080600000, 0x0000000080600000|100%|HC|  |TAMS 0x0000000080600000, 0x0000000080600000| Complete 
|   6|0x0000000080600000, 0x0000000080700000, 0x0000000080700000|100%| O|  |TAMS 0x0000000080700000, 0x0000000080700000| Untracked 
|   7|0x0000000080700000, 0x0000000080800000, 0x0000000080800000|100%| O|  |TAMS 0x0000000080800000, 0x0000000080800000| Untracked 
|   8|0x0000000080800000, 0x0000000080900000, 0x0000000080900000|100%| O|  |TAMS 0x0000000080900000, 0x0000000080900000| Untracked 
|   9|0x0000000080900000, 0x0000000080a00000, 0x0000000080a00000|100%| O|  |TAMS 0x0000000080a00000, 0x0000000080a00000| Untracked 
|  10|0x0000000080a00000, 0x0000000080b00000, 0x0000000080b00000|100%| O|  |TAMS 0x0000000080b00000, 0x0000000080b00000| Untracked 
|  11|0x0000000080b00000, 0x0000000080c00000, 0x0000000080c00000|100%| O|  |TAMS 0x0000000080c00000, 0x0000000080c00000| Untracked 
|  12|0x0000000080c00000, 0x0000000080d00000, 0x0000000080d00000|100%| O|  |TAMS 0x0000000080d00000, 0x0000000080d00000| Untracked 
|  13|0x0000000080d00000, 0x0000000080e00000, 0x0000000080e00000|100%| O|  |TAMS 0x0000000080e00000, 0x0000000080e00000| Untracked 
|  14|0x0000000080e00000, 0x0000000080f00000, 0x0000000080f00000|100%| O|  |TAMS 0x0000000080f00000, 0x0000000080f00000| Untracked 
|  15|0x0000000080f00000, 0x0000000081000000, 0x0000000081000000|100%| O|  |TAMS 0x0000000081000000, 0x0000000081000000| Untracked 
|  16|0x0000000081000000, 0x0000000081100000, 0x0000000081100000|100%| O|  |TAMS 0x0000000081100000, 0x0000000081100000| Untracked 
|  17|0x0000000081100000, 0x0000000081200000, 0x0000000081200000|100%| O|  |TAMS 0x0000000081200000, 0x0000000081200000| Untracked 
|  18|0x0000000081200000, 0x0000000081300000, 0x0000000081300000|100%| O|  |TAMS 0x0000000081300000, 0x0000000081300000| Untracked 
|  19|0x0000000081300000, 0x0000000081400000, 0x0000000081400000|100%| O|  |TAMS 0x0000000081400000, 0x0000000081400000| Untracked 
|  20|0x0000000081400000, 0x0000000081500000, 0x0000000081500000|100%| O|  |TAMS 0x0000000081500000, 0x0000000081500000| Untracked 
|  21|0x0000000081500000, 0x0000000081600000, 0x0000000081600000|100%| O|  |TAMS 0x0000000081600000, 0x0000000081600000| Untracked 
|  22|0x0000000081600000, 0x0000000081700000, 0x0000000081700000|100%| O|  |TAMS 0x0000000081700000, 0x0000000081700000| Untracked 
|  23|0x0000000081700000, 0x0000000081800000, 0x0000000081800000|100%| O|  |TAMS 0x0000000081800000, 0x0000000081800000| Untracked 
|  24|0x0000000081800000, 0x0000000081900000, 0x0000000081900000|100%| O|  |TAMS 0x0000000081900000, 0x0000000081900000| Untracked 
|  25|0x0000000081900000, 0x0000000081a00000, 0x0000000081a00000|100%| O|  |TAMS 0x0000000081a00000, 0x0000000081a00000| Untracked 
|  26|0x0000000081a00000, 0x0000000081b00000, 0x0000000081b00000|100%| O|  |TAMS 0x0000000081b00000, 0x0000000081b00000| Untracked 
|  27|0x0000000081b00000, 0x0000000081c00000, 0x0000000081c00000|100%| O|  |TAMS 0x0000000081c00000, 0x0000000081c00000| Untracked 
|  28|0x0000000081c00000, 0x0000000081d00000, 0x0000000081d00000|100%| O|  |TAMS 0x0000000081d00000, 0x0000000081d00000| Untracked 
|  29|0x0000000081d00000, 0x0000000081e00000, 0x0000000081e00000|100%| O|  |TAMS 0x0000000081e00000, 0x0000000081e00000| Untracked 
|  30|0x0000000081e00000, 0x0000000081f00000, 0x0000000081f00000|100%| O|  |TAMS 0x0000000081f00000, 0x0000000081f00000| Untracked 
|  31|0x0000000081f00000, 0x0000000082000000, 0x0000000082000000|100%| O|  |TAMS 0x0000000082000000, 0x0000000082000000| Untracked 
|  32|0x0000000082000000, 0x0000000082100000, 0x0000000082100000|100%|HS|  |TAMS 0x0000000082100000, 0x0000000082100000| Complete 
|  33|0x0000000082100000, 0x0000000082200000, 0x0000000082200000|100%|HS|  |TAMS 0x0000000082200000, 0x0000000082200000| Complete 
|  34|0x0000000082200000, 0x0000000082300000, 0x0000000082300000|100%|HS|  |TAMS 0x0000000082300000, 0x0000000082300000| Complete 
|  35|0x0000000082300000, 0x0000000082400000, 0x0000000082400000|100%|HS|  |TAMS 0x0000000082400000, 0x0000000082400000| Complete 
|  36|0x0000000082400000, 0x0000000082500000, 0x0000000082500000|100%|HC|  |TAMS 0x0000000082500000, 0x0000000082500000| Complete 
|  37|0x0000000082500000, 0x0000000082600000, 0x0000000082600000|100%|HS|  |TAMS 0x0000000082600000, 0x0000000082600000| Complete 
|  38|0x0000000082600000, 0x0000000082700000, 0x0000000082700000|100%|HC|  |TAMS 0x0000000082700000, 0x0000000082700000| Complete 
|  39|0x0000000082700000, 0x0000000082800000, 0x0000000082800000|100%| O|  |TAMS 0x0000000082800000, 0x0000000082800000| Untracked 
|  40|0x0000000082800000, 0x0000000082900000, 0x0000000082900000|100%| O|  |TAMS 0x0000000082900000, 0x0000000082900000| Untracked 
|  41|0x0000000082900000, 0x0000000082a00000, 0x0000000082a00000|100%| O|  |TAMS 0x0000000082a00000, 0x0000000082a00000| Untracked 
|  42|0x0000000082a00000, 0x0000000082b00000, 0x0000000082b00000|100%|HS|  |TAMS 0x0000000082b00000, 0x0000000082b00000| Complete 
|  43|0x0000000082b00000, 0x0000000082c00000, 0x0000000082c00000|100%|HC|  |TAMS 0x0000000082c00000, 0x0000000082c00000| Complete 
|  44|0x0000000082c00000, 0x0000000082d00000, 0x0000000082d00000|100%|HC|  |TAMS 0x0000000082d00000, 0x0000000082d00000| Complete 
|  45|0x0000000082d00000, 0x0000000082e00000, 0x0000000082e00000|100%|HC|  |TAMS 0x0000000082e00000, 0x0000000082e00000| Complete 
|  46|0x0000000082e00000, 0x0000000082f00000, 0x0000000082f00000|100%| O|  |TAMS 0x0000000082f00000, 0x0000000082f00000| Untracked 
|  47|0x0000000082f00000, 0x0000000083000000, 0x0000000083000000|100%| O|  |TAMS 0x0000000083000000, 0x0000000083000000| Untracked 
|  48|0x0000000083000000, 0x0000000083100000, 0x0000000083100000|100%| O|  |TAMS 0x0000000083100000, 0x0000000083100000| Untracked 
|  49|0x0000000083100000, 0x0000000083200000, 0x0000000083200000|100%| O|  |TAMS 0x0000000083200000, 0x0000000083200000| Untracked 
|  50|0x0000000083200000, 0x0000000083300000, 0x0000000083300000|100%|HS|  |TAMS 0x0000000083300000, 0x0000000083300000| Complete 
|  51|0x0000000083300000, 0x0000000083400000, 0x0000000083400000|100%| O|  |TAMS 0x0000000083400000, 0x0000000083400000| Untracked 
|  52|0x0000000083400000, 0x0000000083500000, 0x0000000083500000|100%| O|  |TAMS 0x0000000083500000, 0x0000000083500000| Untracked 
|  53|0x0000000083500000, 0x0000000083600000, 0x0000000083600000|100%| O|  |TAMS 0x0000000083600000, 0x0000000083600000| Untracked 
|  54|0x0000000083600000, 0x0000000083700000, 0x0000000083700000|100%| O|  |TAMS 0x0000000083700000, 0x0000000083700000| Untracked 
|  55|0x0000000083700000, 0x0000000083800000, 0x0000000083800000|100%| O|  |TAMS 0x0000000083800000, 0x0000000083800000| Untracked 
|  56|0x0000000083800000, 0x0000000083900000, 0x0000000083900000|100%| O|  |TAMS 0x0000000083900000, 0x0000000083900000| Untracked 
|  57|0x0000000083900000, 0x0000000083a00000, 0x0000000083a00000|100%| O|  |TAMS 0x0000000083a00000, 0x0000000083a00000| Untracked 
|  58|0x0000000083a00000, 0x0000000083b00000, 0x0000000083b00000|100%| O|  |TAMS 0x0000000083b00000, 0x0000000083b00000| Untracked 
|  59|0x0000000083b00000, 0x0000000083c00000, 0x0000000083c00000|100%| O|  |TAMS 0x0000000083c00000, 0x0000000083c00000| Untracked 
|  60|0x0000000083c00000, 0x0000000083d00000, 0x0000000083d00000|100%| O|  |TAMS 0x0000000083d00000, 0x0000000083d00000| Untracked 
|  61|0x0000000083d00000, 0x0000000083e00000, 0x0000000083e00000|100%| O|  |TAMS 0x0000000083e00000, 0x0000000083e00000| Untracked 
|  62|0x0000000083e00000, 0x0000000083f00000, 0x0000000083f00000|100%| O|  |TAMS 0x0000000083f00000, 0x0000000083f00000| Untracked 
|  63|0x0000000083f00000, 0x0000000084000000, 0x0000000084000000|100%| O|  |TAMS 0x0000000084000000, 0x0000000084000000| Untracked 
|  64|0x0000000084000000, 0x0000000084100000, 0x0000000084100000|100%| O|  |TAMS 0x0000000084100000, 0x0000000084100000| Untracked 
|  65|0x0000000084100000, 0x0000000084200000, 0x0000000084200000|100%|HS|  |TAMS 0x0000000084200000, 0x0000000084200000| Complete 
|  66|0x0000000084200000, 0x0000000084300000, 0x0000000084300000|100%|HC|  |TAMS 0x0000000084300000, 0x0000000084300000| Complete 
|  67|0x0000000084300000, 0x0000000084400000, 0x0000000084400000|100%|HC|  |TAMS 0x0000000084400000, 0x0000000084400000| Complete 
|  68|0x0000000084400000, 0x0000000084500000, 0x0000000084500000|100%|HC|  |TAMS 0x0000000084500000, 0x0000000084500000| Complete 
|  69|0x0000000084500000, 0x0000000084600000, 0x0000000084600000|100%| O|  |TAMS 0x0000000084600000, 0x0000000084600000| Untracked 
|  70|0x0000000084600000, 0x0000000084700000, 0x0000000084700000|100%| O|  |TAMS 0x0000000084700000, 0x0000000084700000| Untracked 
|  71|0x0000000084700000, 0x0000000084800000, 0x0000000084800000|100%| O|  |TAMS 0x0000000084800000, 0x0000000084800000| Untracked 
|  72|0x0000000084800000, 0x0000000084900000, 0x0000000084900000|100%| O|  |TAMS 0x0000000084900000, 0x0000000084900000| Untracked 
|  73|0x0000000084900000, 0x0000000084a00000, 0x0000000084a00000|100%| O|  |TAMS 0x0000000084a00000, 0x0000000084a00000| Untracked 
|  74|0x0000000084a00000, 0x0000000084b00000, 0x0000000084b00000|100%| O|  |TAMS 0x0000000084b00000, 0x0000000084b00000| Untracked 
|  75|0x0000000084b00000, 0x0000000084c00000, 0x0000000084c00000|100%| O|  |TAMS 0x0000000084c00000, 0x0000000084c00000| Untracked 
|  76|0x0000000084c00000, 0x0000000084d00000, 0x0000000084d00000|100%| O|  |TAMS 0x0000000084d00000, 0x0000000084d00000| Untracked 
|  77|0x0000000084d00000, 0x0000000084e00000, 0x0000000084e00000|100%| O|  |TAMS 0x0000000084e00000, 0x0000000084e00000| Untracked 
|  78|0x0000000084e00000, 0x0000000084f00000, 0x0000000084f00000|100%| O|  |TAMS 0x0000000084f00000, 0x0000000084f00000| Untracked 
|  79|0x0000000084f00000, 0x0000000085000000, 0x0000000085000000|100%| O|  |TAMS 0x0000000085000000, 0x0000000085000000| Untracked 
|  80|0x0000000085000000, 0x0000000085100000, 0x0000000085100000|100%| O|  |TAMS 0x0000000085000000, 0x0000000085100000| Untracked 
|  81|0x0000000085100000, 0x0000000085200000, 0x0000000085200000|100%| O|  |TAMS 0x0000000085200000, 0x0000000085200000| Untracked 
|  82|0x0000000085200000, 0x0000000085300000, 0x0000000085300000|100%| O|  |TAMS 0x0000000085300000, 0x0000000085300000| Untracked 
|  83|0x0000000085300000, 0x0000000085400000, 0x0000000085400000|100%| O|  |TAMS 0x0000000085400000, 0x0000000085400000| Untracked 
|  84|0x0000000085400000, 0x0000000085500000, 0x0000000085500000|100%| O|  |TAMS 0x0000000085500000, 0x0000000085500000| Untracked 
|  85|0x0000000085500000, 0x0000000085600000, 0x0000000085600000|100%| O|  |TAMS 0x0000000085600000, 0x0000000085600000| Untracked 
|  86|0x0000000085600000, 0x0000000085700000, 0x0000000085700000|100%| O|  |TAMS 0x0000000085700000, 0x0000000085700000| Untracked 
|  87|0x0000000085700000, 0x0000000085800000, 0x0000000085800000|100%| O|  |TAMS 0x0000000085800000, 0x0000000085800000| Untracked 
|  88|0x0000000085800000, 0x0000000085900000, 0x0000000085900000|100%| O|  |TAMS 0x0000000085900000, 0x0000000085900000| Untracked 
|  89|0x0000000085900000, 0x0000000085a00000, 0x0000000085a00000|100%| O|  |TAMS 0x0000000085a00000, 0x0000000085a00000| Untracked 
|  90|0x0000000085a00000, 0x0000000085b00000, 0x0000000085b00000|100%| O|  |TAMS 0x0000000085b00000, 0x0000000085b00000| Untracked 
|  91|0x0000000085b00000, 0x0000000085c00000, 0x0000000085c00000|100%| O|  |TAMS 0x0000000085c00000, 0x0000000085c00000| Untracked 
|  92|0x0000000085c00000, 0x0000000085d00000, 0x0000000085d00000|100%| O|  |TAMS 0x0000000085d00000, 0x0000000085d00000| Untracked 
|  93|0x0000000085d00000, 0x0000000085e00000, 0x0000000085e00000|100%| O|  |TAMS 0x0000000085d00000, 0x0000000085e00000| Untracked 
|  94|0x0000000085e00000, 0x0000000085f00000, 0x0000000085f00000|100%| O|  |TAMS 0x0000000085f00000, 0x0000000085f00000| Untracked 
|  95|0x0000000085f00000, 0x0000000086000000, 0x0000000086000000|100%| O|  |TAMS 0x0000000086000000, 0x0000000086000000| Untracked 
|  96|0x0000000086000000, 0x0000000086100000, 0x0000000086100000|100%| O|  |TAMS 0x0000000086100000, 0x0000000086100000| Untracked 
|  97|0x0000000086100000, 0x0000000086200000, 0x0000000086200000|100%| O|  |TAMS 0x0000000086200000, 0x0000000086200000| Untracked 
|  98|0x0000000086200000, 0x0000000086300000, 0x0000000086300000|100%| O|  |TAMS 0x0000000086300000, 0x0000000086300000| Untracked 
|  99|0x0000000086300000, 0x0000000086400000, 0x0000000086400000|100%| O|  |TAMS 0x0000000086400000, 0x0000000086400000| Untracked 
| 100|0x0000000086400000, 0x0000000086500000, 0x0000000086500000|100%| O|  |TAMS 0x0000000086500000, 0x0000000086500000| Untracked 
| 101|0x0000000086500000, 0x0000000086600000, 0x0000000086600000|100%| O|  |TAMS 0x0000000086600000, 0x0000000086600000| Untracked 
| 102|0x0000000086600000, 0x0000000086700000, 0x0000000086700000|100%| O|  |TAMS 0x0000000086700000, 0x0000000086700000| Untracked 
| 103|0x0000000086700000, 0x0000000086800000, 0x0000000086800000|100%| O|  |TAMS 0x0000000086800000, 0x0000000086800000| Untracked 
| 104|0x0000000086800000, 0x0000000086900000, 0x0000000086900000|100%| O|  |TAMS 0x0000000086800000, 0x0000000086900000| Untracked 
| 105|0x0000000086900000, 0x0000000086a00000, 0x0000000086a00000|100%| O|  |TAMS 0x0000000086900000, 0x0000000086a00000| Untracked 
| 106|0x0000000086a00000, 0x0000000086b00000, 0x0000000086b00000|100%| O|  |TAMS 0x0000000086b00000, 0x0000000086b00000| Untracked 
| 107|0x0000000086b00000, 0x0000000086c00000, 0x0000000086c00000|100%| O|  |TAMS 0x0000000086b00000, 0x0000000086c00000| Untracked 
| 108|0x0000000086c00000, 0x0000000086d00000, 0x0000000086d00000|100%| O|  |TAMS 0x0000000086c00000, 0x0000000086c84000| Untracked 
| 109|0x0000000086d00000, 0x0000000086daf800, 0x0000000086e00000| 68%| O|  |TAMS 0x0000000086d00000, 0x0000000086d00000| Untracked 
| 110|0x0000000086e00000, 0x0000000086e00000, 0x0000000086f00000|  0%| F|  |TAMS 0x0000000086e00000, 0x0000000086e00000| Untracked 
| 111|0x0000000086f00000, 0x0000000087000000, 0x0000000087000000|100%| O|  |TAMS 0x0000000087000000, 0x0000000087000000| Untracked 
| 112|0x0000000087000000, 0x0000000087100000, 0x0000000087100000|100%| O|  |TAMS 0x0000000087100000, 0x0000000087100000| Untracked 
| 113|0x0000000087100000, 0x0000000087200000, 0x0000000087200000|100%| O|  |TAMS 0x0000000087200000, 0x0000000087200000| Untracked 
| 114|0x0000000087200000, 0x0000000087300000, 0x0000000087300000|100%| O|  |TAMS 0x0000000087300000, 0x0000000087300000| Untracked 
| 115|0x0000000087300000, 0x0000000087400000, 0x0000000087400000|100%| O|  |TAMS 0x0000000087400000, 0x0000000087400000| Untracked 
| 116|0x0000000087400000, 0x0000000087500000, 0x0000000087500000|100%| O|  |TAMS 0x0000000087500000, 0x0000000087500000| Untracked 
| 117|0x0000000087500000, 0x0000000087600000, 0x0000000087600000|100%| O|  |TAMS 0x0000000087600000, 0x0000000087600000| Untracked 
| 118|0x0000000087600000, 0x0000000087700000, 0x0000000087700000|100%| O|  |TAMS 0x0000000087700000, 0x0000000087700000| Untracked 
| 119|0x0000000087700000, 0x0000000087700000, 0x0000000087800000|  0%| F|  |TAMS 0x0000000087700000, 0x0000000087700000| Untracked 
| 120|0x0000000087800000, 0x0000000087900000, 0x0000000087900000|100%| O|  |TAMS 0x0000000087900000, 0x0000000087900000| Untracked 
| 121|0x0000000087900000, 0x0000000087900000, 0x0000000087a00000|  0%| F|  |TAMS 0x0000000087900000, 0x0000000087900000| Untracked 
| 122|0x0000000087a00000, 0x0000000087a00000, 0x0000000087b00000|  0%| F|  |TAMS 0x0000000087a00000, 0x0000000087a00000| Untracked 
| 123|0x0000000087b00000, 0x0000000087c00000, 0x0000000087c00000|100%| O|  |TAMS 0x0000000087c00000, 0x0000000087c00000| Untracked 
| 124|0x0000000087c00000, 0x0000000087d00000, 0x0000000087d00000|100%| O|  |TAMS 0x0000000087d00000, 0x0000000087d00000| Untracked 
| 125|0x0000000087d00000, 0x0000000087e00000, 0x0000000087e00000|100%| O|  |TAMS 0x0000000087e00000, 0x0000000087e00000| Untracked 
| 126|0x0000000087e00000, 0x0000000087f00000, 0x0000000087f00000|100%| O|  |TAMS 0x0000000087f00000, 0x0000000087f00000| Untracked 
| 127|0x0000000087f00000, 0x0000000088000000, 0x0000000088000000|100%| O|  |TAMS 0x0000000088000000, 0x0000000088000000| Untracked 
| 128|0x0000000088000000, 0x0000000088100000, 0x0000000088100000|100%| O|  |TAMS 0x0000000088100000, 0x0000000088100000| Untracked 
| 129|0x0000000088100000, 0x0000000088200000, 0x0000000088200000|100%| O|  |TAMS 0x0000000088200000, 0x0000000088200000| Untracked 
| 130|0x0000000088200000, 0x0000000088300000, 0x0000000088300000|100%| O|  |TAMS 0x0000000088300000, 0x0000000088300000| Untracked 
| 131|0x0000000088300000, 0x0000000088400000, 0x0000000088400000|100%| O|  |TAMS 0x0000000088400000, 0x0000000088400000| Untracked 
| 132|0x0000000088400000, 0x0000000088500000, 0x0000000088500000|100%| O|  |TAMS 0x0000000088500000, 0x0000000088500000| Untracked 
| 133|0x0000000088500000, 0x0000000088600000, 0x0000000088600000|100%| O|  |TAMS 0x0000000088500000, 0x0000000088600000| Untracked 
| 134|0x0000000088600000, 0x0000000088700000, 0x0000000088700000|100%| O|  |TAMS 0x0000000088700000, 0x0000000088700000| Untracked 
| 135|0x0000000088700000, 0x0000000088800000, 0x0000000088800000|100%| O|  |TAMS 0x0000000088800000, 0x0000000088800000| Untracked 
| 136|0x0000000088800000, 0x0000000088800000, 0x0000000088900000|  0%| F|  |TAMS 0x0000000088800000, 0x0000000088800000| Untracked 
| 137|0x0000000088900000, 0x0000000088900000, 0x0000000088a00000|  0%| F|  |TAMS 0x0000000088900000, 0x0000000088900000| Untracked 
| 138|0x0000000088a00000, 0x0000000088b00000, 0x0000000088b00000|100%| O|  |TAMS 0x0000000088b00000, 0x0000000088b00000| Untracked 
| 139|0x0000000088b00000, 0x0000000088c00000, 0x0000000088c00000|100%| O|  |TAMS 0x0000000088c00000, 0x0000000088c00000| Untracked 
| 140|0x0000000088c00000, 0x0000000088d00000, 0x0000000088d00000|100%| O|  |TAMS 0x0000000088d00000, 0x0000000088d00000| Untracked 
| 141|0x0000000088d00000, 0x0000000088d00000, 0x0000000088e00000|  0%| F|  |TAMS 0x0000000088d00000, 0x0000000088d00000| Untracked 
| 142|0x0000000088e00000, 0x0000000088f00000, 0x0000000088f00000|100%| O|  |TAMS 0x0000000088f00000, 0x0000000088f00000| Untracked 
| 143|0x0000000088f00000, 0x0000000088f00000, 0x0000000089000000|  0%| F|  |TAMS 0x0000000088f00000, 0x0000000088f00000| Untracked 
| 144|0x0000000089000000, 0x0000000089000000, 0x0000000089100000|  0%| F|  |TAMS 0x0000000089000000, 0x0000000089000000| Untracked 
| 145|0x0000000089100000, 0x0000000089100000, 0x0000000089200000|  0%| F|  |TAMS 0x0000000089100000, 0x0000000089100000| Untracked 
| 146|0x0000000089200000, 0x0000000089200000, 0x0000000089300000|  0%| F|  |TAMS 0x0000000089200000, 0x0000000089200000| Untracked 
| 147|0x0000000089300000, 0x0000000089300000, 0x0000000089400000|  0%| F|  |TAMS 0x0000000089300000, 0x0000000089300000| Untracked 
| 148|0x0000000089400000, 0x0000000089500000, 0x0000000089500000|100%| O|  |TAMS 0x0000000089500000, 0x0000000089500000| Untracked 
| 149|0x0000000089500000, 0x0000000089600000, 0x0000000089600000|100%| O|  |TAMS 0x0000000089600000, 0x0000000089600000| Untracked 
| 150|0x0000000089600000, 0x0000000089700000, 0x0000000089700000|100%| O|  |TAMS 0x0000000089700000, 0x0000000089700000| Untracked 
| 151|0x0000000089700000, 0x0000000089800000, 0x0000000089800000|100%| O|  |TAMS 0x0000000089800000, 0x0000000089800000| Untracked 
| 152|0x0000000089800000, 0x0000000089900000, 0x0000000089900000|100%| O|  |TAMS 0x0000000089900000, 0x0000000089900000| Untracked 
| 153|0x0000000089900000, 0x0000000089a00000, 0x0000000089a00000|100%| O|  |TAMS 0x0000000089935600, 0x0000000089a00000| Untracked 
| 154|0x0000000089a00000, 0x0000000089a00000, 0x0000000089b00000|  0%| F|  |TAMS 0x0000000089a00000, 0x0000000089a00000| Untracked 
| 155|0x0000000089b00000, 0x0000000089c00000, 0x0000000089c00000|100%| O|  |TAMS 0x0000000089c00000, 0x0000000089c00000| Untracked 
| 156|0x0000000089c00000, 0x0000000089d00000, 0x0000000089d00000|100%| O|  |TAMS 0x0000000089d00000, 0x0000000089d00000| Untracked 
| 157|0x0000000089d00000, 0x0000000089d00000, 0x0000000089e00000|  0%| F|  |TAMS 0x0000000089d00000, 0x0000000089d00000| Untracked 
| 158|0x0000000089e00000, 0x0000000089e00000, 0x0000000089f00000|  0%| F|  |TAMS 0x0000000089e00000, 0x0000000089e00000| Untracked 
| 159|0x0000000089f00000, 0x0000000089f00000, 0x000000008a000000|  0%| F|  |TAMS 0x0000000089f00000, 0x0000000089f00000| Untracked 
| 160|0x000000008a000000, 0x000000008a000000, 0x000000008a100000|  0%| F|  |TAMS 0x000000008a000000, 0x000000008a000000| Untracked 
| 161|0x000000008a100000, 0x000000008a100000, 0x000000008a200000|  0%| F|  |TAMS 0x000000008a100000, 0x000000008a100000| Untracked 
| 162|0x000000008a200000, 0x000000008a200000, 0x000000008a300000|  0%| F|  |TAMS 0x000000008a200000, 0x000000008a200000| Untracked 
| 163|0x000000008a300000, 0x000000008a300000, 0x000000008a400000|  0%| F|  |TAMS 0x000000008a300000, 0x000000008a300000| Untracked 
| 164|0x000000008a400000, 0x000000008a400000, 0x000000008a500000|  0%| F|  |TAMS 0x000000008a400000, 0x000000008a400000| Untracked 
| 165|0x000000008a500000, 0x000000008a500000, 0x000000008a600000|  0%| F|  |TAMS 0x000000008a500000, 0x000000008a500000| Untracked 
| 166|0x000000008a600000, 0x000000008a600000, 0x000000008a700000|  0%| F|  |TAMS 0x000000008a600000, 0x000000008a600000| Untracked 
| 167|0x000000008a700000, 0x000000008a700000, 0x000000008a800000|  0%| F|  |TAMS 0x000000008a700000, 0x000000008a700000| Untracked 
| 168|0x000000008a800000, 0x000000008a800000, 0x000000008a900000|  0%| F|  |TAMS 0x000000008a800000, 0x000000008a800000| Untracked 
| 169|0x000000008a900000, 0x000000008a900000, 0x000000008aa00000|  0%| F|  |TAMS 0x000000008a900000, 0x000000008a900000| Untracked 
| 170|0x000000008aa00000, 0x000000008aa00000, 0x000000008ab00000|  0%| F|  |TAMS 0x000000008aa00000, 0x000000008aa00000| Untracked 
| 171|0x000000008ab00000, 0x000000008ab00000, 0x000000008ac00000|  0%| F|  |TAMS 0x000000008ab00000, 0x000000008ab00000| Untracked 
| 172|0x000000008ac00000, 0x000000008ac00000, 0x000000008ad00000|  0%| F|  |TAMS 0x000000008ac00000, 0x000000008ac00000| Untracked 
| 173|0x000000008ad00000, 0x000000008ad00000, 0x000000008ae00000|  0%| F|  |TAMS 0x000000008ad00000, 0x000000008ad00000| Untracked 
| 174|0x000000008ae00000, 0x000000008ae00000, 0x000000008af00000|  0%| F|  |TAMS 0x000000008ae00000, 0x000000008ae00000| Untracked 
| 175|0x000000008af00000, 0x000000008af00000, 0x000000008b000000|  0%| F|  |TAMS 0x000000008af00000, 0x000000008af00000| Untracked 
| 176|0x000000008b000000, 0x000000008b000000, 0x000000008b100000|  0%| F|  |TAMS 0x000000008b000000, 0x000000008b000000| Untracked 
| 177|0x000000008b100000, 0x000000008b100000, 0x000000008b200000|  0%| F|  |TAMS 0x000000008b100000, 0x000000008b100000| Untracked 
| 178|0x000000008b200000, 0x000000008b200000, 0x000000008b300000|  0%| F|  |TAMS 0x000000008b200000, 0x000000008b200000| Untracked 
| 179|0x000000008b300000, 0x000000008b300000, 0x000000008b400000|  0%| F|  |TAMS 0x000000008b300000, 0x000000008b300000| Untracked 
| 180|0x000000008b400000, 0x000000008b400000, 0x000000008b500000|  0%| F|  |TAMS 0x000000008b400000, 0x000000008b400000| Untracked 
| 181|0x000000008b500000, 0x000000008b500000, 0x000000008b600000|  0%| F|  |TAMS 0x000000008b500000, 0x000000008b500000| Untracked 
| 182|0x000000008b600000, 0x000000008b600000, 0x000000008b700000|  0%| F|  |TAMS 0x000000008b600000, 0x000000008b600000| Untracked 
| 183|0x000000008b700000, 0x000000008b700000, 0x000000008b800000|  0%| F|  |TAMS 0x000000008b700000, 0x000000008b700000| Untracked 
| 184|0x000000008b800000, 0x000000008b800000, 0x000000008b900000|  0%| F|  |TAMS 0x000000008b800000, 0x000000008b800000| Untracked 
| 185|0x000000008b900000, 0x000000008b900000, 0x000000008ba00000|  0%| F|  |TAMS 0x000000008b900000, 0x000000008b900000| Untracked 
| 186|0x000000008ba00000, 0x000000008ba00000, 0x000000008bb00000|  0%| F|  |TAMS 0x000000008ba00000, 0x000000008ba00000| Untracked 
| 187|0x000000008bb00000, 0x000000008bb00000, 0x000000008bc00000|  0%| F|  |TAMS 0x000000008bb00000, 0x000000008bb00000| Untracked 
| 188|0x000000008bc00000, 0x000000008bc00000, 0x000000008bd00000|  0%| F|  |TAMS 0x000000008bc00000, 0x000000008bc00000| Untracked 
| 189|0x000000008bd00000, 0x000000008bd00000, 0x000000008be00000|  0%| F|  |TAMS 0x000000008bd00000, 0x000000008bd00000| Untracked 
| 190|0x000000008be00000, 0x000000008be00000, 0x000000008bf00000|  0%| F|  |TAMS 0x000000008be00000, 0x000000008be00000| Untracked 
| 191|0x000000008bf00000, 0x000000008bf00000, 0x000000008c000000|  0%| F|  |TAMS 0x000000008bf00000, 0x000000008bf00000| Untracked 
| 192|0x000000008c000000, 0x000000008c000000, 0x000000008c100000|  0%| F|  |TAMS 0x000000008c000000, 0x000000008c000000| Untracked 
| 193|0x000000008c100000, 0x000000008c100000, 0x000000008c200000|  0%| F|  |TAMS 0x000000008c100000, 0x000000008c100000| Untracked 
| 194|0x000000008c200000, 0x000000008c200000, 0x000000008c300000|  0%| F|  |TAMS 0x000000008c200000, 0x000000008c200000| Untracked 
| 195|0x000000008c300000, 0x000000008c300000, 0x000000008c400000|  0%| F|  |TAMS 0x000000008c300000, 0x000000008c300000| Untracked 
| 196|0x000000008c400000, 0x000000008c400000, 0x000000008c500000|  0%| F|  |TAMS 0x000000008c400000, 0x000000008c400000| Untracked 
| 197|0x000000008c500000, 0x000000008c500000, 0x000000008c600000|  0%| F|  |TAMS 0x000000008c500000, 0x000000008c500000| Untracked 
| 198|0x000000008c600000, 0x000000008c600000, 0x000000008c700000|  0%| F|  |TAMS 0x000000008c600000, 0x000000008c600000| Untracked 
| 199|0x000000008c700000, 0x000000008c700000, 0x000000008c800000|  0%| F|  |TAMS 0x000000008c700000, 0x000000008c700000| Untracked 
| 200|0x000000008c800000, 0x000000008c800000, 0x000000008c900000|  0%| F|  |TAMS 0x000000008c800000, 0x000000008c800000| Untracked 
| 201|0x000000008c900000, 0x000000008c900000, 0x000000008ca00000|  0%| F|  |TAMS 0x000000008c900000, 0x000000008c900000| Untracked 
| 202|0x000000008ca00000, 0x000000008ca00000, 0x000000008cb00000|  0%| F|  |TAMS 0x000000008ca00000, 0x000000008ca00000| Untracked 
| 203|0x000000008cb00000, 0x000000008cb00000, 0x000000008cc00000|  0%| F|  |TAMS 0x000000008cb00000, 0x000000008cb00000| Untracked 
| 204|0x000000008cc00000, 0x000000008cc00000, 0x000000008cd00000|  0%| F|  |TAMS 0x000000008cc00000, 0x000000008cc00000| Untracked 
| 205|0x000000008cd00000, 0x000000008cd00000, 0x000000008ce00000|  0%| F|  |TAMS 0x000000008cd00000, 0x000000008cd00000| Untracked 
| 206|0x000000008ce00000, 0x000000008ce00000, 0x000000008cf00000|  0%| F|  |TAMS 0x000000008ce00000, 0x000000008ce00000| Untracked 
| 207|0x000000008cf00000, 0x000000008cf00000, 0x000000008d000000|  0%| F|  |TAMS 0x000000008cf00000, 0x000000008cf00000| Untracked 
| 208|0x000000008d000000, 0x000000008d000000, 0x000000008d100000|  0%| F|  |TAMS 0x000000008d000000, 0x000000008d000000| Untracked 
| 209|0x000000008d100000, 0x000000008d100000, 0x000000008d200000|  0%| F|  |TAMS 0x000000008d100000, 0x000000008d100000| Untracked 
| 210|0x000000008d200000, 0x000000008d200000, 0x000000008d300000|  0%| F|  |TAMS 0x000000008d200000, 0x000000008d200000| Untracked 
| 211|0x000000008d300000, 0x000000008d300000, 0x000000008d400000|  0%| F|  |TAMS 0x000000008d300000, 0x000000008d300000| Untracked 
| 212|0x000000008d400000, 0x000000008d400000, 0x000000008d500000|  0%| F|  |TAMS 0x000000008d400000, 0x000000008d400000| Untracked 
| 213|0x000000008d500000, 0x000000008d500000, 0x000000008d600000|  0%| F|  |TAMS 0x000000008d500000, 0x000000008d500000| Untracked 
| 214|0x000000008d600000, 0x000000008d600000, 0x000000008d700000|  0%| F|  |TAMS 0x000000008d600000, 0x000000008d600000| Untracked 
| 215|0x000000008d700000, 0x000000008d700000, 0x000000008d800000|  0%| F|  |TAMS 0x000000008d700000, 0x000000008d700000| Untracked 
| 216|0x000000008d800000, 0x000000008d800000, 0x000000008d900000|  0%| F|  |TAMS 0x000000008d800000, 0x000000008d800000| Untracked 
| 217|0x000000008d900000, 0x000000008d900000, 0x000000008da00000|  0%| F|  |TAMS 0x000000008d900000, 0x000000008d900000| Untracked 
| 218|0x000000008da00000, 0x000000008da00000, 0x000000008db00000|  0%| F|  |TAMS 0x000000008da00000, 0x000000008da00000| Untracked 
| 219|0x000000008db00000, 0x000000008db00000, 0x000000008dc00000|  0%| F|  |TAMS 0x000000008db00000, 0x000000008db00000| Untracked 
| 220|0x000000008dc00000, 0x000000008dc00000, 0x000000008dd00000|  0%| F|  |TAMS 0x000000008dc00000, 0x000000008dc00000| Untracked 
| 221|0x000000008dd00000, 0x000000008dd00000, 0x000000008de00000|  0%| F|  |TAMS 0x000000008dd00000, 0x000000008dd00000| Untracked 
| 222|0x000000008de00000, 0x000000008de00000, 0x000000008df00000|  0%| F|  |TAMS 0x000000008de00000, 0x000000008de00000| Untracked 
| 223|0x000000008df00000, 0x000000008df00000, 0x000000008e000000|  0%| F|  |TAMS 0x000000008df00000, 0x000000008df00000| Untracked 
| 224|0x000000008e000000, 0x000000008e000000, 0x000000008e100000|  0%| F|  |TAMS 0x000000008e000000, 0x000000008e000000| Untracked 
| 225|0x000000008e100000, 0x000000008e100000, 0x000000008e200000|  0%| F|  |TAMS 0x000000008e100000, 0x000000008e100000| Untracked 
| 226|0x000000008e200000, 0x000000008e200000, 0x000000008e300000|  0%| F|  |TAMS 0x000000008e200000, 0x000000008e200000| Untracked 
| 227|0x000000008e300000, 0x000000008e300000, 0x000000008e400000|  0%| F|  |TAMS 0x000000008e300000, 0x000000008e300000| Untracked 
| 228|0x000000008e400000, 0x000000008e400000, 0x000000008e500000|  0%| F|  |TAMS 0x000000008e400000, 0x000000008e400000| Untracked 
| 229|0x000000008e500000, 0x000000008e500000, 0x000000008e600000|  0%| F|  |TAMS 0x000000008e500000, 0x000000008e500000| Untracked 
| 230|0x000000008e600000, 0x000000008e600000, 0x000000008e700000|  0%| F|  |TAMS 0x000000008e600000, 0x000000008e600000| Untracked 
| 231|0x000000008e700000, 0x000000008e700000, 0x000000008e800000|  0%| F|  |TAMS 0x000000008e700000, 0x000000008e700000| Untracked 
| 232|0x000000008e800000, 0x000000008e800000, 0x000000008e900000|  0%| F|  |TAMS 0x000000008e800000, 0x000000008e800000| Untracked 
| 233|0x000000008e900000, 0x000000008e900000, 0x000000008ea00000|  0%| F|  |TAMS 0x000000008e900000, 0x000000008e900000| Untracked 
| 234|0x000000008ea00000, 0x000000008ea00000, 0x000000008eb00000|  0%| F|  |TAMS 0x000000008ea00000, 0x000000008ea00000| Untracked 
| 235|0x000000008eb00000, 0x000000008eb00000, 0x000000008ec00000|  0%| F|  |TAMS 0x000000008eb00000, 0x000000008eb00000| Untracked 
| 236|0x000000008ec00000, 0x000000008ec00000, 0x000000008ed00000|  0%| F|  |TAMS 0x000000008ec00000, 0x000000008ec00000| Untracked 
| 237|0x000000008ed00000, 0x000000008ed00000, 0x000000008ee00000|  0%| F|  |TAMS 0x000000008ed00000, 0x000000008ed00000| Untracked 
| 238|0x000000008ee00000, 0x000000008ef00000, 0x000000008ef00000|100%| S|CS|TAMS 0x000000008ee00000, 0x000000008ee00000| Complete 
| 239|0x000000008ef00000, 0x000000008f000000, 0x000000008f000000|100%| S|CS|TAMS 0x000000008ef00000, 0x000000008ef00000| Complete 
| 240|0x000000008f000000, 0x000000008f100000, 0x000000008f100000|100%| S|CS|TAMS 0x000000008f000000, 0x000000008f000000| Complete 
| 241|0x000000008f100000, 0x000000008f200000, 0x000000008f200000|100%| S|CS|TAMS 0x000000008f100000, 0x000000008f100000| Complete 
| 242|0x000000008f200000, 0x000000008f300000, 0x000000008f300000|100%| S|CS|TAMS 0x000000008f200000, 0x000000008f200000| Complete 
| 243|0x000000008f300000, 0x000000008f400000, 0x000000008f400000|100%| S|CS|TAMS 0x000000008f300000, 0x000000008f300000| Complete 
| 244|0x000000008f400000, 0x000000008f500000, 0x000000008f500000|100%| S|CS|TAMS 0x000000008f400000, 0x000000008f400000| Complete 
| 245|0x000000008f500000, 0x000000008f500000, 0x000000008f600000|  0%| F|  |TAMS 0x000000008f500000, 0x000000008f500000| Untracked 
| 246|0x000000008f600000, 0x000000008f600000, 0x000000008f700000|  0%| F|  |TAMS 0x000000008f600000, 0x000000008f600000| Untracked 
| 247|0x000000008f700000, 0x000000008f700000, 0x000000008f800000|  0%| F|  |TAMS 0x000000008f700000, 0x000000008f700000| Untracked 
| 248|0x000000008f800000, 0x000000008f800000, 0x000000008f900000|  0%| F|  |TAMS 0x000000008f800000, 0x000000008f800000| Untracked 
| 249|0x000000008f900000, 0x000000008f900000, 0x000000008fa00000|  0%| F|  |TAMS 0x000000008f900000, 0x000000008f900000| Untracked 
| 250|0x000000008fa00000, 0x000000008fa00000, 0x000000008fb00000|  0%| F|  |TAMS 0x000000008fa00000, 0x000000008fa00000| Untracked 
| 251|0x000000008fb00000, 0x000000008fb00000, 0x000000008fc00000|  0%| F|  |TAMS 0x000000008fb00000, 0x000000008fb00000| Untracked 
| 252|0x000000008fc00000, 0x000000008fc00000, 0x000000008fd00000|  0%| F|  |TAMS 0x000000008fc00000, 0x000000008fc00000| Untracked 
| 253|0x000000008fd00000, 0x000000008fd00000, 0x000000008fe00000|  0%| F|  |TAMS 0x000000008fd00000, 0x000000008fd00000| Untracked 
| 254|0x000000008fe00000, 0x000000008fe00000, 0x000000008ff00000|  0%| F|  |TAMS 0x000000008fe00000, 0x000000008fe00000| Untracked 
| 255|0x000000008ff00000, 0x000000008ff00000, 0x0000000090000000|  0%| F|  |TAMS 0x000000008ff00000, 0x000000008ff00000| Untracked 
| 256|0x0000000090000000, 0x0000000090000000, 0x0000000090100000|  0%| F|  |TAMS 0x0000000090000000, 0x0000000090000000| Untracked 
| 257|0x0000000090100000, 0x0000000090100000, 0x0000000090200000|  0%| F|  |TAMS 0x0000000090100000, 0x0000000090100000| Untracked 
| 258|0x0000000090200000, 0x0000000090200000, 0x0000000090300000|  0%| F|  |TAMS 0x0000000090200000, 0x0000000090200000| Untracked 
| 259|0x0000000090300000, 0x0000000090300000, 0x0000000090400000|  0%| F|  |TAMS 0x0000000090300000, 0x0000000090300000| Untracked 
| 260|0x0000000090400000, 0x0000000090400000, 0x0000000090500000|  0%| F|  |TAMS 0x0000000090400000, 0x0000000090400000| Untracked 
| 261|0x0000000090500000, 0x0000000090500000, 0x0000000090600000|  0%| F|  |TAMS 0x0000000090500000, 0x0000000090500000| Untracked 
| 262|0x0000000090600000, 0x0000000090600000, 0x0000000090700000|  0%| F|  |TAMS 0x0000000090600000, 0x0000000090600000| Untracked 
| 263|0x0000000090700000, 0x0000000090700000, 0x0000000090800000|  0%| F|  |TAMS 0x0000000090700000, 0x0000000090700000| Untracked 
| 264|0x0000000090800000, 0x0000000090800000, 0x0000000090900000|  0%| F|  |TAMS 0x0000000090800000, 0x0000000090800000| Untracked 
| 265|0x0000000090900000, 0x0000000090900000, 0x0000000090a00000|  0%| F|  |TAMS 0x0000000090900000, 0x0000000090900000| Untracked 
| 266|0x0000000090a00000, 0x0000000090a00000, 0x0000000090b00000|  0%| F|  |TAMS 0x0000000090a00000, 0x0000000090a00000| Untracked 
| 267|0x0000000090b00000, 0x0000000090b00000, 0x0000000090c00000|  0%| F|  |TAMS 0x0000000090b00000, 0x0000000090b00000| Untracked 
| 268|0x0000000090c00000, 0x0000000090c00000, 0x0000000090d00000|  0%| F|  |TAMS 0x0000000090c00000, 0x0000000090c00000| Untracked 
| 269|0x0000000090d00000, 0x0000000090d00000, 0x0000000090e00000|  0%| F|  |TAMS 0x0000000090d00000, 0x0000000090d00000| Untracked 
| 270|0x0000000090e00000, 0x0000000090e00000, 0x0000000090f00000|  0%| F|  |TAMS 0x0000000090e00000, 0x0000000090e00000| Untracked 
| 271|0x0000000090f00000, 0x0000000090f00000, 0x0000000091000000|  0%| F|  |TAMS 0x0000000090f00000, 0x0000000090f00000| Untracked 
| 272|0x0000000091000000, 0x0000000091000000, 0x0000000091100000|  0%| F|  |TAMS 0x0000000091000000, 0x0000000091000000| Untracked 
| 273|0x0000000091100000, 0x0000000091100000, 0x0000000091200000|  0%| F|  |TAMS 0x0000000091100000, 0x0000000091100000| Untracked 
| 274|0x0000000091200000, 0x0000000091200000, 0x0000000091300000|  0%| F|  |TAMS 0x0000000091200000, 0x0000000091200000| Untracked 
| 275|0x0000000091300000, 0x0000000091300000, 0x0000000091400000|  0%| F|  |TAMS 0x0000000091300000, 0x0000000091300000| Untracked 
| 276|0x0000000091400000, 0x0000000091400000, 0x0000000091500000|  0%| F|  |TAMS 0x0000000091400000, 0x0000000091400000| Untracked 
| 277|0x0000000091500000, 0x0000000091500000, 0x0000000091600000|  0%| F|  |TAMS 0x0000000091500000, 0x0000000091500000| Untracked 
| 278|0x0000000091600000, 0x0000000091600000, 0x0000000091700000|  0%| F|  |TAMS 0x0000000091600000, 0x0000000091600000| Untracked 
| 279|0x0000000091700000, 0x0000000091700000, 0x0000000091800000|  0%| F|  |TAMS 0x0000000091700000, 0x0000000091700000| Untracked 
| 280|0x0000000091800000, 0x0000000091800000, 0x0000000091900000|  0%| F|  |TAMS 0x0000000091800000, 0x0000000091800000| Untracked 
| 281|0x0000000091900000, 0x0000000091900000, 0x0000000091a00000|  0%| F|  |TAMS 0x0000000091900000, 0x0000000091900000| Untracked 
| 282|0x0000000091a00000, 0x0000000091a00000, 0x0000000091b00000|  0%| F|  |TAMS 0x0000000091a00000, 0x0000000091a00000| Untracked 
| 283|0x0000000091b00000, 0x0000000091b00000, 0x0000000091c00000|  0%| F|  |TAMS 0x0000000091b00000, 0x0000000091b00000| Untracked 
| 284|0x0000000091c00000, 0x0000000091c00000, 0x0000000091d00000|  0%| F|  |TAMS 0x0000000091c00000, 0x0000000091c00000| Untracked 
| 285|0x0000000091d00000, 0x0000000091d00000, 0x0000000091e00000|  0%| F|  |TAMS 0x0000000091d00000, 0x0000000091d00000| Untracked 
| 286|0x0000000091e00000, 0x0000000091e00000, 0x0000000091f00000|  0%| F|  |TAMS 0x0000000091e00000, 0x0000000091e00000| Untracked 
| 287|0x0000000091f00000, 0x0000000091f00000, 0x0000000092000000|  0%| F|  |TAMS 0x0000000091f00000, 0x0000000091f00000| Untracked 
| 288|0x0000000092000000, 0x0000000092000000, 0x0000000092100000|  0%| F|  |TAMS 0x0000000092000000, 0x0000000092000000| Untracked 
| 289|0x0000000092100000, 0x0000000092100000, 0x0000000092200000|  0%| F|  |TAMS 0x0000000092100000, 0x0000000092100000| Untracked 
| 290|0x0000000092200000, 0x0000000092200000, 0x0000000092300000|  0%| F|  |TAMS 0x0000000092200000, 0x0000000092200000| Untracked 
| 291|0x0000000092300000, 0x0000000092300000, 0x0000000092400000|  0%| F|  |TAMS 0x0000000092300000, 0x0000000092300000| Untracked 
| 292|0x0000000092400000, 0x0000000092400000, 0x0000000092500000|  0%| F|  |TAMS 0x0000000092400000, 0x0000000092400000| Untracked 
| 293|0x0000000092500000, 0x0000000092500000, 0x0000000092600000|  0%| F|  |TAMS 0x0000000092500000, 0x0000000092500000| Untracked 
| 294|0x0000000092600000, 0x0000000092600000, 0x0000000092700000|  0%| F|  |TAMS 0x0000000092600000, 0x0000000092600000| Untracked 
| 295|0x0000000092700000, 0x0000000092700000, 0x0000000092800000|  0%| F|  |TAMS 0x0000000092700000, 0x0000000092700000| Untracked 
| 296|0x0000000092800000, 0x0000000092800000, 0x0000000092900000|  0%| F|  |TAMS 0x0000000092800000, 0x0000000092800000| Untracked 
| 297|0x0000000092900000, 0x0000000092900000, 0x0000000092a00000|  0%| F|  |TAMS 0x0000000092900000, 0x0000000092900000| Untracked 
| 298|0x0000000092a00000, 0x0000000092a00000, 0x0000000092b00000|  0%| F|  |TAMS 0x0000000092a00000, 0x0000000092a00000| Untracked 

Card table byte_map: [0x0000000014fe0000,0x00000000153e0000] _byte_map_base: 0x0000000014be0000

Marking Bits (Prev, Next): (CMBitMap*) 0x0000000002b88620, (CMBitMap*) 0x0000000002b88660
 Prev Bits: [0x00000000157e0000, 0x00000000177e0000)
 Next Bits: [0x00000000177e0000, 0x00000000197e0000)

Polling page: 0x0000000000490000

Metaspace:

Usage:
  Non-class:    114.98 MB used.
      Class:     17.77 MB used.
       Both:    132.76 MB used.

Virtual space:
  Non-class space:      120.00 MB reserved,     115.56 MB ( 96%) committed,  15 nodes.
      Class space:        1.00 GB reserved,      18.25 MB (  2%) committed,  1 nodes.
             Both:        1.12 GB reserved,     133.81 MB ( 12%) committed. 

Chunk freelists:
   Non-Class:  48.00 KB
       Class:  1.58 MB
        Both:  1.62 MB

MaxMetaspaceSize: unlimited
CompressedClassSpaceSize: 1.00 GB
Initial GC threshold: 21.00 MB
Current GC threshold: 222.44 MB
CDS: off
MetaspaceReclaimPolicy: balanced
 - commit_granule_bytes: 65536.
 - commit_granule_words: 8192.
 - virtual_space_node_default_size: 1048576.
 - enlarge_chunks_in_place: 1.
 - new_chunks_are_fully_committed: 0.
 - uncommit_free_chunks: 1.
 - use_allocation_guard: 0.
 - handle_deallocations: 1.


Internal statistics:

num_allocs_failed_limit: 15.
num_arena_births: 1882.
num_arena_deaths: 0.
num_vsnodes_births: 16.
num_vsnodes_deaths: 0.
num_space_committed: 2140.
num_space_uncommitted: 0.
num_chunks_returned_to_freelist: 15.
num_chunks_taken_from_freelist: 7205.
num_chunk_merges: 15.
num_chunk_splits: 4699.
num_chunks_enlarged: 3047.
num_purges: 0.
num_inconsistent_stats: 0.

CodeHeap 'non-profiled nmethods': size=120064Kb used=14031Kb max_used=14031Kb free=106032Kb
 bounds [0x000000000daa0000, 0x000000000e860000, 0x0000000014fe0000]
CodeHeap 'profiled nmethods': size=120000Kb used=38940Kb max_used=38940Kb free=81059Kb
 bounds [0x0000000005fe0000, 0x00000000085f0000, 0x000000000d510000]
CodeHeap 'non-nmethods': size=5696Kb used=2476Kb max_used=2530Kb free=3220Kb
 bounds [0x000000000d510000, 0x000000000d7a0000, 0x000000000daa0000]
 total_blobs=20990 nmethods=19959 adapters=942
 compilation: enabled
              stopped_count=0, restarted_count=0
 full_count=0

Compilation events (20 events):
Event: 4335.703 Thread 0x000000001cd20e90 24280       3       org.gradle.api.internal.tasks.execution.TaskExecution::ensureLegacySnapshottingInputsClosed (18 bytes)
Event: 4335.705 Thread 0x000000001cd20e90 nmethod 24280 0x00000000085dc810 code [0x00000000085dca20, 0x00000000085dd1e8]
Event: 4335.718 Thread 0x000000001cd20e90 24281       3       org.gradle.api.internal.artifacts.repositories.resolver.ExternalResourceResolver$AbstractRepositoryAccess::<init> (10 bytes)
Event: 4335.722 Thread 0x000000001cd20e90 nmethod 24281 0x00000000085dd490 code [0x00000000085dd620, 0x00000000085dd7f8]
Event: 4335.722 Thread 0x000000001cd20e90 24282       3       org.gradle.api.internal.artifacts.repositories.resolver.MavenResolver::getWholePattern (14 bytes)
Event: 4335.725 Thread 0x000000001cd20e90 nmethod 24282 0x00000000085dd910 code [0x00000000085ddac0, 0x00000000085ddcc8]
Event: 4335.725 Thread 0x000000001cd20e90 24283       3       org.gradle.api.internal.artifacts.repositories.resolver.M2ResourcePattern::<init> (7 bytes)
Event: 4335.725 Thread 0x000000001cd20e90 nmethod 24283 0x00000000085dde10 code [0x00000000085ddfa0, 0x00000000085de0e8]
Event: 4335.725 Thread 0x000000001cd20e90 24284       3       org.gradle.api.internal.artifacts.repositories.resolver.AbstractResourcePattern::<init> (14 bytes)
Event: 4335.727 Thread 0x000000001cd20e90 nmethod 24284 0x00000000085de190 code [0x00000000085de380, 0x00000000085de808]
Event: 4335.728 Thread 0x000000001cd20e90 24285       3       org.gradle.internal.resource.ExternalResourceName::<init> (16 bytes)
Event: 4335.728 Thread 0x000000001cd20e90 nmethod 24285 0x00000000085dea10 code [0x00000000085debe0, 0x00000000085def58]
Event: 4335.728 Thread 0x000000001cd20e90 24286       3       org.gradle.internal.resource.ExternalResourceName::encodeRoot (278 bytes)
Event: 4335.735 Thread 0x000000001cd20e90 nmethod 24286 0x00000000085df090 code [0x00000000085df8c0, 0x00000000085e40f8]
Event: 4335.777 Thread 0x000000001cd1dff0 24288       4       org.gradle.internal.execution.steps.ValidateStep$$Lambda$558/0x00000001005e94b0::accept (20 bytes)
Event: 4335.780 Thread 0x000000001cd1dff0 nmethod 24288 0x000000000e853990 code [0x000000000e853b20, 0x000000000e853cb8]
Event: 4335.829 Thread 0x000000001cd20e90 24289       3       sun.security.provider.DigestBase::<init> (27 bytes)
Event: 4335.829 Thread 0x000000001cd20e90 nmethod 24289 0x00000000085e5810 code [0x00000000085e59c0, 0x00000000085e5cd8]
Event: 4335.830 Thread 0x000000001cd20e90 24290   !   3       java.security.MessageDigest$Delegate::of (84 bytes)
Event: 4335.833 Thread 0x000000001cd20e90 nmethod 24290 0x00000000085e5e10 code [0x00000000085e60a0, 0x00000000085e6e98]

GC Heap History (20 events):
Event: 876.733 GC heap after
{Heap after GC invocations=72 (full 0):
 garbage-first heap   total 295936K, used 157208K [0x0000000080000000, 0x0000000100000000)
  region size 1024K, 12 young (12288K), 12 survivors (12288K)
 Metaspace       used 134792K, committed 135872K, reserved 1171456K
  class space    used 18181K, committed 18688K, reserved 1048576K
}
Event: 876.766 GC heap before
{Heap before GC invocations=72 (full 0):
 garbage-first heap   total 295936K, used 159256K [0x0000000080000000, 0x0000000100000000)
  region size 1024K, 14 young (14336K), 12 survivors (12288K)
 Metaspace       used 134796K, committed 135872K, reserved 1171456K
  class space    used 18181K, committed 18688K, reserved 1048576K
}
Event: 877.257 GC heap after
{Heap after GC invocations=73 (full 0):
 garbage-first heap   total 295936K, used 149251K [0x0000000080000000, 0x0000000100000000)
  region size 1024K, 1 young (1024K), 1 survivors (1024K)
 Metaspace       used 134796K, committed 135872K, reserved 1171456K
  class space    used 18181K, committed 18688K, reserved 1048576K
}
Event: 889.926 GC heap before
{Heap before GC invocations=73 (full 0):
 garbage-first heap   total 295936K, used 202499K [0x0000000080000000, 0x0000000100000000)
  region size 1024K, 55 young (56320K), 1 survivors (1024K)
 Metaspace       used 135124K, committed 136192K, reserved 1171456K
  class space    used 18188K, committed 18688K, reserved 1048576K
}
Event: 889.958 GC heap after
{Heap after GC invocations=74 (full 0):
 garbage-first heap   total 295936K, used 151299K [0x0000000080000000, 0x0000000100000000)
  region size 1024K, 3 young (3072K), 3 survivors (3072K)
 Metaspace       used 135124K, committed 136192K, reserved 1171456K
  class space    used 18188K, committed 18688K, reserved 1048576K
}
Event: 1014.517 GC heap before
{Heap before GC invocations=75 (full 0):
 garbage-first heap   total 296960K, used 262915K [0x0000000080000000, 0x0000000100000000)
  region size 1024K, 95 young (97280K), 3 survivors (3072K)
 Metaspace       used 135402K, committed 136448K, reserved 1171456K
  class space    used 18198K, committed 18688K, reserved 1048576K
}
Event: 1014.780 GC heap after
{Heap after GC invocations=76 (full 0):
 garbage-first heap   total 296960K, used 157722K [0x0000000080000000, 0x0000000100000000)
  region size 1024K, 12 young (12288K), 12 survivors (12288K)
 Metaspace       used 135402K, committed 136448K, reserved 1171456K
  class space    used 18198K, committed 18688K, reserved 1048576K
}
Event: 1014.874 GC heap before
{Heap before GC invocations=76 (full 0):
 garbage-first heap   total 296960K, used 159770K [0x0000000080000000, 0x0000000100000000)
  region size 1024K, 14 young (14336K), 12 survivors (12288K)
 Metaspace       used 135402K, committed 136448K, reserved 1171456K
  class space    used 18198K, committed 18688K, reserved 1048576K
}
Event: 1015.296 GC heap after
{Heap after GC invocations=77 (full 0):
 garbage-first heap   total 296960K, used 151765K [0x0000000080000000, 0x0000000100000000)
  region size 1024K, 1 young (1024K), 1 survivors (1024K)
 Metaspace       used 135402K, committed 136448K, reserved 1171456K
  class space    used 18198K, committed 18688K, reserved 1048576K
}
Event: 1029.046 GC heap before
{Heap before GC invocations=77 (full 0):
 garbage-first heap   total 296960K, used 199893K [0x0000000080000000, 0x0000000100000000)
  region size 1024K, 50 young (51200K), 1 survivors (1024K)
 Metaspace       used 135606K, committed 136640K, reserved 1171456K
  class space    used 18199K, committed 18688K, reserved 1048576K
}
Event: 1029.080 GC heap after
{Heap after GC invocations=78 (full 0):
 garbage-first heap   total 296960K, used 153493K [0x0000000080000000, 0x0000000100000000)
  region size 1024K, 3 young (3072K), 3 survivors (3072K)
 Metaspace       used 135606K, committed 136640K, reserved 1171456K
  class space    used 18199K, committed 18688K, reserved 1048576K
}
Event: 4258.273 GC heap before
{Heap before GC invocations=79 (full 0):
 garbage-first heap   total 306176K, used 263061K [0x0000000080000000, 0x0000000100000000)
  region size 1024K, 91 young (93184K), 3 survivors (3072K)
 Metaspace       used 135737K, committed 136768K, reserved 1171456K
  class space    used 18199K, committed 18688K, reserved 1048576K
}
Event: 4258.701 GC heap after
{Heap after GC invocations=80 (full 0):
 garbage-first heap   total 306176K, used 152757K [0x0000000080000000, 0x0000000100000000)
  region size 1024K, 2 young (2048K), 2 survivors (2048K)
 Metaspace       used 135737K, committed 136768K, reserved 1171456K
  class space    used 18199K, committed 18688K, reserved 1048576K
}
Event: 4324.667 GC heap before
{Heap before GC invocations=80 (full 0):
 garbage-first heap   total 306176K, used 164021K [0x0000000080000000, 0x0000000100000000)
  region size 1024K, 14 young (14336K), 2 survivors (2048K)
 Metaspace       used 135742K, committed 136768K, reserved 1171456K
  class space    used 18199K, committed 18688K, reserved 1048576K
}
Event: 4325.120 GC heap after
{Heap after GC invocations=81 (full 0):
 garbage-first heap   total 306176K, used 145347K [0x0000000080000000, 0x0000000100000000)
  region size 1024K, 1 young (1024K), 1 survivors (1024K)
 Metaspace       used 135742K, committed 136768K, reserved 1171456K
  class space    used 18199K, committed 18688K, reserved 1048576K
}
Event: 4326.308 GC heap before
{Heap before GC invocations=81 (full 0):
 garbage-first heap   total 306176K, used 158659K [0x0000000080000000, 0x0000000100000000)
  region size 1024K, 14 young (14336K), 1 survivors (1024K)
 Metaspace       used 135751K, committed 136768K, reserved 1171456K
  class space    used 18199K, committed 18688K, reserved 1048576K
}
Event: 4326.382 GC heap after
{Heap after GC invocations=82 (full 0):
 garbage-first heap   total 306176K, used 146432K [0x0000000080000000, 0x0000000100000000)
  region size 1024K, 2 young (2048K), 2 survivors (2048K)
 Metaspace       used 135751K, committed 136768K, reserved 1171456K
  class space    used 18199K, committed 18688K, reserved 1048576K
}
Event: 4327.790 GC heap before
{Heap before GC invocations=82 (full 0):
 garbage-first heap   total 306176K, used 157696K [0x0000000080000000, 0x0000000100000000)
  region size 1024K, 14 young (14336K), 2 survivors (2048K)
 Metaspace       used 135778K, committed 136768K, reserved 1171456K
  class space    used 18199K, committed 18688K, reserved 1048576K
}
Event: 4327.917 GC heap after
{Heap after GC invocations=83 (full 0):
 garbage-first heap   total 306176K, used 146818K [0x0000000080000000, 0x0000000100000000)
  region size 1024K, 1 young (1024K), 1 survivors (1024K)
 Metaspace       used 135778K, committed 136768K, reserved 1171456K
  class space    used 18199K, committed 18688K, reserved 1048576K
}
Event: 4335.877 GC heap before
{Heap before GC invocations=83 (full 0):
 garbage-first heap   total 306176K, used 201090K [0x0000000080000000, 0x0000000100000000)
  region size 1024K, 54 young (55296K), 1 survivors (1024K)
 Metaspace       used 135945K, committed 137024K, reserved 1171456K
  class space    used 18200K, committed 18688K, reserved 1048576K
}

Dll operation events (3 events):
Event: 0.094 Loaded shared library C:\Program Files\Android\Android Studio\jbr\bin\java.dll
Event: 0.709 Loaded shared library C:\Program Files\Android\Android Studio\jbr\bin\zip.dll
Event: 1.564 Loaded shared library C:\Program Files\Android\Android Studio\jbr\bin\verify.dll

Deoptimization events (20 events):
Event: 4235.270 Thread 0x000000001f782990 Uncommon trap: trap_request=0xffffff45 fr.pc=0x000000000e7d56e0 relative=0x0000000000001cc0
Event: 4235.270 Thread 0x000000001f782990 Uncommon trap: reason=unstable_if action=reinterpret pc=0x000000000e7d56e0 method=java.text.DigitList.isZero()Z @ 7 c2
Event: 4235.270 Thread 0x000000001f782990 DEOPT PACKING pc=0x000000000e7d56e0 sp=0x00000000213de210
Event: 4235.270 Thread 0x000000001f782990 DEOPT UNPACKING pc=0x000000000d56699d sp=0x00000000213de0f8 mode 2
Event: 4328.201 Thread 0x0000000020de2d00 Uncommon trap: trap_request=0xffffffbe fr.pc=0x000000000e7a229c relative=0x00000000000002fc
Event: 4328.201 Thread 0x0000000020de2d00 Uncommon trap: reason=profile_predicate action=maybe_recompile pc=0x000000000e7a229c method=java.util.regex.Pattern$Slice.match(Ljava/util/regex/Matcher;ILjava/lang/CharSequence;)Z @ 18 c2
Event: 4328.201 Thread 0x0000000020de2d00 DEOPT PACKING pc=0x000000000e7a229c sp=0x00000000215d8c50
Event: 4328.202 Thread 0x0000000020de2d00 DEOPT UNPACKING pc=0x000000000d56699d sp=0x00000000215d8bc0 mode 2
Event: 4328.202 Thread 0x0000000020de2d00 Uncommon trap: trap_request=0xffffffbe fr.pc=0x000000000e7a229c relative=0x00000000000002fc
Event: 4328.202 Thread 0x0000000020de2d00 Uncommon trap: reason=profile_predicate action=maybe_recompile pc=0x000000000e7a229c method=java.util.regex.Pattern$Slice.match(Ljava/util/regex/Matcher;ILjava/lang/CharSequence;)Z @ 18 c2
Event: 4328.202 Thread 0x0000000020de2d00 DEOPT PACKING pc=0x000000000e7a229c sp=0x00000000215d8c50
Event: 4328.202 Thread 0x0000000020de2d00 DEOPT UNPACKING pc=0x000000000d56699d sp=0x00000000215d8bc0 mode 2
Event: 4328.202 Thread 0x0000000020de2d00 Uncommon trap: trap_request=0xffffffbe fr.pc=0x000000000e7a229c relative=0x00000000000002fc
Event: 4328.202 Thread 0x0000000020de2d00 Uncommon trap: reason=profile_predicate action=maybe_recompile pc=0x000000000e7a229c method=java.util.regex.Pattern$Slice.match(Ljava/util/regex/Matcher;ILjava/lang/CharSequence;)Z @ 18 c2
Event: 4328.202 Thread 0x0000000020de2d00 DEOPT PACKING pc=0x000000000e7a229c sp=0x00000000215d8c50
Event: 4328.202 Thread 0x0000000020de2d00 DEOPT UNPACKING pc=0x000000000d56699d sp=0x00000000215d8bc0 mode 2
Event: 4328.202 Thread 0x0000000020de2d00 Uncommon trap: trap_request=0xffffffbe fr.pc=0x000000000e7a229c relative=0x00000000000002fc
Event: 4328.202 Thread 0x0000000020de2d00 Uncommon trap: reason=profile_predicate action=maybe_recompile pc=0x000000000e7a229c method=java.util.regex.Pattern$Slice.match(Ljava/util/regex/Matcher;ILjava/lang/CharSequence;)Z @ 18 c2
Event: 4328.202 Thread 0x0000000020de2d00 DEOPT PACKING pc=0x000000000e7a229c sp=0x00000000215d8c50
Event: 4328.202 Thread 0x0000000020de2d00 DEOPT UNPACKING pc=0x000000000d56699d sp=0x00000000215d8bc0 mode 2

Classes unloaded (0 events):
No events

Classes redefined (0 events):
No events

Internal exceptions (20 events):
Event: 1028.505 Thread 0x0000000020de6b90 Exception <a 'sun/nio/fs/WindowsException'{0x000000008fbe59f8}> (0x000000008fbe59f8) 
thrown [s\src\hotspot\share\prims\jni.cpp, line 517]
Event: 1028.505 Thread 0x0000000020de6b90 Exception <a 'sun/nio/fs/WindowsException'{0x000000008fbe5de8}> (0x000000008fbe5de8) 
thrown [s\src\hotspot\share\prims\jni.cpp, line 517]
Event: 1028.524 Thread 0x0000000020de4510 Exception <a 'sun/nio/fs/WindowsException'{0x000000008fa14940}> (0x000000008fa14940) 
thrown [s\src\hotspot\share\prims\jni.cpp, line 517]
Event: 1028.634 Thread 0x0000000020de4510 Exception <a 'sun/nio/fs/WindowsException'{0x000000008f8e4a30}> (0x000000008f8e4a30) 
thrown [s\src\hotspot\share\prims\jni.cpp, line 517]
Event: 1029.382 Thread 0x000000001fe49080 Exception <a 'sun/nio/fs/WindowsException'{0x0000000091f22040}> (0x0000000091f22040) 
thrown [s\src\hotspot\share\prims\jni.cpp, line 517]
Event: 1029.382 Thread 0x000000001fe49080 Exception <a 'sun/nio/fs/WindowsException'{0x0000000091f22420}> (0x0000000091f22420) 
thrown [s\src\hotspot\share\prims\jni.cpp, line 517]
Event: 1029.383 Thread 0x000000001fe49080 Exception <a 'sun/nio/fs/WindowsException'{0x0000000091f24310}> (0x0000000091f24310) 
thrown [s\src\hotspot\share\prims\jni.cpp, line 517]
Event: 1366.194 Thread 0x000000001f782990 Implicit null exception at 0x000000000dead4f2 to 0x000000000deadaf8
Event: 4324.173 Thread 0x0000000020de2d00 Exception <a 'sun/nio/fs/WindowsException'{0x000000009262f610}> (0x000000009262f610) 
thrown [s\src\hotspot\share\prims\jni.cpp, line 517]
Event: 4324.179 Thread 0x0000000020de2d00 Exception <a 'sun/nio/fs/WindowsException'{0x0000000092630c88}> (0x0000000092630c88) 
thrown [s\src\hotspot\share\prims\jni.cpp, line 517]
Event: 4324.179 Thread 0x0000000020de2d00 Exception <a 'sun/nio/fs/WindowsException'{0x0000000092632568}> (0x0000000092632568) 
thrown [s\src\hotspot\share\prims\jni.cpp, line 517]
Event: 4324.180 Thread 0x0000000020de2d00 Exception <a 'sun/nio/fs/WindowsException'{0x0000000092633bb0}> (0x0000000092633bb0) 
thrown [s\src\hotspot\share\prims\jni.cpp, line 517]
Event: 4327.460 Thread 0x0000000020de2d00 Exception <a 'sun/nio/fs/WindowsException'{0x0000000091f9e4a8}> (0x0000000091f9e4a8) 
thrown [s\src\hotspot\share\prims\jni.cpp, line 517]
Event: 4328.214 Thread 0x0000000020de2d00 Exception <a 'java/lang/NoSuchMethodError'{0x0000000092aa1868}: 'org.gradle.internal.buildoption.BuildOption$Value org.gradle.api.internal.StartParameterInternal.getIsolatedProjects()'> (0x0000000092aa1868) 
thrown [s\src\hotspot\share\interpreter\linkResolver.cpp, line 771]
Event: 4332.589 Thread 0x0000000020de2d00 Exception <a 'sun/nio/fs/WindowsException'{0x0000000091bb29c0}> (0x0000000091bb29c0) 
thrown [s\src\hotspot\share\prims\jni.cpp, line 517]
Event: 4333.132 Thread 0x0000000020de2d00 Exception <a 'sun/nio/fs/WindowsException'{0x0000000091a4f918}> (0x0000000091a4f918) 
thrown [s\src\hotspot\share\prims\jni.cpp, line 517]
Event: 4333.135 Thread 0x0000000020de2d00 Exception <a 'sun/nio/fs/WindowsException'{0x0000000091a50cb0}> (0x0000000091a50cb0) 
thrown [s\src\hotspot\share\prims\jni.cpp, line 517]
Event: 4333.135 Thread 0x0000000020de2d00 Exception <a 'sun/nio/fs/WindowsException'{0x0000000091a52098}> (0x0000000091a52098) 
thrown [s\src\hotspot\share\prims\jni.cpp, line 517]
Event: 4333.135 Thread 0x0000000020de2d00 Exception <a 'sun/nio/fs/WindowsException'{0x0000000091a53480}> (0x0000000091a53480) 
thrown [s\src\hotspot\share\prims\jni.cpp, line 517]
Event: 4334.374 Thread 0x0000000026e28090 Exception <a 'sun/nio/fs/WindowsException'{0x0000000091564610}> (0x0000000091564610) 
thrown [s\src\hotspot\share\prims\jni.cpp, line 517]

VM Operations (20 events):
Event: 4323.748 Executing VM operation: Cleanup done
Event: 4324.667 Executing VM operation: G1CollectForAllocation
Event: 4325.120 Executing VM operation: G1CollectForAllocation done
Event: 4326.307 Executing VM operation: G1CollectForAllocation
Event: 4326.382 Executing VM operation: G1CollectForAllocation done
Event: 4327.383 Executing VM operation: Cleanup
Event: 4327.384 Executing VM operation: Cleanup done
Event: 4327.790 Executing VM operation: G1CollectForAllocation
Event: 4327.933 Executing VM operation: G1CollectForAllocation done
Event: 4328.933 Executing VM operation: Cleanup
Event: 4328.934 Executing VM operation: Cleanup done
Event: 4329.935 Executing VM operation: Cleanup
Event: 4329.935 Executing VM operation: Cleanup done
Event: 4330.935 Executing VM operation: Cleanup
Event: 4330.935 Executing VM operation: Cleanup done
Event: 4331.936 Executing VM operation: Cleanup
Event: 4331.945 Executing VM operation: Cleanup done
Event: 4333.945 Executing VM operation: Cleanup
Event: 4333.955 Executing VM operation: Cleanup done
Event: 4335.876 Executing VM operation: G1CollectForAllocation

Events (20 events):
Event: 4322.833 Thread 0x0000000020de1e90 Thread added: 0x0000000020de1e90
Event: 4322.861 Thread 0x0000000020de2d00 Thread added: 0x0000000020de2d00
Event: 4322.914 Thread 0x0000000020de4510 Thread added: 0x0000000020de4510
Event: 4322.940 Thread 0x0000000020de31d0 Thread added: 0x0000000020de31d0
Event: 4322.948 Thread 0x0000000020de49e0 Thread added: 0x0000000020de49e0
Event: 4323.750 Thread 0x0000000026e2b580 Thread added: 0x0000000026e2b580
Event: 4323.777 Thread 0x0000000026e2a710 Thread added: 0x0000000026e2a710
Event: 4323.838 Thread 0x0000000026e2ba50 Thread added: 0x0000000026e2ba50
Event: 4323.854 Thread 0x0000000026e24ba0 Thread added: 0x0000000026e24ba0
Event: 4325.305 Thread 0x0000000026e263b0 Thread added: 0x0000000026e263b0
Event: 4325.924 Thread 0x0000000026e25540 Thread added: 0x0000000026e25540
Event: 4326.436 Thread 0x0000000026e26880 Thread added: 0x0000000026e26880
Event: 4326.990 Thread 0x0000000026e27220 Thread added: 0x0000000026e27220
Event: 4334.265 Thread 0x0000000026e28090 Thread added: 0x0000000026e28090
Event: 4334.272 Thread 0x000000001fe4d8b0 Thread added: 0x000000001fe4d8b0
Event: 4334.296 Thread 0x000000001fe46060 Thread added: 0x000000001fe46060
Event: 4335.107 Thread 0x000000001fe49a20 Thread added: 0x000000001fe49a20
Event: 4335.234 Thread 0x000000001fe46a00 Thread added: 0x000000001fe46a00
Event: 4335.737 Thread 0x000000001fe49ef0 Thread added: 0x000000001fe49ef0
Event: 4335.862 Thread 0x000000001fe47870 Thread added: 0x000000001fe47870


Dynamic libraries:
0x00007ff69da30000 - 0x00007ff69da3a000 	C:\Program Files\Android\Android Studio\jbr\bin\java.exe
0x00007ffce3fd0000 - 0x00007ffce41e7000 	C:\Windows\SYSTEM32\ntdll.dll
0x00007ffce36b0000 - 0x00007ffce3774000 	C:\Windows\System32\KERNEL32.DLL
0x00007ffce13e0000 - 0x00007ffce17b3000 	C:\Windows\System32\KERNELBASE.dll
0x00007ffcdde10000 - 0x00007ffcddea7000 	C:\Windows\SYSTEM32\apphelp.dll
0x00007ffce10e0000 - 0x00007ffce11f1000 	C:\Windows\System32\ucrtbase.dll
0x00007ffcad8a0000 - 0x00007ffcad8bb000 	C:\Program Files\Android\Android Studio\jbr\bin\VCRUNTIME140.dll
0x00007ffca7bf0000 - 0x00007ffca7c07000 	C:\Program Files\Android\Android Studio\jbr\bin\jli.dll
0x00007ffce3880000 - 0x00007ffce3a31000 	C:\Windows\System32\USER32.dll
0x00007ffce17c0000 - 0x00007ffce17e6000 	C:\Windows\System32\win32u.dll
0x00007ffce3b40000 - 0x00007ffce3b69000 	C:\Windows\System32\GDI32.dll
0x00007ffce1a10000 - 0x00007ffce1b2b000 	C:\Windows\System32\gdi32full.dll
0x00007ffce1340000 - 0x00007ffce13da000 	C:\Windows\System32\msvcp_win.dll
0x00007ffccc830000 - 0x00007ffcccac8000 	C:\Windows\WinSxS\amd64_microsoft.windows.common-controls_6595b64144ccf1df_6.0.22621.5124_none_270e8f4f7386d69d\COMCTL32.dll
0x00007ffce2f10000 - 0x00007ffce2fb7000 	C:\Windows\System32\msvcrt.dll
0x00007ffce3e90000 - 0x00007ffce3ec1000 	C:\Windows\System32\IMM32.DLL
0x00007ffcb8550000 - 0x00007ffcb855c000 	C:\Program Files\Android\Android Studio\jbr\bin\vcruntime140_1.dll
0x00007ffc89ad0000 - 0x00007ffc89b5d000 	C:\Program Files\Android\Android Studio\jbr\bin\msvcp140.dll
0x00007ffca7ee0000 - 0x00007ffca8b4e000 	C:\Program Files\Android\Android Studio\jbr\bin\server\jvm.dll
0x00007ffce3ed0000 - 0x00007ffce3f81000 	C:\Windows\System32\ADVAPI32.dll
0x00007ffce3600000 - 0x00007ffce36a7000 	C:\Windows\System32\sechost.dll
0x00007ffce19e0000 - 0x00007ffce1a08000 	C:\Windows\System32\bcrypt.dll
0x00007ffce2df0000 - 0x00007ffce2f04000 	C:\Windows\System32\RPCRT4.dll
0x00007ffcdaf50000 - 0x00007ffcdaf84000 	C:\Windows\SYSTEM32\WINMM.dll
0x00007ffcafed0000 - 0x00007ffcafed9000 	C:\Windows\SYSTEM32\WSOCK32.dll
0x00007ffccfc20000 - 0x00007ffccfc2a000 	C:\Windows\SYSTEM32\VERSION.dll
0x00007ffce1f90000 - 0x00007ffce2001000 	C:\Windows\System32\WS2_32.dll
0x00007ffce00e0000 - 0x00007ffce00f8000 	C:\Windows\SYSTEM32\kernel.appcore.dll
0x00007ffcdc570000 - 0x00007ffcdc57a000 	C:\Program Files\Android\Android Studio\jbr\bin\jimage.dll
0x00007ffcdea20000 - 0x00007ffcdec52000 	C:\Windows\SYSTEM32\DBGHELP.DLL
0x00007ffce2140000 - 0x00007ffce24d2000 	C:\Windows\System32\combase.dll
0x00007ffce3a40000 - 0x00007ffce3b17000 	C:\Windows\System32\OLEAUT32.dll
0x00007ffccc500000 - 0x00007ffccc532000 	C:\Windows\SYSTEM32\dbgcore.DLL
0x00007ffce1960000 - 0x00007ffce19db000 	C:\Windows\System32\bcryptPrimitives.dll
0x00007ffcaa7e0000 - 0x00007ffcaa7ee000 	C:\Program Files\Android\Android Studio\jbr\bin\instrument.dll
0x00007ffcb0490000 - 0x00007ffcb04b5000 	C:\Program Files\Android\Android Studio\jbr\bin\java.dll
0x00007ffcc6f60000 - 0x00007ffcc6f78000 	C:\Program Files\Android\Android Studio\jbr\bin\zip.dll
0x00007ffce24e0000 - 0x00007ffce2d76000 	C:\Windows\System32\SHELL32.dll
0x00007ffce1b30000 - 0x00007ffce1c6f000 	C:\Windows\System32\wintypes.dll
0x00007ffcdefc0000 - 0x00007ffcdf8da000 	C:\Windows\SYSTEM32\windows.storage.dll
0x00007ffce3070000 - 0x00007ffce317a000 	C:\Windows\System32\SHCORE.dll
0x00007ffce2d80000 - 0x00007ffce2de3000 	C:\Windows\System32\shlwapi.dll
0x00007ffce1010000 - 0x00007ffce103b000 	C:\Windows\SYSTEM32\profapi.dll
0x00007ffcb0470000 - 0x00007ffcb0489000 	C:\Program Files\Android\Android Studio\jbr\bin\net.dll
0x00007ffcda430000 - 0x00007ffcda55c000 	C:\Windows\SYSTEM32\WINHTTP.dll
0x00007ffce0560000 - 0x00007ffce05ca000 	C:\Windows\system32\mswsock.dll
0x00007ffcaa9e0000 - 0x00007ffcaa9f6000 	C:\Program Files\Android\Android Studio\jbr\bin\nio.dll
0x00007ffccfec0000 - 0x00007ffccfed0000 	C:\Program Files\Android\Android Studio\jbr\bin\verify.dll
0x00007ffcad870000 - 0x00007ffcad897000 	C:\Program Files\Android\Android Studio\jbr\native\68d5fa5c4cc2d200863cafc0d521ce42e7d3e7ee720ec0a83991735586a16f82\windows-amd64\native-platform.dll
0x00007ffc9e230000 - 0x00007ffc9e374000 	C:\Program Files\Android\Android Studio\jbr\native\e376f236ea51e6404a007f0833ffe2c6e607c4080706a723a18a27aeea778392\windows-amd64\native-platform-file-events.dll
0x00007ffccb370000 - 0x00007ffccb379000 	C:\Program Files\Android\Android Studio\jbr\bin\management.dll
0x00007ffcafde0000 - 0x00007ffcafdeb000 	C:\Program Files\Android\Android Studio\jbr\bin\management_ext.dll
0x00007ffce3800000 - 0x00007ffce3808000 	C:\Windows\System32\PSAPI.DLL
0x00007ffce07d0000 - 0x00007ffce07eb000 	C:\Windows\SYSTEM32\CRYPTSP.dll
0x00007ffce0040000 - 0x00007ffce0077000 	C:\Windows\system32\rsaenh.dll
0x00007ffce0630000 - 0x00007ffce0658000 	C:\Windows\SYSTEM32\USERENV.dll
0x00007ffce07f0000 - 0x00007ffce07fc000 	C:\Windows\SYSTEM32\CRYPTBASE.dll
0x00007ffcdfb80000 - 0x00007ffcdfbad000 	C:\Windows\SYSTEM32\IPHLPAPI.DLL
0x00007ffce2010000 - 0x00007ffce2019000 	C:\Windows\System32\NSI.dll
0x00007ffcd9870000 - 0x00007ffcd9889000 	C:\Windows\SYSTEM32\dhcpcsvc6.DLL
0x00007ffcd9780000 - 0x00007ffcd979f000 	C:\Windows\SYSTEM32\dhcpcsvc.DLL
0x00007ffcdfc00000 - 0x00007ffcdfd02000 	C:\Windows\SYSTEM32\DNSAPI.dll
0x00007ffcb3220000 - 0x00007ffcb3228000 	C:\Windows\system32\wshunix.dll
0x00007ffcdb570000 - 0x00007ffcdb587000 	C:\Windows\system32\napinsp.dll
0x00007ffcdb550000 - 0x00007ffcdb56b000 	C:\Windows\system32\pnrpnsp.dll
0x00007ffcd8750000 - 0x00007ffcd8761000 	C:\Windows\System32\winrnr.dll
0x00007ffca2220000 - 0x00007ffca2235000 	C:\Windows\system32\wshbth.dll
0x00007ffcaaa70000 - 0x00007ffcaaa97000 	C:\Windows\system32\nlansp_c.dll
0x00007ffcd27a0000 - 0x00007ffcd27aa000 	C:\Windows\System32\rasadhlp.dll
0x00007ffcd7db0000 - 0x00007ffcd7e33000 	C:\Windows\System32\fwpuclnt.dll
0x00007ffce01f0000 - 0x00007ffce0224000 	C:\Windows\SYSTEM32\ntmarta.dll
0x00007ffcdc580000 - 0x00007ffcdc587000 	C:\Program Files\Android\Android Studio\jbr\bin\rmi.dll

dbghelp: loaded successfully - version: 4.0.5 - missing functions: none
symbol engine: initialized successfully - sym options: 0x614 - pdb path: .;C:\Program Files\Android\Android Studio\jbr\bin;C:\Windows\SYSTEM32;C:\Windows\WinSxS\amd64_microsoft.windows.common-controls_6595b64144ccf1df_6.0.22621.5124_none_270e8f4f7386d69d;C:\Program Files\Android\Android Studio\jbr\bin\server;C:\Program Files\Android\Android Studio\jbr\native\68d5fa5c4cc2d200863cafc0d521ce42e7d3e7ee720ec0a83991735586a16f82\windows-amd64;C:\Program Files\Android\Android Studio\jbr\native\e376f236ea51e6404a007f0833ffe2c6e607c4080706a723a18a27aeea778392\windows-amd64

VM Arguments:
jvm_args: --add-opens=java.base/java.util=ALL-UNNAMED --add-opens=java.base/java.lang=ALL-UNNAMED --add-opens=java.base/java.lang.invoke=ALL-UNNAMED --add-opens=java.prefs/java.util.prefs=ALL-UNNAMED --add-opens=java.base/java.nio.charset=ALL-UNNAMED --add-opens=java.base/java.net=ALL-UNNAMED --add-opens=java.base/java.util.concurrent.atomic=ALL-UNNAMED -Xmx2048m -Dfile.encoding=UTF-8 -Duser.country=US -Duser.language=en -Duser.variant -javaagent:C:\Program Files\Android\Android Studio\jbr\wrapper\dists\gradle-8.1.1-all\bs1rrjki8hh9bujwbsqnxtuzr\gradle-8.1.1\lib\agents\gradle-instrumentation-agent-8.1.1.jar 
java_command: org.gradle.launcher.daemon.bootstrap.GradleDaemon 8.1.1
java_class_path (initial): C:\Program Files\Android\Android Studio\jbr\wrapper\dists\gradle-8.1.1-all\bs1rrjki8hh9bujwbsqnxtuzr\gradle-8.1.1\lib\gradle-launcher-8.1.1.jar
Launcher Type: SUN_STANDARD

[Global flags]
     intx CICompilerCount                          = 2                                         {product} {ergonomic}
     uint ConcGCThreads                            = 1                                         {product} {ergonomic}
     uint G1ConcRefinementThreads                  = 2                                         {product} {ergonomic}
   size_t G1HeapRegionSize                         = 1048576                                   {product} {ergonomic}
    uintx GCDrainStackTargetSize                   = 64                                        {product} {ergonomic}
   size_t InitialHeapSize                          = 62914560                                  {product} {ergonomic}
   size_t MarkStackSize                            = 4194304                                   {product} {ergonomic}
   size_t MaxHeapSize                              = 2147483648                                {product} {command line}
   size_t MaxNewSize                               = 1287651328                                {product} {ergonomic}
   size_t MinHeapDeltaBytes                        = 1048576                                   {product} {ergonomic}
   size_t MinHeapSize                              = 8388608                                   {product} {ergonomic}
    uintx NonNMethodCodeHeapSize                   = 5826188                                {pd product} {ergonomic}
    uintx NonProfiledCodeHeapSize                  = 122916026                              {pd product} {ergonomic}
    uintx ProfiledCodeHeapSize                     = 122916026                              {pd product} {ergonomic}
    uintx ReservedCodeCacheSize                    = 251658240                              {pd product} {ergonomic}
     bool SegmentedCodeCache                       = true                                      {product} {ergonomic}
   size_t SoftMaxHeapSize                          = 2147483648                             {manageable} {ergonomic}
     bool UseCompressedClassPointers               = true                           {product lp64_product} {ergonomic}
     bool UseCompressedOops                        = true                           {product lp64_product} {ergonomic}
     bool UseG1GC                                  = true                                      {product} {ergonomic}
     bool UseLargePagesIndividualAllocation        = false                                  {pd product} {ergonomic}

Logging:
Log output configuration:
 #0: stdout all=warning uptime,level,tags
 #1: stderr all=off uptime,level,tags

Environment Variables:
JAVA_HOME=C:\Program Files\Android\Android Studio\jbr

PATH=C:\Program Files (x86)\Common Files\Oracle\Java\java8path;C:\Program Files (x86)\Common Files\Oracle\Java\javapath;C:\Python312\Scripts\;C:\Python312\;C:\Windows\system32;C:\Windows;C:\Windows\System32\Wbem;C:\Windows\System32\WindowsPowerShell\v1.0\;C:\Windows\System32\OpenSSH\;C:\Program Files\dotnet\;C:\Program Files\Microsoft VS Code\bin;C:\Program Files\Git\cmd;C:\ProgramData\chocolatey\bin;C:\Program Files\Android\Android Studio\jbr\bin;C:\Program Files\Java\jdk-23\bin;C:\cygwin64\bin;C:\Program Files\usbipd-win\;C:\xampp\php;C:\ProgramData\ComposerSetup\bin;C:\Users\Admin\AppData\Local\Microsoft\WindowsApps;C:\Users\Admin\AppData\Local\Programs\Microsoft VS Code\bin;C:\Users\Admin\AppData\Local\spicetify;C:\Users\Admin\AppData\Roaming\npm;C:\Program Files\PostgreSQL\17\bin;C:\Users\Admin\AppData\Roaming\Composer\vendor\bin;C:\adb;C:\xampp\mysql\bin;;c:\Users\Admin\AppData\Local\Programs\cursor\resources\app\bin;C:\Program Files\nodejs\;C:\Users\Admin\AppData\Roaming\Python\Python312\Scripts
USERNAME=Admin
OS=Windows_NT
PROCESSOR_IDENTIFIER=Intel64 Family 6 Model 122 Stepping 8, GenuineIntel
TMP=C:\Users\Admin\AppData\Local\Temp
TEMP=C:\Users\Admin\AppData\Local\Temp


JNI global refs:
JNI global refs: 25, weak refs: 0

JNI global refs memory usage: 843, weak refs: 841


---------------  S Y S T E M  ---------------

OS:
 Windows 11 , 64 bit Build 22621 (10.0.22621.5124)
OS uptime: 0 days 12:11 hours
Hyper-V role detected

CPU: total 2 (initial active 2) (2 cores per cpu, 1 threads per core) family 6 model 122 stepping 8 microcode 0x20, cx8, cmov, fxsr, mmx, 3dnowpref, sse, sse2, sse3, ssse3, sse4.1, sse4.2, popcnt, tsc, tscinvbit, aes, erms, clmul, sha, clflush, clflushopt, hv

Memory: 4k page, system-wide physical 3737M (175M free)
TotalPageFile size 9881M (AvailPageFile size 285M)
current process WorkingSet (physical memory assigned to process): 299M, peak: 500M
current process commit charge ("private bytes"): 646M, peak: 1244M

vm_info: OpenJDK 64-Bit Server VM (17.0.6+0-b2043.56-10027231) for windows-amd64 JRE (17.0.6+0-b2043.56-10027231), built on Apr 28 2023 00:43:19 by "androidbuild" with MS VC++ 16.10 / 16.11 (VS2019)

END.
