#
# There is insufficient memory for the Java Runtime Environment to continue.
# Native memory allocation (mmap) failed to map 57671680 bytes for G1 virtual space
# Possible reasons:
#   The system is out of physical RAM or swap space
#   The process is running with CompressedOops enabled, and the Java Heap may be blocking the growth of the native heap
# Possible solutions:
#   Reduce memory load on the system
#   Increase physical memory or swap space
#   Check if swap backing store is full
#   Decrease Java heap size (-Xmx/-Xms)
#   Decrease number of Java threads
#   Decrease Java thread stack sizes (-Xss)
#   Set larger code cache with -XX:ReservedCodeCacheSize=
#   JVM is running with Unscaled Compressed Oops mode in which the Java heap is
#     placed in the first 4GB address space. The Java Heap base address is the
#     maximum limit for the native heap growth. Please use -XX:HeapBaseMinAddress
#     to set the Java Heap base and to place the Java Heap above 4GB virtual address.
# This output file may be truncated or incomplete.
#
#  Out of Memory Error (os_windows.cpp:3769), pid=2296, tid=8520
#
# JRE version: OpenJDK Runtime Environment (17.0.6) (build 17.0.6+0-b2043.56-10027231)
# Java VM: OpenJDK 64-Bit Server VM (17.0.6+0-b2043.56-10027231, mixed mode, tiered, compressed oops, compressed class ptrs, g1 gc, windows-amd64)
# No core dump will be written. Minidumps are not enabled by default on client versions of Windows
#

---------------  S U M M A R Y ------------

Command Line: --add-opens=java.base/java.util=ALL-UNNAMED --add-opens=java.base/java.lang=ALL-UNNAMED --add-opens=java.base/java.lang.invoke=ALL-UNNAMED --add-opens=java.prefs/java.util.prefs=ALL-UNNAMED --add-opens=java.base/java.nio.charset=ALL-UNNAMED --add-opens=java.base/java.net=ALL-UNNAMED --add-opens=java.base/java.util.concurrent.atomic=ALL-UNNAMED -Xmx2048m -Dfile.encoding=UTF-8 -Duser.country=US -Duser.language=en -Duser.variant -javaagent:C:\Program Files\Android\Android Studio\jbr\wrapper\dists\gradle-8.1.1-bin\9wiye5v2saajue4irfo8ybqfp\gradle-8.1.1\lib\agents\gradle-instrumentation-agent-8.1.1.jar org.gradle.launcher.daemon.bootstrap.GradleDaemon 8.1.1

Host: Intel(R) Celeron(R) N4020 CPU @ 1.10GHz, 2 cores, 3G,  Windows 11 , 64 bit Build 22621 (10.0.22621.4830)
Time: Sat Mar 15 05:31:54 2025 SE Asia Standard Time elapsed time: 115.971333 seconds (0d 0h 1m 55s)

---------------  T H R E A D  ---------------

Current thread (0x000000001c0251e0):  VMThread "VM Thread" [stack: 0x000000001c0e0000,0x000000001c1e0000] [id=8520]

Stack: [0x000000001c0e0000,0x000000001c1e0000]
Native frames: (J=compiled Java code, j=interpreted, Vv=VM code, C=native code)
V  [jvm.dll+0x683c9a]
V  [jvm.dll+0x8427a4]
V  [jvm.dll+0x843f9e]
V  [jvm.dll+0x844603]
V  [jvm.dll+0x249b75]
V  [jvm.dll+0x680b69]
V  [jvm.dll+0x67505a]
V  [jvm.dll+0x309acb]
V  [jvm.dll+0x310f86]
V  [jvm.dll+0x3608ee]
V  [jvm.dll+0x360b1f]
V  [jvm.dll+0x2dfbf8]
V  [jvm.dll+0x2ddec4]
V  [jvm.dll+0x2dd4cc]
V  [jvm.dll+0x321f3b]
V  [jvm.dll+0x848ccb]
V  [jvm.dll+0x849a04]
V  [jvm.dll+0x849f1d]
V  [jvm.dll+0x84a2f4]
V  [jvm.dll+0x84a3c0]
V  [jvm.dll+0x7f274a]
V  [jvm.dll+0x682ad5]
C  [ucrtbase.dll+0x29333]
C  [KERNEL32.DLL+0x1259d]
C  [ntdll.dll+0x5af38]

VM_Operation (0x0000000021756ba0): G1CollectForAllocation, mode: safepoint, requested by thread 0x000000001e230400


---------------  P R O C E S S  ---------------

Threads class SMR info:
_java_thread_list=0x000000002626c230, length=35, elements={
0x0000000002b017d0, 0x000000001c07d060, 0x000000001c07fcf0, 0x000000001c0d1290,
0x000000001c0d2100, 0x000000001c0d64d0, 0x000000001c0d6e80, 0x000000001c0d8300,
0x000000001cd27000, 0x000000001cd54c10, 0x000000001cdf42f0, 0x000000001cfaa030,
0x000000001f171020, 0x000000001e92b4d0, 0x000000001eec2030, 0x000000001e92a1f0,
0x000000001dbad5e0, 0x000000001ec2dab0, 0x000000001e230400, 0x000000001d0885f0,
0x000000001d088120, 0x000000001d0872b0, 0x000000001d089460, 0x000000001d089930,
0x000000001d087780, 0x000000001d086de0, 0x000000001d089e00, 0x000000001d08a2d0,
0x000000001d08a7a0, 0x000000001d087c50, 0x000000001d088ac0, 0x00000000200426c0,
0x00000000200409e0, 0x000000002003fb70, 0x0000000020044d40
}

Java Threads: ( => current thread )
  0x0000000002b017d0 JavaThread "main" [_thread_blocked, id=8328, stack(0x00000000009f0000,0x0000000000af0000)]
  0x000000001c07d060 JavaThread "Reference Handler" daemon [_thread_blocked, id=1860, stack(0x000000001c1e0000,0x000000001c2e0000)]
  0x000000001c07fcf0 JavaThread "Finalizer" daemon [_thread_blocked, id=7772, stack(0x000000001c2e0000,0x000000001c3e0000)]
  0x000000001c0d1290 JavaThread "Signal Dispatcher" daemon [_thread_blocked, id=9960, stack(0x000000001d100000,0x000000001d200000)]
  0x000000001c0d2100 JavaThread "Attach Listener" daemon [_thread_blocked, id=4328, stack(0x000000001d200000,0x000000001d300000)]
  0x000000001c0d64d0 JavaThread "Service Thread" daemon [_thread_blocked, id=8172, stack(0x000000001d300000,0x000000001d400000)]
  0x000000001c0d6e80 JavaThread "Monitor Deflation Thread" daemon [_thread_blocked, id=10004, stack(0x000000001d400000,0x000000001d500000)]
  0x000000001c0d8300 JavaThread "C2 CompilerThread0" daemon [_thread_blocked, id=5196, stack(0x000000001d500000,0x000000001d600000)]
  0x000000001cd27000 JavaThread "C1 CompilerThread0" daemon [_thread_blocked, id=6764, stack(0x000000001d600000,0x000000001d700000)]
  0x000000001cd54c10 JavaThread "Sweeper thread" daemon [_thread_blocked, id=10216, stack(0x000000001d700000,0x000000001d800000)]
  0x000000001cdf42f0 JavaThread "Common-Cleaner" daemon [_thread_blocked, id=1804, stack(0x000000001d800000,0x000000001d900000)]
  0x000000001cfaa030 JavaThread "Notification Thread" daemon [_thread_blocked, id=3544, stack(0x000000001d900000,0x000000001da00000)]
  0x000000001f171020 JavaThread "Daemon health stats" [_thread_blocked, id=8960, stack(0x0000000020bd0000,0x0000000020cd0000)]
  0x000000001e92b4d0 JavaThread "Incoming local TCP Connector on port 50075" [_thread_in_native, id=8436, stack(0x0000000021010000,0x0000000021110000)]
  0x000000001eec2030 JavaThread "Daemon periodic checks" [_thread_blocked, id=4616, stack(0x0000000021260000,0x0000000021360000)]
  0x000000001e92a1f0 JavaThread "Daemon" [_thread_blocked, id=9800, stack(0x0000000021360000,0x0000000021460000)]
  0x000000001dbad5e0 JavaThread "Handler for socket connection from /127.0.0.1:50075 to /127.0.0.1:50076" [_thread_in_native, id=2624, stack(0x0000000021460000,0x0000000021560000)]
  0x000000001ec2dab0 JavaThread "Cancel handler" [_thread_blocked, id=3880, stack(0x0000000021560000,0x0000000021660000)]
  0x000000001e230400 JavaThread "Daemon worker" [_thread_blocked, id=9884, stack(0x0000000021660000,0x0000000021760000)]
  0x000000001d0885f0 JavaThread "Asynchronous log dispatcher for DefaultDaemonConnection: socket connection from /127.0.0.1:50075 to /127.0.0.1:50076" [_thread_blocked, id=8628, stack(0x0000000022100000,0x0000000022200000)]
  0x000000001d088120 JavaThread "Daemon client event forwarder" [_thread_blocked, id=6012, stack(0x0000000022300000,0x0000000022400000)]
  0x000000001d0872b0 JavaThread "Cache worker for journal cache (C:\Program Files\Android\Android Studio\jbr\caches\journal-1)" [_thread_blocked, id=9248, stack(0x00000000233d0000,0x00000000234d0000)]
  0x000000001d089460 JavaThread "File lock request listener" [_thread_in_native, id=9504, stack(0x00000000234d0000,0x00000000235d0000)]
  0x000000001d089930 JavaThread "Cache worker for file hash cache (C:\Program Files\Android\Android Studio\jbr\caches\8.1.1\fileHashes)" [_thread_blocked, id=8452, stack(0x00000000238e0000,0x00000000239e0000)]
  0x000000001d087780 JavaThread "File watcher server" daemon [_thread_in_native, id=8592, stack(0x00000000235d0000,0x00000000236d0000)]
  0x000000001d086de0 JavaThread "File watcher consumer" daemon [_thread_blocked, id=8764, stack(0x00000000236d0000,0x00000000237d0000)]
  0x000000001d089e00 JavaThread "jar transforms" [_thread_blocked, id=8484, stack(0x00000000237d0000,0x00000000238d0000)]
  0x000000001d08a2d0 JavaThread "jar transforms Thread 2" [_thread_blocked, id=9704, stack(0x00000000239e0000,0x0000000023ae0000)]
  0x000000001d08a7a0 JavaThread "Cache worker for checksums cache (C:\Users\Admin\AndroidStudioProjects\kurirkilat\.gradle\8.1.1\checksums)" [_thread_blocked, id=9768, stack(0x0000000023ae0000,0x0000000023be0000)]
  0x000000001d087c50 JavaThread "Cache worker for cache directory md-rule (C:\Program Files\Android\Android Studio\jbr\caches\8.1.1\md-rule)" [_thread_blocked, id=6932, stack(0x0000000024400000,0x0000000024500000)]
  0x000000001d088ac0 JavaThread "Cache worker for file content cache (C:\Program Files\Android\Android Studio\jbr\caches\8.1.1\fileContent)" [_thread_blocked, id=1484, stack(0x0000000024620000,0x0000000024720000)]
  0x00000000200426c0 JavaThread "Cache worker for file hash cache (C:\Users\Admin\AndroidStudioProjects\kurirkilat\.gradle\8.1.1\fileHashes)" [_thread_blocked, id=608, stack(0x0000000024500000,0x0000000024600000)]
  0x00000000200409e0 JavaThread "Cache worker for cache directory md-supplier (C:\Program Files\Android\Android Studio\jbr\caches\8.1.1\md-supplier)" [_thread_blocked, id=2500, stack(0x0000000024720000,0x0000000024820000)]
  0x000000002003fb70 JavaThread "Cache worker for execution history cache (C:\Program Files\Android\Android Studio\jbr\caches\8.1.1\executionHistory)" [_thread_blocked, id=2948, stack(0x0000000024b80000,0x0000000024c80000)]
  0x0000000020044d40 JavaThread "Cache worker for kotlin-dsl (C:\Program Files\Android\Android Studio\jbr\caches\8.1.1\kotlin-dsl)" [_thread_blocked, id=4864, stack(0x0000000024820000,0x0000000024920000)]

Other Threads:
=>0x000000001c0251e0 VMThread "VM Thread" [stack: 0x000000001c0e0000,0x000000001c1e0000] [id=8520]
  0x0000000002b02640 WatcherThread [stack: 0x000000001da00000,0x000000001db00000] [id=2492]
  0x0000000002b5c630 GCTaskThread "GC Thread#0" [stack: 0x00000000197c0000,0x00000000198c0000] [id=8744]
  0x000000001d04c6a0 GCTaskThread "GC Thread#1" [stack: 0x000000001e300000,0x000000001e400000] [id=6388]
  0x0000000002b6dd10 ConcurrentGCThread "G1 Main Marker" [stack: 0x00000000198c0000,0x00000000199c0000] [id=9600]
  0x0000000002b6e720 ConcurrentGCThread "G1 Conc#0" [stack: 0x00000000199c0000,0x0000000019ac0000] [id=9440]
  0x0000000002ba2ac0 ConcurrentGCThread "G1 Refine#0" [stack: 0x000000001bce0000,0x000000001bde0000] [id=4076]
  0x00000000202b7be0 ConcurrentGCThread "G1 Refine#1" [stack: 0x000000002b400000,0x000000002b500000] [id=8656]
  0x0000000002ba34e0 ConcurrentGCThread "G1 Service" [stack: 0x000000001bde0000,0x000000001bee0000] [id=3484]

Threads with active compile tasks:
C2 CompilerThread0   116043 18159       4       org.gradle.internal.normalization.java.impl.ApiMemberSelector::visitEnd (28 bytes)

VM state: at safepoint (normal execution)

VM Mutex/Monitor currently owned by a thread:  ([mutex/lock_event])
[0x0000000002afbfe0] Threads_lock - owner thread: 0x000000001c0251e0
[0x0000000002afc8e0] Heap_lock - owner thread: 0x000000001e230400

Heap address: 0x0000000080000000, size: 2048 MB, Compressed Oops mode: 32-bit

CDS archive(s) not mapped
Compressed class space mapped at: 0x0000000100000000-0x0000000140000000, reserved size: 1073741824
Narrow klass base: 0x0000000000000000, Narrow klass shift: 3, Narrow klass range: 0x140000000

GC Precious Log:
 CPUs: 2 total, 2 available
 Memory: 3737M
 Large Page Support: Disabled
 NUMA Support: Disabled
 Compressed Oops: Enabled (32-bit)
 Heap Region Size: 1M
 Heap Min Capacity: 8M
 Heap Initial Capacity: 60M
 Heap Max Capacity: 2G
 Pre-touch: Disabled
 Parallel Workers: 2
 Concurrent Workers: 1
 Concurrent Refinement Workers: 2
 Periodic GC: Disabled

Heap:
 garbage-first heap   total 280576K, used 138044K [0x0000000080000000, 0x0000000100000000)
  region size 1024K, 7 young (7168K), 7 survivors (7168K)
 Metaspace       used 117402K, committed 118080K, reserved 1155072K
  class space    used 13970K, committed 14272K, reserved 1048576K

Heap Regions: E=young(eden), S=young(survivor), O=old, HS=humongous(starts), HC=humongous(continues), CS=collection set, F=free, OA=open archive, CA=closed archive, TAMS=top-at-mark-start (previous, next)
|   0|0x0000000080000000, 0x0000000080100000, 0x0000000080100000|100%| O|  |TAMS 0x0000000080100000, 0x0000000080000000| Untracked 
|   1|0x0000000080100000, 0x0000000080200000, 0x0000000080200000|100%| O|  |TAMS 0x0000000080200000, 0x0000000080100000| Untracked 
|   2|0x0000000080200000, 0x0000000080300000, 0x0000000080300000|100%|HS|  |TAMS 0x0000000080300000, 0x0000000080200000| Complete 
|   3|0x0000000080300000, 0x0000000080400000, 0x0000000080400000|100%|HC|  |TAMS 0x0000000080400000, 0x0000000080300000| Complete 
|   4|0x0000000080400000, 0x0000000080500000, 0x0000000080500000|100%|HC|  |TAMS 0x0000000080500000, 0x0000000080400000| Complete 
|   5|0x0000000080500000, 0x0000000080600000, 0x0000000080600000|100%|HC|  |TAMS 0x0000000080600000, 0x0000000080500000| Complete 
|   6|0x0000000080600000, 0x0000000080700000, 0x0000000080700000|100%| O|  |TAMS 0x0000000080700000, 0x0000000080600000| Untracked 
|   7|0x0000000080700000, 0x0000000080800000, 0x0000000080800000|100%| O|  |TAMS 0x0000000080800000, 0x0000000080700000| Untracked 
|   8|0x0000000080800000, 0x0000000080900000, 0x0000000080900000|100%| O|  |TAMS 0x0000000080900000, 0x0000000080800000| Untracked 
|   9|0x0000000080900000, 0x0000000080a00000, 0x0000000080a00000|100%| O|  |TAMS 0x0000000080a00000, 0x0000000080900000| Untracked 
|  10|0x0000000080a00000, 0x0000000080b00000, 0x0000000080b00000|100%| O|  |TAMS 0x0000000080b00000, 0x0000000080a00000| Untracked 
|  11|0x0000000080b00000, 0x0000000080c00000, 0x0000000080c00000|100%| O|  |TAMS 0x0000000080c00000, 0x0000000080b00000| Untracked 
|  12|0x0000000080c00000, 0x0000000080d00000, 0x0000000080d00000|100%| O|  |TAMS 0x0000000080d00000, 0x0000000080c00000| Untracked 
|  13|0x0000000080d00000, 0x0000000080e00000, 0x0000000080e00000|100%| O|  |TAMS 0x0000000080e00000, 0x0000000080d00000| Untracked 
|  14|0x0000000080e00000, 0x0000000080f00000, 0x0000000080f00000|100%| O|  |TAMS 0x0000000080f00000, 0x0000000080e00000| Untracked 
|  15|0x0000000080f00000, 0x0000000081000000, 0x0000000081000000|100%| O|  |TAMS 0x0000000081000000, 0x0000000080f00000| Untracked 
|  16|0x0000000081000000, 0x0000000081100000, 0x0000000081100000|100%| O|  |TAMS 0x0000000081100000, 0x0000000081000000| Untracked 
|  17|0x0000000081100000, 0x0000000081200000, 0x0000000081200000|100%| O|  |TAMS 0x0000000081200000, 0x0000000081100000| Untracked 
|  18|0x0000000081200000, 0x0000000081300000, 0x0000000081300000|100%| O|  |TAMS 0x0000000081300000, 0x0000000081200000| Untracked 
|  19|0x0000000081300000, 0x0000000081400000, 0x0000000081400000|100%|HS|  |TAMS 0x0000000081400000, 0x0000000081300000| Complete 
|  20|0x0000000081400000, 0x0000000081500000, 0x0000000081500000|100%|HC|  |TAMS 0x0000000081500000, 0x0000000081400000| Complete 
|  21|0x0000000081500000, 0x0000000081600000, 0x0000000081600000|100%|HS|  |TAMS 0x0000000081600000, 0x0000000081500000| Complete 
|  22|0x0000000081600000, 0x0000000081700000, 0x0000000081700000|100%|HC|  |TAMS 0x0000000081700000, 0x0000000081600000| Complete 
|  23|0x0000000081700000, 0x0000000081800000, 0x0000000081800000|100%|HC|  |TAMS 0x0000000081800000, 0x0000000081700000| Complete 
|  24|0x0000000081800000, 0x0000000081900000, 0x0000000081900000|100%|HS|  |TAMS 0x0000000081900000, 0x0000000081800000| Complete 
|  25|0x0000000081900000, 0x0000000081a00000, 0x0000000081a00000|100%|HC|  |TAMS 0x0000000081a00000, 0x0000000081900000| Complete 
|  26|0x0000000081a00000, 0x0000000081b00000, 0x0000000081b00000|100%|HC|  |TAMS 0x0000000081b00000, 0x0000000081a00000| Complete 
|  27|0x0000000081b00000, 0x0000000081c00000, 0x0000000081c00000|100%| O|  |TAMS 0x0000000081c00000, 0x0000000081b00000| Untracked 
|  28|0x0000000081c00000, 0x0000000081c00000, 0x0000000081d00000|  0%| F|  |TAMS 0x0000000081c00000, 0x0000000081c00000| Untracked 
|  29|0x0000000081d00000, 0x0000000081e00000, 0x0000000081e00000|100%| O|  |TAMS 0x0000000081e00000, 0x0000000081d00000| Untracked 
|  30|0x0000000081e00000, 0x0000000081f00000, 0x0000000081f00000|100%| O|  |TAMS 0x0000000081f00000, 0x0000000081e00000| Untracked 
|  31|0x0000000081f00000, 0x0000000082000000, 0x0000000082000000|100%| O|  |TAMS 0x0000000082000000, 0x0000000081f00000| Untracked 
|  32|0x0000000082000000, 0x0000000082100000, 0x0000000082100000|100%| O|  |TAMS 0x0000000082100000, 0x0000000082000000| Untracked 
|  33|0x0000000082100000, 0x0000000082200000, 0x0000000082200000|100%|HS|  |TAMS 0x0000000082200000, 0x0000000082100000| Complete 
|  34|0x0000000082200000, 0x0000000082300000, 0x0000000082300000|100%|HC|  |TAMS 0x0000000082300000, 0x0000000082200000| Complete 
|  35|0x0000000082300000, 0x0000000082400000, 0x0000000082400000|100%| O|  |TAMS 0x0000000082400000, 0x0000000082300000| Untracked 
|  36|0x0000000082400000, 0x0000000082500000, 0x0000000082500000|100%| O|  |TAMS 0x0000000082500000, 0x0000000082400000| Untracked 
|  37|0x0000000082500000, 0x0000000082600000, 0x0000000082600000|100%| O|  |TAMS 0x0000000082600000, 0x0000000082500000| Untracked 
|  38|0x0000000082600000, 0x0000000082700000, 0x0000000082700000|100%| O|  |TAMS 0x0000000082700000, 0x0000000082600000| Untracked 
|  39|0x0000000082700000, 0x0000000082800000, 0x0000000082800000|100%| O|  |TAMS 0x0000000082800000, 0x0000000082700000| Untracked 
|  40|0x0000000082800000, 0x0000000082900000, 0x0000000082900000|100%| O|  |TAMS 0x0000000082900000, 0x0000000082800000| Untracked 
|  41|0x0000000082900000, 0x0000000082a00000, 0x0000000082a00000|100%| O|  |TAMS 0x0000000082a00000, 0x0000000082900000| Untracked 
|  42|0x0000000082a00000, 0x0000000082b00000, 0x0000000082b00000|100%| O|  |TAMS 0x0000000082b00000, 0x0000000082a00000| Untracked 
|  43|0x0000000082b00000, 0x0000000082c00000, 0x0000000082c00000|100%|HS|  |TAMS 0x0000000082c00000, 0x0000000082b00000| Complete 
|  44|0x0000000082c00000, 0x0000000082d00000, 0x0000000082d00000|100%|HC|  |TAMS 0x0000000082d00000, 0x0000000082c00000| Complete 
|  45|0x0000000082d00000, 0x0000000082e00000, 0x0000000082e00000|100%|HC|  |TAMS 0x0000000082e00000, 0x0000000082d00000| Complete 
|  46|0x0000000082e00000, 0x0000000082f00000, 0x0000000082f00000|100%|HC|  |TAMS 0x0000000082f00000, 0x0000000082e00000| Complete 
|  47|0x0000000082f00000, 0x0000000083000000, 0x0000000083000000|100%|HC|  |TAMS 0x0000000083000000, 0x0000000082f00000| Complete 
|  48|0x0000000083000000, 0x0000000083100000, 0x0000000083100000|100%|HC|  |TAMS 0x0000000083100000, 0x0000000083000000| Complete 
|  49|0x0000000083100000, 0x0000000083200000, 0x0000000083200000|100%|HC|  |TAMS 0x0000000083200000, 0x0000000083100000| Complete 
|  50|0x0000000083200000, 0x0000000083300000, 0x0000000083300000|100%|HC|  |TAMS 0x0000000083300000, 0x0000000083200000| Complete 
|  51|0x0000000083300000, 0x0000000083400000, 0x0000000083400000|100%|HC|  |TAMS 0x0000000083400000, 0x0000000083300000| Complete 
|  52|0x0000000083400000, 0x0000000083500000, 0x0000000083500000|100%|HC|  |TAMS 0x0000000083500000, 0x0000000083400000| Complete 
|  53|0x0000000083500000, 0x0000000083600000, 0x0000000083600000|100%|HC|  |TAMS 0x0000000083600000, 0x0000000083500000| Complete 
|  54|0x0000000083600000, 0x0000000083700000, 0x0000000083700000|100%|HC|  |TAMS 0x0000000083700000, 0x0000000083600000| Complete 
|  55|0x0000000083700000, 0x0000000083800000, 0x0000000083800000|100%|HS|  |TAMS 0x0000000083800000, 0x0000000083700000| Complete 
|  56|0x0000000083800000, 0x0000000083900000, 0x0000000083900000|100%|HC|  |TAMS 0x0000000083900000, 0x0000000083800000| Complete 
|  57|0x0000000083900000, 0x0000000083a00000, 0x0000000083a00000|100%|HC|  |TAMS 0x0000000083a00000, 0x0000000083900000| Complete 
|  58|0x0000000083a00000, 0x0000000083b00000, 0x0000000083b00000|100%| O|  |TAMS 0x0000000083b00000, 0x0000000083a00000| Untracked 
|  59|0x0000000083b00000, 0x0000000083c00000, 0x0000000083c00000|100%| O|  |TAMS 0x0000000083c00000, 0x0000000083b00000| Untracked 
|  60|0x0000000083c00000, 0x0000000083d00000, 0x0000000083d00000|100%| O|  |TAMS 0x0000000083d00000, 0x0000000083c00000| Untracked 
|  61|0x0000000083d00000, 0x0000000083e00000, 0x0000000083e00000|100%| O|  |TAMS 0x0000000083e00000, 0x0000000083d00000| Untracked 
|  62|0x0000000083e00000, 0x0000000083f00000, 0x0000000083f00000|100%| O|  |TAMS 0x0000000083f00000, 0x0000000083e00000| Untracked 
|  63|0x0000000083f00000, 0x0000000084000000, 0x0000000084000000|100%| O|  |TAMS 0x0000000084000000, 0x0000000083f00000| Untracked 
|  64|0x0000000084000000, 0x0000000084100000, 0x0000000084100000|100%| O|  |TAMS 0x0000000084100000, 0x0000000084000000| Untracked 
|  65|0x0000000084100000, 0x0000000084200000, 0x0000000084200000|100%|HS|  |TAMS 0x0000000084200000, 0x0000000084100000| Complete 
|  66|0x0000000084200000, 0x0000000084300000, 0x0000000084300000|100%|HC|  |TAMS 0x0000000084300000, 0x0000000084200000| Complete 
|  67|0x0000000084300000, 0x0000000084400000, 0x0000000084400000|100%|HC|  |TAMS 0x0000000084400000, 0x0000000084300000| Complete 
|  68|0x0000000084400000, 0x0000000084500000, 0x0000000084500000|100%|HC|  |TAMS 0x0000000084500000, 0x0000000084400000| Complete 
|  69|0x0000000084500000, 0x0000000084600000, 0x0000000084600000|100%| O|  |TAMS 0x0000000084600000, 0x0000000084500000| Untracked 
|  70|0x0000000084600000, 0x0000000084700000, 0x0000000084700000|100%| O|  |TAMS 0x0000000084700000, 0x0000000084600000| Untracked 
|  71|0x0000000084700000, 0x0000000084800000, 0x0000000084800000|100%| O|  |TAMS 0x0000000084800000, 0x0000000084700000| Untracked 
|  72|0x0000000084800000, 0x0000000084900000, 0x0000000084900000|100%| O|  |TAMS 0x0000000084800000, 0x0000000084800000| Untracked 
|  73|0x0000000084900000, 0x0000000084a00000, 0x0000000084a00000|100%| O|  |TAMS 0x0000000084900000, 0x0000000084900000| Untracked 
|  74|0x0000000084a00000, 0x0000000084b00000, 0x0000000084b00000|100%| O|  |TAMS 0x0000000084a00000, 0x0000000084a00000| Untracked 
|  75|0x0000000084b00000, 0x0000000084c00000, 0x0000000084c00000|100%| O|  |TAMS 0x0000000084b00000, 0x0000000084b00000| Untracked 
|  76|0x0000000084c00000, 0x0000000084d00000, 0x0000000084d00000|100%| O|  |TAMS 0x0000000084c00000, 0x0000000084c00000| Untracked 
|  77|0x0000000084d00000, 0x0000000084e00000, 0x0000000084e00000|100%| O|  |TAMS 0x0000000084e00000, 0x0000000084d00000| Untracked 
|  78|0x0000000084e00000, 0x0000000084f00000, 0x0000000084f00000|100%| O|  |TAMS 0x0000000084f00000, 0x0000000084e00000| Untracked 
|  79|0x0000000084f00000, 0x0000000085000000, 0x0000000085000000|100%| O|  |TAMS 0x0000000084f37a00, 0x0000000084f00000| Untracked 
|  80|0x0000000085000000, 0x0000000085100000, 0x0000000085100000|100%| O|  |TAMS 0x0000000085000000, 0x0000000085000000| Untracked 
|  81|0x0000000085100000, 0x0000000085200000, 0x0000000085200000|100%| O|  |TAMS 0x0000000085100000, 0x0000000085100000| Untracked 
|  82|0x0000000085200000, 0x0000000085300000, 0x0000000085300000|100%| O|  |TAMS 0x0000000085200000, 0x0000000085200000| Untracked 
|  83|0x0000000085300000, 0x0000000085400000, 0x0000000085400000|100%| O|  |TAMS 0x0000000085300000, 0x0000000085300000| Untracked 
|  84|0x0000000085400000, 0x0000000085500000, 0x0000000085500000|100%| O|  |TAMS 0x0000000085400000, 0x0000000085400000| Untracked 
|  85|0x0000000085500000, 0x0000000085600000, 0x0000000085600000|100%| O|  |TAMS 0x0000000085500000, 0x0000000085500000| Untracked 
|  86|0x0000000085600000, 0x0000000085700000, 0x0000000085700000|100%| O|  |TAMS 0x0000000085600000, 0x0000000085600000| Untracked 
|  87|0x0000000085700000, 0x0000000085800000, 0x0000000085800000|100%| O|  |TAMS 0x0000000085700000, 0x0000000085700000| Untracked 
|  88|0x0000000085800000, 0x0000000085900000, 0x0000000085900000|100%| O|  |TAMS 0x0000000085800000, 0x0000000085800000| Untracked 
|  89|0x0000000085900000, 0x0000000085a00000, 0x0000000085a00000|100%| O|  |TAMS 0x0000000085900000, 0x0000000085900000| Untracked 
|  90|0x0000000085a00000, 0x0000000085b00000, 0x0000000085b00000|100%| O|  |TAMS 0x0000000085a00000, 0x0000000085a00000| Untracked 
|  91|0x0000000085b00000, 0x0000000085c00000, 0x0000000085c00000|100%| O|  |TAMS 0x0000000085b00000, 0x0000000085b00000| Untracked 
|  92|0x0000000085c00000, 0x0000000085d00000, 0x0000000085d00000|100%| O|  |TAMS 0x0000000085c00000, 0x0000000085c00000| Untracked 
|  93|0x0000000085d00000, 0x0000000085e00000, 0x0000000085e00000|100%| O|  |TAMS 0x0000000085d00000, 0x0000000085d00000| Untracked 
|  94|0x0000000085e00000, 0x0000000085f00000, 0x0000000085f00000|100%| O|  |TAMS 0x0000000085e00000, 0x0000000085e00000| Untracked 
|  95|0x0000000085f00000, 0x0000000086000000, 0x0000000086000000|100%| O|  |TAMS 0x0000000085f00000, 0x0000000085f00000| Untracked 
|  96|0x0000000086000000, 0x0000000086100000, 0x0000000086100000|100%| O|  |TAMS 0x0000000086000000, 0x0000000086000000| Untracked 
|  97|0x0000000086100000, 0x0000000086200000, 0x0000000086200000|100%| O|  |TAMS 0x0000000086100000, 0x0000000086100000| Untracked 
|  98|0x0000000086200000, 0x0000000086300000, 0x0000000086300000|100%| O|  |TAMS 0x0000000086200000, 0x0000000086200000| Untracked 
|  99|0x0000000086300000, 0x0000000086400000, 0x0000000086400000|100%| O|  |TAMS 0x0000000086300000, 0x0000000086300000| Untracked 
| 100|0x0000000086400000, 0x0000000086500000, 0x0000000086500000|100%| O|  |TAMS 0x0000000086400000, 0x0000000086400000| Untracked 
| 101|0x0000000086500000, 0x0000000086600000, 0x0000000086600000|100%| O|  |TAMS 0x0000000086500000, 0x0000000086500000| Untracked 
| 102|0x0000000086600000, 0x0000000086700000, 0x0000000086700000|100%| O|  |TAMS 0x0000000086600000, 0x0000000086600000| Untracked 
| 103|0x0000000086700000, 0x0000000086800000, 0x0000000086800000|100%| O|  |TAMS 0x0000000086700000, 0x0000000086700000| Untracked 
| 104|0x0000000086800000, 0x0000000086900000, 0x0000000086900000|100%| O|  |TAMS 0x0000000086800000, 0x0000000086800000| Untracked 
| 105|0x0000000086900000, 0x0000000086a00000, 0x0000000086a00000|100%| O|  |TAMS 0x0000000086900000, 0x0000000086900000| Untracked 
| 106|0x0000000086a00000, 0x0000000086b00000, 0x0000000086b00000|100%| O|  |TAMS 0x0000000086a00000, 0x0000000086a00000| Untracked 
| 107|0x0000000086b00000, 0x0000000086c00000, 0x0000000086c00000|100%| O|  |TAMS 0x0000000086b00000, 0x0000000086b00000| Untracked 
| 108|0x0000000086c00000, 0x0000000086d00000, 0x0000000086d00000|100%| O|  |TAMS 0x0000000086c00000, 0x0000000086c00000| Untracked 
| 109|0x0000000086d00000, 0x0000000086e00000, 0x0000000086e00000|100%| O|  |TAMS 0x0000000086d00000, 0x0000000086d00000| Untracked 
| 110|0x0000000086e00000, 0x0000000086f00000, 0x0000000086f00000|100%|HS|  |TAMS 0x0000000086e00000, 0x0000000086e00000| Complete 
| 111|0x0000000086f00000, 0x0000000087000000, 0x0000000087000000|100%|HC|  |TAMS 0x0000000086f00000, 0x0000000086f00000| Complete 
| 112|0x0000000087000000, 0x0000000087100000, 0x0000000087100000|100%| O|  |TAMS 0x0000000087000000, 0x0000000087000000| Untracked 
| 113|0x0000000087100000, 0x0000000087200000, 0x0000000087200000|100%| O|  |TAMS 0x0000000087100000, 0x0000000087100000| Untracked 
| 114|0x0000000087200000, 0x0000000087300000, 0x0000000087300000|100%| O|  |TAMS 0x0000000087200000, 0x0000000087200000| Untracked 
| 115|0x0000000087300000, 0x0000000087400000, 0x0000000087400000|100%| O|  |TAMS 0x0000000087300000, 0x0000000087300000| Untracked 
| 116|0x0000000087400000, 0x0000000087500000, 0x0000000087500000|100%| O|  |TAMS 0x0000000087400000, 0x0000000087400000| Untracked 
| 117|0x0000000087500000, 0x0000000087600000, 0x0000000087600000|100%| O|  |TAMS 0x0000000087500000, 0x0000000087500000| Untracked 
| 118|0x0000000087600000, 0x0000000087700000, 0x0000000087700000|100%| O|  |TAMS 0x0000000087600000, 0x0000000087600000| Untracked 
| 119|0x0000000087700000, 0x0000000087800000, 0x0000000087800000|100%| O|  |TAMS 0x0000000087700000, 0x0000000087700000| Untracked 
| 120|0x0000000087800000, 0x0000000087900000, 0x0000000087900000|100%| O|  |TAMS 0x0000000087800000, 0x0000000087800000| Untracked 
| 121|0x0000000087900000, 0x0000000087a00000, 0x0000000087a00000|100%| O|  |TAMS 0x0000000087900000, 0x0000000087900000| Untracked 
| 122|0x0000000087a00000, 0x0000000087a4f000, 0x0000000087b00000| 30%| O|  |TAMS 0x0000000087a00000, 0x0000000087a00000| Untracked 
| 123|0x0000000087b00000, 0x0000000087c00000, 0x0000000087c00000|100%|HS|  |TAMS 0x0000000087b00000, 0x0000000087b00000| Complete 
| 124|0x0000000087c00000, 0x0000000087d00000, 0x0000000087d00000|100%|HC|  |TAMS 0x0000000087c00000, 0x0000000087c00000| Complete 
| 125|0x0000000087d00000, 0x0000000087e00000, 0x0000000087e00000|100%|HC|  |TAMS 0x0000000087d00000, 0x0000000087d00000| Complete 
| 126|0x0000000087e00000, 0x0000000087f00000, 0x0000000087f00000|100%|HC|  |TAMS 0x0000000087e00000, 0x0000000087e00000| Complete 
| 127|0x0000000087f00000, 0x0000000088000000, 0x0000000088000000|100%|HC|  |TAMS 0x0000000087f00000, 0x0000000087f00000| Complete 
| 128|0x0000000088000000, 0x0000000088100000, 0x0000000088100000|100%|HC|  |TAMS 0x0000000088000000, 0x0000000088000000| Complete 
| 129|0x0000000088100000, 0x0000000088200000, 0x0000000088200000|100%|HS|  |TAMS 0x0000000088100000, 0x0000000088100000| Complete 
| 130|0x0000000088200000, 0x0000000088200000, 0x0000000088300000|  0%| F|  |TAMS 0x0000000088200000, 0x0000000088200000| Untracked 
| 131|0x0000000088300000, 0x0000000088300000, 0x0000000088400000|  0%| F|  |TAMS 0x0000000088300000, 0x0000000088300000| Untracked 
| 132|0x0000000088400000, 0x0000000088400000, 0x0000000088500000|  0%| F|  |TAMS 0x0000000088400000, 0x0000000088400000| Untracked 
| 133|0x0000000088500000, 0x0000000088500000, 0x0000000088600000|  0%| F|  |TAMS 0x0000000088500000, 0x0000000088500000| Untracked 
| 134|0x0000000088600000, 0x0000000088600000, 0x0000000088700000|  0%| F|  |TAMS 0x0000000088600000, 0x0000000088600000| Untracked 
| 135|0x0000000088700000, 0x0000000088700000, 0x0000000088800000|  0%| F|  |TAMS 0x0000000088700000, 0x0000000088700000| Untracked 
| 136|0x0000000088800000, 0x0000000088800000, 0x0000000088900000|  0%| F|  |TAMS 0x0000000088800000, 0x0000000088800000| Untracked 
| 137|0x0000000088900000, 0x0000000088900000, 0x0000000088a00000|  0%| F|  |TAMS 0x0000000088900000, 0x0000000088900000| Untracked 
| 138|0x0000000088a00000, 0x0000000088a00000, 0x0000000088b00000|  0%| F|  |TAMS 0x0000000088a00000, 0x0000000088a00000| Untracked 
| 139|0x0000000088b00000, 0x0000000088b00000, 0x0000000088c00000|  0%| F|  |TAMS 0x0000000088b00000, 0x0000000088b00000| Untracked 
| 140|0x0000000088c00000, 0x0000000088c00000, 0x0000000088d00000|  0%| F|  |TAMS 0x0000000088c00000, 0x0000000088c00000| Untracked 
| 141|0x0000000088d00000, 0x0000000088d00000, 0x0000000088e00000|  0%| F|  |TAMS 0x0000000088d00000, 0x0000000088d00000| Untracked 
| 142|0x0000000088e00000, 0x0000000088e00000, 0x0000000088f00000|  0%| F|  |TAMS 0x0000000088e00000, 0x0000000088e00000| Untracked 
| 143|0x0000000088f00000, 0x0000000088f00000, 0x0000000089000000|  0%| F|  |TAMS 0x0000000088f00000, 0x0000000088f00000| Untracked 
| 144|0x0000000089000000, 0x0000000089000000, 0x0000000089100000|  0%| F|  |TAMS 0x0000000089000000, 0x0000000089000000| Untracked 
| 145|0x0000000089100000, 0x0000000089100000, 0x0000000089200000|  0%| F|  |TAMS 0x0000000089100000, 0x0000000089100000| Untracked 
| 146|0x0000000089200000, 0x0000000089200000, 0x0000000089300000|  0%| F|  |TAMS 0x0000000089200000, 0x0000000089200000| Untracked 
| 147|0x0000000089300000, 0x0000000089300000, 0x0000000089400000|  0%| F|  |TAMS 0x0000000089300000, 0x0000000089300000| Untracked 
| 148|0x0000000089400000, 0x0000000089400000, 0x0000000089500000|  0%| F|  |TAMS 0x0000000089400000, 0x0000000089400000| Untracked 
| 149|0x0000000089500000, 0x0000000089500000, 0x0000000089600000|  0%| F|  |TAMS 0x0000000089500000, 0x0000000089500000| Untracked 
| 150|0x0000000089600000, 0x0000000089600000, 0x0000000089700000|  0%| F|  |TAMS 0x0000000089600000, 0x0000000089600000| Untracked 
| 151|0x0000000089700000, 0x0000000089700000, 0x0000000089800000|  0%| F|  |TAMS 0x0000000089700000, 0x0000000089700000| Untracked 
| 152|0x0000000089800000, 0x0000000089800000, 0x0000000089900000|  0%| F|  |TAMS 0x0000000089800000, 0x0000000089800000| Untracked 
| 153|0x0000000089900000, 0x0000000089900000, 0x0000000089a00000|  0%| F|  |TAMS 0x0000000089900000, 0x0000000089900000| Untracked 
| 154|0x0000000089a00000, 0x0000000089a00000, 0x0000000089b00000|  0%| F|  |TAMS 0x0000000089a00000, 0x0000000089a00000| Untracked 
| 155|0x0000000089b00000, 0x0000000089b00000, 0x0000000089c00000|  0%| F|  |TAMS 0x0000000089b00000, 0x0000000089b00000| Untracked 
| 156|0x0000000089c00000, 0x0000000089c00000, 0x0000000089d00000|  0%| F|  |TAMS 0x0000000089c00000, 0x0000000089c00000| Untracked 
| 157|0x0000000089d00000, 0x0000000089d80000, 0x0000000089e00000| 50%| S|CS|TAMS 0x0000000089d00000, 0x0000000089d00000| Complete 
| 158|0x0000000089e00000, 0x0000000089f00000, 0x0000000089f00000|100%| S|CS|TAMS 0x0000000089e00000, 0x0000000089e00000| Complete 
| 159|0x0000000089f00000, 0x000000008a000000, 0x000000008a000000|100%| S|CS|TAMS 0x0000000089f00000, 0x0000000089f00000| Complete 
| 160|0x000000008a000000, 0x000000008a000000, 0x000000008a100000|  0%| F|  |TAMS 0x000000008a000000, 0x000000008a000000| Untracked 
| 161|0x000000008a100000, 0x000000008a100000, 0x000000008a200000|  0%| F|  |TAMS 0x000000008a100000, 0x000000008a100000| Untracked 
| 162|0x000000008a200000, 0x000000008a300000, 0x000000008a300000|100%| S|CS|TAMS 0x000000008a200000, 0x000000008a200000| Complete 
| 163|0x000000008a300000, 0x000000008a400000, 0x000000008a400000|100%| S|CS|TAMS 0x000000008a300000, 0x000000008a300000| Complete 
| 164|0x000000008a400000, 0x000000008a400000, 0x000000008a500000|  0%| F|  |TAMS 0x000000008a400000, 0x000000008a400000| Untracked 
| 165|0x000000008a500000, 0x000000008a500000, 0x000000008a600000|  0%| F|  |TAMS 0x000000008a500000, 0x000000008a500000| Untracked 
| 166|0x000000008a600000, 0x000000008a600000, 0x000000008a700000|  0%| F|  |TAMS 0x000000008a600000, 0x000000008a600000| Untracked 
| 167|0x000000008a700000, 0x000000008a800000, 0x000000008a800000|100%| S|CS|TAMS 0x000000008a700000, 0x000000008a700000| Complete 
| 168|0x000000008a800000, 0x000000008a900000, 0x000000008a900000|100%| S|CS|TAMS 0x000000008a800000, 0x000000008a800000| Complete 
| 169|0x000000008a900000, 0x000000008a900000, 0x000000008aa00000|  0%| F|  |TAMS 0x000000008a900000, 0x000000008a900000| Untracked 
| 170|0x000000008aa00000, 0x000000008aa00000, 0x000000008ab00000|  0%| F|  |TAMS 0x000000008aa00000, 0x000000008aa00000| Untracked 
| 171|0x000000008ab00000, 0x000000008ab00000, 0x000000008ac00000|  0%| F|  |TAMS 0x000000008ab00000, 0x000000008ab00000| Untracked 
| 172|0x000000008ac00000, 0x000000008ac00000, 0x000000008ad00000|  0%| F|  |TAMS 0x000000008ac00000, 0x000000008ac00000| Untracked 
| 173|0x000000008ad00000, 0x000000008ad00000, 0x000000008ae00000|  0%| F|  |TAMS 0x000000008ad00000, 0x000000008ad00000| Untracked 
| 174|0x000000008ae00000, 0x000000008ae00000, 0x000000008af00000|  0%| F|  |TAMS 0x000000008ae00000, 0x000000008ae00000| Untracked 
| 175|0x000000008af00000, 0x000000008af00000, 0x000000008b000000|  0%| F|  |TAMS 0x000000008af00000, 0x000000008af00000| Untracked 
| 176|0x000000008b000000, 0x000000008b000000, 0x000000008b100000|  0%| F|  |TAMS 0x000000008b000000, 0x000000008b000000| Untracked 
| 177|0x000000008b100000, 0x000000008b100000, 0x000000008b200000|  0%| F|  |TAMS 0x000000008b100000, 0x000000008b100000| Untracked 
| 178|0x000000008b200000, 0x000000008b200000, 0x000000008b300000|  0%| F|  |TAMS 0x000000008b200000, 0x000000008b200000| Untracked 
| 179|0x000000008b300000, 0x000000008b300000, 0x000000008b400000|  0%| F|  |TAMS 0x000000008b300000, 0x000000008b300000| Untracked 
| 180|0x000000008b400000, 0x000000008b400000, 0x000000008b500000|  0%| F|  |TAMS 0x000000008b400000, 0x000000008b400000| Untracked 
| 181|0x000000008b500000, 0x000000008b500000, 0x000000008b600000|  0%| F|  |TAMS 0x000000008b500000, 0x000000008b500000| Untracked 
| 182|0x000000008b600000, 0x000000008b600000, 0x000000008b700000|  0%| F|  |TAMS 0x000000008b600000, 0x000000008b600000| Untracked 
| 183|0x000000008b700000, 0x000000008b700000, 0x000000008b800000|  0%| F|  |TAMS 0x000000008b700000, 0x000000008b700000| Untracked 
| 184|0x000000008b800000, 0x000000008b800000, 0x000000008b900000|  0%| F|  |TAMS 0x000000008b800000, 0x000000008b800000| Untracked 
| 185|0x000000008b900000, 0x000000008b900000, 0x000000008ba00000|  0%| F|  |TAMS 0x000000008b900000, 0x000000008b900000| Untracked 
| 186|0x000000008ba00000, 0x000000008ba00000, 0x000000008bb00000|  0%| F|  |TAMS 0x000000008ba00000, 0x000000008ba00000| Untracked 
| 187|0x000000008bb00000, 0x000000008bb00000, 0x000000008bc00000|  0%| F|  |TAMS 0x000000008bb00000, 0x000000008bb00000| Untracked 
| 188|0x000000008bc00000, 0x000000008bc00000, 0x000000008bd00000|  0%| F|  |TAMS 0x000000008bc00000, 0x000000008bc00000| Untracked 
| 189|0x000000008bd00000, 0x000000008bd00000, 0x000000008be00000|  0%| F|  |TAMS 0x000000008bd00000, 0x000000008bd00000| Untracked 
| 190|0x000000008be00000, 0x000000008be00000, 0x000000008bf00000|  0%| F|  |TAMS 0x000000008be00000, 0x000000008be00000| Untracked 
| 191|0x000000008bf00000, 0x000000008bf00000, 0x000000008c000000|  0%| F|  |TAMS 0x000000008bf00000, 0x000000008bf00000| Untracked 
| 192|0x000000008c000000, 0x000000008c000000, 0x000000008c100000|  0%| F|  |TAMS 0x000000008c000000, 0x000000008c000000| Untracked 
| 193|0x000000008c100000, 0x000000008c100000, 0x000000008c200000|  0%| F|  |TAMS 0x000000008c100000, 0x000000008c100000| Untracked 
| 194|0x000000008c200000, 0x000000008c200000, 0x000000008c300000|  0%| F|  |TAMS 0x000000008c200000, 0x000000008c200000| Untracked 
| 195|0x000000008c300000, 0x000000008c300000, 0x000000008c400000|  0%| F|  |TAMS 0x000000008c300000, 0x000000008c300000| Untracked 
| 196|0x000000008c400000, 0x000000008c400000, 0x000000008c500000|  0%| F|  |TAMS 0x000000008c400000, 0x000000008c400000| Untracked 
| 197|0x000000008c500000, 0x000000008c500000, 0x000000008c600000|  0%| F|  |TAMS 0x000000008c500000, 0x000000008c500000| Untracked 
| 198|0x000000008c600000, 0x000000008c600000, 0x000000008c700000|  0%| F|  |TAMS 0x000000008c600000, 0x000000008c600000| Untracked 
| 199|0x000000008c700000, 0x000000008c700000, 0x000000008c800000|  0%| F|  |TAMS 0x000000008c700000, 0x000000008c700000| Untracked 
| 200|0x000000008c800000, 0x000000008c800000, 0x000000008c900000|  0%| F|  |TAMS 0x000000008c800000, 0x000000008c800000| Untracked 
| 201|0x000000008c900000, 0x000000008c900000, 0x000000008ca00000|  0%| F|  |TAMS 0x000000008c900000, 0x000000008c900000| Untracked 
| 202|0x000000008ca00000, 0x000000008ca00000, 0x000000008cb00000|  0%| F|  |TAMS 0x000000008ca00000, 0x000000008ca00000| Untracked 
| 203|0x000000008cb00000, 0x000000008cb00000, 0x000000008cc00000|  0%| F|  |TAMS 0x000000008cb00000, 0x000000008cb00000| Untracked 
| 204|0x000000008cc00000, 0x000000008cc00000, 0x000000008cd00000|  0%| F|  |TAMS 0x000000008cc00000, 0x000000008cc00000| Untracked 
| 205|0x000000008cd00000, 0x000000008cd00000, 0x000000008ce00000|  0%| F|  |TAMS 0x000000008cd00000, 0x000000008cd00000| Untracked 
| 206|0x000000008ce00000, 0x000000008ce00000, 0x000000008cf00000|  0%| F|  |TAMS 0x000000008ce00000, 0x000000008ce00000| Untracked 
| 207|0x000000008cf00000, 0x000000008cf00000, 0x000000008d000000|  0%| F|  |TAMS 0x000000008cf00000, 0x000000008cf00000| Untracked 
| 208|0x000000008d000000, 0x000000008d000000, 0x000000008d100000|  0%| F|  |TAMS 0x000000008d000000, 0x000000008d000000| Untracked 
| 209|0x000000008d100000, 0x000000008d100000, 0x000000008d200000|  0%| F|  |TAMS 0x000000008d100000, 0x000000008d100000| Untracked 
| 210|0x000000008d200000, 0x000000008d200000, 0x000000008d300000|  0%| F|  |TAMS 0x000000008d200000, 0x000000008d200000| Untracked 
| 211|0x000000008d300000, 0x000000008d300000, 0x000000008d400000|  0%| F|  |TAMS 0x000000008d300000, 0x000000008d300000| Untracked 
| 212|0x000000008d400000, 0x000000008d400000, 0x000000008d500000|  0%| F|  |TAMS 0x000000008d400000, 0x000000008d400000| Untracked 
| 213|0x000000008d500000, 0x000000008d500000, 0x000000008d600000|  0%| F|  |TAMS 0x000000008d500000, 0x000000008d500000| Untracked 
| 214|0x000000008d600000, 0x000000008d600000, 0x000000008d700000|  0%| F|  |TAMS 0x000000008d600000, 0x000000008d600000| Untracked 
| 215|0x000000008d700000, 0x000000008d700000, 0x000000008d800000|  0%| F|  |TAMS 0x000000008d700000, 0x000000008d700000| Untracked 
| 216|0x000000008d800000, 0x000000008d800000, 0x000000008d900000|  0%| F|  |TAMS 0x000000008d800000, 0x000000008d800000| Untracked 
| 217|0x000000008d900000, 0x000000008d900000, 0x000000008da00000|  0%| F|  |TAMS 0x000000008d900000, 0x000000008d900000| Untracked 
| 218|0x000000008da00000, 0x000000008da00000, 0x000000008db00000|  0%| F|  |TAMS 0x000000008da00000, 0x000000008da00000| Untracked 
| 219|0x000000008db00000, 0x000000008db00000, 0x000000008dc00000|  0%| F|  |TAMS 0x000000008db00000, 0x000000008db00000| Untracked 
| 220|0x000000008dc00000, 0x000000008dc00000, 0x000000008dd00000|  0%| F|  |TAMS 0x000000008dc00000, 0x000000008dc00000| Untracked 
| 221|0x000000008dd00000, 0x000000008dd00000, 0x000000008de00000|  0%| F|  |TAMS 0x000000008dd00000, 0x000000008dd00000| Untracked 
| 222|0x000000008de00000, 0x000000008de00000, 0x000000008df00000|  0%| F|  |TAMS 0x000000008de00000, 0x000000008de00000| Untracked 
| 223|0x000000008df00000, 0x000000008df00000, 0x000000008e000000|  0%| F|  |TAMS 0x000000008df00000, 0x000000008df00000| Untracked 
| 224|0x000000008e000000, 0x000000008e000000, 0x000000008e100000|  0%| F|  |TAMS 0x000000008e000000, 0x000000008e000000| Untracked 
| 225|0x000000008e100000, 0x000000008e100000, 0x000000008e200000|  0%| F|  |TAMS 0x000000008e100000, 0x000000008e100000| Untracked 
| 226|0x000000008e200000, 0x000000008e200000, 0x000000008e300000|  0%| F|  |TAMS 0x000000008e200000, 0x000000008e200000| Untracked 
| 227|0x000000008e300000, 0x000000008e300000, 0x000000008e400000|  0%| F|  |TAMS 0x000000008e300000, 0x000000008e300000| Untracked 
| 228|0x000000008e400000, 0x000000008e400000, 0x000000008e500000|  0%| F|  |TAMS 0x000000008e400000, 0x000000008e400000| Untracked 
| 229|0x000000008e500000, 0x000000008e500000, 0x000000008e600000|  0%| F|  |TAMS 0x000000008e500000, 0x000000008e500000| Untracked 
| 230|0x000000008e600000, 0x000000008e600000, 0x000000008e700000|  0%| F|  |TAMS 0x000000008e600000, 0x000000008e600000| Untracked 
| 231|0x000000008e700000, 0x000000008e700000, 0x000000008e800000|  0%| F|  |TAMS 0x000000008e700000, 0x000000008e700000| Untracked 
| 232|0x000000008e800000, 0x000000008e800000, 0x000000008e900000|  0%| F|  |TAMS 0x000000008e800000, 0x000000008e800000| Untracked 
| 233|0x000000008e900000, 0x000000008e900000, 0x000000008ea00000|  0%| F|  |TAMS 0x000000008e900000, 0x000000008e900000| Untracked 
| 234|0x000000008ea00000, 0x000000008ea00000, 0x000000008eb00000|  0%| F|  |TAMS 0x000000008ea00000, 0x000000008ea00000| Untracked 
| 235|0x000000008eb00000, 0x000000008eb00000, 0x000000008ec00000|  0%| F|  |TAMS 0x000000008eb00000, 0x000000008eb00000| Untracked 
| 236|0x000000008ec00000, 0x000000008ec00000, 0x000000008ed00000|  0%| F|  |TAMS 0x000000008ec00000, 0x000000008ec00000| Untracked 
| 237|0x000000008ed00000, 0x000000008ed00000, 0x000000008ee00000|  0%| F|  |TAMS 0x000000008ed00000, 0x000000008ed00000| Untracked 
| 238|0x000000008ee00000, 0x000000008ee00000, 0x000000008ef00000|  0%| F|  |TAMS 0x000000008ee00000, 0x000000008ee00000| Untracked 
| 239|0x000000008ef00000, 0x000000008ef00000, 0x000000008f000000|  0%| F|  |TAMS 0x000000008ef00000, 0x000000008ef00000| Untracked 
| 240|0x000000008f000000, 0x000000008f000000, 0x000000008f100000|  0%| F|  |TAMS 0x000000008f000000, 0x000000008f000000| Untracked 
| 241|0x000000008f100000, 0x000000008f100000, 0x000000008f200000|  0%| F|  |TAMS 0x000000008f100000, 0x000000008f100000| Untracked 
| 242|0x000000008f200000, 0x000000008f200000, 0x000000008f300000|  0%| F|  |TAMS 0x000000008f200000, 0x000000008f200000| Untracked 
| 243|0x000000008f300000, 0x000000008f300000, 0x000000008f400000|  0%| F|  |TAMS 0x000000008f300000, 0x000000008f300000| Untracked 
| 244|0x000000008f400000, 0x000000008f400000, 0x000000008f500000|  0%| F|  |TAMS 0x000000008f400000, 0x000000008f400000| Untracked 
| 245|0x000000008f500000, 0x000000008f500000, 0x000000008f600000|  0%| F|  |TAMS 0x000000008f500000, 0x000000008f500000| Untracked 
| 246|0x000000008f600000, 0x000000008f600000, 0x000000008f700000|  0%| F|  |TAMS 0x000000008f600000, 0x000000008f600000| Untracked 
| 247|0x000000008f700000, 0x000000008f700000, 0x000000008f800000|  0%| F|  |TAMS 0x000000008f700000, 0x000000008f700000| Untracked 
| 248|0x000000008f800000, 0x000000008f800000, 0x000000008f900000|  0%| F|  |TAMS 0x000000008f800000, 0x000000008f800000| Untracked 
| 249|0x000000008f900000, 0x000000008f900000, 0x000000008fa00000|  0%| F|  |TAMS 0x000000008f900000, 0x000000008f900000| Untracked 
| 250|0x000000008fa00000, 0x000000008fa00000, 0x000000008fb00000|  0%| F|  |TAMS 0x000000008fa00000, 0x000000008fa00000| Untracked 
| 251|0x000000008fb00000, 0x000000008fb00000, 0x000000008fc00000|  0%| F|  |TAMS 0x000000008fb00000, 0x000000008fb00000| Untracked 
| 252|0x000000008fc00000, 0x000000008fc00000, 0x000000008fd00000|  0%| F|  |TAMS 0x000000008fc00000, 0x000000008fc00000| Untracked 
| 253|0x000000008fd00000, 0x000000008fd00000, 0x000000008fe00000|  0%| F|  |TAMS 0x000000008fd00000, 0x000000008fd00000| Untracked 
| 254|0x000000008fe00000, 0x000000008fe00000, 0x000000008ff00000|  0%| F|  |TAMS 0x000000008fe00000, 0x000000008fe00000| Untracked 
| 255|0x000000008ff00000, 0x000000008ff00000, 0x0000000090000000|  0%| F|  |TAMS 0x000000008ff00000, 0x000000008ff00000| Untracked 
| 256|0x0000000090000000, 0x0000000090000000, 0x0000000090100000|  0%| F|  |TAMS 0x0000000090000000, 0x0000000090000000| Untracked 
| 257|0x0000000090100000, 0x0000000090100000, 0x0000000090200000|  0%| F|  |TAMS 0x0000000090100000, 0x0000000090100000| Untracked 
| 258|0x0000000090200000, 0x0000000090200000, 0x0000000090300000|  0%| F|  |TAMS 0x0000000090200000, 0x0000000090200000| Untracked 
| 259|0x0000000090300000, 0x0000000090300000, 0x0000000090400000|  0%| F|  |TAMS 0x0000000090300000, 0x0000000090300000| Untracked 
| 260|0x0000000090400000, 0x0000000090400000, 0x0000000090500000|  0%| F|  |TAMS 0x0000000090400000, 0x0000000090400000| Untracked 
| 261|0x0000000090500000, 0x0000000090500000, 0x0000000090600000|  0%| F|  |TAMS 0x0000000090500000, 0x0000000090500000| Untracked 
| 262|0x0000000090600000, 0x0000000090600000, 0x0000000090700000|  0%| F|  |TAMS 0x0000000090600000, 0x0000000090600000| Untracked 
| 263|0x0000000090700000, 0x0000000090700000, 0x0000000090800000|  0%| F|  |TAMS 0x0000000090700000, 0x0000000090700000| Untracked 
| 264|0x0000000090800000, 0x0000000090800000, 0x0000000090900000|  0%| F|  |TAMS 0x0000000090800000, 0x0000000090800000| Untracked 
| 265|0x0000000090900000, 0x0000000090900000, 0x0000000090a00000|  0%| F|  |TAMS 0x0000000090900000, 0x0000000090900000| Untracked 
| 266|0x0000000090a00000, 0x0000000090a00000, 0x0000000090b00000|  0%| F|  |TAMS 0x0000000090a00000, 0x0000000090a00000| Untracked 
| 267|0x0000000090b00000, 0x0000000090b00000, 0x0000000090c00000|  0%| F|  |TAMS 0x0000000090b00000, 0x0000000090b00000| Untracked 
| 268|0x0000000090c00000, 0x0000000090c00000, 0x0000000090d00000|  0%| F|  |TAMS 0x0000000090c00000, 0x0000000090c00000| Untracked 
| 269|0x0000000090d00000, 0x0000000090d00000, 0x0000000090e00000|  0%| F|  |TAMS 0x0000000090d00000, 0x0000000090d00000| Untracked 
| 270|0x0000000090e00000, 0x0000000090e00000, 0x0000000090f00000|  0%| F|  |TAMS 0x0000000090e00000, 0x0000000090e00000| Untracked 
| 271|0x0000000090f00000, 0x0000000090f00000, 0x0000000091000000|  0%| F|  |TAMS 0x0000000090f00000, 0x0000000090f00000| Untracked 
| 272|0x0000000091000000, 0x0000000091000000, 0x0000000091100000|  0%| F|  |TAMS 0x0000000091000000, 0x0000000091000000| Untracked 
| 273|0x0000000091100000, 0x0000000091100000, 0x0000000091200000|  0%| F|  |TAMS 0x0000000091100000, 0x0000000091100000| Untracked 

Card table byte_map: [0x0000000014fc0000,0x00000000153c0000] _byte_map_base: 0x0000000014bc0000

Marking Bits (Prev, Next): (CMBitMap*) 0x0000000002b5cc80, (CMBitMap*) 0x0000000002b5cc40
 Prev Bits: [0x00000000177c0000, 0x00000000197c0000)
 Next Bits: [0x00000000157c0000, 0x00000000177c0000)

Polling page: 0x0000000000560000

Metaspace:

Usage:
  Non-class:    101.01 MB used.
      Class:     13.64 MB used.
       Both:    114.65 MB used.

Virtual space:
  Non-class space:      104.00 MB reserved,     101.38 MB ( 97%) committed,  13 nodes.
      Class space:        1.00 GB reserved,      13.94 MB (  1%) committed,  1 nodes.
             Both:        1.10 GB reserved,     115.31 MB ( 10%) committed. 

Chunk freelists:
   Non-Class:  1.72 MB
       Class:  1.95 MB
        Both:  3.67 MB

MaxMetaspaceSize: unlimited
CompressedClassSpaceSize: 1.00 GB
Initial GC threshold: 21.00 MB
Current GC threshold: 141.81 MB
CDS: off
MetaspaceReclaimPolicy: balanced
 - commit_granule_bytes: 65536.
 - commit_granule_words: 8192.
 - virtual_space_node_default_size: 1048576.
 - enlarge_chunks_in_place: 1.
 - new_chunks_are_fully_committed: 0.
 - uncommit_free_chunks: 1.
 - use_allocation_guard: 0.
 - handle_deallocations: 1.


Internal statistics:

num_allocs_failed_limit: 6.
num_arena_births: 820.
num_arena_deaths: 0.
num_vsnodes_births: 14.
num_vsnodes_deaths: 0.
num_space_committed: 1843.
num_space_uncommitted: 0.
num_chunks_returned_to_freelist: 6.
num_chunks_taken_from_freelist: 4713.
num_chunk_merges: 6.
num_chunk_splits: 3602.
num_chunks_enlarged: 2929.
num_purges: 0.
num_inconsistent_stats: 0.

CodeHeap 'non-profiled nmethods': size=120064Kb used=8492Kb max_used=8492Kb free=111572Kb
 bounds [0x000000000da80000, 0x000000000e2d0000, 0x0000000014fc0000]
CodeHeap 'profiled nmethods': size=120000Kb used=40414Kb max_used=40414Kb free=79585Kb
 bounds [0x0000000005fc0000, 0x0000000008740000, 0x000000000d4f0000]
CodeHeap 'non-nmethods': size=5696Kb used=2498Kb max_used=2550Kb free=3197Kb
 bounds [0x000000000d4f0000, 0x000000000d790000, 0x000000000da80000]
 total_blobs=15943 nmethods=14892 adapters=960
 compilation: enabled
              stopped_count=0, restarted_count=0
 full_count=0

Compilation events (20 events):
Event: 113.416 Thread 0x000000001cd27000 18149       2       org.gradle.internal.hash.HashCode::<init> (5 bytes)
Event: 113.416 Thread 0x000000001cd27000 nmethod 18149 0x00000000076e4790 code [0x00000000076e4920, 0x00000000076e4a18]
Event: 113.419 Thread 0x000000001cd27000 18150       2       org.gradle.internal.fingerprint.impl.DefaultFileSystemLocationFingerprint::<init> (19 bytes)
Event: 113.420 Thread 0x000000001cd27000 nmethod 18150 0x0000000008736890 code [0x0000000008736a40, 0x0000000008736c28]
Event: 113.558 Thread 0x000000001cd27000 18154       2       org.objectweb.asm.SymbolTable::addConstant (330 bytes)
Event: 113.560 Thread 0x000000001cd27000 nmethod 18154 0x0000000008736d10 code [0x00000000087370e0, 0x0000000008738118]
Event: 114.095 Thread 0x000000001c0d8300 nmethod 18145% 0x000000000e299c10 code [0x000000000e29a300, 0x000000000e2a2e28]
Event: 114.096 Thread 0x000000001c0d8300 18146       4       org.objectweb.asm.ClassReader::accept (1412 bytes)
Event: 114.723 Thread 0x000000001c0d8300 nmethod 18146 0x000000000e2aa790 code [0x000000000e2aae60, 0x000000000e2b3c68]
Event: 114.723 Thread 0x000000001c0d8300 18156       4       org.objectweb.asm.ClassReader::readCode (5109 bytes)
Event: 115.388 Thread 0x000000001cd27000 18160       2       org.objectweb.asm.MethodVisitor::visitTableSwitchInsn (20 bytes)
Event: 115.389 Thread 0x000000001cd27000 nmethod 18160 0x0000000008738890 code [0x0000000008738a20, 0x0000000008738b48]
Event: 115.867 Thread 0x000000001cd27000 18161       2       org.objectweb.asm.MethodVisitor::visitLookupSwitchInsn (18 bytes)
Event: 115.868 Thread 0x000000001cd27000 nmethod 18161 0x0000000008738c10 code [0x0000000008738da0, 0x0000000008738ec8]
Event: 115.894 Thread 0x000000001c0d8300 nmethod 18156 0x000000000e2b9810 code [0x000000000e2b9fa0, 0x000000000e2c2a08]
Event: 115.894 Thread 0x000000001c0d8300 18155       4       org.objectweb.asm.MethodVisitor::visitTypeInsn (17 bytes)
Event: 115.895 Thread 0x000000001c0d8300 nmethod 18155 0x000000000e2ca990 code [0x000000000e2cab00, 0x000000000e2cabb8]
Event: 115.895 Thread 0x000000001c0d8300 18152       4       sun.security.provider.ByteArrayAccess::i2bLittle4 (10 bytes)
Event: 115.897 Thread 0x000000001c0d8300 nmethod 18152 0x000000000e2cac90 code [0x000000000e2cae00, 0x000000000e2caeb8]
Event: 115.897 Thread 0x000000001c0d8300 18159       4       org.gradle.internal.normalization.java.impl.ApiMemberSelector::visitEnd (28 bytes)

GC Heap History (20 events):
Event: 48.534 GC heap after
{Heap after GC invocations=51 (full 0):
 garbage-first heap   total 280576K, used 108032K [0x0000000080000000, 0x0000000100000000)
  region size 1024K, 5 young (5120K), 5 survivors (5120K)
 Metaspace       used 86387K, committed 86976K, reserved 1130496K
  class space    used 11173K, committed 11456K, reserved 1048576K
}
Event: 58.657 GC heap before
{Heap before GC invocations=52 (full 0):
 garbage-first heap   total 280576K, used 227840K [0x0000000080000000, 0x0000000100000000)
  region size 1024K, 127 young (130048K), 5 survivors (5120K)
 Metaspace       used 95055K, committed 95680K, reserved 1138688K
  class space    used 11920K, committed 12224K, reserved 1048576K
}
Event: 58.711 GC heap after
{Heap after GC invocations=53 (full 0):
 garbage-first heap   total 280576K, used 114176K [0x0000000080000000, 0x0000000100000000)
  region size 1024K, 16 young (16384K), 16 survivors (16384K)
 Metaspace       used 95055K, committed 95680K, reserved 1138688K
  class space    used 11920K, committed 12224K, reserved 1048576K
}
Event: 59.000 GC heap before
{Heap before GC invocations=53 (full 0):
 garbage-first heap   total 280576K, used 115200K [0x0000000080000000, 0x0000000100000000)
  region size 1024K, 17 young (17408K), 16 survivors (16384K)
 Metaspace       used 95094K, committed 95744K, reserved 1138688K
  class space    used 11920K, committed 12224K, reserved 1048576K
}
Event: 59.038 GC heap after
{Heap after GC invocations=54 (full 0):
 garbage-first heap   total 280576K, used 114112K [0x0000000080000000, 0x0000000100000000)
  region size 1024K, 1 young (1024K), 1 survivors (1024K)
 Metaspace       used 95094K, committed 95744K, reserved 1138688K
  class space    used 11920K, committed 12224K, reserved 1048576K
}
Event: 69.252 GC heap before
{Heap before GC invocations=54 (full 0):
 garbage-first heap   total 280576K, used 230848K [0x0000000080000000, 0x0000000100000000)
  region size 1024K, 113 young (115712K), 1 survivors (1024K)
 Metaspace       used 102566K, committed 103232K, reserved 1146880K
  class space    used 12507K, committed 12800K, reserved 1048576K
}
Event: 69.296 GC heap after
{Heap after GC invocations=55 (full 0):
 garbage-first heap   total 280576K, used 124352K [0x0000000080000000, 0x0000000100000000)
  region size 1024K, 9 young (9216K), 9 survivors (9216K)
 Metaspace       used 102566K, committed 103232K, reserved 1146880K
  class space    used 12507K, committed 12800K, reserved 1048576K
}
Event: 76.108 GC heap before
{Heap before GC invocations=55 (full 0):
 garbage-first heap   total 280576K, used 229824K [0x0000000080000000, 0x0000000100000000)
  region size 1024K, 112 young (114688K), 9 survivors (9216K)
 Metaspace       used 115691K, committed 116352K, reserved 1155072K
  class space    used 13860K, committed 14144K, reserved 1048576K
}
Event: 76.149 GC heap after
{Heap after GC invocations=56 (full 0):
 garbage-first heap   total 280576K, used 130363K [0x0000000080000000, 0x0000000100000000)
  region size 1024K, 5 young (5120K), 5 survivors (5120K)
 Metaspace       used 115691K, committed 116352K, reserved 1155072K
  class space    used 13860K, committed 14144K, reserved 1048576K
}
Event: 109.966 GC heap before
{Heap before GC invocations=56 (full 0):
 garbage-first heap   total 280576K, used 238907K [0x0000000080000000, 0x0000000100000000)
  region size 1024K, 104 young (106496K), 5 survivors (5120K)
 Metaspace       used 117396K, committed 118080K, reserved 1155072K
  class space    used 13970K, committed 14272K, reserved 1048576K
}
Event: 110.172 GC heap after
{Heap after GC invocations=57 (full 0):
 garbage-first heap   total 280576K, used 135484K [0x0000000080000000, 0x0000000100000000)
  region size 1024K, 4 young (4096K), 4 survivors (4096K)
 Metaspace       used 117396K, committed 118080K, reserved 1155072K
  class space    used 13970K, committed 14272K, reserved 1048576K
}
Event: 110.969 GC heap before
{Heap before GC invocations=57 (full 0):
 garbage-first heap   total 280576K, used 235836K [0x0000000080000000, 0x0000000100000000)
  region size 1024K, 102 young (104448K), 4 survivors (4096K)
 Metaspace       used 117398K, committed 118080K, reserved 1155072K
  class space    used 13970K, committed 14272K, reserved 1048576K
}
Event: 110.987 GC heap after
{Heap after GC invocations=58 (full 0):
 garbage-first heap   total 280576K, used 135879K [0x0000000080000000, 0x0000000100000000)
  region size 1024K, 5 young (5120K), 5 survivors (5120K)
 Metaspace       used 117398K, committed 118080K, reserved 1155072K
  class space    used 13970K, committed 14272K, reserved 1048576K
}
Event: 112.471 GC heap before
{Heap before GC invocations=58 (full 0):
 garbage-first heap   total 280576K, used 238279K [0x0000000080000000, 0x0000000100000000)
  region size 1024K, 105 young (107520K), 5 survivors (5120K)
 Metaspace       used 117400K, committed 118080K, reserved 1155072K
  class space    used 13970K, committed 14272K, reserved 1048576K
}
Event: 112.521 GC heap after
{Heap after GC invocations=59 (full 0):
 garbage-first heap   total 280576K, used 136259K [0x0000000080000000, 0x0000000100000000)
  region size 1024K, 5 young (5120K), 5 survivors (5120K)
 Metaspace       used 117400K, committed 118080K, reserved 1155072K
  class space    used 13970K, committed 14272K, reserved 1048576K
}
Event: 113.698 GC heap before
{Heap before GC invocations=59 (full 0):
 garbage-first heap   total 280576K, used 240707K [0x0000000080000000, 0x0000000100000000)
  region size 1024K, 107 young (109568K), 5 survivors (5120K)
 Metaspace       used 117400K, committed 118080K, reserved 1155072K
  class space    used 13970K, committed 14272K, reserved 1048576K
}
Event: 113.748 GC heap after
{Heap after GC invocations=60 (full 0):
 garbage-first heap   total 280576K, used 136508K [0x0000000080000000, 0x0000000100000000)
  region size 1024K, 5 young (5120K), 5 survivors (5120K)
 Metaspace       used 117400K, committed 118080K, reserved 1155072K
  class space    used 13970K, committed 14272K, reserved 1048576K
}
Event: 114.873 GC heap before
{Heap before GC invocations=60 (full 0):
 garbage-first heap   total 280576K, used 241980K [0x0000000080000000, 0x0000000100000000)
  region size 1024K, 108 young (110592K), 5 survivors (5120K)
 Metaspace       used 117401K, committed 118080K, reserved 1155072K
  class space    used 13970K, committed 14272K, reserved 1048576K
}
Event: 114.908 GC heap after
{Heap after GC invocations=61 (full 0):
 garbage-first heap   total 280576K, used 136983K [0x0000000080000000, 0x0000000100000000)
  region size 1024K, 6 young (6144K), 6 survivors (6144K)
 Metaspace       used 117401K, committed 118080K, reserved 1155072K
  class space    used 13970K, committed 14272K, reserved 1048576K
}
Event: 115.926 GC heap before
{Heap before GC invocations=61 (full 0):
 garbage-first heap   total 280576K, used 243479K [0x0000000080000000, 0x0000000100000000)
  region size 1024K, 110 young (112640K), 6 survivors (6144K)
 Metaspace       used 117402K, committed 118080K, reserved 1155072K
  class space    used 13970K, committed 14272K, reserved 1048576K
}

Dll operation events (3 events):
Event: 0.056 Loaded shared library C:\Program Files\Android\Android Studio\jbr\bin\java.dll
Event: 0.880 Loaded shared library C:\Program Files\Android\Android Studio\jbr\bin\zip.dll
Event: 2.440 Loaded shared library C:\Program Files\Android\Android Studio\jbr\bin\verify.dll

Deoptimization events (20 events):
Event: 115.794 Thread 0x000000001e230400 DEOPT PACKING pc=0x000000000872c84a sp=0x0000000021757eb0
Event: 115.794 Thread 0x000000001e230400 DEOPT UNPACKING pc=0x000000000d547124 sp=0x00000000217575c0 mode 0
Event: 115.799 Thread 0x000000001e230400 DEOPT PACKING pc=0x000000000872c84a sp=0x0000000021757eb0
Event: 115.799 Thread 0x000000001e230400 DEOPT UNPACKING pc=0x000000000d547124 sp=0x00000000217575c0 mode 0
Event: 115.804 Thread 0x000000001e230400 DEOPT PACKING pc=0x000000000872c84a sp=0x0000000021757eb0
Event: 115.804 Thread 0x000000001e230400 DEOPT UNPACKING pc=0x000000000d547124 sp=0x00000000217575c0 mode 0
Event: 115.808 Thread 0x000000001e230400 DEOPT PACKING pc=0x000000000872d9b7 sp=0x0000000021757eb0
Event: 115.808 Thread 0x000000001e230400 DEOPT UNPACKING pc=0x000000000d547124 sp=0x00000000217575c0 mode 0
Event: 115.864 Thread 0x000000001e230400 DEOPT PACKING pc=0x000000000872c84a sp=0x0000000021757eb0
Event: 115.864 Thread 0x000000001e230400 DEOPT UNPACKING pc=0x000000000d547124 sp=0x00000000217575c0 mode 0
Event: 115.869 Thread 0x000000001e230400 DEOPT PACKING pc=0x000000000872d9b7 sp=0x0000000021757eb0
Event: 115.869 Thread 0x000000001e230400 DEOPT UNPACKING pc=0x000000000d547124 sp=0x00000000217575c0 mode 0
Event: 115.876 Thread 0x000000001e230400 DEOPT PACKING pc=0x000000000872c84a sp=0x0000000021757eb0
Event: 115.876 Thread 0x000000001e230400 DEOPT UNPACKING pc=0x000000000d547124 sp=0x00000000217575c0 mode 0
Event: 115.880 Thread 0x000000001e230400 DEOPT PACKING pc=0x000000000872c84a sp=0x0000000021757eb0
Event: 115.880 Thread 0x000000001e230400 DEOPT UNPACKING pc=0x000000000d547124 sp=0x00000000217575c0 mode 0
Event: 115.885 Thread 0x000000001e230400 DEOPT PACKING pc=0x000000000872d9b7 sp=0x0000000021757eb0
Event: 115.885 Thread 0x000000001e230400 DEOPT UNPACKING pc=0x000000000d547124 sp=0x00000000217575c0 mode 0
Event: 115.891 Thread 0x000000001e230400 DEOPT PACKING pc=0x000000000872d9b7 sp=0x0000000021757eb0
Event: 115.891 Thread 0x000000001e230400 DEOPT UNPACKING pc=0x000000000d547124 sp=0x00000000217575c0 mode 0

Classes unloaded (0 events):
No events

Classes redefined (0 events):
No events

Internal exceptions (20 events):
Event: 31.960 Thread 0x000000001e230400 Exception <a 'java/lang/NoSuchMethodError'{0x000000008b53a230}: 'java.lang.Object java.lang.invoke.DirectMethodHandle$Holder.invokeStaticInit(java.lang.Object, int)'> (0x000000008b53a230) 
thrown [s\src\hotspot\share\interpreter\linkResolver.cpp, line 771]
Event: 32.103 Thread 0x000000001e230400 Exception <a 'java/lang/NoSuchMethodError'{0x000000008b2635c8}: 'long java.lang.invoke.DirectMethodHandle$Holder.invokeStatic(java.lang.Object)'> (0x000000008b2635c8) 
thrown [s\src\hotspot\share\interpreter\linkResolver.cpp, line 771]
Event: 32.104 Thread 0x000000001e230400 Exception <a 'java/lang/NoSuchMethodError'{0x000000008b267c60}: 'long java.lang.invoke.DirectMethodHandle$Holder.invokeStaticInit(java.lang.Object)'> (0x000000008b267c60) 
thrown [s\src\hotspot\share\interpreter\linkResolver.cpp, line 771]
Event: 37.123 Thread 0x000000001e230400 Exception <a 'java/lang/NoSuchMethodError'{0x0000000088f8afe8}: 'void java.lang.invoke.DirectMethodHandle$Holder.invokeVirtual(java.lang.Object, java.lang.Object)'> (0x0000000088f8afe8) 
thrown [s\src\hotspot\share\interpreter\linkResolver.cpp, line 771]
Event: 37.620 Thread 0x000000001e230400 Exception <a 'java/lang/NoSuchMethodError'{0x0000000088421e60}: 'java.lang.Object java.lang.invoke.Invokers$Holder.invoke_MT(java.lang.Object, java.lang.Object, java.lang.Object)'> (0x0000000088421e60) 
thrown [s\src\hotspot\share\interpreter\linkResolver.cpp, line 771]
Event: 41.042 Thread 0x000000001e230400 Implicit null exception at 0x000000000de1f6cc to 0x000000000de1f7a8
Event: 41.188 Thread 0x000000001e230400 Implicit null exception at 0x000000000de17750 to 0x000000000de17814
Event: 41.199 Thread 0x000000001e230400 Implicit null exception at 0x000000000de16c9c to 0x000000000de16e1c
Event: 48.423 Thread 0x000000001e230400 Exception <a 'java/lang/NoSuchMethodError'{0x000000008c477738}: 'java.lang.Object java.lang.invoke.DirectMethodHandle$Holder.invokeStatic(java.lang.Object, java.lang.Object, java.lang.Object, java.lang.Object, int)'> (0x000000008c477738) 
thrown [s\src\hotspot\share\interpreter\linkResolver.cpp, line 771]
Event: 48.429 Thread 0x000000001e230400 Exception <a 'java/lang/NoSuchMethodError'{0x000000008c482318}: 'java.lang.Object java.lang.invoke.DirectMethodHandle$Holder.newInvokeSpecial(java.lang.Object, java.lang.Object, java.lang.Object, java.lang.Object, int)'> (0x000000008c482318) 
thrown [s\src\hotspot\share\interpreter\linkResolver.cpp, line 771]
Event: 48.431 Thread 0x000000001e230400 Exception <a 'java/lang/NoSuchMethodError'{0x000000008c488090}: 'java.lang.Object java.lang.invoke.DirectMethodHandle$Holder.invokeSpecial(java.lang.Object, java.lang.Object, java.lang.Object, java.lang.Object, java.lang.Object, int)'> (0x000000008c488090) 
thrown [s\src\hotspot\share\interpreter\linkResolver.cpp, line 771]
Event: 48.431 Thread 0x000000001e230400 Exception <a 'java/lang/NoSuchMethodError'{0x000000008c48d560}: 'java.lang.Object java.lang.invoke.Invokers$Holder.linkToTargetMethod(java.lang.Object, java.lang.Object, java.lang.Object, int, java.lang.Object)'> (0x000000008c48d560) 
thrown [s\src\hotspot\share\interpreter\linkResolver.cpp, line 771]
Event: 51.920 Thread 0x000000001e230400 Implicit null exception at 0x000000000dc62355 to 0x000000000dc62524
Event: 52.055 Thread 0x000000001e230400 Implicit null exception at 0x000000000dce7313 to 0x000000000dce7740
Event: 52.055 Thread 0x000000001e230400 Implicit null exception at 0x000000000dd2968f to 0x000000000dd296c0
Event: 56.122 Thread 0x000000001e230400 Implicit null exception at 0x000000000df1e4be to 0x000000000df1e8e0
Event: 63.235 Thread 0x000000001e230400 Implicit null exception at 0x000000000dd56f90 to 0x000000000dd596f8
Event: 67.900 Thread 0x000000001e230400 Exception <a 'java/lang/NoSuchMethodError'{0x000000008a98d198}: 'java.lang.Object java.lang.invoke.DirectMethodHandle$Holder.newInvokeSpecial(java.lang.Object, java.lang.Object, java.lang.Object, int, int, java.lang.Object, java.lang.Object)'> (0x000000008a98d198) 
thrown [s\src\hotspot\share\interpreter\linkResolver.cpp, line 771]
Event: 83.170 Thread 0x000000001e230400 Exception <a 'java/lang/NoSuchMethodError'{0x000000008ffb3c40}: 'java.lang.Object java.lang.invoke.DirectMethodHandle$Holder.invokeStatic(java.lang.Object, int, java.lang.Object)'> (0x000000008ffb3c40) 
thrown [s\src\hotspot\share\interpreter\linkResolver.cpp, line 771]
Event: 85.982 Thread 0x000000001e230400 Exception <a 'java/lang/IncompatibleClassChangeError'{0x000000008f87fff0}: Found class java.lang.Object, but interface was expected> (0x000000008f87fff0) 
thrown [s\src\hotspot\share\interpreter\linkResolver.cpp, line 838]

VM Operations (20 events):
Event: 108.917 Executing VM operation: Cleanup done
Event: 109.919 Executing VM operation: Cleanup
Event: 109.919 Executing VM operation: Cleanup done
Event: 109.965 Executing VM operation: G1CollectForAllocation
Event: 110.174 Executing VM operation: G1CollectForAllocation done
Event: 110.969 Executing VM operation: G1CollectForAllocation
Event: 110.988 Executing VM operation: G1CollectForAllocation done
Event: 111.992 Executing VM operation: Cleanup
Event: 111.992 Executing VM operation: Cleanup done
Event: 112.471 Executing VM operation: G1CollectForAllocation
Event: 112.522 Executing VM operation: G1CollectForAllocation done
Event: 113.524 Executing VM operation: Cleanup
Event: 113.524 Executing VM operation: Cleanup done
Event: 113.698 Executing VM operation: G1CollectForAllocation
Event: 113.748 Executing VM operation: G1CollectForAllocation done
Event: 114.873 Executing VM operation: G1CollectForAllocation
Event: 114.909 Executing VM operation: G1CollectForAllocation done
Event: 115.919 Executing VM operation: Cleanup
Event: 115.920 Executing VM operation: Cleanup done
Event: 115.926 Executing VM operation: G1CollectForAllocation

Events (20 events):
Event: 76.193 Thread 0x000000001cd54c10 flushing nmethod 0x00000000082ffd10
Event: 76.193 Thread 0x000000001cd54c10 flushing nmethod 0x0000000008301290
Event: 76.193 Thread 0x000000001cd54c10 flushing nmethod 0x0000000008302810
Event: 76.193 Thread 0x000000001cd54c10 flushing nmethod 0x0000000008302f10
Event: 76.193 Thread 0x000000001cd54c10 flushing nmethod 0x0000000008305110
Event: 76.193 Thread 0x000000001cd54c10 flushing nmethod 0x000000000831b790
Event: 76.193 Thread 0x000000001cd54c10 flushing nmethod 0x0000000008350590
Event: 76.193 Thread 0x000000001cd54c10 flushing nmethod 0x000000000839e690
Event: 76.193 Thread 0x000000001cd54c10 flushing nmethod 0x00000000083b4890
Event: 76.193 Thread 0x000000001cd54c10 flushing nmethod 0x00000000083cf910
Event: 76.194 Thread 0x000000001cd54c10 flushing nmethod 0x000000000842ea90
Event: 76.194 Thread 0x000000001cd54c10 flushing nmethod 0x000000000849b990
Event: 76.194 Thread 0x000000001cd54c10 flushing nmethod 0x00000000084ba510
Event: 84.419 loading class java/util/zip/ZipOutputStream
Event: 84.422 loading class java/util/zip/ZipOutputStream done
Event: 84.704 loading class java/util/zip/ZipOutputStream$XEntry
Event: 84.705 loading class java/util/zip/ZipOutputStream$XEntry done
Event: 105.729 Thread 0x000000001cd54c10 flushing nmethod 0x0000000006df2390
Event: 106.255 Thread 0x000000001cd54c10 flushing nmethod 0x00000000082f3810
Event: 106.258 Thread 0x000000001cd54c10 flushing nmethod 0x0000000008392310


Dynamic libraries:
0x00007ff6a8040000 - 0x00007ff6a804a000 	C:\Program Files\Android\Android Studio\jbr\bin\java.exe
0x00007ffb70b50000 - 0x00007ffb70d67000 	C:\Windows\SYSTEM32\ntdll.dll
0x00007ffb6fd60000 - 0x00007ffb6fe24000 	C:\Windows\System32\KERNEL32.DLL
0x00007ffb6df70000 - 0x00007ffb6e340000 	C:\Windows\System32\KERNELBASE.dll
0x00007ffb6e5b0000 - 0x00007ffb6e6c1000 	C:\Windows\System32\ucrtbase.dll
0x00007ffb5ba60000 - 0x00007ffb5ba7b000 	C:\Program Files\Android\Android Studio\jbr\bin\VCRUNTIME140.dll
0x00007ffb327e0000 - 0x00007ffb327f7000 	C:\Program Files\Android\Android Studio\jbr\bin\jli.dll
0x00007ffb70960000 - 0x00007ffb70b0e000 	C:\Windows\System32\USER32.dll
0x00007ffb6e580000 - 0x00007ffb6e5a6000 	C:\Windows\System32\win32u.dll
0x00007ffb70430000 - 0x00007ffb70459000 	C:\Windows\System32\GDI32.dll
0x00007ffb6e460000 - 0x00007ffb6e57b000 	C:\Windows\System32\gdi32full.dll
0x00007ffb6e340000 - 0x00007ffb6e3da000 	C:\Windows\System32\msvcp_win.dll
0x00007ffb55410000 - 0x00007ffb556a2000 	C:\Windows\WinSxS\amd64_microsoft.windows.common-controls_6595b64144ccf1df_6.0.22621.4830_none_270fe7d773858e80\COMCTL32.dll
0x00007ffb6e840000 - 0x00007ffb6e8e7000 	C:\Windows\System32\msvcrt.dll
0x00007ffb703f0000 - 0x00007ffb70421000 	C:\Windows\System32\IMM32.DLL
0x00007ffb5ba50000 - 0x00007ffb5ba5c000 	C:\Program Files\Android\Android Studio\jbr\bin\vcruntime140_1.dll
0x00007ffb310f0000 - 0x00007ffb3117d000 	C:\Program Files\Android\Android Studio\jbr\bin\msvcp140.dll
0x00007ffb28ab0000 - 0x00007ffb2971e000 	C:\Program Files\Android\Android Studio\jbr\bin\server\jvm.dll
0x00007ffb707f0000 - 0x00007ffb708a1000 	C:\Windows\System32\ADVAPI32.dll
0x00007ffb708b0000 - 0x00007ffb70957000 	C:\Windows\System32\sechost.dll
0x00007ffb6e810000 - 0x00007ffb6e838000 	C:\Windows\System32\bcrypt.dll
0x00007ffb6ead0000 - 0x00007ffb6ebe4000 	C:\Windows\System32\RPCRT4.dll
0x00007ffb67a80000 - 0x00007ffb67ab4000 	C:\Windows\SYSTEM32\WINMM.dll
0x00007ffb5d700000 - 0x00007ffb5d70a000 	C:\Windows\SYSTEM32\VERSION.dll
0x00007ffb3cf40000 - 0x00007ffb3cf49000 	C:\Windows\SYSTEM32\WSOCK32.dll
0x00007ffb6ea50000 - 0x00007ffb6eac1000 	C:\Windows\System32\WS2_32.dll
0x00007ffb6ce00000 - 0x00007ffb6ce18000 	C:\Windows\SYSTEM32\kernel.appcore.dll
0x00007ffb58230000 - 0x00007ffb5823a000 	C:\Program Files\Android\Android Studio\jbr\bin\jimage.dll
0x00007ffb6b670000 - 0x00007ffb6b8a2000 	C:\Windows\SYSTEM32\DBGHELP.DLL
0x00007ffb70460000 - 0x00007ffb707f0000 	C:\Windows\System32\combase.dll
0x00007ffb6ff90000 - 0x00007ffb70067000 	C:\Windows\System32\OLEAUT32.dll
0x00007ffb59650000 - 0x00007ffb59682000 	C:\Windows\SYSTEM32\dbgcore.DLL
0x00007ffb6e6d0000 - 0x00007ffb6e74b000 	C:\Windows\System32\bcryptPrimitives.dll
0x00007ffb377a0000 - 0x00007ffb377ae000 	C:\Program Files\Android\Android Studio\jbr\bin\instrument.dll
0x00007ffb34430000 - 0x00007ffb34455000 	C:\Program Files\Android\Android Studio\jbr\bin\java.dll
0x00007ffb556d0000 - 0x00007ffb556e8000 	C:\Program Files\Android\Android Studio\jbr\bin\zip.dll
0x00007ffb6eea0000 - 0x00007ffb6f718000 	C:\Windows\System32\SHELL32.dll
0x00007ffb6bd00000 - 0x00007ffb6c610000 	C:\Windows\SYSTEM32\windows.storage.dll
0x00007ffb6bbc0000 - 0x00007ffb6bcff000 	C:\Windows\SYSTEM32\wintypes.dll
0x00007ffb70070000 - 0x00007ffb7017a000 	C:\Windows\System32\SHCORE.dll
0x00007ffb6e9e0000 - 0x00007ffb6ea3e000 	C:\Windows\System32\shlwapi.dll
0x00007ffb6dd30000 - 0x00007ffb6dd5b000 	C:\Windows\SYSTEM32\profapi.dll
0x00007ffb34410000 - 0x00007ffb34429000 	C:\Program Files\Android\Android Studio\jbr\bin\net.dll
0x00007ffb67750000 - 0x00007ffb6787c000 	C:\Windows\SYSTEM32\WINHTTP.dll
0x00007ffb6d270000 - 0x00007ffb6d2da000 	C:\Windows\system32\mswsock.dll
0x00007ffb343f0000 - 0x00007ffb34406000 	C:\Program Files\Android\Android Studio\jbr\bin\nio.dll
0x00007ffb56de0000 - 0x00007ffb56df0000 	C:\Program Files\Android\Android Studio\jbr\bin\verify.dll
0x00007ffb311d0000 - 0x00007ffb311f7000 	C:\Program Files\Android\Android Studio\jbr\native\68d5fa5c4cc2d200863cafc0d521ce42e7d3e7ee720ec0a83991735586a16f82\windows-amd64\native-platform.dll
0x00007ffb23fe0000 - 0x00007ffb24124000 	C:\Program Files\Android\Android Studio\jbr\native\e376f236ea51e6404a007f0833ffe2c6e607c4080706a723a18a27aeea778392\windows-amd64\native-platform-file-events.dll
0x00007ffb57640000 - 0x00007ffb57649000 	C:\Program Files\Android\Android Studio\jbr\bin\management.dll
0x00007ffb56410000 - 0x00007ffb5641b000 	C:\Program Files\Android\Android Studio\jbr\bin\management_ext.dll
0x00007ffb701e0000 - 0x00007ffb701e8000 	C:\Windows\System32\PSAPI.DLL
0x00007ffb6d510000 - 0x00007ffb6d52b000 	C:\Windows\SYSTEM32\CRYPTSP.dll
0x00007ffb6cd60000 - 0x00007ffb6cd95000 	C:\Windows\system32\rsaenh.dll
0x00007ffb6d310000 - 0x00007ffb6d338000 	C:\Windows\SYSTEM32\USERENV.dll
0x00007ffb6d480000 - 0x00007ffb6d48c000 	C:\Windows\SYSTEM32\CRYPTBASE.dll
0x00007ffb6c8b0000 - 0x00007ffb6c8dd000 	C:\Windows\SYSTEM32\IPHLPAPI.DLL
0x00007ffb6ea40000 - 0x00007ffb6ea49000 	C:\Windows\System32\NSI.dll
0x00007ffb67720000 - 0x00007ffb67739000 	C:\Windows\SYSTEM32\dhcpcsvc6.DLL
0x00007ffb67700000 - 0x00007ffb6771f000 	C:\Windows\SYSTEM32\dhcpcsvc.DLL
0x00007ffb6c930000 - 0x00007ffb6ca32000 	C:\Windows\SYSTEM32\DNSAPI.dll
0x00007ffb423d0000 - 0x00007ffb423d8000 	C:\Windows\system32\wshunix.dll

dbghelp: loaded successfully - version: 4.0.5 - missing functions: none
symbol engine: initialized successfully - sym options: 0x614 - pdb path: .;C:\Program Files\Android\Android Studio\jbr\bin;C:\Windows\SYSTEM32;C:\Windows\WinSxS\amd64_microsoft.windows.common-controls_6595b64144ccf1df_6.0.22621.4830_none_270fe7d773858e80;C:\Program Files\Android\Android Studio\jbr\bin\server;C:\Program Files\Android\Android Studio\jbr\native\68d5fa5c4cc2d200863cafc0d521ce42e7d3e7ee720ec0a83991735586a16f82\windows-amd64;C:\Program Files\Android\Android Studio\jbr\native\e376f236ea51e6404a007f0833ffe2c6e607c4080706a723a18a27aeea778392\windows-amd64

VM Arguments:
jvm_args: --add-opens=java.base/java.util=ALL-UNNAMED --add-opens=java.base/java.lang=ALL-UNNAMED --add-opens=java.base/java.lang.invoke=ALL-UNNAMED --add-opens=java.prefs/java.util.prefs=ALL-UNNAMED --add-opens=java.base/java.nio.charset=ALL-UNNAMED --add-opens=java.base/java.net=ALL-UNNAMED --add-opens=java.base/java.util.concurrent.atomic=ALL-UNNAMED -Xmx2048m -Dfile.encoding=UTF-8 -Duser.country=US -Duser.language=en -Duser.variant -javaagent:C:\Program Files\Android\Android Studio\jbr\wrapper\dists\gradle-8.1.1-bin\9wiye5v2saajue4irfo8ybqfp\gradle-8.1.1\lib\agents\gradle-instrumentation-agent-8.1.1.jar 
java_command: org.gradle.launcher.daemon.bootstrap.GradleDaemon 8.1.1
java_class_path (initial): C:\Program Files\Android\Android Studio\jbr\wrapper\dists\gradle-8.1.1-bin\9wiye5v2saajue4irfo8ybqfp\gradle-8.1.1\lib\gradle-launcher-8.1.1.jar
Launcher Type: SUN_STANDARD

[Global flags]
     intx CICompilerCount                          = 2                                         {product} {ergonomic}
     uint ConcGCThreads                            = 1                                         {product} {ergonomic}
     uint G1ConcRefinementThreads                  = 2                                         {product} {ergonomic}
   size_t G1HeapRegionSize                         = 1048576                                   {product} {ergonomic}
    uintx GCDrainStackTargetSize                   = 64                                        {product} {ergonomic}
   size_t InitialHeapSize                          = 62914560                                  {product} {ergonomic}
   size_t MarkStackSize                            = 4194304                                   {product} {ergonomic}
   size_t MaxHeapSize                              = 2147483648                                {product} {command line}
   size_t MaxNewSize                               = 1287651328                                {product} {ergonomic}
   size_t MinHeapDeltaBytes                        = 1048576                                   {product} {ergonomic}
   size_t MinHeapSize                              = 8388608                                   {product} {ergonomic}
    uintx NonNMethodCodeHeapSize                   = 5826188                                {pd product} {ergonomic}
    uintx NonProfiledCodeHeapSize                  = 122916026                              {pd product} {ergonomic}
    uintx ProfiledCodeHeapSize                     = 122916026                              {pd product} {ergonomic}
    uintx ReservedCodeCacheSize                    = 251658240                              {pd product} {ergonomic}
     bool SegmentedCodeCache                       = true                                      {product} {ergonomic}
   size_t SoftMaxHeapSize                          = 2147483648                             {manageable} {ergonomic}
     bool UseCompressedClassPointers               = true                           {product lp64_product} {ergonomic}
     bool UseCompressedOops                        = true                           {product lp64_product} {ergonomic}
     bool UseG1GC                                  = true                                      {product} {ergonomic}
     bool UseLargePagesIndividualAllocation        = false                                  {pd product} {ergonomic}

Logging:
Log output configuration:
 #0: stdout all=warning uptime,level,tags
 #1: stderr all=off uptime,level,tags

Environment Variables:
JAVA_HOME=C:\Program Files\Android\Android Studio\jbr

PATH=C:\Program Files (x86)\Common Files\Oracle\Java\java8path;C:\Program Files (x86)\Common Files\Oracle\Java\javapath;C:\Python312\Scripts\;C:\Python312\;C:\Windows\system32;C:\Windows;C:\Windows\System32\Wbem;C:\Windows\System32\WindowsPowerShell\v1.0\;C:\Windows\System32\OpenSSH\;C:\Program Files\dotnet\;C:\Program Files\Microsoft VS Code\bin;C:\Program Files\Git\cmd;C:\ProgramData\chocolatey\bin;C:\Program Files\Android\Android Studio\jbr\bin;C:\Program Files\Java\jdk-23\bin;C:\cygwin64\bin;C:\Program Files\nodejs\;C:\Program Files\usbipd-win\;C:\xampp\php;C:\ProgramData\ComposerSetup\bin;C:\Users\Admin\AppData\Local\Microsoft\WindowsApps;C:\Users\Admin\AppData\Local\Programs\Microsoft VS Code\bin;C:\Users\Admin\AppData\Local\spicetify;C:\Users\Admin\AppData\Roaming\npm;C:\Program Files\PostgreSQL\17\bin;C:\Users\Admin\AppData\Roaming\Composer\vendor\bin;C:\adb;C:\xampp\mysql\bin;C:\Users\Admin\AppData\Roaming\Python\Python312\Scripts
USERNAME=Admin
OS=Windows_NT
PROCESSOR_IDENTIFIER=Intel64 Family 6 Model 122 Stepping 8, GenuineIntel
TMP=C:\Users\Admin\AppData\Local\Temp
TEMP=C:\Users\Admin\AppData\Local\Temp


JNI global refs:
JNI global refs: 25, weak refs: 5

JNI global refs memory usage: 843, weak refs: 841


---------------  S Y S T E M  ---------------

OS:
 Windows 11 , 64 bit Build 22621 (10.0.22621.4830)
OS uptime: 0 days 1:49 hours
Hyper-V role detected

CPU: total 2 (initial active 2) (2 cores per cpu, 1 threads per core) family 6 model 122 stepping 8 microcode 0x20, cx8, cmov, fxsr, mmx, 3dnowpref, sse, sse2, sse3, ssse3, sse4.1, sse4.2, popcnt, tsc, tscinvbit, aes, erms, clmul, sha, clflush, clflushopt, hv

Memory: 4k page, system-wide physical 3737M (68M free)
TotalPageFile size 9881M (AvailPageFile size 34M)
current process WorkingSet (physical memory assigned to process): 298M, peak: 503M
current process commit charge ("private bytes"): 593M, peak: 648M

vm_info: OpenJDK 64-Bit Server VM (17.0.6+0-b2043.56-10027231) for windows-amd64 JRE (17.0.6+0-b2043.56-10027231), built on Apr 28 2023 00:43:19 by "androidbuild" with MS VC++ 16.10 / 16.11 (VS2019)

END.
