#
# There is insufficient memory for the Java Runtime Environment to continue.
# Native memory allocation (mmap) failed to map 54525952 bytes for G1 virtual space
# Possible reasons:
#   The system is out of physical RAM or swap space
#   The process is running with CompressedOops enabled, and the Java Heap may be blocking the growth of the native heap
# Possible solutions:
#   Reduce memory load on the system
#   Increase physical memory or swap space
#   Check if swap backing store is full
#   Decrease Java heap size (-Xmx/-Xms)
#   Decrease number of Java threads
#   Decrease Java thread stack sizes (-Xss)
#   Set larger code cache with -XX:ReservedCodeCacheSize=
#   JVM is running with Unscaled Compressed Oops mode in which the Java heap is
#     placed in the first 4GB address space. The Java Heap base address is the
#     maximum limit for the native heap growth. Please use -XX:HeapBaseMinAddress
#     to set the Java Heap base and to place the Java Heap above 4GB virtual address.
# This output file may be truncated or incomplete.
#
#  Out of Memory Error (os_windows.cpp:3769), pid=8348, tid=1172
#
# JRE version: OpenJDK Runtime Environment (17.0.6) (build 17.0.6+0-b2043.56-10027231)
# Java VM: OpenJDK 64-Bit Server VM (17.0.6+0-b2043.56-10027231, mixed mode, tiered, compressed oops, compressed class ptrs, g1 gc, windows-amd64)
# No core dump will be written. Minidumps are not enabled by default on client versions of Windows
#

---------------  S U M M A R Y ------------

Command Line: --add-opens=java.base/java.util=ALL-UNNAMED --add-opens=java.base/java.lang=ALL-UNNAMED --add-opens=java.base/java.lang.invoke=ALL-UNNAMED --add-opens=java.prefs/java.util.prefs=ALL-UNNAMED --add-opens=java.base/java.nio.charset=ALL-UNNAMED --add-opens=java.base/java.net=ALL-UNNAMED --add-opens=java.base/java.util.concurrent.atomic=ALL-UNNAMED -Xmx2048m -Dfile.encoding=UTF-8 -Duser.country=US -Duser.language=en -Duser.variant -javaagent:C:\Program Files\Android\Android Studio\jbr\wrapper\dists\gradle-8.1.1-all\bs1rrjki8hh9bujwbsqnxtuzr\gradle-8.1.1\lib\agents\gradle-instrumentation-agent-8.1.1.jar org.gradle.launcher.daemon.bootstrap.GradleDaemon 8.1.1

Host: Intel(R) Celeron(R) N4020 CPU @ 1.10GHz, 2 cores, 3G,  Windows 11 , 64 bit Build 22621 (10.0.22621.4830)
Time: Sat Mar 15 05:41:18 2025 SE Asia Standard Time elapsed time: 82.949750 seconds (0d 0h 1m 22s)

---------------  T H R E A D  ---------------

Current thread (0x0000000002b4ebf0):  VMThread "VM Thread" [stack: 0x000000001c0c0000,0x000000001c1c0000] [id=1172]

Stack: [0x000000001c0c0000,0x000000001c1c0000]
Native frames: (J=compiled Java code, j=interpreted, Vv=VM code, C=native code)
V  [jvm.dll+0x683c9a]
V  [jvm.dll+0x8427a4]
V  [jvm.dll+0x843f9e]
V  [jvm.dll+0x844603]
V  [jvm.dll+0x249b75]
V  [jvm.dll+0x680b69]
V  [jvm.dll+0x67505a]
V  [jvm.dll+0x309acb]
V  [jvm.dll+0x310f86]
V  [jvm.dll+0x3608ee]
V  [jvm.dll+0x360b1f]
V  [jvm.dll+0x2dfbf8]
V  [jvm.dll+0x2ddec4]
V  [jvm.dll+0x2dd4cc]
V  [jvm.dll+0x321f3b]
V  [jvm.dll+0x848ccb]
V  [jvm.dll+0x849a04]
V  [jvm.dll+0x849f1d]
V  [jvm.dll+0x84a2f4]
V  [jvm.dll+0x84a3c0]
V  [jvm.dll+0x7f274a]
V  [jvm.dll+0x682ad5]
C  [ucrtbase.dll+0x29333]
C  [KERNEL32.DLL+0x1259d]
C  [ntdll.dll+0x5af38]

VM_Operation (0x00000000221fefd0): G1CollectForAllocation, mode: safepoint, requested by thread 0x000000001fc946e0


---------------  P R O C E S S  ---------------

Threads class SMR info:
_java_thread_list=0x0000000022e17970, length=41, elements={
0x0000000002a91750, 0x000000001c04b710, 0x000000001c04edc0, 0x000000001c06f290,
0x000000001c070100, 0x000000001c071bc0, 0x000000001c072570, 0x000000001c0a7730,
0x000000001cd59400, 0x000000001cd5b0c0, 0x000000001cdb9240, 0x000000001cf75420,
0x000000001ee007c0, 0x000000001f98cbe0, 0x000000001fb6be60, 0x000000001e1feda0,
0x000000001e2ad160, 0x000000001fc933a0, 0x000000001fc94bb0, 0x000000001fc946e0,
0x000000001fc93d40, 0x000000001fc94210, 0x000000001fc916c0, 0x000000001fc95080,
0x000000001fc91b90, 0x000000001fc92530, 0x000000001fc92060, 0x000000001fc92a00,
0x000000001fc92ed0, 0x000000001ef7a960, 0x000000001ef77940, 0x000000001ef79620,
0x000000001ef7b300, 0x000000001ef752c0, 0x000000001ef74df0, 0x000000002d46a060,
0x000000002d46d080, 0x000000002d470a40, 0x000000002d46ed60, 0x000000002d46c6e0,
0x000000002d46e890
}

Java Threads: ( => current thread )
  0x0000000002a91750 JavaThread "main" [_thread_blocked, id=4828, stack(0x0000000000970000,0x0000000000a70000)]
  0x000000001c04b710 JavaThread "Reference Handler" daemon [_thread_blocked, id=9712, stack(0x000000001c1c0000,0x000000001c2c0000)]
  0x000000001c04edc0 JavaThread "Finalizer" daemon [_thread_blocked, id=3076, stack(0x000000001c2c0000,0x000000001c3c0000)]
  0x000000001c06f290 JavaThread "Signal Dispatcher" daemon [_thread_blocked, id=9172, stack(0x000000001d100000,0x000000001d200000)]
  0x000000001c070100 JavaThread "Attach Listener" daemon [_thread_blocked, id=9320, stack(0x000000001d200000,0x000000001d300000)]
  0x000000001c071bc0 JavaThread "Service Thread" daemon [_thread_blocked, id=4224, stack(0x000000001d300000,0x000000001d400000)]
  0x000000001c072570 JavaThread "Monitor Deflation Thread" daemon [_thread_blocked, id=7956, stack(0x000000001d400000,0x000000001d500000)]
  0x000000001c0a7730 JavaThread "C2 CompilerThread0" daemon [_thread_blocked, id=788, stack(0x000000001d500000,0x000000001d600000)]
  0x000000001cd59400 JavaThread "C1 CompilerThread0" daemon [_thread_blocked, id=3592, stack(0x000000001d600000,0x000000001d700000)]
  0x000000001cd5b0c0 JavaThread "Sweeper thread" daemon [_thread_blocked, id=1168, stack(0x000000001d700000,0x000000001d800000)]
  0x000000001cdb9240 JavaThread "Common-Cleaner" daemon [_thread_blocked, id=5640, stack(0x000000001d800000,0x000000001d900000)]
  0x000000001cf75420 JavaThread "Notification Thread" daemon [_thread_blocked, id=7172, stack(0x000000001d900000,0x000000001da00000)]
  0x000000001ee007c0 JavaThread "Daemon health stats" [_thread_blocked, id=224, stack(0x0000000020ba0000,0x0000000020ca0000)]
  0x000000001f98cbe0 JavaThread "Incoming local TCP Connector on port 50096" [_thread_in_native, id=7668, stack(0x0000000020fe0000,0x00000000210e0000)]
  0x000000001fb6be60 JavaThread "Daemon periodic checks" [_thread_blocked, id=8596, stack(0x0000000021230000,0x0000000021330000)]
  0x000000001e1feda0 JavaThread "Daemon" [_thread_blocked, id=8424, stack(0x0000000021330000,0x0000000021430000)]
  0x000000001e2ad160 JavaThread "Handler for socket connection from /127.0.0.1:50096 to /127.0.0.1:50097" [_thread_in_native, id=8924, stack(0x0000000021430000,0x0000000021530000)]
  0x000000001fc933a0 JavaThread "Cancel handler" [_thread_blocked, id=2636, stack(0x0000000021530000,0x0000000021630000)]
  0x000000001fc94bb0 JavaThread "Daemon worker" [_thread_blocked, id=8400, stack(0x0000000021630000,0x0000000021730000)]
  0x000000001fc946e0 JavaThread "Asynchronous log dispatcher for DefaultDaemonConnection: socket connection from /127.0.0.1:50096 to /127.0.0.1:50097" [_thread_blocked, id=9924, stack(0x0000000022100000,0x0000000022200000)]
  0x000000001fc93d40 JavaThread "Daemon client event forwarder" [_thread_blocked, id=7424, stack(0x0000000022300000,0x0000000022400000)]
  0x000000001fc94210 JavaThread "Cache worker for journal cache (C:\Program Files\Android\Android Studio\jbr\caches\journal-1)" [_thread_blocked, id=9136, stack(0x00000000233d0000,0x00000000234d0000)]
  0x000000001fc916c0 JavaThread "File lock request listener" [_thread_in_native, id=8724, stack(0x0000000023750000,0x0000000023850000)]
  0x000000001fc95080 JavaThread "Cache worker for file hash cache (C:\Program Files\Android\Android Studio\jbr\caches\8.1.1\fileHashes)" [_thread_blocked, id=9492, stack(0x0000000023a20000,0x0000000023b20000)]
  0x000000001fc91b90 JavaThread "File watcher server" daemon [_thread_in_native, id=9872, stack(0x0000000023610000,0x0000000023710000)]
  0x000000001fc92530 JavaThread "File watcher consumer" daemon [_thread_blocked, id=9804, stack(0x00000000253d0000,0x00000000254d0000)]
  0x000000001fc92060 JavaThread "jar transforms" [_thread_blocked, id=7688, stack(0x00000000234d0000,0x00000000235d0000)]
  0x000000001fc92a00 JavaThread "jar transforms Thread 2" [_thread_blocked, id=7796, stack(0x0000000023850000,0x0000000023950000)]
  0x000000001fc92ed0 JavaThread "Cache worker for checksums cache (C:\Users\Admin\AndroidStudioProjects\kurirkilat\.gradle\8.1.1\checksums)" [_thread_blocked, id=10072, stack(0x00000000254d0000,0x00000000255d0000)]
  0x000000001ef7a960 JavaThread "Cache worker for cache directory md-rule (C:\Program Files\Android\Android Studio\jbr\caches\8.1.1\md-rule)" [_thread_blocked, id=3628, stack(0x00000000255d0000,0x00000000256d0000)]
  0x000000001ef77940 JavaThread "Cache worker for file content cache (C:\Program Files\Android\Android Studio\jbr\caches\8.1.1\fileContent)" [_thread_blocked, id=3760, stack(0x00000000256d0000,0x00000000257d0000)]
  0x000000001ef79620 JavaThread "Cache worker for file hash cache (C:\Users\Admin\AndroidStudioProjects\kurirkilat\.gradle\8.1.1\fileHashes)" [_thread_blocked, id=4488, stack(0x00000000257d0000,0x00000000258d0000)]
  0x000000001ef7b300 JavaThread "Cache worker for cache directory md-supplier (C:\Program Files\Android\Android Studio\jbr\caches\8.1.1\md-supplier)" [_thread_blocked, id=8536, stack(0x00000000258d0000,0x00000000259d0000)]
  0x000000001ef752c0 JavaThread "Cache worker for execution history cache (C:\Program Files\Android\Android Studio\jbr\caches\8.1.1\executionHistory)" [_thread_blocked, id=9028, stack(0x0000000025d20000,0x0000000025e20000)]
  0x000000001ef74df0 JavaThread "Cache worker for kotlin-dsl (C:\Program Files\Android\Android Studio\jbr\caches\8.1.1\kotlin-dsl)" [_thread_blocked, id=8268, stack(0x00000000259d0000,0x0000000025ad0000)]
  0x000000002d46a060 JavaThread "Cache worker for dependencies-accessors (C:\Users\Admin\AndroidStudioProjects\kurirkilat\.gradle\8.1.1\dependencies-accessors)" [_thread_blocked, id=9004, stack(0x0000000025e20000,0x0000000025f20000)]
  0x000000002d46d080 JavaThread "Cache worker for Build Output Cleanup Cache (C:\Users\Admin\AndroidStudioProjects\kurirkilat\.gradle\buildOutputCleanup)" [_thread_blocked, id=3832, stack(0x000000002d000000,0x000000002d100000)]
  0x000000002d470a40 JavaThread "Kotlin DSL Writer" [_thread_blocked, id=7204, stack(0x000000002d100000,0x000000002d200000)]
  0x000000002d46ed60 JavaThread "Unconstrained build operations" [_thread_blocked, id=8940, stack(0x0000000030c00000,0x0000000030d00000)]
  0x000000002d46c6e0 JavaThread "Unconstrained build operations Thread 2" [_thread_blocked, id=8288, stack(0x0000000030d00000,0x0000000030e00000)]
  0x000000002d46e890 JavaThread "Unconstrained build operations Thread 3" [_thread_in_native, id=1148, stack(0x0000000030e00000,0x0000000030f00000)]

Other Threads:
=>0x0000000002b4ebf0 VMThread "VM Thread" [stack: 0x000000001c0c0000,0x000000001c1c0000] [id=1172]
  0x0000000002a925c0 WatcherThread [stack: 0x000000001da00000,0x000000001db00000] [id=8380]
  0x0000000002aec5b0 GCTaskThread "GC Thread#0" [stack: 0x00000000197a0000,0x00000000198a0000] [id=3576]
  0x000000001d02b4d0 GCTaskThread "GC Thread#1" [stack: 0x000000001e300000,0x000000001e400000] [id=3536]
  0x0000000002afdc90 ConcurrentGCThread "G1 Main Marker" [stack: 0x00000000198a0000,0x00000000199a0000] [id=8204]
  0x0000000002afe6a0 ConcurrentGCThread "G1 Conc#0" [stack: 0x00000000199a0000,0x0000000019aa0000] [id=6628]
  0x0000000002b32a40 ConcurrentGCThread "G1 Refine#0" [stack: 0x000000001bcc0000,0x000000001bdc0000] [id=8804]
  0x0000000002b33460 ConcurrentGCThread "G1 Service" [stack: 0x000000001bdc0000,0x000000001bec0000] [id=8708]

Threads with active compile tasks:
C2 CompilerThread0    83074 13307       4       org.gradle.internal.serialize.DefaultSerializerRegistry$TaggedTypeSerializer::map (110 bytes)

VM state: at safepoint (normal execution)

VM Mutex/Monitor currently owned by a thread:  ([mutex/lock_event])
[0x0000000002a8bf60] Threads_lock - owner thread: 0x0000000002b4ebf0
[0x0000000002a8dc10] Heap_lock - owner thread: 0x000000001fc946e0

Heap address: 0x0000000080000000, size: 2048 MB, Compressed Oops mode: 32-bit

CDS archive(s) not mapped
Compressed class space mapped at: 0x0000000100000000-0x0000000140000000, reserved size: 1073741824
Narrow klass base: 0x0000000000000000, Narrow klass shift: 3, Narrow klass range: 0x140000000

GC Precious Log:
 CPUs: 2 total, 2 available
 Memory: 3737M
 Large Page Support: Disabled
 NUMA Support: Disabled
 Compressed Oops: Enabled (32-bit)
 Heap Region Size: 1M
 Heap Min Capacity: 8M
 Heap Initial Capacity: 60M
 Heap Max Capacity: 2G
 Pre-touch: Disabled
 Parallel Workers: 2
 Concurrent Workers: 1
 Concurrent Refinement Workers: 2
 Periodic GC: Disabled

Heap:
 garbage-first heap   total 234496K, used 126611K [0x0000000080000000, 0x0000000100000000)
  region size 1024K, 1 young (1024K), 1 survivors (1024K)
 Metaspace       used 129999K, committed 130752K, reserved 1163264K
  class space    used 16441K, committed 16768K, reserved 1048576K

Heap Regions: E=young(eden), S=young(survivor), O=old, HS=humongous(starts), HC=humongous(continues), CS=collection set, F=free, OA=open archive, CA=closed archive, TAMS=top-at-mark-start (previous, next)
|   0|0x0000000080000000, 0x0000000080100000, 0x0000000080100000|100%| O|  |TAMS 0x0000000080100000, 0x0000000080000000| Untracked 
|   1|0x0000000080100000, 0x0000000080200000, 0x0000000080200000|100%| O|  |TAMS 0x0000000080200000, 0x0000000080100000| Untracked 
|   2|0x0000000080200000, 0x0000000080300000, 0x0000000080300000|100%|HS|  |TAMS 0x0000000080300000, 0x0000000080200000| Complete 
|   3|0x0000000080300000, 0x0000000080400000, 0x0000000080400000|100%|HC|  |TAMS 0x0000000080400000, 0x0000000080300000| Complete 
|   4|0x0000000080400000, 0x0000000080500000, 0x0000000080500000|100%|HC|  |TAMS 0x0000000080500000, 0x0000000080400000| Complete 
|   5|0x0000000080500000, 0x0000000080600000, 0x0000000080600000|100%|HC|  |TAMS 0x0000000080600000, 0x0000000080500000| Complete 
|   6|0x0000000080600000, 0x0000000080700000, 0x0000000080700000|100%| O|  |TAMS 0x0000000080700000, 0x0000000080600000| Untracked 
|   7|0x0000000080700000, 0x0000000080800000, 0x0000000080800000|100%| O|  |TAMS 0x0000000080800000, 0x0000000080700000| Untracked 
|   8|0x0000000080800000, 0x0000000080900000, 0x0000000080900000|100%| O|  |TAMS 0x0000000080900000, 0x0000000080800000| Untracked 
|   9|0x0000000080900000, 0x0000000080a00000, 0x0000000080a00000|100%| O|  |TAMS 0x0000000080a00000, 0x0000000080900000| Untracked 
|  10|0x0000000080a00000, 0x0000000080b00000, 0x0000000080b00000|100%| O|  |TAMS 0x0000000080b00000, 0x0000000080a00000| Untracked 
|  11|0x0000000080b00000, 0x0000000080c00000, 0x0000000080c00000|100%| O|  |TAMS 0x0000000080c00000, 0x0000000080b00000| Untracked 
|  12|0x0000000080c00000, 0x0000000080d00000, 0x0000000080d00000|100%| O|  |TAMS 0x0000000080d00000, 0x0000000080c00000| Untracked 
|  13|0x0000000080d00000, 0x0000000080e00000, 0x0000000080e00000|100%| O|  |TAMS 0x0000000080e00000, 0x0000000080d00000| Untracked 
|  14|0x0000000080e00000, 0x0000000080f00000, 0x0000000080f00000|100%| O|  |TAMS 0x0000000080f00000, 0x0000000080e00000| Untracked 
|  15|0x0000000080f00000, 0x0000000081000000, 0x0000000081000000|100%| O|  |TAMS 0x0000000081000000, 0x0000000080f00000| Untracked 
|  16|0x0000000081000000, 0x0000000081100000, 0x0000000081100000|100%| O|  |TAMS 0x0000000081100000, 0x0000000081000000| Untracked 
|  17|0x0000000081100000, 0x0000000081200000, 0x0000000081200000|100%| O|  |TAMS 0x0000000081200000, 0x0000000081100000| Untracked 
|  18|0x0000000081200000, 0x0000000081300000, 0x0000000081300000|100%| O|  |TAMS 0x0000000081300000, 0x0000000081200000| Untracked 
|  19|0x0000000081300000, 0x0000000081400000, 0x0000000081400000|100%|HS|  |TAMS 0x0000000081400000, 0x0000000081300000| Complete 
|  20|0x0000000081400000, 0x0000000081500000, 0x0000000081500000|100%|HC|  |TAMS 0x0000000081500000, 0x0000000081400000| Complete 
|  21|0x0000000081500000, 0x0000000081600000, 0x0000000081600000|100%|HS|  |TAMS 0x0000000081600000, 0x0000000081500000| Complete 
|  22|0x0000000081600000, 0x0000000081700000, 0x0000000081700000|100%|HC|  |TAMS 0x0000000081700000, 0x0000000081600000| Complete 
|  23|0x0000000081700000, 0x0000000081800000, 0x0000000081800000|100%|HC|  |TAMS 0x0000000081800000, 0x0000000081700000| Complete 
|  24|0x0000000081800000, 0x0000000081900000, 0x0000000081900000|100%|HS|  |TAMS 0x0000000081900000, 0x0000000081800000| Complete 
|  25|0x0000000081900000, 0x0000000081a00000, 0x0000000081a00000|100%|HC|  |TAMS 0x0000000081a00000, 0x0000000081900000| Complete 
|  26|0x0000000081a00000, 0x0000000081b00000, 0x0000000081b00000|100%|HC|  |TAMS 0x0000000081b00000, 0x0000000081a00000| Complete 
|  27|0x0000000081b00000, 0x0000000081c00000, 0x0000000081c00000|100%| O|  |TAMS 0x0000000081c00000, 0x0000000081b00000| Untracked 
|  28|0x0000000081c00000, 0x0000000081d00000, 0x0000000081d00000|100%| O|  |TAMS 0x0000000081d00000, 0x0000000081c00000| Untracked 
|  29|0x0000000081d00000, 0x0000000081e00000, 0x0000000081e00000|100%| O|  |TAMS 0x0000000081e00000, 0x0000000081d00000| Untracked 
|  30|0x0000000081e00000, 0x0000000081f00000, 0x0000000081f00000|100%| O|  |TAMS 0x0000000081f00000, 0x0000000081e00000| Untracked 
|  31|0x0000000081f00000, 0x0000000082000000, 0x0000000082000000|100%| O|  |TAMS 0x0000000082000000, 0x0000000081f00000| Untracked 
|  32|0x0000000082000000, 0x0000000082100000, 0x0000000082100000|100%| O|  |TAMS 0x0000000082100000, 0x0000000082000000| Untracked 
|  33|0x0000000082100000, 0x0000000082200000, 0x0000000082200000|100%|HS|  |TAMS 0x0000000082200000, 0x0000000082100000| Complete 
|  34|0x0000000082200000, 0x0000000082300000, 0x0000000082300000|100%|HC|  |TAMS 0x0000000082300000, 0x0000000082200000| Complete 
|  35|0x0000000082300000, 0x0000000082400000, 0x0000000082400000|100%| O|  |TAMS 0x0000000082400000, 0x0000000082300000| Untracked 
|  36|0x0000000082400000, 0x0000000082500000, 0x0000000082500000|100%| O|  |TAMS 0x0000000082500000, 0x0000000082400000| Untracked 
|  37|0x0000000082500000, 0x0000000082600000, 0x0000000082600000|100%| O|  |TAMS 0x0000000082600000, 0x0000000082500000| Untracked 
|  38|0x0000000082600000, 0x0000000082700000, 0x0000000082700000|100%| O|  |TAMS 0x0000000082700000, 0x0000000082600000| Untracked 
|  39|0x0000000082700000, 0x0000000082800000, 0x0000000082800000|100%| O|  |TAMS 0x0000000082800000, 0x0000000082700000| Untracked 
|  40|0x0000000082800000, 0x0000000082900000, 0x0000000082900000|100%| O|  |TAMS 0x0000000082900000, 0x0000000082800000| Untracked 
|  41|0x0000000082900000, 0x0000000082a00000, 0x0000000082a00000|100%| O|  |TAMS 0x0000000082a00000, 0x0000000082900000| Untracked 
|  42|0x0000000082a00000, 0x0000000082b00000, 0x0000000082b00000|100%| O|  |TAMS 0x0000000082b00000, 0x0000000082a00000| Untracked 
|  43|0x0000000082b00000, 0x0000000082c00000, 0x0000000082c00000|100%|HS|  |TAMS 0x0000000082c00000, 0x0000000082b00000| Complete 
|  44|0x0000000082c00000, 0x0000000082d00000, 0x0000000082d00000|100%|HC|  |TAMS 0x0000000082d00000, 0x0000000082c00000| Complete 
|  45|0x0000000082d00000, 0x0000000082e00000, 0x0000000082e00000|100%|HC|  |TAMS 0x0000000082e00000, 0x0000000082d00000| Complete 
|  46|0x0000000082e00000, 0x0000000082f00000, 0x0000000082f00000|100%|HC|  |TAMS 0x0000000082f00000, 0x0000000082e00000| Complete 
|  47|0x0000000082f00000, 0x0000000083000000, 0x0000000083000000|100%|HC|  |TAMS 0x0000000083000000, 0x0000000082f00000| Complete 
|  48|0x0000000083000000, 0x0000000083100000, 0x0000000083100000|100%|HC|  |TAMS 0x0000000083100000, 0x0000000083000000| Complete 
|  49|0x0000000083100000, 0x0000000083200000, 0x0000000083200000|100%|HC|  |TAMS 0x0000000083200000, 0x0000000083100000| Complete 
|  50|0x0000000083200000, 0x0000000083300000, 0x0000000083300000|100%|HC|  |TAMS 0x0000000083300000, 0x0000000083200000| Complete 
|  51|0x0000000083300000, 0x0000000083400000, 0x0000000083400000|100%|HC|  |TAMS 0x0000000083400000, 0x0000000083300000| Complete 
|  52|0x0000000083400000, 0x0000000083500000, 0x0000000083500000|100%|HC|  |TAMS 0x0000000083500000, 0x0000000083400000| Complete 
|  53|0x0000000083500000, 0x0000000083600000, 0x0000000083600000|100%|HC|  |TAMS 0x0000000083600000, 0x0000000083500000| Complete 
|  54|0x0000000083600000, 0x0000000083700000, 0x0000000083700000|100%|HC|  |TAMS 0x0000000083700000, 0x0000000083600000| Complete 
|  55|0x0000000083700000, 0x0000000083800000, 0x0000000083800000|100%| O|  |TAMS 0x0000000083800000, 0x0000000083700000| Untracked 
|  56|0x0000000083800000, 0x0000000083900000, 0x0000000083900000|100%|HS|  |TAMS 0x0000000083900000, 0x0000000083800000| Complete 
|  57|0x0000000083900000, 0x0000000083a00000, 0x0000000083a00000|100%|HC|  |TAMS 0x0000000083a00000, 0x0000000083900000| Complete 
|  58|0x0000000083a00000, 0x0000000083b00000, 0x0000000083b00000|100%|HC|  |TAMS 0x0000000083b00000, 0x0000000083a00000| Complete 
|  59|0x0000000083b00000, 0x0000000083c00000, 0x0000000083c00000|100%| O|  |TAMS 0x0000000083c00000, 0x0000000083b00000| Untracked 
|  60|0x0000000083c00000, 0x0000000083d00000, 0x0000000083d00000|100%| O|  |TAMS 0x0000000083d00000, 0x0000000083c00000| Untracked 
|  61|0x0000000083d00000, 0x0000000083e00000, 0x0000000083e00000|100%| O|  |TAMS 0x0000000083e00000, 0x0000000083d00000| Untracked 
|  62|0x0000000083e00000, 0x0000000083f00000, 0x0000000083f00000|100%| O|  |TAMS 0x0000000083f00000, 0x0000000083e00000| Untracked 
|  63|0x0000000083f00000, 0x0000000084000000, 0x0000000084000000|100%| O|  |TAMS 0x0000000084000000, 0x0000000083f00000| Untracked 
|  64|0x0000000084000000, 0x0000000084100000, 0x0000000084100000|100%| O|  |TAMS 0x0000000084100000, 0x0000000084000000| Untracked 
|  65|0x0000000084100000, 0x0000000084200000, 0x0000000084200000|100%|HS|  |TAMS 0x0000000084200000, 0x0000000084100000| Complete 
|  66|0x0000000084200000, 0x0000000084300000, 0x0000000084300000|100%|HC|  |TAMS 0x0000000084300000, 0x0000000084200000| Complete 
|  67|0x0000000084300000, 0x0000000084400000, 0x0000000084400000|100%|HC|  |TAMS 0x0000000084400000, 0x0000000084300000| Complete 
|  68|0x0000000084400000, 0x0000000084500000, 0x0000000084500000|100%|HC|  |TAMS 0x0000000084500000, 0x0000000084400000| Complete 
|  69|0x0000000084500000, 0x0000000084600000, 0x0000000084600000|100%| O|  |TAMS 0x0000000084600000, 0x0000000084500000| Untracked 
|  70|0x0000000084600000, 0x0000000084700000, 0x0000000084700000|100%| O|  |TAMS 0x0000000084700000, 0x0000000084600000| Untracked 
|  71|0x0000000084700000, 0x0000000084800000, 0x0000000084800000|100%| O|  |TAMS 0x0000000084800000, 0x0000000084700000| Untracked 
|  72|0x0000000084800000, 0x0000000084900000, 0x0000000084900000|100%| O|  |TAMS 0x0000000084900000, 0x0000000084800000| Untracked 
|  73|0x0000000084900000, 0x0000000084a00000, 0x0000000084a00000|100%| O|  |TAMS 0x0000000084a00000, 0x0000000084900000| Untracked 
|  74|0x0000000084a00000, 0x0000000084b00000, 0x0000000084b00000|100%| O|  |TAMS 0x0000000084b00000, 0x0000000084a00000| Untracked 
|  75|0x0000000084b00000, 0x0000000084c00000, 0x0000000084c00000|100%| O|  |TAMS 0x0000000084c00000, 0x0000000084b00000| Untracked 
|  76|0x0000000084c00000, 0x0000000084d00000, 0x0000000084d00000|100%| O|  |TAMS 0x0000000084d00000, 0x0000000084c00000| Untracked 
|  77|0x0000000084d00000, 0x0000000084e00000, 0x0000000084e00000|100%| O|  |TAMS 0x0000000084e00000, 0x0000000084d00000| Untracked 
|  78|0x0000000084e00000, 0x0000000084f00000, 0x0000000084f00000|100%| O|  |TAMS 0x0000000084f00000, 0x0000000084e00000| Untracked 
|  79|0x0000000084f00000, 0x0000000085000000, 0x0000000085000000|100%|HS|  |TAMS 0x0000000085000000, 0x0000000084f00000| Complete 
|  80|0x0000000085000000, 0x0000000085100000, 0x0000000085100000|100%|HC|  |TAMS 0x0000000085100000, 0x0000000085000000| Complete 
|  81|0x0000000085100000, 0x0000000085200000, 0x0000000085200000|100%|HC|  |TAMS 0x0000000085200000, 0x0000000085100000| Complete 
|  82|0x0000000085200000, 0x0000000085300000, 0x0000000085300000|100%|HC|  |TAMS 0x0000000085300000, 0x0000000085200000| Complete 
|  83|0x0000000085300000, 0x0000000085400000, 0x0000000085400000|100%|HC|  |TAMS 0x0000000085400000, 0x0000000085300000| Complete 
|  84|0x0000000085400000, 0x0000000085500000, 0x0000000085500000|100%|HC|  |TAMS 0x0000000085500000, 0x0000000085400000| Complete 
|  85|0x0000000085500000, 0x0000000085600000, 0x0000000085600000|100%|HS|  |TAMS 0x0000000085600000, 0x0000000085500000| Complete 
|  86|0x0000000085600000, 0x0000000085700000, 0x0000000085700000|100%| O|  |TAMS 0x0000000085700000, 0x0000000085600000| Untracked 
|  87|0x0000000085700000, 0x0000000085800000, 0x0000000085800000|100%| O|  |TAMS 0x0000000085800000, 0x0000000085700000| Untracked 
|  88|0x0000000085800000, 0x0000000085900000, 0x0000000085900000|100%| O|  |TAMS 0x0000000085900000, 0x0000000085800000| Untracked 
|  89|0x0000000085900000, 0x0000000085a00000, 0x0000000085a00000|100%| O|  |TAMS 0x0000000085a00000, 0x0000000085900000| Untracked 
|  90|0x0000000085a00000, 0x0000000085b00000, 0x0000000085b00000|100%| O|  |TAMS 0x0000000085b00000, 0x0000000085a00000| Untracked 
|  91|0x0000000085b00000, 0x0000000085c00000, 0x0000000085c00000|100%| O|  |TAMS 0x0000000085c00000, 0x0000000085b00000| Untracked 
|  92|0x0000000085c00000, 0x0000000085d00000, 0x0000000085d00000|100%| O|  |TAMS 0x0000000085d00000, 0x0000000085c00000| Untracked 
|  93|0x0000000085d00000, 0x0000000085e00000, 0x0000000085e00000|100%| O|  |TAMS 0x0000000085e00000, 0x0000000085d00000| Untracked 
|  94|0x0000000085e00000, 0x0000000085f00000, 0x0000000085f00000|100%| O|  |TAMS 0x0000000085f00000, 0x0000000085e00000| Untracked 
|  95|0x0000000085f00000, 0x0000000086000000, 0x0000000086000000|100%| O|  |TAMS 0x0000000086000000, 0x0000000085f00000| Untracked 
|  96|0x0000000086000000, 0x0000000086100000, 0x0000000086100000|100%| O|  |TAMS 0x0000000086100000, 0x0000000086000000| Untracked 
|  97|0x0000000086100000, 0x0000000086200000, 0x0000000086200000|100%| O|  |TAMS 0x0000000086200000, 0x0000000086100000| Untracked 
|  98|0x0000000086200000, 0x0000000086300000, 0x0000000086300000|100%| O|  |TAMS 0x0000000086300000, 0x0000000086200000| Untracked 
|  99|0x0000000086300000, 0x0000000086300000, 0x0000000086400000|  0%| F|  |TAMS 0x0000000086300000, 0x0000000086300000| Untracked 
| 100|0x0000000086400000, 0x0000000086500000, 0x0000000086500000|100%| O|  |TAMS 0x0000000086400000, 0x0000000086400000| Untracked 
| 101|0x0000000086500000, 0x0000000086600000, 0x0000000086600000|100%| O|  |TAMS 0x0000000086500000, 0x0000000086500000| Untracked 
| 102|0x0000000086600000, 0x00000000866b4800, 0x0000000086700000| 70%| O|  |TAMS 0x0000000086600000, 0x0000000086600000| Untracked 
| 103|0x0000000086700000, 0x0000000086800000, 0x0000000086800000|100%| O|  |TAMS 0x0000000086700000, 0x0000000086700000| Untracked 
| 104|0x0000000086800000, 0x0000000086900000, 0x0000000086900000|100%| O|  |TAMS 0x0000000086900000, 0x0000000086800000| Untracked 
| 105|0x0000000086900000, 0x0000000086a00000, 0x0000000086a00000|100%| O|  |TAMS 0x0000000086a00000, 0x0000000086900000| Untracked 
| 106|0x0000000086a00000, 0x0000000086b00000, 0x0000000086b00000|100%| O|  |TAMS 0x0000000086b00000, 0x0000000086a00000| Untracked 
| 107|0x0000000086b00000, 0x0000000086c00000, 0x0000000086c00000|100%| O|  |TAMS 0x0000000086c00000, 0x0000000086b00000| Untracked 
| 108|0x0000000086c00000, 0x0000000086d00000, 0x0000000086d00000|100%| O|  |TAMS 0x0000000086d00000, 0x0000000086c00000| Untracked 
| 109|0x0000000086d00000, 0x0000000086e00000, 0x0000000086e00000|100%| O|  |TAMS 0x0000000086e00000, 0x0000000086d00000| Untracked 
| 110|0x0000000086e00000, 0x0000000086f00000, 0x0000000086f00000|100%| O|  |TAMS 0x0000000086f00000, 0x0000000086e00000| Untracked 
| 111|0x0000000086f00000, 0x0000000087000000, 0x0000000087000000|100%| O|  |TAMS 0x0000000087000000, 0x0000000086f00000| Untracked 
| 112|0x0000000087000000, 0x0000000087100000, 0x0000000087100000|100%| O|  |TAMS 0x0000000087100000, 0x0000000087000000| Untracked 
| 113|0x0000000087100000, 0x0000000087200000, 0x0000000087200000|100%| O|  |TAMS 0x0000000087200000, 0x0000000087100000| Untracked 
| 114|0x0000000087200000, 0x0000000087300000, 0x0000000087300000|100%| O|  |TAMS 0x0000000087300000, 0x0000000087200000| Untracked 
| 115|0x0000000087300000, 0x0000000087400000, 0x0000000087400000|100%| O|  |TAMS 0x0000000087400000, 0x0000000087300000| Untracked 
| 116|0x0000000087400000, 0x0000000087500000, 0x0000000087500000|100%| O|  |TAMS 0x00000000874c4200, 0x0000000087400000| Untracked 
| 117|0x0000000087500000, 0x0000000087600000, 0x0000000087600000|100%| O|  |TAMS 0x0000000087500000, 0x0000000087500000| Untracked 
| 118|0x0000000087600000, 0x0000000087700000, 0x0000000087700000|100%| O|  |TAMS 0x0000000087600000, 0x0000000087600000| Untracked 
| 119|0x0000000087700000, 0x0000000087800000, 0x0000000087800000|100%| O|  |TAMS 0x0000000087700000, 0x0000000087700000| Untracked 
| 120|0x0000000087800000, 0x0000000087900000, 0x0000000087900000|100%| O|  |TAMS 0x0000000087800000, 0x0000000087800000| Untracked 
| 121|0x0000000087900000, 0x0000000087a00000, 0x0000000087a00000|100%| O|  |TAMS 0x0000000087900000, 0x0000000087900000| Untracked 
| 122|0x0000000087a00000, 0x0000000087b00000, 0x0000000087b00000|100%| O|  |TAMS 0x0000000087a00000, 0x0000000087a00000| Untracked 
| 123|0x0000000087b00000, 0x0000000087c00000, 0x0000000087c00000|100%| O|  |TAMS 0x0000000087b00000, 0x0000000087b00000| Untracked 
| 124|0x0000000087c00000, 0x0000000087c00000, 0x0000000087d00000|  0%| F|  |TAMS 0x0000000087c00000, 0x0000000087c00000| Untracked 
| 125|0x0000000087d00000, 0x0000000087d00000, 0x0000000087e00000|  0%| F|  |TAMS 0x0000000087d00000, 0x0000000087d00000| Untracked 
| 126|0x0000000087e00000, 0x0000000087e00000, 0x0000000087f00000|  0%| F|  |TAMS 0x0000000087e00000, 0x0000000087e00000| Untracked 
| 127|0x0000000087f00000, 0x0000000087f00000, 0x0000000088000000|  0%| F|  |TAMS 0x0000000087f00000, 0x0000000087f00000| Untracked 
| 128|0x0000000088000000, 0x0000000088000000, 0x0000000088100000|  0%| F|  |TAMS 0x0000000088000000, 0x0000000088000000| Untracked 
| 129|0x0000000088100000, 0x0000000088100000, 0x0000000088200000|  0%| F|  |TAMS 0x0000000088100000, 0x0000000088100000| Untracked 
| 130|0x0000000088200000, 0x0000000088200000, 0x0000000088300000|  0%| F|  |TAMS 0x0000000088200000, 0x0000000088200000| Untracked 
| 131|0x0000000088300000, 0x0000000088300000, 0x0000000088400000|  0%| F|  |TAMS 0x0000000088300000, 0x0000000088300000| Untracked 
| 132|0x0000000088400000, 0x0000000088400000, 0x0000000088500000|  0%| F|  |TAMS 0x0000000088400000, 0x0000000088400000| Untracked 
| 133|0x0000000088500000, 0x0000000088500000, 0x0000000088600000|  0%| F|  |TAMS 0x0000000088500000, 0x0000000088500000| Untracked 
| 134|0x0000000088600000, 0x0000000088600000, 0x0000000088700000|  0%| F|  |TAMS 0x0000000088600000, 0x0000000088600000| Untracked 
| 135|0x0000000088700000, 0x0000000088700000, 0x0000000088800000|  0%| F|  |TAMS 0x0000000088700000, 0x0000000088700000| Untracked 
| 136|0x0000000088800000, 0x0000000088800000, 0x0000000088900000|  0%| F|  |TAMS 0x0000000088800000, 0x0000000088800000| Untracked 
| 137|0x0000000088900000, 0x0000000088900000, 0x0000000088a00000|  0%| F|  |TAMS 0x0000000088900000, 0x0000000088900000| Untracked 
| 138|0x0000000088a00000, 0x0000000088a00000, 0x0000000088b00000|  0%| F|  |TAMS 0x0000000088a00000, 0x0000000088a00000| Untracked 
| 139|0x0000000088b00000, 0x0000000088b00000, 0x0000000088c00000|  0%| F|  |TAMS 0x0000000088b00000, 0x0000000088b00000| Untracked 
| 140|0x0000000088c00000, 0x0000000088c00000, 0x0000000088d00000|  0%| F|  |TAMS 0x0000000088c00000, 0x0000000088c00000| Untracked 
| 141|0x0000000088d00000, 0x0000000088d00000, 0x0000000088e00000|  0%| F|  |TAMS 0x0000000088d00000, 0x0000000088d00000| Untracked 
| 142|0x0000000088e00000, 0x0000000088e00000, 0x0000000088f00000|  0%| F|  |TAMS 0x0000000088e00000, 0x0000000088e00000| Untracked 
| 143|0x0000000088f00000, 0x0000000088f00000, 0x0000000089000000|  0%| F|  |TAMS 0x0000000088f00000, 0x0000000088f00000| Untracked 
| 144|0x0000000089000000, 0x0000000089000000, 0x0000000089100000|  0%| F|  |TAMS 0x0000000089000000, 0x0000000089000000| Untracked 
| 145|0x0000000089100000, 0x0000000089100000, 0x0000000089200000|  0%| F|  |TAMS 0x0000000089100000, 0x0000000089100000| Untracked 
| 146|0x0000000089200000, 0x0000000089200000, 0x0000000089300000|  0%| F|  |TAMS 0x0000000089200000, 0x0000000089200000| Untracked 
| 147|0x0000000089300000, 0x0000000089300000, 0x0000000089400000|  0%| F|  |TAMS 0x0000000089300000, 0x0000000089300000| Untracked 
| 148|0x0000000089400000, 0x0000000089400000, 0x0000000089500000|  0%| F|  |TAMS 0x0000000089400000, 0x0000000089400000| Untracked 
| 149|0x0000000089500000, 0x0000000089500000, 0x0000000089600000|  0%| F|  |TAMS 0x0000000089500000, 0x0000000089500000| Untracked 
| 150|0x0000000089600000, 0x0000000089600000, 0x0000000089700000|  0%| F|  |TAMS 0x0000000089600000, 0x0000000089600000| Untracked 
| 151|0x0000000089700000, 0x0000000089700000, 0x0000000089800000|  0%| F|  |TAMS 0x0000000089700000, 0x0000000089700000| Untracked 
| 152|0x0000000089800000, 0x0000000089800000, 0x0000000089900000|  0%| F|  |TAMS 0x0000000089800000, 0x0000000089800000| Untracked 
| 153|0x0000000089900000, 0x0000000089900000, 0x0000000089a00000|  0%| F|  |TAMS 0x0000000089900000, 0x0000000089900000| Untracked 
| 154|0x0000000089a00000, 0x0000000089a00000, 0x0000000089b00000|  0%| F|  |TAMS 0x0000000089a00000, 0x0000000089a00000| Untracked 
| 155|0x0000000089b00000, 0x0000000089b00000, 0x0000000089c00000|  0%| F|  |TAMS 0x0000000089b00000, 0x0000000089b00000| Untracked 
| 156|0x0000000089c00000, 0x0000000089c00000, 0x0000000089d00000|  0%| F|  |TAMS 0x0000000089c00000, 0x0000000089c00000| Untracked 
| 157|0x0000000089d00000, 0x0000000089d00000, 0x0000000089e00000|  0%| F|  |TAMS 0x0000000089d00000, 0x0000000089d00000| Untracked 
| 158|0x0000000089e00000, 0x0000000089e00000, 0x0000000089f00000|  0%| F|  |TAMS 0x0000000089e00000, 0x0000000089e00000| Untracked 
| 159|0x0000000089f00000, 0x0000000089f00000, 0x000000008a000000|  0%| F|  |TAMS 0x0000000089f00000, 0x0000000089f00000| Untracked 
| 160|0x000000008a000000, 0x000000008a000000, 0x000000008a100000|  0%| F|  |TAMS 0x000000008a000000, 0x000000008a000000| Untracked 
| 161|0x000000008a100000, 0x000000008a100000, 0x000000008a200000|  0%| F|  |TAMS 0x000000008a100000, 0x000000008a100000| Untracked 
| 162|0x000000008a200000, 0x000000008a200000, 0x000000008a300000|  0%| F|  |TAMS 0x000000008a200000, 0x000000008a200000| Untracked 
| 163|0x000000008a300000, 0x000000008a300000, 0x000000008a400000|  0%| F|  |TAMS 0x000000008a300000, 0x000000008a300000| Untracked 
| 164|0x000000008a400000, 0x000000008a400000, 0x000000008a500000|  0%| F|  |TAMS 0x000000008a400000, 0x000000008a400000| Untracked 
| 165|0x000000008a500000, 0x000000008a500000, 0x000000008a600000|  0%| F|  |TAMS 0x000000008a500000, 0x000000008a500000| Untracked 
| 166|0x000000008a600000, 0x000000008a600000, 0x000000008a700000|  0%| F|  |TAMS 0x000000008a600000, 0x000000008a600000| Untracked 
| 167|0x000000008a700000, 0x000000008a700000, 0x000000008a800000|  0%| F|  |TAMS 0x000000008a700000, 0x000000008a700000| Untracked 
| 168|0x000000008a800000, 0x000000008a800000, 0x000000008a900000|  0%| F|  |TAMS 0x000000008a800000, 0x000000008a800000| Untracked 
| 169|0x000000008a900000, 0x000000008a900000, 0x000000008aa00000|  0%| F|  |TAMS 0x000000008a900000, 0x000000008a900000| Untracked 
| 170|0x000000008aa00000, 0x000000008aa00000, 0x000000008ab00000|  0%| F|  |TAMS 0x000000008aa00000, 0x000000008aa00000| Untracked 
| 171|0x000000008ab00000, 0x000000008ab00000, 0x000000008ac00000|  0%| F|  |TAMS 0x000000008ab00000, 0x000000008ab00000| Untracked 
| 172|0x000000008ac00000, 0x000000008ac00000, 0x000000008ad00000|  0%| F|  |TAMS 0x000000008ac00000, 0x000000008ac00000| Untracked 
| 173|0x000000008ad00000, 0x000000008ad00000, 0x000000008ae00000|  0%| F|  |TAMS 0x000000008ad00000, 0x000000008ad00000| Untracked 
| 174|0x000000008ae00000, 0x000000008ae00000, 0x000000008af00000|  0%| F|  |TAMS 0x000000008ae00000, 0x000000008ae00000| Untracked 
| 175|0x000000008af00000, 0x000000008af00000, 0x000000008b000000|  0%| F|  |TAMS 0x000000008af00000, 0x000000008af00000| Untracked 
| 176|0x000000008b000000, 0x000000008b000000, 0x000000008b100000|  0%| F|  |TAMS 0x000000008b000000, 0x000000008b000000| Untracked 
| 177|0x000000008b100000, 0x000000008b100000, 0x000000008b200000|  0%| F|  |TAMS 0x000000008b100000, 0x000000008b100000| Untracked 
| 178|0x000000008b200000, 0x000000008b200000, 0x000000008b300000|  0%| F|  |TAMS 0x000000008b200000, 0x000000008b200000| Untracked 
| 179|0x000000008b300000, 0x000000008b300000, 0x000000008b400000|  0%| F|  |TAMS 0x000000008b300000, 0x000000008b300000| Untracked 
| 180|0x000000008b400000, 0x000000008b400000, 0x000000008b500000|  0%| F|  |TAMS 0x000000008b400000, 0x000000008b400000| Untracked 
| 181|0x000000008b500000, 0x000000008b500000, 0x000000008b600000|  0%| F|  |TAMS 0x000000008b500000, 0x000000008b500000| Untracked 
| 182|0x000000008b600000, 0x000000008b600000, 0x000000008b700000|  0%| F|  |TAMS 0x000000008b600000, 0x000000008b600000| Untracked 
| 183|0x000000008b700000, 0x000000008b700000, 0x000000008b800000|  0%| F|  |TAMS 0x000000008b700000, 0x000000008b700000| Untracked 
| 184|0x000000008b800000, 0x000000008b800000, 0x000000008b900000|  0%| F|  |TAMS 0x000000008b800000, 0x000000008b800000| Untracked 
| 185|0x000000008b900000, 0x000000008b900000, 0x000000008ba00000|  0%| F|  |TAMS 0x000000008b900000, 0x000000008b900000| Untracked 
| 186|0x000000008ba00000, 0x000000008ba00000, 0x000000008bb00000|  0%| F|  |TAMS 0x000000008ba00000, 0x000000008ba00000| Untracked 
| 187|0x000000008bb00000, 0x000000008bb00000, 0x000000008bc00000|  0%| F|  |TAMS 0x000000008bb00000, 0x000000008bb00000| Untracked 
| 188|0x000000008bc00000, 0x000000008bc00000, 0x000000008bd00000|  0%| F|  |TAMS 0x000000008bc00000, 0x000000008bc00000| Untracked 
| 189|0x000000008bd00000, 0x000000008bd00000, 0x000000008be00000|  0%| F|  |TAMS 0x000000008bd00000, 0x000000008bd00000| Untracked 
| 190|0x000000008be00000, 0x000000008be00000, 0x000000008bf00000|  0%| F|  |TAMS 0x000000008be00000, 0x000000008be00000| Untracked 
| 191|0x000000008bf00000, 0x000000008bf00000, 0x000000008c000000|  0%| F|  |TAMS 0x000000008bf00000, 0x000000008bf00000| Untracked 
| 192|0x000000008c000000, 0x000000008c000000, 0x000000008c100000|  0%| F|  |TAMS 0x000000008c000000, 0x000000008c000000| Untracked 
| 193|0x000000008c100000, 0x000000008c100000, 0x000000008c200000|  0%| F|  |TAMS 0x000000008c100000, 0x000000008c100000| Untracked 
| 194|0x000000008c200000, 0x000000008c200000, 0x000000008c300000|  0%| F|  |TAMS 0x000000008c200000, 0x000000008c200000| Untracked 
| 195|0x000000008c300000, 0x000000008c300000, 0x000000008c400000|  0%| F|  |TAMS 0x000000008c300000, 0x000000008c300000| Untracked 
| 196|0x000000008c400000, 0x000000008c400000, 0x000000008c500000|  0%| F|  |TAMS 0x000000008c400000, 0x000000008c400000| Untracked 
| 197|0x000000008c500000, 0x000000008c500000, 0x000000008c600000|  0%| F|  |TAMS 0x000000008c500000, 0x000000008c500000| Untracked 
| 198|0x000000008c600000, 0x000000008c600000, 0x000000008c700000|  0%| F|  |TAMS 0x000000008c600000, 0x000000008c600000| Untracked 
| 199|0x000000008c700000, 0x000000008c700000, 0x000000008c800000|  0%| F|  |TAMS 0x000000008c700000, 0x000000008c700000| Untracked 
| 200|0x000000008c800000, 0x000000008c800000, 0x000000008c900000|  0%| F|  |TAMS 0x000000008c800000, 0x000000008c800000| Untracked 
| 201|0x000000008c900000, 0x000000008c900000, 0x000000008ca00000|  0%| F|  |TAMS 0x000000008c900000, 0x000000008c900000| Untracked 
| 202|0x000000008ca00000, 0x000000008ca00000, 0x000000008cb00000|  0%| F|  |TAMS 0x000000008ca00000, 0x000000008ca00000| Untracked 
| 203|0x000000008cb00000, 0x000000008cb00000, 0x000000008cc00000|  0%| F|  |TAMS 0x000000008cb00000, 0x000000008cb00000| Untracked 
| 204|0x000000008cc00000, 0x000000008cc00000, 0x000000008cd00000|  0%| F|  |TAMS 0x000000008cc00000, 0x000000008cc00000| Untracked 
| 205|0x000000008cd00000, 0x000000008cd00000, 0x000000008ce00000|  0%| F|  |TAMS 0x000000008cd00000, 0x000000008cd00000| Untracked 
| 206|0x000000008ce00000, 0x000000008ce00000, 0x000000008cf00000|  0%| F|  |TAMS 0x000000008ce00000, 0x000000008ce00000| Untracked 
| 207|0x000000008cf00000, 0x000000008cf00000, 0x000000008d000000|  0%| F|  |TAMS 0x000000008cf00000, 0x000000008cf00000| Untracked 
| 208|0x000000008d000000, 0x000000008d000000, 0x000000008d100000|  0%| F|  |TAMS 0x000000008d000000, 0x000000008d000000| Untracked 
| 209|0x000000008d100000, 0x000000008d100000, 0x000000008d200000|  0%| F|  |TAMS 0x000000008d100000, 0x000000008d100000| Untracked 
| 210|0x000000008d200000, 0x000000008d200000, 0x000000008d300000|  0%| F|  |TAMS 0x000000008d200000, 0x000000008d200000| Untracked 
| 211|0x000000008d300000, 0x000000008d300000, 0x000000008d400000|  0%| F|  |TAMS 0x000000008d300000, 0x000000008d300000| Untracked 
| 212|0x000000008d400000, 0x000000008d400000, 0x000000008d500000|  0%| F|  |TAMS 0x000000008d400000, 0x000000008d400000| Untracked 
| 213|0x000000008d500000, 0x000000008d500000, 0x000000008d600000|  0%| F|  |TAMS 0x000000008d500000, 0x000000008d500000| Untracked 
| 214|0x000000008d600000, 0x000000008d600000, 0x000000008d700000|  0%| F|  |TAMS 0x000000008d600000, 0x000000008d600000| Untracked 
| 215|0x000000008d700000, 0x000000008d700000, 0x000000008d800000|  0%| F|  |TAMS 0x000000008d700000, 0x000000008d700000| Untracked 
| 216|0x000000008d800000, 0x000000008d800000, 0x000000008d900000|  0%| F|  |TAMS 0x000000008d800000, 0x000000008d800000| Untracked 
| 217|0x000000008d900000, 0x000000008d9f05d0, 0x000000008da00000| 93%| S|CS|TAMS 0x000000008d900000, 0x000000008d900000| Complete 
| 218|0x000000008da00000, 0x000000008da00000, 0x000000008db00000|  0%| F|  |TAMS 0x000000008da00000, 0x000000008da00000| Untracked 
| 219|0x000000008db00000, 0x000000008db00000, 0x000000008dc00000|  0%| F|  |TAMS 0x000000008db00000, 0x000000008db00000| Untracked 
| 220|0x000000008dc00000, 0x000000008dc00000, 0x000000008dd00000|  0%| F|  |TAMS 0x000000008dc00000, 0x000000008dc00000| Untracked 
| 221|0x000000008dd00000, 0x000000008dd00000, 0x000000008de00000|  0%| F|  |TAMS 0x000000008dd00000, 0x000000008dd00000| Untracked 
| 222|0x000000008de00000, 0x000000008de00000, 0x000000008df00000|  0%| F|  |TAMS 0x000000008de00000, 0x000000008de00000| Untracked 
| 223|0x000000008df00000, 0x000000008df00000, 0x000000008e000000|  0%| F|  |TAMS 0x000000008df00000, 0x000000008df00000| Untracked 
| 224|0x000000008e000000, 0x000000008e000000, 0x000000008e100000|  0%| F|  |TAMS 0x000000008e000000, 0x000000008e000000| Untracked 
| 225|0x000000008e100000, 0x000000008e100000, 0x000000008e200000|  0%| F|  |TAMS 0x000000008e100000, 0x000000008e100000| Untracked 
| 226|0x000000008e200000, 0x000000008e200000, 0x000000008e300000|  0%| F|  |TAMS 0x000000008e200000, 0x000000008e200000| Untracked 
| 227|0x000000008e300000, 0x000000008e300000, 0x000000008e400000|  0%| F|  |TAMS 0x000000008e300000, 0x000000008e300000| Untracked 
| 228|0x000000008e400000, 0x000000008e400000, 0x000000008e500000|  0%| F|  |TAMS 0x000000008e400000, 0x000000008e400000| Untracked 

Card table byte_map: [0x0000000014f50000,0x0000000015350000] _byte_map_base: 0x0000000014b50000

Marking Bits (Prev, Next): (CMBitMap*) 0x0000000002aecc00, (CMBitMap*) 0x0000000002aecbc0
 Prev Bits: [0x0000000017750000, 0x0000000019750000)
 Next Bits: [0x0000000015750000, 0x0000000017750000)

Polling page: 0x0000000000490000

Metaspace:

Usage:
  Non-class:    110.90 MB used.
      Class:     16.06 MB used.
       Both:    126.95 MB used.

Virtual space:
  Non-class space:      112.00 MB reserved,     111.31 MB (>99%) committed,  14 nodes.
      Class space:        1.00 GB reserved,      16.38 MB (  2%) committed,  1 nodes.
             Both:        1.11 GB reserved,     127.69 MB ( 11%) committed. 

Chunk freelists:
   Non-Class:  241.00 KB
       Class:  3.53 MB
        Both:  3.77 MB

MaxMetaspaceSize: unlimited
CompressedClassSpaceSize: 1.00 GB
Initial GC threshold: 21.00 MB
Current GC threshold: 209.50 MB
CDS: off
MetaspaceReclaimPolicy: balanced
 - commit_granule_bytes: 65536.
 - commit_granule_words: 8192.
 - virtual_space_node_default_size: 1048576.
 - enlarge_chunks_in_place: 1.
 - new_chunks_are_fully_committed: 0.
 - uncommit_free_chunks: 1.
 - use_allocation_guard: 0.
 - handle_deallocations: 1.


Internal statistics:

num_allocs_failed_limit: 6.
num_arena_births: 874.
num_arena_deaths: 0.
num_vsnodes_births: 15.
num_vsnodes_deaths: 0.
num_space_committed: 2041.
num_space_uncommitted: 0.
num_chunks_returned_to_freelist: 6.
num_chunks_taken_from_freelist: 5069.
num_chunk_merges: 6.
num_chunk_splits: 3876.
num_chunks_enlarged: 3149.
num_purges: 0.
num_inconsistent_stats: 0.

CodeHeap 'non-profiled nmethods': size=120064Kb used=6017Kb max_used=6017Kb free=114046Kb
 bounds [0x000000000da10000, 0x000000000e000000, 0x0000000014f50000]
CodeHeap 'profiled nmethods': size=120000Kb used=23334Kb max_used=23334Kb free=96665Kb
 bounds [0x0000000005f50000, 0x0000000007620000, 0x000000000d480000]
CodeHeap 'non-nmethods': size=5696Kb used=2541Kb max_used=2587Kb free=3155Kb
 bounds [0x000000000d480000, 0x000000000d710000, 0x000000000da10000]
 total_blobs=12764 nmethods=11663 adapters=1012
 compilation: enabled
              stopped_count=0, restarted_count=0
 full_count=0

Compilation events (20 events):
Event: 79.935 Thread 0x000000001cd59400 13300       1       org.gradle.internal.resource.transfer.DownloadAction::getDestination (5 bytes)
Event: 79.935 Thread 0x000000001cd59400 nmethod 13300 0x000000000dfe4b90 code [0x000000000dfe4d20, 0x000000000dfe4df8]
Event: 80.091 Thread 0x000000001cd59400 13301       3       org.gradle.internal.logging.progress.DefaultProgressLoggerFactory$ProgressLoggerImpl::<init> (69 bytes)
Event: 80.092 Thread 0x000000001cd59400 nmethod 13301 0x000000000761ad10 code [0x000000000761aee0, 0x000000000761b418]
Event: 80.094 Thread 0x000000001cd59400 13302       3       com.sun.crypto.provider.GaloisCounterMode$GCMEngine::getBufferedLength (19 bytes)
Event: 80.105 Thread 0x000000001cd59400 nmethod 13302 0x000000000761b510 code [0x000000000761b6a0, 0x000000000761b978]
Event: 81.046 Thread 0x000000001c0a7730 nmethod 13295 0x000000000dfe4e90 code [0x000000000dfe5600, 0x000000000dfea268]
Event: 81.047 Thread 0x000000001c0a7730 13296       4       java.lang.Long::stringSize (55 bytes)
Event: 81.052 Thread 0x000000001c0a7730 nmethod 13296 0x000000000dfecb10 code [0x000000000dfecc80, 0x000000000dfece38]
Event: 81.052 Thread 0x000000001c0a7730 13298       4       java.lang.Long::getChars (208 bytes)
Event: 81.139 Thread 0x000000001c0a7730 nmethod 13298 0x000000000dfecf10 code [0x000000000dfed0c0, 0x000000000dfed878]
Event: 81.924 Thread 0x000000001c0a7730 13306       4       org.gradle.internal.remote.internal.inet.SocketConnection$SocketOutputStream::write (78 bytes)
Event: 81.957 Thread 0x000000001c0a7730 nmethod 13306 0x000000000dfedc90 code [0x000000000dfede40, 0x000000000dfee408]
Event: 81.957 Thread 0x000000001c0a7730 13305   !   4       java.nio.ByteBuffer::putArray (122 bytes)
Event: 81.964 Thread 0x000000001c0a7730 nmethod 13305 0x000000000dfeeb10 code [0x000000000dfeeca0, 0x000000000dfeee98]
Event: 81.964 Thread 0x000000001c0a7730 13304       4       java.nio.ByteBuffer::put (69 bytes)
Event: 81.976 Thread 0x000000001c0a7730 nmethod 13304 0x000000000dfef190 code [0x000000000dfef340, 0x000000000dfef6c8]
Event: 82.015 Thread 0x000000001c0a7730 13308       4       org.gradle.internal.serialize.DefaultSerializerRegistry$TaggedTypeSerializer::write (37 bytes)
Event: 82.046 Thread 0x000000001c0a7730 nmethod 13308 0x000000000dfefc10 code [0x000000000dfefde0, 0x000000000dff0198]
Event: 82.046 Thread 0x000000001c0a7730 13307       4       org.gradle.internal.serialize.DefaultSerializerRegistry$TaggedTypeSerializer::map (110 bytes)

GC Heap History (20 events):
Event: 31.169 GC heap after
{Heap after GC invocations=40 (full 0):
 garbage-first heap   total 234496K, used 105297K [0x0000000080000000, 0x0000000100000000)
  region size 1024K, 11 young (11264K), 11 survivors (11264K)
 Metaspace       used 92687K, committed 93312K, reserved 1130496K
  class space    used 12163K, committed 12416K, reserved 1048576K
}
Event: 33.531 GC heap before
{Heap before GC invocations=40 (full 0):
 garbage-first heap   total 234496K, used 189265K [0x0000000080000000, 0x0000000100000000)
  region size 1024K, 93 young (95232K), 11 survivors (11264K)
 Metaspace       used 102857K, committed 103488K, reserved 1146880K
  class space    used 13304K, committed 13568K, reserved 1048576K
}
Event: 33.560 GC heap after
{Heap after GC invocations=41 (full 0):
 garbage-first heap   total 234496K, used 109314K [0x0000000080000000, 0x0000000100000000)
  region size 1024K, 9 young (9216K), 9 survivors (9216K)
 Metaspace       used 102857K, committed 103488K, reserved 1146880K
  class space    used 13304K, committed 13568K, reserved 1048576K
}
Event: 35.806 GC heap before
{Heap before GC invocations=41 (full 0):
 garbage-first heap   total 234496K, used 194306K [0x0000000080000000, 0x0000000100000000)
  region size 1024K, 91 young (93184K), 9 survivors (9216K)
 Metaspace       used 110057K, committed 110656K, reserved 1146880K
  class space    used 14137K, committed 14400K, reserved 1048576K
}
Event: 35.842 GC heap after
{Heap after GC invocations=42 (full 0):
 garbage-first heap   total 234496K, used 117248K [0x0000000080000000, 0x0000000100000000)
  region size 1024K, 12 young (12288K), 12 survivors (12288K)
 Metaspace       used 110057K, committed 110656K, reserved 1146880K
  class space    used 14137K, committed 14400K, reserved 1048576K
}
Event: 38.008 GC heap before
{Heap before GC invocations=42 (full 0):
 garbage-first heap   total 234496K, used 193024K [0x0000000080000000, 0x0000000100000000)
  region size 1024K, 86 young (88064K), 12 survivors (12288K)
 Metaspace       used 112701K, committed 113280K, reserved 1155072K
  class space    used 14413K, committed 14656K, reserved 1048576K
}
Event: 38.024 GC heap after
{Heap after GC invocations=43 (full 0):
 garbage-first heap   total 234496K, used 111527K [0x0000000080000000, 0x0000000100000000)
  region size 1024K, 1 young (1024K), 1 survivors (1024K)
 Metaspace       used 112701K, committed 113280K, reserved 1155072K
  class space    used 14413K, committed 14656K, reserved 1048576K
}
Event: 38.714 GC heap before
{Heap before GC invocations=43 (full 0):
 garbage-first heap   total 234496K, used 125863K [0x0000000080000000, 0x0000000100000000)
  region size 1024K, 16 young (16384K), 1 survivors (1024K)
 Metaspace       used 114092K, committed 114688K, reserved 1155072K
  class space    used 14662K, committed 14912K, reserved 1048576K
}
Event: 38.724 GC heap after
{Heap after GC invocations=44 (full 0):
 garbage-first heap   total 234496K, used 112551K [0x0000000080000000, 0x0000000100000000)
  region size 1024K, 2 young (2048K), 2 survivors (2048K)
 Metaspace       used 114092K, committed 114688K, reserved 1155072K
  class space    used 14662K, committed 14912K, reserved 1048576K
}
Event: 40.810 GC heap before
{Heap before GC invocations=45 (full 0):
 garbage-first heap   total 234496K, used 197543K [0x0000000080000000, 0x0000000100000000)
  region size 1024K, 84 young (86016K), 2 survivors (2048K)
 Metaspace       used 117083K, committed 117760K, reserved 1155072K
  class space    used 15053K, committed 15360K, reserved 1048576K
}
Event: 40.836 GC heap after
{Heap after GC invocations=46 (full 0):
 garbage-first heap   total 234496K, used 119719K [0x0000000080000000, 0x0000000100000000)
  region size 1024K, 9 young (9216K), 9 survivors (9216K)
 Metaspace       used 117083K, committed 117760K, reserved 1155072K
  class space    used 15053K, committed 15360K, reserved 1048576K
}
Event: 40.847 GC heap before
{Heap before GC invocations=46 (full 0):
 garbage-first heap   total 234496K, used 121767K [0x0000000080000000, 0x0000000100000000)
  region size 1024K, 11 young (11264K), 9 survivors (9216K)
 Metaspace       used 117083K, committed 117760K, reserved 1155072K
  class space    used 15053K, committed 15360K, reserved 1048576K
}
Event: 40.866 GC heap after
{Heap after GC invocations=47 (full 0):
 garbage-first heap   total 234496K, used 117520K [0x0000000080000000, 0x0000000100000000)
  region size 1024K, 1 young (1024K), 1 survivors (1024K)
 Metaspace       used 117083K, committed 117760K, reserved 1155072K
  class space    used 15053K, committed 15360K, reserved 1048576K
}
Event: 45.374 GC heap before
{Heap before GC invocations=47 (full 0):
 garbage-first heap   total 234496K, used 193296K [0x0000000080000000, 0x0000000100000000)
  region size 1024K, 76 young (77824K), 1 survivors (1024K)
 Metaspace       used 127435K, committed 128128K, reserved 1163264K
  class space    used 16250K, committed 16576K, reserved 1048576K
}
Event: 45.397 GC heap after
{Heap after GC invocations=48 (full 0):
 garbage-first heap   total 234496K, used 123607K [0x0000000080000000, 0x0000000100000000)
  region size 1024K, 7 young (7168K), 7 survivors (7168K)
 Metaspace       used 127435K, committed 128128K, reserved 1163264K
  class space    used 16250K, committed 16576K, reserved 1048576K
}
Event: 61.914 GC heap before
{Heap before GC invocations=49 (full 0):
 garbage-first heap   total 234496K, used 193239K [0x0000000080000000, 0x0000000100000000)
  region size 1024K, 75 young (76800K), 7 survivors (7168K)
 Metaspace       used 129961K, committed 130624K, reserved 1163264K
  class space    used 16441K, committed 16768K, reserved 1048576K
}
Event: 62.648 GC heap after
{Heap after GC invocations=50 (full 0):
 garbage-first heap   total 234496K, used 126950K [0x0000000080000000, 0x0000000100000000)
  region size 1024K, 4 young (4096K), 4 survivors (4096K)
 Metaspace       used 129961K, committed 130624K, reserved 1163264K
  class space    used 16441K, committed 16768K, reserved 1048576K
}
Event: 63.705 GC heap before
{Heap before GC invocations=50 (full 0):
 garbage-first heap   total 234496K, used 134118K [0x0000000080000000, 0x0000000100000000)
  region size 1024K, 11 young (11264K), 4 survivors (4096K)
 Metaspace       used 129961K, committed 130624K, reserved 1163264K
  class space    used 16441K, committed 16768K, reserved 1048576K
}
Event: 63.756 GC heap after
{Heap after GC invocations=51 (full 0):
 garbage-first heap   total 234496K, used 126679K [0x0000000080000000, 0x0000000100000000)
  region size 1024K, 1 young (1024K), 1 survivors (1024K)
 Metaspace       used 129961K, committed 130624K, reserved 1163264K
  class space    used 16441K, committed 16768K, reserved 1048576K
}
Event: 82.218 GC heap before
{Heap before GC invocations=51 (full 0):
 garbage-first heap   total 234496K, used 136919K [0x0000000080000000, 0x0000000100000000)
  region size 1024K, 11 young (11264K), 1 survivors (1024K)
 Metaspace       used 129999K, committed 130752K, reserved 1163264K
  class space    used 16441K, committed 16768K, reserved 1048576K
}

Dll operation events (3 events):
Event: 0.109 Loaded shared library C:\Program Files\Android\Android Studio\jbr\bin\java.dll
Event: 1.084 Loaded shared library C:\Program Files\Android\Android Studio\jbr\bin\zip.dll
Event: 3.843 Loaded shared library C:\Program Files\Android\Android Studio\jbr\bin\verify.dll

Deoptimization events (20 events):
Event: 54.810 Thread 0x000000001fc94bb0 DEOPT PACKING pc=0x000000000dd5d340 sp=0x00000000217257e0
Event: 54.810 Thread 0x000000001fc94bb0 DEOPT UNPACKING pc=0x000000000d4d699d sp=0x0000000021725730 mode 2
Event: 54.810 Thread 0x000000001fc94bb0 Uncommon trap: trap_request=0xffffff45 fr.pc=0x000000000db80f10 relative=0x0000000000000090
Event: 54.810 Thread 0x000000001fc94bb0 Uncommon trap: reason=unstable_if action=reinterpret pc=0x000000000db80f10 method=com.sun.crypto.provider.CounterMode.increment([B)V @ 18 c2
Event: 54.810 Thread 0x000000001fc94bb0 DEOPT PACKING pc=0x000000000db80f10 sp=0x0000000021725780
Event: 54.810 Thread 0x000000001fc94bb0 DEOPT UNPACKING pc=0x000000000d4d699d sp=0x0000000021725728 mode 2
Event: 56.126 Thread 0x000000001fc93d40 Uncommon trap: trap_request=0xffffff45 fr.pc=0x000000000db1800c relative=0x00000000000009cc
Event: 56.126 Thread 0x000000001fc93d40 Uncommon trap: reason=unstable_if action=reinterpret pc=0x000000000db1800c method=java.lang.Integer.stringSize(I)I @ 19 c2
Event: 56.126 Thread 0x000000001fc93d40 DEOPT PACKING pc=0x000000000db1800c sp=0x00000000223fed60
Event: 56.126 Thread 0x000000001fc93d40 DEOPT UNPACKING pc=0x000000000d4d699d sp=0x00000000223feca8 mode 2
Event: 56.129 Thread 0x000000001fc93d40 Uncommon trap: trap_request=0xffffff45 fr.pc=0x000000000dbedcdc relative=0x000000000000021c
Event: 56.129 Thread 0x000000001fc93d40 Uncommon trap: reason=unstable_if action=reinterpret pc=0x000000000dbedcdc method=java.lang.ThreadLocal.get()Ljava/lang/Object; @ 11 c2
Event: 56.129 Thread 0x000000001fc93d40 DEOPT PACKING pc=0x000000000dbedcdc sp=0x00000000223fedc0
Event: 56.129 Thread 0x000000001fc93d40 DEOPT UNPACKING pc=0x000000000d4d699d sp=0x00000000223fed58 mode 2
Event: 56.512 Thread 0x000000001fc94bb0 DEOPT PACKING pc=0x00000000075e6e3a sp=0x00000000217257d0
Event: 56.512 Thread 0x000000001fc94bb0 DEOPT UNPACKING pc=0x000000000d4d7124 sp=0x0000000021724c90 mode 0
Event: 70.608 Thread 0x000000002d46e890 Uncommon trap: trap_request=0xffffff45 fr.pc=0x000000000dfa43d8 relative=0x0000000000002338
Event: 70.608 Thread 0x000000002d46e890 Uncommon trap: reason=unstable_if action=reinterpret pc=0x000000000dfa43d8 method=sun.nio.ch.NioSocketImpl.timedRead(Ljava/io/FileDescriptor;[BIIJ)I @ 45 c2
Event: 70.608 Thread 0x000000002d46e890 DEOPT PACKING pc=0x000000000dfa43d8 sp=0x0000000030efc770
Event: 70.608 Thread 0x000000002d46e890 DEOPT UNPACKING pc=0x000000000d4d699d sp=0x0000000030efc4d0 mode 2

Classes unloaded (0 events):
No events

Classes redefined (0 events):
No events

Internal exceptions (20 events):
Event: 42.164 Thread 0x000000001fc92a00 Exception <a 'sun/nio/fs/WindowsException'{0x000000008bd68318}> (0x000000008bd68318) 
thrown [s\src\hotspot\share\prims\jni.cpp, line 517]
Event: 42.165 Thread 0x000000001fc92a00 Exception <a 'sun/nio/fs/WindowsException'{0x000000008bd684e0}> (0x000000008bd684e0) 
thrown [s\src\hotspot\share\prims\jni.cpp, line 517]
Event: 42.554 Thread 0x000000001fc94bb0 Implicit null exception at 0x000000000dbb45f2 to 0x000000000dbb4b14
Event: 42.574 Thread 0x000000001fc94bb0 Implicit null exception at 0x000000000dc0534b to 0x000000000dc05370
Event: 42.595 Thread 0x000000001fc93d40 Exception <a 'java/lang/NoSuchMethodError'{0x000000008b595a50}: static Lorg/gradle/internal/build/event/types/DefaultOperationStartedProgressEvent;.<clinit>()V> (0x000000008b595a50) 
thrown [s\src\hotspot\share\prims\jni.cpp, line 1108]
Event: 42.596 Thread 0x000000001fc93d40 Exception <a 'java/lang/NoSuchMethodError'{0x000000008b5976c0}: static Lorg/gradle/internal/build/event/types/AbstractProgressEvent;.<clinit>()V> (0x000000008b5976c0) 
thrown [s\src\hotspot\share\prims\jni.cpp, line 1108]
Event: 42.601 Thread 0x000000001fc93d40 Exception <a 'java/lang/NoSuchMethodError'{0x000000008b5abb10}: static Lorg/gradle/internal/build/event/types/DefaultFileDownloadDescriptor;.<clinit>()V> (0x000000008b5abb10) 
thrown [s\src\hotspot\share\prims\jni.cpp, line 1108]
Event: 42.601 Thread 0x000000001fc93d40 Exception <a 'java/lang/NoSuchMethodError'{0x000000008b5ae578}: static Lorg/gradle/internal/build/event/types/DefaultOperationDescriptor;.<clinit>()V> (0x000000008b5ae578) 
thrown [s\src\hotspot\share\prims\jni.cpp, line 1108]
Event: 42.605 Thread 0x000000001fc93d40 Exception <a 'java/lang/NoSuchMethodError'{0x000000008b5c1b10}: static Lorg/gradle/internal/operations/OperationIdentifier;.<clinit>()V> (0x000000008b5c1b10) 
thrown [s\src\hotspot\share\prims\jni.cpp, line 1108]
Event: 42.772 Thread 0x000000001fc94bb0 Exception <a 'sun/nio/fs/WindowsException'{0x000000008b315bd8}> (0x000000008b315bd8) 
thrown [s\src\hotspot\share\prims\jni.cpp, line 517]
Event: 45.095 Thread 0x000000001fc93d40 Exception <a 'java/lang/NoSuchMethodError'{0x0000000089b92a38}: static Lorg/gradle/internal/build/event/types/DefaultStatusEvent;.<clinit>()V> (0x0000000089b92a38) 
thrown [s\src\hotspot\share\prims\jni.cpp, line 1108]
Event: 45.131 Thread 0x000000001fc93d40 Exception <a 'java/lang/NoSuchMethodError'{0x0000000089b9e350}: static Lorg/gradle/internal/build/event/types/DefaultOperationFinishedProgressEvent;.<clinit>()V> (0x0000000089b9e350) 
thrown [s\src\hotspot\share\prims\jni.cpp, line 1108]
Event: 45.143 Thread 0x000000001fc93d40 Exception <a 'java/lang/NoSuchMethodError'{0x0000000089bc87f8}: static Lorg/gradle/internal/build/event/types/DefaultFileDownloadSuccessResult;.<clinit>()V> (0x0000000089bc87f8) 
thrown [s\src\hotspot\share\prims\jni.cpp, line 1108]
Event: 45.143 Thread 0x000000001fc93d40 Exception <a 'java/lang/NoSuchMethodError'{0x0000000089bc95e8}: static Lorg/gradle/internal/build/event/types/DefaultSuccessResult;.<clinit>()V> (0x0000000089bc95e8) 
thrown [s\src\hotspot\share\prims\jni.cpp, line 1108]
Event: 45.143 Thread 0x000000001fc93d40 Exception <a 'java/lang/NoSuchMethodError'{0x0000000089bca738}: static Lorg/gradle/internal/build/event/types/AbstractOperationResult;.<clinit>()V> (0x0000000089bca738) 
thrown [s\src\hotspot\share\prims\jni.cpp, line 1108]
Event: 45.143 Thread 0x000000001fc93d40 Exception <a 'java/lang/NoSuchMethodError'{0x0000000089bcbb90}: static Lorg/gradle/internal/build/event/types/AbstractResult;.<clinit>()V> (0x0000000089bcbb90) 
thrown [s\src\hotspot\share\prims\jni.cpp, line 1108]
Event: 45.585 Thread 0x000000001fc94bb0 Exception <a 'java/lang/NoSuchMethodError'{0x000000008e194cb0}: 'java.lang.Object java.lang.invoke.DirectMethodHandle$Holder.newInvokeSpecial(java.lang.Object, java.lang.Object, java.lang.Object, java.lang.Object, java.lang.Object, int)'> (0x000000008e194cb0) 
thrown [s\src\hotspot\share\interpreter\linkResolver.cpp, line 771]
Event: 45.585 Thread 0x000000001fc94bb0 Exception <a 'java/lang/NoSuchMethodError'{0x000000008e19a0c0}: 'java.lang.Object java.lang.invoke.DirectMethodHandle$Holder.invokeSpecial(java.lang.Object, java.lang.Object, java.lang.Object, java.lang.Object, java.lang.Object, java.lang.Object, int)'> (0x000000008e19a0c0) 
thrown [s\src\hotspot\share\interpreter\linkResolver.cpp, line 771]
Event: 45.695 Thread 0x000000001fc94bb0 Exception <a 'java/lang/NoSuchMethodError'{0x000000008e03eb90}: 'void java.lang.invoke.DirectMethodHandle$Holder.invokeStatic(java.lang.Object, java.lang.Object, java.lang.Object, int, java.lang.Object)'> (0x000000008e03eb90) 
thrown [s\src\hotspot\share\interpreter\linkResolver.cpp, line 771]
Event: 56.129 Thread 0x000000001fc93d40 Implicit null exception at 0x000000000dbedb03 to 0x000000000dbedcc8

VM Operations (20 events):
Event: 62.769 Executing VM operation: G1CollectForAllocation done
Event: 63.620 Executing VM operation: G1CollectForAllocation
Event: 64.040 Executing VM operation: G1CollectForAllocation done
Event: 65.083 Executing VM operation: Cleanup
Event: 65.343 Executing VM operation: Cleanup done
Event: 66.353 Executing VM operation: Cleanup
Event: 66.353 Executing VM operation: Cleanup done
Event: 67.361 Executing VM operation: Cleanup
Event: 67.361 Executing VM operation: Cleanup done
Event: 68.375 Executing VM operation: Cleanup
Event: 68.375 Executing VM operation: Cleanup done
Event: 71.392 Executing VM operation: Cleanup
Event: 71.394 Executing VM operation: Cleanup done
Event: 72.487 Executing VM operation: Cleanup
Event: 72.487 Executing VM operation: Cleanup done
Event: 74.485 Executing VM operation: Cleanup
Event: 74.486 Executing VM operation: Cleanup done
Event: 80.757 Executing VM operation: Cleanup
Event: 80.757 Executing VM operation: Cleanup done
Event: 82.050 Executing VM operation: G1CollectForAllocation

Events (20 events):
Event: 45.934 loading class sun/security/ssl/SSLEngineOutputRecord$HandshakeMemo
Event: 45.935 loading class sun/security/ssl/SSLEngineOutputRecord$RecordMemo
Event: 45.935 loading class sun/security/ssl/SSLEngineOutputRecord$RecordMemo done
Event: 45.935 loading class sun/security/ssl/SSLEngineOutputRecord$HandshakeMemo done
Event: 45.957 loading class sun/security/ssl/PreSharedKeyExtension$SHPreSharedKeySpec
Event: 45.957 loading class sun/security/ssl/PreSharedKeyExtension$SHPreSharedKeySpec done
Event: 46.103 loading class com/sun/org/apache/xerces/internal/dom/DeferredCommentImpl
Event: 46.103 loading class com/sun/org/apache/xerces/internal/dom/CommentImpl
Event: 46.104 loading class com/sun/org/apache/xerces/internal/dom/CommentImpl done
Event: 46.104 loading class com/sun/org/apache/xerces/internal/dom/DeferredCommentImpl done
Event: 46.327 loading class java/util/Collections$2
Event: 46.328 loading class java/util/Collections$2 done
Event: 46.565 Thread 0x000000002d46ed60 Thread added: 0x000000002d46ed60
Event: 50.516 Thread 0x000000002d46c6e0 Thread added: 0x000000002d46c6e0
Event: 52.025 loading class java/util/LinkedList$LLSpliterator
Event: 52.026 loading class java/util/LinkedList$LLSpliterator done
Event: 52.280 Thread 0x000000002d46e890 Thread added: 0x000000002d46e890
Event: 61.443 loading class jdk/internal/misc/ScopedMemoryAccess$Scope$Handle
Event: 61.688 loading class jdk/internal/misc/ScopedMemoryAccess$Scope$Handle done
Event: 68.582 Thread 0x000000001fc93870 Thread exited: 0x000000001fc93870


Dynamic libraries:
0x00007ff6a8040000 - 0x00007ff6a804a000 	C:\Program Files\Android\Android Studio\jbr\bin\java.exe
0x00007ffb70b50000 - 0x00007ffb70d67000 	C:\Windows\SYSTEM32\ntdll.dll
0x00007ffb6fd60000 - 0x00007ffb6fe24000 	C:\Windows\System32\KERNEL32.DLL
0x00007ffb6df70000 - 0x00007ffb6e340000 	C:\Windows\System32\KERNELBASE.dll
0x00007ffb6e5b0000 - 0x00007ffb6e6c1000 	C:\Windows\System32\ucrtbase.dll
0x00007ffb327e0000 - 0x00007ffb327f7000 	C:\Program Files\Android\Android Studio\jbr\bin\jli.dll
0x00007ffb5ba60000 - 0x00007ffb5ba7b000 	C:\Program Files\Android\Android Studio\jbr\bin\VCRUNTIME140.dll
0x00007ffb70960000 - 0x00007ffb70b0e000 	C:\Windows\System32\USER32.dll
0x00007ffb6e580000 - 0x00007ffb6e5a6000 	C:\Windows\System32\win32u.dll
0x00007ffb70430000 - 0x00007ffb70459000 	C:\Windows\System32\GDI32.dll
0x00007ffb6e460000 - 0x00007ffb6e57b000 	C:\Windows\System32\gdi32full.dll
0x00007ffb6e340000 - 0x00007ffb6e3da000 	C:\Windows\System32\msvcp_win.dll
0x00007ffb55410000 - 0x00007ffb556a2000 	C:\Windows\WinSxS\amd64_microsoft.windows.common-controls_6595b64144ccf1df_6.0.22621.4830_none_270fe7d773858e80\COMCTL32.dll
0x00007ffb6e840000 - 0x00007ffb6e8e7000 	C:\Windows\System32\msvcrt.dll
0x00007ffb703f0000 - 0x00007ffb70421000 	C:\Windows\System32\IMM32.DLL
0x00007ffb5ba50000 - 0x00007ffb5ba5c000 	C:\Program Files\Android\Android Studio\jbr\bin\vcruntime140_1.dll
0x00007ffb310f0000 - 0x00007ffb3117d000 	C:\Program Files\Android\Android Studio\jbr\bin\msvcp140.dll
0x00007ffb28ab0000 - 0x00007ffb2971e000 	C:\Program Files\Android\Android Studio\jbr\bin\server\jvm.dll
0x00007ffb707f0000 - 0x00007ffb708a1000 	C:\Windows\System32\ADVAPI32.dll
0x00007ffb708b0000 - 0x00007ffb70957000 	C:\Windows\System32\sechost.dll
0x00007ffb6e810000 - 0x00007ffb6e838000 	C:\Windows\System32\bcrypt.dll
0x00007ffb6ead0000 - 0x00007ffb6ebe4000 	C:\Windows\System32\RPCRT4.dll
0x00007ffb3cf40000 - 0x00007ffb3cf49000 	C:\Windows\SYSTEM32\WSOCK32.dll
0x00007ffb5d700000 - 0x00007ffb5d70a000 	C:\Windows\SYSTEM32\VERSION.dll
0x00007ffb6ea50000 - 0x00007ffb6eac1000 	C:\Windows\System32\WS2_32.dll
0x00007ffb67a80000 - 0x00007ffb67ab4000 	C:\Windows\SYSTEM32\WINMM.dll
0x00007ffb6ce00000 - 0x00007ffb6ce18000 	C:\Windows\SYSTEM32\kernel.appcore.dll
0x00007ffb58230000 - 0x00007ffb5823a000 	C:\Program Files\Android\Android Studio\jbr\bin\jimage.dll
0x00007ffb6b670000 - 0x00007ffb6b8a2000 	C:\Windows\SYSTEM32\DBGHELP.DLL
0x00007ffb70460000 - 0x00007ffb707f0000 	C:\Windows\System32\combase.dll
0x00007ffb6ff90000 - 0x00007ffb70067000 	C:\Windows\System32\OLEAUT32.dll
0x00007ffb59650000 - 0x00007ffb59682000 	C:\Windows\SYSTEM32\dbgcore.DLL
0x00007ffb6e6d0000 - 0x00007ffb6e74b000 	C:\Windows\System32\bcryptPrimitives.dll
0x00007ffb377a0000 - 0x00007ffb377ae000 	C:\Program Files\Android\Android Studio\jbr\bin\instrument.dll
0x00007ffb34430000 - 0x00007ffb34455000 	C:\Program Files\Android\Android Studio\jbr\bin\java.dll
0x00007ffb556d0000 - 0x00007ffb556e8000 	C:\Program Files\Android\Android Studio\jbr\bin\zip.dll
0x00007ffb6eea0000 - 0x00007ffb6f718000 	C:\Windows\System32\SHELL32.dll
0x00007ffb6bd00000 - 0x00007ffb6c610000 	C:\Windows\SYSTEM32\windows.storage.dll
0x00007ffb6bbc0000 - 0x00007ffb6bcff000 	C:\Windows\SYSTEM32\wintypes.dll
0x00007ffb70070000 - 0x00007ffb7017a000 	C:\Windows\System32\SHCORE.dll
0x00007ffb6e9e0000 - 0x00007ffb6ea3e000 	C:\Windows\System32\shlwapi.dll
0x00007ffb6dd30000 - 0x00007ffb6dd5b000 	C:\Windows\SYSTEM32\profapi.dll
0x00007ffb34410000 - 0x00007ffb34429000 	C:\Program Files\Android\Android Studio\jbr\bin\net.dll
0x00007ffb67750000 - 0x00007ffb6787c000 	C:\Windows\SYSTEM32\WINHTTP.dll
0x00007ffb6d270000 - 0x00007ffb6d2da000 	C:\Windows\system32\mswsock.dll
0x00007ffb343f0000 - 0x00007ffb34406000 	C:\Program Files\Android\Android Studio\jbr\bin\nio.dll
0x00007ffb56de0000 - 0x00007ffb56df0000 	C:\Program Files\Android\Android Studio\jbr\bin\verify.dll
0x00007ffb311d0000 - 0x00007ffb311f7000 	C:\Program Files\Android\Android Studio\jbr\native\68d5fa5c4cc2d200863cafc0d521ce42e7d3e7ee720ec0a83991735586a16f82\windows-amd64\native-platform.dll
0x00007ffb23fe0000 - 0x00007ffb24124000 	C:\Program Files\Android\Android Studio\jbr\native\e376f236ea51e6404a007f0833ffe2c6e607c4080706a723a18a27aeea778392\windows-amd64\native-platform-file-events.dll
0x00007ffb57640000 - 0x00007ffb57649000 	C:\Program Files\Android\Android Studio\jbr\bin\management.dll
0x00007ffb56410000 - 0x00007ffb5641b000 	C:\Program Files\Android\Android Studio\jbr\bin\management_ext.dll
0x00007ffb701e0000 - 0x00007ffb701e8000 	C:\Windows\System32\PSAPI.DLL
0x00007ffb6d510000 - 0x00007ffb6d52b000 	C:\Windows\SYSTEM32\CRYPTSP.dll
0x00007ffb6cd60000 - 0x00007ffb6cd95000 	C:\Windows\system32\rsaenh.dll
0x00007ffb6d310000 - 0x00007ffb6d338000 	C:\Windows\SYSTEM32\USERENV.dll
0x00007ffb6d480000 - 0x00007ffb6d48c000 	C:\Windows\SYSTEM32\CRYPTBASE.dll
0x00007ffb6c8b0000 - 0x00007ffb6c8dd000 	C:\Windows\SYSTEM32\IPHLPAPI.DLL
0x00007ffb6ea40000 - 0x00007ffb6ea49000 	C:\Windows\System32\NSI.dll
0x00007ffb67720000 - 0x00007ffb67739000 	C:\Windows\SYSTEM32\dhcpcsvc6.DLL
0x00007ffb67700000 - 0x00007ffb6771f000 	C:\Windows\SYSTEM32\dhcpcsvc.DLL
0x00007ffb6c930000 - 0x00007ffb6ca32000 	C:\Windows\SYSTEM32\DNSAPI.dll
0x00007ffb423d0000 - 0x00007ffb423d8000 	C:\Windows\system32\wshunix.dll
0x00007ffb5fd30000 - 0x00007ffb5fd3a000 	C:\Windows\System32\rasadhlp.dll
0x00007ffb64580000 - 0x00007ffb64603000 	C:\Windows\System32\fwpuclnt.dll

dbghelp: loaded successfully - version: 4.0.5 - missing functions: none
symbol engine: initialized successfully - sym options: 0x614 - pdb path: .;C:\Program Files\Android\Android Studio\jbr\bin;C:\Windows\SYSTEM32;C:\Windows\WinSxS\amd64_microsoft.windows.common-controls_6595b64144ccf1df_6.0.22621.4830_none_270fe7d773858e80;C:\Program Files\Android\Android Studio\jbr\bin\server;C:\Program Files\Android\Android Studio\jbr\native\68d5fa5c4cc2d200863cafc0d521ce42e7d3e7ee720ec0a83991735586a16f82\windows-amd64;C:\Program Files\Android\Android Studio\jbr\native\e376f236ea51e6404a007f0833ffe2c6e607c4080706a723a18a27aeea778392\windows-amd64

VM Arguments:
jvm_args: --add-opens=java.base/java.util=ALL-UNNAMED --add-opens=java.base/java.lang=ALL-UNNAMED --add-opens=java.base/java.lang.invoke=ALL-UNNAMED --add-opens=java.prefs/java.util.prefs=ALL-UNNAMED --add-opens=java.base/java.nio.charset=ALL-UNNAMED --add-opens=java.base/java.net=ALL-UNNAMED --add-opens=java.base/java.util.concurrent.atomic=ALL-UNNAMED -Xmx2048m -Dfile.encoding=UTF-8 -Duser.country=US -Duser.language=en -Duser.variant -javaagent:C:\Program Files\Android\Android Studio\jbr\wrapper\dists\gradle-8.1.1-all\bs1rrjki8hh9bujwbsqnxtuzr\gradle-8.1.1\lib\agents\gradle-instrumentation-agent-8.1.1.jar 
java_command: org.gradle.launcher.daemon.bootstrap.GradleDaemon 8.1.1
java_class_path (initial): C:\Program Files\Android\Android Studio\jbr\wrapper\dists\gradle-8.1.1-all\bs1rrjki8hh9bujwbsqnxtuzr\gradle-8.1.1\lib\gradle-launcher-8.1.1.jar
Launcher Type: SUN_STANDARD

[Global flags]
     intx CICompilerCount                          = 2                                         {product} {ergonomic}
     uint ConcGCThreads                            = 1                                         {product} {ergonomic}
     uint G1ConcRefinementThreads                  = 2                                         {product} {ergonomic}
   size_t G1HeapRegionSize                         = 1048576                                   {product} {ergonomic}
    uintx GCDrainStackTargetSize                   = 64                                        {product} {ergonomic}
   size_t InitialHeapSize                          = 62914560                                  {product} {ergonomic}
   size_t MarkStackSize                            = 4194304                                   {product} {ergonomic}
   size_t MaxHeapSize                              = 2147483648                                {product} {command line}
   size_t MaxNewSize                               = 1287651328                                {product} {ergonomic}
   size_t MinHeapDeltaBytes                        = 1048576                                   {product} {ergonomic}
   size_t MinHeapSize                              = 8388608                                   {product} {ergonomic}
    uintx NonNMethodCodeHeapSize                   = 5826188                                {pd product} {ergonomic}
    uintx NonProfiledCodeHeapSize                  = 122916026                              {pd product} {ergonomic}
    uintx ProfiledCodeHeapSize                     = 122916026                              {pd product} {ergonomic}
    uintx ReservedCodeCacheSize                    = 251658240                              {pd product} {ergonomic}
     bool SegmentedCodeCache                       = true                                      {product} {ergonomic}
   size_t SoftMaxHeapSize                          = 2147483648                             {manageable} {ergonomic}
     bool UseCompressedClassPointers               = true                           {product lp64_product} {ergonomic}
     bool UseCompressedOops                        = true                           {product lp64_product} {ergonomic}
     bool UseG1GC                                  = true                                      {product} {ergonomic}
     bool UseLargePagesIndividualAllocation        = false                                  {pd product} {ergonomic}

Logging:
Log output configuration:
 #0: stdout all=warning uptime,level,tags
 #1: stderr all=off uptime,level,tags

Environment Variables:
JAVA_HOME=C:\Program Files\Android\Android Studio\jbr

PATH=C:\Program Files (x86)\Common Files\Oracle\Java\java8path;C:\Program Files (x86)\Common Files\Oracle\Java\javapath;C:\Python312\Scripts\;C:\Python312\;C:\Windows\system32;C:\Windows;C:\Windows\System32\Wbem;C:\Windows\System32\WindowsPowerShell\v1.0\;C:\Windows\System32\OpenSSH\;C:\Program Files\dotnet\;C:\Program Files\Microsoft VS Code\bin;C:\Program Files\Git\cmd;C:\ProgramData\chocolatey\bin;C:\Program Files\Android\Android Studio\jbr\bin;C:\Program Files\Java\jdk-23\bin;C:\cygwin64\bin;C:\Program Files\nodejs\;C:\Program Files\usbipd-win\;C:\xampp\php;C:\ProgramData\ComposerSetup\bin;C:\Users\Admin\AppData\Local\Microsoft\WindowsApps;C:\Users\Admin\AppData\Local\Programs\Microsoft VS Code\bin;C:\Users\Admin\AppData\Local\spicetify;C:\Users\Admin\AppData\Roaming\npm;C:\Program Files\PostgreSQL\17\bin;C:\Users\Admin\AppData\Roaming\Composer\vendor\bin;C:\adb;C:\xampp\mysql\bin;C:\Users\Admin\AppData\Roaming\Python\Python312\Scripts
USERNAME=Admin
OS=Windows_NT
PROCESSOR_IDENTIFIER=Intel64 Family 6 Model 122 Stepping 8, GenuineIntel
TMP=C:\Users\Admin\AppData\Local\Temp
TEMP=C:\Users\Admin\AppData\Local\Temp


JNI global refs:
JNI global refs: 26, weak refs: 1

JNI global refs memory usage: 843, weak refs: 841


---------------  S Y S T E M  ---------------

OS:
 Windows 11 , 64 bit Build 22621 (10.0.22621.4830)
OS uptime: 0 days 1:58 hours
Hyper-V role detected

CPU: total 2 (initial active 2) (2 cores per cpu, 1 threads per core) family 6 model 122 stepping 8 microcode 0x20, cx8, cmov, fxsr, mmx, 3dnowpref, sse, sse2, sse3, ssse3, sse4.1, sse4.2, popcnt, tsc, tscinvbit, aes, erms, clmul, sha, clflush, clflushopt, hv

Memory: 4k page, system-wide physical 3737M (171M free)
TotalPageFile size 9881M (AvailPageFile size 24M)
current process WorkingSet (physical memory assigned to process): 185M, peak: 456M
current process commit charge ("private bytes"): 532M, peak: 584M

vm_info: OpenJDK 64-Bit Server VM (17.0.6+0-b2043.56-10027231) for windows-amd64 JRE (17.0.6+0-b2043.56-10027231), built on Apr 28 2023 00:43:19 by "androidbuild" with MS VC++ 16.10 / 16.11 (VS2019)

END.
