JvmtiExport can_access_local_variables 0
JvmtiExport can_hotswap_or_post_breakpoint 0
JvmtiExport can_post_on_exceptions 0
# 474 ciObject found
ciMethod java/lang/Object <init> ()V 1444 0 677972 0 128
ciMethod java/lang/Object hashCode ()I 768 0 384 0 -1
ciMethod java/lang/Object equals (Ljava/lang/Object;)Z 516 0 31976 0 -1
ciMethod java/lang/Object clone ()Ljava/lang/Object; 512 0 256 0 -1
ciMethod java/lang/Object toString ()Ljava/lang/String; 4 0 2 0 -1
ciMethod java/lang/String <init> (Ljava/lang/String;)V 0 0 3 0 0
ciMethod java/lang/String length ()I 512 0 542563 0 96
ciMethod java/lang/String isEmpty ()Z 512 0 119594 0 96
ciMethod java/lang/String equals (Ljava/lang/Object;)Z 512 0 5669 0 416
ciMethod java/lang/String equalsIgnoreCase (Ljava/lang/String;)Z 176 0 5508 0 1536
ciMethod java/lang/String regionMatches (ILjava/lang/String;II)Z 0 0 76 0 -1
ciMethod java/lang/String regionMatches (ZILjava/lang/String;II)Z 518 0 9779 0 0
ciMethod java/lang/String hashCode ()I 554 0 10760 0 480
ciMethod java/lang/String lastIndexOf (I)I 512 0 60576 0 448
ciMethod java/lang/String lastIndexOf (II)I 512 0 65638 0 0
ciMethod java/lang/String substring (II)Ljava/lang/String; 512 0 5376 0 1088
ciMethod java/lang/String concat (Ljava/lang/String;)Ljava/lang/String; 768 0 19776 0 0
ciMethod java/lang/String replace (CC)Ljava/lang/String; 512 0 5376 0 1440
ciMethod java/lang/String toString ()Ljava/lang/String; 512 0 41683 0 64
ciMethod java/lang/String getBytes ([BIB)V 766 0 5604 0 224
ciMethod java/lang/String <init> ([BB)V 514 0 27859 0 0
ciMethod java/lang/String coder ()B 540 0 702488 0 64
ciMethod java/lang/String isLatin1 ()Z 392 0 1445055 0 96
ciMethod java/lang/String checkBoundsBeginEnd (III)V 512 0 5376 0 160
ciMethod java/lang/Class isPrimitive ()Z 512 0 256 0 -1
ciMethod java/lang/ClassLoader defineClass (Ljava/lang/String;[BIILjava/security/ProtectionDomain;)Ljava/lang/Class; 512 0 6822 0 -1
ciMethod java/lang/ClassLoader definePackage (Ljava/lang/String;Ljava/lang/Module;)Ljava/lang/Package; 378 0 4723 0 -1
ciMethod java/lang/ClassLoader definePackage (Ljava/lang/String;Ljava/lang/String;Ljava/lang/String;Ljava/lang/String;Ljava/lang/String;Ljava/lang/String;Ljava/lang/String;Ljava/net/URL;)Ljava/lang/Package; 194 0 787 0 0
ciMethod java/lang/ClassLoader getDefinedPackage (Ljava/lang/String;)Ljava/lang/Package; 512 0 5393 0 3840
ciMethod java/lang/System allowSecurityManager ()Z 510 0 49504 0 0
ciMethod java/lang/System getSecurityManager ()Ljava/lang/SecurityManager; 512 0 49504 0 96
ciMethod java/lang/System nanoTime ()J 512 0 256 0 -1
ciMethod java/lang/System arraycopy (Ljava/lang/Object;ILjava/lang/Object;II)V 512 0 256 0 -1
ciMethod java/lang/Throwable getCause ()Ljava/lang/Throwable; 4 0 2 0 -1
ciMethod java/lang/Throwable addSuppressed (Ljava/lang/Throwable;)V 0 0 1 0 -1
ciMethod java/lang/Exception <init> (Ljava/lang/String;Ljava/lang/Throwable;)V 510 0 5330 0 -1
ciMethod java/security/ProtectionDomain implies (Ljava/security/Permission;)Z 0 0 1 0 -1
ciMethod java/security/AccessControlContext isAuthorized ()Z 0 0 1 0 -1
ciMethod java/security/AccessController getInnocuousAcc ()Ljava/security/AccessControlContext; 0 0 1 0 -1
ciMethod java/security/AccessController getProtectionDomain (Ljava/lang/Class;)Ljava/security/ProtectionDomain; 6 0 3 0 -1
ciMethod java/security/AccessController doPrivileged (Ljava/security/PrivilegedExceptionAction;Ljava/security/AccessControlContext;)Ljava/lang/Object; 98 0 13361 1 352
ciMethod java/security/AccessController checkContext (Ljava/security/AccessControlContext;Ljava/lang/Class;)Ljava/security/AccessControlContext; 512 0 5719 0 128
ciMethod java/security/AccessController ensureMaterializedForStackWalk (Ljava/lang/Object;)V 514 0 257 0 -1
ciMethod java/security/AccessController isPrivileged ()Z 0 0 1 0 -1
ciMethod java/security/AccessController executePrivileged (Ljava/security/PrivilegedExceptionAction;Ljava/security/AccessControlContext;Ljava/lang/Class;)Ljava/lang/Object; 512 0 13533 0 -1
ciMethod java/security/AccessController wrapException (Ljava/lang/Exception;)Ljava/security/PrivilegedActionException; 0 0 2 0 -1
ciMethod java/security/SecureClassLoader defineClass (Ljava/lang/String;[BIILjava/security/CodeSource;)Ljava/lang/Class; 512 0 5377 0 640
ciMethod java/security/SecureClassLoader defineClass (Ljava/lang/String;Ljava/nio/ByteBuffer;Ljava/security/CodeSource;)Ljava/lang/Class; 0 0 67 0 -1
ciMethod java/security/SecureClassLoader getProtectionDomain (Ljava/security/CodeSource;)Ljava/security/ProtectionDomain; 512 0 5379 0 -1
ciMethod java/lang/ClassNotFoundException <init> (Ljava/lang/String;)V 366 0 5326 0 -1
ciMethod java/lang/ReflectiveOperationException <init> (Ljava/lang/String;Ljava/lang/Throwable;)V 512 0 5326 0 -1
ciMethod java/lang/ref/Reference reachabilityFence (Ljava/lang/Object;)V 512 0 87244 0 -1
ciMethod java/util/Map get (Ljava/lang/Object;)Ljava/lang/Object; 0 0 1 0 -1
ciMethod java/util/Hashtable get (Ljava/lang/Object;)Ljava/lang/Object; 512 0 1160 0 -1
ciMethod java/lang/Module isNamed ()Z 512 0 10392 0 0
ciMethod java/lang/Module getName ()Ljava/lang/String; 138 0 68 0 -1
ciMethod java/lang/Module getLayer ()Ljava/lang/ModuleLayer; 0 0 1 0 -1
ciMethod java/lang/StringBuilder <init> ()V 208 0 55979 0 -1
ciMethod java/lang/StringBuilder append (Ljava/lang/String;)Ljava/lang/StringBuilder; 434 0 172767 0 -1
ciMethod java/lang/StringBuilder toString ()Ljava/lang/String; 262 0 60752 0 -1
ciMethod jdk/internal/misc/Unsafe allocateUninitializedArray (Ljava/lang/Class;I)Ljava/lang/Object; 4098 0 7303 0 352
ciMethod jdk/internal/misc/Unsafe allocateUninitializedArray0 (Ljava/lang/Class;I)Ljava/lang/Object; 512 0 5376 0 -1
ciMethod java/net/URL equals (Ljava/lang/Object;)Z 512 0 4233 0 -1
ciMethod java/util/jar/Manifest getMainAttributes ()Ljava/util/jar/Attributes; 256 0 128 0 0
ciMethod java/util/jar/Manifest getEntries ()Ljava/util/Map; 256 0 128 0 0
ciMethod java/util/jar/Manifest getAttributes (Ljava/lang/String;)Ljava/util/jar/Attributes; 510 0 6437 0 0
ciMethod java/util/jar/Manifest getTrustedAttributes (Ljava/lang/String;)Ljava/util/jar/Attributes; 512 0 6422 0 1824
ciMethod java/security/CodeSource <init> (Ljava/net/URL;[Ljava/security/CodeSigner;)V 512 0 6401 0 832
ciMethod java/util/concurrent/ConcurrentHashMap get (Ljava/lang/Object;)Ljava/lang/Object; 518 2 11543 0 -1
ciMethod java/util/concurrent/ConcurrentHashMap putIfAbsent (Ljava/lang/Object;Ljava/lang/Object;)Ljava/lang/Object; 1522 0 22641 0 -1
ciMethod java/util/List add (Ljava/lang/Object;)Z 0 0 1 0 -1
ciMethod java/lang/Character toLowerCase (I)I 528 0 14405 0 0
ciMethod java/util/Objects requireNonNull (Ljava/lang/Object;)Ljava/lang/Object; 512 0 182001 0 -1
ciMethod java/util/Objects requireNonNull (Ljava/lang/Object;Ljava/lang/String;)Ljava/lang/Object; 512 0 58167 0 -1
ciMethod jdk/internal/access/SharedSecrets javaUtilJarAccess ()Ljdk/internal/access/JavaUtilJarAccess; 512 0 11630 0 0
ciMethod jdk/internal/access/SharedSecrets ensureClassInitialized (Ljava/lang/Class;)V 8 0 4 0 -1
ciMethod java/lang/StringLatin1 canEncode (I)Z 512 0 177644 0 96
ciMethod java/lang/StringLatin1 equals ([B[B)Z 502 524 1804 0 -1
ciMethod java/lang/StringLatin1 hashCode ([B)I 268 5366 948 0 352
ciMethod java/lang/StringLatin1 lastIndexOf ([BII)I 222 8192 877 0 384
ciMethod java/lang/StringLatin1 replace ([BCC)Ljava/lang/String; 206 8192 689 0 1152
ciMethod java/lang/StringLatin1 regionMatchesCI ([BI[BII)Z 518 120 5379 0 1568
ciMethod java/lang/StringLatin1 regionMatchesCI_UTF16 ([BI[BII)Z 0 0 1 0 -1
ciMethod java/lang/StringLatin1 newString ([BII)Ljava/lang/String; 498 0 5369 0 896
ciMethod java/lang/StringLatin1 inflate ([BI[BII)V 0 0 5 0 -1
ciMethod jdk/internal/reflect/Reflection getCallerClass ()Ljava/lang/Class; 512 0 256 0 -1
ciMethod java/lang/Math min (II)I 512 0 57007 0 -1
ciMethod java/util/HashMap hash (Ljava/lang/Object;)I 768 0 37510 0 0
ciMethod java/util/HashMap get (Ljava/lang/Object;)Ljava/lang/Object; 768 0 12152 0 640
ciMethod java/util/HashMap getNode (Ljava/lang/Object;)Ljava/util/HashMap$Node; 778 12 16773 0 640
ciMethod java/util/HashMap$TreeNode getTreeNode (ILjava/lang/Object;)Ljava/util/HashMap$TreeNode; 0 0 1 0 -1
ciMethod java/lang/StringConcatHelper checkOverflow (J)J 516 0 40401 0 0
ciMethod java/lang/StringConcatHelper mix (JLjava/lang/String;)J 516 0 40401 0 160
ciMethod java/lang/StringConcatHelper prepend (J[BLjava/lang/String;)J 768 0 5530 0 320
ciMethod java/lang/StringConcatHelper newString ([BJ)Ljava/lang/String; 772 0 5858 0 224
ciMethod java/lang/StringConcatHelper simpleConcat (Ljava/lang/Object;Ljava/lang/Object;)Ljava/lang/String; 766 0 20094 0 -1
ciMethod java/lang/StringConcatHelper stringOf (Ljava/lang/Object;)Ljava/lang/String; 512 0 41053 0 128
ciMethod java/lang/StringConcatHelper newArray (J)[B 380 0 29639 0 -1
ciMethod java/lang/StringConcatHelper initialCoder ()J 768 0 20092 0 0
ciMethod java/util/Arrays copyOfRange ([BII)[B 512 0 5379 0 576
ciMethod java/lang/CharacterData toLowerCase (I)I 0 0 1 0 -1
ciMethod java/lang/CharacterData of (I)Ljava/lang/CharacterData; 516 0 10500 0 128
ciMethod java/lang/CharacterDataLatin1 getProperties (I)I 512 0 28794 0 96
ciMethod java/lang/CharacterDataLatin1 toLowerCase (I)I 512 0 6776 0 192
ciMethod java/lang/CharacterDataLatin1 toUpperCase (I)I 516 0 5378 0 192
ciMethod java/net/URI toURL ()Ljava/net/URL; 512 0 651 0 -1
ciMethodData java/lang/String hashCode ()I 2 10760 orig 80 1 0 0 0 0 0 0 0 0 0 0 0 254 127 0 0 0 0 0 0 0 0 0 0 0 0 0 0 0 0 0 0 0 0 0 0 0 0 0 1 0 0 0 0 0 0 0 0 0 0 0 0 0 0 0 0 0 0 0 0 0 0 0 0 0 0 0 0 0 0 0 0 0 0 0 0 0 0 0 0 data 42 0x60007 0x1d7e 0x108 0xb75 0xd0007 0x33 0xe8 0xb42 0x110005 0xb42 0x0 0x0 0x0 0x0 0x0 0x8000000600140007 0x1 0x48 0xb42 0x1b0002 0xb42 0x1e0003 0xb42 0x28 0x250002 0x1 0x2a0007 0xb42 0x38 0x1 0x320003 0x1 0x18 0x0 0x0 0x0 0x0 0x0 0x0 0x9 0x1 0xe oops 0 methods 0
ciMethodData java/lang/String isLatin1 ()Z 2 1445055 orig 80 0 0 0 0 0 0 0 0 0 0 0 0 254 127 0 0 0 0 0 0 0 0 0 0 0 0 0 0 0 0 0 0 0 0 0 0 0 0 0 0 0 0 0 0 0 0 0 0 0 0 0 0 0 0 0 0 0 0 0 0 0 0 0 0 0 0 0 0 0 0 0 0 0 0 0 0 0 0 0 0 data 18 0x30007 0x0 0x58 0x160c01 0xa0007 0x7 0x38 0x160c02 0xe0003 0x160c03 0x18 0x0 0x0 0x0 0x0 0x9 0x1 0x0 oops 0 methods 0
ciMethodData java/lang/StringLatin1 hashCode ([B)I 2 24300 orig 80 0 0 0 0 0 0 0 0 0 0 0 0 254 127 0 0 0 0 0 0 0 0 0 0 0 0 0 0 0 0 0 0 0 0 0 0 0 0 0 0 0 0 0 0 0 0 0 0 0 0 0 0 0 0 0 0 0 0 0 0 0 0 0 0 0 0 0 0 0 0 0 0 0 0 0 0 0 0 0 0 data 14 0xd0007 0x32e 0x38 0x546b 0x250003 0x546b 0xffffffffffffffe0 0x0 0x0 0x0 0x0 0x9 0x1 0x0 oops 0 methods 0
ciMethodData java/lang/Object <init> ()V 2 677972 orig 80 1 0 0 0 0 0 0 0 0 0 0 0 254 127 0 0 0 0 0 0 0 0 0 0 0 0 0 0 0 0 0 0 0 0 0 0 0 0 0 0 0 0 0 0 0 0 0 0 0 0 0 0 0 0 0 0 0 0 0 0 0 0 0 0 0 0 0 0 0 0 0 0 0 0 0 0 0 0 0 0 data 4 0x0 0x9 0x1 0x0 oops 0 methods 0
ciMethodData java/lang/String equals (Ljava/lang/Object;)Z 2 5669 orig 80 0 0 0 0 0 0 0 0 0 0 0 0 254 127 0 0 0 0 0 0 0 0 0 0 0 0 0 0 0 0 0 0 0 0 0 0 0 0 0 0 0 0 0 0 0 0 0 0 0 0 0 0 0 0 0 0 0 0 0 0 0 0 0 0 0 0 0 0 0 0 0 0 0 0 0 0 0 0 0 0 data 49 0x20007 0x12c5 0x20 0x260 0x80104 0x0 0x0 0x1cd089e0 0x12c2 0x0 0x0 0xb0007 0x3 0xe0 0x12c2 0xf0004 0x0 0x0 0x1cd089e0 0x12c2 0x0 0x0 0x160007 0x0 0x40 0x12c2 0x210007 0x0 0x68 0x12c2 0x2c0002 0x12c2 0x2f0007 0xdaf 0x38 0x513 0x330003 0x513 0x18 0x0 0x0 0x0 0x0 0x0 0x0 0x9 0x2 0x0 0x0 oops 2